/users/home/henningu/ATRAP/non-regular-insertion-encodable-bases/logs6
-----------------------------------------------------------------
Now processing 0132_0213_0231_1032_1320_3120

Attempt 0 with the following strategies:
Batch: all_cell_insertions, all_row_placements, all_column_placements
Equivalent: all_equivalent_row_placements, all_equivalent_column_placements
Inferral: empty_cell_inferral, row_and_column_separation, subclass_inferral
Recursive: components, reversibly_deletable_cells
Verification: subset_verified, is_empty
Doing depth 1
Doing depth 2
Doing depth 3
Doing depth 4
Doing depth 5
A proof tree has been found.
-----------------------------------------------------------------
Now processing 0132_0231_1032_1320_3021_3120

Attempt 0 with the following strategies:
Batch: all_cell_insertions, all_row_placements, all_column_placements
Equivalent: all_equivalent_row_placements, all_equivalent_column_placements
Inferral: empty_cell_inferral, row_and_column_separation, subclass_inferral
Recursive: components, reversibly_deletable_cells
Verification: subset_verified, is_empty
Doing depth 1
Doing depth 2
Doing depth 3
Doing depth 4
A proof tree has been found.
-----------------------------------------------------------------
Now processing 0213_0231_0321_1032_2031_3021

Attempt 0 with the following strategies:
Batch: all_cell_insertions, all_row_placements, all_column_placements
Equivalent: all_equivalent_row_placements, all_equivalent_column_placements
Inferral: empty_cell_inferral, row_and_column_separation, subclass_inferral
Recursive: components, reversibly_deletable_cells
Verification: subset_verified, is_empty
Doing depth 1
Doing depth 2
Doing depth 3
Doing depth 4
A proof tree has been found.
-----------------------------------------------------------------
Now processing 0132_0231_0312_1032_1302_3120

Attempt 0 with the following strategies:
Batch: all_cell_insertions, all_row_placements, all_column_placements
Equivalent: all_equivalent_row_placements, all_equivalent_column_placements
Inferral: empty_cell_inferral, row_and_column_separation, subclass_inferral
Recursive: components, reversibly_deletable_cells
Verification: subset_verified, is_empty
Doing depth 1
Doing depth 2
Doing depth 3
Doing depth 4
Doing depth 5
A proof tree has been found.
-----------------------------------------------------------------
Now processing 0213_0231_1032_1302_2301_3120

Attempt 0 with the following strategies:
Batch: all_cell_insertions, all_row_placements, all_column_placements
Equivalent: all_equivalent_row_placements, all_equivalent_column_placements
Inferral: empty_cell_inferral, row_and_column_separation, subclass_inferral
Recursive: components, reversibly_deletable_cells
Verification: subset_verified, is_empty
Doing depth 1
Doing depth 2
Doing depth 3
Doing depth 4
A proof tree has been found.
-----------------------------------------------------------------
Now processing 0132_0321_1032_1320_3021_3120

Attempt 0 with the following strategies:
Batch: all_cell_insertions, all_row_placements, all_column_placements
Equivalent: all_equivalent_row_placements, all_equivalent_column_placements
Inferral: empty_cell_inferral, row_and_column_separation, subclass_inferral
Recursive: components, reversibly_deletable_cells
Verification: subset_verified, is_empty
Doing depth 1
Doing depth 2
Doing depth 3
Doing depth 4
Doing depth 5
A proof tree has been found.
-----------------------------------------------------------------
Now processing 0213_0231_1230_1320_2031_2130

Attempt 0 with the following strategies:
Batch: all_cell_insertions, all_row_placements, all_column_placements
Equivalent: all_equivalent_row_placements, all_equivalent_column_placements
Inferral: empty_cell_inferral, row_and_column_separation, subclass_inferral
Recursive: components, reversibly_deletable_cells
Verification: subset_verified, is_empty
Doing depth 1
Doing depth 2
Doing depth 3
Doing depth 4
A proof tree has been found.
-----------------------------------------------------------------
Now processing 0132_0231_1032_1302_2031_3120

Attempt 0 with the following strategies:
Batch: all_cell_insertions, all_row_placements, all_column_placements
Equivalent: all_equivalent_row_placements, all_equivalent_column_placements
Inferral: empty_cell_inferral, row_and_column_separation, subclass_inferral
Recursive: components, reversibly_deletable_cells
Verification: subset_verified, is_empty
Doing depth 1
Doing depth 2
Doing depth 3
Doing depth 4
A proof tree has been found.
-----------------------------------------------------------------
Now processing 0123_0132_0213_0231_0312_1203

Attempt 0 with the following strategies:
Batch: all_cell_insertions, all_row_placements, all_column_placements
Equivalent: all_equivalent_row_placements, all_equivalent_column_placements
Inferral: empty_cell_inferral, row_and_column_separation, subclass_inferral
Recursive: components, reversibly_deletable_cells
Verification: subset_verified, is_empty
Doing depth 1
Doing depth 2
Doing depth 3
Doing depth 4
Doing depth 5
A proof tree has been found.
-----------------------------------------------------------------
Now processing 0132_0213_0321_1032_1320_3021

Attempt 0 with the following strategies:
Batch: all_cell_insertions, all_row_placements, all_column_placements
Equivalent: all_equivalent_row_placements, all_equivalent_column_placements
Inferral: empty_cell_inferral, row_and_column_separation, subclass_inferral
Recursive: components, reversibly_deletable_cells
Verification: subset_verified, is_empty
Doing depth 1
Doing depth 2
Doing depth 3
Doing depth 4
Doing depth 5
A proof tree has been found.
-----------------------------------------------------------------
Now processing 0132_0321_1032_1302_1320_3021

Attempt 0 with the following strategies:
Batch: all_cell_insertions, all_row_placements, all_column_placements
Equivalent: all_equivalent_row_placements, all_equivalent_column_placements
Inferral: empty_cell_inferral, row_and_column_separation, subclass_inferral
Recursive: components, reversibly_deletable_cells
Verification: subset_verified, is_empty
Doing depth 1
Doing depth 2
Doing depth 3
Doing depth 4
A proof tree has been found.
-----------------------------------------------------------------
Now processing 0123_0132_0231_1023_1230_2013

Attempt 0 with the following strategies:
Batch: all_cell_insertions, all_row_placements, all_column_placements
Equivalent: all_equivalent_row_placements, all_equivalent_column_placements
Inferral: empty_cell_inferral, row_and_column_separation, subclass_inferral
Recursive: components, reversibly_deletable_cells
Verification: subset_verified, is_empty
Doing depth 1
Doing depth 2
Doing depth 3
Doing depth 4
Doing depth 5
A proof tree has been found.
-----------------------------------------------------------------
Now processing 0132_0213_0231_0312_0321_2301

Attempt 0 with the following strategies:
Batch: all_cell_insertions, all_row_placements, all_column_placements
Equivalent: all_equivalent_row_placements, all_equivalent_column_placements
Inferral: empty_cell_inferral, row_and_column_separation, subclass_inferral
Recursive: components, reversibly_deletable_cells
Verification: subset_verified, is_empty
Doing depth 1
Doing depth 2
Doing depth 3
Doing depth 4
Doing depth 5
A proof tree has been found.
-----------------------------------------------------------------
Now processing 0132_0231_1032_1320_2031_3120

Attempt 0 with the following strategies:
Batch: all_cell_insertions, all_row_placements, all_column_placements
Equivalent: all_equivalent_row_placements, all_equivalent_column_placements
Inferral: empty_cell_inferral, row_and_column_separation, subclass_inferral
Recursive: components, reversibly_deletable_cells
Verification: subset_verified, is_empty
Doing depth 1
Doing depth 2
Doing depth 3
Doing depth 4
A proof tree has been found.
-----------------------------------------------------------------
Now processing 0132_0213_0231_0312_1023_1203

Attempt 0 with the following strategies:
Batch: all_cell_insertions, all_row_placements, all_column_placements
Equivalent: all_equivalent_row_placements, all_equivalent_column_placements
Inferral: empty_cell_inferral, row_and_column_separation, subclass_inferral
Recursive: components, reversibly_deletable_cells
Verification: subset_verified, is_empty
Doing depth 1
Doing depth 2
Doing depth 3
Doing depth 4
Doing depth 5
A proof tree has been found.
