/users/home/henningu/ATRAP/non-regular-insertion-encodable-bases/logs4
-----------------------------------------------------------------
Now processing 0123_0213_0231_0312

Attempt 0 with the following strategies:
Batch: all_row_and_column_insertions, all_point_isolations
Equivalent: all_equivalent_point_isolations
Inferral: empty_cell_inferral, row_and_column_separation, subclass_inferral
Recursive: components, reversibly_deletable_cells
Verification: subset_verified, is_empty
Doing depth 1
Doing depth 2
Doing depth 3
Doing depth 4
Doing depth 5
Ran out of time, without finding a proof tree

Attempt 1 with the following strategies:
Batch: all_cell_insertions, all_row_and_column_insertions, all_point_isolations
Equivalent: all_equivalent_point_isolations
Inferral: empty_cell_inferral, row_and_column_separation, subclass_inferral
Recursive: components, reversibly_deletable_cells
Verification: subset_verified, is_empty
Doing depth 1
Doing depth 2
Doing depth 3
Doing depth 4
Doing depth 5
Ran out of time, without finding a proof tree

Attempt 2 with the following strategies:
Batch: all_cell_insertions, all_row_and_column_insertions, all_point_isolations
Equivalent: all_equivalent_point_isolations, point_separation
Inferral: empty_cell_inferral, row_and_column_separation, subclass_inferral
Recursive: components, reversibly_deletable_cells
Verification: subset_verified, is_empty
Doing depth 1
Doing depth 2
Doing depth 3
Doing depth 4
Doing depth 5
Ran out of time, without finding a proof tree

Attempt 3 with the following strategies:
Batch: all_row_and_column_insertions, all_point_isolations
Equivalent: all_equivalent_point_isolations
Inferral: empty_cell_inferral, row_and_column_separation, subclass_inferral
Recursive: splittings
Verification: subset_verified, is_empty
Doing depth 1
Doing depth 2
Doing depth 3
Doing depth 4
Doing depth 5
Ran out of time, without finding a proof tree

Attempt 4 with the following strategies:
Batch: all_cell_insertions, all_row_and_column_insertions, all_point_isolations
Equivalent: all_equivalent_point_isolations
Inferral: empty_cell_inferral, row_and_column_separation, subclass_inferral
Recursive: splittings
Verification: subset_verified, is_empty
Doing depth 1
Doing depth 2
Doing depth 3
Doing depth 4
Doing depth 5
A proof tree has been found.
