/users/home/henningu/ATRAP/non-regular-insertion-encodable-bases/logs4
-----------------------------------------------------------------
Now processing 0132_0231_0321_1032

Attempt 0 with the following strategies:
Batch: all_cell_insertions, all_row_and_column_insertions, all_point_isolations
Equivalent: all_point_placements, all_equivalent_point_isolations, point_separation
Inferral: empty_cell_inferral, row_and_column_separation, subclass_inferral
Recursive: splittings
Verification: subset_verified, is_empty
Doing depth 1
Doing depth 2
Doing depth 3
Doing depth 4
Doing depth 5
Ran out of time, without finding a proof tree

Attempt 1 with the following strategies:
Batch: extreme_point_boundaries, all_cell_insertions, all_row_and_column_insertions, all_point_isolations
Equivalent: all_point_placements, all_equivalent_point_isolations, point_separation
Inferral: empty_cell_inferral, row_and_column_separation, subclass_inferral
Recursive: splittings
Verification: subset_verified, is_empty
Doing depth 1
Doing depth 2
Doing depth 3
Ran out of time, without finding a proof tree

Attempt 2 with the following strategies:
Batch: all_cell_insertions, all_minimum_row_placements
Equivalent: all_equivalent_minimum_row_placements
Inferral: empty_cell_inferral, row_and_column_separation, subclass_inferral
Recursive: 
Verification: subset_verified, is_empty
Doing depth 1
Doing depth 2
Doing depth 3
Doing depth 4
Doing depth 5
Doing depth 6
Doing depth 7
Doing depth 8
Doing depth 9
Doing depth 10
Doing depth 11
Doing depth 12
Doing depth 13
Doing depth 14
Doing depth 15
Doing depth 16
Doing depth 17
Doing depth 18
Doing depth 19
Ran out of time, without finding a proof tree

Attempt 3 with the following strategies:
Batch: all_cell_insertions, all_row_placements
Equivalent: all_equivalent_row_placements
Inferral: empty_cell_inferral, row_and_column_separation, subclass_inferral
Recursive: 
Verification: subset_verified, is_empty
Doing depth 1
Doing depth 2
Doing depth 3
Doing depth 4
Doing depth 5
Doing depth 6
Doing depth 7
Doing depth 8
Doing depth 9
Doing depth 10
Doing depth 11
Doing depth 12
Doing depth 13
Doing depth 14
Doing depth 15
Ran out of time, without finding a proof tree

Attempt 4 with the following strategies:
Batch: all_cell_insertions, all_leftmost_column_placements
Equivalent: all_equivalent_leftmost_column_placements
Inferral: empty_cell_inferral, row_and_column_separation, subclass_inferral
Recursive: 
Verification: subset_verified, is_empty
Doing depth 1
Doing depth 2
Doing depth 3
Doing depth 4
Doing depth 5
Doing depth 6
Doing depth 7
Doing depth 8
Doing depth 9
Doing depth 10
Doing depth 11
Doing depth 12
Doing depth 13
Doing depth 14
Doing depth 15
Doing depth 16
Doing depth 17
Ran out of time, without finding a proof tree

Attempt 5 with the following strategies:
Batch: all_cell_insertions, all_column_placements
Equivalent: all_equivalent_column_placements
Inferral: empty_cell_inferral, row_and_column_separation, subclass_inferral
Recursive: 
Verification: subset_verified, is_empty
Doing depth 1
Doing depth 2
Doing depth 3
Doing depth 4
Doing depth 5
Doing depth 6
Doing depth 7
Doing depth 8
Doing depth 9
Doing depth 10
Doing depth 11
Doing depth 12
Doing depth 13
Doing depth 14
Doing depth 15
Doing depth 16
Ran out of time, without finding a proof tree

Attempt 6 with the following strategies:
Batch: all_cell_insertions, all_row_placements, all_column_placements
Equivalent: all_equivalent_row_placements, all_equivalent_column_placements
Inferral: empty_cell_inferral, row_and_column_separation, subclass_inferral
Recursive: components, reversibly_deletable_cells
Verification: subset_verified, is_empty
Doing depth 1
Doing depth 2
Doing depth 3
Doing depth 4
Doing depth 5
Ran out of time, without finding a proof tree

Attempt 7 with the following strategies:
Batch: all_cell_insertions, all_row_and_column_insertions, all_point_isolations
Equivalent: all_point_placements, all_equivalent_point_isolations, point_separation
Inferral: empty_cell_inferral, row_and_column_separation, subclass_inferral
Recursive: 
Verification: subset_verified, is_empty
Doing depth 1
Doing depth 2
Doing depth 3
Doing depth 4
Doing depth 5
Ran out of time, without finding a proof tree

Attempt 8 with the following strategies:
Batch: all_row_and_column_insertions, all_point_isolations
Equivalent: all_equivalent_point_isolations
Inferral: empty_cell_inferral, row_and_column_separation, subclass_inferral
Recursive: components, reversibly_deletable_cells
Verification: subset_verified, is_empty
Doing depth 1
Doing depth 2
Doing depth 3
Doing depth 4
Doing depth 5
Ran out of time, without finding a proof tree

Attempt 9 with the following strategies:
Batch: all_cell_insertions, all_row_and_column_insertions, all_point_isolations
Equivalent: all_equivalent_point_isolations
Inferral: empty_cell_inferral, row_and_column_separation, subclass_inferral
Recursive: components, reversibly_deletable_cells
Verification: subset_verified, is_empty
Doing depth 1
Doing depth 2
Doing depth 3
Doing depth 4
Doing depth 5
Ran out of time, without finding a proof tree

Attempt 10 with the following strategies:
Batch: all_cell_insertions, all_row_and_column_insertions, all_point_isolations
Equivalent: all_equivalent_point_isolations, point_separation
Inferral: empty_cell_inferral, row_and_column_separation, subclass_inferral
Recursive: components, reversibly_deletable_cells
Verification: subset_verified, is_empty
Doing depth 1
Doing depth 2
Doing depth 3
Doing depth 4
Doing depth 5
Ran out of time, without finding a proof tree

Attempt 11 with the following strategies:
Batch: all_row_and_column_insertions, all_point_isolations
Equivalent: all_equivalent_point_isolations
Inferral: empty_cell_inferral, row_and_column_separation, subclass_inferral
Recursive: splittings
Verification: subset_verified, is_empty
Doing depth 1
Doing depth 2
Doing depth 3
Doing depth 4
Doing depth 5
A proof tree has been found.
