/users/home/henningu/ATRAP/non-regular-insertion-encodable-bases/logs4
-----------------------------------------------------------------
Now processing 0123_0132_0213_1230

Attempt 0 with the following strategies:
Batch: all_row_and_column_insertions, all_point_isolations
Equivalent: all_equivalent_point_isolations
Inferral: empty_cell_inferral, row_and_column_separation, subclass_inferral
Recursive: components, reversibly_deletable_cells
Verification: subset_verified, is_empty
Doing depth 1
Doing depth 2
Doing depth 3
Doing depth 4
A proof tree has been found.
-----------------------------------------------------------------
Now processing 0123_0132_1203_1230

Attempt 0 with the following strategies:
Batch: all_row_and_column_insertions, all_point_isolations
Equivalent: all_equivalent_point_isolations
Inferral: empty_cell_inferral, row_and_column_separation, subclass_inferral
Recursive: components, reversibly_deletable_cells
Verification: subset_verified, is_empty
Doing depth 1
Doing depth 2
Doing depth 3
Doing depth 4
A proof tree has been found.
