/users/home/henningu/ATRAP/non-regular-insertion-encodable-bases/logs_length1
Now processing 0123
Doing depth 1
We had 12 inferral cache hits and 9 partitioning cache hits
The partitioning cache has 0 tilings in it right now
The inferral cache has 14 tilings in it right now
There are 11 tilings in the search tree
Time taken so far is 0.04578232765197754 seconds

Doing depth 2
We had 159 inferral cache hits and 108 partitioning cache hits
The partitioning cache has 0 tilings in it right now
The inferral cache has 81 tilings in it right now
There are 66 tilings in the search tree
Time taken so far is 0.5729250907897949 seconds

Doing depth 3
We had 1227 inferral cache hits and 706 partitioning cache hits
The partitioning cache has 0 tilings in it right now
The inferral cache has 441 tilings in it right now
There are 358 tilings in the search tree
Time taken so far is 6.014954328536987 seconds

Doing depth 4
We had 10075 inferral cache hits and 3972 partitioning cache hits
The partitioning cache has 0 tilings in it right now
The inferral cache has 3412 tilings in it right now
There are 2175 tilings in the search tree
Time taken so far is 88.71129369735718 seconds

Now processing 0132
Doing depth 1
We had 12 inferral cache hits and 9 partitioning cache hits
The partitioning cache has 0 tilings in it right now
The inferral cache has 12 tilings in it right now
There are 11 tilings in the search tree
Time taken so far is 0.061892032623291016 seconds

Doing depth 2
We had 160 inferral cache hits and 108 partitioning cache hits
The partitioning cache has 0 tilings in it right now
The inferral cache has 78 tilings in it right now
There are 64 tilings in the search tree
Time taken so far is 0.613187313079834 seconds

Doing depth 3
We had 1322 inferral cache hits and 706 partitioning cache hits
The partitioning cache has 0 tilings in it right now
The inferral cache has 435 tilings in it right now
There are 366 tilings in the search tree
Time taken so far is 6.486683368682861 seconds

Doing depth 4
We had 12233 inferral cache hits and 4399 partitioning cache hits
The partitioning cache has 0 tilings in it right now
The inferral cache has 3679 tilings in it right now
There are 2510 tilings in the search tree
Time taken so far is 106.9446177482605 seconds

Now processing 0213
Doing depth 1
We had 12 inferral cache hits and 9 partitioning cache hits
The partitioning cache has 0 tilings in it right now
The inferral cache has 14 tilings in it right now
There are 11 tilings in the search tree
Time taken so far is 0.07081818580627441 seconds

Doing depth 2
We had 159 inferral cache hits and 108 partitioning cache hits
The partitioning cache has 0 tilings in it right now
The inferral cache has 85 tilings in it right now
There are 66 tilings in the search tree
Time taken so far is 0.657966136932373 seconds

Doing depth 3
We had 1403 inferral cache hits and 706 partitioning cache hits
The partitioning cache has 0 tilings in it right now
The inferral cache has 483 tilings in it right now
There are 394 tilings in the search tree
Time taken so far is 7.363849639892578 seconds

Doing depth 4
We had 13100 inferral cache hits and 4452 partitioning cache hits
The partitioning cache has 0 tilings in it right now
The inferral cache has 4026 tilings in it right now
There are 2679 tilings in the search tree
Time taken so far is 112.14078783988953 seconds

Now processing 0231
Doing depth 1
We had 12 inferral cache hits and 9 partitioning cache hits
The partitioning cache has 0 tilings in it right now
The inferral cache has 12 tilings in it right now
There are 11 tilings in the search tree
Time taken so far is 0.0712900161743164 seconds

Doing depth 2
We had 160 inferral cache hits and 108 partitioning cache hits
The partitioning cache has 0 tilings in it right now
The inferral cache has 79 tilings in it right now
There are 64 tilings in the search tree
Time taken so far is 0.6711509227752686 seconds

Doing depth 3
We had 1454 inferral cache hits and 706 partitioning cache hits
The partitioning cache has 0 tilings in it right now
The inferral cache has 465 tilings in it right now
There are 390 tilings in the search tree
Time taken so far is 8.049945831298828 seconds

Doing depth 4
We had 15893 inferral cache hits and 5033 partitioning cache hits
The partitioning cache has 0 tilings in it right now
The inferral cache has 4430 tilings in it right now
There are 3060 tilings in the search tree
Time taken so far is 134.4133701324463 seconds

Now processing 0321
Doing depth 1
We had 12 inferral cache hits and 9 partitioning cache hits
The partitioning cache has 0 tilings in it right now
The inferral cache has 12 tilings in it right now
There are 11 tilings in the search tree
Time taken so far is 0.05543231964111328 seconds

Doing depth 2
We had 160 inferral cache hits and 108 partitioning cache hits
The partitioning cache has 0 tilings in it right now
The inferral cache has 77 tilings in it right now
There are 64 tilings in the search tree
Time taken so far is 0.5789096355438232 seconds

Doing depth 3
We had 1322 inferral cache hits and 706 partitioning cache hits
The partitioning cache has 0 tilings in it right now
The inferral cache has 421 tilings in it right now
There are 364 tilings in the search tree
Time taken so far is 6.749311685562134 seconds

Doing depth 4
We had 12058 inferral cache hits and 4384 partitioning cache hits
The partitioning cache has 0 tilings in it right now
The inferral cache has 3464 tilings in it right now
There are 2445 tilings in the search tree
Time taken so far is 108.76391291618347 seconds

Now processing 1032
Doing depth 1
We had 12 inferral cache hits and 9 partitioning cache hits
The partitioning cache has 0 tilings in it right now
The inferral cache has 10 tilings in it right now
There are 11 tilings in the search tree
Time taken so far is 0.05144453048706055 seconds

Doing depth 2
We had 163 inferral cache hits and 108 partitioning cache hits
The partitioning cache has 0 tilings in it right now
The inferral cache has 71 tilings in it right now
There are 62 tilings in the search tree
Time taken so far is 0.5246951580047607 seconds

Doing depth 3
We had 1421 inferral cache hits and 706 partitioning cache hits
The partitioning cache has 0 tilings in it right now
The inferral cache has 411 tilings in it right now
There are 370 tilings in the search tree
Time taken so far is 6.696927070617676 seconds

Doing depth 4
We had 13532 inferral cache hits and 4616 partitioning cache hits
The partitioning cache has 0 tilings in it right now
The inferral cache has 3422 tilings in it right now
There are 2616 tilings in the search tree
Time taken so far is 117.36097049713135 seconds

Now processing 1302
Doing depth 1
We had 12 inferral cache hits and 9 partitioning cache hits
The partitioning cache has 0 tilings in it right now
The inferral cache has 10 tilings in it right now
There are 11 tilings in the search tree
Time taken so far is 0.05273246765136719 seconds

Doing depth 2
We had 163 inferral cache hits and 108 partitioning cache hits
The partitioning cache has 0 tilings in it right now
The inferral cache has 73 tilings in it right now
There are 62 tilings in the search tree
Time taken so far is 0.5470936298370361 seconds

Doing depth 3
We had 1775 inferral cache hits and 706 partitioning cache hits
The partitioning cache has 0 tilings in it right now
The inferral cache has 489 tilings in it right now
There are 434 tilings in the search tree
Time taken so far is 8.616490602493286 seconds

Doing depth 4
We had 23066 inferral cache hits and 6012 partitioning cache hits
The partitioning cache has 0 tilings in it right now
The inferral cache has 5304 tilings in it right now
There are 4029 tilings in the search tree
Time taken so far is 183.56338548660278 seconds

