/users/home/henningu/ATRAP/non-regular-insertion-encodable-bases/logs_length1
Now processing 0123
Doing depth 1
We had 0 inferral cache hits and 9 partitioning cache hits
The partitioning cache has 0 tilings in it right now
The inferral cache has 14 tilings in it right now
There are 11 tilings in the search tree
Time taken so far is 0.04309582710266113 seconds

Doing depth 2
We had 9 inferral cache hits and 108 partitioning cache hits
The partitioning cache has 0 tilings in it right now
The inferral cache has 113 tilings in it right now
There are 82 tilings in the search tree
Time taken so far is 0.7408092021942139 seconds

Doing depth 3
We had 125 inferral cache hits and 914 partitioning cache hits
The partitioning cache has 0 tilings in it right now
The inferral cache has 1479 tilings in it right now
There are 898 tilings in the search tree
Time taken so far is 18.45989680290222 seconds

Doing depth 4
We had 3342 inferral cache hits and 13024 partitioning cache hits
The partitioning cache has 0 tilings in it right now
The inferral cache has 36365 tilings in it right now
There are 18428 tilings in the search tree
Time taken so far is 908.4133291244507 seconds

Now processing 0132
Doing depth 1
We had 0 inferral cache hits and 9 partitioning cache hits
The partitioning cache has 0 tilings in it right now
The inferral cache has 12 tilings in it right now
There are 11 tilings in the search tree
Time taken so far is 0.04002022743225098 seconds

Doing depth 2
We had 10 inferral cache hits and 108 partitioning cache hits
The partitioning cache has 0 tilings in it right now
The inferral cache has 106 tilings in it right now
There are 80 tilings in the search tree
Time taken so far is 0.7177183628082275 seconds

Doing depth 3
We had 129 inferral cache hits and 914 partitioning cache hits
The partitioning cache has 0 tilings in it right now
The inferral cache has 1483 tilings in it right now
There are 906 tilings in the search tree
Time taken so far is 18.311222791671753 seconds

Doing depth 4
We had 3616 inferral cache hits and 13174 partitioning cache hits
The partitioning cache has 0 tilings in it right now
The inferral cache has 36943 tilings in it right now
There are 18823 tilings in the search tree
Time taken so far is 902.4459676742554 seconds

Now processing 0213
Doing depth 1
We had 0 inferral cache hits and 9 partitioning cache hits
The partitioning cache has 0 tilings in it right now
The inferral cache has 14 tilings in it right now
There are 11 tilings in the search tree
Time taken so far is 0.043558597564697266 seconds

Doing depth 2
We had 9 inferral cache hits and 108 partitioning cache hits
The partitioning cache has 0 tilings in it right now
The inferral cache has 117 tilings in it right now
There are 82 tilings in the search tree
Time taken so far is 0.758150577545166 seconds

Doing depth 3
We had 129 inferral cache hits and 914 partitioning cache hits
The partitioning cache has 0 tilings in it right now
The inferral cache has 1575 tilings in it right now
There are 934 tilings in the search tree
Time taken so far is 19.513664960861206 seconds

Doing depth 4
We had 3839 inferral cache hits and 13452 partitioning cache hits
The partitioning cache has 0 tilings in it right now
The inferral cache has 41994 tilings in it right now
There are 20217 tilings in the search tree
Time taken so far is 961.0170357227325 seconds

Now processing 0231
Doing depth 1
We had 0 inferral cache hits and 9 partitioning cache hits
The partitioning cache has 0 tilings in it right now
The inferral cache has 12 tilings in it right now
There are 11 tilings in the search tree
Time taken so far is 0.03926682472229004 seconds

Doing depth 2
We had 10 inferral cache hits and 108 partitioning cache hits
The partitioning cache has 0 tilings in it right now
The inferral cache has 107 tilings in it right now
There are 80 tilings in the search tree
Time taken so far is 0.7110986709594727 seconds

Doing depth 3
We had 131 inferral cache hits and 914 partitioning cache hits
The partitioning cache has 0 tilings in it right now
The inferral cache has 1514 tilings in it right now
There are 930 tilings in the search tree
Time taken so far is 19.460362195968628 seconds

Doing depth 4
We had 4215 inferral cache hits and 13654 partitioning cache hits
The partitioning cache has 0 tilings in it right now
The inferral cache has 39779 tilings in it right now
There are 20049 tilings in the search tree
Time taken so far is 936.467414855957 seconds

Now processing 0321
Doing depth 1
We had 0 inferral cache hits and 9 partitioning cache hits
The partitioning cache has 0 tilings in it right now
The inferral cache has 12 tilings in it right now
There are 11 tilings in the search tree
Time taken so far is 0.03906393051147461 seconds

Doing depth 2
We had 10 inferral cache hits and 108 partitioning cache hits
The partitioning cache has 0 tilings in it right now
The inferral cache has 105 tilings in it right now
There are 80 tilings in the search tree
Time taken so far is 0.7010495662689209 seconds

Doing depth 3
We had 127 inferral cache hits and 914 partitioning cache hits
The partitioning cache has 0 tilings in it right now
The inferral cache has 1407 tilings in it right now
There are 898 tilings in the search tree
Time taken so far is 18.691999435424805 seconds

Doing depth 4
We had 3753 inferral cache hits and 13110 partitioning cache hits
The partitioning cache has 0 tilings in it right now
The inferral cache has 34717 tilings in it right now
There are 18151 tilings in the search tree
Time taken so far is 854.8769578933716 seconds

Now processing 1032
Doing depth 1
We had 0 inferral cache hits and 9 partitioning cache hits
The partitioning cache has 0 tilings in it right now
The inferral cache has 10 tilings in it right now
There are 11 tilings in the search tree
Time taken so far is 0.03403735160827637 seconds

Doing depth 2
We had 13 inferral cache hits and 108 partitioning cache hits
The partitioning cache has 0 tilings in it right now
The inferral cache has 95 tilings in it right now
There are 78 tilings in the search tree
Time taken so far is 0.6801629066467285 seconds

Doing depth 3
We had 139 inferral cache hits and 914 partitioning cache hits
The partitioning cache has 0 tilings in it right now
The inferral cache has 1323 tilings in it right now
There are 898 tilings in the search tree
Time taken so far is 18.311674118041992 seconds

Doing depth 4
We had 4067 inferral cache hits and 13136 partitioning cache hits
The partitioning cache has 0 tilings in it right now
The inferral cache has 31307 tilings in it right now
There are 17633 tilings in the search tree
Time taken so far is 813.7259089946747 seconds

Now processing 1302
Doing depth 1
We had 0 inferral cache hits and 9 partitioning cache hits
The partitioning cache has 0 tilings in it right now
The inferral cache has 10 tilings in it right now
There are 11 tilings in the search tree
Time taken so far is 0.03335928916931152 seconds

Doing depth 2
We had 13 inferral cache hits and 108 partitioning cache hits
The partitioning cache has 0 tilings in it right now
The inferral cache has 97 tilings in it right now
There are 78 tilings in the search tree
Time taken so far is 0.6856534481048584 seconds

Doing depth 3
We had 126 inferral cache hits and 914 partitioning cache hits
The partitioning cache has 0 tilings in it right now
The inferral cache has 1393 tilings in it right now
There are 978 tilings in the search tree
Time taken so far is 19.538280963897705 seconds

Doing depth 4
We had 6047 inferral cache hits and 15041 partitioning cache hits
The partitioning cache has 0 tilings in it right now
The inferral cache has 36782 tilings in it right now
There are 22337 tilings in the search tree
Time taken so far is 1062.2031185626984 seconds

