/users/home/henningu/ATRAP/non-regular-insertion-encodable-bases/logs_length1
Now processing 0123
Doing depth 1
We had 0 inferral cache hits and 14 partitioning cache hits
The partitioning cache has 0 tilings in it right now
The inferral cache has 10 tilings in it right now
There are 7 tilings in the search tree
Time taken so far is 0.04895925521850586 seconds

Doing depth 2
We had 4 inferral cache hits and 195 partitioning cache hits
The partitioning cache has 8 tilings in it right now
The inferral cache has 50 tilings in it right now
There are 36 tilings in the search tree
Time taken so far is 0.4245765209197998 seconds

Doing depth 3
We had 12 inferral cache hits and 1135 partitioning cache hits
The partitioning cache has 86 tilings in it right now
The inferral cache has 200 tilings in it right now
There are 164 tilings in the search tree
Time taken so far is 3.2137579917907715 seconds

Doing depth 4
We had 300 inferral cache hits and 6065 partitioning cache hits
The partitioning cache has 206 tilings in it right now
The inferral cache has 1050 tilings in it right now
There are 718 tilings in the search tree
Time taken so far is 28.879963874816895 seconds

Doing depth 5
We had 1327 inferral cache hits and 38200 partitioning cache hits
The partitioning cache has 1879 tilings in it right now
The inferral cache has 6369 tilings in it right now
There are 4372 tilings in the search tree
Time taken so far is 278.11084032058716 seconds

Now processing 0132
Doing depth 1
We had 0 inferral cache hits and 14 partitioning cache hits
The partitioning cache has 0 tilings in it right now
The inferral cache has 8 tilings in it right now
There are 7 tilings in the search tree
Time taken so far is 0.027945995330810547 seconds

Doing depth 2
We had 5 inferral cache hits and 191 partitioning cache hits
The partitioning cache has 10 tilings in it right now
The inferral cache has 47 tilings in it right now
There are 34 tilings in the search tree
Time taken so far is 0.38192057609558105 seconds

Doing depth 3
We had 13 inferral cache hits and 1173 partitioning cache hits
The partitioning cache has 93 tilings in it right now
The inferral cache has 204 tilings in it right now
There are 168 tilings in the search tree
Time taken so far is 3.741668224334717 seconds

Doing depth 4
We had 331 inferral cache hits and 6930 partitioning cache hits
The partitioning cache has 321 tilings in it right now
The inferral cache has 1193 tilings in it right now
There are 862 tilings in the search tree
Time taken so far is 38.77887201309204 seconds

Doing depth 5
We had 2047 inferral cache hits and 49269 partitioning cache hits
The partitioning cache has 2500 tilings in it right now
The inferral cache has 8179 tilings in it right now
There are 5976 tilings in the search tree
Time taken so far is 455.24929308891296 seconds

Now processing 0213
Doing depth 1
We had 0 inferral cache hits and 14 partitioning cache hits
The partitioning cache has 0 tilings in it right now
The inferral cache has 10 tilings in it right now
There are 7 tilings in the search tree
Time taken so far is 0.03227734565734863 seconds

Doing depth 2
We had 4 inferral cache hits and 195 partitioning cache hits
The partitioning cache has 8 tilings in it right now
The inferral cache has 54 tilings in it right now
There are 36 tilings in the search tree
Time taken so far is 0.41196751594543457 seconds

Doing depth 3
We had 12 inferral cache hits and 1215 partitioning cache hits
The partitioning cache has 98 tilings in it right now
The inferral cache has 228 tilings in it right now
There are 184 tilings in the search tree
Time taken so far is 3.7904744148254395 seconds

Doing depth 4
We had 385 inferral cache hits and 7846 partitioning cache hits
The partitioning cache has 363 tilings in it right now
The inferral cache has 1426 tilings in it right now
There are 1022 tilings in the search tree
Time taken so far is 45.712648153305054 seconds

Doing depth 5
We had 2958 inferral cache hits and 62816 partitioning cache hits
The partitioning cache has 3057 tilings in it right now
The inferral cache has 11041 tilings in it right now
There are 7553 tilings in the search tree
Time taken so far is 623.7583134174347 seconds

Now processing 0231
Doing depth 1
We had 0 inferral cache hits and 14 partitioning cache hits
The partitioning cache has 0 tilings in it right now
The inferral cache has 8 tilings in it right now
There are 7 tilings in the search tree
Time taken so far is 0.028020143508911133 seconds

Doing depth 2
We had 5 inferral cache hits and 191 partitioning cache hits
The partitioning cache has 10 tilings in it right now
The inferral cache has 48 tilings in it right now
There are 34 tilings in the search tree
Time taken so far is 0.3581657409667969 seconds

Doing depth 3
We had 13 inferral cache hits and 1233 partitioning cache hits
The partitioning cache has 100 tilings in it right now
The inferral cache has 227 tilings in it right now
There are 180 tilings in the search tree
Time taken so far is 4.3215484619140625 seconds

Doing depth 4
We had 390 inferral cache hits and 8724 partitioning cache hits
The partitioning cache has 484 tilings in it right now
The inferral cache has 1538 tilings in it right now
There are 1084 tilings in the search tree
Time taken so far is 51.824819564819336 seconds

Doing depth 5
We had 3554 inferral cache hits and 75060 partitioning cache hits
The partitioning cache has 3941 tilings in it right now
The inferral cache has 12796 tilings in it right now
There are 8447 tilings in the search tree
Time taken so far is 807.1266548633575 seconds

Now processing 0321
Doing depth 1
We had 0 inferral cache hits and 14 partitioning cache hits
The partitioning cache has 0 tilings in it right now
The inferral cache has 8 tilings in it right now
There are 7 tilings in the search tree
Time taken so far is 0.027381420135498047 seconds

Doing depth 2
We had 5 inferral cache hits and 191 partitioning cache hits
The partitioning cache has 11 tilings in it right now
The inferral cache has 46 tilings in it right now
There are 34 tilings in the search tree
Time taken so far is 0.3362691402435303 seconds

Doing depth 3
We had 13 inferral cache hits and 1174 partitioning cache hits
The partitioning cache has 100 tilings in it right now
The inferral cache has 194 tilings in it right now
There are 166 tilings in the search tree
Time taken so far is 3.187324047088623 seconds

Doing depth 4
We had 340 inferral cache hits and 6840 partitioning cache hits
The partitioning cache has 375 tilings in it right now
The inferral cache has 1069 tilings in it right now
There are 811 tilings in the search tree
Time taken so far is 35.47545647621155 seconds

Doing depth 5
We had 2136 inferral cache hits and 45134 partitioning cache hits
The partitioning cache has 2616 tilings in it right now
The inferral cache has 7003 tilings in it right now
There are 5161 tilings in the search tree
Time taken so far is 388.86570382118225 seconds

Now processing 1032
Doing depth 1
We had 0 inferral cache hits and 14 partitioning cache hits
The partitioning cache has 0 tilings in it right now
The inferral cache has 6 tilings in it right now
There are 7 tilings in the search tree
Time taken so far is 0.021816492080688477 seconds

Doing depth 2
We had 8 inferral cache hits and 179 partitioning cache hits
The partitioning cache has 10 tilings in it right now
The inferral cache has 40 tilings in it right now
There are 31 tilings in the search tree
Time taken so far is 0.33176255226135254 seconds

Doing depth 3
We had 16 inferral cache hits and 1201 partitioning cache hits
The partitioning cache has 100 tilings in it right now
The inferral cache has 196 tilings in it right now
There are 167 tilings in the search tree
Time taken so far is 3.4732820987701416 seconds

Doing depth 4
We had 384 inferral cache hits and 7661 partitioning cache hits
The partitioning cache has 505 tilings in it right now
The inferral cache has 1158 tilings in it right now
There are 914 tilings in the search tree
Time taken so far is 43.04403305053711 seconds

Doing depth 5
We had 2983 inferral cache hits and 55169 partitioning cache hits
The partitioning cache has 3599 tilings in it right now
The inferral cache has 7792 tilings in it right now
There are 6112 tilings in the search tree
Time taken so far is 512.0925109386444 seconds

Now processing 1302
Doing depth 1
We had 0 inferral cache hits and 14 partitioning cache hits
The partitioning cache has 0 tilings in it right now
The inferral cache has 6 tilings in it right now
There are 7 tilings in the search tree
Time taken so far is 0.021949291229248047 seconds

Doing depth 2
We had 8 inferral cache hits and 179 partitioning cache hits
The partitioning cache has 8 tilings in it right now
The inferral cache has 42 tilings in it right now
There are 31 tilings in the search tree
Time taken so far is 0.3166217803955078 seconds

Doing depth 3
We had 16 inferral cache hits and 1359 partitioning cache hits
The partitioning cache has 108 tilings in it right now
The inferral cache has 250 tilings in it right now
There are 199 tilings in the search tree
Time taken so far is 4.3143980503082275 seconds

Doing depth 4
We had 522 inferral cache hits and 12728 partitioning cache hits
The partitioning cache has 848 tilings in it right now
The inferral cache has 2197 tilings in it right now
There are 1571 tilings in the search tree
Time taken so far is 82.22785377502441 seconds

Doing depth 5
We had 7715 inferral cache hits and 149336 partitioning cache hits
The partitioning cache has 8254 tilings in it right now
The inferral cache has 24162 tilings in it right now
There are 15944 tilings in the search tree
Time taken so far is 1837.0786991119385 seconds

