/users/home/henningu/ATRAP/non-regular-insertion-encodable-bases/logs_length1
Now processing 0123
Doing depth 1
We had 0 inferral cache hits and 14 partitioning cache hits
The partitioning cache has 0 tilings in it right now
The inferral cache has 10 tilings in it right now
There are 7 tilings in the search tree
Time taken so far is 0.027353763580322266 seconds

Doing depth 2
We had 4 inferral cache hits and 259 partitioning cache hits
The partitioning cache has 8 tilings in it right now
The inferral cache has 82 tilings in it right now
There are 52 tilings in the search tree
Time taken so far is 0.5841009616851807 seconds

Doing depth 3
We had 48 inferral cache hits and 4051 partitioning cache hits
The partitioning cache has 166 tilings in it right now
The inferral cache has 1240 tilings in it right now
There are 652 tilings in the search tree
Time taken so far is 19.677074432373047 seconds

Now processing 0132
Doing depth 1
We had 0 inferral cache hits and 14 partitioning cache hits
The partitioning cache has 0 tilings in it right now
The inferral cache has 8 tilings in it right now
There are 7 tilings in the search tree
Time taken so far is 0.03450369834899902 seconds

Doing depth 2
We had 5 inferral cache hits and 255 partitioning cache hits
The partitioning cache has 14 tilings in it right now
The inferral cache has 75 tilings in it right now
There are 50 tilings in the search tree
Time taken so far is 0.5474400520324707 seconds

Doing depth 3
We had 49 inferral cache hits and 4081 partitioning cache hits
The partitioning cache has 215 tilings in it right now
The inferral cache has 1236 tilings in it right now
There are 656 tilings in the search tree
Time taken so far is 19.24327778816223 seconds

Now processing 0213
Doing depth 1
We had 0 inferral cache hits and 14 partitioning cache hits
The partitioning cache has 0 tilings in it right now
The inferral cache has 10 tilings in it right now
There are 7 tilings in the search tree
Time taken so far is 0.02950310707092285 seconds

Doing depth 2
We had 4 inferral cache hits and 259 partitioning cache hits
The partitioning cache has 8 tilings in it right now
The inferral cache has 86 tilings in it right now
There are 52 tilings in the search tree
Time taken so far is 0.5907213687896729 seconds

Doing depth 3
We had 51 inferral cache hits and 4116 partitioning cache hits
The partitioning cache has 191 tilings in it right now
The inferral cache has 1320 tilings in it right now
There are 672 tilings in the search tree
Time taken so far is 19.882692098617554 seconds

Now processing 0231
Doing depth 1
We had 0 inferral cache hits and 14 partitioning cache hits
The partitioning cache has 0 tilings in it right now
The inferral cache has 8 tilings in it right now
There are 7 tilings in the search tree
Time taken so far is 0.046363115310668945 seconds

Doing depth 2
We had 5 inferral cache hits and 255 partitioning cache hits
The partitioning cache has 15 tilings in it right now
The inferral cache has 76 tilings in it right now
There are 50 tilings in the search tree
Time taken so far is 0.8485255241394043 seconds

Doing depth 3
We had 54 inferral cache hits and 4097 partitioning cache hits
The partitioning cache has 245 tilings in it right now
The inferral cache has 1247 tilings in it right now
There are 660 tilings in the search tree
Time taken so far is 19.968422174453735 seconds

Now processing 0321
Doing depth 1
We had 0 inferral cache hits and 14 partitioning cache hits
The partitioning cache has 0 tilings in it right now
The inferral cache has 8 tilings in it right now
There are 7 tilings in the search tree
Time taken so far is 0.022701025009155273 seconds

Doing depth 2
We had 5 inferral cache hits and 255 partitioning cache hits
The partitioning cache has 15 tilings in it right now
The inferral cache has 74 tilings in it right now
There are 50 tilings in the search tree
Time taken so far is 0.548513650894165 seconds

Doing depth 3
We had 51 inferral cache hits and 4033 partitioning cache hits
The partitioning cache has 250 tilings in it right now
The inferral cache has 1160 tilings in it right now
There are 648 tilings in the search tree
Time taken so far is 18.19506335258484 seconds

Now processing 1032
Doing depth 1
We had 0 inferral cache hits and 14 partitioning cache hits
The partitioning cache has 0 tilings in it right now
The inferral cache has 6 tilings in it right now
There are 7 tilings in the search tree
Time taken so far is 0.01821613311767578 seconds

Doing depth 2
We had 8 inferral cache hits and 243 partitioning cache hits
The partitioning cache has 18 tilings in it right now
The inferral cache has 64 tilings in it right now
There are 47 tilings in the search tree
Time taken so far is 0.49809694290161133 seconds

Doing depth 3
We had 62 inferral cache hits and 3977 partitioning cache hits
The partitioning cache has 283 tilings in it right now
The inferral cache has 1068 tilings in it right now
There are 644 tilings in the search tree
Time taken so far is 17.98776078224182 seconds

Now processing 1302
Doing depth 1
We had 0 inferral cache hits and 14 partitioning cache hits
The partitioning cache has 0 tilings in it right now
The inferral cache has 6 tilings in it right now
There are 7 tilings in the search tree
Time taken so far is 0.01888871192932129 seconds

Doing depth 2
We had 8 inferral cache hits and 243 partitioning cache hits
The partitioning cache has 16 tilings in it right now
The inferral cache has 66 tilings in it right now
There are 47 tilings in the search tree
Time taken so far is 0.5341718196868896 seconds

Doing depth 3
We had 50 inferral cache hits and 4167 partitioning cache hits
The partitioning cache has 306 tilings in it right now
The inferral cache has 1074 tilings in it right now
There are 659 tilings in the search tree
Time taken so far is 19.81383967399597 seconds

