/users/home/henningu/ATRAP/non-regular-insertion-encodable-bases/logs_length1
Now processing 0123
Doing depth 1
We had 0 inferral cache hits and 14 partitioning cache hits
The partitioning cache has 0 tilings in it right now
The inferral cache has 6 tilings in it right now
There are 5 tilings in the search tree
Time taken so far is 0.032205820083618164 seconds

Doing depth 2
We had 0 inferral cache hits and 81 partitioning cache hits
The partitioning cache has 4 tilings in it right now
The inferral cache has 14 tilings in it right now
There are 16 tilings in the search tree
Time taken so far is 0.12473797798156738 seconds

Doing depth 3
We had 2 inferral cache hits and 223 partitioning cache hits
The partitioning cache has 2 tilings in it right now
The inferral cache has 36 tilings in it right now
There are 34 tilings in the search tree
Time taken so far is 0.38881897926330566 seconds

Doing depth 4
We had 2 inferral cache hits and 311 partitioning cache hits
The partitioning cache has 0 tilings in it right now
The inferral cache has 52 tilings in it right now
There are 44 tilings in the search tree
Time taken so far is 0.9413223266601562 seconds

Doing depth 5
We had 4 inferral cache hits and 659 partitioning cache hits
The partitioning cache has 30 tilings in it right now
The inferral cache has 82 tilings in it right now
There are 84 tilings in the search tree
Time taken so far is 2.6742875576019287 seconds

Doing depth 6
We had 36 inferral cache hits and 1667 partitioning cache hits
The partitioning cache has 20 tilings in it right now
The inferral cache has 142 tilings in it right now
There are 163 tilings in the search tree
Time taken so far is 16.039732456207275 seconds

Doing depth 7
We had 36 inferral cache hits and 2813 partitioning cache hits
The partitioning cache has 6 tilings in it right now
The inferral cache has 334 tilings in it right now
There are 277 tilings in the search tree
Time taken so far is 59.35034155845642 seconds

Doing depth 8
We had 64 inferral cache hits and 7427 partitioning cache hits
The partitioning cache has 284 tilings in it right now
The inferral cache has 672 tilings in it right now
There are 747 tilings in the search tree
Time taken so far is 179.34028220176697 seconds

Now processing 0132
Doing depth 1
We had 0 inferral cache hits and 14 partitioning cache hits
The partitioning cache has 0 tilings in it right now
The inferral cache has 5 tilings in it right now
There are 5 tilings in the search tree
Time taken so far is 0.014402389526367188 seconds

Doing depth 2
We had 0 inferral cache hits and 81 partitioning cache hits
The partitioning cache has 4 tilings in it right now
The inferral cache has 13 tilings in it right now
There are 15 tilings in the search tree
Time taken so far is 0.07890057563781738 seconds

Doing depth 3
We had 2 inferral cache hits and 223 partitioning cache hits
The partitioning cache has 2 tilings in it right now
The inferral cache has 32 tilings in it right now
There are 31 tilings in the search tree
Time taken so far is 0.3359084129333496 seconds

Doing depth 4
We had 2 inferral cache hits and 311 partitioning cache hits
The partitioning cache has 3 tilings in it right now
The inferral cache has 45 tilings in it right now
There are 40 tilings in the search tree
Time taken so far is 0.9495542049407959 seconds

Doing depth 5
We had 4 inferral cache hits and 672 partitioning cache hits
The partitioning cache has 29 tilings in it right now
The inferral cache has 80 tilings in it right now
There are 77 tilings in the search tree
Time taken so far is 2.9912338256835938 seconds

Doing depth 6
We had 34 inferral cache hits and 1728 partitioning cache hits
The partitioning cache has 19 tilings in it right now
The inferral cache has 155 tilings in it right now
There are 149 tilings in the search tree
Time taken so far is 21.581787109375 seconds

Doing depth 7
We had 34 inferral cache hits and 2823 partitioning cache hits
The partitioning cache has 33 tilings in it right now
The inferral cache has 310 tilings in it right now
There are 251 tilings in the search tree
Time taken so far is 84.85517621040344 seconds

Doing depth 8
We had 62 inferral cache hits and 7496 partitioning cache hits
The partitioning cache has 270 tilings in it right now
The inferral cache has 702 tilings in it right now
There are 688 tilings in the search tree
Time taken so far is 240.4487657546997 seconds

Now processing 0213
Doing depth 1
We had 0 inferral cache hits and 14 partitioning cache hits
The partitioning cache has 0 tilings in it right now
The inferral cache has 6 tilings in it right now
There are 5 tilings in the search tree
Time taken so far is 0.019197463989257812 seconds

Doing depth 2
We had 0 inferral cache hits and 81 partitioning cache hits
The partitioning cache has 4 tilings in it right now
The inferral cache has 14 tilings in it right now
There are 16 tilings in the search tree
Time taken so far is 0.0965268611907959 seconds

Doing depth 3
We had 2 inferral cache hits and 223 partitioning cache hits
The partitioning cache has 2 tilings in it right now
The inferral cache has 36 tilings in it right now
There are 34 tilings in the search tree
Time taken so far is 0.3656027317047119 seconds

Doing depth 4
We had 2 inferral cache hits and 311 partitioning cache hits
The partitioning cache has 2 tilings in it right now
The inferral cache has 50 tilings in it right now
There are 44 tilings in the search tree
Time taken so far is 0.9821445941925049 seconds

Doing depth 5
We had 4 inferral cache hits and 661 partitioning cache hits
The partitioning cache has 30 tilings in it right now
The inferral cache has 80 tilings in it right now
There are 82 tilings in the search tree
Time taken so far is 2.969559907913208 seconds

Doing depth 6
We had 36 inferral cache hits and 1669 partitioning cache hits
The partitioning cache has 20 tilings in it right now
The inferral cache has 140 tilings in it right now
There are 153 tilings in the search tree
Time taken so far is 19.353671073913574 seconds

Doing depth 7
We had 36 inferral cache hits and 2815 partitioning cache hits
The partitioning cache has 28 tilings in it right now
The inferral cache has 305 tilings in it right now
There are 260 tilings in the search tree
Time taken so far is 76.74431467056274 seconds

Doing depth 8
We had 64 inferral cache hits and 7619 partitioning cache hits
The partitioning cache has 292 tilings in it right now
The inferral cache has 689 tilings in it right now
There are 714 tilings in the search tree
Time taken so far is 227.25966119766235 seconds

Now processing 0231
Doing depth 1
We had 0 inferral cache hits and 14 partitioning cache hits
The partitioning cache has 0 tilings in it right now
The inferral cache has 5 tilings in it right now
There are 5 tilings in the search tree
Time taken so far is 0.015839576721191406 seconds

Doing depth 2
We had 0 inferral cache hits and 81 partitioning cache hits
The partitioning cache has 4 tilings in it right now
The inferral cache has 13 tilings in it right now
There are 15 tilings in the search tree
Time taken so far is 0.08760619163513184 seconds

Doing depth 3
We had 2 inferral cache hits and 223 partitioning cache hits
The partitioning cache has 2 tilings in it right now
The inferral cache has 32 tilings in it right now
There are 31 tilings in the search tree
Time taken so far is 0.3800334930419922 seconds

Doing depth 4
We had 2 inferral cache hits and 311 partitioning cache hits
The partitioning cache has 4 tilings in it right now
The inferral cache has 44 tilings in it right now
There are 40 tilings in the search tree
Time taken so far is 1.0210084915161133 seconds

Doing depth 5
We had 4 inferral cache hits and 673 partitioning cache hits
The partitioning cache has 29 tilings in it right now
The inferral cache has 78 tilings in it right now
There are 77 tilings in the search tree
Time taken so far is 3.008326768875122 seconds

Doing depth 6
We had 36 inferral cache hits and 1717 partitioning cache hits
The partitioning cache has 19 tilings in it right now
The inferral cache has 146 tilings in it right now
There are 150 tilings in the search tree
Time taken so far is 23.18581485748291 seconds

Doing depth 7
We had 36 inferral cache hits and 2812 partitioning cache hits
The partitioning cache has 42 tilings in it right now
The inferral cache has 289 tilings in it right now
There are 249 tilings in the search tree
Time taken so far is 96.88003396987915 seconds

Doing depth 8
We had 68 inferral cache hits and 7560 partitioning cache hits
The partitioning cache has 274 tilings in it right now
The inferral cache has 692 tilings in it right now
There are 677 tilings in the search tree
Time taken so far is 265.8594250679016 seconds

Now processing 0321
Doing depth 1
We had 0 inferral cache hits and 14 partitioning cache hits
The partitioning cache has 0 tilings in it right now
The inferral cache has 5 tilings in it right now
There are 5 tilings in the search tree
Time taken so far is 0.016055822372436523 seconds

Doing depth 2
We had 0 inferral cache hits and 81 partitioning cache hits
The partitioning cache has 4 tilings in it right now
The inferral cache has 13 tilings in it right now
There are 15 tilings in the search tree
Time taken so far is 0.08718442916870117 seconds

Doing depth 3
We had 2 inferral cache hits and 223 partitioning cache hits
The partitioning cache has 2 tilings in it right now
The inferral cache has 32 tilings in it right now
There are 31 tilings in the search tree
Time taken so far is 0.4683201313018799 seconds

Doing depth 4
We had 2 inferral cache hits and 311 partitioning cache hits
The partitioning cache has 3 tilings in it right now
The inferral cache has 45 tilings in it right now
There are 40 tilings in the search tree
Time taken so far is 1.1355092525482178 seconds

Doing depth 5
We had 4 inferral cache hits and 672 partitioning cache hits
The partitioning cache has 29 tilings in it right now
The inferral cache has 79 tilings in it right now
There are 78 tilings in the search tree
Time taken so far is 3.405768394470215 seconds

Doing depth 6
We had 36 inferral cache hits and 1716 partitioning cache hits
The partitioning cache has 19 tilings in it right now
The inferral cache has 147 tilings in it right now
There are 153 tilings in the search tree
Time taken so far is 22.061198472976685 seconds

Doing depth 7
We had 36 inferral cache hits and 2811 partitioning cache hits
The partitioning cache has 32 tilings in it right now
The inferral cache has 303 tilings in it right now
There are 254 tilings in the search tree
Time taken so far is 89.5391743183136 seconds

Doing depth 8
We had 66 inferral cache hits and 7351 partitioning cache hits
The partitioning cache has 278 tilings in it right now
The inferral cache has 650 tilings in it right now
There are 674 tilings in the search tree
Time taken so far is 241.8626618385315 seconds

Now processing 1032
Doing depth 1
We had 0 inferral cache hits and 14 partitioning cache hits
The partitioning cache has 0 tilings in it right now
The inferral cache has 4 tilings in it right now
There are 5 tilings in the search tree
Time taken so far is 0.011243343353271484 seconds

Doing depth 2
We had 0 inferral cache hits and 81 partitioning cache hits
The partitioning cache has 4 tilings in it right now
The inferral cache has 12 tilings in it right now
There are 13 tilings in the search tree
Time taken so far is 0.06878066062927246 seconds

Doing depth 3
We had 2 inferral cache hits and 223 partitioning cache hits
The partitioning cache has 2 tilings in it right now
The inferral cache has 26 tilings in it right now
There are 27 tilings in the search tree
Time taken so far is 0.3346881866455078 seconds

Doing depth 4
We had 2 inferral cache hits and 311 partitioning cache hits
The partitioning cache has 6 tilings in it right now
The inferral cache has 36 tilings in it right now
There are 35 tilings in the search tree
Time taken so far is 1.1692297458648682 seconds

Doing depth 5
We had 4 inferral cache hits and 685 partitioning cache hits
The partitioning cache has 28 tilings in it right now
The inferral cache has 72 tilings in it right now
There are 72 tilings in the search tree
Time taken so far is 3.512101173400879 seconds

Doing depth 6
We had 36 inferral cache hits and 1693 partitioning cache hits
The partitioning cache has 19 tilings in it right now
The inferral cache has 125 tilings in it right now
There are 134 tilings in the search tree
Time taken so far is 25.29819083213806 seconds

Doing depth 7
We had 36 inferral cache hits and 2788 partitioning cache hits
The partitioning cache has 66 tilings in it right now
The inferral cache has 249 tilings in it right now
There are 230 tilings in the search tree
Time taken so far is 105.32488751411438 seconds

Doing depth 8
We had 64 inferral cache hits and 7502 partitioning cache hits
The partitioning cache has 276 tilings in it right now
The inferral cache has 609 tilings in it right now
There are 626 tilings in the search tree
Time taken so far is 277.4845404624939 seconds

Now processing 1302
Doing depth 1
We had 0 inferral cache hits and 14 partitioning cache hits
The partitioning cache has 0 tilings in it right now
The inferral cache has 4 tilings in it right now
There are 5 tilings in the search tree
Time taken so far is 0.0126190185546875 seconds

Doing depth 2
We had 0 inferral cache hits and 81 partitioning cache hits
The partitioning cache has 4 tilings in it right now
The inferral cache has 12 tilings in it right now
There are 13 tilings in the search tree
Time taken so far is 0.08308577537536621 seconds

Doing depth 3
We had 2 inferral cache hits and 223 partitioning cache hits
The partitioning cache has 2 tilings in it right now
The inferral cache has 26 tilings in it right now
There are 27 tilings in the search tree
Time taken so far is 0.38816142082214355 seconds

Doing depth 4
We had 2 inferral cache hits and 311 partitioning cache hits
The partitioning cache has 8 tilings in it right now
The inferral cache has 34 tilings in it right now
There are 35 tilings in the search tree
Time taken so far is 1.1521153450012207 seconds

Doing depth 5
We had 4 inferral cache hits and 707 partitioning cache hits
The partitioning cache has 26 tilings in it right now
The inferral cache has 76 tilings in it right now
There are 73 tilings in the search tree
Time taken so far is 3.911181926727295 seconds

Doing depth 6
We had 40 inferral cache hits and 1763 partitioning cache hits
The partitioning cache has 17 tilings in it right now
The inferral cache has 147 tilings in it right now
There are 142 tilings in the search tree
Time taken so far is 30.86659264564514 seconds

Doing depth 7
We had 40 inferral cache hits and 2756 partitioning cache hits
The partitioning cache has 74 tilings in it right now
The inferral cache has 237 tilings in it right now
There are 220 tilings in the search tree
Time taken so far is 131.39969444274902 seconds

Doing depth 8
We had 96 inferral cache hits and 7484 partitioning cache hits
The partitioning cache has 236 tilings in it right now
The inferral cache has 665 tilings in it right now
There are 608 tilings in the search tree
Time taken so far is 360.73619508743286 seconds

