/users/home/henningu/ATRAP/non-regular-insertion-encodable-bases/logs_length1
Now processing 0123
Doing depth 1
We had 0 inferral cache hits and 14 partitioning cache hits
The partitioning cache has 0 tilings in it right now
The inferral cache has 10 tilings in it right now
There are 7 tilings in the search tree
Time taken so far is 0.05141186714172363 seconds

Doing depth 2
We had 4 inferral cache hits and 259 partitioning cache hits
The partitioning cache has 8 tilings in it right now
The inferral cache has 82 tilings in it right now
There are 52 tilings in the search tree
Time taken so far is 0.7178237438201904 seconds

Doing depth 3
We had 48 inferral cache hits and 4051 partitioning cache hits
The partitioning cache has 166 tilings in it right now
The inferral cache has 1240 tilings in it right now
There are 652 tilings in the search tree
Time taken so far is 20.265209197998047 seconds

Now processing 0132
Doing depth 1
We had 0 inferral cache hits and 14 partitioning cache hits
The partitioning cache has 0 tilings in it right now
The inferral cache has 8 tilings in it right now
There are 7 tilings in the search tree
Time taken so far is 0.0334930419921875 seconds

Doing depth 2
We had 5 inferral cache hits and 255 partitioning cache hits
The partitioning cache has 14 tilings in it right now
The inferral cache has 75 tilings in it right now
There are 50 tilings in the search tree
Time taken so far is 0.5611457824707031 seconds

Doing depth 3
We had 51 inferral cache hits and 4071 partitioning cache hits
The partitioning cache has 213 tilings in it right now
The inferral cache has 1236 tilings in it right now
There are 656 tilings in the search tree
Time taken so far is 19.761217832565308 seconds

Now processing 0213
Doing depth 1
We had 0 inferral cache hits and 14 partitioning cache hits
The partitioning cache has 0 tilings in it right now
The inferral cache has 10 tilings in it right now
There are 7 tilings in the search tree
Time taken so far is 0.04307746887207031 seconds

Doing depth 2
We had 4 inferral cache hits and 259 partitioning cache hits
The partitioning cache has 8 tilings in it right now
The inferral cache has 86 tilings in it right now
There are 52 tilings in the search tree
Time taken so far is 0.6981141567230225 seconds

Doing depth 3
We had 50 inferral cache hits and 4121 partitioning cache hits
The partitioning cache has 192 tilings in it right now
The inferral cache has 1320 tilings in it right now
There are 672 tilings in the search tree
Time taken so far is 20.33936333656311 seconds

Now processing 0231
Doing depth 1
We had 0 inferral cache hits and 14 partitioning cache hits
The partitioning cache has 0 tilings in it right now
The inferral cache has 8 tilings in it right now
There are 7 tilings in the search tree
Time taken so far is 0.038561105728149414 seconds

Doing depth 2
We had 5 inferral cache hits and 255 partitioning cache hits
The partitioning cache has 15 tilings in it right now
The inferral cache has 76 tilings in it right now
There are 50 tilings in the search tree
Time taken so far is 0.6606640815734863 seconds

Doing depth 3
We had 51 inferral cache hits and 4111 partitioning cache hits
The partitioning cache has 247 tilings in it right now
The inferral cache has 1247 tilings in it right now
There are 660 tilings in the search tree
Time taken so far is 19.859278917312622 seconds

Now processing 0321
Doing depth 1
We had 0 inferral cache hits and 14 partitioning cache hits
The partitioning cache has 0 tilings in it right now
The inferral cache has 8 tilings in it right now
There are 7 tilings in the search tree
Time taken so far is 0.03821682929992676 seconds

Doing depth 2
We had 5 inferral cache hits and 255 partitioning cache hits
The partitioning cache has 15 tilings in it right now
The inferral cache has 74 tilings in it right now
There are 50 tilings in the search tree
Time taken so far is 0.6481204032897949 seconds

Doing depth 3
We had 51 inferral cache hits and 4032 partitioning cache hits
The partitioning cache has 250 tilings in it right now
The inferral cache has 1160 tilings in it right now
There are 648 tilings in the search tree
Time taken so far is 18.925631523132324 seconds

Now processing 1032
Doing depth 1
We had 0 inferral cache hits and 14 partitioning cache hits
The partitioning cache has 0 tilings in it right now
The inferral cache has 6 tilings in it right now
There are 7 tilings in the search tree
Time taken so far is 0.032964468002319336 seconds

Doing depth 2
We had 8 inferral cache hits and 243 partitioning cache hits
The partitioning cache has 18 tilings in it right now
The inferral cache has 64 tilings in it right now
There are 47 tilings in the search tree
Time taken so far is 0.6535854339599609 seconds

Doing depth 3
We had 60 inferral cache hits and 3981 partitioning cache hits
The partitioning cache has 285 tilings in it right now
The inferral cache has 1068 tilings in it right now
There are 644 tilings in the search tree
Time taken so far is 18.524169921875 seconds

Now processing 1302
Doing depth 1
We had 0 inferral cache hits and 14 partitioning cache hits
The partitioning cache has 0 tilings in it right now
The inferral cache has 6 tilings in it right now
There are 7 tilings in the search tree
Time taken so far is 0.028441667556762695 seconds

Doing depth 2
We had 8 inferral cache hits and 243 partitioning cache hits
The partitioning cache has 16 tilings in it right now
The inferral cache has 66 tilings in it right now
There are 47 tilings in the search tree
Time taken so far is 0.6135783195495605 seconds

Doing depth 3
We had 49 inferral cache hits and 4163 partitioning cache hits
The partitioning cache has 299 tilings in it right now
The inferral cache has 1074 tilings in it right now
There are 659 tilings in the search tree
Time taken so far is 20.620879411697388 seconds

