/users/home/henningu/ATRAP/non-regular-insertion-encodable-bases/logs_length1
Now processing 0123
Doing depth 1
We had 12 inferral cache hits and 9 partitioning cache hits
The partitioning cache has 0 tilings in it right now
The inferral cache has 14 tilings in it right now
There are 11 tilings in the search tree
Time taken so far is 0.051392316818237305 seconds

Doing depth 2
We had 159 inferral cache hits and 108 partitioning cache hits
The partitioning cache has 0 tilings in it right now
The inferral cache has 81 tilings in it right now
There are 66 tilings in the search tree
Time taken so far is 0.6132071018218994 seconds

Doing depth 3
We had 1227 inferral cache hits and 706 partitioning cache hits
The partitioning cache has 0 tilings in it right now
The inferral cache has 441 tilings in it right now
There are 358 tilings in the search tree
Time taken so far is 6.781870365142822 seconds

Doing depth 4
We had 10056 inferral cache hits and 3972 partitioning cache hits
The partitioning cache has 0 tilings in it right now
The inferral cache has 3412 tilings in it right now
There are 2175 tilings in the search tree
Time taken so far is 92.27240467071533 seconds

Doing depth 5
We had 13842 inferral cache hits and 15335 partitioning cache hits
The partitioning cache has 386 tilings in it right now
The inferral cache has 4363 tilings in it right now
There are 3144 tilings in the search tree
Time taken so far is 318.0634763240814 seconds

Now processing 0132
Doing depth 1
We had 12 inferral cache hits and 9 partitioning cache hits
The partitioning cache has 0 tilings in it right now
The inferral cache has 12 tilings in it right now
There are 11 tilings in the search tree
Time taken so far is 0.04114198684692383 seconds

Doing depth 2
We had 160 inferral cache hits and 108 partitioning cache hits
The partitioning cache has 0 tilings in it right now
The inferral cache has 78 tilings in it right now
There are 64 tilings in the search tree
Time taken so far is 0.5506401062011719 seconds

Doing depth 3
We had 1322 inferral cache hits and 706 partitioning cache hits
The partitioning cache has 0 tilings in it right now
The inferral cache has 435 tilings in it right now
There are 366 tilings in the search tree
Time taken so far is 6.279994964599609 seconds

Doing depth 4
We had 12242 inferral cache hits and 4399 partitioning cache hits
The partitioning cache has 0 tilings in it right now
The inferral cache has 3679 tilings in it right now
There are 2510 tilings in the search tree
Time taken so far is 105.84504318237305 seconds

Doing depth 5
We had 136351 inferral cache hits and 36378 partitioning cache hits
The partitioning cache has 0 tilings in it right now
The inferral cache has 35542 tilings in it right now
There are 22586 tilings in the search tree
Time taken so far is 2010.4165949821472 seconds

Now processing 0213
Doing depth 1
We had 12 inferral cache hits and 9 partitioning cache hits
The partitioning cache has 0 tilings in it right now
The inferral cache has 14 tilings in it right now
There are 11 tilings in the search tree
Time taken so far is 0.045394182205200195 seconds

Doing depth 2
We had 159 inferral cache hits and 108 partitioning cache hits
The partitioning cache has 0 tilings in it right now
The inferral cache has 85 tilings in it right now
There are 66 tilings in the search tree
Time taken so far is 0.5774681568145752 seconds

Doing depth 3
We had 1403 inferral cache hits and 706 partitioning cache hits
The partitioning cache has 0 tilings in it right now
The inferral cache has 483 tilings in it right now
There are 394 tilings in the search tree
Time taken so far is 5.812794208526611 seconds

Doing depth 4
We had 13076 inferral cache hits and 4452 partitioning cache hits
The partitioning cache has 0 tilings in it right now
The inferral cache has 4026 tilings in it right now
There are 2679 tilings in the search tree
Time taken so far is 93.73116183280945 seconds

Doing depth 5
We had 156926 inferral cache hits and 38546 partitioning cache hits
The partitioning cache has 0 tilings in it right now
The inferral cache has 40550 tilings in it right now
There are 25393 tilings in the search tree
Time taken so far is 2027.1472327709198 seconds

Now processing 0231
Doing depth 1
We had 12 inferral cache hits and 9 partitioning cache hits
The partitioning cache has 0 tilings in it right now
The inferral cache has 12 tilings in it right now
There are 11 tilings in the search tree
Time taken so far is 0.06444549560546875 seconds

Doing depth 2
We had 160 inferral cache hits and 108 partitioning cache hits
The partitioning cache has 0 tilings in it right now
The inferral cache has 79 tilings in it right now
There are 64 tilings in the search tree
Time taken so far is 0.6087453365325928 seconds

Doing depth 3
We had 1454 inferral cache hits and 706 partitioning cache hits
The partitioning cache has 0 tilings in it right now
The inferral cache has 465 tilings in it right now
There are 390 tilings in the search tree
Time taken so far is 6.595428228378296 seconds

Doing depth 4
We had 14900 inferral cache hits and 4778 partitioning cache hits
The partitioning cache has 0 tilings in it right now
The inferral cache has 4218 tilings in it right now
There are 2890 tilings in the search tree
Time taken so far is 121.43916654586792 seconds

Doing depth 5
We had 187507 inferral cache hits and 45239 partitioning cache hits
The partitioning cache has 0 tilings in it right now
The inferral cache has 45720 tilings in it right now
There are 28957 tilings in the search tree
Time taken so far is 2716.382779121399 seconds

Now processing 0321
Doing depth 1
We had 12 inferral cache hits and 9 partitioning cache hits
The partitioning cache has 0 tilings in it right now
The inferral cache has 12 tilings in it right now
There are 11 tilings in the search tree
Time taken so far is 0.06162548065185547 seconds

Doing depth 2
We had 160 inferral cache hits and 108 partitioning cache hits
The partitioning cache has 0 tilings in it right now
The inferral cache has 77 tilings in it right now
There are 64 tilings in the search tree
Time taken so far is 0.5756609439849854 seconds

Doing depth 3
We had 1322 inferral cache hits and 706 partitioning cache hits
The partitioning cache has 0 tilings in it right now
The inferral cache has 421 tilings in it right now
There are 364 tilings in the search tree
Time taken so far is 5.491175413131714 seconds

Doing depth 4
We had 11569 inferral cache hits and 4264 partitioning cache hits
The partitioning cache has 0 tilings in it right now
The inferral cache has 3370 tilings in it right now
There are 2357 tilings in the search tree
Time taken so far is 88.92089200019836 seconds

Doing depth 5
We had 126708 inferral cache hits and 34923 partitioning cache hits
The partitioning cache has 0 tilings in it right now
The inferral cache has 31810 tilings in it right now
There are 20826 tilings in the search tree
Time taken so far is 1735.0578134059906 seconds

Now processing 1032
Doing depth 1
We had 12 inferral cache hits and 9 partitioning cache hits
The partitioning cache has 0 tilings in it right now
The inferral cache has 10 tilings in it right now
There are 11 tilings in the search tree
Time taken so far is 0.046700477600097656 seconds

Doing depth 2
We had 163 inferral cache hits and 108 partitioning cache hits
The partitioning cache has 0 tilings in it right now
The inferral cache has 71 tilings in it right now
There are 62 tilings in the search tree
Time taken so far is 0.48636436462402344 seconds

Doing depth 3
We had 1421 inferral cache hits and 706 partitioning cache hits
The partitioning cache has 0 tilings in it right now
The inferral cache has 411 tilings in it right now
There are 370 tilings in the search tree
Time taken so far is 5.9257307052612305 seconds

Doing depth 4
We had 13264 inferral cache hits and 4556 partitioning cache hits
The partitioning cache has 0 tilings in it right now
The inferral cache has 3373 tilings in it right now
There are 2574 tilings in the search tree
Time taken so far is 111.60479259490967 seconds

Doing depth 5
We had 152444 inferral cache hits and 40534 partitioning cache hits
The partitioning cache has 0 tilings in it right now
The inferral cache has 33672 tilings in it right now
There are 23848 tilings in the search tree
Time taken so far is 2371.76841711998 seconds

Now processing 1302
Doing depth 1
We had 12 inferral cache hits and 9 partitioning cache hits
The partitioning cache has 0 tilings in it right now
The inferral cache has 10 tilings in it right now
There are 11 tilings in the search tree
Time taken so far is 0.061089515686035156 seconds

Doing depth 2
We had 163 inferral cache hits and 108 partitioning cache hits
The partitioning cache has 0 tilings in it right now
The inferral cache has 73 tilings in it right now
There are 62 tilings in the search tree
Time taken so far is 0.522878885269165 seconds

Doing depth 3
We had 1775 inferral cache hits and 706 partitioning cache hits
The partitioning cache has 0 tilings in it right now
The inferral cache has 489 tilings in it right now
There are 434 tilings in the search tree
Time taken so far is 10.080860376358032 seconds

Doing depth 4
We had 23127 inferral cache hits and 6012 partitioning cache hits
The partitioning cache has 0 tilings in it right now
The inferral cache has 5314 tilings in it right now
There are 4039 tilings in the search tree
Time taken so far is 182.1525423526764 seconds

Doing depth 5
We had 359358 inferral cache hits and 72419 partitioning cache hits
The partitioning cache has 0 tilings in it right now
The inferral cache has 71765 tilings in it right now
There are 49542 tilings in the search tree
Time taken so far is 5030.2691860198975 seconds

