/users/home/henningu/ATRAP/non-regular-insertion-encodable-bases/logs_length1
Now processing 0123
Doing depth 1
We had 0 inferral cache hits and 14 partitioning cache hits
The partitioning cache has 0 tilings in it right now
The inferral cache has 6 tilings in it right now
There are 5 tilings in the search tree
Time taken so far is 0.05545806884765625 seconds

Doing depth 2
We had 0 inferral cache hits and 81 partitioning cache hits
The partitioning cache has 4 tilings in it right now
The inferral cache has 14 tilings in it right now
There are 16 tilings in the search tree
Time taken so far is 0.2017505168914795 seconds

Doing depth 3
We had 2 inferral cache hits and 223 partitioning cache hits
The partitioning cache has 2 tilings in it right now
The inferral cache has 36 tilings in it right now
There are 34 tilings in the search tree
Time taken so far is 0.5246486663818359 seconds

Doing depth 4
We had 2 inferral cache hits and 311 partitioning cache hits
The partitioning cache has 0 tilings in it right now
The inferral cache has 52 tilings in it right now
There are 44 tilings in the search tree
Time taken so far is 1.0826454162597656 seconds

Doing depth 5
We had 4 inferral cache hits and 659 partitioning cache hits
The partitioning cache has 30 tilings in it right now
The inferral cache has 82 tilings in it right now
There are 84 tilings in the search tree
Time taken so far is 2.829496383666992 seconds

Doing depth 6
We had 36 inferral cache hits and 1667 partitioning cache hits
The partitioning cache has 20 tilings in it right now
The inferral cache has 142 tilings in it right now
There are 163 tilings in the search tree
Time taken so far is 14.995664596557617 seconds

Doing depth 7
We had 36 inferral cache hits and 2813 partitioning cache hits
The partitioning cache has 6 tilings in it right now
The inferral cache has 334 tilings in it right now
There are 277 tilings in the search tree
Time taken so far is 54.97582292556763 seconds

Doing depth 8
We had 64 inferral cache hits and 7427 partitioning cache hits
The partitioning cache has 284 tilings in it right now
The inferral cache has 672 tilings in it right now
There are 747 tilings in the search tree
Time taken so far is 167.46439814567566 seconds

Now processing 0132
Doing depth 1
We had 0 inferral cache hits and 14 partitioning cache hits
The partitioning cache has 0 tilings in it right now
The inferral cache has 5 tilings in it right now
There are 5 tilings in the search tree
Time taken so far is 0.021004438400268555 seconds

Doing depth 2
We had 0 inferral cache hits and 81 partitioning cache hits
The partitioning cache has 4 tilings in it right now
The inferral cache has 13 tilings in it right now
There are 15 tilings in the search tree
Time taken so far is 0.11593341827392578 seconds

Doing depth 3
We had 2 inferral cache hits and 223 partitioning cache hits
The partitioning cache has 2 tilings in it right now
The inferral cache has 32 tilings in it right now
There are 31 tilings in the search tree
Time taken so far is 0.45380330085754395 seconds

Doing depth 4
We had 2 inferral cache hits and 311 partitioning cache hits
The partitioning cache has 3 tilings in it right now
The inferral cache has 45 tilings in it right now
There are 40 tilings in the search tree
Time taken so far is 1.0713720321655273 seconds

Doing depth 5
We had 4 inferral cache hits and 672 partitioning cache hits
The partitioning cache has 29 tilings in it right now
The inferral cache has 80 tilings in it right now
There are 77 tilings in the search tree
Time taken so far is 3.0752696990966797 seconds

Doing depth 6
We had 34 inferral cache hits and 1728 partitioning cache hits
The partitioning cache has 19 tilings in it right now
The inferral cache has 155 tilings in it right now
There are 149 tilings in the search tree
Time taken so far is 19.77953314781189 seconds

Doing depth 7
We had 34 inferral cache hits and 2823 partitioning cache hits
The partitioning cache has 33 tilings in it right now
The inferral cache has 310 tilings in it right now
There are 251 tilings in the search tree
Time taken so far is 77.12662363052368 seconds

Doing depth 8
We had 62 inferral cache hits and 7496 partitioning cache hits
The partitioning cache has 272 tilings in it right now
The inferral cache has 702 tilings in it right now
There are 688 tilings in the search tree
Time taken so far is 216.5938138961792 seconds

Now processing 0213
Doing depth 1
We had 0 inferral cache hits and 14 partitioning cache hits
The partitioning cache has 0 tilings in it right now
The inferral cache has 6 tilings in it right now
There are 5 tilings in the search tree
Time taken so far is 0.03527259826660156 seconds

Doing depth 2
We had 0 inferral cache hits and 81 partitioning cache hits
The partitioning cache has 4 tilings in it right now
The inferral cache has 14 tilings in it right now
There are 16 tilings in the search tree
Time taken so far is 0.14472532272338867 seconds

Doing depth 3
We had 2 inferral cache hits and 223 partitioning cache hits
The partitioning cache has 2 tilings in it right now
The inferral cache has 36 tilings in it right now
There are 34 tilings in the search tree
Time taken so far is 0.40087890625 seconds

Doing depth 4
We had 2 inferral cache hits and 311 partitioning cache hits
The partitioning cache has 2 tilings in it right now
The inferral cache has 50 tilings in it right now
There are 44 tilings in the search tree
Time taken so far is 0.8691105842590332 seconds

Doing depth 5
We had 4 inferral cache hits and 661 partitioning cache hits
The partitioning cache has 30 tilings in it right now
The inferral cache has 80 tilings in it right now
There are 82 tilings in the search tree
Time taken so far is 2.67726993560791 seconds

Doing depth 6
We had 36 inferral cache hits and 1669 partitioning cache hits
The partitioning cache has 20 tilings in it right now
The inferral cache has 140 tilings in it right now
There are 153 tilings in the search tree
Time taken so far is 16.830018520355225 seconds

Doing depth 7
We had 36 inferral cache hits and 2815 partitioning cache hits
The partitioning cache has 28 tilings in it right now
The inferral cache has 305 tilings in it right now
There are 260 tilings in the search tree
Time taken so far is 67.8343415260315 seconds

Doing depth 8
We had 64 inferral cache hits and 7619 partitioning cache hits
The partitioning cache has 298 tilings in it right now
The inferral cache has 689 tilings in it right now
There are 714 tilings in the search tree
Time taken so far is 202.43229508399963 seconds

Now processing 0231
Doing depth 1
We had 0 inferral cache hits and 14 partitioning cache hits
The partitioning cache has 0 tilings in it right now
The inferral cache has 5 tilings in it right now
There are 5 tilings in the search tree
Time taken so far is 0.030938148498535156 seconds

Doing depth 2
We had 0 inferral cache hits and 81 partitioning cache hits
The partitioning cache has 4 tilings in it right now
The inferral cache has 13 tilings in it right now
There are 15 tilings in the search tree
Time taken so far is 0.13436293601989746 seconds

Doing depth 3
We had 2 inferral cache hits and 223 partitioning cache hits
The partitioning cache has 2 tilings in it right now
The inferral cache has 32 tilings in it right now
There are 31 tilings in the search tree
Time taken so far is 0.40642595291137695 seconds

Doing depth 4
We had 2 inferral cache hits and 311 partitioning cache hits
The partitioning cache has 4 tilings in it right now
The inferral cache has 44 tilings in it right now
There are 40 tilings in the search tree
Time taken so far is 0.9785327911376953 seconds

Doing depth 5
We had 4 inferral cache hits and 673 partitioning cache hits
The partitioning cache has 29 tilings in it right now
The inferral cache has 78 tilings in it right now
There are 77 tilings in the search tree
Time taken so far is 2.8840208053588867 seconds

Doing depth 6
We had 36 inferral cache hits and 1717 partitioning cache hits
The partitioning cache has 19 tilings in it right now
The inferral cache has 146 tilings in it right now
There are 150 tilings in the search tree
Time taken so far is 20.591212272644043 seconds

Doing depth 7
We had 36 inferral cache hits and 2812 partitioning cache hits
The partitioning cache has 42 tilings in it right now
The inferral cache has 289 tilings in it right now
There are 249 tilings in the search tree
Time taken so far is 86.10150480270386 seconds

Doing depth 8
We had 67 inferral cache hits and 7567 partitioning cache hits
The partitioning cache has 277 tilings in it right now
The inferral cache has 692 tilings in it right now
There are 677 tilings in the search tree
Time taken so far is 238.71914672851562 seconds

Now processing 0321
Doing depth 1
We had 0 inferral cache hits and 14 partitioning cache hits
The partitioning cache has 0 tilings in it right now
The inferral cache has 5 tilings in it right now
There are 5 tilings in the search tree
Time taken so far is 0.03323936462402344 seconds

Doing depth 2
We had 0 inferral cache hits and 81 partitioning cache hits
The partitioning cache has 4 tilings in it right now
The inferral cache has 13 tilings in it right now
There are 15 tilings in the search tree
Time taken so far is 0.14214515686035156 seconds

Doing depth 3
We had 2 inferral cache hits and 223 partitioning cache hits
The partitioning cache has 2 tilings in it right now
The inferral cache has 32 tilings in it right now
There are 31 tilings in the search tree
Time taken so far is 0.4136388301849365 seconds

Doing depth 4
We had 2 inferral cache hits and 311 partitioning cache hits
The partitioning cache has 3 tilings in it right now
The inferral cache has 45 tilings in it right now
There are 40 tilings in the search tree
Time taken so far is 0.9882550239562988 seconds

Doing depth 5
We had 4 inferral cache hits and 672 partitioning cache hits
The partitioning cache has 29 tilings in it right now
The inferral cache has 79 tilings in it right now
There are 78 tilings in the search tree
Time taken so far is 2.884129524230957 seconds

Doing depth 6
We had 36 inferral cache hits and 1716 partitioning cache hits
The partitioning cache has 19 tilings in it right now
The inferral cache has 147 tilings in it right now
There are 153 tilings in the search tree
Time taken so far is 19.399765729904175 seconds

Doing depth 7
We had 36 inferral cache hits and 2811 partitioning cache hits
The partitioning cache has 32 tilings in it right now
The inferral cache has 303 tilings in it right now
There are 254 tilings in the search tree
Time taken so far is 79.30015754699707 seconds

Doing depth 8
We had 66 inferral cache hits and 7351 partitioning cache hits
The partitioning cache has 278 tilings in it right now
The inferral cache has 650 tilings in it right now
There are 674 tilings in the search tree
Time taken so far is 218.58918023109436 seconds

Now processing 1032
Doing depth 1
We had 0 inferral cache hits and 14 partitioning cache hits
The partitioning cache has 0 tilings in it right now
The inferral cache has 4 tilings in it right now
There are 5 tilings in the search tree
Time taken so far is 0.02574324607849121 seconds

Doing depth 2
We had 0 inferral cache hits and 81 partitioning cache hits
The partitioning cache has 4 tilings in it right now
The inferral cache has 12 tilings in it right now
There are 13 tilings in the search tree
Time taken so far is 0.1311352252960205 seconds

Doing depth 3
We had 2 inferral cache hits and 223 partitioning cache hits
The partitioning cache has 2 tilings in it right now
The inferral cache has 26 tilings in it right now
There are 27 tilings in the search tree
Time taken so far is 0.414766788482666 seconds

Doing depth 4
We had 2 inferral cache hits and 311 partitioning cache hits
The partitioning cache has 6 tilings in it right now
The inferral cache has 36 tilings in it right now
There are 35 tilings in the search tree
Time taken so far is 1.096865177154541 seconds

Doing depth 5
We had 4 inferral cache hits and 685 partitioning cache hits
The partitioning cache has 28 tilings in it right now
The inferral cache has 72 tilings in it right now
There are 72 tilings in the search tree
Time taken so far is 3.2089905738830566 seconds

Doing depth 6
We had 36 inferral cache hits and 1693 partitioning cache hits
The partitioning cache has 19 tilings in it right now
The inferral cache has 125 tilings in it right now
There are 134 tilings in the search tree
Time taken so far is 22.453702926635742 seconds

Doing depth 7
We had 36 inferral cache hits and 2788 partitioning cache hits
The partitioning cache has 66 tilings in it right now
The inferral cache has 249 tilings in it right now
There are 230 tilings in the search tree
Time taken so far is 93.8740177154541 seconds

Doing depth 8
We had 64 inferral cache hits and 7502 partitioning cache hits
The partitioning cache has 276 tilings in it right now
The inferral cache has 609 tilings in it right now
There are 626 tilings in the search tree
Time taken so far is 249.45882487297058 seconds

Now processing 1302
Doing depth 1
We had 0 inferral cache hits and 14 partitioning cache hits
The partitioning cache has 0 tilings in it right now
The inferral cache has 4 tilings in it right now
There are 5 tilings in the search tree
Time taken so far is 0.02642989158630371 seconds

Doing depth 2
We had 0 inferral cache hits and 81 partitioning cache hits
The partitioning cache has 4 tilings in it right now
The inferral cache has 12 tilings in it right now
There are 13 tilings in the search tree
Time taken so far is 0.13450932502746582 seconds

Doing depth 3
We had 2 inferral cache hits and 223 partitioning cache hits
The partitioning cache has 2 tilings in it right now
The inferral cache has 26 tilings in it right now
There are 27 tilings in the search tree
Time taken so far is 0.41916751861572266 seconds

Doing depth 4
We had 2 inferral cache hits and 311 partitioning cache hits
The partitioning cache has 8 tilings in it right now
The inferral cache has 34 tilings in it right now
There are 35 tilings in the search tree
Time taken so far is 1.0979719161987305 seconds

Doing depth 5
We had 4 inferral cache hits and 707 partitioning cache hits
The partitioning cache has 26 tilings in it right now
The inferral cache has 76 tilings in it right now
There are 73 tilings in the search tree
Time taken so far is 3.5573136806488037 seconds

Doing depth 6
We had 40 inferral cache hits and 1763 partitioning cache hits
The partitioning cache has 17 tilings in it right now
The inferral cache has 147 tilings in it right now
There are 142 tilings in the search tree
Time taken so far is 27.367466926574707 seconds

Doing depth 7
We had 40 inferral cache hits and 2756 partitioning cache hits
The partitioning cache has 74 tilings in it right now
The inferral cache has 237 tilings in it right now
There are 220 tilings in the search tree
Time taken so far is 117.11356163024902 seconds

Doing depth 8
We had 96 inferral cache hits and 7484 partitioning cache hits
The partitioning cache has 236 tilings in it right now
The inferral cache has 665 tilings in it right now
There are 608 tilings in the search tree
Time taken so far is 325.37937664985657 seconds

