/users/home/henningu/ATRAP/non-regular-insertion-encodable-bases/logs_length5
Now processing 0123_0132_0213_0231_2301
Doing depth 1
We had 0 inferral cache hits and 0 partitioning cache hits
The partitioning cache has 0 tilings in it right now
The inferral cache has 6 tilings in it right now
There are 5 tilings in the search tree
Time taken so far is 0.014937162399291992 seconds

Doing depth 2
We had 0 inferral cache hits and 10 partitioning cache hits
The partitioning cache has 0 tilings in it right now
The inferral cache has 16 tilings in it right now
There are 13 tilings in the search tree
Time taken so far is 0.07300567626953125 seconds

Doing depth 3
We had 1 inferral cache hits and 30 partitioning cache hits
The partitioning cache has 0 tilings in it right now
The inferral cache has 42 tilings in it right now
There are 27 tilings in the search tree
Time taken so far is 0.19130206108093262 seconds

Doing depth 4
We had 1 inferral cache hits and 40 partitioning cache hits
The partitioning cache has 0 tilings in it right now
The inferral cache has 58 tilings in it right now
There are 35 tilings in the search tree
Time taken so far is 0.2745339870452881 seconds

Doing depth 5
We had 2 inferral cache hits and 341 partitioning cache hits
The partitioning cache has 0 tilings in it right now
The inferral cache has 114 tilings in it right now
There are 74 tilings in the search tree
Time taken so far is 0.7937378883361816 seconds

Now processing 0123_0132_0213_1023_1230
Doing depth 1
We had 0 inferral cache hits and 0 partitioning cache hits
The partitioning cache has 0 tilings in it right now
The inferral cache has 6 tilings in it right now
There are 5 tilings in the search tree
Time taken so far is 0.012155532836914062 seconds

Doing depth 2
We had 0 inferral cache hits and 10 partitioning cache hits
The partitioning cache has 0 tilings in it right now
The inferral cache has 14 tilings in it right now
There are 13 tilings in the search tree
Time taken so far is 0.05488300323486328 seconds

Doing depth 3
We had 2 inferral cache hits and 30 partitioning cache hits
The partitioning cache has 0 tilings in it right now
The inferral cache has 40 tilings in it right now
There are 27 tilings in the search tree
Time taken so far is 0.14787793159484863 seconds

Doing depth 4
We had 2 inferral cache hits and 40 partitioning cache hits
The partitioning cache has 0 tilings in it right now
The inferral cache has 56 tilings in it right now
There are 35 tilings in the search tree
Time taken so far is 0.23429512977600098 seconds

Doing depth 5
We had 4 inferral cache hits and 429 partitioning cache hits
The partitioning cache has 0 tilings in it right now
The inferral cache has 128 tilings in it right now
There are 81 tilings in the search tree
Time taken so far is 1.15922212600708 seconds

Now processing 0123_0132_0213_1023_2301
Doing depth 1
We had 0 inferral cache hits and 0 partitioning cache hits
The partitioning cache has 0 tilings in it right now
The inferral cache has 6 tilings in it right now
There are 5 tilings in the search tree
Time taken so far is 0.011779069900512695 seconds

Doing depth 2
We had 0 inferral cache hits and 10 partitioning cache hits
The partitioning cache has 0 tilings in it right now
The inferral cache has 16 tilings in it right now
There are 13 tilings in the search tree
Time taken so far is 0.0641624927520752 seconds

Doing depth 3
We had 0 inferral cache hits and 30 partitioning cache hits
The partitioning cache has 0 tilings in it right now
The inferral cache has 44 tilings in it right now
There are 27 tilings in the search tree
Time taken so far is 0.17096972465515137 seconds

Doing depth 4
We had 0 inferral cache hits and 40 partitioning cache hits
The partitioning cache has 0 tilings in it right now
The inferral cache has 60 tilings in it right now
There are 35 tilings in the search tree
Time taken so far is 0.2535593509674072 seconds

Doing depth 5
We had 1 inferral cache hits and 336 partitioning cache hits
The partitioning cache has 0 tilings in it right now
The inferral cache has 130 tilings in it right now
There are 77 tilings in the search tree
Time taken so far is 0.7309777736663818 seconds

Now processing 0123_0132_0213_1203_1230
Doing depth 1
We had 0 inferral cache hits and 0 partitioning cache hits
The partitioning cache has 0 tilings in it right now
The inferral cache has 6 tilings in it right now
There are 5 tilings in the search tree
Time taken so far is 0.011760711669921875 seconds

Doing depth 2
We had 0 inferral cache hits and 10 partitioning cache hits
The partitioning cache has 0 tilings in it right now
The inferral cache has 14 tilings in it right now
There are 13 tilings in the search tree
Time taken so far is 0.05539250373840332 seconds

Doing depth 3
We had 2 inferral cache hits and 30 partitioning cache hits
The partitioning cache has 0 tilings in it right now
The inferral cache has 40 tilings in it right now
There are 27 tilings in the search tree
Time taken so far is 0.1470797061920166 seconds

Doing depth 4
We had 2 inferral cache hits and 40 partitioning cache hits
The partitioning cache has 0 tilings in it right now
The inferral cache has 58 tilings in it right now
There are 35 tilings in the search tree
Time taken so far is 0.23908686637878418 seconds

Doing depth 5
We had 4 inferral cache hits and 427 partitioning cache hits
The partitioning cache has 0 tilings in it right now
The inferral cache has 105 tilings in it right now
There are 72 tilings in the search tree
Time taken so far is 1.001725435256958 seconds

Now processing 0123_0132_0213_1203_2013
Doing depth 1
We had 0 inferral cache hits and 0 partitioning cache hits
The partitioning cache has 0 tilings in it right now
The inferral cache has 6 tilings in it right now
There are 5 tilings in the search tree
Time taken so far is 0.011900901794433594 seconds

Doing depth 2
We had 0 inferral cache hits and 10 partitioning cache hits
The partitioning cache has 0 tilings in it right now
The inferral cache has 14 tilings in it right now
There are 13 tilings in the search tree
Time taken so far is 0.05971407890319824 seconds

Doing depth 3
We had 2 inferral cache hits and 30 partitioning cache hits
The partitioning cache has 0 tilings in it right now
The inferral cache has 39 tilings in it right now
There are 27 tilings in the search tree
Time taken so far is 0.15514039993286133 seconds

Doing depth 4
We had 2 inferral cache hits and 40 partitioning cache hits
The partitioning cache has 0 tilings in it right now
The inferral cache has 58 tilings in it right now
There are 35 tilings in the search tree
Time taken so far is 0.24989891052246094 seconds

Doing depth 5
We had 4 inferral cache hits and 454 partitioning cache hits
The partitioning cache has 0 tilings in it right now
The inferral cache has 109 tilings in it right now
There are 83 tilings in the search tree
Time taken so far is 1.2115681171417236 seconds

Now processing 0123_0132_0213_1203_3012
Doing depth 1
We had 0 inferral cache hits and 0 partitioning cache hits
The partitioning cache has 0 tilings in it right now
The inferral cache has 6 tilings in it right now
There are 5 tilings in the search tree
Time taken so far is 0.011951684951782227 seconds

Doing depth 2
We had 0 inferral cache hits and 10 partitioning cache hits
The partitioning cache has 0 tilings in it right now
The inferral cache has 14 tilings in it right now
There are 13 tilings in the search tree
Time taken so far is 0.055449724197387695 seconds

Doing depth 3
We had 2 inferral cache hits and 30 partitioning cache hits
The partitioning cache has 0 tilings in it right now
The inferral cache has 40 tilings in it right now
There are 27 tilings in the search tree
Time taken so far is 0.15051031112670898 seconds

Doing depth 4
We had 2 inferral cache hits and 40 partitioning cache hits
The partitioning cache has 0 tilings in it right now
The inferral cache has 59 tilings in it right now
There are 35 tilings in the search tree
Time taken so far is 0.236860990524292 seconds

Doing depth 5
We had 4 inferral cache hits and 399 partitioning cache hits
The partitioning cache has 0 tilings in it right now
The inferral cache has 144 tilings in it right now
There are 90 tilings in the search tree
Time taken so far is 1.2720489501953125 seconds

Now processing 0123_0132_0213_1230_2301
Doing depth 1
We had 0 inferral cache hits and 0 partitioning cache hits
The partitioning cache has 0 tilings in it right now
The inferral cache has 6 tilings in it right now
There are 5 tilings in the search tree
Time taken so far is 0.010759830474853516 seconds

Doing depth 2
We had 0 inferral cache hits and 10 partitioning cache hits
The partitioning cache has 0 tilings in it right now
The inferral cache has 15 tilings in it right now
There are 13 tilings in the search tree
Time taken so far is 0.05379199981689453 seconds

Doing depth 3
We had 2 inferral cache hits and 30 partitioning cache hits
The partitioning cache has 0 tilings in it right now
The inferral cache has 41 tilings in it right now
There are 27 tilings in the search tree
Time taken so far is 0.14983320236206055 seconds

Doing depth 4
We had 2 inferral cache hits and 40 partitioning cache hits
The partitioning cache has 0 tilings in it right now
The inferral cache has 57 tilings in it right now
There are 35 tilings in the search tree
Time taken so far is 0.22950196266174316 seconds

Doing depth 5
We had 4 inferral cache hits and 336 partitioning cache hits
The partitioning cache has 0 tilings in it right now
The inferral cache has 115 tilings in it right now
There are 75 tilings in the search tree
Time taken so far is 0.6560335159301758 seconds

Now processing 0123_0132_0213_1230_3012
Doing depth 1
We had 0 inferral cache hits and 0 partitioning cache hits
The partitioning cache has 0 tilings in it right now
The inferral cache has 6 tilings in it right now
There are 5 tilings in the search tree
Time taken so far is 0.011277198791503906 seconds

Doing depth 2
We had 0 inferral cache hits and 10 partitioning cache hits
The partitioning cache has 0 tilings in it right now
The inferral cache has 14 tilings in it right now
There are 13 tilings in the search tree
Time taken so far is 0.05144977569580078 seconds

Doing depth 3
We had 2 inferral cache hits and 30 partitioning cache hits
The partitioning cache has 0 tilings in it right now
The inferral cache has 39 tilings in it right now
There are 27 tilings in the search tree
Time taken so far is 0.1378920078277588 seconds

Doing depth 4
We had 2 inferral cache hits and 40 partitioning cache hits
The partitioning cache has 0 tilings in it right now
The inferral cache has 55 tilings in it right now
There are 35 tilings in the search tree
Time taken so far is 0.21671414375305176 seconds

Doing depth 5
We had 4 inferral cache hits and 357 partitioning cache hits
The partitioning cache has 0 tilings in it right now
The inferral cache has 133 tilings in it right now
There are 81 tilings in the search tree
Time taken so far is 0.9446563720703125 seconds

Now processing 0123_0132_1023_1230_2301
Doing depth 1
We had 0 inferral cache hits and 0 partitioning cache hits
The partitioning cache has 0 tilings in it right now
The inferral cache has 6 tilings in it right now
There are 5 tilings in the search tree
Time taken so far is 0.011021614074707031 seconds

Doing depth 2
We had 0 inferral cache hits and 10 partitioning cache hits
The partitioning cache has 0 tilings in it right now
The inferral cache has 15 tilings in it right now
There are 13 tilings in the search tree
Time taken so far is 0.055377960205078125 seconds

Doing depth 3
We had 2 inferral cache hits and 30 partitioning cache hits
The partitioning cache has 0 tilings in it right now
The inferral cache has 40 tilings in it right now
There are 27 tilings in the search tree
Time taken so far is 0.15178656578063965 seconds

Doing depth 4
We had 2 inferral cache hits and 40 partitioning cache hits
The partitioning cache has 0 tilings in it right now
The inferral cache has 56 tilings in it right now
There are 35 tilings in the search tree
Time taken so far is 0.23153090476989746 seconds

Doing depth 5
We had 11 inferral cache hits and 322 partitioning cache hits
The partitioning cache has 0 tilings in it right now
The inferral cache has 133 tilings in it right now
There are 91 tilings in the search tree
Time taken so far is 0.7616539001464844 seconds

Now processing 0123_0132_1023_1230_3012
Doing depth 1
We had 0 inferral cache hits and 0 partitioning cache hits
The partitioning cache has 0 tilings in it right now
The inferral cache has 6 tilings in it right now
There are 5 tilings in the search tree
Time taken so far is 0.011220932006835938 seconds

Doing depth 2
We had 0 inferral cache hits and 10 partitioning cache hits
The partitioning cache has 0 tilings in it right now
The inferral cache has 14 tilings in it right now
There are 13 tilings in the search tree
Time taken so far is 0.05245542526245117 seconds

Doing depth 3
We had 2 inferral cache hits and 30 partitioning cache hits
The partitioning cache has 0 tilings in it right now
The inferral cache has 38 tilings in it right now
There are 27 tilings in the search tree
Time taken so far is 0.13834404945373535 seconds

Doing depth 4
We had 2 inferral cache hits and 40 partitioning cache hits
The partitioning cache has 0 tilings in it right now
The inferral cache has 54 tilings in it right now
There are 35 tilings in the search tree
Time taken so far is 0.21673274040222168 seconds

Doing depth 5
We had 8 inferral cache hits and 344 partitioning cache hits
The partitioning cache has 0 tilings in it right now
The inferral cache has 146 tilings in it right now
There are 89 tilings in the search tree
Time taken so far is 1.112842321395874 seconds

Now processing 0123_0132_1230_2301_3012
Doing depth 1
We had 0 inferral cache hits and 0 partitioning cache hits
The partitioning cache has 0 tilings in it right now
The inferral cache has 6 tilings in it right now
There are 5 tilings in the search tree
Time taken so far is 0.011066198348999023 seconds

Doing depth 2
We had 0 inferral cache hits and 10 partitioning cache hits
The partitioning cache has 0 tilings in it right now
The inferral cache has 14 tilings in it right now
There are 13 tilings in the search tree
Time taken so far is 0.05411815643310547 seconds

Doing depth 3
We had 2 inferral cache hits and 30 partitioning cache hits
The partitioning cache has 0 tilings in it right now
The inferral cache has 37 tilings in it right now
There are 27 tilings in the search tree
Time taken so far is 0.1472928524017334 seconds

Doing depth 4
We had 2 inferral cache hits and 40 partitioning cache hits
The partitioning cache has 0 tilings in it right now
The inferral cache has 53 tilings in it right now
There are 35 tilings in the search tree
Time taken so far is 0.22748827934265137 seconds

Doing depth 5
We had 4 inferral cache hits and 322 partitioning cache hits
The partitioning cache has 0 tilings in it right now
The inferral cache has 105 tilings in it right now
There are 75 tilings in the search tree
Time taken so far is 0.6758496761322021 seconds

Now processing 0123_0213_1230_2301_3012
Doing depth 1
We had 0 inferral cache hits and 0 partitioning cache hits
The partitioning cache has 0 tilings in it right now
The inferral cache has 6 tilings in it right now
There are 5 tilings in the search tree
Time taken so far is 0.010994195938110352 seconds

Doing depth 2
We had 0 inferral cache hits and 10 partitioning cache hits
The partitioning cache has 0 tilings in it right now
The inferral cache has 14 tilings in it right now
There are 13 tilings in the search tree
Time taken so far is 0.05311441421508789 seconds

Doing depth 3
We had 2 inferral cache hits and 30 partitioning cache hits
The partitioning cache has 0 tilings in it right now
The inferral cache has 38 tilings in it right now
There are 27 tilings in the search tree
Time taken so far is 0.14255571365356445 seconds

Doing depth 4
We had 2 inferral cache hits and 40 partitioning cache hits
The partitioning cache has 0 tilings in it right now
The inferral cache has 54 tilings in it right now
There are 35 tilings in the search tree
Time taken so far is 0.22556424140930176 seconds

Doing depth 5
We had 12 inferral cache hits and 336 partitioning cache hits
The partitioning cache has 0 tilings in it right now
The inferral cache has 120 tilings in it right now
There are 89 tilings in the search tree
Time taken so far is 0.7155258655548096 seconds

Now processing 0123_0231_0312_1203_2013
Doing depth 1
We had 0 inferral cache hits and 0 partitioning cache hits
The partitioning cache has 0 tilings in it right now
The inferral cache has 6 tilings in it right now
There are 5 tilings in the search tree
Time taken so far is 0.01157689094543457 seconds

Doing depth 2
We had 0 inferral cache hits and 10 partitioning cache hits
The partitioning cache has 0 tilings in it right now
The inferral cache has 14 tilings in it right now
There are 13 tilings in the search tree
Time taken so far is 0.05405402183532715 seconds

Doing depth 3
We had 2 inferral cache hits and 30 partitioning cache hits
The partitioning cache has 0 tilings in it right now
The inferral cache has 40 tilings in it right now
There are 27 tilings in the search tree
Time taken so far is 0.1486372947692871 seconds

Doing depth 4
We had 2 inferral cache hits and 40 partitioning cache hits
The partitioning cache has 0 tilings in it right now
The inferral cache has 56 tilings in it right now
There are 35 tilings in the search tree
Time taken so far is 0.2274940013885498 seconds

Doing depth 5
We had 16 inferral cache hits and 308 partitioning cache hits
The partitioning cache has 0 tilings in it right now
The inferral cache has 166 tilings in it right now
There are 109 tilings in the search tree
Time taken so far is 1.0397305488586426 seconds

Now processing 0132_0213_0231_0312_3120
Doing depth 1
We had 0 inferral cache hits and 0 partitioning cache hits
The partitioning cache has 0 tilings in it right now
The inferral cache has 6 tilings in it right now
There are 5 tilings in the search tree
Time taken so far is 0.013952255249023438 seconds

Doing depth 2
We had 0 inferral cache hits and 14 partitioning cache hits
The partitioning cache has 0 tilings in it right now
The inferral cache has 15 tilings in it right now
There are 15 tilings in the search tree
Time taken so far is 0.07336783409118652 seconds

Doing depth 3
We had 1 inferral cache hits and 52 partitioning cache hits
The partitioning cache has 0 tilings in it right now
The inferral cache has 41 tilings in it right now
There are 31 tilings in the search tree
Time taken so far is 0.22542881965637207 seconds

Doing depth 4
We had 1 inferral cache hits and 73 partitioning cache hits
The partitioning cache has 0 tilings in it right now
The inferral cache has 60 tilings in it right now
There are 40 tilings in the search tree
Time taken so far is 0.43221092224121094 seconds

Doing depth 5
We had 3 inferral cache hits and 430 partitioning cache hits
The partitioning cache has 0 tilings in it right now
The inferral cache has 113 tilings in it right now
There are 81 tilings in the search tree
Time taken so far is 1.0409388542175293 seconds

Now processing 0132_0213_0231_0321_3120
Doing depth 1
We had 0 inferral cache hits and 0 partitioning cache hits
The partitioning cache has 0 tilings in it right now
The inferral cache has 6 tilings in it right now
There are 5 tilings in the search tree
Time taken so far is 0.012827634811401367 seconds

Doing depth 2
We had 0 inferral cache hits and 14 partitioning cache hits
The partitioning cache has 0 tilings in it right now
The inferral cache has 14 tilings in it right now
There are 15 tilings in the search tree
Time taken so far is 0.06280922889709473 seconds

Doing depth 3
We had 2 inferral cache hits and 52 partitioning cache hits
The partitioning cache has 0 tilings in it right now
The inferral cache has 40 tilings in it right now
There are 31 tilings in the search tree
Time taken so far is 0.21175670623779297 seconds

Doing depth 4
We had 2 inferral cache hits and 73 partitioning cache hits
The partitioning cache has 0 tilings in it right now
The inferral cache has 59 tilings in it right now
There are 42 tilings in the search tree
Time taken so far is 0.4406003952026367 seconds

Doing depth 5
We had 18 inferral cache hits and 886 partitioning cache hits
The partitioning cache has 0 tilings in it right now
The inferral cache has 138 tilings in it right now
There are 115 tilings in the search tree
Time taken so far is 1.3934993743896484 seconds

Now processing 0132_0213_0231_1230_2301
Doing depth 1
We had 0 inferral cache hits and 0 partitioning cache hits
The partitioning cache has 0 tilings in it right now
The inferral cache has 6 tilings in it right now
There are 5 tilings in the search tree
Time taken so far is 0.01104593276977539 seconds

Doing depth 2
We had 0 inferral cache hits and 10 partitioning cache hits
The partitioning cache has 0 tilings in it right now
The inferral cache has 14 tilings in it right now
There are 13 tilings in the search tree
Time taken so far is 0.05600118637084961 seconds

Doing depth 3
We had 2 inferral cache hits and 30 partitioning cache hits
The partitioning cache has 0 tilings in it right now
The inferral cache has 38 tilings in it right now
There are 27 tilings in the search tree
Time taken so far is 0.15595769882202148 seconds

Doing depth 4
We had 2 inferral cache hits and 40 partitioning cache hits
The partitioning cache has 0 tilings in it right now
The inferral cache has 55 tilings in it right now
There are 35 tilings in the search tree
Time taken so far is 0.2426741123199463 seconds

Doing depth 5
We had 7 inferral cache hits and 336 partitioning cache hits
The partitioning cache has 0 tilings in it right now
The inferral cache has 115 tilings in it right now
There are 83 tilings in the search tree
Time taken so far is 0.6997530460357666 seconds

Now processing 0132_0213_1023_1230_2301
Doing depth 1
We had 0 inferral cache hits and 0 partitioning cache hits
The partitioning cache has 0 tilings in it right now
The inferral cache has 6 tilings in it right now
There are 5 tilings in the search tree
Time taken so far is 0.011291980743408203 seconds

Doing depth 2
We had 0 inferral cache hits and 10 partitioning cache hits
The partitioning cache has 0 tilings in it right now
The inferral cache has 15 tilings in it right now
There are 13 tilings in the search tree
Time taken so far is 0.05610823631286621 seconds

Doing depth 3
We had 1 inferral cache hits and 30 partitioning cache hits
The partitioning cache has 0 tilings in it right now
The inferral cache has 42 tilings in it right now
There are 27 tilings in the search tree
Time taken so far is 0.15925908088684082 seconds

Doing depth 4
We had 1 inferral cache hits and 40 partitioning cache hits
The partitioning cache has 0 tilings in it right now
The inferral cache has 58 tilings in it right now
There are 35 tilings in the search tree
Time taken so far is 0.2441396713256836 seconds

Doing depth 5
We had 5 inferral cache hits and 322 partitioning cache hits
The partitioning cache has 0 tilings in it right now
The inferral cache has 139 tilings in it right now
There are 87 tilings in the search tree
Time taken so far is 0.7714300155639648 seconds

Now processing 0132_0213_1023_1230_3012
Doing depth 1
We had 0 inferral cache hits and 0 partitioning cache hits
The partitioning cache has 0 tilings in it right now
The inferral cache has 6 tilings in it right now
There are 5 tilings in the search tree
Time taken so far is 0.011489391326904297 seconds

Doing depth 2
We had 0 inferral cache hits and 10 partitioning cache hits
The partitioning cache has 0 tilings in it right now
The inferral cache has 16 tilings in it right now
There are 13 tilings in the search tree
Time taken so far is 0.053598880767822266 seconds

Doing depth 3
We had 1 inferral cache hits and 30 partitioning cache hits
The partitioning cache has 0 tilings in it right now
The inferral cache has 44 tilings in it right now
There are 27 tilings in the search tree
Time taken so far is 0.14539265632629395 seconds

Doing depth 4
We had 1 inferral cache hits and 40 partitioning cache hits
The partitioning cache has 0 tilings in it right now
The inferral cache has 60 tilings in it right now
There are 35 tilings in the search tree
Time taken so far is 0.22303986549377441 seconds

Doing depth 5
We had 3 inferral cache hits and 344 partitioning cache hits
The partitioning cache has 0 tilings in it right now
The inferral cache has 146 tilings in it right now
There are 81 tilings in the search tree
Time taken so far is 0.9441726207733154 seconds

Now processing 0132_0213_1203_1230_3012
Doing depth 1
We had 0 inferral cache hits and 0 partitioning cache hits
The partitioning cache has 0 tilings in it right now
The inferral cache has 6 tilings in it right now
There are 5 tilings in the search tree
Time taken so far is 0.011528730392456055 seconds

Doing depth 2
We had 0 inferral cache hits and 10 partitioning cache hits
The partitioning cache has 0 tilings in it right now
The inferral cache has 15 tilings in it right now
There are 13 tilings in the search tree
Time taken so far is 0.054195404052734375 seconds

Doing depth 3
We had 2 inferral cache hits and 30 partitioning cache hits
The partitioning cache has 0 tilings in it right now
The inferral cache has 42 tilings in it right now
There are 27 tilings in the search tree
Time taken so far is 0.14084649085998535 seconds

Doing depth 4
We had 2 inferral cache hits and 40 partitioning cache hits
The partitioning cache has 0 tilings in it right now
The inferral cache has 61 tilings in it right now
There are 35 tilings in the search tree
Time taken so far is 0.22023439407348633 seconds

Doing depth 5
We had 7 inferral cache hits and 375 partitioning cache hits
The partitioning cache has 0 tilings in it right now
The inferral cache has 163 tilings in it right now
There are 91 tilings in the search tree
Time taken so far is 1.0412333011627197 seconds

Now processing 0132_0213_1230_2301_3012
Doing depth 1
We had 0 inferral cache hits and 0 partitioning cache hits
The partitioning cache has 0 tilings in it right now
The inferral cache has 6 tilings in it right now
There are 5 tilings in the search tree
Time taken so far is 0.011024951934814453 seconds

Doing depth 2
We had 0 inferral cache hits and 10 partitioning cache hits
The partitioning cache has 0 tilings in it right now
The inferral cache has 15 tilings in it right now
There are 13 tilings in the search tree
Time taken so far is 0.055898427963256836 seconds

Doing depth 3
We had 2 inferral cache hits and 30 partitioning cache hits
The partitioning cache has 0 tilings in it right now
The inferral cache has 41 tilings in it right now
There are 27 tilings in the search tree
Time taken so far is 0.1524205207824707 seconds

Doing depth 4
We had 2 inferral cache hits and 40 partitioning cache hits
The partitioning cache has 0 tilings in it right now
The inferral cache has 57 tilings in it right now
There are 35 tilings in the search tree
Time taken so far is 0.23549389839172363 seconds

Doing depth 5
We had 12 inferral cache hits and 322 partitioning cache hits
The partitioning cache has 0 tilings in it right now
The inferral cache has 131 tilings in it right now
There are 91 tilings in the search tree
Time taken so far is 0.7455465793609619 seconds

Now processing 0132_0231_0312_0321_3120
Doing depth 1
We had 0 inferral cache hits and 0 partitioning cache hits
The partitioning cache has 0 tilings in it right now
The inferral cache has 6 tilings in it right now
There are 5 tilings in the search tree
Time taken so far is 0.013972997665405273 seconds

Doing depth 2
We had 0 inferral cache hits and 14 partitioning cache hits
The partitioning cache has 0 tilings in it right now
The inferral cache has 15 tilings in it right now
There are 15 tilings in the search tree
Time taken so far is 0.06979775428771973 seconds

Doing depth 3
We had 1 inferral cache hits and 52 partitioning cache hits
The partitioning cache has 0 tilings in it right now
The inferral cache has 40 tilings in it right now
There are 31 tilings in the search tree
Time taken so far is 0.23073124885559082 seconds

Doing depth 4
We had 1 inferral cache hits and 73 partitioning cache hits
The partitioning cache has 0 tilings in it right now
The inferral cache has 60 tilings in it right now
There are 42 tilings in the search tree
Time taken so far is 0.4536886215209961 seconds

Doing depth 5
We had 12 inferral cache hits and 876 partitioning cache hits
The partitioning cache has 0 tilings in it right now
The inferral cache has 140 tilings in it right now
There are 116 tilings in the search tree
Time taken so far is 1.4719974994659424 seconds

Now processing 0132_0231_0312_1032_3120
Doing depth 1
We had 0 inferral cache hits and 0 partitioning cache hits
The partitioning cache has 0 tilings in it right now
The inferral cache has 6 tilings in it right now
There are 5 tilings in the search tree
Time taken so far is 0.011786222457885742 seconds

Doing depth 2
We had 0 inferral cache hits and 10 partitioning cache hits
The partitioning cache has 0 tilings in it right now
The inferral cache has 15 tilings in it right now
There are 13 tilings in the search tree
Time taken so far is 0.05662965774536133 seconds

Doing depth 3
We had 1 inferral cache hits and 30 partitioning cache hits
The partitioning cache has 0 tilings in it right now
The inferral cache has 40 tilings in it right now
There are 27 tilings in the search tree
Time taken so far is 0.1606888771057129 seconds

Doing depth 4
We had 1 inferral cache hits and 40 partitioning cache hits
The partitioning cache has 0 tilings in it right now
The inferral cache has 62 tilings in it right now
There are 37 tilings in the search tree
Time taken so far is 0.2495412826538086 seconds

Doing depth 5
We had 3 inferral cache hits and 339 partitioning cache hits
The partitioning cache has 0 tilings in it right now
The inferral cache has 126 tilings in it right now
There are 80 tilings in the search tree
Time taken so far is 0.7436437606811523 seconds

Now processing 0132_0231_0312_1203_2013
Doing depth 1
We had 0 inferral cache hits and 0 partitioning cache hits
The partitioning cache has 0 tilings in it right now
The inferral cache has 6 tilings in it right now
There are 5 tilings in the search tree
Time taken so far is 0.011360406875610352 seconds

Doing depth 2
We had 0 inferral cache hits and 10 partitioning cache hits
The partitioning cache has 0 tilings in it right now
The inferral cache has 14 tilings in it right now
There are 13 tilings in the search tree
Time taken so far is 0.055442094802856445 seconds

Doing depth 3
We had 2 inferral cache hits and 30 partitioning cache hits
The partitioning cache has 0 tilings in it right now
The inferral cache has 39 tilings in it right now
There are 27 tilings in the search tree
Time taken so far is 0.14856696128845215 seconds

Doing depth 4
We had 2 inferral cache hits and 40 partitioning cache hits
The partitioning cache has 0 tilings in it right now
The inferral cache has 57 tilings in it right now
There are 35 tilings in the search tree
Time taken so far is 0.23700666427612305 seconds

Doing depth 5
We had 9 inferral cache hits and 297 partitioning cache hits
The partitioning cache has 0 tilings in it right now
The inferral cache has 168 tilings in it right now
There are 98 tilings in the search tree
Time taken so far is 1.0169997215270996 seconds

Now processing 0132_0231_0321_1032_3120
Doing depth 1
We had 0 inferral cache hits and 0 partitioning cache hits
The partitioning cache has 0 tilings in it right now
The inferral cache has 6 tilings in it right now
There are 5 tilings in the search tree
Time taken so far is 0.011992216110229492 seconds

Doing depth 2
We had 0 inferral cache hits and 10 partitioning cache hits
The partitioning cache has 0 tilings in it right now
The inferral cache has 14 tilings in it right now
There are 13 tilings in the search tree
Time taken so far is 0.0569612979888916 seconds

Doing depth 3
We had 2 inferral cache hits and 30 partitioning cache hits
The partitioning cache has 0 tilings in it right now
The inferral cache has 39 tilings in it right now
There are 27 tilings in the search tree
Time taken so far is 0.15831232070922852 seconds

Doing depth 4
We had 2 inferral cache hits and 40 partitioning cache hits
The partitioning cache has 0 tilings in it right now
The inferral cache has 58 tilings in it right now
There are 35 tilings in the search tree
Time taken so far is 0.24599051475524902 seconds

Doing depth 5
We had 3 inferral cache hits and 505 partitioning cache hits
The partitioning cache has 0 tilings in it right now
The inferral cache has 106 tilings in it right now
There are 79 tilings in the search tree
Time taken so far is 0.7649726867675781 seconds

Now processing 0132_0231_1023_1203_2301
Doing depth 1
We had 0 inferral cache hits and 0 partitioning cache hits
The partitioning cache has 0 tilings in it right now
The inferral cache has 6 tilings in it right now
There are 5 tilings in the search tree
Time taken so far is 0.011173009872436523 seconds

Doing depth 2
We had 0 inferral cache hits and 10 partitioning cache hits
The partitioning cache has 0 tilings in it right now
The inferral cache has 15 tilings in it right now
There are 13 tilings in the search tree
Time taken so far is 0.057976722717285156 seconds

Doing depth 3
We had 1 inferral cache hits and 30 partitioning cache hits
The partitioning cache has 0 tilings in it right now
The inferral cache has 40 tilings in it right now
There are 27 tilings in the search tree
Time taken so far is 0.16093206405639648 seconds

Doing depth 4
We had 1 inferral cache hits and 40 partitioning cache hits
The partitioning cache has 0 tilings in it right now
The inferral cache has 58 tilings in it right now
There are 35 tilings in the search tree
Time taken so far is 0.24326443672180176 seconds

Doing depth 5
We had 8 inferral cache hits and 317 partitioning cache hits
The partitioning cache has 0 tilings in it right now
The inferral cache has 144 tilings in it right now
There are 93 tilings in the search tree
Time taken so far is 0.8429615497589111 seconds

Now processing 0132_0231_1023_1203_3012
Doing depth 1
We had 0 inferral cache hits and 0 partitioning cache hits
The partitioning cache has 0 tilings in it right now
The inferral cache has 6 tilings in it right now
There are 5 tilings in the search tree
Time taken so far is 0.011665105819702148 seconds

Doing depth 2
We had 0 inferral cache hits and 10 partitioning cache hits
The partitioning cache has 0 tilings in it right now
The inferral cache has 15 tilings in it right now
There are 13 tilings in the search tree
Time taken so far is 0.05590415000915527 seconds

Doing depth 3
We had 2 inferral cache hits and 30 partitioning cache hits
The partitioning cache has 0 tilings in it right now
The inferral cache has 40 tilings in it right now
There are 27 tilings in the search tree
Time taken so far is 0.15628838539123535 seconds

Doing depth 4
We had 2 inferral cache hits and 40 partitioning cache hits
The partitioning cache has 0 tilings in it right now
The inferral cache has 58 tilings in it right now
There are 35 tilings in the search tree
Time taken so far is 0.23284697532653809 seconds

Doing depth 5
We had 8 inferral cache hits and 341 partitioning cache hits
The partitioning cache has 0 tilings in it right now
The inferral cache has 133 tilings in it right now
There are 91 tilings in the search tree
Time taken so far is 0.8409318923950195 seconds

Now processing 0132_0231_1023_1230_2013
Doing depth 1
We had 0 inferral cache hits and 0 partitioning cache hits
The partitioning cache has 0 tilings in it right now
The inferral cache has 6 tilings in it right now
There are 5 tilings in the search tree
Time taken so far is 0.011558055877685547 seconds

Doing depth 2
We had 0 inferral cache hits and 10 partitioning cache hits
The partitioning cache has 0 tilings in it right now
The inferral cache has 15 tilings in it right now
There are 13 tilings in the search tree
Time taken so far is 0.05577349662780762 seconds

Doing depth 3
We had 1 inferral cache hits and 30 partitioning cache hits
The partitioning cache has 0 tilings in it right now
The inferral cache has 42 tilings in it right now
There are 27 tilings in the search tree
Time taken so far is 0.15473270416259766 seconds

Doing depth 4
We had 1 inferral cache hits and 40 partitioning cache hits
The partitioning cache has 0 tilings in it right now
The inferral cache has 59 tilings in it right now
There are 35 tilings in the search tree
Time taken so far is 0.24068903923034668 seconds

Doing depth 5
We had 10 inferral cache hits and 394 partitioning cache hits
The partitioning cache has 0 tilings in it right now
The inferral cache has 138 tilings in it right now
There are 97 tilings in the search tree
Time taken so far is 1.0846593379974365 seconds

Now processing 0132_0231_1023_1230_2301
Doing depth 1
We had 0 inferral cache hits and 0 partitioning cache hits
The partitioning cache has 0 tilings in it right now
The inferral cache has 6 tilings in it right now
There are 5 tilings in the search tree
Time taken so far is 0.016130447387695312 seconds

Doing depth 2
We had 0 inferral cache hits and 10 partitioning cache hits
The partitioning cache has 0 tilings in it right now
The inferral cache has 15 tilings in it right now
There are 13 tilings in the search tree
Time taken so far is 0.06186032295227051 seconds

Doing depth 3
We had 1 inferral cache hits and 30 partitioning cache hits
The partitioning cache has 0 tilings in it right now
The inferral cache has 41 tilings in it right now
There are 27 tilings in the search tree
Time taken so far is 0.16372895240783691 seconds

Doing depth 4
We had 1 inferral cache hits and 40 partitioning cache hits
The partitioning cache has 0 tilings in it right now
The inferral cache has 58 tilings in it right now
There are 35 tilings in the search tree
Time taken so far is 0.24860620498657227 seconds

Doing depth 5
We had 7 inferral cache hits and 328 partitioning cache hits
The partitioning cache has 0 tilings in it right now
The inferral cache has 150 tilings in it right now
There are 97 tilings in the search tree
Time taken so far is 0.9088551998138428 seconds

Now processing 0132_0231_1203_1230_2301
Doing depth 1
We had 0 inferral cache hits and 0 partitioning cache hits
The partitioning cache has 0 tilings in it right now
The inferral cache has 6 tilings in it right now
There are 5 tilings in the search tree
Time taken so far is 0.010946989059448242 seconds

Doing depth 2
We had 0 inferral cache hits and 10 partitioning cache hits
The partitioning cache has 0 tilings in it right now
The inferral cache has 14 tilings in it right now
There are 13 tilings in the search tree
Time taken so far is 0.06177639961242676 seconds

Doing depth 3
We had 2 inferral cache hits and 30 partitioning cache hits
The partitioning cache has 0 tilings in it right now
The inferral cache has 39 tilings in it right now
There are 27 tilings in the search tree
Time taken so far is 0.16064667701721191 seconds

Doing depth 4
We had 2 inferral cache hits and 40 partitioning cache hits
The partitioning cache has 0 tilings in it right now
The inferral cache has 58 tilings in it right now
There are 35 tilings in the search tree
Time taken so far is 0.2475419044494629 seconds

Doing depth 5
We had 3 inferral cache hits and 334 partitioning cache hits
The partitioning cache has 0 tilings in it right now
The inferral cache has 122 tilings in it right now
There are 81 tilings in the search tree
Time taken so far is 0.893455982208252 seconds

Now processing 0132_0231_1203_1230_3012
Doing depth 1
We had 0 inferral cache hits and 0 partitioning cache hits
The partitioning cache has 0 tilings in it right now
The inferral cache has 6 tilings in it right now
There are 5 tilings in the search tree
Time taken so far is 0.011357545852661133 seconds

Doing depth 2
We had 0 inferral cache hits and 10 partitioning cache hits
The partitioning cache has 0 tilings in it right now
The inferral cache has 15 tilings in it right now
There are 13 tilings in the search tree
Time taken so far is 0.05478930473327637 seconds

Doing depth 3
We had 2 inferral cache hits and 30 partitioning cache hits
The partitioning cache has 0 tilings in it right now
The inferral cache has 41 tilings in it right now
There are 27 tilings in the search tree
Time taken so far is 0.151885986328125 seconds

Doing depth 4
We had 2 inferral cache hits and 40 partitioning cache hits
The partitioning cache has 0 tilings in it right now
The inferral cache has 60 tilings in it right now
There are 35 tilings in the search tree
Time taken so far is 0.22745060920715332 seconds

Doing depth 5
We had 8 inferral cache hits and 458 partitioning cache hits
The partitioning cache has 0 tilings in it right now
The inferral cache has 150 tilings in it right now
There are 95 tilings in the search tree
Time taken so far is 1.0631513595581055 seconds

Now processing 0132_0231_1203_2013_3012
Doing depth 1
We had 0 inferral cache hits and 0 partitioning cache hits
The partitioning cache has 0 tilings in it right now
The inferral cache has 6 tilings in it right now
There are 5 tilings in the search tree
Time taken so far is 0.025519847869873047 seconds

Doing depth 2
We had 0 inferral cache hits and 10 partitioning cache hits
The partitioning cache has 0 tilings in it right now
The inferral cache has 15 tilings in it right now
There are 13 tilings in the search tree
Time taken so far is 0.09817242622375488 seconds

Doing depth 3
We had 2 inferral cache hits and 30 partitioning cache hits
The partitioning cache has 0 tilings in it right now
The inferral cache has 42 tilings in it right now
There are 27 tilings in the search tree
Time taken so far is 0.2199099063873291 seconds

Doing depth 4
We had 2 inferral cache hits and 40 partitioning cache hits
The partitioning cache has 0 tilings in it right now
The inferral cache has 61 tilings in it right now
There are 35 tilings in the search tree
Time taken so far is 0.3224773406982422 seconds

Doing depth 5
We had 16 inferral cache hits and 407 partitioning cache hits
The partitioning cache has 0 tilings in it right now
The inferral cache has 166 tilings in it right now
There are 110 tilings in the search tree
Time taken so far is 1.1514379978179932 seconds

Now processing 0132_0231_1302_2013_3012
Doing depth 1
We had 0 inferral cache hits and 0 partitioning cache hits
The partitioning cache has 0 tilings in it right now
The inferral cache has 6 tilings in it right now
There are 5 tilings in the search tree
Time taken so far is 0.033336639404296875 seconds

Doing depth 2
We had 0 inferral cache hits and 10 partitioning cache hits
The partitioning cache has 0 tilings in it right now
The inferral cache has 15 tilings in it right now
There are 13 tilings in the search tree
Time taken so far is 0.10565304756164551 seconds

Doing depth 3
We had 2 inferral cache hits and 30 partitioning cache hits
The partitioning cache has 0 tilings in it right now
The inferral cache has 40 tilings in it right now
There are 27 tilings in the search tree
Time taken so far is 0.23430371284484863 seconds

Doing depth 4
We had 2 inferral cache hits and 40 partitioning cache hits
The partitioning cache has 0 tilings in it right now
The inferral cache has 65 tilings in it right now
There are 39 tilings in the search tree
Time taken so far is 0.38927221298217773 seconds

Doing depth 5
We had 19 inferral cache hits and 848 partitioning cache hits
The partitioning cache has 0 tilings in it right now
The inferral cache has 174 tilings in it right now
There are 126 tilings in the search tree
Time taken so far is 1.5052618980407715 seconds

Now processing 0132_1023_1230_2301_3012
Doing depth 1
We had 0 inferral cache hits and 0 partitioning cache hits
The partitioning cache has 0 tilings in it right now
The inferral cache has 6 tilings in it right now
There are 5 tilings in the search tree
Time taken so far is 0.02353954315185547 seconds

Doing depth 2
We had 0 inferral cache hits and 10 partitioning cache hits
The partitioning cache has 0 tilings in it right now
The inferral cache has 16 tilings in it right now
There are 13 tilings in the search tree
Time taken so far is 0.10366344451904297 seconds

Doing depth 3
We had 2 inferral cache hits and 30 partitioning cache hits
The partitioning cache has 0 tilings in it right now
The inferral cache has 42 tilings in it right now
There are 27 tilings in the search tree
Time taken so far is 0.22470402717590332 seconds

Doing depth 4
We had 2 inferral cache hits and 40 partitioning cache hits
The partitioning cache has 0 tilings in it right now
The inferral cache has 58 tilings in it right now
There are 35 tilings in the search tree
Time taken so far is 0.32433366775512695 seconds

Doing depth 5
We had 12 inferral cache hits and 308 partitioning cache hits
The partitioning cache has 0 tilings in it right now
The inferral cache has 134 tilings in it right now
There are 93 tilings in the search tree
Time taken so far is 0.884674072265625 seconds

Now processing 0132_1203_1230_2013_3012
Doing depth 1
We had 0 inferral cache hits and 0 partitioning cache hits
The partitioning cache has 0 tilings in it right now
The inferral cache has 6 tilings in it right now
There are 5 tilings in the search tree
Time taken so far is 0.024432659149169922 seconds

Doing depth 2
We had 0 inferral cache hits and 10 partitioning cache hits
The partitioning cache has 0 tilings in it right now
The inferral cache has 15 tilings in it right now
There are 13 tilings in the search tree
Time taken so far is 0.09637093544006348 seconds

Doing depth 3
We had 2 inferral cache hits and 30 partitioning cache hits
The partitioning cache has 0 tilings in it right now
The inferral cache has 41 tilings in it right now
There are 27 tilings in the search tree
Time taken so far is 0.2142953872680664 seconds

Doing depth 4
We had 2 inferral cache hits and 40 partitioning cache hits
The partitioning cache has 0 tilings in it right now
The inferral cache has 61 tilings in it right now
There are 35 tilings in the search tree
Time taken so far is 0.3159973621368408 seconds

Doing depth 5
We had 10 inferral cache hits and 384 partitioning cache hits
The partitioning cache has 0 tilings in it right now
The inferral cache has 161 tilings in it right now
There are 99 tilings in the search tree
Time taken so far is 1.2968757152557373 seconds

Now processing 0132_1203_1230_2301_3012
Doing depth 1
We had 0 inferral cache hits and 0 partitioning cache hits
The partitioning cache has 0 tilings in it right now
The inferral cache has 6 tilings in it right now
There are 5 tilings in the search tree
Time taken so far is 0.024662494659423828 seconds

Doing depth 2
We had 0 inferral cache hits and 10 partitioning cache hits
The partitioning cache has 0 tilings in it right now
The inferral cache has 15 tilings in it right now
There are 13 tilings in the search tree
Time taken so far is 0.1031191349029541 seconds

Doing depth 3
We had 1 inferral cache hits and 30 partitioning cache hits
The partitioning cache has 0 tilings in it right now
The inferral cache has 40 tilings in it right now
There are 27 tilings in the search tree
Time taken so far is 0.23999857902526855 seconds

Doing depth 4
We had 1 inferral cache hits and 40 partitioning cache hits
The partitioning cache has 0 tilings in it right now
The inferral cache has 59 tilings in it right now
There are 35 tilings in the search tree
Time taken so far is 0.35018229484558105 seconds

Doing depth 5
We had 7 inferral cache hits and 306 partitioning cache hits
The partitioning cache has 0 tilings in it right now
The inferral cache has 147 tilings in it right now
There are 87 tilings in the search tree
Time taken so far is 0.9785985946655273 seconds

Now processing 0213_0231_0312_1203_2013
Doing depth 1
We had 0 inferral cache hits and 0 partitioning cache hits
The partitioning cache has 0 tilings in it right now
The inferral cache has 6 tilings in it right now
There are 5 tilings in the search tree
Time taken so far is 0.022880077362060547 seconds

Doing depth 2
We had 0 inferral cache hits and 10 partitioning cache hits
The partitioning cache has 0 tilings in it right now
The inferral cache has 14 tilings in it right now
There are 13 tilings in the search tree
Time taken so far is 0.09578824043273926 seconds

Doing depth 3
We had 2 inferral cache hits and 30 partitioning cache hits
The partitioning cache has 0 tilings in it right now
The inferral cache has 38 tilings in it right now
There are 27 tilings in the search tree
Time taken so far is 0.19461917877197266 seconds

Doing depth 4
We had 2 inferral cache hits and 40 partitioning cache hits
The partitioning cache has 0 tilings in it right now
The inferral cache has 56 tilings in it right now
There are 35 tilings in the search tree
Time taken so far is 0.28074216842651367 seconds

Doing depth 5
We had 12 inferral cache hits and 336 partitioning cache hits
The partitioning cache has 0 tilings in it right now
The inferral cache has 182 tilings in it right now
There are 109 tilings in the search tree
Time taken so far is 1.1586105823516846 seconds

Now processing 0213_0231_0312_1203_3012
Doing depth 1
We had 0 inferral cache hits and 0 partitioning cache hits
The partitioning cache has 0 tilings in it right now
The inferral cache has 6 tilings in it right now
There are 5 tilings in the search tree
Time taken so far is 0.011751174926757812 seconds

Doing depth 2
We had 0 inferral cache hits and 10 partitioning cache hits
The partitioning cache has 0 tilings in it right now
The inferral cache has 14 tilings in it right now
There are 13 tilings in the search tree
Time taken so far is 0.056055545806884766 seconds

Doing depth 3
We had 2 inferral cache hits and 30 partitioning cache hits
The partitioning cache has 0 tilings in it right now
The inferral cache has 39 tilings in it right now
There are 27 tilings in the search tree
Time taken so far is 0.14993643760681152 seconds

Doing depth 4
We had 2 inferral cache hits and 40 partitioning cache hits
The partitioning cache has 0 tilings in it right now
The inferral cache has 57 tilings in it right now
There are 35 tilings in the search tree
Time taken so far is 0.23830342292785645 seconds

Doing depth 5
We had 11 inferral cache hits and 332 partitioning cache hits
The partitioning cache has 0 tilings in it right now
The inferral cache has 166 tilings in it right now
There are 99 tilings in the search tree
Time taken so far is 1.0552287101745605 seconds

Now processing 0213_0231_0312_1230_3012
Doing depth 1
We had 0 inferral cache hits and 0 partitioning cache hits
The partitioning cache has 0 tilings in it right now
The inferral cache has 6 tilings in it right now
There are 5 tilings in the search tree
Time taken so far is 0.011702537536621094 seconds

Doing depth 2
We had 0 inferral cache hits and 10 partitioning cache hits
The partitioning cache has 0 tilings in it right now
The inferral cache has 14 tilings in it right now
There are 13 tilings in the search tree
Time taken so far is 0.05565929412841797 seconds

Doing depth 3
We had 2 inferral cache hits and 30 partitioning cache hits
The partitioning cache has 0 tilings in it right now
The inferral cache has 38 tilings in it right now
There are 27 tilings in the search tree
Time taken so far is 0.15386486053466797 seconds

Doing depth 4
We had 2 inferral cache hits and 40 partitioning cache hits
The partitioning cache has 0 tilings in it right now
The inferral cache has 56 tilings in it right now
There are 35 tilings in the search tree
Time taken so far is 0.23390579223632812 seconds

Doing depth 5
We had 4 inferral cache hits and 403 partitioning cache hits
The partitioning cache has 0 tilings in it right now
The inferral cache has 135 tilings in it right now
There are 86 tilings in the search tree
Time taken so far is 1.066781759262085 seconds

Now processing 0213_0231_0321_1320_3120
Doing depth 1
We had 0 inferral cache hits and 0 partitioning cache hits
The partitioning cache has 0 tilings in it right now
The inferral cache has 6 tilings in it right now
There are 5 tilings in the search tree
Time taken so far is 0.011893510818481445 seconds

Doing depth 2
We had 0 inferral cache hits and 10 partitioning cache hits
The partitioning cache has 0 tilings in it right now
The inferral cache has 14 tilings in it right now
There are 13 tilings in the search tree
Time taken so far is 0.05920147895812988 seconds

Doing depth 3
We had 2 inferral cache hits and 30 partitioning cache hits
The partitioning cache has 0 tilings in it right now
The inferral cache has 37 tilings in it right now
There are 27 tilings in the search tree
Time taken so far is 0.14914679527282715 seconds

Doing depth 4
We had 2 inferral cache hits and 40 partitioning cache hits
The partitioning cache has 0 tilings in it right now
The inferral cache has 53 tilings in it right now
There are 35 tilings in the search tree
Time taken so far is 0.23321247100830078 seconds

Doing depth 5
We had 6 inferral cache hits and 408 partitioning cache hits
The partitioning cache has 0 tilings in it right now
The inferral cache has 177 tilings in it right now
There are 98 tilings in the search tree
Time taken so far is 1.0985112190246582 seconds

Now processing 0213_0231_1203_1230_3012
Doing depth 1
We had 0 inferral cache hits and 0 partitioning cache hits
The partitioning cache has 0 tilings in it right now
The inferral cache has 6 tilings in it right now
There are 5 tilings in the search tree
Time taken so far is 0.011792421340942383 seconds

Doing depth 2
We had 0 inferral cache hits and 10 partitioning cache hits
The partitioning cache has 0 tilings in it right now
The inferral cache has 14 tilings in it right now
There are 13 tilings in the search tree
Time taken so far is 0.05605340003967285 seconds

Doing depth 3
We had 2 inferral cache hits and 30 partitioning cache hits
The partitioning cache has 0 tilings in it right now
The inferral cache has 38 tilings in it right now
There are 27 tilings in the search tree
Time taken so far is 0.1457691192626953 seconds

Doing depth 4
We had 2 inferral cache hits and 40 partitioning cache hits
The partitioning cache has 0 tilings in it right now
The inferral cache has 55 tilings in it right now
There are 35 tilings in the search tree
Time taken so far is 0.22625946998596191 seconds

Doing depth 5
We had 7 inferral cache hits and 393 partitioning cache hits
The partitioning cache has 0 tilings in it right now
The inferral cache has 138 tilings in it right now
There are 85 tilings in the search tree
Time taken so far is 1.0988025665283203 seconds

Now processing 0213_0231_1203_1230_3120
Doing depth 1
We had 0 inferral cache hits and 0 partitioning cache hits
The partitioning cache has 0 tilings in it right now
The inferral cache has 6 tilings in it right now
There are 5 tilings in the search tree
Time taken so far is 0.012127161026000977 seconds

Doing depth 2
We had 0 inferral cache hits and 10 partitioning cache hits
The partitioning cache has 0 tilings in it right now
The inferral cache has 14 tilings in it right now
There are 13 tilings in the search tree
Time taken so far is 0.05385422706604004 seconds

Doing depth 3
We had 2 inferral cache hits and 30 partitioning cache hits
The partitioning cache has 0 tilings in it right now
The inferral cache has 39 tilings in it right now
There are 27 tilings in the search tree
Time taken so far is 0.1415095329284668 seconds

Doing depth 4
We had 2 inferral cache hits and 40 partitioning cache hits
The partitioning cache has 0 tilings in it right now
The inferral cache has 56 tilings in it right now
There are 35 tilings in the search tree
Time taken so far is 0.22780871391296387 seconds

Doing depth 5
We had 4 inferral cache hits and 370 partitioning cache hits
The partitioning cache has 0 tilings in it right now
The inferral cache has 106 tilings in it right now
There are 74 tilings in the search tree
Time taken so far is 0.9282197952270508 seconds

Now processing 0213_0231_1230_2013_3012
Doing depth 1
We had 0 inferral cache hits and 0 partitioning cache hits
The partitioning cache has 0 tilings in it right now
The inferral cache has 6 tilings in it right now
There are 5 tilings in the search tree
Time taken so far is 0.011809587478637695 seconds

Doing depth 2
We had 0 inferral cache hits and 10 partitioning cache hits
The partitioning cache has 0 tilings in it right now
The inferral cache has 14 tilings in it right now
There are 13 tilings in the search tree
Time taken so far is 0.05495333671569824 seconds

Doing depth 3
We had 2 inferral cache hits and 30 partitioning cache hits
The partitioning cache has 0 tilings in it right now
The inferral cache has 36 tilings in it right now
There are 27 tilings in the search tree
Time taken so far is 0.14454126358032227 seconds

Doing depth 4
We had 2 inferral cache hits and 40 partitioning cache hits
The partitioning cache has 0 tilings in it right now
The inferral cache has 54 tilings in it right now
There are 35 tilings in the search tree
Time taken so far is 0.23502659797668457 seconds

Doing depth 5
We had 9 inferral cache hits and 426 partitioning cache hits
The partitioning cache has 0 tilings in it right now
The inferral cache has 138 tilings in it right now
There are 94 tilings in the search tree
Time taken so far is 1.0125210285186768 seconds

