/users/home/henningu/ATRAP/non-regular-insertion-encodable-bases/logs_length5
Now processing 0123_0132_0213_0231_2301
Doing depth 1
We had 0 inferral cache hits and 0 partitioning cache hits
The partitioning cache has 0 tilings in it right now
The inferral cache has 4 tilings in it right now
There are 4 tilings in the search tree
Time taken so far is 0.01670694351196289 seconds

Doing depth 2
We had 0 inferral cache hits and 5 partitioning cache hits
The partitioning cache has 0 tilings in it right now
The inferral cache has 9 tilings in it right now
There are 8 tilings in the search tree
Time taken so far is 0.05973172187805176 seconds

Doing depth 3
We had 0 inferral cache hits and 15 partitioning cache hits
The partitioning cache has 0 tilings in it right now
The inferral cache has 17 tilings in it right now
There are 13 tilings in the search tree
Time taken so far is 0.12048625946044922 seconds

Doing depth 4
We had 0 inferral cache hits and 20 partitioning cache hits
The partitioning cache has 0 tilings in it right now
The inferral cache has 21 tilings in it right now
There are 15 tilings in the search tree
Time taken so far is 0.14953088760375977 seconds

Doing depth 5
We had 0 inferral cache hits and 113 partitioning cache hits
The partitioning cache has 0 tilings in it right now
The inferral cache has 32 tilings in it right now
There are 24 tilings in the search tree
Time taken so far is 0.37076663970947266 seconds

Doing depth 6
We had 3 inferral cache hits and 275 partitioning cache hits
The partitioning cache has 0 tilings in it right now
The inferral cache has 40 tilings in it right now
There are 31 tilings in the search tree
Time taken so far is 0.6926970481872559 seconds

Doing depth 7
We had 3 inferral cache hits and 399 partitioning cache hits
The partitioning cache has 0 tilings in it right now
The inferral cache has 57 tilings in it right now
There are 39 tilings in the search tree
Time taken so far is 1.2284624576568604 seconds

Doing depth 8
We had 4 inferral cache hits and 1331 partitioning cache hits
The partitioning cache has 0 tilings in it right now
The inferral cache has 82 tilings in it right now
There are 65 tilings in the search tree
Time taken so far is 3.6522316932678223 seconds

Now processing 0123_0132_0213_1023_1230
Doing depth 1
We had 0 inferral cache hits and 0 partitioning cache hits
The partitioning cache has 0 tilings in it right now
The inferral cache has 4 tilings in it right now
There are 4 tilings in the search tree
Time taken so far is 0.015197992324829102 seconds

Doing depth 2
We had 0 inferral cache hits and 5 partitioning cache hits
The partitioning cache has 0 tilings in it right now
The inferral cache has 8 tilings in it right now
There are 8 tilings in the search tree
Time taken so far is 0.057636260986328125 seconds

Doing depth 3
We had 1 inferral cache hits and 15 partitioning cache hits
The partitioning cache has 0 tilings in it right now
The inferral cache has 16 tilings in it right now
There are 13 tilings in the search tree
Time taken so far is 0.11353921890258789 seconds

Doing depth 4
We had 1 inferral cache hits and 20 partitioning cache hits
The partitioning cache has 0 tilings in it right now
The inferral cache has 20 tilings in it right now
There are 15 tilings in the search tree
Time taken so far is 0.14446496963500977 seconds

Doing depth 5
We had 1 inferral cache hits and 120 partitioning cache hits
The partitioning cache has 0 tilings in it right now
The inferral cache has 36 tilings in it right now
There are 27 tilings in the search tree
Time taken so far is 0.4824955463409424 seconds

Doing depth 6
We had 12 inferral cache hits and 1410 partitioning cache hits
The partitioning cache has 0 tilings in it right now
The inferral cache has 73 tilings in it right now
There are 67 tilings in the search tree
Time taken so far is 2.661342144012451 seconds

Doing depth 7
We had 12 inferral cache hits and 1618 partitioning cache hits
The partitioning cache has 0 tilings in it right now
The inferral cache has 98 tilings in it right now
There are 81 tilings in the search tree
Time taken so far is 8.241944551467896 seconds

Doing depth 8
We had 14 inferral cache hits and 5594 partitioning cache hits
The partitioning cache has 0 tilings in it right now
The inferral cache has 154 tilings in it right now
There are 138 tilings in the search tree
Time taken so far is 14.598220348358154 seconds

Now processing 0123_0132_0213_1023_2301
Doing depth 1
We had 0 inferral cache hits and 0 partitioning cache hits
The partitioning cache has 0 tilings in it right now
The inferral cache has 4 tilings in it right now
There are 4 tilings in the search tree
Time taken so far is 0.015946388244628906 seconds

Doing depth 2
We had 0 inferral cache hits and 5 partitioning cache hits
The partitioning cache has 0 tilings in it right now
The inferral cache has 9 tilings in it right now
There are 8 tilings in the search tree
Time taken so far is 0.0606541633605957 seconds

Doing depth 3
We had 1 inferral cache hits and 15 partitioning cache hits
The partitioning cache has 0 tilings in it right now
The inferral cache has 18 tilings in it right now
There are 13 tilings in the search tree
Time taken so far is 0.11834311485290527 seconds

Doing depth 4
We had 1 inferral cache hits and 20 partitioning cache hits
The partitioning cache has 0 tilings in it right now
The inferral cache has 22 tilings in it right now
There are 15 tilings in the search tree
Time taken so far is 0.14744973182678223 seconds

Doing depth 5
We had 1 inferral cache hits and 108 partitioning cache hits
The partitioning cache has 0 tilings in it right now
The inferral cache has 31 tilings in it right now
There are 23 tilings in the search tree
Time taken so far is 0.26523327827453613 seconds

Doing depth 6
We had 6 inferral cache hits and 382 partitioning cache hits
The partitioning cache has 0 tilings in it right now
The inferral cache has 42 tilings in it right now
There are 37 tilings in the search tree
Time taken so far is 0.5156991481781006 seconds

Doing depth 7
We had 7 inferral cache hits and 576 partitioning cache hits
The partitioning cache has 0 tilings in it right now
The inferral cache has 76 tilings in it right now
There are 55 tilings in the search tree
Time taken so far is 0.9855268001556396 seconds

Doing depth 8
We had 9 inferral cache hits and 1612 partitioning cache hits
The partitioning cache has 0 tilings in it right now
The inferral cache has 108 tilings in it right now
There are 88 tilings in the search tree
Time taken so far is 1.954796552658081 seconds

Now processing 0123_0132_0213_1203_1230
Doing depth 1
We had 0 inferral cache hits and 0 partitioning cache hits
The partitioning cache has 0 tilings in it right now
The inferral cache has 4 tilings in it right now
There are 4 tilings in the search tree
Time taken so far is 0.006911754608154297 seconds

Doing depth 2
We had 0 inferral cache hits and 5 partitioning cache hits
The partitioning cache has 0 tilings in it right now
The inferral cache has 8 tilings in it right now
There are 8 tilings in the search tree
Time taken so far is 0.030673503875732422 seconds

Doing depth 3
We had 1 inferral cache hits and 15 partitioning cache hits
The partitioning cache has 0 tilings in it right now
The inferral cache has 16 tilings in it right now
There are 13 tilings in the search tree
Time taken so far is 0.07170224189758301 seconds

Doing depth 4
We had 1 inferral cache hits and 20 partitioning cache hits
The partitioning cache has 0 tilings in it right now
The inferral cache has 20 tilings in it right now
There are 15 tilings in the search tree
Time taken so far is 0.09568667411804199 seconds

Doing depth 5
We had 1 inferral cache hits and 89 partitioning cache hits
The partitioning cache has 0 tilings in it right now
The inferral cache has 29 tilings in it right now
There are 23 tilings in the search tree
Time taken so far is 0.24245643615722656 seconds

Doing depth 6
We had 5 inferral cache hits and 292 partitioning cache hits
The partitioning cache has 0 tilings in it right now
The inferral cache has 42 tilings in it right now
There are 31 tilings in the search tree
Time taken so far is 1.7216904163360596 seconds

Doing depth 7
We had 5 inferral cache hits and 661 partitioning cache hits
The partitioning cache has 0 tilings in it right now
The inferral cache has 68 tilings in it right now
There are 48 tilings in the search tree
Time taken so far is 7.374410152435303 seconds

Doing depth 8
We had 7 inferral cache hits and 2471 partitioning cache hits
The partitioning cache has 0 tilings in it right now
The inferral cache has 102 tilings in it right now
There are 83 tilings in the search tree
Time taken so far is 17.942689657211304 seconds

Now processing 0123_0132_0213_1203_2013
Doing depth 1
We had 0 inferral cache hits and 0 partitioning cache hits
The partitioning cache has 0 tilings in it right now
The inferral cache has 4 tilings in it right now
There are 4 tilings in the search tree
Time taken so far is 0.015027761459350586 seconds

Doing depth 2
We had 0 inferral cache hits and 5 partitioning cache hits
The partitioning cache has 0 tilings in it right now
The inferral cache has 8 tilings in it right now
There are 8 tilings in the search tree
Time taken so far is 0.05762338638305664 seconds

Doing depth 3
We had 1 inferral cache hits and 15 partitioning cache hits
The partitioning cache has 0 tilings in it right now
The inferral cache has 16 tilings in it right now
There are 13 tilings in the search tree
Time taken so far is 0.11608695983886719 seconds

Doing depth 4
We had 1 inferral cache hits and 20 partitioning cache hits
The partitioning cache has 0 tilings in it right now
The inferral cache has 21 tilings in it right now
There are 15 tilings in the search tree
Time taken so far is 0.14665746688842773 seconds

Doing depth 5
We had 1 inferral cache hits and 117 partitioning cache hits
The partitioning cache has 0 tilings in it right now
The inferral cache has 35 tilings in it right now
There are 29 tilings in the search tree
Time taken so far is 0.46983814239501953 seconds

Doing depth 6
We had 5 inferral cache hits and 418 partitioning cache hits
The partitioning cache has 0 tilings in it right now
The inferral cache has 67 tilings in it right now
There are 47 tilings in the search tree
Time taken so far is 1.8217754364013672 seconds

Doing depth 7
We had 7 inferral cache hits and 1552 partitioning cache hits
The partitioning cache has 0 tilings in it right now
The inferral cache has 104 tilings in it right now
There are 82 tilings in the search tree
Time taken so far is 5.525640964508057 seconds

Doing depth 8
We had 23 inferral cache hits and 7096 partitioning cache hits
The partitioning cache has 0 tilings in it right now
The inferral cache has 202 tilings in it right now
There are 167 tilings in the search tree
Time taken so far is 29.360756635665894 seconds

Now processing 0123_0132_0213_1203_3012
Doing depth 1
We had 0 inferral cache hits and 0 partitioning cache hits
The partitioning cache has 0 tilings in it right now
The inferral cache has 4 tilings in it right now
There are 4 tilings in the search tree
Time taken so far is 0.015436410903930664 seconds

Doing depth 2
We had 0 inferral cache hits and 5 partitioning cache hits
The partitioning cache has 0 tilings in it right now
The inferral cache has 8 tilings in it right now
There are 8 tilings in the search tree
Time taken so far is 0.05593085289001465 seconds

Doing depth 3
We had 1 inferral cache hits and 15 partitioning cache hits
The partitioning cache has 0 tilings in it right now
The inferral cache has 16 tilings in it right now
There are 13 tilings in the search tree
Time taken so far is 0.12839436531066895 seconds

Doing depth 4
We had 1 inferral cache hits and 20 partitioning cache hits
The partitioning cache has 0 tilings in it right now
The inferral cache has 21 tilings in it right now
There are 15 tilings in the search tree
Time taken so far is 0.1565084457397461 seconds

Doing depth 5
We had 1 inferral cache hits and 114 partitioning cache hits
The partitioning cache has 0 tilings in it right now
The inferral cache has 31 tilings in it right now
There are 25 tilings in the search tree
Time taken so far is 0.4810364246368408 seconds

Doing depth 6
We had 7 inferral cache hits and 419 partitioning cache hits
The partitioning cache has 0 tilings in it right now
The inferral cache has 51 tilings in it right now
There are 40 tilings in the search tree
Time taken so far is 1.5112133026123047 seconds

Doing depth 7
We had 11 inferral cache hits and 1446 partitioning cache hits
The partitioning cache has 0 tilings in it right now
The inferral cache has 94 tilings in it right now
There are 75 tilings in the search tree
Time taken so far is 3.837679386138916 seconds

Doing depth 8
We had 28 inferral cache hits and 7820 partitioning cache hits
The partitioning cache has 0 tilings in it right now
The inferral cache has 172 tilings in it right now
There are 183 tilings in the search tree
Time taken so far is 21.06497359275818 seconds

Now processing 0123_0132_0213_1230_2301
Doing depth 1
We had 0 inferral cache hits and 0 partitioning cache hits
The partitioning cache has 0 tilings in it right now
The inferral cache has 4 tilings in it right now
There are 4 tilings in the search tree
Time taken so far is 0.01481485366821289 seconds

Doing depth 2
We had 0 inferral cache hits and 5 partitioning cache hits
The partitioning cache has 0 tilings in it right now
The inferral cache has 9 tilings in it right now
There are 8 tilings in the search tree
Time taken so far is 0.061217546463012695 seconds

Doing depth 3
We had 1 inferral cache hits and 15 partitioning cache hits
The partitioning cache has 0 tilings in it right now
The inferral cache has 18 tilings in it right now
There are 13 tilings in the search tree
Time taken so far is 0.12141656875610352 seconds

Doing depth 4
We had 1 inferral cache hits and 20 partitioning cache hits
The partitioning cache has 0 tilings in it right now
The inferral cache has 22 tilings in it right now
There are 15 tilings in the search tree
Time taken so far is 0.15040183067321777 seconds

Doing depth 5
We had 1 inferral cache hits and 94 partitioning cache hits
The partitioning cache has 0 tilings in it right now
The inferral cache has 36 tilings in it right now
There are 25 tilings in the search tree
Time taken so far is 0.28658461570739746 seconds

Doing depth 6
We had 6 inferral cache hits and 310 partitioning cache hits
The partitioning cache has 0 tilings in it right now
The inferral cache has 54 tilings in it right now
There are 39 tilings in the search tree
Time taken so far is 0.5651118755340576 seconds

Doing depth 7
We had 6 inferral cache hits and 460 partitioning cache hits
The partitioning cache has 0 tilings in it right now
The inferral cache has 78 tilings in it right now
There are 51 tilings in the search tree
Time taken so far is 1.1826834678649902 seconds

Doing depth 8
We had 7 inferral cache hits and 1537 partitioning cache hits
The partitioning cache has 0 tilings in it right now
The inferral cache has 120 tilings in it right now
There are 91 tilings in the search tree
Time taken so far is 2.2636702060699463 seconds

Now processing 0123_0132_0213_1230_3012
Doing depth 1
We had 0 inferral cache hits and 0 partitioning cache hits
The partitioning cache has 0 tilings in it right now
The inferral cache has 4 tilings in it right now
There are 4 tilings in the search tree
Time taken so far is 0.014316797256469727 seconds

Doing depth 2
We had 0 inferral cache hits and 5 partitioning cache hits
The partitioning cache has 0 tilings in it right now
The inferral cache has 8 tilings in it right now
There are 8 tilings in the search tree
Time taken so far is 0.05266261100769043 seconds

Doing depth 3
We had 1 inferral cache hits and 15 partitioning cache hits
The partitioning cache has 0 tilings in it right now
The inferral cache has 16 tilings in it right now
There are 13 tilings in the search tree
Time taken so far is 0.10347390174865723 seconds

Doing depth 4
We had 1 inferral cache hits and 20 partitioning cache hits
The partitioning cache has 0 tilings in it right now
The inferral cache has 20 tilings in it right now
There are 15 tilings in the search tree
Time taken so far is 0.13196635246276855 seconds

Doing depth 5
We had 1 inferral cache hits and 94 partitioning cache hits
The partitioning cache has 0 tilings in it right now
The inferral cache has 36 tilings in it right now
There are 25 tilings in the search tree
Time taken so far is 0.26899266242980957 seconds

Doing depth 6
We had 10 inferral cache hits and 1259 partitioning cache hits
The partitioning cache has 0 tilings in it right now
The inferral cache has 72 tilings in it right now
There are 60 tilings in the search tree
Time taken so far is 0.8438827991485596 seconds

Doing depth 7
We had 10 inferral cache hits and 1403 partitioning cache hits
The partitioning cache has 0 tilings in it right now
The inferral cache has 96 tilings in it right now
There are 71 tilings in the search tree
Time taken so far is 1.4187452793121338 seconds

Doing depth 8
We had 12 inferral cache hits and 5236 partitioning cache hits
The partitioning cache has 0 tilings in it right now
The inferral cache has 153 tilings in it right now
There are 127 tilings in the search tree
Time taken so far is 3.641746997833252 seconds

Now processing 0123_0132_1023_1230_2301
Doing depth 1
We had 0 inferral cache hits and 0 partitioning cache hits
The partitioning cache has 0 tilings in it right now
The inferral cache has 4 tilings in it right now
There are 4 tilings in the search tree
Time taken so far is 0.015139341354370117 seconds

Doing depth 2
We had 0 inferral cache hits and 5 partitioning cache hits
The partitioning cache has 0 tilings in it right now
The inferral cache has 9 tilings in it right now
There are 8 tilings in the search tree
Time taken so far is 0.06159210205078125 seconds

Doing depth 3
We had 1 inferral cache hits and 15 partitioning cache hits
The partitioning cache has 0 tilings in it right now
The inferral cache has 17 tilings in it right now
There are 13 tilings in the search tree
Time taken so far is 0.12239432334899902 seconds

Doing depth 4
We had 1 inferral cache hits and 20 partitioning cache hits
The partitioning cache has 0 tilings in it right now
The inferral cache has 21 tilings in it right now
There are 15 tilings in the search tree
Time taken so far is 0.15091180801391602 seconds

Doing depth 5
We had 1 inferral cache hits and 94 partitioning cache hits
The partitioning cache has 0 tilings in it right now
The inferral cache has 32 tilings in it right now
There are 24 tilings in the search tree
Time taken so far is 0.2749001979827881 seconds

Doing depth 6
We had 6 inferral cache hits and 354 partitioning cache hits
The partitioning cache has 0 tilings in it right now
The inferral cache has 45 tilings in it right now
There are 39 tilings in the search tree
Time taken so far is 0.5285215377807617 seconds

Doing depth 7
We had 6 inferral cache hits and 548 partitioning cache hits
The partitioning cache has 0 tilings in it right now
The inferral cache has 76 tilings in it right now
There are 55 tilings in the search tree
Time taken so far is 1.0454378128051758 seconds

Doing depth 8
We had 8 inferral cache hits and 1519 partitioning cache hits
The partitioning cache has 0 tilings in it right now
The inferral cache has 112 tilings in it right now
There are 89 tilings in the search tree
Time taken so far is 2.1243553161621094 seconds

Now processing 0123_0132_1023_1230_3012
Doing depth 1
We had 0 inferral cache hits and 0 partitioning cache hits
The partitioning cache has 0 tilings in it right now
The inferral cache has 4 tilings in it right now
There are 4 tilings in the search tree
Time taken so far is 0.015659093856811523 seconds

Doing depth 2
We had 0 inferral cache hits and 5 partitioning cache hits
The partitioning cache has 0 tilings in it right now
The inferral cache has 8 tilings in it right now
There are 8 tilings in the search tree
Time taken so far is 0.05814671516418457 seconds

Doing depth 3
We had 1 inferral cache hits and 15 partitioning cache hits
The partitioning cache has 0 tilings in it right now
The inferral cache has 15 tilings in it right now
There are 13 tilings in the search tree
Time taken so far is 0.11168408393859863 seconds

Doing depth 4
We had 1 inferral cache hits and 20 partitioning cache hits
The partitioning cache has 0 tilings in it right now
The inferral cache has 19 tilings in it right now
There are 15 tilings in the search tree
Time taken so far is 0.14017128944396973 seconds

Doing depth 5
We had 1 inferral cache hits and 95 partitioning cache hits
The partitioning cache has 0 tilings in it right now
The inferral cache has 31 tilings in it right now
There are 24 tilings in the search tree
Time taken so far is 0.37120771408081055 seconds

Doing depth 6
We had 7 inferral cache hits and 630 partitioning cache hits
The partitioning cache has 0 tilings in it right now
The inferral cache has 54 tilings in it right now
There are 48 tilings in the search tree
Time taken so far is 0.8740994930267334 seconds

Doing depth 7
We had 7 inferral cache hits and 846 partitioning cache hits
The partitioning cache has 0 tilings in it right now
The inferral cache has 83 tilings in it right now
There are 64 tilings in the search tree
Time taken so far is 1.3717107772827148 seconds

Doing depth 8
We had 8 inferral cache hits and 2193 partitioning cache hits
The partitioning cache has 0 tilings in it right now
The inferral cache has 130 tilings in it right now
There are 106 tilings in the search tree
Time taken so far is 3.9148762226104736 seconds

Now processing 0123_0132_1230_2301_3012
Doing depth 1
We had 0 inferral cache hits and 0 partitioning cache hits
The partitioning cache has 0 tilings in it right now
The inferral cache has 4 tilings in it right now
There are 4 tilings in the search tree
Time taken so far is 0.014168262481689453 seconds

Doing depth 2
We had 0 inferral cache hits and 5 partitioning cache hits
The partitioning cache has 0 tilings in it right now
The inferral cache has 8 tilings in it right now
There are 8 tilings in the search tree
Time taken so far is 0.05539298057556152 seconds

Doing depth 3
We had 1 inferral cache hits and 15 partitioning cache hits
The partitioning cache has 0 tilings in it right now
The inferral cache has 15 tilings in it right now
There are 13 tilings in the search tree
Time taken so far is 0.10823845863342285 seconds

Doing depth 4
We had 1 inferral cache hits and 20 partitioning cache hits
The partitioning cache has 0 tilings in it right now
The inferral cache has 19 tilings in it right now
There are 15 tilings in the search tree
Time taken so far is 0.13721632957458496 seconds

Doing depth 5
We had 1 inferral cache hits and 94 partitioning cache hits
The partitioning cache has 0 tilings in it right now
The inferral cache has 31 tilings in it right now
There are 24 tilings in the search tree
Time taken so far is 0.24988222122192383 seconds

Doing depth 6
We had 6 inferral cache hits and 342 partitioning cache hits
The partitioning cache has 0 tilings in it right now
The inferral cache has 47 tilings in it right now
There are 38 tilings in the search tree
Time taken so far is 0.5589675903320312 seconds

Doing depth 7
We had 6 inferral cache hits and 522 partitioning cache hits
The partitioning cache has 0 tilings in it right now
The inferral cache has 76 tilings in it right now
There are 51 tilings in the search tree
Time taken so far is 1.3431079387664795 seconds

Doing depth 8
We had 8 inferral cache hits and 2057 partitioning cache hits
The partitioning cache has 0 tilings in it right now
The inferral cache has 130 tilings in it right now
There are 101 tilings in the search tree
Time taken so far is 3.103858232498169 seconds

Now processing 0123_0213_1230_2301_3012
Doing depth 1
We had 0 inferral cache hits and 0 partitioning cache hits
The partitioning cache has 0 tilings in it right now
The inferral cache has 4 tilings in it right now
There are 4 tilings in the search tree
Time taken so far is 0.015460968017578125 seconds

Doing depth 2
We had 0 inferral cache hits and 5 partitioning cache hits
The partitioning cache has 0 tilings in it right now
The inferral cache has 8 tilings in it right now
There are 8 tilings in the search tree
Time taken so far is 0.057756900787353516 seconds

Doing depth 3
We had 1 inferral cache hits and 15 partitioning cache hits
The partitioning cache has 0 tilings in it right now
The inferral cache has 16 tilings in it right now
There are 13 tilings in the search tree
Time taken so far is 0.11101436614990234 seconds

Doing depth 4
We had 1 inferral cache hits and 20 partitioning cache hits
The partitioning cache has 0 tilings in it right now
The inferral cache has 20 tilings in it right now
There are 15 tilings in the search tree
Time taken so far is 0.14200162887573242 seconds

Doing depth 5
We had 2 inferral cache hits and 94 partitioning cache hits
The partitioning cache has 0 tilings in it right now
The inferral cache has 36 tilings in it right now
There are 27 tilings in the search tree
Time taken so far is 0.31853389739990234 seconds

Doing depth 6
We had 12 inferral cache hits and 305 partitioning cache hits
The partitioning cache has 0 tilings in it right now
The inferral cache has 58 tilings in it right now
There are 44 tilings in the search tree
Time taken so far is 0.6434738636016846 seconds

Doing depth 7
We had 13 inferral cache hits and 448 partitioning cache hits
The partitioning cache has 0 tilings in it right now
The inferral cache has 85 tilings in it right now
There are 58 tilings in the search tree
Time taken so far is 1.3240392208099365 seconds

Doing depth 8
We had 16 inferral cache hits and 1368 partitioning cache hits
The partitioning cache has 0 tilings in it right now
The inferral cache has 126 tilings in it right now
There are 94 tilings in the search tree
Time taken so far is 2.423861503601074 seconds

Now processing 0123_0231_0312_1203_2013
Doing depth 1
We had 0 inferral cache hits and 0 partitioning cache hits
The partitioning cache has 0 tilings in it right now
The inferral cache has 4 tilings in it right now
There are 4 tilings in the search tree
Time taken so far is 0.01555633544921875 seconds

Doing depth 2
We had 0 inferral cache hits and 5 partitioning cache hits
The partitioning cache has 0 tilings in it right now
The inferral cache has 8 tilings in it right now
There are 8 tilings in the search tree
Time taken so far is 0.05840277671813965 seconds

Doing depth 3
We had 1 inferral cache hits and 15 partitioning cache hits
The partitioning cache has 0 tilings in it right now
The inferral cache has 16 tilings in it right now
There are 13 tilings in the search tree
Time taken so far is 0.11456680297851562 seconds

Doing depth 4
We had 1 inferral cache hits and 20 partitioning cache hits
The partitioning cache has 0 tilings in it right now
The inferral cache has 20 tilings in it right now
There are 15 tilings in the search tree
Time taken so far is 0.14208745956420898 seconds

Doing depth 5
We had 1 inferral cache hits and 80 partitioning cache hits
The partitioning cache has 0 tilings in it right now
The inferral cache has 42 tilings in it right now
There are 28 tilings in the search tree
Time taken so far is 0.38586997985839844 seconds

Doing depth 6
We had 11 inferral cache hits and 475 partitioning cache hits
The partitioning cache has 0 tilings in it right now
The inferral cache has 80 tilings in it right now
There are 60 tilings in the search tree
Time taken so far is 0.9482946395874023 seconds

Doing depth 7
We had 11 inferral cache hits and 590 partitioning cache hits
The partitioning cache has 0 tilings in it right now
The inferral cache has 95 tilings in it right now
There are 68 tilings in the search tree
Time taken so far is 1.7006158828735352 seconds

Doing depth 8
We had 12 inferral cache hits and 1496 partitioning cache hits
The partitioning cache has 0 tilings in it right now
The inferral cache has 137 tilings in it right now
There are 103 tilings in the search tree
Time taken so far is 5.846383571624756 seconds

Now processing 0132_0213_0231_0312_3120
Doing depth 1
We had 0 inferral cache hits and 0 partitioning cache hits
The partitioning cache has 0 tilings in it right now
The inferral cache has 4 tilings in it right now
There are 4 tilings in the search tree
Time taken so far is 0.010054588317871094 seconds

Doing depth 2
We had 0 inferral cache hits and 9 partitioning cache hits
The partitioning cache has 0 tilings in it right now
The inferral cache has 8 tilings in it right now
There are 10 tilings in the search tree
Time taken so far is 0.04458308219909668 seconds

Doing depth 3
We had 1 inferral cache hits and 37 partitioning cache hits
The partitioning cache has 0 tilings in it right now
The inferral cache has 16 tilings in it right now
There are 17 tilings in the search tree
Time taken so far is 0.1430344581604004 seconds

Doing depth 4
We had 1 inferral cache hits and 53 partitioning cache hits
The partitioning cache has 0 tilings in it right now
The inferral cache has 20 tilings in it right now
There are 20 tilings in the search tree
Time taken so far is 0.30113840103149414 seconds

Doing depth 5
We had 1 inferral cache hits and 141 partitioning cache hits
The partitioning cache has 0 tilings in it right now
The inferral cache has 31 tilings in it right now
There are 28 tilings in the search tree
Time taken so far is 0.422837495803833 seconds

Doing depth 6
We had 8 inferral cache hits and 531 partitioning cache hits
The partitioning cache has 0 tilings in it right now
The inferral cache has 51 tilings in it right now
There are 48 tilings in the search tree
Time taken so far is 1.3092362880706787 seconds

Doing depth 7
We had 8 inferral cache hits and 1568 partitioning cache hits
The partitioning cache has 0 tilings in it right now
The inferral cache has 99 tilings in it right now
There are 81 tilings in the search tree
Time taken so far is 2.5719807147979736 seconds

Doing depth 8
We had 23 inferral cache hits and 7835 partitioning cache hits
The partitioning cache has 0 tilings in it right now
The inferral cache has 200 tilings in it right now
There are 184 tilings in the search tree
Time taken so far is 8.186694145202637 seconds

Now processing 0132_0213_0231_0321_3120
Doing depth 1
We had 0 inferral cache hits and 0 partitioning cache hits
The partitioning cache has 0 tilings in it right now
The inferral cache has 4 tilings in it right now
There are 4 tilings in the search tree
Time taken so far is 0.019198179244995117 seconds

Doing depth 2
We had 0 inferral cache hits and 9 partitioning cache hits
The partitioning cache has 0 tilings in it right now
The inferral cache has 8 tilings in it right now
There are 10 tilings in the search tree
Time taken so far is 0.0758523941040039 seconds

Doing depth 3
We had 1 inferral cache hits and 37 partitioning cache hits
The partitioning cache has 0 tilings in it right now
The inferral cache has 16 tilings in it right now
There are 17 tilings in the search tree
Time taken so far is 0.20047378540039062 seconds

Doing depth 4
We had 1 inferral cache hits and 53 partitioning cache hits
The partitioning cache has 0 tilings in it right now
The inferral cache has 20 tilings in it right now
There are 20 tilings in the search tree
Time taken so far is 0.41726088523864746 seconds

Doing depth 5
We had 1 inferral cache hits and 141 partitioning cache hits
The partitioning cache has 0 tilings in it right now
The inferral cache has 31 tilings in it right now
There are 28 tilings in the search tree
Time taken so far is 0.5517816543579102 seconds

Doing depth 6
We had 8 inferral cache hits and 531 partitioning cache hits
The partitioning cache has 0 tilings in it right now
The inferral cache has 55 tilings in it right now
There are 49 tilings in the search tree
Time taken so far is 1.3320884704589844 seconds

Doing depth 7
We had 8 inferral cache hits and 2601 partitioning cache hits
The partitioning cache has 0 tilings in it right now
The inferral cache has 134 tilings in it right now
There are 105 tilings in the search tree
Time taken so far is 2.759016990661621 seconds

Doing depth 8
We had 15 inferral cache hits and 7164 partitioning cache hits
The partitioning cache has 0 tilings in it right now
The inferral cache has 203 tilings in it right now
There are 173 tilings in the search tree
Time taken so far is 8.734302282333374 seconds

Now processing 0132_0213_0231_1230_2301
Doing depth 1
We had 0 inferral cache hits and 0 partitioning cache hits
The partitioning cache has 0 tilings in it right now
The inferral cache has 4 tilings in it right now
There are 4 tilings in the search tree
Time taken so far is 0.015239715576171875 seconds

Doing depth 2
We had 0 inferral cache hits and 5 partitioning cache hits
The partitioning cache has 0 tilings in it right now
The inferral cache has 8 tilings in it right now
There are 8 tilings in the search tree
Time taken so far is 0.05956268310546875 seconds

Doing depth 3
We had 1 inferral cache hits and 15 partitioning cache hits
The partitioning cache has 0 tilings in it right now
The inferral cache has 15 tilings in it right now
There are 13 tilings in the search tree
Time taken so far is 0.11845779418945312 seconds

Doing depth 4
We had 1 inferral cache hits and 20 partitioning cache hits
The partitioning cache has 0 tilings in it right now
The inferral cache has 20 tilings in it right now
There are 15 tilings in the search tree
Time taken so far is 0.15309691429138184 seconds

Doing depth 5
We had 2 inferral cache hits and 108 partitioning cache hits
The partitioning cache has 0 tilings in it right now
The inferral cache has 36 tilings in it right now
There are 27 tilings in the search tree
Time taken so far is 0.29575181007385254 seconds

Doing depth 6
We had 7 inferral cache hits and 307 partitioning cache hits
The partitioning cache has 0 tilings in it right now
The inferral cache has 49 tilings in it right now
There are 39 tilings in the search tree
Time taken so far is 0.6485757827758789 seconds

Doing depth 7
We had 8 inferral cache hits and 700 partitioning cache hits
The partitioning cache has 0 tilings in it right now
The inferral cache has 93 tilings in it right now
There are 67 tilings in the search tree
Time taken so far is 1.4956605434417725 seconds

Doing depth 8
We had 10 inferral cache hits and 1920 partitioning cache hits
The partitioning cache has 0 tilings in it right now
The inferral cache has 135 tilings in it right now
There are 103 tilings in the search tree
Time taken so far is 6.209317684173584 seconds

Now processing 0132_0213_1023_1230_2301
Doing depth 1
We had 0 inferral cache hits and 0 partitioning cache hits
The partitioning cache has 0 tilings in it right now
The inferral cache has 4 tilings in it right now
There are 4 tilings in the search tree
Time taken so far is 0.007153511047363281 seconds

Doing depth 2
We had 0 inferral cache hits and 5 partitioning cache hits
The partitioning cache has 0 tilings in it right now
The inferral cache has 9 tilings in it right now
There are 8 tilings in the search tree
Time taken so far is 0.03337383270263672 seconds

Doing depth 3
We had 0 inferral cache hits and 15 partitioning cache hits
The partitioning cache has 0 tilings in it right now
The inferral cache has 18 tilings in it right now
There are 13 tilings in the search tree
Time taken so far is 0.08266878128051758 seconds

Doing depth 4
We had 0 inferral cache hits and 20 partitioning cache hits
The partitioning cache has 0 tilings in it right now
The inferral cache has 22 tilings in it right now
There are 15 tilings in the search tree
Time taken so far is 0.11027693748474121 seconds

Doing depth 5
We had 0 inferral cache hits and 94 partitioning cache hits
The partitioning cache has 0 tilings in it right now
The inferral cache has 37 tilings in it right now
There are 25 tilings in the search tree
Time taken so far is 0.2241203784942627 seconds

Doing depth 6
We had 5 inferral cache hits and 310 partitioning cache hits
The partitioning cache has 0 tilings in it right now
The inferral cache has 53 tilings in it right now
There are 40 tilings in the search tree
Time taken so far is 0.4461643695831299 seconds

Doing depth 7
We had 5 inferral cache hits and 444 partitioning cache hits
The partitioning cache has 0 tilings in it right now
The inferral cache has 79 tilings in it right now
There are 52 tilings in the search tree
Time taken so far is 0.9349579811096191 seconds

Doing depth 8
We had 7 inferral cache hits and 1416 partitioning cache hits
The partitioning cache has 0 tilings in it right now
The inferral cache has 120 tilings in it right now
There are 91 tilings in the search tree
Time taken so far is 1.8052985668182373 seconds

Now processing 0132_0213_1023_1230_3012
Doing depth 1
We had 0 inferral cache hits and 0 partitioning cache hits
The partitioning cache has 0 tilings in it right now
The inferral cache has 4 tilings in it right now
There are 4 tilings in the search tree
Time taken so far is 0.015255928039550781 seconds

Doing depth 2
We had 0 inferral cache hits and 5 partitioning cache hits
The partitioning cache has 0 tilings in it right now
The inferral cache has 9 tilings in it right now
There are 8 tilings in the search tree
Time taken so far is 0.058693885803222656 seconds

Doing depth 3
We had 1 inferral cache hits and 15 partitioning cache hits
The partitioning cache has 0 tilings in it right now
The inferral cache has 18 tilings in it right now
There are 13 tilings in the search tree
Time taken so far is 0.12636661529541016 seconds

Doing depth 4
We had 1 inferral cache hits and 20 partitioning cache hits
The partitioning cache has 0 tilings in it right now
The inferral cache has 22 tilings in it right now
There are 15 tilings in the search tree
Time taken so far is 0.15394139289855957 seconds

Doing depth 5
We had 1 inferral cache hits and 95 partitioning cache hits
The partitioning cache has 0 tilings in it right now
The inferral cache has 38 tilings in it right now
There are 25 tilings in the search tree
Time taken so far is 0.36678433418273926 seconds

Doing depth 6
We had 11 inferral cache hits and 1374 partitioning cache hits
The partitioning cache has 0 tilings in it right now
The inferral cache has 75 tilings in it right now
There are 67 tilings in the search tree
Time taken so far is 0.9661469459533691 seconds

Doing depth 7
We had 11 inferral cache hits and 1546 partitioning cache hits
The partitioning cache has 0 tilings in it right now
The inferral cache has 100 tilings in it right now
There are 80 tilings in the search tree
Time taken so far is 1.399488925933838 seconds

Doing depth 8
We had 14 inferral cache hits and 5831 partitioning cache hits
The partitioning cache has 0 tilings in it right now
The inferral cache has 156 tilings in it right now
There are 141 tilings in the search tree
Time taken so far is 3.3929619789123535 seconds

Now processing 0132_0213_1203_1230_3012
Doing depth 1
We had 0 inferral cache hits and 0 partitioning cache hits
The partitioning cache has 0 tilings in it right now
The inferral cache has 4 tilings in it right now
There are 4 tilings in the search tree
Time taken so far is 0.007117271423339844 seconds

Doing depth 2
We had 0 inferral cache hits and 5 partitioning cache hits
The partitioning cache has 0 tilings in it right now
The inferral cache has 8 tilings in it right now
There are 8 tilings in the search tree
Time taken so far is 0.03011918067932129 seconds

Doing depth 3
We had 1 inferral cache hits and 15 partitioning cache hits
The partitioning cache has 0 tilings in it right now
The inferral cache has 16 tilings in it right now
There are 13 tilings in the search tree
Time taken so far is 0.06789040565490723 seconds

Doing depth 4
We had 1 inferral cache hits and 20 partitioning cache hits
The partitioning cache has 0 tilings in it right now
The inferral cache has 21 tilings in it right now
There are 15 tilings in the search tree
Time taken so far is 0.08883166313171387 seconds

Doing depth 5
We had 1 inferral cache hits and 98 partitioning cache hits
The partitioning cache has 0 tilings in it right now
The inferral cache has 30 tilings in it right now
There are 24 tilings in the search tree
Time taken so far is 0.2826826572418213 seconds

Doing depth 6
We had 4 inferral cache hits and 282 partitioning cache hits
The partitioning cache has 0 tilings in it right now
The inferral cache has 43 tilings in it right now
There are 32 tilings in the search tree
Time taken so far is 0.8180489540100098 seconds

Doing depth 7
We had 4 inferral cache hits and 702 partitioning cache hits
The partitioning cache has 0 tilings in it right now
The inferral cache has 75 tilings in it right now
There are 51 tilings in the search tree
Time taken so far is 1.6591367721557617 seconds

Doing depth 8
We had 8 inferral cache hits and 2684 partitioning cache hits
The partitioning cache has 0 tilings in it right now
The inferral cache has 118 tilings in it right now
There are 102 tilings in the search tree
Time taken so far is 4.751689672470093 seconds

Now processing 0132_0213_1230_2301_3012
Doing depth 1
We had 0 inferral cache hits and 0 partitioning cache hits
The partitioning cache has 0 tilings in it right now
The inferral cache has 4 tilings in it right now
There are 4 tilings in the search tree
Time taken so far is 0.015198945999145508 seconds

Doing depth 2
We had 0 inferral cache hits and 5 partitioning cache hits
The partitioning cache has 0 tilings in it right now
The inferral cache has 8 tilings in it right now
There are 8 tilings in the search tree
Time taken so far is 0.05768871307373047 seconds

Doing depth 3
We had 1 inferral cache hits and 15 partitioning cache hits
The partitioning cache has 0 tilings in it right now
The inferral cache has 16 tilings in it right now
There are 13 tilings in the search tree
Time taken so far is 0.11015462875366211 seconds

Doing depth 4
We had 1 inferral cache hits and 20 partitioning cache hits
The partitioning cache has 0 tilings in it right now
The inferral cache has 20 tilings in it right now
There are 15 tilings in the search tree
Time taken so far is 0.1409287452697754 seconds

Doing depth 5
We had 2 inferral cache hits and 94 partitioning cache hits
The partitioning cache has 0 tilings in it right now
The inferral cache has 39 tilings in it right now
There are 27 tilings in the search tree
Time taken so far is 0.3052937984466553 seconds

Doing depth 6
We had 13 inferral cache hits and 1621 partitioning cache hits
The partitioning cache has 0 tilings in it right now
The inferral cache has 82 tilings in it right now
There are 74 tilings in the search tree
Time taken so far is 0.8946444988250732 seconds

Doing depth 7
We had 14 inferral cache hits and 1748 partitioning cache hits
The partitioning cache has 0 tilings in it right now
The inferral cache has 114 tilings in it right now
There are 87 tilings in the search tree
Time taken so far is 1.4619152545928955 seconds

Doing depth 8
We had 26 inferral cache hits and 9674 partitioning cache hits
The partitioning cache has 0 tilings in it right now
The inferral cache has 196 tilings in it right now
There are 169 tilings in the search tree
Time taken so far is 3.1424074172973633 seconds

Now processing 0132_0231_0312_0321_3120
Doing depth 1
We had 0 inferral cache hits and 0 partitioning cache hits
The partitioning cache has 0 tilings in it right now
The inferral cache has 4 tilings in it right now
There are 4 tilings in the search tree
Time taken so far is 0.009821414947509766 seconds

Doing depth 2
We had 0 inferral cache hits and 9 partitioning cache hits
The partitioning cache has 0 tilings in it right now
The inferral cache has 8 tilings in it right now
There are 10 tilings in the search tree
Time taken so far is 0.04427528381347656 seconds

Doing depth 3
We had 1 inferral cache hits and 37 partitioning cache hits
The partitioning cache has 0 tilings in it right now
The inferral cache has 17 tilings in it right now
There are 17 tilings in the search tree
Time taken so far is 0.14031696319580078 seconds

Doing depth 4
We had 1 inferral cache hits and 53 partitioning cache hits
The partitioning cache has 0 tilings in it right now
The inferral cache has 21 tilings in it right now
There are 20 tilings in the search tree
Time taken so far is 0.34226441383361816 seconds

Doing depth 5
We had 1 inferral cache hits and 141 partitioning cache hits
The partitioning cache has 0 tilings in it right now
The inferral cache has 30 tilings in it right now
There are 28 tilings in the search tree
Time taken so far is 0.4964590072631836 seconds

Doing depth 6
We had 8 inferral cache hits and 513 partitioning cache hits
The partitioning cache has 0 tilings in it right now
The inferral cache has 46 tilings in it right now
There are 44 tilings in the search tree
Time taken so far is 1.0657014846801758 seconds

Doing depth 7
We had 8 inferral cache hits and 817 partitioning cache hits
The partitioning cache has 0 tilings in it right now
The inferral cache has 91 tilings in it right now
There are 66 tilings in the search tree
Time taken so far is 1.9570643901824951 seconds

Doing depth 8
We had 8 inferral cache hits and 6118 partitioning cache hits
The partitioning cache has 0 tilings in it right now
The inferral cache has 171 tilings in it right now
There are 138 tilings in the search tree
Time taken so far is 4.9823362827301025 seconds

Now processing 0132_0231_0312_1032_3120
Doing depth 1
We had 0 inferral cache hits and 0 partitioning cache hits
The partitioning cache has 0 tilings in it right now
The inferral cache has 4 tilings in it right now
There are 4 tilings in the search tree
Time taken so far is 0.015960216522216797 seconds

Doing depth 2
We had 0 inferral cache hits and 5 partitioning cache hits
The partitioning cache has 0 tilings in it right now
The inferral cache has 8 tilings in it right now
There are 8 tilings in the search tree
Time taken so far is 0.05541276931762695 seconds

Doing depth 3
We had 1 inferral cache hits and 15 partitioning cache hits
The partitioning cache has 0 tilings in it right now
The inferral cache has 17 tilings in it right now
There are 13 tilings in the search tree
Time taken so far is 0.1046900749206543 seconds

Doing depth 4
We had 1 inferral cache hits and 20 partitioning cache hits
The partitioning cache has 0 tilings in it right now
The inferral cache has 21 tilings in it right now
There are 15 tilings in the search tree
Time taken so far is 0.13617634773254395 seconds

Doing depth 5
We had 1 inferral cache hits and 108 partitioning cache hits
The partitioning cache has 0 tilings in it right now
The inferral cache has 30 tilings in it right now
There are 23 tilings in the search tree
Time taken so far is 0.28433823585510254 seconds

Doing depth 6
We had 9 inferral cache hits and 465 partitioning cache hits
The partitioning cache has 0 tilings in it right now
The inferral cache has 44 tilings in it right now
There are 41 tilings in the search tree
Time taken so far is 0.712489128112793 seconds

Doing depth 7
We had 9 inferral cache hits and 752 partitioning cache hits
The partitioning cache has 0 tilings in it right now
The inferral cache has 97 tilings in it right now
There are 65 tilings in the search tree
Time taken so far is 1.5315852165222168 seconds

Doing depth 8
We had 18 inferral cache hits and 39240 partitioning cache hits
The partitioning cache has 0 tilings in it right now
The inferral cache has 238 tilings in it right now
There are 284 tilings in the search tree
Time taken so far is 12.65978455543518 seconds

Now processing 0132_0231_0312_1203_2013
Doing depth 1
We had 0 inferral cache hits and 0 partitioning cache hits
The partitioning cache has 0 tilings in it right now
The inferral cache has 4 tilings in it right now
There are 4 tilings in the search tree
Time taken so far is 0.006972312927246094 seconds

Doing depth 2
We had 0 inferral cache hits and 5 partitioning cache hits
The partitioning cache has 0 tilings in it right now
The inferral cache has 8 tilings in it right now
There are 8 tilings in the search tree
Time taken so far is 0.030267715454101562 seconds

Doing depth 3
We had 1 inferral cache hits and 15 partitioning cache hits
The partitioning cache has 0 tilings in it right now
The inferral cache has 16 tilings in it right now
There are 13 tilings in the search tree
Time taken so far is 0.07101750373840332 seconds

Doing depth 4
We had 1 inferral cache hits and 20 partitioning cache hits
The partitioning cache has 0 tilings in it right now
The inferral cache has 20 tilings in it right now
There are 15 tilings in the search tree
Time taken so far is 0.09371018409729004 seconds

Doing depth 5
We had 1 inferral cache hits and 80 partitioning cache hits
The partitioning cache has 0 tilings in it right now
The inferral cache has 44 tilings in it right now
There are 28 tilings in the search tree
Time taken so far is 0.2903895378112793 seconds

Doing depth 6
We had 7 inferral cache hits and 475 partitioning cache hits
The partitioning cache has 0 tilings in it right now
The inferral cache has 87 tilings in it right now
There are 60 tilings in the search tree
Time taken so far is 0.8331892490386963 seconds

Doing depth 7
We had 7 inferral cache hits and 590 partitioning cache hits
The partitioning cache has 0 tilings in it right now
The inferral cache has 102 tilings in it right now
There are 68 tilings in the search tree
Time taken so far is 1.5713160037994385 seconds

Doing depth 8
We had 8 inferral cache hits and 1496 partitioning cache hits
The partitioning cache has 0 tilings in it right now
The inferral cache has 146 tilings in it right now
There are 103 tilings in the search tree
Time taken so far is 5.434569597244263 seconds

Now processing 0132_0231_0321_1032_3120
Doing depth 1
We had 0 inferral cache hits and 0 partitioning cache hits
The partitioning cache has 0 tilings in it right now
The inferral cache has 4 tilings in it right now
There are 4 tilings in the search tree
Time taken so far is 0.0075473785400390625 seconds

Doing depth 2
We had 0 inferral cache hits and 5 partitioning cache hits
The partitioning cache has 0 tilings in it right now
The inferral cache has 8 tilings in it right now
There are 8 tilings in the search tree
Time taken so far is 0.02962350845336914 seconds

Doing depth 3
We had 1 inferral cache hits and 15 partitioning cache hits
The partitioning cache has 0 tilings in it right now
The inferral cache has 17 tilings in it right now
There are 13 tilings in the search tree
Time taken so far is 0.06481409072875977 seconds

Doing depth 4
We had 1 inferral cache hits and 20 partitioning cache hits
The partitioning cache has 0 tilings in it right now
The inferral cache has 21 tilings in it right now
There are 15 tilings in the search tree
Time taken so far is 0.09124517440795898 seconds

Doing depth 5
We had 1 inferral cache hits and 108 partitioning cache hits
The partitioning cache has 0 tilings in it right now
The inferral cache has 30 tilings in it right now
There are 23 tilings in the search tree
Time taken so far is 0.21331548690795898 seconds

Doing depth 6
We had 8 inferral cache hits and 479 partitioning cache hits
The partitioning cache has 0 tilings in it right now
The inferral cache has 44 tilings in it right now
There are 42 tilings in the search tree
Time taken so far is 0.6201481819152832 seconds

Doing depth 7
We had 8 inferral cache hits and 782 partitioning cache hits
The partitioning cache has 0 tilings in it right now
The inferral cache has 107 tilings in it right now
There are 70 tilings in the search tree
Time taken so far is 1.7751097679138184 seconds

Doing depth 8
We had 17 inferral cache hits and 39180 partitioning cache hits
The partitioning cache has 0 tilings in it right now
The inferral cache has 294 tilings in it right now
There are 302 tilings in the search tree
Time taken so far is 12.354082584381104 seconds

Now processing 0132_0231_1023_1203_2301
Doing depth 1
We had 0 inferral cache hits and 0 partitioning cache hits
The partitioning cache has 0 tilings in it right now
The inferral cache has 4 tilings in it right now
There are 4 tilings in the search tree
Time taken so far is 0.015559196472167969 seconds

Doing depth 2
We had 0 inferral cache hits and 5 partitioning cache hits
The partitioning cache has 0 tilings in it right now
The inferral cache has 8 tilings in it right now
There are 8 tilings in the search tree
Time taken so far is 0.06350564956665039 seconds

Doing depth 3
We had 1 inferral cache hits and 15 partitioning cache hits
The partitioning cache has 0 tilings in it right now
The inferral cache has 16 tilings in it right now
There are 13 tilings in the search tree
Time taken so far is 0.14495491981506348 seconds

Doing depth 4
We had 1 inferral cache hits and 20 partitioning cache hits
The partitioning cache has 0 tilings in it right now
The inferral cache has 20 tilings in it right now
There are 15 tilings in the search tree
Time taken so far is 0.1773972511291504 seconds

Doing depth 5
We had 1 inferral cache hits and 94 partitioning cache hits
The partitioning cache has 0 tilings in it right now
The inferral cache has 39 tilings in it right now
There are 27 tilings in the search tree
Time taken so far is 0.3571953773498535 seconds

Doing depth 6
We had 12 inferral cache hits and 1626 partitioning cache hits
The partitioning cache has 0 tilings in it right now
The inferral cache has 81 tilings in it right now
There are 76 tilings in the search tree
Time taken so far is 1.0011239051818848 seconds

Doing depth 7
We had 12 inferral cache hits and 1760 partitioning cache hits
The partitioning cache has 0 tilings in it right now
The inferral cache has 105 tilings in it right now
There are 88 tilings in the search tree
Time taken so far is 1.5377626419067383 seconds

Doing depth 8
We had 18 inferral cache hits and 4495 partitioning cache hits
The partitioning cache has 0 tilings in it right now
The inferral cache has 180 tilings in it right now
There are 158 tilings in the search tree
Time taken so far is 4.000473499298096 seconds

Now processing 0132_0231_1023_1203_3012
Doing depth 1
We had 0 inferral cache hits and 0 partitioning cache hits
The partitioning cache has 0 tilings in it right now
The inferral cache has 4 tilings in it right now
There are 4 tilings in the search tree
Time taken so far is 0.01540994644165039 seconds

Doing depth 2
We had 0 inferral cache hits and 5 partitioning cache hits
The partitioning cache has 0 tilings in it right now
The inferral cache has 8 tilings in it right now
There are 8 tilings in the search tree
Time taken so far is 0.05471372604370117 seconds

Doing depth 3
We had 1 inferral cache hits and 15 partitioning cache hits
The partitioning cache has 0 tilings in it right now
The inferral cache has 16 tilings in it right now
There are 13 tilings in the search tree
Time taken so far is 0.10702991485595703 seconds

Doing depth 4
We had 1 inferral cache hits and 20 partitioning cache hits
The partitioning cache has 0 tilings in it right now
The inferral cache has 20 tilings in it right now
There are 15 tilings in the search tree
Time taken so far is 0.13536286354064941 seconds

Doing depth 5
We had 1 inferral cache hits and 95 partitioning cache hits
The partitioning cache has 0 tilings in it right now
The inferral cache has 41 tilings in it right now
There are 27 tilings in the search tree
Time taken so far is 0.41452550888061523 seconds

Doing depth 6
We had 14 inferral cache hits and 2272 partitioning cache hits
The partitioning cache has 0 tilings in it right now
The inferral cache has 92 tilings in it right now
There are 76 tilings in the search tree
Time taken so far is 1.5935420989990234 seconds

Doing depth 7
We had 14 inferral cache hits and 2444 partitioning cache hits
The partitioning cache has 0 tilings in it right now
The inferral cache has 116 tilings in it right now
There are 89 tilings in the search tree
Time taken so far is 1.9960296154022217 seconds

Doing depth 8
We had 15 inferral cache hits and 3537 partitioning cache hits
The partitioning cache has 0 tilings in it right now
The inferral cache has 154 tilings in it right now
There are 128 tilings in the search tree
Time taken so far is 3.7334301471710205 seconds

Now processing 0132_0231_1023_1230_2013
Doing depth 1
We had 0 inferral cache hits and 0 partitioning cache hits
The partitioning cache has 0 tilings in it right now
The inferral cache has 4 tilings in it right now
There are 4 tilings in the search tree
Time taken so far is 0.015152692794799805 seconds

Doing depth 2
We had 0 inferral cache hits and 5 partitioning cache hits
The partitioning cache has 0 tilings in it right now
The inferral cache has 9 tilings in it right now
There are 8 tilings in the search tree
Time taken so far is 0.06313085556030273 seconds

Doing depth 3
We had 0 inferral cache hits and 15 partitioning cache hits
The partitioning cache has 0 tilings in it right now
The inferral cache has 18 tilings in it right now
There are 13 tilings in the search tree
Time taken so far is 0.1300647258758545 seconds

Doing depth 4
We had 0 inferral cache hits and 20 partitioning cache hits
The partitioning cache has 0 tilings in it right now
The inferral cache has 23 tilings in it right now
There are 15 tilings in the search tree
Time taken so far is 0.16085457801818848 seconds

Doing depth 5
We had 0 inferral cache hits and 99 partitioning cache hits
The partitioning cache has 0 tilings in it right now
The inferral cache has 39 tilings in it right now
There are 28 tilings in the search tree
Time taken so far is 0.4007878303527832 seconds

Doing depth 6
We had 6 inferral cache hits and 479 partitioning cache hits
The partitioning cache has 0 tilings in it right now
The inferral cache has 80 tilings in it right now
There are 55 tilings in the search tree
Time taken so far is 1.3918733596801758 seconds

Doing depth 7
We had 7 inferral cache hits and 974 partitioning cache hits
The partitioning cache has 0 tilings in it right now
The inferral cache has 114 tilings in it right now
There are 77 tilings in the search tree
Time taken so far is 2.6059701442718506 seconds

Doing depth 8
We had 21 inferral cache hits and 4045 partitioning cache hits
The partitioning cache has 0 tilings in it right now
The inferral cache has 197 tilings in it right now
There are 147 tilings in the search tree
Time taken so far is 9.640496492385864 seconds

Now processing 0132_0231_1023_1230_2301
Doing depth 1
We had 0 inferral cache hits and 0 partitioning cache hits
The partitioning cache has 0 tilings in it right now
The inferral cache has 4 tilings in it right now
There are 4 tilings in the search tree
Time taken so far is 0.014856338500976562 seconds

Doing depth 2
We had 0 inferral cache hits and 5 partitioning cache hits
The partitioning cache has 0 tilings in it right now
The inferral cache has 9 tilings in it right now
There are 8 tilings in the search tree
Time taken so far is 0.061248779296875 seconds

Doing depth 3
We had 0 inferral cache hits and 15 partitioning cache hits
The partitioning cache has 0 tilings in it right now
The inferral cache has 18 tilings in it right now
There are 13 tilings in the search tree
Time taken so far is 0.12567901611328125 seconds

Doing depth 4
We had 0 inferral cache hits and 20 partitioning cache hits
The partitioning cache has 0 tilings in it right now
The inferral cache has 23 tilings in it right now
There are 15 tilings in the search tree
Time taken so far is 0.15964746475219727 seconds

Doing depth 5
We had 0 inferral cache hits and 113 partitioning cache hits
The partitioning cache has 0 tilings in it right now
The inferral cache has 37 tilings in it right now
There are 27 tilings in the search tree
Time taken so far is 0.3213038444519043 seconds

Doing depth 6
We had 5 inferral cache hits and 336 partitioning cache hits
The partitioning cache has 0 tilings in it right now
The inferral cache has 59 tilings in it right now
There are 44 tilings in the search tree
Time taken so far is 0.7077248096466064 seconds

Doing depth 7
We had 6 inferral cache hits and 749 partitioning cache hits
The partitioning cache has 0 tilings in it right now
The inferral cache has 95 tilings in it right now
There are 65 tilings in the search tree
Time taken so far is 1.377145767211914 seconds

Doing depth 8
We had 9 inferral cache hits and 1652 partitioning cache hits
The partitioning cache has 0 tilings in it right now
The inferral cache has 136 tilings in it right now
There are 100 tilings in the search tree
Time taken so far is 2.180210828781128 seconds

Now processing 0132_0231_1203_1230_2301
Doing depth 1
We had 0 inferral cache hits and 0 partitioning cache hits
The partitioning cache has 0 tilings in it right now
The inferral cache has 4 tilings in it right now
There are 4 tilings in the search tree
Time taken so far is 0.0067446231842041016 seconds

Doing depth 2
We had 0 inferral cache hits and 5 partitioning cache hits
The partitioning cache has 0 tilings in it right now
The inferral cache has 8 tilings in it right now
There are 8 tilings in the search tree
Time taken so far is 0.03227496147155762 seconds

Doing depth 3
We had 1 inferral cache hits and 15 partitioning cache hits
The partitioning cache has 0 tilings in it right now
The inferral cache has 16 tilings in it right now
There are 13 tilings in the search tree
Time taken so far is 0.07588624954223633 seconds

Doing depth 4
We had 1 inferral cache hits and 20 partitioning cache hits
The partitioning cache has 0 tilings in it right now
The inferral cache has 21 tilings in it right now
There are 15 tilings in the search tree
Time taken so far is 0.10172653198242188 seconds

Doing depth 5
We had 1 inferral cache hits and 89 partitioning cache hits
The partitioning cache has 0 tilings in it right now
The inferral cache has 29 tilings in it right now
There are 24 tilings in the search tree
Time taken so far is 0.2223186492919922 seconds

Doing depth 6
We had 4 inferral cache hits and 263 partitioning cache hits
The partitioning cache has 0 tilings in it right now
The inferral cache has 42 tilings in it right now
There are 32 tilings in the search tree
Time taken so far is 0.5708389282226562 seconds

Doing depth 7
We had 5 inferral cache hits and 614 partitioning cache hits
The partitioning cache has 0 tilings in it right now
The inferral cache has 75 tilings in it right now
There are 55 tilings in the search tree
Time taken so far is 1.638416051864624 seconds

Doing depth 8
We had 5 inferral cache hits and 1441 partitioning cache hits
The partitioning cache has 0 tilings in it right now
The inferral cache has 95 tilings in it right now
There are 75 tilings in the search tree
Time taken so far is 2.9122190475463867 seconds

Now processing 0132_0231_1203_1230_3012
Doing depth 1
We had 0 inferral cache hits and 0 partitioning cache hits
The partitioning cache has 0 tilings in it right now
The inferral cache has 4 tilings in it right now
There are 4 tilings in the search tree
Time taken so far is 0.015562295913696289 seconds

Doing depth 2
We had 0 inferral cache hits and 5 partitioning cache hits
The partitioning cache has 0 tilings in it right now
The inferral cache has 8 tilings in it right now
There are 8 tilings in the search tree
Time taken so far is 0.058949947357177734 seconds

Doing depth 3
We had 1 inferral cache hits and 15 partitioning cache hits
The partitioning cache has 0 tilings in it right now
The inferral cache has 16 tilings in it right now
There are 13 tilings in the search tree
Time taken so far is 0.11415982246398926 seconds

Doing depth 4
We had 1 inferral cache hits and 20 partitioning cache hits
The partitioning cache has 0 tilings in it right now
The inferral cache has 21 tilings in it right now
There are 15 tilings in the search tree
Time taken so far is 0.14040637016296387 seconds

Doing depth 5
We had 1 inferral cache hits and 98 partitioning cache hits
The partitioning cache has 0 tilings in it right now
The inferral cache has 30 tilings in it right now
There are 24 tilings in the search tree
Time taken so far is 0.28251028060913086 seconds

Doing depth 6
We had 4 inferral cache hits and 282 partitioning cache hits
The partitioning cache has 0 tilings in it right now
The inferral cache has 43 tilings in it right now
There are 32 tilings in the search tree
Time taken so far is 0.7791986465454102 seconds

Doing depth 7
We had 4 inferral cache hits and 702 partitioning cache hits
The partitioning cache has 0 tilings in it right now
The inferral cache has 75 tilings in it right now
There are 51 tilings in the search tree
Time taken so far is 1.6670939922332764 seconds

Doing depth 8
We had 7 inferral cache hits and 2242 partitioning cache hits
The partitioning cache has 0 tilings in it right now
The inferral cache has 108 tilings in it right now
There are 88 tilings in the search tree
Time taken so far is 4.635433673858643 seconds

Now processing 0132_0231_1203_2013_3012
Doing depth 1
We had 0 inferral cache hits and 0 partitioning cache hits
The partitioning cache has 0 tilings in it right now
The inferral cache has 4 tilings in it right now
There are 4 tilings in the search tree
Time taken so far is 0.01552271842956543 seconds

Doing depth 2
We had 0 inferral cache hits and 5 partitioning cache hits
The partitioning cache has 0 tilings in it right now
The inferral cache has 8 tilings in it right now
There are 8 tilings in the search tree
Time taken so far is 0.05726814270019531 seconds

Doing depth 3
We had 1 inferral cache hits and 15 partitioning cache hits
The partitioning cache has 0 tilings in it right now
The inferral cache has 16 tilings in it right now
There are 13 tilings in the search tree
Time taken so far is 0.11185431480407715 seconds

Doing depth 4
We had 1 inferral cache hits and 20 partitioning cache hits
The partitioning cache has 0 tilings in it right now
The inferral cache has 20 tilings in it right now
There are 15 tilings in the search tree
Time taken so far is 0.14004158973693848 seconds

Doing depth 5
We had 1 inferral cache hits and 80 partitioning cache hits
The partitioning cache has 0 tilings in it right now
The inferral cache has 45 tilings in it right now
There are 28 tilings in the search tree
Time taken so far is 0.36452460289001465 seconds

Doing depth 6
We had 9 inferral cache hits and 437 partitioning cache hits
The partitioning cache has 0 tilings in it right now
The inferral cache has 93 tilings in it right now
There are 56 tilings in the search tree
Time taken so far is 0.867938756942749 seconds

Doing depth 7
We had 9 inferral cache hits and 545 partitioning cache hits
The partitioning cache has 0 tilings in it right now
The inferral cache has 108 tilings in it right now
There are 63 tilings in the search tree
Time taken so far is 1.4679522514343262 seconds

Doing depth 8
We had 10 inferral cache hits and 1451 partitioning cache hits
The partitioning cache has 0 tilings in it right now
The inferral cache has 160 tilings in it right now
There are 101 tilings in the search tree
Time taken so far is 4.74237585067749 seconds

Now processing 0132_0231_1302_2013_3012
Doing depth 1
We had 0 inferral cache hits and 0 partitioning cache hits
The partitioning cache has 0 tilings in it right now
The inferral cache has 4 tilings in it right now
There are 4 tilings in the search tree
Time taken so far is 0.015482187271118164 seconds

Doing depth 2
We had 0 inferral cache hits and 5 partitioning cache hits
The partitioning cache has 0 tilings in it right now
The inferral cache has 8 tilings in it right now
There are 8 tilings in the search tree
Time taken so far is 0.05619168281555176 seconds

Doing depth 3
We had 1 inferral cache hits and 15 partitioning cache hits
The partitioning cache has 0 tilings in it right now
The inferral cache has 16 tilings in it right now
There are 13 tilings in the search tree
Time taken so far is 0.10826849937438965 seconds

Doing depth 4
We had 1 inferral cache hits and 20 partitioning cache hits
The partitioning cache has 0 tilings in it right now
The inferral cache has 21 tilings in it right now
There are 15 tilings in the search tree
Time taken so far is 0.13831019401550293 seconds

Doing depth 5
We had 1 inferral cache hits and 125 partitioning cache hits
The partitioning cache has 0 tilings in it right now
The inferral cache has 40 tilings in it right now
There are 28 tilings in the search tree
Time taken so far is 0.3830864429473877 seconds

Doing depth 6
We had 6 inferral cache hits and 1059 partitioning cache hits
The partitioning cache has 0 tilings in it right now
The inferral cache has 100 tilings in it right now
There are 70 tilings in the search tree
Time taken so far is 1.9163153171539307 seconds

Doing depth 7
We had 16 inferral cache hits and 6326 partitioning cache hits
The partitioning cache has 0 tilings in it right now
The inferral cache has 196 tilings in it right now
There are 150 tilings in the search tree
Time taken so far is 7.930266857147217 seconds

Doing depth 8
We had 66 inferral cache hits and 53330 partitioning cache hits
The partitioning cache has 0 tilings in it right now
The inferral cache has 403 tilings in it right now
There are 376 tilings in the search tree
Time taken so far is 41.86096954345703 seconds

Now processing 0132_1023_1230_2301_3012
Doing depth 1
We had 0 inferral cache hits and 0 partitioning cache hits
The partitioning cache has 0 tilings in it right now
The inferral cache has 4 tilings in it right now
There are 4 tilings in the search tree
Time taken so far is 0.015009880065917969 seconds

Doing depth 2
We had 0 inferral cache hits and 5 partitioning cache hits
The partitioning cache has 0 tilings in it right now
The inferral cache has 9 tilings in it right now
There are 8 tilings in the search tree
Time taken so far is 0.06025099754333496 seconds

Doing depth 3
We had 1 inferral cache hits and 15 partitioning cache hits
The partitioning cache has 0 tilings in it right now
The inferral cache has 17 tilings in it right now
There are 13 tilings in the search tree
Time taken so far is 0.11545133590698242 seconds

Doing depth 4
We had 1 inferral cache hits and 20 partitioning cache hits
The partitioning cache has 0 tilings in it right now
The inferral cache has 21 tilings in it right now
There are 15 tilings in the search tree
Time taken so far is 0.14390110969543457 seconds

Doing depth 5
We had 1 inferral cache hits and 94 partitioning cache hits
The partitioning cache has 0 tilings in it right now
The inferral cache has 32 tilings in it right now
There are 24 tilings in the search tree
Time taken so far is 0.26570796966552734 seconds

Doing depth 6
We had 7 inferral cache hits and 354 partitioning cache hits
The partitioning cache has 0 tilings in it right now
The inferral cache has 45 tilings in it right now
There are 39 tilings in the search tree
Time taken so far is 0.49764275550842285 seconds

Doing depth 7
We had 7 inferral cache hits and 548 partitioning cache hits
The partitioning cache has 0 tilings in it right now
The inferral cache has 76 tilings in it right now
There are 55 tilings in the search tree
Time taken so far is 0.9583828449249268 seconds

Doing depth 8
We had 9 inferral cache hits and 1519 partitioning cache hits
The partitioning cache has 0 tilings in it right now
The inferral cache has 112 tilings in it right now
There are 89 tilings in the search tree
Time taken so far is 1.8597540855407715 seconds

Now processing 0132_1203_1230_2013_3012
Doing depth 1
We had 0 inferral cache hits and 0 partitioning cache hits
The partitioning cache has 0 tilings in it right now
The inferral cache has 4 tilings in it right now
There are 4 tilings in the search tree
Time taken so far is 0.0070455074310302734 seconds

Doing depth 2
We had 0 inferral cache hits and 5 partitioning cache hits
The partitioning cache has 0 tilings in it right now
The inferral cache has 8 tilings in it right now
There are 8 tilings in the search tree
Time taken so far is 0.03124094009399414 seconds

Doing depth 3
We had 1 inferral cache hits and 15 partitioning cache hits
The partitioning cache has 0 tilings in it right now
The inferral cache has 15 tilings in it right now
There are 13 tilings in the search tree
Time taken so far is 0.07185912132263184 seconds

Doing depth 4
We had 1 inferral cache hits and 20 partitioning cache hits
The partitioning cache has 0 tilings in it right now
The inferral cache has 20 tilings in it right now
There are 15 tilings in the search tree
Time taken so far is 0.09182405471801758 seconds

Doing depth 5
We had 1 inferral cache hits and 89 partitioning cache hits
The partitioning cache has 0 tilings in it right now
The inferral cache has 32 tilings in it right now
There are 26 tilings in the search tree
Time taken so far is 0.23973941802978516 seconds

Doing depth 6
We had 6 inferral cache hits and 370 partitioning cache hits
The partitioning cache has 0 tilings in it right now
The inferral cache has 55 tilings in it right now
There are 44 tilings in the search tree
Time taken so far is 0.6948175430297852 seconds

Doing depth 7
We had 6 inferral cache hits and 794 partitioning cache hits
The partitioning cache has 0 tilings in it right now
The inferral cache has 77 tilings in it right now
There are 62 tilings in the search tree
Time taken so far is 1.6331708431243896 seconds

Doing depth 8
We had 10 inferral cache hits and 2280 partitioning cache hits
The partitioning cache has 0 tilings in it right now
The inferral cache has 112 tilings in it right now
There are 102 tilings in the search tree
Time taken so far is 6.594623804092407 seconds

Now processing 0132_1203_1230_2301_3012
Doing depth 1
We had 0 inferral cache hits and 0 partitioning cache hits
The partitioning cache has 0 tilings in it right now
The inferral cache has 4 tilings in it right now
There are 4 tilings in the search tree
Time taken so far is 0.015061140060424805 seconds

Doing depth 2
We had 0 inferral cache hits and 5 partitioning cache hits
The partitioning cache has 0 tilings in it right now
The inferral cache has 8 tilings in it right now
There are 8 tilings in the search tree
Time taken so far is 0.06012892723083496 seconds

Doing depth 3
We had 1 inferral cache hits and 15 partitioning cache hits
The partitioning cache has 0 tilings in it right now
The inferral cache has 15 tilings in it right now
There are 13 tilings in the search tree
Time taken so far is 0.11518549919128418 seconds

Doing depth 4
We had 1 inferral cache hits and 20 partitioning cache hits
The partitioning cache has 0 tilings in it right now
The inferral cache has 20 tilings in it right now
There are 15 tilings in the search tree
Time taken so far is 0.14921307563781738 seconds

Doing depth 5
We had 1 inferral cache hits and 64 partitioning cache hits
The partitioning cache has 0 tilings in it right now
The inferral cache has 25 tilings in it right now
There are 19 tilings in the search tree
Time taken so far is 0.2304248809814453 seconds

Doing depth 6
We had 5 inferral cache hits and 211 partitioning cache hits
The partitioning cache has 0 tilings in it right now
The inferral cache has 33 tilings in it right now
There are 25 tilings in the search tree
Time taken so far is 0.46061086654663086 seconds

Doing depth 7
We had 6 inferral cache hits and 318 partitioning cache hits
The partitioning cache has 0 tilings in it right now
The inferral cache has 56 tilings in it right now
There are 35 tilings in the search tree
Time taken so far is 1.0863456726074219 seconds

Doing depth 8
We had 6 inferral cache hits and 1044 partitioning cache hits
The partitioning cache has 0 tilings in it right now
The inferral cache has 74 tilings in it right now
There are 58 tilings in the search tree
Time taken so far is 1.7288124561309814 seconds

Now processing 0213_0231_0312_1203_2013
Doing depth 1
We had 0 inferral cache hits and 0 partitioning cache hits
The partitioning cache has 0 tilings in it right now
The inferral cache has 4 tilings in it right now
There are 4 tilings in the search tree
Time taken so far is 0.015396595001220703 seconds

Doing depth 2
We had 0 inferral cache hits and 5 partitioning cache hits
The partitioning cache has 0 tilings in it right now
The inferral cache has 8 tilings in it right now
There are 8 tilings in the search tree
Time taken so far is 0.05910968780517578 seconds

Doing depth 3
We had 1 inferral cache hits and 15 partitioning cache hits
The partitioning cache has 0 tilings in it right now
The inferral cache has 15 tilings in it right now
There are 13 tilings in the search tree
Time taken so far is 0.11691832542419434 seconds

Doing depth 4
We had 1 inferral cache hits and 20 partitioning cache hits
The partitioning cache has 0 tilings in it right now
The inferral cache has 20 tilings in it right now
There are 15 tilings in the search tree
Time taken so far is 0.14638757705688477 seconds

Doing depth 5
We had 1 inferral cache hits and 94 partitioning cache hits
The partitioning cache has 0 tilings in it right now
The inferral cache has 43 tilings in it right now
There are 28 tilings in the search tree
Time taken so far is 0.40044236183166504 seconds

Doing depth 6
We had 6 inferral cache hits and 436 partitioning cache hits
The partitioning cache has 0 tilings in it right now
The inferral cache has 72 tilings in it right now
There are 51 tilings in the search tree
Time taken so far is 0.9743208885192871 seconds

Doing depth 7
We had 6 inferral cache hits and 712 partitioning cache hits
The partitioning cache has 0 tilings in it right now
The inferral cache has 94 tilings in it right now
There are 66 tilings in the search tree
Time taken so far is 1.779115915298462 seconds

Doing depth 8
We had 10 inferral cache hits and 1958 partitioning cache hits
The partitioning cache has 0 tilings in it right now
The inferral cache has 140 tilings in it right now
There are 107 tilings in the search tree
Time taken so far is 6.81584620475769 seconds

Now processing 0213_0231_0312_1203_3012
Doing depth 1
We had 0 inferral cache hits and 0 partitioning cache hits
The partitioning cache has 0 tilings in it right now
The inferral cache has 4 tilings in it right now
There are 4 tilings in the search tree
Time taken so far is 0.014865398406982422 seconds

Doing depth 2
We had 0 inferral cache hits and 5 partitioning cache hits
The partitioning cache has 0 tilings in it right now
The inferral cache has 8 tilings in it right now
There are 8 tilings in the search tree
Time taken so far is 0.05384945869445801 seconds

Doing depth 3
We had 1 inferral cache hits and 15 partitioning cache hits
The partitioning cache has 0 tilings in it right now
The inferral cache has 15 tilings in it right now
There are 13 tilings in the search tree
Time taken so far is 0.11996817588806152 seconds

Doing depth 4
We had 1 inferral cache hits and 20 partitioning cache hits
The partitioning cache has 0 tilings in it right now
The inferral cache has 20 tilings in it right now
There are 15 tilings in the search tree
Time taken so far is 0.14900422096252441 seconds

Doing depth 5
We had 1 inferral cache hits and 109 partitioning cache hits
The partitioning cache has 0 tilings in it right now
The inferral cache has 39 tilings in it right now
There are 27 tilings in the search tree
Time taken so far is 0.4611949920654297 seconds

Doing depth 6
We had 6 inferral cache hits and 342 partitioning cache hits
The partitioning cache has 0 tilings in it right now
The inferral cache has 52 tilings in it right now
There are 40 tilings in the search tree
Time taken so far is 0.9912552833557129 seconds

Doing depth 7
We had 6 inferral cache hits and 778 partitioning cache hits
The partitioning cache has 0 tilings in it right now
The inferral cache has 91 tilings in it right now
There are 64 tilings in the search tree
Time taken so far is 1.8708386421203613 seconds

Doing depth 8
We had 9 inferral cache hits and 2265 partitioning cache hits
The partitioning cache has 0 tilings in it right now
The inferral cache has 131 tilings in it right now
There are 101 tilings in the search tree
Time taken so far is 6.8550474643707275 seconds

Now processing 0213_0231_0312_1230_3012
Doing depth 1
We had 0 inferral cache hits and 0 partitioning cache hits
The partitioning cache has 0 tilings in it right now
The inferral cache has 4 tilings in it right now
There are 4 tilings in the search tree
Time taken so far is 0.014516592025756836 seconds

Doing depth 2
We had 0 inferral cache hits and 5 partitioning cache hits
The partitioning cache has 0 tilings in it right now
The inferral cache has 8 tilings in it right now
There are 8 tilings in the search tree
Time taken so far is 0.05399370193481445 seconds

Doing depth 3
We had 1 inferral cache hits and 15 partitioning cache hits
The partitioning cache has 0 tilings in it right now
The inferral cache has 15 tilings in it right now
There are 13 tilings in the search tree
Time taken so far is 0.10412931442260742 seconds

Doing depth 4
We had 1 inferral cache hits and 20 partitioning cache hits
The partitioning cache has 0 tilings in it right now
The inferral cache has 20 tilings in it right now
There are 15 tilings in the search tree
Time taken so far is 0.13372302055358887 seconds

Doing depth 5
We had 1 inferral cache hits and 109 partitioning cache hits
The partitioning cache has 0 tilings in it right now
The inferral cache has 40 tilings in it right now
There are 27 tilings in the search tree
Time taken so far is 0.4273819923400879 seconds

Doing depth 6
We had 8 inferral cache hits and 596 partitioning cache hits
The partitioning cache has 0 tilings in it right now
The inferral cache has 58 tilings in it right now
There are 48 tilings in the search tree
Time taken so far is 1.0681993961334229 seconds

Doing depth 7
We had 8 inferral cache hits and 1032 partitioning cache hits
The partitioning cache has 0 tilings in it right now
The inferral cache has 98 tilings in it right now
There are 71 tilings in the search tree
Time taken so far is 1.9472854137420654 seconds

Doing depth 8
We had 11 inferral cache hits and 2519 partitioning cache hits
The partitioning cache has 0 tilings in it right now
The inferral cache has 139 tilings in it right now
There are 108 tilings in the search tree
Time taken so far is 6.8788745403289795 seconds

Now processing 0213_0231_0321_1320_3120
Doing depth 1
We had 0 inferral cache hits and 0 partitioning cache hits
The partitioning cache has 0 tilings in it right now
The inferral cache has 4 tilings in it right now
There are 4 tilings in the search tree
Time taken so far is 0.015692710876464844 seconds

Doing depth 2
We had 0 inferral cache hits and 5 partitioning cache hits
The partitioning cache has 0 tilings in it right now
The inferral cache has 8 tilings in it right now
There are 8 tilings in the search tree
Time taken so far is 0.05641365051269531 seconds

Doing depth 3
We had 1 inferral cache hits and 15 partitioning cache hits
The partitioning cache has 0 tilings in it right now
The inferral cache has 16 tilings in it right now
There are 13 tilings in the search tree
Time taken so far is 0.11032724380493164 seconds

Doing depth 4
We had 1 inferral cache hits and 20 partitioning cache hits
The partitioning cache has 0 tilings in it right now
The inferral cache has 21 tilings in it right now
There are 15 tilings in the search tree
Time taken so far is 0.13998913764953613 seconds

Doing depth 5
We had 1 inferral cache hits and 108 partitioning cache hits
The partitioning cache has 0 tilings in it right now
The inferral cache has 45 tilings in it right now
There are 27 tilings in the search tree
Time taken so far is 0.310779333114624 seconds

Doing depth 6
We had 7 inferral cache hits and 669 partitioning cache hits
The partitioning cache has 0 tilings in it right now
The inferral cache has 72 tilings in it right now
There are 51 tilings in the search tree
Time taken so far is 1.0519318580627441 seconds

Doing depth 7
We had 7 inferral cache hits and 1183 partitioning cache hits
The partitioning cache has 0 tilings in it right now
The inferral cache has 127 tilings in it right now
There are 75 tilings in the search tree
Time taken so far is 2.0441832542419434 seconds

Doing depth 8
We had 15 inferral cache hits and 4290 partitioning cache hits
The partitioning cache has 0 tilings in it right now
The inferral cache has 186 tilings in it right now
There are 116 tilings in the search tree
Time taken so far is 8.481356143951416 seconds

Now processing 0213_0231_1203_1230_3012
Doing depth 1
We had 0 inferral cache hits and 0 partitioning cache hits
The partitioning cache has 0 tilings in it right now
The inferral cache has 4 tilings in it right now
There are 4 tilings in the search tree
Time taken so far is 0.0153350830078125 seconds

Doing depth 2
We had 0 inferral cache hits and 5 partitioning cache hits
The partitioning cache has 0 tilings in it right now
The inferral cache has 8 tilings in it right now
There are 8 tilings in the search tree
Time taken so far is 0.056610107421875 seconds

Doing depth 3
We had 1 inferral cache hits and 15 partitioning cache hits
The partitioning cache has 0 tilings in it right now
The inferral cache has 15 tilings in it right now
There are 13 tilings in the search tree
Time taken so far is 0.11071205139160156 seconds

Doing depth 4
We had 1 inferral cache hits and 20 partitioning cache hits
The partitioning cache has 0 tilings in it right now
The inferral cache has 20 tilings in it right now
There are 15 tilings in the search tree
Time taken so far is 0.13645482063293457 seconds

Doing depth 5
We had 1 inferral cache hits and 99 partitioning cache hits
The partitioning cache has 0 tilings in it right now
The inferral cache has 28 tilings in it right now
There are 24 tilings in the search tree
Time taken so far is 0.4093647003173828 seconds

Doing depth 6
We had 5 inferral cache hits and 298 partitioning cache hits
The partitioning cache has 0 tilings in it right now
The inferral cache has 38 tilings in it right now
There are 33 tilings in the search tree
Time taken so far is 0.9540061950683594 seconds

Doing depth 7
We had 5 inferral cache hits and 734 partitioning cache hits
The partitioning cache has 0 tilings in it right now
The inferral cache has 68 tilings in it right now
There are 53 tilings in the search tree
Time taken so far is 1.9133191108703613 seconds

Doing depth 8
We had 8 inferral cache hits and 2284 partitioning cache hits
The partitioning cache has 0 tilings in it right now
The inferral cache has 100 tilings in it right now
There are 91 tilings in the search tree
Time taken so far is 7.313992261886597 seconds

Now processing 0213_0231_1203_1230_3120
Doing depth 1
We had 0 inferral cache hits and 0 partitioning cache hits
The partitioning cache has 0 tilings in it right now
The inferral cache has 4 tilings in it right now
There are 4 tilings in the search tree
Time taken so far is 0.015331029891967773 seconds

Doing depth 2
We had 0 inferral cache hits and 5 partitioning cache hits
The partitioning cache has 0 tilings in it right now
The inferral cache has 8 tilings in it right now
There are 8 tilings in the search tree
Time taken so far is 0.05667424201965332 seconds

Doing depth 3
We had 1 inferral cache hits and 15 partitioning cache hits
The partitioning cache has 0 tilings in it right now
The inferral cache has 15 tilings in it right now
There are 13 tilings in the search tree
Time taken so far is 0.11308670043945312 seconds

Doing depth 4
We had 1 inferral cache hits and 20 partitioning cache hits
The partitioning cache has 0 tilings in it right now
The inferral cache has 19 tilings in it right now
There are 15 tilings in the search tree
Time taken so far is 0.14019370079040527 seconds

Doing depth 5
We had 1 inferral cache hits and 84 partitioning cache hits
The partitioning cache has 0 tilings in it right now
The inferral cache has 29 tilings in it right now
There are 22 tilings in the search tree
Time taken so far is 0.2847585678100586 seconds

Doing depth 6
We had 5 inferral cache hits and 265 partitioning cache hits
The partitioning cache has 0 tilings in it right now
The inferral cache has 40 tilings in it right now
There are 31 tilings in the search tree
Time taken so far is 0.5831620693206787 seconds

Doing depth 7
We had 5 inferral cache hits and 851 partitioning cache hits
The partitioning cache has 0 tilings in it right now
The inferral cache has 68 tilings in it right now
There are 56 tilings in the search tree
Time taken so far is 2.1080164909362793 seconds

Doing depth 8
We had 8 inferral cache hits and 11174 partitioning cache hits
The partitioning cache has 0 tilings in it right now
The inferral cache has 131 tilings in it right now
There are 164 tilings in the search tree
Time taken so far is 18.36114740371704 seconds

Now processing 0213_0231_1230_2013_3012
Doing depth 1
We had 0 inferral cache hits and 0 partitioning cache hits
The partitioning cache has 0 tilings in it right now
The inferral cache has 4 tilings in it right now
There are 4 tilings in the search tree
Time taken so far is 0.014834165573120117 seconds

Doing depth 2
We had 0 inferral cache hits and 5 partitioning cache hits
The partitioning cache has 0 tilings in it right now
The inferral cache has 8 tilings in it right now
There are 8 tilings in the search tree
Time taken so far is 0.054986000061035156 seconds

Doing depth 3
We had 1 inferral cache hits and 15 partitioning cache hits
The partitioning cache has 0 tilings in it right now
The inferral cache has 15 tilings in it right now
There are 13 tilings in the search tree
Time taken so far is 0.1077108383178711 seconds

Doing depth 4
We had 1 inferral cache hits and 20 partitioning cache hits
The partitioning cache has 0 tilings in it right now
The inferral cache has 20 tilings in it right now
There are 15 tilings in the search tree
Time taken so far is 0.13826417922973633 seconds

Doing depth 5
We had 2 inferral cache hits and 94 partitioning cache hits
The partitioning cache has 0 tilings in it right now
The inferral cache has 42 tilings in it right now
There are 28 tilings in the search tree
Time taken so far is 0.2996788024902344 seconds

Doing depth 6
We had 9 inferral cache hits and 624 partitioning cache hits
The partitioning cache has 0 tilings in it right now
The inferral cache has 81 tilings in it right now
There are 57 tilings in the search tree
Time taken so far is 0.8255088329315186 seconds

Doing depth 7
We had 10 inferral cache hits and 996 partitioning cache hits
The partitioning cache has 0 tilings in it right now
The inferral cache has 111 tilings in it right now
There are 78 tilings in the search tree
Time taken so far is 1.7484540939331055 seconds

Doing depth 8
We had 19 inferral cache hits and 3182 partitioning cache hits
The partitioning cache has 0 tilings in it right now
The inferral cache has 167 tilings in it right now
There are 138 tilings in the search tree
Time taken so far is 6.997859239578247 seconds

