/users/home/henningu/ATRAP/non-regular-insertion-encodable-bases/logs_length5
Now processing 0123_0132_0213_0231_2301
Doing depth 1
We had 12 inferral cache hits and 9 partitioning cache hits
The partitioning cache has 0 tilings in it right now
The inferral cache has 14 tilings in it right now
There are 11 tilings in the search tree
Time taken so far is 0.05817723274230957 seconds

Doing depth 2
We had 159 inferral cache hits and 108 partitioning cache hits
The partitioning cache has 0 tilings in it right now
The inferral cache has 97 tilings in it right now
There are 62 tilings in the search tree
Time taken so far is 0.6182680130004883 seconds

Doing depth 3
We had 1684 inferral cache hits and 706 partitioning cache hits
The partitioning cache has 0 tilings in it right now
The inferral cache has 684 tilings in it right now
There are 422 tilings in the search tree
Time taken so far is 8.561554908752441 seconds

Doing depth 4
We had 16789 inferral cache hits and 5110 partitioning cache hits
The partitioning cache has 0 tilings in it right now
The inferral cache has 6425 tilings in it right now
There are 3035 tilings in the search tree
Time taken so far is 139.57058453559875 seconds

Now processing 0123_0132_0213_1023_1230
Doing depth 1
We had 12 inferral cache hits and 9 partitioning cache hits
The partitioning cache has 0 tilings in it right now
The inferral cache has 14 tilings in it right now
There are 11 tilings in the search tree
Time taken so far is 0.07696723937988281 seconds

Doing depth 2
We had 159 inferral cache hits and 108 partitioning cache hits
The partitioning cache has 0 tilings in it right now
The inferral cache has 89 tilings in it right now
There are 62 tilings in the search tree
Time taken so far is 0.7061266899108887 seconds

Doing depth 3
We had 1443 inferral cache hits and 706 partitioning cache hits
The partitioning cache has 0 tilings in it right now
The inferral cache has 555 tilings in it right now
There are 376 tilings in the search tree
Time taken so far is 8.10562539100647 seconds

Doing depth 4
We had 13302 inferral cache hits and 4691 partitioning cache hits
The partitioning cache has 0 tilings in it right now
The inferral cache has 4966 tilings in it right now
There are 2537 tilings in the search tree
Time taken so far is 129.31582975387573 seconds

Now processing 0123_0132_0213_1023_2301
Doing depth 1
We had 12 inferral cache hits and 9 partitioning cache hits
The partitioning cache has 0 tilings in it right now
The inferral cache has 14 tilings in it right now
There are 11 tilings in the search tree
Time taken so far is 0.059905052185058594 seconds

Doing depth 2
We had 159 inferral cache hits and 108 partitioning cache hits
The partitioning cache has 0 tilings in it right now
The inferral cache has 97 tilings in it right now
There are 62 tilings in the search tree
Time taken so far is 0.625349760055542 seconds

Doing depth 3
We had 1576 inferral cache hits and 706 partitioning cache hits
The partitioning cache has 0 tilings in it right now
The inferral cache has 649 tilings in it right now
There are 402 tilings in the search tree
Time taken so far is 8.728085994720459 seconds

Doing depth 4
We had 15615 inferral cache hits and 5006 partitioning cache hits
The partitioning cache has 0 tilings in it right now
The inferral cache has 6055 tilings in it right now
There are 2873 tilings in the search tree
Time taken so far is 141.60190606117249 seconds

Now processing 0123_0132_0213_1203_1230
Doing depth 1
We had 12 inferral cache hits and 9 partitioning cache hits
The partitioning cache has 0 tilings in it right now
The inferral cache has 14 tilings in it right now
There are 11 tilings in the search tree
Time taken so far is 0.07558703422546387 seconds

Doing depth 2
We had 159 inferral cache hits and 108 partitioning cache hits
The partitioning cache has 0 tilings in it right now
The inferral cache has 92 tilings in it right now
There are 62 tilings in the search tree
Time taken so far is 0.5636670589447021 seconds

Doing depth 3
We had 1547 inferral cache hits and 706 partitioning cache hits
The partitioning cache has 0 tilings in it right now
The inferral cache has 606 tilings in it right now
There are 397 tilings in the search tree
Time taken so far is 7.378176689147949 seconds

Doing depth 4
We had 16474 inferral cache hits and 5310 partitioning cache hits
The partitioning cache has 0 tilings in it right now
The inferral cache has 5961 tilings in it right now
There are 3081 tilings in the search tree
Time taken so far is 150.20935940742493 seconds

Now processing 0123_0132_0213_1203_2013
Doing depth 1
We had 12 inferral cache hits and 9 partitioning cache hits
The partitioning cache has 0 tilings in it right now
The inferral cache has 14 tilings in it right now
There are 11 tilings in the search tree
Time taken so far is 0.05980372428894043 seconds

Doing depth 2
We had 159 inferral cache hits and 108 partitioning cache hits
The partitioning cache has 0 tilings in it right now
The inferral cache has 93 tilings in it right now
There are 62 tilings in the search tree
Time taken so far is 0.7176218032836914 seconds

Doing depth 3
We had 1647 inferral cache hits and 706 partitioning cache hits
The partitioning cache has 0 tilings in it right now
The inferral cache has 631 tilings in it right now
There are 423 tilings in the search tree
Time taken so far is 9.191439151763916 seconds

Doing depth 4
We had 16947 inferral cache hits and 5099 partitioning cache hits
The partitioning cache has 0 tilings in it right now
The inferral cache has 5826 tilings in it right now
There are 3237 tilings in the search tree
Time taken so far is 153.62198853492737 seconds

Now processing 0123_0132_0213_1203_3012
Doing depth 1
We had 12 inferral cache hits and 9 partitioning cache hits
The partitioning cache has 0 tilings in it right now
The inferral cache has 14 tilings in it right now
There are 11 tilings in the search tree
Time taken so far is 0.06125235557556152 seconds

Doing depth 2
We had 159 inferral cache hits and 108 partitioning cache hits
The partitioning cache has 0 tilings in it right now
The inferral cache has 93 tilings in it right now
There are 62 tilings in the search tree
Time taken so far is 0.6084082126617432 seconds

Doing depth 3
We had 1567 inferral cache hits and 706 partitioning cache hits
The partitioning cache has 0 tilings in it right now
The inferral cache has 614 tilings in it right now
There are 400 tilings in the search tree
Time taken so far is 8.118878841400146 seconds

Doing depth 4
We had 16748 inferral cache hits and 5160 partitioning cache hits
The partitioning cache has 0 tilings in it right now
The inferral cache has 6122 tilings in it right now
There are 3105 tilings in the search tree
Time taken so far is 152.8524672985077 seconds

Now processing 0123_0132_0213_1230_2301
Doing depth 1
We had 12 inferral cache hits and 9 partitioning cache hits
The partitioning cache has 0 tilings in it right now
The inferral cache has 14 tilings in it right now
There are 11 tilings in the search tree
Time taken so far is 0.05364656448364258 seconds

Doing depth 2
We had 159 inferral cache hits and 108 partitioning cache hits
The partitioning cache has 0 tilings in it right now
The inferral cache has 94 tilings in it right now
There are 62 tilings in the search tree
Time taken so far is 0.6101422309875488 seconds

Doing depth 3
We had 1618 inferral cache hits and 706 partitioning cache hits
The partitioning cache has 0 tilings in it right now
The inferral cache has 641 tilings in it right now
There are 409 tilings in the search tree
Time taken so far is 8.71167254447937 seconds

Doing depth 4
We had 17440 inferral cache hits and 5351 partitioning cache hits
The partitioning cache has 0 tilings in it right now
The inferral cache has 6473 tilings in it right now
There are 3147 tilings in the search tree
Time taken so far is 155.91885828971863 seconds

Now processing 0123_0132_0213_1230_3012
Doing depth 1
We had 12 inferral cache hits and 9 partitioning cache hits
The partitioning cache has 0 tilings in it right now
The inferral cache has 14 tilings in it right now
There are 11 tilings in the search tree
Time taken so far is 0.07322359085083008 seconds

Doing depth 2
We had 159 inferral cache hits and 108 partitioning cache hits
The partitioning cache has 0 tilings in it right now
The inferral cache has 89 tilings in it right now
There are 62 tilings in the search tree
Time taken so far is 0.6964187622070312 seconds

Doing depth 3
We had 1461 inferral cache hits and 706 partitioning cache hits
The partitioning cache has 0 tilings in it right now
The inferral cache has 571 tilings in it right now
There are 380 tilings in the search tree
Time taken so far is 9.051493883132935 seconds

Doing depth 4
We had 14811 inferral cache hits and 4886 partitioning cache hits
The partitioning cache has 0 tilings in it right now
The inferral cache has 5800 tilings in it right now
There are 2763 tilings in the search tree
Time taken so far is 139.19785833358765 seconds

Now processing 0123_0132_1023_1230_2301
Doing depth 1
We had 12 inferral cache hits and 9 partitioning cache hits
The partitioning cache has 0 tilings in it right now
The inferral cache has 14 tilings in it right now
There are 11 tilings in the search tree
Time taken so far is 0.06496953964233398 seconds

Doing depth 2
We had 159 inferral cache hits and 108 partitioning cache hits
The partitioning cache has 0 tilings in it right now
The inferral cache has 93 tilings in it right now
There are 62 tilings in the search tree
Time taken so far is 0.6192688941955566 seconds

Doing depth 3
We had 1595 inferral cache hits and 706 partitioning cache hits
The partitioning cache has 0 tilings in it right now
The inferral cache has 642 tilings in it right now
There are 406 tilings in the search tree
Time taken so far is 8.972748041152954 seconds

Doing depth 4
We had 14905 inferral cache hits and 4886 partitioning cache hits
The partitioning cache has 0 tilings in it right now
The inferral cache has 5722 tilings in it right now
There are 2751 tilings in the search tree
Time taken so far is 141.60189199447632 seconds

Now processing 0123_0132_1023_1230_3012
Doing depth 1
We had 12 inferral cache hits and 9 partitioning cache hits
The partitioning cache has 0 tilings in it right now
The inferral cache has 14 tilings in it right now
There are 11 tilings in the search tree
Time taken so far is 0.06352996826171875 seconds

Doing depth 2
We had 159 inferral cache hits and 108 partitioning cache hits
The partitioning cache has 0 tilings in it right now
The inferral cache has 89 tilings in it right now
There are 62 tilings in the search tree
Time taken so far is 0.7959122657775879 seconds

Doing depth 3
We had 1451 inferral cache hits and 706 partitioning cache hits
The partitioning cache has 0 tilings in it right now
The inferral cache has 567 tilings in it right now
There are 378 tilings in the search tree
Time taken so far is 7.852986812591553 seconds

Doing depth 4
We had 13788 inferral cache hits and 4676 partitioning cache hits
The partitioning cache has 0 tilings in it right now
The inferral cache has 5263 tilings in it right now
There are 2612 tilings in the search tree
Time taken so far is 134.05049562454224 seconds

Now processing 0123_0132_1230_2301_3012
Doing depth 1
We had 12 inferral cache hits and 9 partitioning cache hits
The partitioning cache has 0 tilings in it right now
The inferral cache has 14 tilings in it right now
There are 11 tilings in the search tree
Time taken so far is 0.0631265640258789 seconds

Doing depth 2
We had 160 inferral cache hits and 108 partitioning cache hits
The partitioning cache has 0 tilings in it right now
The inferral cache has 92 tilings in it right now
There are 62 tilings in the search tree
Time taken so far is 0.65171217918396 seconds

Doing depth 3
We had 1634 inferral cache hits and 706 partitioning cache hits
The partitioning cache has 0 tilings in it right now
The inferral cache has 627 tilings in it right now
There are 412 tilings in the search tree
Time taken so far is 8.30967092514038 seconds

Doing depth 4
We had 16410 inferral cache hits and 5254 partitioning cache hits
The partitioning cache has 0 tilings in it right now
The inferral cache has 5800 tilings in it right now
There are 2959 tilings in the search tree
Time taken so far is 147.85943341255188 seconds

Now processing 0123_0213_1230_2301_3012
Doing depth 1
We had 12 inferral cache hits and 9 partitioning cache hits
The partitioning cache has 0 tilings in it right now
The inferral cache has 14 tilings in it right now
There are 11 tilings in the search tree
Time taken so far is 0.05755329132080078 seconds

Doing depth 2
We had 159 inferral cache hits and 108 partitioning cache hits
The partitioning cache has 0 tilings in it right now
The inferral cache has 89 tilings in it right now
There are 62 tilings in the search tree
Time taken so far is 0.647291898727417 seconds

Doing depth 3
We had 1643 inferral cache hits and 706 partitioning cache hits
The partitioning cache has 0 tilings in it right now
The inferral cache has 641 tilings in it right now
There are 414 tilings in the search tree
Time taken so far is 7.9538562297821045 seconds

Doing depth 4
We had 16944 inferral cache hits and 5186 partitioning cache hits
The partitioning cache has 0 tilings in it right now
The inferral cache has 6435 tilings in it right now
There are 3043 tilings in the search tree
Time taken so far is 150.8908817768097 seconds

Now processing 0123_0231_0312_1203_2013
Doing depth 1
We had 12 inferral cache hits and 9 partitioning cache hits
The partitioning cache has 0 tilings in it right now
The inferral cache has 14 tilings in it right now
There are 11 tilings in the search tree
Time taken so far is 0.06786990165710449 seconds

Doing depth 2
We had 159 inferral cache hits and 108 partitioning cache hits
The partitioning cache has 0 tilings in it right now
The inferral cache has 97 tilings in it right now
There are 62 tilings in the search tree
Time taken so far is 0.6498079299926758 seconds

Doing depth 3
We had 1889 inferral cache hits and 706 partitioning cache hits
The partitioning cache has 0 tilings in it right now
The inferral cache has 729 tilings in it right now
There are 462 tilings in the search tree
Time taken so far is 8.670491456985474 seconds

Doing depth 4
We had 23695 inferral cache hits and 6353 partitioning cache hits
The partitioning cache has 0 tilings in it right now
The inferral cache has 8467 tilings in it right now
There are 4206 tilings in the search tree
Time taken so far is 203.80911445617676 seconds

Now processing 0132_0213_0231_0312_3120
Doing depth 1
We had 12 inferral cache hits and 9 partitioning cache hits
The partitioning cache has 0 tilings in it right now
The inferral cache has 14 tilings in it right now
There are 11 tilings in the search tree
Time taken so far is 0.08507442474365234 seconds

Doing depth 2
We had 159 inferral cache hits and 108 partitioning cache hits
The partitioning cache has 0 tilings in it right now
The inferral cache has 91 tilings in it right now
There are 64 tilings in the search tree
Time taken so far is 0.7340023517608643 seconds

Doing depth 3
We had 1868 inferral cache hits and 706 partitioning cache hits
The partitioning cache has 0 tilings in it right now
The inferral cache has 739 tilings in it right now
There are 462 tilings in the search tree
Time taken so far is 10.285974502563477 seconds

Doing depth 4
We had 28624 inferral cache hits and 6162 partitioning cache hits
The partitioning cache has 0 tilings in it right now
The inferral cache has 9874 tilings in it right now
There are 4788 tilings in the search tree
Time taken so far is 188.19222354888916 seconds

Now processing 0132_0213_0231_0321_3120
Doing depth 1
We had 12 inferral cache hits and 9 partitioning cache hits
The partitioning cache has 0 tilings in it right now
The inferral cache has 14 tilings in it right now
There are 11 tilings in the search tree
Time taken so far is 0.07584238052368164 seconds

Doing depth 2
We had 159 inferral cache hits and 108 partitioning cache hits
The partitioning cache has 0 tilings in it right now
The inferral cache has 96 tilings in it right now
There are 64 tilings in the search tree
Time taken so far is 0.7203953266143799 seconds

Doing depth 3
We had 1820 inferral cache hits and 706 partitioning cache hits
The partitioning cache has 0 tilings in it right now
The inferral cache has 737 tilings in it right now
There are 453 tilings in the search tree
Time taken so far is 9.571077823638916 seconds

Doing depth 4
We had 27871 inferral cache hits and 6394 partitioning cache hits
The partitioning cache has 0 tilings in it right now
The inferral cache has 10059 tilings in it right now
There are 4728 tilings in the search tree
Time taken so far is 192.45723223686218 seconds

Now processing 0132_0213_0231_1230_2301
Doing depth 1
We had 12 inferral cache hits and 9 partitioning cache hits
The partitioning cache has 0 tilings in it right now
The inferral cache has 14 tilings in it right now
There are 11 tilings in the search tree
Time taken so far is 0.07214522361755371 seconds

Doing depth 2
We had 159 inferral cache hits and 108 partitioning cache hits
The partitioning cache has 0 tilings in it right now
The inferral cache has 93 tilings in it right now
There are 62 tilings in the search tree
Time taken so far is 0.7162623405456543 seconds

Doing depth 3
We had 1762 inferral cache hits and 706 partitioning cache hits
The partitioning cache has 0 tilings in it right now
The inferral cache has 692 tilings in it right now
There are 436 tilings in the search tree
Time taken so far is 8.082494258880615 seconds

Doing depth 4
We had 19759 inferral cache hits and 5601 partitioning cache hits
The partitioning cache has 0 tilings in it right now
The inferral cache has 7251 tilings in it right now
There are 3495 tilings in the search tree
Time taken so far is 158.58834862709045 seconds

Now processing 0132_0213_1023_1230_2301
Doing depth 1
We had 12 inferral cache hits and 9 partitioning cache hits
The partitioning cache has 0 tilings in it right now
The inferral cache has 14 tilings in it right now
There are 11 tilings in the search tree
Time taken so far is 0.051738739013671875 seconds

Doing depth 2
We had 159 inferral cache hits and 108 partitioning cache hits
The partitioning cache has 0 tilings in it right now
The inferral cache has 95 tilings in it right now
There are 62 tilings in the search tree
Time taken so far is 0.5769712924957275 seconds

Doing depth 3
We had 1684 inferral cache hits and 706 partitioning cache hits
The partitioning cache has 0 tilings in it right now
The inferral cache has 703 tilings in it right now
There are 422 tilings in the search tree
Time taken so far is 8.650601625442505 seconds

Doing depth 4
We had 17088 inferral cache hits and 5471 partitioning cache hits
The partitioning cache has 0 tilings in it right now
The inferral cache has 6888 tilings in it right now
There are 3125 tilings in the search tree
Time taken so far is 150.83600854873657 seconds

Now processing 0132_0213_1023_1230_3012
Doing depth 1
We had 12 inferral cache hits and 9 partitioning cache hits
The partitioning cache has 0 tilings in it right now
The inferral cache has 14 tilings in it right now
There are 11 tilings in the search tree
Time taken so far is 0.05323910713195801 seconds

Doing depth 2
We had 159 inferral cache hits and 108 partitioning cache hits
The partitioning cache has 0 tilings in it right now
The inferral cache has 93 tilings in it right now
There are 62 tilings in the search tree
Time taken so far is 0.6036250591278076 seconds

Doing depth 3
We had 1528 inferral cache hits and 706 partitioning cache hits
The partitioning cache has 0 tilings in it right now
The inferral cache has 631 tilings in it right now
There are 394 tilings in the search tree
Time taken so far is 8.557064056396484 seconds

Doing depth 4
We had 14158 inferral cache hits and 5126 partitioning cache hits
The partitioning cache has 0 tilings in it right now
The inferral cache has 5589 tilings in it right now
There are 2648 tilings in the search tree
Time taken so far is 138.05846500396729 seconds

Now processing 0132_0213_1203_1230_3012
Doing depth 1
We had 12 inferral cache hits and 9 partitioning cache hits
The partitioning cache has 0 tilings in it right now
The inferral cache has 14 tilings in it right now
There are 11 tilings in the search tree
Time taken so far is 0.058830976486206055 seconds

Doing depth 2
We had 159 inferral cache hits and 108 partitioning cache hits
The partitioning cache has 0 tilings in it right now
The inferral cache has 94 tilings in it right now
There are 62 tilings in the search tree
Time taken so far is 0.5864822864532471 seconds

Doing depth 3
We had 1681 inferral cache hits and 706 partitioning cache hits
The partitioning cache has 0 tilings in it right now
The inferral cache has 683 tilings in it right now
There are 422 tilings in the search tree
Time taken so far is 8.01002812385559 seconds

Doing depth 4
We had 17975 inferral cache hits and 5561 partitioning cache hits
The partitioning cache has 0 tilings in it right now
The inferral cache has 6926 tilings in it right now
There are 3279 tilings in the search tree
Time taken so far is 151.80105090141296 seconds

Now processing 0132_0213_1230_2301_3012
Doing depth 1
We had 12 inferral cache hits and 9 partitioning cache hits
The partitioning cache has 0 tilings in it right now
The inferral cache has 14 tilings in it right now
There are 11 tilings in the search tree
Time taken so far is 0.06208920478820801 seconds

Doing depth 2
We had 159 inferral cache hits and 108 partitioning cache hits
The partitioning cache has 0 tilings in it right now
The inferral cache has 95 tilings in it right now
There are 62 tilings in the search tree
Time taken so far is 0.8367199897766113 seconds

Doing depth 3
We had 1759 inferral cache hits and 706 partitioning cache hits
The partitioning cache has 0 tilings in it right now
The inferral cache has 707 tilings in it right now
There are 436 tilings in the search tree
Time taken so far is 8.883477210998535 seconds

Doing depth 4
We had 19073 inferral cache hits and 5891 partitioning cache hits
The partitioning cache has 0 tilings in it right now
The inferral cache has 7345 tilings in it right now
There are 3388 tilings in the search tree
Time taken so far is 162.17129611968994 seconds

Now processing 0132_0231_0312_0321_3120
Doing depth 1
We had 12 inferral cache hits and 9 partitioning cache hits
The partitioning cache has 0 tilings in it right now
The inferral cache has 14 tilings in it right now
There are 11 tilings in the search tree
Time taken so far is 0.06164407730102539 seconds

Doing depth 2
We had 159 inferral cache hits and 108 partitioning cache hits
The partitioning cache has 0 tilings in it right now
The inferral cache has 93 tilings in it right now
There are 64 tilings in the search tree
Time taken so far is 0.7136881351470947 seconds

Doing depth 3
We had 1787 inferral cache hits and 706 partitioning cache hits
The partitioning cache has 0 tilings in it right now
The inferral cache has 707 tilings in it right now
There are 446 tilings in the search tree
Time taken so far is 9.692756414413452 seconds

Doing depth 4
We had 25520 inferral cache hits and 6074 partitioning cache hits
The partitioning cache has 0 tilings in it right now
The inferral cache has 8936 tilings in it right now
There are 4387 tilings in the search tree
Time taken so far is 190.31433773040771 seconds

Now processing 0132_0231_0312_1032_3120
Doing depth 1
We had 12 inferral cache hits and 9 partitioning cache hits
The partitioning cache has 0 tilings in it right now
The inferral cache has 14 tilings in it right now
There are 11 tilings in the search tree
Time taken so far is 0.07249569892883301 seconds

Doing depth 2
We had 159 inferral cache hits and 108 partitioning cache hits
The partitioning cache has 0 tilings in it right now
The inferral cache has 95 tilings in it right now
There are 62 tilings in the search tree
Time taken so far is 0.7097654342651367 seconds

Doing depth 3
We had 1858 inferral cache hits and 706 partitioning cache hits
The partitioning cache has 0 tilings in it right now
The inferral cache has 750 tilings in it right now
There are 454 tilings in the search tree
Time taken so far is 9.48459243774414 seconds

Doing depth 4
We had 30482 inferral cache hits and 6760 partitioning cache hits
The partitioning cache has 0 tilings in it right now
The inferral cache has 10757 tilings in it right now
There are 5119 tilings in the search tree
Time taken so far is 228.03737115859985 seconds

Now processing 0132_0231_0312_1203_2013
Doing depth 1
We had 12 inferral cache hits and 9 partitioning cache hits
The partitioning cache has 0 tilings in it right now
The inferral cache has 14 tilings in it right now
There are 11 tilings in the search tree
Time taken so far is 0.04636549949645996 seconds

Doing depth 2
We had 159 inferral cache hits and 108 partitioning cache hits
The partitioning cache has 0 tilings in it right now
The inferral cache has 97 tilings in it right now
There are 62 tilings in the search tree
Time taken so far is 0.6711618900299072 seconds

Doing depth 3
We had 1997 inferral cache hits and 706 partitioning cache hits
The partitioning cache has 0 tilings in it right now
The inferral cache has 763 tilings in it right now
There are 480 tilings in the search tree
Time taken so far is 8.700087070465088 seconds

Doing depth 4
We had 24823 inferral cache hits and 6285 partitioning cache hits
The partitioning cache has 0 tilings in it right now
The inferral cache has 8672 tilings in it right now
There are 4368 tilings in the search tree
Time taken so far is 201.10790991783142 seconds

Now processing 0132_0231_0321_1032_3120
Doing depth 1
We had 12 inferral cache hits and 9 partitioning cache hits
The partitioning cache has 0 tilings in it right now
The inferral cache has 14 tilings in it right now
There are 11 tilings in the search tree
Time taken so far is 0.05090951919555664 seconds

Doing depth 2
We had 159 inferral cache hits and 108 partitioning cache hits
The partitioning cache has 0 tilings in it right now
The inferral cache has 96 tilings in it right now
There are 62 tilings in the search tree
Time taken so far is 0.7043876647949219 seconds

Doing depth 3
We had 1771 inferral cache hits and 706 partitioning cache hits
The partitioning cache has 0 tilings in it right now
The inferral cache has 714 tilings in it right now
There are 437 tilings in the search tree
Time taken so far is 10.5470449924469 seconds

Doing depth 4
We had 25025 inferral cache hits and 5988 partitioning cache hits
The partitioning cache has 0 tilings in it right now
The inferral cache has 8876 tilings in it right now
There are 4284 tilings in the search tree
Time taken so far is 198.59347367286682 seconds

Now processing 0132_0231_1023_1203_2301
Doing depth 1
We had 12 inferral cache hits and 9 partitioning cache hits
The partitioning cache has 0 tilings in it right now
The inferral cache has 14 tilings in it right now
There are 11 tilings in the search tree
Time taken so far is 0.06982827186584473 seconds

Doing depth 2
We had 159 inferral cache hits and 108 partitioning cache hits
The partitioning cache has 0 tilings in it right now
The inferral cache has 99 tilings in it right now
There are 62 tilings in the search tree
Time taken so far is 0.7431721687316895 seconds

Doing depth 3
We had 1918 inferral cache hits and 706 partitioning cache hits
The partitioning cache has 0 tilings in it right now
The inferral cache has 779 tilings in it right now
There are 466 tilings in the search tree
Time taken so far is 9.171489953994751 seconds

Doing depth 4
We had 21026 inferral cache hits and 5824 partitioning cache hits
The partitioning cache has 0 tilings in it right now
The inferral cache has 7994 tilings in it right now
There are 3734 tilings in the search tree
Time taken so far is 157.37033486366272 seconds

Now processing 0132_0231_1023_1203_3012
Doing depth 1
We had 12 inferral cache hits and 9 partitioning cache hits
The partitioning cache has 0 tilings in it right now
The inferral cache has 14 tilings in it right now
There are 11 tilings in the search tree
Time taken so far is 0.060396671295166016 seconds

Doing depth 2
We had 159 inferral cache hits and 108 partitioning cache hits
The partitioning cache has 0 tilings in it right now
The inferral cache has 97 tilings in it right now
There are 62 tilings in the search tree
Time taken so far is 0.6020634174346924 seconds

Doing depth 3
We had 1767 inferral cache hits and 706 partitioning cache hits
The partitioning cache has 0 tilings in it right now
The inferral cache has 716 tilings in it right now
There are 438 tilings in the search tree
Time taken so far is 7.428987979888916 seconds

Doing depth 4
We had 18455 inferral cache hits and 5636 partitioning cache hits
The partitioning cache has 0 tilings in it right now
The inferral cache has 7052 tilings in it right now
There are 3342 tilings in the search tree
Time taken so far is 130.75735688209534 seconds

Now processing 0132_0231_1023_1230_2013
Doing depth 1
We had 12 inferral cache hits and 9 partitioning cache hits
The partitioning cache has 0 tilings in it right now
The inferral cache has 14 tilings in it right now
There are 11 tilings in the search tree
Time taken so far is 0.03453826904296875 seconds

Doing depth 2
We had 159 inferral cache hits and 108 partitioning cache hits
The partitioning cache has 0 tilings in it right now
The inferral cache has 98 tilings in it right now
There are 62 tilings in the search tree
Time taken so far is 0.47719264030456543 seconds

Doing depth 3
We had 1725 inferral cache hits and 706 partitioning cache hits
The partitioning cache has 0 tilings in it right now
The inferral cache has 693 tilings in it right now
There are 435 tilings in the search tree
Time taken so far is 7.033636093139648 seconds

Doing depth 4
We had 17478 inferral cache hits and 5494 partitioning cache hits
The partitioning cache has 0 tilings in it right now
The inferral cache has 6585 tilings in it right now
There are 3273 tilings in the search tree
Time taken so far is 125.24220585823059 seconds

Now processing 0132_0231_1023_1230_2301
Doing depth 1
We had 12 inferral cache hits and 9 partitioning cache hits
The partitioning cache has 0 tilings in it right now
The inferral cache has 14 tilings in it right now
There are 11 tilings in the search tree
Time taken so far is 0.05655241012573242 seconds

Doing depth 2
We had 159 inferral cache hits and 108 partitioning cache hits
The partitioning cache has 0 tilings in it right now
The inferral cache has 96 tilings in it right now
There are 62 tilings in the search tree
Time taken so far is 0.5066759586334229 seconds

Doing depth 3
We had 1755 inferral cache hits and 706 partitioning cache hits
The partitioning cache has 0 tilings in it right now
The inferral cache has 719 tilings in it right now
There are 436 tilings in the search tree
Time taken so far is 7.166193008422852 seconds

Doing depth 4
We had 19848 inferral cache hits and 5899 partitioning cache hits
The partitioning cache has 0 tilings in it right now
The inferral cache has 7396 tilings in it right now
There are 3563 tilings in the search tree
Time taken so far is 130.45708656311035 seconds

Now processing 0132_0231_1203_1230_2301
Doing depth 1
We had 12 inferral cache hits and 9 partitioning cache hits
The partitioning cache has 0 tilings in it right now
The inferral cache has 14 tilings in it right now
There are 11 tilings in the search tree
Time taken so far is 0.03435659408569336 seconds

Doing depth 2
We had 159 inferral cache hits and 108 partitioning cache hits
The partitioning cache has 0 tilings in it right now
The inferral cache has 96 tilings in it right now
There are 62 tilings in the search tree
Time taken so far is 0.47157812118530273 seconds

Doing depth 3
We had 1818 inferral cache hits and 706 partitioning cache hits
The partitioning cache has 0 tilings in it right now
The inferral cache has 705 tilings in it right now
There are 446 tilings in the search tree
Time taken so far is 7.34600305557251 seconds

Doing depth 4
We had 22739 inferral cache hits and 5894 partitioning cache hits
The partitioning cache has 0 tilings in it right now
The inferral cache has 7754 tilings in it right now
There are 3951 tilings in the search tree
Time taken so far is 145.4190638065338 seconds

Now processing 0132_0231_1203_1230_3012
Doing depth 1
We had 12 inferral cache hits and 9 partitioning cache hits
The partitioning cache has 0 tilings in it right now
The inferral cache has 14 tilings in it right now
There are 11 tilings in the search tree
Time taken so far is 0.05660820007324219 seconds

Doing depth 2
We had 159 inferral cache hits and 108 partitioning cache hits
The partitioning cache has 0 tilings in it right now
The inferral cache has 95 tilings in it right now
There are 62 tilings in the search tree
Time taken so far is 0.6924264430999756 seconds

Doing depth 3
We had 1758 inferral cache hits and 706 partitioning cache hits
The partitioning cache has 0 tilings in it right now
The inferral cache has 692 tilings in it right now
There are 438 tilings in the search tree
Time taken so far is 7.180593013763428 seconds

Doing depth 4
We had 21556 inferral cache hits and 6180 partitioning cache hits
The partitioning cache has 0 tilings in it right now
The inferral cache has 7713 tilings in it right now
There are 3879 tilings in the search tree
Time taken so far is 143.44348859786987 seconds

Now processing 0132_0231_1203_2013_3012
Doing depth 1
We had 12 inferral cache hits and 9 partitioning cache hits
The partitioning cache has 0 tilings in it right now
The inferral cache has 14 tilings in it right now
There are 11 tilings in the search tree
Time taken so far is 0.0521242618560791 seconds

Doing depth 2
We had 159 inferral cache hits and 108 partitioning cache hits
The partitioning cache has 0 tilings in it right now
The inferral cache has 98 tilings in it right now
There are 62 tilings in the search tree
Time taken so far is 0.577955961227417 seconds

Doing depth 3
We had 1933 inferral cache hits and 706 partitioning cache hits
The partitioning cache has 0 tilings in it right now
The inferral cache has 761 tilings in it right now
There are 468 tilings in the search tree
Time taken so far is 7.6622326374053955 seconds

Doing depth 4
We had 23869 inferral cache hits and 6581 partitioning cache hits
The partitioning cache has 0 tilings in it right now
The inferral cache has 8550 tilings in it right now
There are 4255 tilings in the search tree
Time taken so far is 170.16861295700073 seconds

Now processing 0132_0231_1302_2013_3012
Doing depth 1
We had 12 inferral cache hits and 9 partitioning cache hits
The partitioning cache has 0 tilings in it right now
The inferral cache has 14 tilings in it right now
There are 11 tilings in the search tree
Time taken so far is 0.0511627197265625 seconds

Doing depth 2
We had 159 inferral cache hits and 108 partitioning cache hits
The partitioning cache has 0 tilings in it right now
The inferral cache has 99 tilings in it right now
There are 62 tilings in the search tree
Time taken so far is 0.6109585762023926 seconds

Doing depth 3
We had 2174 inferral cache hits and 706 partitioning cache hits
The partitioning cache has 0 tilings in it right now
The inferral cache has 868 tilings in it right now
There are 512 tilings in the search tree
Time taken so far is 10.48963189125061 seconds

Doing depth 4
We had 16905 inferral cache hits and 4820 partitioning cache hits
The partitioning cache has 59 tilings in it right now
The inferral cache has 6110 tilings in it right now
There are 2967 tilings in the search tree
Time taken so far is 121.54921102523804 seconds

Now processing 0132_1023_1230_2301_3012
Doing depth 1
We had 12 inferral cache hits and 9 partitioning cache hits
The partitioning cache has 0 tilings in it right now
The inferral cache has 14 tilings in it right now
There are 11 tilings in the search tree
Time taken so far is 0.06476402282714844 seconds

Doing depth 2
We had 159 inferral cache hits and 108 partitioning cache hits
The partitioning cache has 0 tilings in it right now
The inferral cache has 97 tilings in it right now
There are 62 tilings in the search tree
Time taken so far is 0.6225934028625488 seconds

Doing depth 3
We had 1743 inferral cache hits and 706 partitioning cache hits
The partitioning cache has 0 tilings in it right now
The inferral cache has 721 tilings in it right now
There are 434 tilings in the search tree
Time taken so far is 8.628482580184937 seconds

Doing depth 4
We had 18945 inferral cache hits and 6161 partitioning cache hits
The partitioning cache has 0 tilings in it right now
The inferral cache has 7264 tilings in it right now
There are 3360 tilings in the search tree
Time taken so far is 148.67562770843506 seconds

Now processing 0132_1203_1230_2013_3012
Doing depth 1
We had 12 inferral cache hits and 9 partitioning cache hits
The partitioning cache has 0 tilings in it right now
The inferral cache has 14 tilings in it right now
There are 11 tilings in the search tree
Time taken so far is 0.05907106399536133 seconds

Doing depth 2
We had 159 inferral cache hits and 108 partitioning cache hits
The partitioning cache has 0 tilings in it right now
The inferral cache has 93 tilings in it right now
There are 62 tilings in the search tree
Time taken so far is 0.6042008399963379 seconds

Doing depth 3
We had 1833 inferral cache hits and 706 partitioning cache hits
The partitioning cache has 0 tilings in it right now
The inferral cache has 723 tilings in it right now
There are 450 tilings in the search tree
Time taken so far is 8.94949221611023 seconds

Doing depth 4
We had 20875 inferral cache hits and 6506 partitioning cache hits
The partitioning cache has 0 tilings in it right now
The inferral cache has 7868 tilings in it right now
There are 3819 tilings in the search tree
Time taken so far is 165.1615731716156 seconds

Now processing 0132_1203_1230_2301_3012
Doing depth 1
We had 12 inferral cache hits and 9 partitioning cache hits
The partitioning cache has 0 tilings in it right now
The inferral cache has 14 tilings in it right now
There are 11 tilings in the search tree
Time taken so far is 0.05360126495361328 seconds

Doing depth 2
We had 159 inferral cache hits and 108 partitioning cache hits
The partitioning cache has 0 tilings in it right now
The inferral cache has 96 tilings in it right now
There are 62 tilings in the search tree
Time taken so far is 0.6502032279968262 seconds

Doing depth 3
We had 1803 inferral cache hits and 706 partitioning cache hits
The partitioning cache has 0 tilings in it right now
The inferral cache has 718 tilings in it right now
There are 444 tilings in the search tree
Time taken so far is 8.633772850036621 seconds

Doing depth 4
We had 20598 inferral cache hits and 5820 partitioning cache hits
The partitioning cache has 0 tilings in it right now
The inferral cache has 7671 tilings in it right now
There are 3613 tilings in the search tree
Time taken so far is 157.17550706863403 seconds

Now processing 0213_0231_0312_1203_2013
Doing depth 1
We had 12 inferral cache hits and 9 partitioning cache hits
The partitioning cache has 0 tilings in it right now
The inferral cache has 14 tilings in it right now
There are 11 tilings in the search tree
Time taken so far is 0.06467866897583008 seconds

Doing depth 2
We had 159 inferral cache hits and 108 partitioning cache hits
The partitioning cache has 0 tilings in it right now
The inferral cache has 97 tilings in it right now
There are 62 tilings in the search tree
Time taken so far is 0.6184694766998291 seconds

Doing depth 3
We had 2017 inferral cache hits and 706 partitioning cache hits
The partitioning cache has 0 tilings in it right now
The inferral cache has 769 tilings in it right now
There are 482 tilings in the search tree
Time taken so far is 9.973906755447388 seconds

Doing depth 4
We had 23039 inferral cache hits and 5640 partitioning cache hits
The partitioning cache has 0 tilings in it right now
The inferral cache has 8137 tilings in it right now
There are 4020 tilings in the search tree
Time taken so far is 175.3181221485138 seconds

Now processing 0213_0231_0312_1203_3012
Doing depth 1
We had 12 inferral cache hits and 9 partitioning cache hits
The partitioning cache has 0 tilings in it right now
The inferral cache has 14 tilings in it right now
There are 11 tilings in the search tree
Time taken so far is 0.047815561294555664 seconds

Doing depth 2
We had 159 inferral cache hits and 108 partitioning cache hits
The partitioning cache has 0 tilings in it right now
The inferral cache has 95 tilings in it right now
There are 62 tilings in the search tree
Time taken so far is 0.6933581829071045 seconds

Doing depth 3
We had 1928 inferral cache hits and 706 partitioning cache hits
The partitioning cache has 0 tilings in it right now
The inferral cache has 738 tilings in it right now
There are 466 tilings in the search tree
Time taken so far is 8.712596893310547 seconds

Doing depth 4
We had 22940 inferral cache hits and 5787 partitioning cache hits
The partitioning cache has 0 tilings in it right now
The inferral cache has 8190 tilings in it right now
There are 4050 tilings in the search tree
Time taken so far is 179.3255865573883 seconds

Now processing 0213_0231_0312_1230_3012
Doing depth 1
We had 12 inferral cache hits and 9 partitioning cache hits
The partitioning cache has 0 tilings in it right now
The inferral cache has 14 tilings in it right now
There are 11 tilings in the search tree
Time taken so far is 0.06473612785339355 seconds

Doing depth 2
We had 159 inferral cache hits and 108 partitioning cache hits
The partitioning cache has 0 tilings in it right now
The inferral cache has 93 tilings in it right now
There are 62 tilings in the search tree
Time taken so far is 0.5935430526733398 seconds

Doing depth 3
We had 1827 inferral cache hits and 706 partitioning cache hits
The partitioning cache has 0 tilings in it right now
The inferral cache has 707 tilings in it right now
There are 448 tilings in the search tree
Time taken so far is 9.785146951675415 seconds

Doing depth 4
We had 22608 inferral cache hits and 6281 partitioning cache hits
The partitioning cache has 0 tilings in it right now
The inferral cache has 8125 tilings in it right now
There are 4098 tilings in the search tree
Time taken so far is 176.84786581993103 seconds

Now processing 0213_0231_0321_1320_3120
Doing depth 1
We had 12 inferral cache hits and 9 partitioning cache hits
The partitioning cache has 0 tilings in it right now
The inferral cache has 14 tilings in it right now
There are 11 tilings in the search tree
Time taken so far is 0.06615304946899414 seconds

Doing depth 2
We had 159 inferral cache hits and 108 partitioning cache hits
The partitioning cache has 0 tilings in it right now
The inferral cache has 91 tilings in it right now
There are 63 tilings in the search tree
Time taken so far is 0.5951144695281982 seconds

Doing depth 3
We had 1947 inferral cache hits and 706 partitioning cache hits
The partitioning cache has 0 tilings in it right now
The inferral cache has 735 tilings in it right now
There are 473 tilings in the search tree
Time taken so far is 9.05403733253479 seconds

Doing depth 4
We had 28904 inferral cache hits and 6043 partitioning cache hits
The partitioning cache has 0 tilings in it right now
The inferral cache has 9495 tilings in it right now
There are 4877 tilings in the search tree
Time taken so far is 190.1713216304779 seconds

Now processing 0213_0231_1203_1230_3012
Doing depth 1
We had 12 inferral cache hits and 9 partitioning cache hits
The partitioning cache has 0 tilings in it right now
The inferral cache has 14 tilings in it right now
There are 11 tilings in the search tree
Time taken so far is 0.06307506561279297 seconds

Doing depth 2
We had 159 inferral cache hits and 108 partitioning cache hits
The partitioning cache has 0 tilings in it right now
The inferral cache has 93 tilings in it right now
There are 62 tilings in the search tree
Time taken so far is 0.5921399593353271 seconds

Doing depth 3
We had 1807 inferral cache hits and 706 partitioning cache hits
The partitioning cache has 0 tilings in it right now
The inferral cache has 692 tilings in it right now
There are 446 tilings in the search tree
Time taken so far is 8.40218472480774 seconds

Doing depth 4
We had 20667 inferral cache hits and 5548 partitioning cache hits
The partitioning cache has 0 tilings in it right now
The inferral cache has 7631 tilings in it right now
There are 3764 tilings in the search tree
Time taken so far is 163.68738842010498 seconds

Now processing 0213_0231_1203_1230_3120
Doing depth 1
We had 12 inferral cache hits and 9 partitioning cache hits
The partitioning cache has 0 tilings in it right now
The inferral cache has 14 tilings in it right now
There are 11 tilings in the search tree
Time taken so far is 0.05645895004272461 seconds

Doing depth 2
We had 159 inferral cache hits and 108 partitioning cache hits
The partitioning cache has 0 tilings in it right now
The inferral cache has 93 tilings in it right now
There are 62 tilings in the search tree
Time taken so far is 0.6623513698577881 seconds

Doing depth 3
We had 1897 inferral cache hits and 706 partitioning cache hits
The partitioning cache has 0 tilings in it right now
The inferral cache has 695 tilings in it right now
There are 462 tilings in the search tree
Time taken so far is 10.593605518341064 seconds

Doing depth 4
We had 26435 inferral cache hits and 6091 partitioning cache hits
The partitioning cache has 0 tilings in it right now
The inferral cache has 8483 tilings in it right now
There are 4640 tilings in the search tree
Time taken so far is 196.86681818962097 seconds

Now processing 0213_0231_1230_2013_3012
Doing depth 1
We had 12 inferral cache hits and 9 partitioning cache hits
The partitioning cache has 0 tilings in it right now
The inferral cache has 14 tilings in it right now
There are 11 tilings in the search tree
Time taken so far is 0.07392740249633789 seconds

Doing depth 2
We had 159 inferral cache hits and 108 partitioning cache hits
The partitioning cache has 0 tilings in it right now
The inferral cache has 93 tilings in it right now
There are 62 tilings in the search tree
Time taken so far is 1.1996452808380127 seconds

Doing depth 3
We had 1839 inferral cache hits and 706 partitioning cache hits
The partitioning cache has 0 tilings in it right now
The inferral cache has 699 tilings in it right now
There are 452 tilings in the search tree
Time taken so far is 9.150375366210938 seconds

Doing depth 4
We had 21469 inferral cache hits and 5576 partitioning cache hits
The partitioning cache has 0 tilings in it right now
The inferral cache has 7692 tilings in it right now
There are 3896 tilings in the search tree
Time taken so far is 164.03354668617249 seconds

