/users/home/henningu/ATRAP/non-regular-insertion-encodable-bases/logs_length5
Now processing 0123_0132_0213_0231_2301
Doing depth 1
We had 0 inferral cache hits and 0 partitioning cache hits
The partitioning cache has 0 tilings in it right now
The inferral cache has 6 tilings in it right now
There are 5 tilings in the search tree
Time taken so far is 0.014986515045166016 seconds

Doing depth 2
We had 0 inferral cache hits and 10 partitioning cache hits
The partitioning cache has 0 tilings in it right now
The inferral cache has 16 tilings in it right now
There are 13 tilings in the search tree
Time taken so far is 0.07327556610107422 seconds

Doing depth 3
We had 1 inferral cache hits and 30 partitioning cache hits
The partitioning cache has 0 tilings in it right now
The inferral cache has 42 tilings in it right now
There are 27 tilings in the search tree
Time taken so far is 0.2023770809173584 seconds

Doing depth 4
We had 1 inferral cache hits and 40 partitioning cache hits
The partitioning cache has 0 tilings in it right now
The inferral cache has 58 tilings in it right now
There are 35 tilings in the search tree
Time taken so far is 0.3072824478149414 seconds

Doing depth 5
We had 2 inferral cache hits and 341 partitioning cache hits
The partitioning cache has 0 tilings in it right now
The inferral cache has 114 tilings in it right now
There are 74 tilings in the search tree
Time taken so far is 0.8625643253326416 seconds

Doing depth 6
We had 31 inferral cache hits and 1717 partitioning cache hits
The partitioning cache has 0 tilings in it right now
The inferral cache has 237 tilings in it right now
There are 167 tilings in the search tree
Time taken so far is 2.0372209548950195 seconds

Now processing 0123_0132_0213_1023_1230
Doing depth 1
We had 0 inferral cache hits and 0 partitioning cache hits
The partitioning cache has 0 tilings in it right now
The inferral cache has 6 tilings in it right now
There are 5 tilings in the search tree
Time taken so far is 0.02673053741455078 seconds

Doing depth 2
We had 0 inferral cache hits and 10 partitioning cache hits
The partitioning cache has 0 tilings in it right now
The inferral cache has 14 tilings in it right now
There are 13 tilings in the search tree
Time taken so far is 0.1009206771850586 seconds

Doing depth 3
We had 2 inferral cache hits and 30 partitioning cache hits
The partitioning cache has 0 tilings in it right now
The inferral cache has 40 tilings in it right now
There are 27 tilings in the search tree
Time taken so far is 0.2067127227783203 seconds

Doing depth 4
We had 2 inferral cache hits and 40 partitioning cache hits
The partitioning cache has 0 tilings in it right now
The inferral cache has 56 tilings in it right now
There are 35 tilings in the search tree
Time taken so far is 0.2923312187194824 seconds

Doing depth 5
We had 4 inferral cache hits and 429 partitioning cache hits
The partitioning cache has 0 tilings in it right now
The inferral cache has 128 tilings in it right now
There are 81 tilings in the search tree
Time taken so far is 1.2117648124694824 seconds

Doing depth 6
We had 41 inferral cache hits and 3922 partitioning cache hits
The partitioning cache has 0 tilings in it right now
The inferral cache has 295 tilings in it right now
There are 217 tilings in the search tree
Time taken so far is 6.569847822189331 seconds

Now processing 0123_0132_0213_1023_2301
Doing depth 1
We had 0 inferral cache hits and 0 partitioning cache hits
The partitioning cache has 0 tilings in it right now
The inferral cache has 6 tilings in it right now
There are 5 tilings in the search tree
Time taken so far is 0.011800765991210938 seconds

Doing depth 2
We had 0 inferral cache hits and 10 partitioning cache hits
The partitioning cache has 0 tilings in it right now
The inferral cache has 16 tilings in it right now
There are 13 tilings in the search tree
Time taken so far is 0.0568690299987793 seconds

Doing depth 3
We had 1 inferral cache hits and 30 partitioning cache hits
The partitioning cache has 0 tilings in it right now
The inferral cache has 44 tilings in it right now
There are 27 tilings in the search tree
Time taken so far is 0.15948200225830078 seconds

Doing depth 4
We had 1 inferral cache hits and 40 partitioning cache hits
The partitioning cache has 0 tilings in it right now
The inferral cache has 60 tilings in it right now
There are 35 tilings in the search tree
Time taken so far is 0.2467937469482422 seconds

Doing depth 5
We had 2 inferral cache hits and 336 partitioning cache hits
The partitioning cache has 0 tilings in it right now
The inferral cache has 130 tilings in it right now
There are 77 tilings in the search tree
Time taken so far is 0.7165377140045166 seconds

Doing depth 6
We had 38 inferral cache hits and 2222 partitioning cache hits
The partitioning cache has 0 tilings in it right now
The inferral cache has 329 tilings in it right now
There are 203 tilings in the search tree
Time taken so far is 1.9606056213378906 seconds

Now processing 0123_0132_0213_1203_1230
Doing depth 1
We had 0 inferral cache hits and 0 partitioning cache hits
The partitioning cache has 0 tilings in it right now
The inferral cache has 6 tilings in it right now
There are 5 tilings in the search tree
Time taken so far is 0.012093544006347656 seconds

Doing depth 2
We had 0 inferral cache hits and 10 partitioning cache hits
The partitioning cache has 0 tilings in it right now
The inferral cache has 14 tilings in it right now
There are 13 tilings in the search tree
Time taken so far is 0.054780006408691406 seconds

Doing depth 3
We had 2 inferral cache hits and 30 partitioning cache hits
The partitioning cache has 0 tilings in it right now
The inferral cache has 40 tilings in it right now
There are 27 tilings in the search tree
Time taken so far is 0.14514899253845215 seconds

Doing depth 4
We had 2 inferral cache hits and 40 partitioning cache hits
The partitioning cache has 0 tilings in it right now
The inferral cache has 58 tilings in it right now
There are 35 tilings in the search tree
Time taken so far is 0.23724627494812012 seconds

Doing depth 5
We had 4 inferral cache hits and 427 partitioning cache hits
The partitioning cache has 0 tilings in it right now
The inferral cache has 105 tilings in it right now
There are 72 tilings in the search tree
Time taken so far is 0.9941799640655518 seconds

Doing depth 6
We had 31 inferral cache hits and 1951 partitioning cache hits
The partitioning cache has 0 tilings in it right now
The inferral cache has 215 tilings in it right now
There are 160 tilings in the search tree
Time taken so far is 5.360437631607056 seconds

Now processing 0123_0132_0213_1203_2013
Doing depth 1
We had 0 inferral cache hits and 0 partitioning cache hits
The partitioning cache has 0 tilings in it right now
The inferral cache has 6 tilings in it right now
There are 5 tilings in the search tree
Time taken so far is 0.012213706970214844 seconds

Doing depth 2
We had 0 inferral cache hits and 10 partitioning cache hits
The partitioning cache has 0 tilings in it right now
The inferral cache has 14 tilings in it right now
There are 13 tilings in the search tree
Time taken so far is 0.06144380569458008 seconds

Doing depth 3
We had 2 inferral cache hits and 30 partitioning cache hits
The partitioning cache has 0 tilings in it right now
The inferral cache has 39 tilings in it right now
There are 27 tilings in the search tree
Time taken so far is 0.15483832359313965 seconds

Doing depth 4
We had 2 inferral cache hits and 40 partitioning cache hits
The partitioning cache has 0 tilings in it right now
The inferral cache has 58 tilings in it right now
There are 35 tilings in the search tree
Time taken so far is 0.2464280128479004 seconds

Doing depth 5
We had 4 inferral cache hits and 454 partitioning cache hits
The partitioning cache has 0 tilings in it right now
The inferral cache has 109 tilings in it right now
There are 83 tilings in the search tree
Time taken so far is 1.1955478191375732 seconds

Doing depth 6
We had 27 inferral cache hits and 1675 partitioning cache hits
The partitioning cache has 0 tilings in it right now
The inferral cache has 250 tilings in it right now
There are 170 tilings in the search tree
Time taken so far is 5.544527769088745 seconds

Now processing 0123_0132_0213_1203_3012
Doing depth 1
We had 0 inferral cache hits and 0 partitioning cache hits
The partitioning cache has 0 tilings in it right now
The inferral cache has 6 tilings in it right now
There are 5 tilings in the search tree
Time taken so far is 0.02589249610900879 seconds

Doing depth 2
We had 0 inferral cache hits and 10 partitioning cache hits
The partitioning cache has 0 tilings in it right now
The inferral cache has 14 tilings in it right now
There are 13 tilings in the search tree
Time taken so far is 0.10398626327514648 seconds

Doing depth 3
We had 2 inferral cache hits and 30 partitioning cache hits
The partitioning cache has 0 tilings in it right now
The inferral cache has 40 tilings in it right now
There are 27 tilings in the search tree
Time taken so far is 0.21923184394836426 seconds

Doing depth 4
We had 2 inferral cache hits and 40 partitioning cache hits
The partitioning cache has 0 tilings in it right now
The inferral cache has 59 tilings in it right now
There are 35 tilings in the search tree
Time taken so far is 0.3283965587615967 seconds

Doing depth 5
We had 6 inferral cache hits and 399 partitioning cache hits
The partitioning cache has 0 tilings in it right now
The inferral cache has 144 tilings in it right now
There are 90 tilings in the search tree
Time taken so far is 1.4472577571868896 seconds

Doing depth 6
We had 56 inferral cache hits and 2023 partitioning cache hits
The partitioning cache has 0 tilings in it right now
The inferral cache has 372 tilings in it right now
There are 234 tilings in the search tree
Time taken so far is 6.985236883163452 seconds

Now processing 0123_0132_0213_1230_2301
Doing depth 1
We had 0 inferral cache hits and 0 partitioning cache hits
The partitioning cache has 0 tilings in it right now
The inferral cache has 6 tilings in it right now
There are 5 tilings in the search tree
Time taken so far is 0.011171579360961914 seconds

Doing depth 2
We had 0 inferral cache hits and 10 partitioning cache hits
The partitioning cache has 0 tilings in it right now
The inferral cache has 15 tilings in it right now
There are 13 tilings in the search tree
Time taken so far is 0.05566120147705078 seconds

Doing depth 3
We had 1 inferral cache hits and 30 partitioning cache hits
The partitioning cache has 0 tilings in it right now
The inferral cache has 41 tilings in it right now
There are 27 tilings in the search tree
Time taken so far is 0.15333008766174316 seconds

Doing depth 4
We had 1 inferral cache hits and 40 partitioning cache hits
The partitioning cache has 0 tilings in it right now
The inferral cache has 57 tilings in it right now
There are 35 tilings in the search tree
Time taken so far is 0.23580050468444824 seconds

Doing depth 5
We had 2 inferral cache hits and 336 partitioning cache hits
The partitioning cache has 0 tilings in it right now
The inferral cache has 115 tilings in it right now
There are 75 tilings in the search tree
Time taken so far is 0.6961386203765869 seconds

Doing depth 6
We had 31 inferral cache hits and 1826 partitioning cache hits
The partitioning cache has 0 tilings in it right now
The inferral cache has 252 tilings in it right now
There are 175 tilings in the search tree
Time taken so far is 1.883117914199829 seconds

Now processing 0123_0132_0213_1230_3012
Doing depth 1
We had 0 inferral cache hits and 0 partitioning cache hits
The partitioning cache has 0 tilings in it right now
The inferral cache has 6 tilings in it right now
There are 5 tilings in the search tree
Time taken so far is 0.011639595031738281 seconds

Doing depth 2
We had 0 inferral cache hits and 10 partitioning cache hits
The partitioning cache has 0 tilings in it right now
The inferral cache has 14 tilings in it right now
There are 13 tilings in the search tree
Time taken so far is 0.05266094207763672 seconds

Doing depth 3
We had 2 inferral cache hits and 30 partitioning cache hits
The partitioning cache has 0 tilings in it right now
The inferral cache has 39 tilings in it right now
There are 27 tilings in the search tree
Time taken so far is 0.1436464786529541 seconds

Doing depth 4
We had 2 inferral cache hits and 40 partitioning cache hits
The partitioning cache has 0 tilings in it right now
The inferral cache has 55 tilings in it right now
There are 35 tilings in the search tree
Time taken so far is 0.22447991371154785 seconds

Doing depth 5
We had 6 inferral cache hits and 357 partitioning cache hits
The partitioning cache has 0 tilings in it right now
The inferral cache has 133 tilings in it right now
There are 81 tilings in the search tree
Time taken so far is 0.9594521522521973 seconds

Doing depth 6
We had 101 inferral cache hits and 6892 partitioning cache hits
The partitioning cache has 0 tilings in it right now
The inferral cache has 432 tilings in it right now
There are 312 tilings in the search tree
Time taken so far is 4.340800523757935 seconds

Now processing 0123_0132_1023_1230_2301
Doing depth 1
We had 0 inferral cache hits and 0 partitioning cache hits
The partitioning cache has 0 tilings in it right now
The inferral cache has 6 tilings in it right now
There are 5 tilings in the search tree
Time taken so far is 0.010742902755737305 seconds

Doing depth 2
We had 0 inferral cache hits and 10 partitioning cache hits
The partitioning cache has 0 tilings in it right now
The inferral cache has 15 tilings in it right now
There are 13 tilings in the search tree
Time taken so far is 0.057038307189941406 seconds

Doing depth 3
We had 2 inferral cache hits and 30 partitioning cache hits
The partitioning cache has 0 tilings in it right now
The inferral cache has 40 tilings in it right now
There are 27 tilings in the search tree
Time taken so far is 0.1528608798980713 seconds

Doing depth 4
We had 2 inferral cache hits and 40 partitioning cache hits
The partitioning cache has 0 tilings in it right now
The inferral cache has 56 tilings in it right now
There are 35 tilings in the search tree
Time taken so far is 0.2350473403930664 seconds

Doing depth 5
We had 11 inferral cache hits and 322 partitioning cache hits
The partitioning cache has 0 tilings in it right now
The inferral cache has 133 tilings in it right now
There are 91 tilings in the search tree
Time taken so far is 0.7776057720184326 seconds

Doing depth 6
We had 77 inferral cache hits and 1917 partitioning cache hits
The partitioning cache has 0 tilings in it right now
The inferral cache has 317 tilings in it right now
There are 238 tilings in the search tree
Time taken so far is 2.052133321762085 seconds

Now processing 0123_0132_1023_1230_3012
Doing depth 1
We had 0 inferral cache hits and 0 partitioning cache hits
The partitioning cache has 0 tilings in it right now
The inferral cache has 6 tilings in it right now
There are 5 tilings in the search tree
Time taken so far is 0.011626482009887695 seconds

Doing depth 2
We had 0 inferral cache hits and 10 partitioning cache hits
The partitioning cache has 0 tilings in it right now
The inferral cache has 14 tilings in it right now
There are 13 tilings in the search tree
Time taken so far is 0.05410361289978027 seconds

Doing depth 3
We had 2 inferral cache hits and 30 partitioning cache hits
The partitioning cache has 0 tilings in it right now
The inferral cache has 38 tilings in it right now
There are 27 tilings in the search tree
Time taken so far is 0.14135456085205078 seconds

Doing depth 4
We had 2 inferral cache hits and 40 partitioning cache hits
The partitioning cache has 0 tilings in it right now
The inferral cache has 54 tilings in it right now
There are 35 tilings in the search tree
Time taken so far is 0.22249341011047363 seconds

Doing depth 5
We had 7 inferral cache hits and 344 partitioning cache hits
The partitioning cache has 0 tilings in it right now
The inferral cache has 146 tilings in it right now
There are 89 tilings in the search tree
Time taken so far is 1.1449198722839355 seconds

Doing depth 6
We had 142 inferral cache hits and 12007 partitioning cache hits
The partitioning cache has 0 tilings in it right now
The inferral cache has 504 tilings in it right now
There are 382 tilings in the search tree
Time taken so far is 6.252377271652222 seconds

Now processing 0123_0132_1230_2301_3012
Doing depth 1
We had 0 inferral cache hits and 0 partitioning cache hits
The partitioning cache has 0 tilings in it right now
The inferral cache has 6 tilings in it right now
There are 5 tilings in the search tree
Time taken so far is 0.024493694305419922 seconds

Doing depth 2
We had 0 inferral cache hits and 10 partitioning cache hits
The partitioning cache has 0 tilings in it right now
The inferral cache has 14 tilings in it right now
There are 13 tilings in the search tree
Time taken so far is 0.0972447395324707 seconds

Doing depth 3
We had 2 inferral cache hits and 30 partitioning cache hits
The partitioning cache has 0 tilings in it right now
The inferral cache has 37 tilings in it right now
There are 27 tilings in the search tree
Time taken so far is 0.22476983070373535 seconds

Doing depth 4
We had 2 inferral cache hits and 40 partitioning cache hits
The partitioning cache has 0 tilings in it right now
The inferral cache has 53 tilings in it right now
There are 35 tilings in the search tree
Time taken so far is 0.3304262161254883 seconds

Doing depth 5
We had 4 inferral cache hits and 322 partitioning cache hits
The partitioning cache has 0 tilings in it right now
The inferral cache has 105 tilings in it right now
There are 75 tilings in the search tree
Time taken so far is 0.8635029792785645 seconds

Doing depth 6
We had 38 inferral cache hits and 1426 partitioning cache hits
The partitioning cache has 0 tilings in it right now
The inferral cache has 215 tilings in it right now
There are 166 tilings in the search tree
Time taken so far is 1.9781734943389893 seconds

Now processing 0123_0213_1230_2301_3012
Doing depth 1
We had 0 inferral cache hits and 0 partitioning cache hits
The partitioning cache has 0 tilings in it right now
The inferral cache has 6 tilings in it right now
There are 5 tilings in the search tree
Time taken so far is 0.011276483535766602 seconds

Doing depth 2
We had 0 inferral cache hits and 10 partitioning cache hits
The partitioning cache has 0 tilings in it right now
The inferral cache has 14 tilings in it right now
There are 13 tilings in the search tree
Time taken so far is 0.05511188507080078 seconds

Doing depth 3
We had 2 inferral cache hits and 30 partitioning cache hits
The partitioning cache has 0 tilings in it right now
The inferral cache has 38 tilings in it right now
There are 27 tilings in the search tree
Time taken so far is 0.1437516212463379 seconds

Doing depth 4
We had 2 inferral cache hits and 40 partitioning cache hits
The partitioning cache has 0 tilings in it right now
The inferral cache has 54 tilings in it right now
There are 35 tilings in the search tree
Time taken so far is 0.2364192008972168 seconds

Doing depth 5
We had 12 inferral cache hits and 336 partitioning cache hits
The partitioning cache has 0 tilings in it right now
The inferral cache has 120 tilings in it right now
There are 89 tilings in the search tree
Time taken so far is 0.7501444816589355 seconds

Doing depth 6
We had 93 inferral cache hits and 1158 partitioning cache hits
The partitioning cache has 0 tilings in it right now
The inferral cache has 246 tilings in it right now
There are 196 tilings in the search tree
Time taken so far is 1.8243935108184814 seconds

Now processing 0123_0231_0312_1203_2013
Doing depth 1
We had 0 inferral cache hits and 0 partitioning cache hits
The partitioning cache has 0 tilings in it right now
The inferral cache has 6 tilings in it right now
There are 5 tilings in the search tree
Time taken so far is 0.011929988861083984 seconds

Doing depth 2
We had 0 inferral cache hits and 10 partitioning cache hits
The partitioning cache has 0 tilings in it right now
The inferral cache has 14 tilings in it right now
There are 13 tilings in the search tree
Time taken so far is 0.06288337707519531 seconds

Doing depth 3
We had 2 inferral cache hits and 30 partitioning cache hits
The partitioning cache has 0 tilings in it right now
The inferral cache has 40 tilings in it right now
There are 27 tilings in the search tree
Time taken so far is 0.15706825256347656 seconds

Doing depth 4
We had 2 inferral cache hits and 40 partitioning cache hits
The partitioning cache has 0 tilings in it right now
The inferral cache has 56 tilings in it right now
There are 35 tilings in the search tree
Time taken so far is 0.2388899326324463 seconds

Doing depth 5
We had 16 inferral cache hits and 308 partitioning cache hits
The partitioning cache has 0 tilings in it right now
The inferral cache has 166 tilings in it right now
There are 109 tilings in the search tree
Time taken so far is 1.0859122276306152 seconds

Doing depth 6
We had 78 inferral cache hits and 1543 partitioning cache hits
The partitioning cache has 0 tilings in it right now
The inferral cache has 368 tilings in it right now
There are 255 tilings in the search tree
Time taken so far is 3.3045735359191895 seconds

Now processing 0132_0213_0231_0312_3120
Doing depth 1
We had 0 inferral cache hits and 0 partitioning cache hits
The partitioning cache has 0 tilings in it right now
The inferral cache has 6 tilings in it right now
There are 5 tilings in the search tree
Time taken so far is 0.014780521392822266 seconds

Doing depth 2
We had 0 inferral cache hits and 14 partitioning cache hits
The partitioning cache has 0 tilings in it right now
The inferral cache has 15 tilings in it right now
There are 15 tilings in the search tree
Time taken so far is 0.07125067710876465 seconds

Doing depth 3
We had 1 inferral cache hits and 52 partitioning cache hits
The partitioning cache has 0 tilings in it right now
The inferral cache has 41 tilings in it right now
There are 31 tilings in the search tree
Time taken so far is 0.23718953132629395 seconds

Doing depth 4
We had 1 inferral cache hits and 73 partitioning cache hits
The partitioning cache has 0 tilings in it right now
The inferral cache has 60 tilings in it right now
There are 40 tilings in the search tree
Time taken so far is 0.4541187286376953 seconds

Doing depth 5
We had 2 inferral cache hits and 430 partitioning cache hits
The partitioning cache has 0 tilings in it right now
The inferral cache has 113 tilings in it right now
There are 81 tilings in the search tree
Time taken so far is 1.0922107696533203 seconds

Doing depth 6
We had 30 inferral cache hits and 2945 partitioning cache hits
The partitioning cache has 0 tilings in it right now
The inferral cache has 327 tilings in it right now
There are 242 tilings in the search tree
Time taken so far is 5.78307318687439 seconds

Now processing 0132_0213_0231_0321_3120
Doing depth 1
We had 0 inferral cache hits and 0 partitioning cache hits
The partitioning cache has 0 tilings in it right now
The inferral cache has 6 tilings in it right now
There are 5 tilings in the search tree
Time taken so far is 0.01387166976928711 seconds

Doing depth 2
We had 0 inferral cache hits and 14 partitioning cache hits
The partitioning cache has 0 tilings in it right now
The inferral cache has 14 tilings in it right now
There are 15 tilings in the search tree
Time taken so far is 0.06608748435974121 seconds

Doing depth 3
We had 2 inferral cache hits and 52 partitioning cache hits
The partitioning cache has 0 tilings in it right now
The inferral cache has 40 tilings in it right now
There are 31 tilings in the search tree
Time taken so far is 0.21768498420715332 seconds

Doing depth 4
We had 2 inferral cache hits and 73 partitioning cache hits
The partitioning cache has 0 tilings in it right now
The inferral cache has 59 tilings in it right now
There are 42 tilings in the search tree
Time taken so far is 0.4636099338531494 seconds

Doing depth 5
We had 14 inferral cache hits and 886 partitioning cache hits
The partitioning cache has 0 tilings in it right now
The inferral cache has 138 tilings in it right now
There are 115 tilings in the search tree
Time taken so far is 1.4690048694610596 seconds

Doing depth 6
We had 137 inferral cache hits and 12591 partitioning cache hits
The partitioning cache has 0 tilings in it right now
The inferral cache has 489 tilings in it right now
There are 412 tilings in the search tree
Time taken so far is 8.490936517715454 seconds

Now processing 0132_0213_0231_1230_2301
Doing depth 1
We had 0 inferral cache hits and 0 partitioning cache hits
The partitioning cache has 0 tilings in it right now
The inferral cache has 6 tilings in it right now
There are 5 tilings in the search tree
Time taken so far is 0.02539992332458496 seconds

Doing depth 2
We had 0 inferral cache hits and 10 partitioning cache hits
The partitioning cache has 0 tilings in it right now
The inferral cache has 14 tilings in it right now
There are 13 tilings in the search tree
Time taken so far is 0.10515141487121582 seconds

Doing depth 3
We had 2 inferral cache hits and 30 partitioning cache hits
The partitioning cache has 0 tilings in it right now
The inferral cache has 38 tilings in it right now
There are 27 tilings in the search tree
Time taken so far is 0.2309114933013916 seconds

Doing depth 4
We had 2 inferral cache hits and 40 partitioning cache hits
The partitioning cache has 0 tilings in it right now
The inferral cache has 55 tilings in it right now
There are 35 tilings in the search tree
Time taken so far is 0.3582470417022705 seconds

Doing depth 5
We had 7 inferral cache hits and 336 partitioning cache hits
The partitioning cache has 0 tilings in it right now
The inferral cache has 115 tilings in it right now
There are 83 tilings in the search tree
Time taken so far is 0.9095146656036377 seconds

Doing depth 6
We had 40 inferral cache hits and 1462 partitioning cache hits
The partitioning cache has 0 tilings in it right now
The inferral cache has 232 tilings in it right now
There are 174 tilings in the search tree
Time taken so far is 2.084956407546997 seconds

Now processing 0132_0213_1023_1230_2301
Doing depth 1
We had 0 inferral cache hits and 0 partitioning cache hits
The partitioning cache has 0 tilings in it right now
The inferral cache has 6 tilings in it right now
There are 5 tilings in the search tree
Time taken so far is 0.01168680191040039 seconds

Doing depth 2
We had 0 inferral cache hits and 10 partitioning cache hits
The partitioning cache has 0 tilings in it right now
The inferral cache has 15 tilings in it right now
There are 13 tilings in the search tree
Time taken so far is 0.05823016166687012 seconds

Doing depth 3
We had 1 inferral cache hits and 30 partitioning cache hits
The partitioning cache has 0 tilings in it right now
The inferral cache has 42 tilings in it right now
There are 27 tilings in the search tree
Time taken so far is 0.1624007225036621 seconds

Doing depth 4
We had 1 inferral cache hits and 40 partitioning cache hits
The partitioning cache has 0 tilings in it right now
The inferral cache has 58 tilings in it right now
There are 35 tilings in the search tree
Time taken so far is 0.25167202949523926 seconds

Doing depth 5
We had 6 inferral cache hits and 322 partitioning cache hits
The partitioning cache has 0 tilings in it right now
The inferral cache has 139 tilings in it right now
There are 87 tilings in the search tree
Time taken so far is 0.7902340888977051 seconds

Doing depth 6
We had 91 inferral cache hits and 4268 partitioning cache hits
The partitioning cache has 0 tilings in it right now
The inferral cache has 383 tilings in it right now
There are 289 tilings in the search tree
Time taken so far is 2.694249391555786 seconds

Now processing 0132_0213_1023_1230_3012
Doing depth 1
We had 0 inferral cache hits and 0 partitioning cache hits
The partitioning cache has 0 tilings in it right now
The inferral cache has 6 tilings in it right now
There are 5 tilings in the search tree
Time taken so far is 0.011744022369384766 seconds

Doing depth 2
We had 0 inferral cache hits and 10 partitioning cache hits
The partitioning cache has 0 tilings in it right now
The inferral cache has 16 tilings in it right now
There are 13 tilings in the search tree
Time taken so far is 0.05608797073364258 seconds

Doing depth 3
We had 1 inferral cache hits and 30 partitioning cache hits
The partitioning cache has 0 tilings in it right now
The inferral cache has 44 tilings in it right now
There are 27 tilings in the search tree
Time taken so far is 0.15226960182189941 seconds

Doing depth 4
We had 1 inferral cache hits and 40 partitioning cache hits
The partitioning cache has 0 tilings in it right now
The inferral cache has 60 tilings in it right now
There are 35 tilings in the search tree
Time taken so far is 0.23391461372375488 seconds

Doing depth 5
We had 3 inferral cache hits and 344 partitioning cache hits
The partitioning cache has 0 tilings in it right now
The inferral cache has 146 tilings in it right now
There are 81 tilings in the search tree
Time taken so far is 0.989466667175293 seconds

Doing depth 6
We had 47 inferral cache hits and 5685 partitioning cache hits
The partitioning cache has 0 tilings in it right now
The inferral cache has 368 tilings in it right now
There are 274 tilings in the search tree
Time taken so far is 3.278275489807129 seconds

Now processing 0132_0213_1203_1230_3012
Doing depth 1
We had 0 inferral cache hits and 0 partitioning cache hits
The partitioning cache has 0 tilings in it right now
The inferral cache has 6 tilings in it right now
There are 5 tilings in the search tree
Time taken so far is 0.011844873428344727 seconds

Doing depth 2
We had 0 inferral cache hits and 10 partitioning cache hits
The partitioning cache has 0 tilings in it right now
The inferral cache has 15 tilings in it right now
There are 13 tilings in the search tree
Time taken so far is 0.05643749237060547 seconds

Doing depth 3
We had 1 inferral cache hits and 30 partitioning cache hits
The partitioning cache has 0 tilings in it right now
The inferral cache has 42 tilings in it right now
There are 27 tilings in the search tree
Time taken so far is 0.15072917938232422 seconds

Doing depth 4
We had 1 inferral cache hits and 40 partitioning cache hits
The partitioning cache has 0 tilings in it right now
The inferral cache has 61 tilings in it right now
There are 35 tilings in the search tree
Time taken so far is 0.23383784294128418 seconds

Doing depth 5
We had 4 inferral cache hits and 375 partitioning cache hits
The partitioning cache has 0 tilings in it right now
The inferral cache has 163 tilings in it right now
There are 91 tilings in the search tree
Time taken so far is 1.1095304489135742 seconds

Doing depth 6
We had 129 inferral cache hits and 9352 partitioning cache hits
The partitioning cache has 0 tilings in it right now
The inferral cache has 575 tilings in it right now
There are 355 tilings in the search tree
Time taken so far is 5.603168249130249 seconds

Now processing 0132_0213_1230_2301_3012
Doing depth 1
We had 0 inferral cache hits and 0 partitioning cache hits
The partitioning cache has 0 tilings in it right now
The inferral cache has 6 tilings in it right now
There are 5 tilings in the search tree
Time taken so far is 0.024736404418945312 seconds

Doing depth 2
We had 0 inferral cache hits and 10 partitioning cache hits
The partitioning cache has 0 tilings in it right now
The inferral cache has 15 tilings in it right now
There are 13 tilings in the search tree
Time taken so far is 0.11157989501953125 seconds

Doing depth 3
We had 1 inferral cache hits and 30 partitioning cache hits
The partitioning cache has 0 tilings in it right now
The inferral cache has 41 tilings in it right now
There are 27 tilings in the search tree
Time taken so far is 0.23502397537231445 seconds

Doing depth 4
We had 1 inferral cache hits and 40 partitioning cache hits
The partitioning cache has 0 tilings in it right now
The inferral cache has 57 tilings in it right now
There are 35 tilings in the search tree
Time taken so far is 0.3417787551879883 seconds

Doing depth 5
We had 10 inferral cache hits and 322 partitioning cache hits
The partitioning cache has 0 tilings in it right now
The inferral cache has 131 tilings in it right now
There are 91 tilings in the search tree
Time taken so far is 0.9480948448181152 seconds

Doing depth 6
We had 113 inferral cache hits and 5173 partitioning cache hits
The partitioning cache has 0 tilings in it right now
The inferral cache has 326 tilings in it right now
There are 274 tilings in the search tree
Time taken so far is 2.677522897720337 seconds

Now processing 0132_0231_0312_0321_3120
Doing depth 1
We had 0 inferral cache hits and 0 partitioning cache hits
The partitioning cache has 0 tilings in it right now
The inferral cache has 6 tilings in it right now
There are 5 tilings in the search tree
Time taken so far is 0.014626502990722656 seconds

Doing depth 2
We had 0 inferral cache hits and 14 partitioning cache hits
The partitioning cache has 0 tilings in it right now
The inferral cache has 15 tilings in it right now
There are 15 tilings in the search tree
Time taken so far is 0.07280683517456055 seconds

Doing depth 3
We had 1 inferral cache hits and 52 partitioning cache hits
The partitioning cache has 0 tilings in it right now
The inferral cache has 40 tilings in it right now
There are 31 tilings in the search tree
Time taken so far is 0.2466261386871338 seconds

Doing depth 4
We had 1 inferral cache hits and 73 partitioning cache hits
The partitioning cache has 0 tilings in it right now
The inferral cache has 60 tilings in it right now
There are 42 tilings in the search tree
Time taken so far is 0.48324108123779297 seconds

Doing depth 5
We had 8 inferral cache hits and 876 partitioning cache hits
The partitioning cache has 0 tilings in it right now
The inferral cache has 140 tilings in it right now
There are 116 tilings in the search tree
Time taken so far is 1.5492405891418457 seconds

Doing depth 6
We had 107 inferral cache hits and 11780 partitioning cache hits
The partitioning cache has 0 tilings in it right now
The inferral cache has 514 tilings in it right now
There are 399 tilings in the search tree
Time taken so far is 8.655794858932495 seconds

Now processing 0132_0231_0312_1032_3120
Doing depth 1
We had 0 inferral cache hits and 0 partitioning cache hits
The partitioning cache has 0 tilings in it right now
The inferral cache has 6 tilings in it right now
There are 5 tilings in the search tree
Time taken so far is 0.012463092803955078 seconds

Doing depth 2
We had 0 inferral cache hits and 10 partitioning cache hits
The partitioning cache has 0 tilings in it right now
The inferral cache has 15 tilings in it right now
There are 13 tilings in the search tree
Time taken so far is 0.07213854789733887 seconds

Doing depth 3
We had 2 inferral cache hits and 30 partitioning cache hits
The partitioning cache has 0 tilings in it right now
The inferral cache has 40 tilings in it right now
There are 27 tilings in the search tree
Time taken so far is 0.1721205711364746 seconds

Doing depth 4
We had 2 inferral cache hits and 40 partitioning cache hits
The partitioning cache has 0 tilings in it right now
The inferral cache has 62 tilings in it right now
There are 37 tilings in the search tree
Time taken so far is 0.26512694358825684 seconds

Doing depth 5
We had 4 inferral cache hits and 339 partitioning cache hits
The partitioning cache has 0 tilings in it right now
The inferral cache has 126 tilings in it right now
There are 80 tilings in the search tree
Time taken so far is 0.7827057838439941 seconds

Doing depth 6
We had 23 inferral cache hits and 1766 partitioning cache hits
The partitioning cache has 0 tilings in it right now
The inferral cache has 257 tilings in it right now
There are 168 tilings in the search tree
Time taken so far is 2.329718828201294 seconds

Now processing 0132_0231_0312_1203_2013
Doing depth 1
We had 0 inferral cache hits and 0 partitioning cache hits
The partitioning cache has 0 tilings in it right now
The inferral cache has 6 tilings in it right now
There are 5 tilings in the search tree
Time taken so far is 0.012022733688354492 seconds

Doing depth 2
We had 0 inferral cache hits and 10 partitioning cache hits
The partitioning cache has 0 tilings in it right now
The inferral cache has 14 tilings in it right now
There are 13 tilings in the search tree
Time taken so far is 0.0652933120727539 seconds

Doing depth 3
We had 2 inferral cache hits and 30 partitioning cache hits
The partitioning cache has 0 tilings in it right now
The inferral cache has 39 tilings in it right now
There are 27 tilings in the search tree
Time taken so far is 0.16183090209960938 seconds

Doing depth 4
We had 2 inferral cache hits and 40 partitioning cache hits
The partitioning cache has 0 tilings in it right now
The inferral cache has 57 tilings in it right now
There are 35 tilings in the search tree
Time taken so far is 0.24918675422668457 seconds

Doing depth 5
We had 6 inferral cache hits and 297 partitioning cache hits
The partitioning cache has 0 tilings in it right now
The inferral cache has 168 tilings in it right now
There are 98 tilings in the search tree
Time taken so far is 1.0976526737213135 seconds

Doing depth 6
We had 74 inferral cache hits and 8429 partitioning cache hits
The partitioning cache has 0 tilings in it right now
The inferral cache has 549 tilings in it right now
There are 331 tilings in the search tree
Time taken so far is 6.6191277503967285 seconds

Now processing 0132_0231_0321_1032_3120
Doing depth 1
We had 0 inferral cache hits and 0 partitioning cache hits
The partitioning cache has 0 tilings in it right now
The inferral cache has 6 tilings in it right now
There are 5 tilings in the search tree
Time taken so far is 0.012130260467529297 seconds

Doing depth 2
We had 0 inferral cache hits and 10 partitioning cache hits
The partitioning cache has 0 tilings in it right now
The inferral cache has 14 tilings in it right now
There are 13 tilings in the search tree
Time taken so far is 0.06993246078491211 seconds

Doing depth 3
We had 2 inferral cache hits and 30 partitioning cache hits
The partitioning cache has 0 tilings in it right now
The inferral cache has 39 tilings in it right now
There are 27 tilings in the search tree
Time taken so far is 0.17011713981628418 seconds

Doing depth 4
We had 2 inferral cache hits and 40 partitioning cache hits
The partitioning cache has 0 tilings in it right now
The inferral cache has 58 tilings in it right now
There are 35 tilings in the search tree
Time taken so far is 0.2619743347167969 seconds

Doing depth 5
We had 3 inferral cache hits and 505 partitioning cache hits
The partitioning cache has 0 tilings in it right now
The inferral cache has 106 tilings in it right now
There are 79 tilings in the search tree
Time taken so far is 0.8060481548309326 seconds

Doing depth 6
We had 28 inferral cache hits and 2854 partitioning cache hits
The partitioning cache has 0 tilings in it right now
The inferral cache has 235 tilings in it right now
There are 184 tilings in the search tree
Time taken so far is 2.767679452896118 seconds

Now processing 0132_0231_1023_1203_2301
Doing depth 1
We had 0 inferral cache hits and 0 partitioning cache hits
The partitioning cache has 0 tilings in it right now
The inferral cache has 6 tilings in it right now
There are 5 tilings in the search tree
Time taken so far is 0.011791706085205078 seconds

Doing depth 2
We had 0 inferral cache hits and 10 partitioning cache hits
The partitioning cache has 0 tilings in it right now
The inferral cache has 15 tilings in it right now
There are 13 tilings in the search tree
Time taken so far is 0.06008744239807129 seconds

Doing depth 3
We had 1 inferral cache hits and 30 partitioning cache hits
The partitioning cache has 0 tilings in it right now
The inferral cache has 40 tilings in it right now
There are 27 tilings in the search tree
Time taken so far is 0.16775798797607422 seconds

Doing depth 4
We had 1 inferral cache hits and 40 partitioning cache hits
The partitioning cache has 0 tilings in it right now
The inferral cache has 58 tilings in it right now
There are 35 tilings in the search tree
Time taken so far is 0.2531774044036865 seconds

Doing depth 5
We had 7 inferral cache hits and 317 partitioning cache hits
The partitioning cache has 0 tilings in it right now
The inferral cache has 144 tilings in it right now
There are 93 tilings in the search tree
Time taken so far is 0.88797926902771 seconds

Doing depth 6
We had 87 inferral cache hits and 5432 partitioning cache hits
The partitioning cache has 0 tilings in it right now
The inferral cache has 349 tilings in it right now
There are 277 tilings in the search tree
Time taken so far is 3.428663730621338 seconds

Now processing 0132_0231_1023_1203_3012
Doing depth 1
We had 0 inferral cache hits and 0 partitioning cache hits
The partitioning cache has 0 tilings in it right now
The inferral cache has 6 tilings in it right now
There are 5 tilings in the search tree
Time taken so far is 0.02639484405517578 seconds

Doing depth 2
We had 0 inferral cache hits and 10 partitioning cache hits
The partitioning cache has 0 tilings in it right now
The inferral cache has 15 tilings in it right now
There are 13 tilings in the search tree
Time taken so far is 0.10426139831542969 seconds

Doing depth 3
We had 1 inferral cache hits and 30 partitioning cache hits
The partitioning cache has 0 tilings in it right now
The inferral cache has 40 tilings in it right now
There are 27 tilings in the search tree
Time taken so far is 0.24513530731201172 seconds

Doing depth 4
We had 1 inferral cache hits and 40 partitioning cache hits
The partitioning cache has 0 tilings in it right now
The inferral cache has 58 tilings in it right now
There are 35 tilings in the search tree
Time taken so far is 0.3443131446838379 seconds

Doing depth 5
We had 8 inferral cache hits and 341 partitioning cache hits
The partitioning cache has 0 tilings in it right now
The inferral cache has 133 tilings in it right now
There are 91 tilings in the search tree
Time taken so far is 1.0387811660766602 seconds

Doing depth 6
We had 70 inferral cache hits and 7266 partitioning cache hits
The partitioning cache has 0 tilings in it right now
The inferral cache has 326 tilings in it right now
There are 257 tilings in the search tree
Time taken so far is 3.924337863922119 seconds

Now processing 0132_0231_1023_1230_2013
Doing depth 1
We had 0 inferral cache hits and 0 partitioning cache hits
The partitioning cache has 0 tilings in it right now
The inferral cache has 6 tilings in it right now
There are 5 tilings in the search tree
Time taken so far is 0.011317253112792969 seconds

Doing depth 2
We had 0 inferral cache hits and 10 partitioning cache hits
The partitioning cache has 0 tilings in it right now
The inferral cache has 15 tilings in it right now
There are 13 tilings in the search tree
Time taken so far is 0.0560603141784668 seconds

Doing depth 3
We had 1 inferral cache hits and 30 partitioning cache hits
The partitioning cache has 0 tilings in it right now
The inferral cache has 42 tilings in it right now
There are 27 tilings in the search tree
Time taken so far is 0.1552722454071045 seconds

Doing depth 4
We had 1 inferral cache hits and 40 partitioning cache hits
The partitioning cache has 0 tilings in it right now
The inferral cache has 59 tilings in it right now
There are 35 tilings in the search tree
Time taken so far is 0.2375502586364746 seconds

Doing depth 5
We had 10 inferral cache hits and 394 partitioning cache hits
The partitioning cache has 0 tilings in it right now
The inferral cache has 138 tilings in it right now
There are 97 tilings in the search tree
Time taken so far is 1.1069409847259521 seconds

Doing depth 6
We had 126 inferral cache hits and 4813 partitioning cache hits
The partitioning cache has 0 tilings in it right now
The inferral cache has 404 tilings in it right now
There are 313 tilings in the search tree
Time taken so far is 6.09868311882019 seconds

Now processing 0132_0231_1023_1230_2301
Doing depth 1
We had 0 inferral cache hits and 0 partitioning cache hits
The partitioning cache has 0 tilings in it right now
The inferral cache has 6 tilings in it right now
There are 5 tilings in the search tree
Time taken so far is 0.011182546615600586 seconds

Doing depth 2
We had 0 inferral cache hits and 10 partitioning cache hits
The partitioning cache has 0 tilings in it right now
The inferral cache has 15 tilings in it right now
There are 13 tilings in the search tree
Time taken so far is 0.05764126777648926 seconds

Doing depth 3
We had 2 inferral cache hits and 30 partitioning cache hits
The partitioning cache has 0 tilings in it right now
The inferral cache has 41 tilings in it right now
There are 27 tilings in the search tree
Time taken so far is 0.15635180473327637 seconds

Doing depth 4
We had 2 inferral cache hits and 40 partitioning cache hits
The partitioning cache has 0 tilings in it right now
The inferral cache has 58 tilings in it right now
There are 35 tilings in the search tree
Time taken so far is 0.25270557403564453 seconds

Doing depth 5
We had 9 inferral cache hits and 328 partitioning cache hits
The partitioning cache has 0 tilings in it right now
The inferral cache has 150 tilings in it right now
There are 97 tilings in the search tree
Time taken so far is 0.899660587310791 seconds

Doing depth 6
We had 128 inferral cache hits and 5771 partitioning cache hits
The partitioning cache has 0 tilings in it right now
The inferral cache has 461 tilings in it right now
There are 350 tilings in the search tree
Time taken so far is 3.9944777488708496 seconds

Now processing 0132_0231_1203_1230_2301
Doing depth 1
We had 0 inferral cache hits and 0 partitioning cache hits
The partitioning cache has 0 tilings in it right now
The inferral cache has 6 tilings in it right now
There are 5 tilings in the search tree
Time taken so far is 0.010908842086791992 seconds

Doing depth 2
We had 0 inferral cache hits and 10 partitioning cache hits
The partitioning cache has 0 tilings in it right now
The inferral cache has 14 tilings in it right now
There are 13 tilings in the search tree
Time taken so far is 0.06824398040771484 seconds

Doing depth 3
We had 2 inferral cache hits and 30 partitioning cache hits
The partitioning cache has 0 tilings in it right now
The inferral cache has 39 tilings in it right now
There are 27 tilings in the search tree
Time taken so far is 0.16765236854553223 seconds

Doing depth 4
We had 2 inferral cache hits and 40 partitioning cache hits
The partitioning cache has 0 tilings in it right now
The inferral cache has 58 tilings in it right now
There are 35 tilings in the search tree
Time taken so far is 0.25568652153015137 seconds

Doing depth 5
We had 3 inferral cache hits and 334 partitioning cache hits
The partitioning cache has 0 tilings in it right now
The inferral cache has 122 tilings in it right now
There are 81 tilings in the search tree
Time taken so far is 0.9110898971557617 seconds

Doing depth 6
We had 41 inferral cache hits and 3010 partitioning cache hits
The partitioning cache has 0 tilings in it right now
The inferral cache has 368 tilings in it right now
There are 240 tilings in the search tree
Time taken so far is 4.3505754470825195 seconds

Now processing 0132_0231_1203_1230_3012
Doing depth 1
We had 0 inferral cache hits and 0 partitioning cache hits
The partitioning cache has 0 tilings in it right now
The inferral cache has 6 tilings in it right now
There are 5 tilings in the search tree
Time taken so far is 0.011271238327026367 seconds

Doing depth 2
We had 0 inferral cache hits and 10 partitioning cache hits
The partitioning cache has 0 tilings in it right now
The inferral cache has 15 tilings in it right now
There are 13 tilings in the search tree
Time taken so far is 0.054972171783447266 seconds

Doing depth 3
We had 1 inferral cache hits and 30 partitioning cache hits
The partitioning cache has 0 tilings in it right now
The inferral cache has 41 tilings in it right now
There are 27 tilings in the search tree
Time taken so far is 0.16055607795715332 seconds

Doing depth 4
We had 1 inferral cache hits and 40 partitioning cache hits
The partitioning cache has 0 tilings in it right now
The inferral cache has 60 tilings in it right now
There are 35 tilings in the search tree
Time taken so far is 0.23613739013671875 seconds

Doing depth 5
We had 6 inferral cache hits and 458 partitioning cache hits
The partitioning cache has 0 tilings in it right now
The inferral cache has 150 tilings in it right now
There are 95 tilings in the search tree
Time taken so far is 1.0911369323730469 seconds

Doing depth 6
We had 97 inferral cache hits and 8502 partitioning cache hits
The partitioning cache has 0 tilings in it right now
The inferral cache has 547 tilings in it right now
There are 320 tilings in the search tree
Time taken so far is 6.139238357543945 seconds

Now processing 0132_0231_1203_2013_3012
Doing depth 1
We had 0 inferral cache hits and 0 partitioning cache hits
The partitioning cache has 0 tilings in it right now
The inferral cache has 6 tilings in it right now
There are 5 tilings in the search tree
Time taken so far is 0.011633872985839844 seconds

Doing depth 2
We had 0 inferral cache hits and 10 partitioning cache hits
The partitioning cache has 0 tilings in it right now
The inferral cache has 15 tilings in it right now
There are 13 tilings in the search tree
Time taken so far is 0.05577373504638672 seconds

Doing depth 3
We had 2 inferral cache hits and 30 partitioning cache hits
The partitioning cache has 0 tilings in it right now
The inferral cache has 42 tilings in it right now
There are 27 tilings in the search tree
Time taken so far is 0.1506345272064209 seconds

Doing depth 4
We had 2 inferral cache hits and 40 partitioning cache hits
The partitioning cache has 0 tilings in it right now
The inferral cache has 61 tilings in it right now
There are 35 tilings in the search tree
Time taken so far is 0.22984933853149414 seconds

Doing depth 5
We had 14 inferral cache hits and 407 partitioning cache hits
The partitioning cache has 0 tilings in it right now
The inferral cache has 166 tilings in it right now
There are 110 tilings in the search tree
Time taken so far is 1.0102651119232178 seconds

Doing depth 6
We had 164 inferral cache hits and 10528 partitioning cache hits
The partitioning cache has 0 tilings in it right now
The inferral cache has 525 tilings in it right now
There are 399 tilings in the search tree
Time taken so far is 4.966447591781616 seconds

Now processing 0132_0231_1302_2013_3012
Doing depth 1
We had 0 inferral cache hits and 0 partitioning cache hits
The partitioning cache has 0 tilings in it right now
The inferral cache has 6 tilings in it right now
There are 5 tilings in the search tree
Time taken so far is 0.011349201202392578 seconds

Doing depth 2
We had 0 inferral cache hits and 10 partitioning cache hits
The partitioning cache has 0 tilings in it right now
The inferral cache has 15 tilings in it right now
There are 13 tilings in the search tree
Time taken so far is 0.06941533088684082 seconds

Doing depth 3
We had 2 inferral cache hits and 30 partitioning cache hits
The partitioning cache has 0 tilings in it right now
The inferral cache has 40 tilings in it right now
There are 27 tilings in the search tree
Time taken so far is 0.1692357063293457 seconds

Doing depth 4
We had 2 inferral cache hits and 40 partitioning cache hits
The partitioning cache has 0 tilings in it right now
The inferral cache has 65 tilings in it right now
There are 39 tilings in the search tree
Time taken so far is 0.28525304794311523 seconds

Doing depth 5
We had 18 inferral cache hits and 848 partitioning cache hits
The partitioning cache has 0 tilings in it right now
The inferral cache has 174 tilings in it right now
There are 126 tilings in the search tree
Time taken so far is 1.3766651153564453 seconds

Doing depth 6
We had 70 inferral cache hits and 2806 partitioning cache hits
The partitioning cache has 0 tilings in it right now
The inferral cache has 380 tilings in it right now
There are 270 tilings in the search tree
Time taken so far is 3.992906332015991 seconds

Now processing 0132_1023_1230_2301_3012
Doing depth 1
We had 0 inferral cache hits and 0 partitioning cache hits
The partitioning cache has 0 tilings in it right now
The inferral cache has 6 tilings in it right now
There are 5 tilings in the search tree
Time taken so far is 0.01119542121887207 seconds

Doing depth 2
We had 0 inferral cache hits and 10 partitioning cache hits
The partitioning cache has 0 tilings in it right now
The inferral cache has 16 tilings in it right now
There are 13 tilings in the search tree
Time taken so far is 0.05771899223327637 seconds

Doing depth 3
We had 1 inferral cache hits and 30 partitioning cache hits
The partitioning cache has 0 tilings in it right now
The inferral cache has 42 tilings in it right now
There are 27 tilings in the search tree
Time taken so far is 0.160750150680542 seconds

Doing depth 4
We had 1 inferral cache hits and 40 partitioning cache hits
The partitioning cache has 0 tilings in it right now
The inferral cache has 58 tilings in it right now
There are 35 tilings in the search tree
Time taken so far is 0.24241375923156738 seconds

Doing depth 5
We had 11 inferral cache hits and 308 partitioning cache hits
The partitioning cache has 0 tilings in it right now
The inferral cache has 134 tilings in it right now
There are 93 tilings in the search tree
Time taken so far is 0.7613906860351562 seconds

Doing depth 6
We had 73 inferral cache hits and 1546 partitioning cache hits
The partitioning cache has 0 tilings in it right now
The inferral cache has 293 tilings in it right now
There are 226 tilings in the search tree
Time taken so far is 1.8491747379302979 seconds

Now processing 0132_1203_1230_2013_3012
Doing depth 1
We had 0 inferral cache hits and 0 partitioning cache hits
The partitioning cache has 0 tilings in it right now
The inferral cache has 6 tilings in it right now
There are 5 tilings in the search tree
Time taken so far is 0.012026548385620117 seconds

Doing depth 2
We had 0 inferral cache hits and 10 partitioning cache hits
The partitioning cache has 0 tilings in it right now
The inferral cache has 15 tilings in it right now
There are 13 tilings in the search tree
Time taken so far is 0.06727290153503418 seconds

Doing depth 3
We had 2 inferral cache hits and 30 partitioning cache hits
The partitioning cache has 0 tilings in it right now
The inferral cache has 41 tilings in it right now
There are 27 tilings in the search tree
Time taken so far is 0.16236591339111328 seconds

Doing depth 4
We had 2 inferral cache hits and 40 partitioning cache hits
The partitioning cache has 0 tilings in it right now
The inferral cache has 61 tilings in it right now
There are 35 tilings in the search tree
Time taken so far is 0.24480295181274414 seconds

Doing depth 5
We had 11 inferral cache hits and 384 partitioning cache hits
The partitioning cache has 0 tilings in it right now
The inferral cache has 161 tilings in it right now
There are 99 tilings in the search tree
Time taken so far is 1.1944315433502197 seconds

Doing depth 6
We had 119 inferral cache hits and 10514 partitioning cache hits
The partitioning cache has 0 tilings in it right now
The inferral cache has 527 tilings in it right now
There are 365 tilings in the search tree
Time taken so far is 7.070721387863159 seconds

Now processing 0132_1203_1230_2301_3012
Doing depth 1
We had 0 inferral cache hits and 0 partitioning cache hits
The partitioning cache has 0 tilings in it right now
The inferral cache has 6 tilings in it right now
There are 5 tilings in the search tree
Time taken so far is 0.025202035903930664 seconds

Doing depth 2
We had 0 inferral cache hits and 10 partitioning cache hits
The partitioning cache has 0 tilings in it right now
The inferral cache has 15 tilings in it right now
There are 13 tilings in the search tree
Time taken so far is 0.10541439056396484 seconds

Doing depth 3
We had 2 inferral cache hits and 30 partitioning cache hits
The partitioning cache has 0 tilings in it right now
The inferral cache has 40 tilings in it right now
There are 27 tilings in the search tree
Time taken so far is 0.2336416244506836 seconds

Doing depth 4
We had 2 inferral cache hits and 40 partitioning cache hits
The partitioning cache has 0 tilings in it right now
The inferral cache has 59 tilings in it right now
There are 35 tilings in the search tree
Time taken so far is 0.34685492515563965 seconds

Doing depth 5
We had 7 inferral cache hits and 306 partitioning cache hits
The partitioning cache has 0 tilings in it right now
The inferral cache has 147 tilings in it right now
There are 87 tilings in the search tree
Time taken so far is 1.123650074005127 seconds

Doing depth 6
We had 103 inferral cache hits and 8169 partitioning cache hits
The partitioning cache has 0 tilings in it right now
The inferral cache has 550 tilings in it right now
There are 309 tilings in the search tree
Time taken so far is 4.58289647102356 seconds

Now processing 0213_0231_0312_1203_2013
Doing depth 1
We had 0 inferral cache hits and 0 partitioning cache hits
The partitioning cache has 0 tilings in it right now
The inferral cache has 6 tilings in it right now
There are 5 tilings in the search tree
Time taken so far is 0.026314735412597656 seconds

Doing depth 2
We had 0 inferral cache hits and 10 partitioning cache hits
The partitioning cache has 0 tilings in it right now
The inferral cache has 14 tilings in it right now
There are 13 tilings in the search tree
Time taken so far is 0.10077500343322754 seconds

Doing depth 3
We had 2 inferral cache hits and 30 partitioning cache hits
The partitioning cache has 0 tilings in it right now
The inferral cache has 38 tilings in it right now
There are 27 tilings in the search tree
Time taken so far is 0.22174835205078125 seconds

Doing depth 4
We had 2 inferral cache hits and 40 partitioning cache hits
The partitioning cache has 0 tilings in it right now
The inferral cache has 56 tilings in it right now
There are 35 tilings in the search tree
Time taken so far is 0.32906270027160645 seconds

Doing depth 5
We had 12 inferral cache hits and 336 partitioning cache hits
The partitioning cache has 0 tilings in it right now
The inferral cache has 182 tilings in it right now
There are 109 tilings in the search tree
Time taken so far is 1.2804601192474365 seconds

Doing depth 6
We had 40 inferral cache hits and 1483 partitioning cache hits
The partitioning cache has 0 tilings in it right now
The inferral cache has 312 tilings in it right now
There are 207 tilings in the search tree
Time taken so far is 2.9845821857452393 seconds

Now processing 0213_0231_0312_1203_3012
Doing depth 1
We had 0 inferral cache hits and 0 partitioning cache hits
The partitioning cache has 0 tilings in it right now
The inferral cache has 6 tilings in it right now
There are 5 tilings in the search tree
Time taken so far is 0.0118408203125 seconds

Doing depth 2
We had 0 inferral cache hits and 10 partitioning cache hits
The partitioning cache has 0 tilings in it right now
The inferral cache has 14 tilings in it right now
There are 13 tilings in the search tree
Time taken so far is 0.05649375915527344 seconds

Doing depth 3
We had 2 inferral cache hits and 30 partitioning cache hits
The partitioning cache has 0 tilings in it right now
The inferral cache has 39 tilings in it right now
There are 27 tilings in the search tree
Time taken so far is 0.151139497756958 seconds

Doing depth 4
We had 2 inferral cache hits and 40 partitioning cache hits
The partitioning cache has 0 tilings in it right now
The inferral cache has 57 tilings in it right now
There are 35 tilings in the search tree
Time taken so far is 0.23350119590759277 seconds

Doing depth 5
We had 11 inferral cache hits and 332 partitioning cache hits
The partitioning cache has 0 tilings in it right now
The inferral cache has 166 tilings in it right now
There are 99 tilings in the search tree
Time taken so far is 1.0615394115447998 seconds

Doing depth 6
We had 47 inferral cache hits and 1269 partitioning cache hits
The partitioning cache has 0 tilings in it right now
The inferral cache has 337 tilings in it right now
There are 201 tilings in the search tree
Time taken so far is 2.8974215984344482 seconds

Now processing 0213_0231_0312_1230_3012
Doing depth 1
We had 0 inferral cache hits and 0 partitioning cache hits
The partitioning cache has 0 tilings in it right now
The inferral cache has 6 tilings in it right now
There are 5 tilings in the search tree
Time taken so far is 0.011698484420776367 seconds

Doing depth 2
We had 0 inferral cache hits and 10 partitioning cache hits
The partitioning cache has 0 tilings in it right now
The inferral cache has 14 tilings in it right now
There are 13 tilings in the search tree
Time taken so far is 0.05588173866271973 seconds

Doing depth 3
We had 2 inferral cache hits and 30 partitioning cache hits
The partitioning cache has 0 tilings in it right now
The inferral cache has 38 tilings in it right now
There are 27 tilings in the search tree
Time taken so far is 0.14917802810668945 seconds

Doing depth 4
We had 2 inferral cache hits and 40 partitioning cache hits
The partitioning cache has 0 tilings in it right now
The inferral cache has 56 tilings in it right now
There are 35 tilings in the search tree
Time taken so far is 0.23010802268981934 seconds

Doing depth 5
We had 4 inferral cache hits and 403 partitioning cache hits
The partitioning cache has 0 tilings in it right now
The inferral cache has 135 tilings in it right now
There are 86 tilings in the search tree
Time taken so far is 1.0795769691467285 seconds

Doing depth 6
We had 43 inferral cache hits and 2396 partitioning cache hits
The partitioning cache has 0 tilings in it right now
The inferral cache has 271 tilings in it right now
There are 205 tilings in the search tree
Time taken so far is 4.743348598480225 seconds

Now processing 0213_0231_0321_1320_3120
Doing depth 1
We had 0 inferral cache hits and 0 partitioning cache hits
The partitioning cache has 0 tilings in it right now
The inferral cache has 6 tilings in it right now
There are 5 tilings in the search tree
Time taken so far is 0.01885533332824707 seconds

Doing depth 2
We had 0 inferral cache hits and 10 partitioning cache hits
The partitioning cache has 0 tilings in it right now
The inferral cache has 14 tilings in it right now
There are 13 tilings in the search tree
Time taken so far is 0.07463550567626953 seconds

Doing depth 3
We had 2 inferral cache hits and 30 partitioning cache hits
The partitioning cache has 0 tilings in it right now
The inferral cache has 37 tilings in it right now
There are 27 tilings in the search tree
Time taken so far is 0.18753671646118164 seconds

Doing depth 4
We had 2 inferral cache hits and 40 partitioning cache hits
The partitioning cache has 0 tilings in it right now
The inferral cache has 53 tilings in it right now
There are 35 tilings in the search tree
Time taken so far is 0.29276013374328613 seconds

Doing depth 5
We had 6 inferral cache hits and 408 partitioning cache hits
The partitioning cache has 0 tilings in it right now
The inferral cache has 177 tilings in it right now
There are 98 tilings in the search tree
Time taken so far is 1.2098426818847656 seconds

Doing depth 6
We had 32 inferral cache hits and 2396 partitioning cache hits
The partitioning cache has 0 tilings in it right now
The inferral cache has 298 tilings in it right now
There are 199 tilings in the search tree
Time taken so far is 4.098051071166992 seconds

Now processing 0213_0231_1203_1230_3012
Doing depth 1
We had 0 inferral cache hits and 0 partitioning cache hits
The partitioning cache has 0 tilings in it right now
The inferral cache has 6 tilings in it right now
There are 5 tilings in the search tree
Time taken so far is 0.025696277618408203 seconds

Doing depth 2
We had 0 inferral cache hits and 10 partitioning cache hits
The partitioning cache has 0 tilings in it right now
The inferral cache has 14 tilings in it right now
There are 13 tilings in the search tree
Time taken so far is 0.09641718864440918 seconds

Doing depth 3
We had 2 inferral cache hits and 30 partitioning cache hits
The partitioning cache has 0 tilings in it right now
The inferral cache has 38 tilings in it right now
There are 27 tilings in the search tree
Time taken so far is 0.20915532112121582 seconds

Doing depth 4
We had 2 inferral cache hits and 40 partitioning cache hits
The partitioning cache has 0 tilings in it right now
The inferral cache has 55 tilings in it right now
There are 35 tilings in the search tree
Time taken so far is 0.3209104537963867 seconds

Doing depth 5
We had 6 inferral cache hits and 393 partitioning cache hits
The partitioning cache has 0 tilings in it right now
The inferral cache has 138 tilings in it right now
There are 85 tilings in the search tree
Time taken so far is 1.2281079292297363 seconds

Doing depth 6
We had 101 inferral cache hits and 7270 partitioning cache hits
The partitioning cache has 0 tilings in it right now
The inferral cache has 491 tilings in it right now
There are 357 tilings in the search tree
Time taken so far is 6.886828899383545 seconds

Now processing 0213_0231_1203_1230_3120
Doing depth 1
We had 0 inferral cache hits and 0 partitioning cache hits
The partitioning cache has 0 tilings in it right now
The inferral cache has 6 tilings in it right now
There are 5 tilings in the search tree
Time taken so far is 0.011109590530395508 seconds

Doing depth 2
We had 0 inferral cache hits and 10 partitioning cache hits
The partitioning cache has 0 tilings in it right now
The inferral cache has 14 tilings in it right now
There are 13 tilings in the search tree
Time taken so far is 0.05078530311584473 seconds

Doing depth 3
We had 2 inferral cache hits and 30 partitioning cache hits
The partitioning cache has 0 tilings in it right now
The inferral cache has 39 tilings in it right now
There are 27 tilings in the search tree
Time taken so far is 0.14719271659851074 seconds

Doing depth 4
We had 2 inferral cache hits and 40 partitioning cache hits
The partitioning cache has 0 tilings in it right now
The inferral cache has 56 tilings in it right now
There are 35 tilings in the search tree
Time taken so far is 0.22294235229492188 seconds

Doing depth 5
We had 4 inferral cache hits and 370 partitioning cache hits
The partitioning cache has 0 tilings in it right now
The inferral cache has 106 tilings in it right now
There are 74 tilings in the search tree
Time taken so far is 0.8927748203277588 seconds

Doing depth 6
We had 32 inferral cache hits and 3169 partitioning cache hits
The partitioning cache has 0 tilings in it right now
The inferral cache has 229 tilings in it right now
There are 188 tilings in the search tree
Time taken so far is 3.7373085021972656 seconds

Now processing 0213_0231_1230_2013_3012
Doing depth 1
We had 0 inferral cache hits and 0 partitioning cache hits
The partitioning cache has 0 tilings in it right now
The inferral cache has 6 tilings in it right now
There are 5 tilings in the search tree
Time taken so far is 0.01116037368774414 seconds

Doing depth 2
We had 0 inferral cache hits and 10 partitioning cache hits
The partitioning cache has 0 tilings in it right now
The inferral cache has 14 tilings in it right now
There are 13 tilings in the search tree
Time taken so far is 0.05208635330200195 seconds

Doing depth 3
We had 2 inferral cache hits and 30 partitioning cache hits
The partitioning cache has 0 tilings in it right now
The inferral cache has 36 tilings in it right now
There are 27 tilings in the search tree
Time taken so far is 0.13698148727416992 seconds

Doing depth 4
We had 2 inferral cache hits and 40 partitioning cache hits
The partitioning cache has 0 tilings in it right now
The inferral cache has 54 tilings in it right now
There are 35 tilings in the search tree
Time taken so far is 0.21674513816833496 seconds

Doing depth 5
We had 8 inferral cache hits and 426 partitioning cache hits
The partitioning cache has 0 tilings in it right now
The inferral cache has 138 tilings in it right now
There are 94 tilings in the search tree
Time taken so far is 0.9757919311523438 seconds

Doing depth 6
We had 42 inferral cache hits and 2386 partitioning cache hits
The partitioning cache has 0 tilings in it right now
The inferral cache has 296 tilings in it right now
There are 226 tilings in the search tree
Time taken so far is 4.059837102890015 seconds

