/users/home/henningu/ATRAP/non-regular-insertion-encodable-bases/logs_length5
Now processing 0123_0132_0213_0231_2301
Doing depth 1
We had 0 inferral cache hits and 9 partitioning cache hits
The partitioning cache has 0 tilings in it right now
The inferral cache has 14 tilings in it right now
There are 11 tilings in the search tree
Time taken so far is 0.04245638847351074 seconds

Doing depth 2
We had 9 inferral cache hits and 108 partitioning cache hits
The partitioning cache has 0 tilings in it right now
The inferral cache has 132 tilings in it right now
There are 78 tilings in the search tree
Time taken so far is 0.6860780715942383 seconds

Doing depth 3
We had 113 inferral cache hits and 914 partitioning cache hits
The partitioning cache has 0 tilings in it right now
The inferral cache has 1603 tilings in it right now
There are 814 tilings in the search tree
Time taken so far is 14.289277076721191 seconds

Doing depth 4
We had 2968 inferral cache hits and 11579 partitioning cache hits
The partitioning cache has 0 tilings in it right now
The inferral cache has 21825 tilings in it right now
There are 9907 tilings in the search tree
Time taken so far is 391.9473536014557 seconds

Now processing 0123_0132_0213_1023_1230
Doing depth 1
We had 0 inferral cache hits and 9 partitioning cache hits
The partitioning cache has 0 tilings in it right now
The inferral cache has 14 tilings in it right now
There are 11 tilings in the search tree
Time taken so far is 0.04374980926513672 seconds

Doing depth 2
We had 9 inferral cache hits and 108 partitioning cache hits
The partitioning cache has 0 tilings in it right now
The inferral cache has 121 tilings in it right now
There are 78 tilings in the search tree
Time taken so far is 0.7512578964233398 seconds

Doing depth 3
We had 122 inferral cache hits and 914 partitioning cache hits
The partitioning cache has 0 tilings in it right now
The inferral cache has 1511 tilings in it right now
There are 794 tilings in the search tree
Time taken so far is 15.573496103286743 seconds

Doing depth 4
We had 2705 inferral cache hits and 11430 partitioning cache hits
The partitioning cache has 0 tilings in it right now
The inferral cache has 25132 tilings in it right now
There are 10905 tilings in the search tree
Time taken so far is 479.78259921073914 seconds

Now processing 0123_0132_0213_1023_2301
Doing depth 1
We had 0 inferral cache hits and 9 partitioning cache hits
The partitioning cache has 0 tilings in it right now
The inferral cache has 14 tilings in it right now
There are 11 tilings in the search tree
Time taken so far is 0.06403970718383789 seconds

Doing depth 2
We had 9 inferral cache hits and 108 partitioning cache hits
The partitioning cache has 0 tilings in it right now
The inferral cache has 129 tilings in it right now
There are 78 tilings in the search tree
Time taken so far is 0.7999138832092285 seconds

Doing depth 3
We had 113 inferral cache hits and 914 partitioning cache hits
The partitioning cache has 0 tilings in it right now
The inferral cache has 1679 tilings in it right now
There are 810 tilings in the search tree
Time taken so far is 15.27980351448059 seconds

Doing depth 4
We had 2628 inferral cache hits and 11786 partitioning cache hits
The partitioning cache has 0 tilings in it right now
The inferral cache has 23754 tilings in it right now
There are 9862 tilings in the search tree
Time taken so far is 393.4182596206665 seconds

Now processing 0123_0132_0213_1203_1230
Doing depth 1
We had 0 inferral cache hits and 9 partitioning cache hits
The partitioning cache has 0 tilings in it right now
The inferral cache has 14 tilings in it right now
There are 11 tilings in the search tree
Time taken so far is 0.044867753982543945 seconds

Doing depth 2
We had 9 inferral cache hits and 108 partitioning cache hits
The partitioning cache has 0 tilings in it right now
The inferral cache has 130 tilings in it right now
There are 78 tilings in the search tree
Time taken so far is 0.7506394386291504 seconds

Doing depth 3
We had 128 inferral cache hits and 914 partitioning cache hits
The partitioning cache has 0 tilings in it right now
The inferral cache has 1543 tilings in it right now
There are 814 tilings in the search tree
Time taken so far is 15.36634087562561 seconds

Doing depth 4
We had 3139 inferral cache hits and 11833 partitioning cache hits
The partitioning cache has 0 tilings in it right now
The inferral cache has 25341 tilings in it right now
There are 11764 tilings in the search tree
Time taken so far is 468.95960783958435 seconds

Now processing 0123_0132_0213_1203_2013
Doing depth 1
We had 0 inferral cache hits and 9 partitioning cache hits
The partitioning cache has 0 tilings in it right now
The inferral cache has 14 tilings in it right now
There are 11 tilings in the search tree
Time taken so far is 0.0432744026184082 seconds

Doing depth 2
We had 9 inferral cache hits and 108 partitioning cache hits
The partitioning cache has 0 tilings in it right now
The inferral cache has 135 tilings in it right now
There are 78 tilings in the search tree
Time taken so far is 0.7865264415740967 seconds

Doing depth 3
We had 127 inferral cache hits and 914 partitioning cache hits
The partitioning cache has 0 tilings in it right now
The inferral cache has 1607 tilings in it right now
There are 854 tilings in the search tree
Time taken so far is 17.6120343208313 seconds

Doing depth 4
We had 3706 inferral cache hits and 11883 partitioning cache hits
The partitioning cache has 0 tilings in it right now
The inferral cache has 28355 tilings in it right now
There are 13362 tilings in the search tree
Time taken so far is 578.9516472816467 seconds

Now processing 0123_0132_0213_1203_3012
Doing depth 1
We had 0 inferral cache hits and 9 partitioning cache hits
The partitioning cache has 0 tilings in it right now
The inferral cache has 14 tilings in it right now
There are 11 tilings in the search tree
Time taken so far is 0.041786909103393555 seconds

Doing depth 2
We had 9 inferral cache hits and 108 partitioning cache hits
The partitioning cache has 0 tilings in it right now
The inferral cache has 130 tilings in it right now
There are 78 tilings in the search tree
Time taken so far is 0.7399320602416992 seconds

Doing depth 3
We had 128 inferral cache hits and 914 partitioning cache hits
The partitioning cache has 0 tilings in it right now
The inferral cache has 1605 tilings in it right now
There are 827 tilings in the search tree
Time taken so far is 14.861758947372437 seconds

Doing depth 4
We had 3258 inferral cache hits and 12096 partitioning cache hits
The partitioning cache has 0 tilings in it right now
The inferral cache has 26556 tilings in it right now
There are 12033 tilings in the search tree
Time taken so far is 477.67714738845825 seconds

Now processing 0123_0132_0213_1230_2301
Doing depth 1
We had 0 inferral cache hits and 9 partitioning cache hits
The partitioning cache has 0 tilings in it right now
The inferral cache has 14 tilings in it right now
There are 11 tilings in the search tree
Time taken so far is 0.06313872337341309 seconds

Doing depth 2
We had 9 inferral cache hits and 108 partitioning cache hits
The partitioning cache has 0 tilings in it right now
The inferral cache has 126 tilings in it right now
There are 78 tilings in the search tree
Time taken so far is 0.7478759288787842 seconds

Doing depth 3
We had 125 inferral cache hits and 914 partitioning cache hits
The partitioning cache has 0 tilings in it right now
The inferral cache has 1616 tilings in it right now
There are 813 tilings in the search tree
Time taken so far is 14.723704814910889 seconds

Doing depth 4
We had 2978 inferral cache hits and 11785 partitioning cache hits
The partitioning cache has 0 tilings in it right now
The inferral cache has 23934 tilings in it right now
There are 10310 tilings in the search tree
Time taken so far is 407.7826473712921 seconds

Now processing 0123_0132_0213_1230_3012
Doing depth 1
We had 0 inferral cache hits and 9 partitioning cache hits
The partitioning cache has 0 tilings in it right now
The inferral cache has 14 tilings in it right now
There are 11 tilings in the search tree
Time taken so far is 0.06154060363769531 seconds

Doing depth 2
We had 9 inferral cache hits and 108 partitioning cache hits
The partitioning cache has 0 tilings in it right now
The inferral cache has 121 tilings in it right now
There are 78 tilings in the search tree
Time taken so far is 0.655590295791626 seconds

Doing depth 3
We had 130 inferral cache hits and 914 partitioning cache hits
The partitioning cache has 0 tilings in it right now
The inferral cache has 1495 tilings in it right now
There are 792 tilings in the search tree
Time taken so far is 14.574613571166992 seconds

Doing depth 4
We had 2953 inferral cache hits and 11666 partitioning cache hits
The partitioning cache has 0 tilings in it right now
The inferral cache has 24426 tilings in it right now
There are 10547 tilings in the search tree
Time taken so far is 434.8786849975586 seconds

Now processing 0123_0132_0231_1230_2301
Doing depth 1
We had 0 inferral cache hits and 9 partitioning cache hits
The partitioning cache has 0 tilings in it right now
The inferral cache has 15 tilings in it right now
There are 11 tilings in the search tree
Time taken so far is 0.06309723854064941 seconds

Doing depth 2
We had 9 inferral cache hits and 108 partitioning cache hits
The partitioning cache has 0 tilings in it right now
The inferral cache has 132 tilings in it right now
There are 78 tilings in the search tree
Time taken so far is 0.657616138458252 seconds

Doing depth 3
We had 119 inferral cache hits and 914 partitioning cache hits
The partitioning cache has 0 tilings in it right now
The inferral cache has 1540 tilings in it right now
There are 804 tilings in the search tree
Time taken so far is 14.311295986175537 seconds

Doing depth 4
We had 835 inferral cache hits and 5240 partitioning cache hits
The partitioning cache has 132 tilings in it right now
The inferral cache has 6841 tilings in it right now
There are 3329 tilings in the search tree
Time taken so far is 123.52476382255554 seconds

Now processing 0123_0132_1023_1230_2301
Doing depth 1
We had 0 inferral cache hits and 9 partitioning cache hits
The partitioning cache has 0 tilings in it right now
The inferral cache has 14 tilings in it right now
There are 11 tilings in the search tree
Time taken so far is 0.061582088470458984 seconds

Doing depth 2
We had 9 inferral cache hits and 108 partitioning cache hits
The partitioning cache has 0 tilings in it right now
The inferral cache has 125 tilings in it right now
There are 78 tilings in the search tree
Time taken so far is 0.6514348983764648 seconds

Doing depth 3
We had 130 inferral cache hits and 914 partitioning cache hits
The partitioning cache has 0 tilings in it right now
The inferral cache has 1582 tilings in it right now
There are 800 tilings in the search tree
Time taken so far is 13.782975912094116 seconds

Doing depth 4
We had 2945 inferral cache hits and 11396 partitioning cache hits
The partitioning cache has 0 tilings in it right now
The inferral cache has 20957 tilings in it right now
There are 9342 tilings in the search tree
Time taken so far is 366.1835377216339 seconds

Now processing 0123_0132_1023_1230_3012
Doing depth 1
We had 0 inferral cache hits and 9 partitioning cache hits
The partitioning cache has 0 tilings in it right now
The inferral cache has 14 tilings in it right now
There are 11 tilings in the search tree
Time taken so far is 0.06193399429321289 seconds

Doing depth 2
We had 9 inferral cache hits and 108 partitioning cache hits
The partitioning cache has 0 tilings in it right now
The inferral cache has 121 tilings in it right now
There are 78 tilings in the search tree
Time taken so far is 0.6532642841339111 seconds

Doing depth 3
We had 130 inferral cache hits and 914 partitioning cache hits
The partitioning cache has 0 tilings in it right now
The inferral cache has 1463 tilings in it right now
There are 784 tilings in the search tree
Time taken so far is 14.12550663948059 seconds

Doing depth 4
We had 2936 inferral cache hits and 11246 partitioning cache hits
The partitioning cache has 0 tilings in it right now
The inferral cache has 21792 tilings in it right now
There are 9813 tilings in the search tree
Time taken so far is 402.350314617157 seconds

Now processing 0123_0132_1230_2301_3012
Doing depth 1
We had 0 inferral cache hits and 9 partitioning cache hits
The partitioning cache has 0 tilings in it right now
The inferral cache has 14 tilings in it right now
There are 11 tilings in the search tree
Time taken so far is 0.061367034912109375 seconds

Doing depth 2
We had 10 inferral cache hits and 108 partitioning cache hits
The partitioning cache has 0 tilings in it right now
The inferral cache has 124 tilings in it right now
There are 78 tilings in the search tree
Time taken so far is 0.7231416702270508 seconds

Doing depth 3
We had 121 inferral cache hits and 914 partitioning cache hits
The partitioning cache has 0 tilings in it right now
The inferral cache has 1505 tilings in it right now
There are 800 tilings in the search tree
Time taken so far is 13.5797860622406 seconds

Doing depth 4
We had 3159 inferral cache hits and 11726 partitioning cache hits
The partitioning cache has 0 tilings in it right now
The inferral cache has 21328 tilings in it right now
There are 10116 tilings in the search tree
Time taken so far is 399.4786682128906 seconds

Now processing 0123_0213_0231_1230_2013
Doing depth 1
We had 0 inferral cache hits and 9 partitioning cache hits
The partitioning cache has 0 tilings in it right now
The inferral cache has 14 tilings in it right now
There are 11 tilings in the search tree
Time taken so far is 0.0620112419128418 seconds

Doing depth 2
We had 9 inferral cache hits and 108 partitioning cache hits
The partitioning cache has 0 tilings in it right now
The inferral cache has 135 tilings in it right now
There are 78 tilings in the search tree
Time taken so far is 0.6740343570709229 seconds

Doing depth 3
We had 132 inferral cache hits and 914 partitioning cache hits
The partitioning cache has 0 tilings in it right now
The inferral cache has 1626 tilings in it right now
There are 848 tilings in the search tree
Time taken so far is 15.09783935546875 seconds

Doing depth 4
We had 1600 inferral cache hits and 7244 partitioning cache hits
The partitioning cache has 93 tilings in it right now
The inferral cache has 13213 tilings in it right now
There are 6259 tilings in the search tree
Time taken so far is 244.76085782051086 seconds

Now processing 0123_0213_1230_2301_3012
Doing depth 1
We had 0 inferral cache hits and 9 partitioning cache hits
The partitioning cache has 0 tilings in it right now
The inferral cache has 14 tilings in it right now
There are 11 tilings in the search tree
Time taken so far is 0.06146049499511719 seconds

Doing depth 2
We had 9 inferral cache hits and 108 partitioning cache hits
The partitioning cache has 0 tilings in it right now
The inferral cache has 121 tilings in it right now
There are 78 tilings in the search tree
Time taken so far is 0.7329099178314209 seconds

Doing depth 3
We had 136 inferral cache hits and 914 partitioning cache hits
The partitioning cache has 0 tilings in it right now
The inferral cache has 1549 tilings in it right now
There are 800 tilings in the search tree
Time taken so far is 14.326338291168213 seconds

Doing depth 4
We had 3319 inferral cache hits and 11426 partitioning cache hits
The partitioning cache has 0 tilings in it right now
The inferral cache has 22737 tilings in it right now
There are 9936 tilings in the search tree
Time taken so far is 417.9028034210205 seconds

Now processing 0123_0231_0312_1203_2013
Doing depth 1
We had 0 inferral cache hits and 9 partitioning cache hits
The partitioning cache has 0 tilings in it right now
The inferral cache has 14 tilings in it right now
There are 11 tilings in the search tree
Time taken so far is 0.06486845016479492 seconds

Doing depth 2
We had 9 inferral cache hits and 108 partitioning cache hits
The partitioning cache has 0 tilings in it right now
The inferral cache has 137 tilings in it right now
There are 78 tilings in the search tree
Time taken so far is 0.7895617485046387 seconds

Doing depth 3
We had 152 inferral cache hits and 914 partitioning cache hits
The partitioning cache has 0 tilings in it right now
The inferral cache has 1741 tilings in it right now
There are 886 tilings in the search tree
Time taken so far is 16.27068591117859 seconds

Doing depth 4
We had 4233 inferral cache hits and 12099 partitioning cache hits
The partitioning cache has 0 tilings in it right now
The inferral cache has 27114 tilings in it right now
There are 11879 tilings in the search tree
Time taken so far is 482.17041873931885 seconds

Now processing 0132_0213_0231_0312_3120
Doing depth 1
We had 0 inferral cache hits and 9 partitioning cache hits
The partitioning cache has 0 tilings in it right now
The inferral cache has 14 tilings in it right now
There are 11 tilings in the search tree
Time taken so far is 0.07205677032470703 seconds

Doing depth 2
We had 9 inferral cache hits and 108 partitioning cache hits
The partitioning cache has 0 tilings in it right now
The inferral cache has 129 tilings in it right now
There are 80 tilings in the search tree
Time taken so far is 0.7770404815673828 seconds

Doing depth 3
We had 131 inferral cache hits and 914 partitioning cache hits
The partitioning cache has 0 tilings in it right now
The inferral cache has 1641 tilings in it right now
There are 870 tilings in the search tree
Time taken so far is 14.860662460327148 seconds

Doing depth 4
We had 4247 inferral cache hits and 12733 partitioning cache hits
The partitioning cache has 0 tilings in it right now
The inferral cache has 28063 tilings in it right now
There are 13220 tilings in the search tree
Time taken so far is 453.2317190170288 seconds

Now processing 0132_0213_0231_0321_3120
Doing depth 1
We had 0 inferral cache hits and 9 partitioning cache hits
The partitioning cache has 0 tilings in it right now
The inferral cache has 14 tilings in it right now
There are 11 tilings in the search tree
Time taken so far is 0.06740736961364746 seconds

Doing depth 2
We had 9 inferral cache hits and 108 partitioning cache hits
The partitioning cache has 0 tilings in it right now
The inferral cache has 132 tilings in it right now
There are 80 tilings in the search tree
Time taken so far is 0.6872260570526123 seconds

Doing depth 3
We had 115 inferral cache hits and 914 partitioning cache hits
The partitioning cache has 0 tilings in it right now
The inferral cache has 1716 tilings in it right now
There are 878 tilings in the search tree
Time taken so far is 15.725624561309814 seconds

Doing depth 4
We had 3766 inferral cache hits and 12747 partitioning cache hits
The partitioning cache has 0 tilings in it right now
The inferral cache has 29291 tilings in it right now
There are 13205 tilings in the search tree
Time taken so far is 460.09294414520264 seconds

Now processing 0132_0213_0231_1230_2301
Doing depth 1
We had 0 inferral cache hits and 9 partitioning cache hits
The partitioning cache has 0 tilings in it right now
The inferral cache has 14 tilings in it right now
There are 11 tilings in the search tree
Time taken so far is 0.041193246841430664 seconds

Doing depth 2
We had 9 inferral cache hits and 108 partitioning cache hits
The partitioning cache has 0 tilings in it right now
The inferral cache has 129 tilings in it right now
There are 78 tilings in the search tree
Time taken so far is 0.707319974899292 seconds

Doing depth 3
We had 130 inferral cache hits and 914 partitioning cache hits
The partitioning cache has 0 tilings in it right now
The inferral cache has 1580 tilings in it right now
There are 818 tilings in the search tree
Time taken so far is 14.630333423614502 seconds

Doing depth 4
We had 3497 inferral cache hits and 11696 partitioning cache hits
The partitioning cache has 0 tilings in it right now
The inferral cache has 22313 tilings in it right now
There are 10190 tilings in the search tree
Time taken so far is 384.920649766922 seconds

Now processing 0132_0213_1023_1230_2301
Doing depth 1
We had 0 inferral cache hits and 9 partitioning cache hits
The partitioning cache has 0 tilings in it right now
The inferral cache has 14 tilings in it right now
There are 11 tilings in the search tree
Time taken so far is 0.06633448600769043 seconds

Doing depth 2
We had 9 inferral cache hits and 108 partitioning cache hits
The partitioning cache has 0 tilings in it right now
The inferral cache has 127 tilings in it right now
There are 78 tilings in the search tree
Time taken so far is 0.7759368419647217 seconds

Doing depth 3
We had 140 inferral cache hits and 914 partitioning cache hits
The partitioning cache has 0 tilings in it right now
The inferral cache has 1725 tilings in it right now
There are 818 tilings in the search tree
Time taken so far is 14.611988306045532 seconds

Doing depth 4
We had 3013 inferral cache hits and 11876 partitioning cache hits
The partitioning cache has 0 tilings in it right now
The inferral cache has 22600 tilings in it right now
There are 9379 tilings in the search tree
Time taken so far is 355.19230031967163 seconds

Now processing 0132_0213_1023_1230_3012
Doing depth 1
We had 0 inferral cache hits and 9 partitioning cache hits
The partitioning cache has 0 tilings in it right now
The inferral cache has 14 tilings in it right now
There are 11 tilings in the search tree
Time taken so far is 0.06213021278381348 seconds

Doing depth 2
We had 9 inferral cache hits and 108 partitioning cache hits
The partitioning cache has 0 tilings in it right now
The inferral cache has 125 tilings in it right now
There are 78 tilings in the search tree
Time taken so far is 0.6659185886383057 seconds

Doing depth 3
We had 133 inferral cache hits and 914 partitioning cache hits
The partitioning cache has 0 tilings in it right now
The inferral cache has 1595 tilings in it right now
There are 796 tilings in the search tree
Time taken so far is 14.177726984024048 seconds

Doing depth 4
We had 2700 inferral cache hits and 11636 partitioning cache hits
The partitioning cache has 0 tilings in it right now
The inferral cache has 21630 tilings in it right now
There are 9225 tilings in the search tree
Time taken so far is 374.1552150249481 seconds

Now processing 0132_0213_1203_1230_3012
Doing depth 1
We had 0 inferral cache hits and 9 partitioning cache hits
The partitioning cache has 0 tilings in it right now
The inferral cache has 14 tilings in it right now
There are 11 tilings in the search tree
Time taken so far is 0.06305623054504395 seconds

Doing depth 2
We had 9 inferral cache hits and 108 partitioning cache hits
The partitioning cache has 0 tilings in it right now
The inferral cache has 132 tilings in it right now
There are 78 tilings in the search tree
Time taken so far is 0.6623053550720215 seconds

Doing depth 3
We had 131 inferral cache hits and 914 partitioning cache hits
The partitioning cache has 0 tilings in it right now
The inferral cache has 1619 tilings in it right now
There are 822 tilings in the search tree
Time taken so far is 14.20784306526184 seconds

Doing depth 4
We had 3345 inferral cache hits and 12204 partitioning cache hits
The partitioning cache has 0 tilings in it right now
The inferral cache has 22536 tilings in it right now
There are 10213 tilings in the search tree
Time taken so far is 378.03665494918823 seconds

Now processing 0132_0213_1230_2301_3012
Doing depth 1
We had 0 inferral cache hits and 9 partitioning cache hits
The partitioning cache has 0 tilings in it right now
The inferral cache has 14 tilings in it right now
There are 11 tilings in the search tree
Time taken so far is 0.05899190902709961 seconds

Doing depth 2
We had 9 inferral cache hits and 108 partitioning cache hits
The partitioning cache has 0 tilings in it right now
The inferral cache has 127 tilings in it right now
There are 78 tilings in the search tree
Time taken so far is 0.6497783660888672 seconds

Doing depth 3
We had 128 inferral cache hits and 914 partitioning cache hits
The partitioning cache has 0 tilings in it right now
The inferral cache has 1655 tilings in it right now
There are 824 tilings in the search tree
Time taken so far is 14.225595235824585 seconds

Doing depth 4
We had 3402 inferral cache hits and 12086 partitioning cache hits
The partitioning cache has 0 tilings in it right now
The inferral cache has 22586 tilings in it right now
There are 9704 tilings in the search tree
Time taken so far is 367.3569369316101 seconds

Now processing 0132_0231_0312_0321_3120
Doing depth 1
We had 0 inferral cache hits and 9 partitioning cache hits
The partitioning cache has 0 tilings in it right now
The inferral cache has 14 tilings in it right now
There are 11 tilings in the search tree
Time taken so far is 0.07191991806030273 seconds

Doing depth 2
We had 9 inferral cache hits and 108 partitioning cache hits
The partitioning cache has 0 tilings in it right now
The inferral cache has 129 tilings in it right now
There are 80 tilings in the search tree
Time taken so far is 0.8042318820953369 seconds

Doing depth 3
We had 133 inferral cache hits and 914 partitioning cache hits
The partitioning cache has 0 tilings in it right now
The inferral cache has 1653 tilings in it right now
There are 864 tilings in the search tree
Time taken so far is 15.86065936088562 seconds

Doing depth 4
We had 3373 inferral cache hits and 12030 partitioning cache hits
The partitioning cache has 0 tilings in it right now
The inferral cache has 27673 tilings in it right now
There are 12511 tilings in the search tree
Time taken so far is 460.9760503768921 seconds

Now processing 0132_0231_0312_1023_1203
Doing depth 1
We had 0 inferral cache hits and 9 partitioning cache hits
The partitioning cache has 0 tilings in it right now
The inferral cache has 14 tilings in it right now
There are 11 tilings in the search tree
Time taken so far is 0.06507468223571777 seconds

Doing depth 2
We had 9 inferral cache hits and 108 partitioning cache hits
The partitioning cache has 0 tilings in it right now
The inferral cache has 137 tilings in it right now
There are 78 tilings in the search tree
Time taken so far is 0.8117666244506836 seconds

Doing depth 3
We had 136 inferral cache hits and 914 partitioning cache hits
The partitioning cache has 0 tilings in it right now
The inferral cache has 1632 tilings in it right now
There are 852 tilings in the search tree
Time taken so far is 16.088603019714355 seconds

Doing depth 4
We had 3241 inferral cache hits and 11109 partitioning cache hits
The partitioning cache has 10 tilings in it right now
The inferral cache has 23989 tilings in it right now
There are 10914 tilings in the search tree
Time taken so far is 455.52271366119385 seconds

Now processing 0132_0231_0312_1023_2301
Doing depth 1
We had 0 inferral cache hits and 9 partitioning cache hits
The partitioning cache has 0 tilings in it right now
The inferral cache has 14 tilings in it right now
There are 11 tilings in the search tree
Time taken so far is 0.06196856498718262 seconds

Doing depth 2
We had 9 inferral cache hits and 108 partitioning cache hits
The partitioning cache has 0 tilings in it right now
The inferral cache has 139 tilings in it right now
There are 78 tilings in the search tree
Time taken so far is 0.6902925968170166 seconds

Doing depth 3
We had 122 inferral cache hits and 914 partitioning cache hits
The partitioning cache has 0 tilings in it right now
The inferral cache has 1677 tilings in it right now
There are 856 tilings in the search tree
Time taken so far is 15.089803695678711 seconds

Doing depth 4
We had 655 inferral cache hits and 4706 partitioning cache hits
The partitioning cache has 137 tilings in it right now
The inferral cache has 4957 tilings in it right now
There are 2472 tilings in the search tree
Time taken so far is 84.20957732200623 seconds

Now processing 0132_0231_0312_1032_3120
Doing depth 1
We had 0 inferral cache hits and 9 partitioning cache hits
The partitioning cache has 0 tilings in it right now
The inferral cache has 14 tilings in it right now
There are 11 tilings in the search tree
Time taken so far is 0.0610048770904541 seconds

Doing depth 2
We had 9 inferral cache hits and 108 partitioning cache hits
The partitioning cache has 0 tilings in it right now
The inferral cache has 135 tilings in it right now
There are 78 tilings in the search tree
Time taken so far is 0.6907193660736084 seconds

Doing depth 3
We had 124 inferral cache hits and 914 partitioning cache hits
The partitioning cache has 0 tilings in it right now
The inferral cache has 1702 tilings in it right now
There are 864 tilings in the search tree
Time taken so far is 15.281885147094727 seconds

Doing depth 4
We had 3619 inferral cache hits and 12191 partitioning cache hits
The partitioning cache has 0 tilings in it right now
The inferral cache has 28771 tilings in it right now
There are 12781 tilings in the search tree
Time taken so far is 450.90088510513306 seconds

Now processing 0132_0231_0312_1203_2013
Doing depth 1
We had 0 inferral cache hits and 9 partitioning cache hits
The partitioning cache has 0 tilings in it right now
The inferral cache has 14 tilings in it right now
There are 11 tilings in the search tree
Time taken so far is 0.04128432273864746 seconds

Doing depth 2
We had 9 inferral cache hits and 108 partitioning cache hits
The partitioning cache has 0 tilings in it right now
The inferral cache has 141 tilings in it right now
There are 78 tilings in the search tree
Time taken so far is 0.7360248565673828 seconds

Doing depth 3
We had 133 inferral cache hits and 914 partitioning cache hits
The partitioning cache has 0 tilings in it right now
The inferral cache has 1709 tilings in it right now
There are 901 tilings in the search tree
Time taken so far is 15.549662351608276 seconds

Doing depth 4
We had 4096 inferral cache hits and 11929 partitioning cache hits
The partitioning cache has 0 tilings in it right now
The inferral cache has 26148 tilings in it right now
There are 11843 tilings in the search tree
Time taken so far is 496.6153621673584 seconds

Now processing 0132_0231_0321_1032_3120
Doing depth 1
We had 0 inferral cache hits and 9 partitioning cache hits
The partitioning cache has 0 tilings in it right now
The inferral cache has 14 tilings in it right now
There are 11 tilings in the search tree
Time taken so far is 0.04187321662902832 seconds

Doing depth 2
We had 9 inferral cache hits and 108 partitioning cache hits
The partitioning cache has 0 tilings in it right now
The inferral cache has 136 tilings in it right now
There are 78 tilings in the search tree
Time taken so far is 0.7536036968231201 seconds

Doing depth 3
We had 116 inferral cache hits and 914 partitioning cache hits
The partitioning cache has 0 tilings in it right now
The inferral cache has 1687 tilings in it right now
There are 857 tilings in the search tree
Time taken so far is 18.165395259857178 seconds

Doing depth 4
We had 3260 inferral cache hits and 12339 partitioning cache hits
The partitioning cache has 0 tilings in it right now
The inferral cache has 28445 tilings in it right now
There are 12650 tilings in the search tree
Time taken so far is 517.9166378974915 seconds

Now processing 0132_0231_1023_1203_2301
Doing depth 1
We had 0 inferral cache hits and 9 partitioning cache hits
The partitioning cache has 0 tilings in it right now
The inferral cache has 14 tilings in it right now
There are 11 tilings in the search tree
Time taken so far is 0.034482717514038086 seconds

Doing depth 2
We had 9 inferral cache hits and 108 partitioning cache hits
The partitioning cache has 0 tilings in it right now
The inferral cache has 139 tilings in it right now
There are 78 tilings in the search tree
Time taken so far is 0.6498539447784424 seconds

Doing depth 3
We had 116 inferral cache hits and 914 partitioning cache hits
The partitioning cache has 0 tilings in it right now
The inferral cache has 1723 tilings in it right now
There are 866 tilings in the search tree
Time taken so far is 15.81873345375061 seconds

Doing depth 4
We had 3280 inferral cache hits and 11711 partitioning cache hits
The partitioning cache has 0 tilings in it right now
The inferral cache has 21504 tilings in it right now
There are 9848 tilings in the search tree
Time taken so far is 390.49700140953064 seconds

Now processing 0132_0231_1023_1203_3012
Doing depth 1
We had 0 inferral cache hits and 9 partitioning cache hits
The partitioning cache has 0 tilings in it right now
The inferral cache has 14 tilings in it right now
There are 11 tilings in the search tree
Time taken so far is 0.03472089767456055 seconds

Doing depth 2
We had 9 inferral cache hits and 108 partitioning cache hits
The partitioning cache has 0 tilings in it right now
The inferral cache has 137 tilings in it right now
There are 78 tilings in the search tree
Time taken so far is 0.646742582321167 seconds

Doing depth 3
We had 122 inferral cache hits and 914 partitioning cache hits
The partitioning cache has 0 tilings in it right now
The inferral cache has 1668 tilings in it right now
There are 848 tilings in the search tree
Time taken so far is 17.19322657585144 seconds

Doing depth 4
We had 3328 inferral cache hits and 12367 partitioning cache hits
The partitioning cache has 0 tilings in it right now
The inferral cache has 22766 tilings in it right now
There are 10301 tilings in the search tree
Time taken so far is 431.87087321281433 seconds

Now processing 0132_0231_1023_1230_2013
Doing depth 1
We had 0 inferral cache hits and 9 partitioning cache hits
The partitioning cache has 0 tilings in it right now
The inferral cache has 14 tilings in it right now
There are 11 tilings in the search tree
Time taken so far is 0.04335474967956543 seconds

Doing depth 2
We had 9 inferral cache hits and 108 partitioning cache hits
The partitioning cache has 0 tilings in it right now
The inferral cache has 135 tilings in it right now
There are 78 tilings in the search tree
Time taken so far is 0.7447917461395264 seconds

Doing depth 3
We had 129 inferral cache hits and 914 partitioning cache hits
The partitioning cache has 0 tilings in it right now
The inferral cache has 1576 tilings in it right now
There are 843 tilings in the search tree
Time taken so far is 14.742034435272217 seconds

Doing depth 4
We had 3315 inferral cache hits and 11787 partitioning cache hits
The partitioning cache has 0 tilings in it right now
The inferral cache has 21753 tilings in it right now
There are 10509 tilings in the search tree
Time taken so far is 401.5271954536438 seconds

Now processing 0132_0231_1023_1230_2301
Doing depth 1
We had 0 inferral cache hits and 9 partitioning cache hits
The partitioning cache has 0 tilings in it right now
The inferral cache has 14 tilings in it right now
There are 11 tilings in the search tree
Time taken so far is 0.03436565399169922 seconds

Doing depth 2
We had 9 inferral cache hits and 108 partitioning cache hits
The partitioning cache has 0 tilings in it right now
The inferral cache has 133 tilings in it right now
There are 78 tilings in the search tree
Time taken so far is 0.6359021663665771 seconds

Doing depth 3
We had 122 inferral cache hits and 914 partitioning cache hits
The partitioning cache has 0 tilings in it right now
The inferral cache has 1651 tilings in it right now
There are 832 tilings in the search tree
Time taken so far is 14.353335857391357 seconds

Doing depth 4
We had 3205 inferral cache hits and 11606 partitioning cache hits
The partitioning cache has 0 tilings in it right now
The inferral cache has 20454 tilings in it right now
There are 9355 tilings in the search tree
Time taken so far is 344.77992725372314 seconds

Now processing 0132_0231_1023_1230_3012
Doing depth 1
We had 0 inferral cache hits and 9 partitioning cache hits
The partitioning cache has 0 tilings in it right now
The inferral cache has 14 tilings in it right now
There are 11 tilings in the search tree
Time taken so far is 0.04296612739562988 seconds

Doing depth 2
We had 9 inferral cache hits and 108 partitioning cache hits
The partitioning cache has 0 tilings in it right now
The inferral cache has 133 tilings in it right now
There are 78 tilings in the search tree
Time taken so far is 0.756462574005127 seconds

Doing depth 3
We had 119 inferral cache hits and 914 partitioning cache hits
The partitioning cache has 0 tilings in it right now
The inferral cache has 1570 tilings in it right now
There are 805 tilings in the search tree
Time taken so far is 15.945019721984863 seconds

Doing depth 4
We had 2030 inferral cache hits and 8772 partitioning cache hits
The partitioning cache has 58 tilings in it right now
The inferral cache has 12542 tilings in it right now
There are 6125 tilings in the search tree
Time taken so far is 252.5987205505371 seconds

Now processing 0132_0231_1023_2013_2301
Doing depth 1
We had 0 inferral cache hits and 9 partitioning cache hits
The partitioning cache has 0 tilings in it right now
The inferral cache has 14 tilings in it right now
There are 11 tilings in the search tree
Time taken so far is 0.041876792907714844 seconds

Doing depth 2
We had 9 inferral cache hits and 108 partitioning cache hits
The partitioning cache has 0 tilings in it right now
The inferral cache has 135 tilings in it right now
There are 78 tilings in the search tree
Time taken so far is 0.7674269676208496 seconds

Doing depth 3
We had 120 inferral cache hits and 914 partitioning cache hits
The partitioning cache has 0 tilings in it right now
The inferral cache has 1665 tilings in it right now
There are 860 tilings in the search tree
Time taken so far is 17.103635787963867 seconds

Doing depth 4
We had 843 inferral cache hits and 4781 partitioning cache hits
The partitioning cache has 91 tilings in it right now
The inferral cache has 6925 tilings in it right now
There are 3371 tilings in the search tree
Time taken so far is 132.5403392314911 seconds

Now processing 0132_0231_1023_2301_3012
Doing depth 1
We had 0 inferral cache hits and 9 partitioning cache hits
The partitioning cache has 0 tilings in it right now
The inferral cache has 14 tilings in it right now
There are 11 tilings in the search tree
Time taken so far is 0.04432392120361328 seconds

Doing depth 2
We had 9 inferral cache hits and 108 partitioning cache hits
The partitioning cache has 0 tilings in it right now
The inferral cache has 134 tilings in it right now
There are 78 tilings in the search tree
Time taken so far is 0.7943878173828125 seconds

Doing depth 3
We had 113 inferral cache hits and 914 partitioning cache hits
The partitioning cache has 0 tilings in it right now
The inferral cache has 1696 tilings in it right now
There are 848 tilings in the search tree
Time taken so far is 16.415234088897705 seconds

Doing depth 4
We had 2320 inferral cache hits and 8992 partitioning cache hits
The partitioning cache has 54 tilings in it right now
The inferral cache has 12573 tilings in it right now
There are 5904 tilings in the search tree
Time taken so far is 236.34546160697937 seconds

Now processing 0132_0231_1203_1230_2301
Doing depth 1
We had 0 inferral cache hits and 9 partitioning cache hits
The partitioning cache has 0 tilings in it right now
The inferral cache has 14 tilings in it right now
There are 11 tilings in the search tree
Time taken so far is 0.040732622146606445 seconds

Doing depth 2
We had 9 inferral cache hits and 108 partitioning cache hits
The partitioning cache has 0 tilings in it right now
The inferral cache has 136 tilings in it right now
There are 78 tilings in the search tree
Time taken so far is 0.715646505355835 seconds

Doing depth 3
We had 131 inferral cache hits and 914 partitioning cache hits
The partitioning cache has 0 tilings in it right now
The inferral cache has 1568 tilings in it right now
There are 837 tilings in the search tree
Time taken so far is 16.765409231185913 seconds

Doing depth 4
We had 3817 inferral cache hits and 11787 partitioning cache hits
The partitioning cache has 0 tilings in it right now
The inferral cache has 21549 tilings in it right now
There are 10678 tilings in the search tree
Time taken so far is 442.51428747177124 seconds

Now processing 0132_0231_1203_1230_3012
Doing depth 1
We had 0 inferral cache hits and 9 partitioning cache hits
The partitioning cache has 0 tilings in it right now
The inferral cache has 14 tilings in it right now
There are 11 tilings in the search tree
Time taken so far is 0.0511782169342041 seconds

Doing depth 2
We had 9 inferral cache hits and 108 partitioning cache hits
The partitioning cache has 0 tilings in it right now
The inferral cache has 135 tilings in it right now
There are 78 tilings in the search tree
Time taken so far is 0.8386414051055908 seconds

Doing depth 3
We had 127 inferral cache hits and 914 partitioning cache hits
The partitioning cache has 0 tilings in it right now
The inferral cache has 1530 tilings in it right now
There are 812 tilings in the search tree
Time taken so far is 16.68309998512268 seconds

Doing depth 4
We had 3516 inferral cache hits and 11753 partitioning cache hits
The partitioning cache has 0 tilings in it right now
The inferral cache has 20353 tilings in it right now
There are 10141 tilings in the search tree
Time taken so far is 416.9730215072632 seconds

Now processing 0132_0231_1203_2013_3012
Doing depth 1
We had 0 inferral cache hits and 9 partitioning cache hits
The partitioning cache has 0 tilings in it right now
The inferral cache has 14 tilings in it right now
There are 11 tilings in the search tree
Time taken so far is 0.04340672492980957 seconds

Doing depth 2
We had 9 inferral cache hits and 108 partitioning cache hits
The partitioning cache has 0 tilings in it right now
The inferral cache has 141 tilings in it right now
There are 78 tilings in the search tree
Time taken so far is 0.7680749893188477 seconds

Doing depth 3
We had 128 inferral cache hits and 914 partitioning cache hits
The partitioning cache has 0 tilings in it right now
The inferral cache has 1680 tilings in it right now
There are 888 tilings in the search tree
Time taken so far is 16.717761039733887 seconds

Doing depth 4
We had 3889 inferral cache hits and 12384 partitioning cache hits
The partitioning cache has 0 tilings in it right now
The inferral cache has 23268 tilings in it right now
There are 10943 tilings in the search tree
Time taken so far is 404.747181892395 seconds

Now processing 0132_0231_1203_2301_3012
Doing depth 1
We had 0 inferral cache hits and 9 partitioning cache hits
The partitioning cache has 0 tilings in it right now
The inferral cache has 14 tilings in it right now
There are 11 tilings in the search tree
Time taken so far is 0.04026174545288086 seconds

Doing depth 2
We had 9 inferral cache hits and 108 partitioning cache hits
The partitioning cache has 0 tilings in it right now
The inferral cache has 138 tilings in it right now
There are 78 tilings in the search tree
Time taken so far is 0.7121717929840088 seconds

Doing depth 3
We had 121 inferral cache hits and 914 partitioning cache hits
The partitioning cache has 0 tilings in it right now
The inferral cache has 1688 tilings in it right now
There are 869 tilings in the search tree
Time taken so far is 14.839625835418701 seconds

Doing depth 4
We had 2049 inferral cache hits and 7828 partitioning cache hits
The partitioning cache has 84 tilings in it right now
The inferral cache has 12824 tilings in it right now
There are 6173 tilings in the search tree
Time taken so far is 201.70131468772888 seconds

Now processing 0132_0231_1230_2013_3012
Doing depth 1
We had 0 inferral cache hits and 9 partitioning cache hits
The partitioning cache has 0 tilings in it right now
The inferral cache has 14 tilings in it right now
There are 11 tilings in the search tree
Time taken so far is 0.04013848304748535 seconds

Doing depth 2
We had 9 inferral cache hits and 108 partitioning cache hits
The partitioning cache has 0 tilings in it right now
The inferral cache has 136 tilings in it right now
There are 78 tilings in the search tree
Time taken so far is 0.6951024532318115 seconds

Doing depth 3
We had 127 inferral cache hits and 914 partitioning cache hits
The partitioning cache has 0 tilings in it right now
The inferral cache has 1539 tilings in it right now
There are 820 tilings in the search tree
Time taken so far is 13.713780641555786 seconds

Doing depth 4
We had 2930 inferral cache hits and 10301 partitioning cache hits
The partitioning cache has 29 tilings in it right now
The inferral cache has 17767 tilings in it right now
There are 8930 tilings in the search tree
Time taken so far is 279.0858793258667 seconds

Now processing 0132_0231_1230_2301_3012
Doing depth 1
We had 0 inferral cache hits and 9 partitioning cache hits
The partitioning cache has 0 tilings in it right now
The inferral cache has 14 tilings in it right now
There are 11 tilings in the search tree
Time taken so far is 0.039705753326416016 seconds

Doing depth 2
We had 9 inferral cache hits and 108 partitioning cache hits
The partitioning cache has 0 tilings in it right now
The inferral cache has 129 tilings in it right now
There are 78 tilings in the search tree
Time taken so far is 0.681746244430542 seconds

Doing depth 3
We had 131 inferral cache hits and 914 partitioning cache hits
The partitioning cache has 0 tilings in it right now
The inferral cache has 1505 tilings in it right now
There are 794 tilings in the search tree
Time taken so far is 12.994872570037842 seconds

Doing depth 4
We had 2889 inferral cache hits and 10363 partitioning cache hits
The partitioning cache has 28 tilings in it right now
The inferral cache has 17268 tilings in it right now
There are 8367 tilings in the search tree
Time taken so far is 303.59605836868286 seconds

Now processing 0132_0231_1302_2013_3012
Doing depth 1
We had 0 inferral cache hits and 9 partitioning cache hits
The partitioning cache has 0 tilings in it right now
The inferral cache has 14 tilings in it right now
There are 11 tilings in the search tree
Time taken so far is 0.04253411293029785 seconds

Doing depth 2
We had 9 inferral cache hits and 108 partitioning cache hits
The partitioning cache has 0 tilings in it right now
The inferral cache has 145 tilings in it right now
There are 78 tilings in the search tree
Time taken so far is 0.7358572483062744 seconds

Doing depth 3
We had 129 inferral cache hits and 914 partitioning cache hits
The partitioning cache has 0 tilings in it right now
The inferral cache has 1819 tilings in it right now
There are 930 tilings in the search tree
Time taken so far is 15.900485038757324 seconds

Doing depth 4
We had 4585 inferral cache hits and 13343 partitioning cache hits
The partitioning cache has 0 tilings in it right now
The inferral cache has 26853 tilings in it right now
There are 12232 tilings in the search tree
Time taken so far is 407.1305410861969 seconds

Now processing 0132_0231_2013_2301_3012
Doing depth 1
We had 0 inferral cache hits and 9 partitioning cache hits
The partitioning cache has 0 tilings in it right now
The inferral cache has 14 tilings in it right now
There are 11 tilings in the search tree
Time taken so far is 0.041001319885253906 seconds

Doing depth 2
We had 9 inferral cache hits and 108 partitioning cache hits
The partitioning cache has 0 tilings in it right now
The inferral cache has 136 tilings in it right now
There are 78 tilings in the search tree
Time taken so far is 0.719334602355957 seconds

Doing depth 3
We had 120 inferral cache hits and 914 partitioning cache hits
The partitioning cache has 0 tilings in it right now
The inferral cache has 1637 tilings in it right now
There are 859 tilings in the search tree
Time taken so far is 14.88789701461792 seconds

Doing depth 4
We had 610 inferral cache hits and 4484 partitioning cache hits
The partitioning cache has 145 tilings in it right now
The inferral cache has 4058 tilings in it right now
There are 2194 tilings in the search tree
Time taken so far is 63.339426040649414 seconds

Now processing 0132_1023_1230_2301_3012
Doing depth 1
We had 0 inferral cache hits and 9 partitioning cache hits
The partitioning cache has 0 tilings in it right now
The inferral cache has 14 tilings in it right now
There are 11 tilings in the search tree
Time taken so far is 0.0398259162902832 seconds

Doing depth 2
We had 9 inferral cache hits and 108 partitioning cache hits
The partitioning cache has 0 tilings in it right now
The inferral cache has 129 tilings in it right now
There are 78 tilings in the search tree
Time taken so far is 0.684089183807373 seconds

Doing depth 3
We had 110 inferral cache hits and 914 partitioning cache hits
The partitioning cache has 0 tilings in it right now
The inferral cache has 1659 tilings in it right now
There are 820 tilings in the search tree
Time taken so far is 12.397821426391602 seconds

Doing depth 4
We had 3041 inferral cache hits and 11786 partitioning cache hits
The partitioning cache has 0 tilings in it right now
The inferral cache has 19473 tilings in it right now
There are 8759 tilings in the search tree
Time taken so far is 308.1385564804077 seconds

Now processing 0132_1203_1230_2013_3012
Doing depth 1
We had 0 inferral cache hits and 9 partitioning cache hits
The partitioning cache has 0 tilings in it right now
The inferral cache has 14 tilings in it right now
There are 11 tilings in the search tree
Time taken so far is 0.045091867446899414 seconds

Doing depth 2
We had 9 inferral cache hits and 108 partitioning cache hits
The partitioning cache has 0 tilings in it right now
The inferral cache has 135 tilings in it right now
There are 78 tilings in the search tree
Time taken so far is 0.7304909229278564 seconds

Doing depth 3
We had 124 inferral cache hits and 914 partitioning cache hits
The partitioning cache has 0 tilings in it right now
The inferral cache has 1549 tilings in it right now
There are 838 tilings in the search tree
Time taken so far is 13.561083316802979 seconds

Doing depth 4
We had 3770 inferral cache hits and 12356 partitioning cache hits
The partitioning cache has 0 tilings in it right now
The inferral cache has 20328 tilings in it right now
There are 9955 tilings in the search tree
Time taken so far is 334.87873244285583 seconds

Now processing 0132_1203_1230_2301_3012
Doing depth 1
We had 0 inferral cache hits and 9 partitioning cache hits
The partitioning cache has 0 tilings in it right now
The inferral cache has 14 tilings in it right now
There are 11 tilings in the search tree
Time taken so far is 0.04129147529602051 seconds

Doing depth 2
We had 9 inferral cache hits and 108 partitioning cache hits
The partitioning cache has 0 tilings in it right now
The inferral cache has 133 tilings in it right now
There are 78 tilings in the search tree
Time taken so far is 0.7162096500396729 seconds

Doing depth 3
We had 123 inferral cache hits and 914 partitioning cache hits
The partitioning cache has 0 tilings in it right now
The inferral cache has 1594 tilings in it right now
There are 827 tilings in the search tree
Time taken so far is 13.755093574523926 seconds

Doing depth 4
We had 3656 inferral cache hits and 11966 partitioning cache hits
The partitioning cache has 0 tilings in it right now
The inferral cache has 20477 tilings in it right now
There are 9641 tilings in the search tree
Time taken so far is 320.2078239917755 seconds

Now processing 0213_0231_0312_1203_1230
Doing depth 1
We had 0 inferral cache hits and 9 partitioning cache hits
The partitioning cache has 0 tilings in it right now
The inferral cache has 14 tilings in it right now
There are 11 tilings in the search tree
Time taken so far is 0.04270577430725098 seconds

Doing depth 2
We had 9 inferral cache hits and 108 partitioning cache hits
The partitioning cache has 0 tilings in it right now
The inferral cache has 133 tilings in it right now
There are 78 tilings in the search tree
Time taken so far is 0.7199282646179199 seconds

Doing depth 3
We had 133 inferral cache hits and 914 partitioning cache hits
The partitioning cache has 0 tilings in it right now
The inferral cache has 1574 tilings in it right now
There are 868 tilings in the search tree
Time taken so far is 15.535493850708008 seconds

Doing depth 4
We had 863 inferral cache hits and 4705 partitioning cache hits
The partitioning cache has 116 tilings in it right now
The inferral cache has 5279 tilings in it right now
There are 2965 tilings in the search tree
Time taken so far is 100.45720958709717 seconds

Now processing 0213_0231_0312_1203_2013
Doing depth 1
We had 0 inferral cache hits and 9 partitioning cache hits
The partitioning cache has 0 tilings in it right now
The inferral cache has 14 tilings in it right now
There are 11 tilings in the search tree
Time taken so far is 0.041161537170410156 seconds

Doing depth 2
We had 9 inferral cache hits and 108 partitioning cache hits
The partitioning cache has 0 tilings in it right now
The inferral cache has 141 tilings in it right now
There are 78 tilings in the search tree
Time taken so far is 0.7265369892120361 seconds

Doing depth 3
We had 135 inferral cache hits and 914 partitioning cache hits
The partitioning cache has 0 tilings in it right now
The inferral cache has 1721 tilings in it right now
There are 902 tilings in the search tree
Time taken so far is 14.381523132324219 seconds

Doing depth 4
We had 4089 inferral cache hits and 12083 partitioning cache hits
The partitioning cache has 0 tilings in it right now
The inferral cache has 26225 tilings in it right now
There are 11894 tilings in the search tree
Time taken so far is 431.1028935909271 seconds

Now processing 0213_0231_0312_1203_3012
Doing depth 1
We had 0 inferral cache hits and 9 partitioning cache hits
The partitioning cache has 0 tilings in it right now
The inferral cache has 14 tilings in it right now
There are 11 tilings in the search tree
Time taken so far is 0.04140901565551758 seconds

Doing depth 2
We had 9 inferral cache hits and 108 partitioning cache hits
The partitioning cache has 0 tilings in it right now
The inferral cache has 137 tilings in it right now
There are 78 tilings in the search tree
Time taken so far is 0.7123908996582031 seconds

Doing depth 3
We had 133 inferral cache hits and 914 partitioning cache hits
The partitioning cache has 0 tilings in it right now
The inferral cache has 1673 tilings in it right now
There are 882 tilings in the search tree
Time taken so far is 15.88608431816101 seconds

Doing depth 4
We had 3773 inferral cache hits and 11757 partitioning cache hits
The partitioning cache has 0 tilings in it right now
The inferral cache has 24331 tilings in it right now
There are 11281 tilings in the search tree
Time taken so far is 389.0419988632202 seconds

Now processing 0213_0231_0312_1230_3012
Doing depth 1
We had 0 inferral cache hits and 9 partitioning cache hits
The partitioning cache has 0 tilings in it right now
The inferral cache has 14 tilings in it right now
There are 11 tilings in the search tree
Time taken so far is 0.04085373878479004 seconds

Doing depth 2
We had 9 inferral cache hits and 108 partitioning cache hits
The partitioning cache has 0 tilings in it right now
The inferral cache has 133 tilings in it right now
There are 78 tilings in the search tree
Time taken so far is 0.7172493934631348 seconds

Doing depth 3
We had 123 inferral cache hits and 914 partitioning cache hits
The partitioning cache has 0 tilings in it right now
The inferral cache has 1561 tilings in it right now
There are 830 tilings in the search tree
Time taken so far is 14.323049068450928 seconds

Doing depth 4
We had 3720 inferral cache hits and 12097 partitioning cache hits
The partitioning cache has 0 tilings in it right now
The inferral cache has 22201 tilings in it right now
There are 10759 tilings in the search tree
Time taken so far is 372.19079303741455 seconds

Now processing 0213_0231_0321_1320_3120
Doing depth 1
We had 0 inferral cache hits and 9 partitioning cache hits
The partitioning cache has 0 tilings in it right now
The inferral cache has 14 tilings in it right now
There are 11 tilings in the search tree
Time taken so far is 0.043855905532836914 seconds

Doing depth 2
We had 9 inferral cache hits and 108 partitioning cache hits
The partitioning cache has 0 tilings in it right now
The inferral cache has 128 tilings in it right now
There are 79 tilings in the search tree
Time taken so far is 0.7252171039581299 seconds

Doing depth 3
We had 124 inferral cache hits and 914 partitioning cache hits
The partitioning cache has 0 tilings in it right now
The inferral cache has 1705 tilings in it right now
There are 888 tilings in the search tree
Time taken so far is 15.730100393295288 seconds

Doing depth 4
We had 4269 inferral cache hits and 12662 partitioning cache hits
The partitioning cache has 0 tilings in it right now
The inferral cache has 29644 tilings in it right now
There are 13974 tilings in the search tree
Time taken so far is 442.9226453304291 seconds

Now processing 0213_0231_1203_1230_2301
Doing depth 1
We had 0 inferral cache hits and 9 partitioning cache hits
The partitioning cache has 0 tilings in it right now
The inferral cache has 14 tilings in it right now
There are 11 tilings in the search tree
Time taken so far is 0.0414884090423584 seconds

Doing depth 2
We had 9 inferral cache hits and 108 partitioning cache hits
The partitioning cache has 0 tilings in it right now
The inferral cache has 129 tilings in it right now
There are 78 tilings in the search tree
Time taken so far is 0.7065691947937012 seconds

Doing depth 3
We had 134 inferral cache hits and 914 partitioning cache hits
The partitioning cache has 0 tilings in it right now
The inferral cache has 1563 tilings in it right now
There are 854 tilings in the search tree
Time taken so far is 15.113646030426025 seconds

Doing depth 4
We had 2108 inferral cache hits and 6941 partitioning cache hits
The partitioning cache has 46 tilings in it right now
The inferral cache has 12051 tilings in it right now
There are 6178 tilings in the search tree
Time taken so far is 210.44385933876038 seconds

Now processing 0213_0231_1203_1230_3012
Doing depth 1
We had 0 inferral cache hits and 9 partitioning cache hits
The partitioning cache has 0 tilings in it right now
The inferral cache has 14 tilings in it right now
There are 11 tilings in the search tree
Time taken so far is 0.041249990463256836 seconds

Doing depth 2
We had 9 inferral cache hits and 108 partitioning cache hits
The partitioning cache has 0 tilings in it right now
The inferral cache has 129 tilings in it right now
There are 78 tilings in the search tree
Time taken so far is 0.6976919174194336 seconds

Doing depth 3
We had 127 inferral cache hits and 914 partitioning cache hits
The partitioning cache has 0 tilings in it right now
The inferral cache has 1582 tilings in it right now
There are 844 tilings in the search tree
Time taken so far is 14.120912551879883 seconds

Doing depth 4
We had 3485 inferral cache hits and 11383 partitioning cache hits
The partitioning cache has 0 tilings in it right now
The inferral cache has 21605 tilings in it right now
There are 10434 tilings in the search tree
Time taken so far is 364.6890513896942 seconds

Now processing 0213_0231_1203_1230_3120
Doing depth 1
We had 0 inferral cache hits and 9 partitioning cache hits
The partitioning cache has 0 tilings in it right now
The inferral cache has 14 tilings in it right now
There are 11 tilings in the search tree
Time taken so far is 0.04186511039733887 seconds

Doing depth 2
We had 9 inferral cache hits and 108 partitioning cache hits
The partitioning cache has 0 tilings in it right now
The inferral cache has 131 tilings in it right now
There are 78 tilings in the search tree
Time taken so far is 0.6906473636627197 seconds

Doing depth 3
We had 137 inferral cache hits and 914 partitioning cache hits
The partitioning cache has 0 tilings in it right now
The inferral cache has 1605 tilings in it right now
There are 876 tilings in the search tree
Time taken so far is 14.786493301391602 seconds

Doing depth 4
We had 4395 inferral cache hits and 12447 partitioning cache hits
The partitioning cache has 0 tilings in it right now
The inferral cache has 27621 tilings in it right now
There are 13765 tilings in the search tree
Time taken so far is 464.54896807670593 seconds

Now processing 0213_0231_1203_2301_3012
Doing depth 1
We had 0 inferral cache hits and 9 partitioning cache hits
The partitioning cache has 0 tilings in it right now
The inferral cache has 14 tilings in it right now
There are 11 tilings in the search tree
Time taken so far is 0.04129528999328613 seconds

Doing depth 2
We had 9 inferral cache hits and 108 partitioning cache hits
The partitioning cache has 0 tilings in it right now
The inferral cache has 135 tilings in it right now
There are 78 tilings in the search tree
Time taken so far is 0.7070119380950928 seconds

Doing depth 3
We had 121 inferral cache hits and 914 partitioning cache hits
The partitioning cache has 0 tilings in it right now
The inferral cache has 1724 tilings in it right now
There are 900 tilings in the search tree
Time taken so far is 15.483449459075928 seconds

Doing depth 4
We had 3804 inferral cache hits and 11743 partitioning cache hits
The partitioning cache has 3 tilings in it right now
The inferral cache has 23567 tilings in it right now
There are 10957 tilings in the search tree
Time taken so far is 345.8708658218384 seconds

Now processing 0213_0231_1230_2013_3012
Doing depth 1
We had 0 inferral cache hits and 9 partitioning cache hits
The partitioning cache has 0 tilings in it right now
The inferral cache has 14 tilings in it right now
There are 11 tilings in the search tree
Time taken so far is 0.04126477241516113 seconds

Doing depth 2
We had 9 inferral cache hits and 108 partitioning cache hits
The partitioning cache has 0 tilings in it right now
The inferral cache has 133 tilings in it right now
There are 78 tilings in the search tree
Time taken so far is 0.6973557472229004 seconds

Doing depth 3
We had 128 inferral cache hits and 914 partitioning cache hits
The partitioning cache has 0 tilings in it right now
The inferral cache has 1608 tilings in it right now
There are 854 tilings in the search tree
Time taken so far is 14.030475854873657 seconds

Doing depth 4
We had 3594 inferral cache hits and 11482 partitioning cache hits
The partitioning cache has 0 tilings in it right now
The inferral cache has 22689 tilings in it right now
There are 10866 tilings in the search tree
Time taken so far is 358.18587040901184 seconds

