/users/home/henningu/ATRAP/non-regular-insertion-encodable-bases/logs_length4
Now processing 0123_0132_0213_1023
Doing depth 1
We had 12 inferral cache hits and 9 partitioning cache hits
The partitioning cache has 0 tilings in it right now
The inferral cache has 14 tilings in it right now
There are 11 tilings in the search tree
Time taken so far is 0.045403242111206055 seconds

Doing depth 2
We had 159 inferral cache hits and 108 partitioning cache hits
The partitioning cache has 0 tilings in it right now
The inferral cache has 89 tilings in it right now
There are 62 tilings in the search tree
Time taken so far is 0.6174712181091309 seconds

Doing depth 3
We had 1409 inferral cache hits and 706 partitioning cache hits
The partitioning cache has 0 tilings in it right now
The inferral cache has 541 tilings in it right now
There are 371 tilings in the search tree
Time taken so far is 7.821936130523682 seconds

Doing depth 4
We had 13119 inferral cache hits and 4601 partitioning cache hits
The partitioning cache has 0 tilings in it right now
The inferral cache has 4869 tilings in it right now
There are 2570 tilings in the search tree
Time taken so far is 126.75480794906616 seconds

Now processing 0123_0132_0213_1230
Doing depth 1
We had 12 inferral cache hits and 9 partitioning cache hits
The partitioning cache has 0 tilings in it right now
The inferral cache has 14 tilings in it right now
There are 11 tilings in the search tree
Time taken so far is 0.060108184814453125 seconds

Doing depth 2
We had 159 inferral cache hits and 108 partitioning cache hits
The partitioning cache has 0 tilings in it right now
The inferral cache has 89 tilings in it right now
There are 63 tilings in the search tree
Time taken so far is 0.6513910293579102 seconds

Doing depth 3
We had 1445 inferral cache hits and 706 partitioning cache hits
The partitioning cache has 0 tilings in it right now
The inferral cache has 552 tilings in it right now
There are 380 tilings in the search tree
Time taken so far is 7.112141370773315 seconds

Doing depth 4
We had 14387 inferral cache hits and 4811 partitioning cache hits
The partitioning cache has 0 tilings in it right now
The inferral cache has 5252 tilings in it right now
There are 2738 tilings in the search tree
Time taken so far is 129.48196268081665 seconds

Now processing 0123_0132_0213_2301
Doing depth 1
We had 12 inferral cache hits and 9 partitioning cache hits
The partitioning cache has 0 tilings in it right now
The inferral cache has 14 tilings in it right now
There are 11 tilings in the search tree
Time taken so far is 0.055650949478149414 seconds

Doing depth 2
We had 159 inferral cache hits and 108 partitioning cache hits
The partitioning cache has 0 tilings in it right now
The inferral cache has 95 tilings in it right now
There are 62 tilings in the search tree
Time taken so far is 0.6518750190734863 seconds

Doing depth 3
We had 1589 inferral cache hits and 706 partitioning cache hits
The partitioning cache has 0 tilings in it right now
The inferral cache has 627 tilings in it right now
There are 404 tilings in the search tree
Time taken so far is 8.198527097702026 seconds

Doing depth 4
We had 16847 inferral cache hits and 5036 partitioning cache hits
The partitioning cache has 0 tilings in it right now
The inferral cache has 6149 tilings in it right now
There are 3072 tilings in the search tree
Time taken so far is 142.8276903629303 seconds

Now processing 0123_0132_0231_1203
Doing depth 1
We had 12 inferral cache hits and 9 partitioning cache hits
The partitioning cache has 0 tilings in it right now
The inferral cache has 14 tilings in it right now
There are 11 tilings in the search tree
Time taken so far is 0.06486225128173828 seconds

Doing depth 2
We had 159 inferral cache hits and 108 partitioning cache hits
The partitioning cache has 0 tilings in it right now
The inferral cache has 96 tilings in it right now
There are 62 tilings in the search tree
Time taken so far is 0.7014660835266113 seconds

Doing depth 3
We had 1645 inferral cache hits and 706 partitioning cache hits
The partitioning cache has 0 tilings in it right now
The inferral cache has 634 tilings in it right now
There are 414 tilings in the search tree
Time taken so far is 9.299275398254395 seconds

Doing depth 4
We had 17844 inferral cache hits and 5323 partitioning cache hits
The partitioning cache has 0 tilings in it right now
The inferral cache has 6303 tilings in it right now
There are 3289 tilings in the search tree
Time taken so far is 159.2852327823639 seconds

Now processing 0123_0132_1023_1230
Doing depth 1
We had 12 inferral cache hits and 9 partitioning cache hits
The partitioning cache has 0 tilings in it right now
The inferral cache has 14 tilings in it right now
There are 11 tilings in the search tree
Time taken so far is 0.0577852725982666 seconds

Doing depth 2
We had 159 inferral cache hits and 108 partitioning cache hits
The partitioning cache has 0 tilings in it right now
The inferral cache has 87 tilings in it right now
There are 62 tilings in the search tree
Time taken so far is 0.6023843288421631 seconds

Doing depth 3
We had 1425 inferral cache hits and 706 partitioning cache hits
The partitioning cache has 0 tilings in it right now
The inferral cache has 553 tilings in it right now
There are 374 tilings in the search tree
Time taken so far is 7.211453437805176 seconds

Doing depth 4
We had 14423 inferral cache hits and 4796 partitioning cache hits
The partitioning cache has 0 tilings in it right now
The inferral cache has 5532 tilings in it right now
There are 2765 tilings in the search tree
Time taken so far is 132.1839370727539 seconds

Now processing 0123_0132_1023_2301
Doing depth 1
We had 12 inferral cache hits and 9 partitioning cache hits
The partitioning cache has 0 tilings in it right now
The inferral cache has 14 tilings in it right now
There are 11 tilings in the search tree
Time taken so far is 0.05836915969848633 seconds

Doing depth 2
We had 159 inferral cache hits and 108 partitioning cache hits
The partitioning cache has 0 tilings in it right now
The inferral cache has 93 tilings in it right now
There are 62 tilings in the search tree
Time taken so far is 0.6870310306549072 seconds

Doing depth 3
We had 1569 inferral cache hits and 706 partitioning cache hits
The partitioning cache has 0 tilings in it right now
The inferral cache has 635 tilings in it right now
There are 402 tilings in the search tree
Time taken so far is 8.78221583366394 seconds

Doing depth 4
We had 14689 inferral cache hits and 4706 partitioning cache hits
The partitioning cache has 0 tilings in it right now
The inferral cache has 5675 tilings in it right now
There are 2741 tilings in the search tree
Time taken so far is 132.7876274585724 seconds

Now processing 0123_0132_1203_1230
Doing depth 1
We had 12 inferral cache hits and 9 partitioning cache hits
The partitioning cache has 0 tilings in it right now
The inferral cache has 14 tilings in it right now
There are 11 tilings in the search tree
Time taken so far is 0.0658731460571289 seconds

Doing depth 2
We had 159 inferral cache hits and 108 partitioning cache hits
The partitioning cache has 0 tilings in it right now
The inferral cache has 90 tilings in it right now
There are 62 tilings in the search tree
Time taken so far is 0.6251463890075684 seconds

Doing depth 3
We had 1545 inferral cache hits and 706 partitioning cache hits
The partitioning cache has 0 tilings in it right now
The inferral cache has 597 tilings in it right now
There are 397 tilings in the search tree
Time taken so far is 8.154086112976074 seconds

Doing depth 4
We had 16970 inferral cache hits and 5220 partitioning cache hits
The partitioning cache has 0 tilings in it right now
The inferral cache has 6158 tilings in it right now
There are 3171 tilings in the search tree
Time taken so far is 150.43472743034363 seconds

Now processing 0123_0132_1203_2013
Doing depth 1
We had 12 inferral cache hits and 9 partitioning cache hits
The partitioning cache has 0 tilings in it right now
The inferral cache has 14 tilings in it right now
There are 11 tilings in the search tree
Time taken so far is 0.05900979042053223 seconds

Doing depth 2
We had 159 inferral cache hits and 108 partitioning cache hits
The partitioning cache has 0 tilings in it right now
The inferral cache has 93 tilings in it right now
There are 62 tilings in the search tree
Time taken so far is 0.6303329467773438 seconds

Doing depth 3
We had 1647 inferral cache hits and 706 partitioning cache hits
The partitioning cache has 0 tilings in it right now
The inferral cache has 621 tilings in it right now
There are 421 tilings in the search tree
Time taken so far is 9.155900955200195 seconds

Doing depth 4
We had 20630 inferral cache hits and 6010 partitioning cache hits
The partitioning cache has 0 tilings in it right now
The inferral cache has 7218 tilings in it right now
There are 3854 tilings in the search tree
Time taken so far is 185.34676551818848 seconds

Now processing 0123_0132_1203_3012
Doing depth 1
We had 12 inferral cache hits and 9 partitioning cache hits
The partitioning cache has 0 tilings in it right now
The inferral cache has 14 tilings in it right now
There are 11 tilings in the search tree
Time taken so far is 0.06750988960266113 seconds

Doing depth 2
We had 159 inferral cache hits and 108 partitioning cache hits
The partitioning cache has 0 tilings in it right now
The inferral cache has 91 tilings in it right now
There are 62 tilings in the search tree
Time taken so far is 0.659369945526123 seconds

Doing depth 3
We had 1526 inferral cache hits and 706 partitioning cache hits
The partitioning cache has 0 tilings in it right now
The inferral cache has 588 tilings in it right now
There are 392 tilings in the search tree
Time taken so far is 9.16911268234253 seconds

Doing depth 4
We had 17929 inferral cache hits and 5365 partitioning cache hits
The partitioning cache has 0 tilings in it right now
The inferral cache has 6530 tilings in it right now
There are 3300 tilings in the search tree
Time taken so far is 160.8723020553589 seconds

Now processing 0123_0132_1230_2301
Doing depth 1
We had 12 inferral cache hits and 9 partitioning cache hits
The partitioning cache has 0 tilings in it right now
The inferral cache has 14 tilings in it right now
There are 11 tilings in the search tree
Time taken so far is 0.05753684043884277 seconds

Doing depth 2
We had 159 inferral cache hits and 108 partitioning cache hits
The partitioning cache has 0 tilings in it right now
The inferral cache has 92 tilings in it right now
There are 62 tilings in the search tree
Time taken so far is 0.6333427429199219 seconds

Doing depth 3
We had 1576 inferral cache hits and 706 partitioning cache hits
The partitioning cache has 0 tilings in it right now
The inferral cache has 607 tilings in it right now
There are 402 tilings in the search tree
Time taken so far is 8.559634923934937 seconds

Doing depth 4
We had 16864 inferral cache hits and 5280 partitioning cache hits
The partitioning cache has 0 tilings in it right now
The inferral cache has 5946 tilings in it right now
There are 3066 tilings in the search tree
Time taken so far is 147.63829445838928 seconds

Now processing 0123_0132_1230_3012
Doing depth 1
We had 12 inferral cache hits and 9 partitioning cache hits
The partitioning cache has 0 tilings in it right now
The inferral cache has 14 tilings in it right now
There are 11 tilings in the search tree
Time taken so far is 0.07433366775512695 seconds

Doing depth 2
We had 160 inferral cache hits and 108 partitioning cache hits
The partitioning cache has 0 tilings in it right now
The inferral cache has 88 tilings in it right now
There are 62 tilings in the search tree
Time taken so far is 0.6897897720336914 seconds

Doing depth 3
We had 1458 inferral cache hits and 706 partitioning cache hits
The partitioning cache has 0 tilings in it right now
The inferral cache has 549 tilings in it right now
There are 380 tilings in the search tree
Time taken so far is 8.035632610321045 seconds

Doing depth 4
We had 14323 inferral cache hits and 4699 partitioning cache hits
The partitioning cache has 0 tilings in it right now
The inferral cache has 5100 tilings in it right now
There are 2684 tilings in the search tree
Time taken so far is 131.12251472473145 seconds

Now processing 0123_0213_0231_0312
Doing depth 1
We had 12 inferral cache hits and 9 partitioning cache hits
The partitioning cache has 0 tilings in it right now
The inferral cache has 14 tilings in it right now
There are 11 tilings in the search tree
Time taken so far is 0.06539392471313477 seconds

Doing depth 2
We had 159 inferral cache hits and 108 partitioning cache hits
The partitioning cache has 0 tilings in it right now
The inferral cache has 93 tilings in it right now
There are 64 tilings in the search tree
Time taken so far is 0.6888041496276855 seconds

Doing depth 3
We had 1641 inferral cache hits and 706 partitioning cache hits
The partitioning cache has 0 tilings in it right now
The inferral cache has 631 tilings in it right now
There are 431 tilings in the search tree
Time taken so far is 9.68220853805542 seconds

Doing depth 4
We had 18991 inferral cache hits and 5493 partitioning cache hits
The partitioning cache has 0 tilings in it right now
The inferral cache has 6575 tilings in it right now
There are 3628 tilings in the search tree
Time taken so far is 169.42395281791687 seconds

Now processing 0123_0213_0231_1230
Doing depth 1
We had 12 inferral cache hits and 9 partitioning cache hits
The partitioning cache has 0 tilings in it right now
The inferral cache has 14 tilings in it right now
There are 11 tilings in the search tree
Time taken so far is 0.058586835861206055 seconds

Doing depth 2
We had 159 inferral cache hits and 108 partitioning cache hits
The partitioning cache has 0 tilings in it right now
The inferral cache has 90 tilings in it right now
There are 63 tilings in the search tree
Time taken so far is 0.6073729991912842 seconds

Doing depth 3
We had 1557 inferral cache hits and 706 partitioning cache hits
The partitioning cache has 0 tilings in it right now
The inferral cache has 599 tilings in it right now
There are 405 tilings in the search tree
Time taken so far is 7.144527912139893 seconds

Doing depth 4
We had 10828 inferral cache hits and 4054 partitioning cache hits
The partitioning cache has 48 tilings in it right now
The inferral cache has 4002 tilings in it right now
There are 2132 tilings in the search tree
Time taken so far is 107.71987867355347 seconds

Now processing 0123_0213_0231_2013
Doing depth 1
We had 12 inferral cache hits and 9 partitioning cache hits
The partitioning cache has 0 tilings in it right now
The inferral cache has 14 tilings in it right now
There are 11 tilings in the search tree
Time taken so far is 0.06971621513366699 seconds

Doing depth 2
We had 159 inferral cache hits and 108 partitioning cache hits
The partitioning cache has 0 tilings in it right now
The inferral cache has 97 tilings in it right now
There are 62 tilings in the search tree
Time taken so far is 0.6960296630859375 seconds

Doing depth 3
We had 1656 inferral cache hits and 706 partitioning cache hits
The partitioning cache has 0 tilings in it right now
The inferral cache has 645 tilings in it right now
There are 421 tilings in the search tree
Time taken so far is 7.911079406738281 seconds

Doing depth 4
We had 18323 inferral cache hits and 5129 partitioning cache hits
The partitioning cache has 0 tilings in it right now
The inferral cache has 6571 tilings in it right now
There are 3496 tilings in the search tree
Time taken so far is 155.58795285224915 seconds

Now processing 0123_0213_0231_2301
Doing depth 1
We had 12 inferral cache hits and 9 partitioning cache hits
The partitioning cache has 0 tilings in it right now
The inferral cache has 14 tilings in it right now
There are 11 tilings in the search tree
Time taken so far is 0.05922651290893555 seconds

Doing depth 2
We had 159 inferral cache hits and 108 partitioning cache hits
The partitioning cache has 0 tilings in it right now
The inferral cache has 94 tilings in it right now
There are 62 tilings in the search tree
Time taken so far is 0.631218433380127 seconds

Doing depth 3
We had 1719 inferral cache hits and 706 partitioning cache hits
The partitioning cache has 0 tilings in it right now
The inferral cache has 655 tilings in it right now
There are 428 tilings in the search tree
Time taken so far is 8.753064393997192 seconds

Doing depth 4
We had 21981 inferral cache hits and 5800 partitioning cache hits
The partitioning cache has 0 tilings in it right now
The inferral cache has 7647 tilings in it right now
There are 3875 tilings in the search tree
Time taken so far is 180.11098408699036 seconds

Now processing 0123_0213_0231_3012
Doing depth 1
We had 12 inferral cache hits and 9 partitioning cache hits
The partitioning cache has 0 tilings in it right now
The inferral cache has 14 tilings in it right now
There are 11 tilings in the search tree
Time taken so far is 0.06813788414001465 seconds

Doing depth 2
We had 159 inferral cache hits and 108 partitioning cache hits
The partitioning cache has 0 tilings in it right now
The inferral cache has 91 tilings in it right now
There are 63 tilings in the search tree
Time taken so far is 0.6077003479003906 seconds

Doing depth 3
We had 1567 inferral cache hits and 706 partitioning cache hits
The partitioning cache has 0 tilings in it right now
The inferral cache has 615 tilings in it right now
There are 405 tilings in the search tree
Time taken so far is 7.835314035415649 seconds

Doing depth 4
We had 18020 inferral cache hits and 5293 partitioning cache hits
The partitioning cache has 0 tilings in it right now
The inferral cache has 6665 tilings in it right now
There are 3358 tilings in the search tree
Time taken so far is 157.26030445098877 seconds

Now processing 0123_0213_1230_2301
Doing depth 1
We had 12 inferral cache hits and 9 partitioning cache hits
The partitioning cache has 0 tilings in it right now
The inferral cache has 14 tilings in it right now
There are 11 tilings in the search tree
Time taken so far is 0.05431723594665527 seconds

Doing depth 2
We had 159 inferral cache hits and 108 partitioning cache hits
The partitioning cache has 0 tilings in it right now
The inferral cache has 89 tilings in it right now
There are 62 tilings in the search tree
Time taken so far is 0.6047461032867432 seconds

Doing depth 3
We had 1633 inferral cache hits and 706 partitioning cache hits
The partitioning cache has 0 tilings in it right now
The inferral cache has 623 tilings in it right now
There are 412 tilings in the search tree
Time taken so far is 8.79372239112854 seconds

Doing depth 4
We had 17776 inferral cache hits and 5096 partitioning cache hits
The partitioning cache has 0 tilings in it right now
The inferral cache has 6526 tilings in it right now
There are 3189 tilings in the search tree
Time taken so far is 149.82526469230652 seconds

Now processing 0123_0213_1230_3012
Doing depth 1
We had 12 inferral cache hits and 9 partitioning cache hits
The partitioning cache has 0 tilings in it right now
The inferral cache has 14 tilings in it right now
There are 11 tilings in the search tree
Time taken so far is 0.0667421817779541 seconds

Doing depth 2
We had 159 inferral cache hits and 108 partitioning cache hits
The partitioning cache has 0 tilings in it right now
The inferral cache has 85 tilings in it right now
There are 62 tilings in the search tree
Time taken so far is 0.673356294631958 seconds

Doing depth 3
We had 1467 inferral cache hits and 706 partitioning cache hits
The partitioning cache has 0 tilings in it right now
The inferral cache has 575 tilings in it right now
There are 382 tilings in the search tree
Time taken so far is 8.981589317321777 seconds

Doing depth 4
We had 14843 inferral cache hits and 4766 partitioning cache hits
The partitioning cache has 0 tilings in it right now
The inferral cache has 5757 tilings in it right now
There are 2817 tilings in the search tree
Time taken so far is 135.61298513412476 seconds

Now processing 0123_0231_1203_1230
Doing depth 1
We had 12 inferral cache hits and 9 partitioning cache hits
The partitioning cache has 0 tilings in it right now
The inferral cache has 14 tilings in it right now
There are 11 tilings in the search tree
Time taken so far is 0.05621790885925293 seconds

Doing depth 2
We had 159 inferral cache hits and 108 partitioning cache hits
The partitioning cache has 0 tilings in it right now
The inferral cache has 91 tilings in it right now
There are 62 tilings in the search tree
Time taken so far is 0.6277804374694824 seconds

Doing depth 3
We had 1632 inferral cache hits and 706 partitioning cache hits
The partitioning cache has 0 tilings in it right now
The inferral cache has 618 tilings in it right now
There are 414 tilings in the search tree
Time taken so far is 8.135353326797485 seconds

Doing depth 4
We had 18044 inferral cache hits and 5419 partitioning cache hits
The partitioning cache has 0 tilings in it right now
The inferral cache has 6311 tilings in it right now
There are 3349 tilings in the search tree
Time taken so far is 162.8351948261261 seconds

Now processing 0123_0231_1230_2013
Doing depth 1
We had 12 inferral cache hits and 9 partitioning cache hits
The partitioning cache has 0 tilings in it right now
The inferral cache has 14 tilings in it right now
There are 11 tilings in the search tree
Time taken so far is 0.06177210807800293 seconds

Doing depth 2
We had 159 inferral cache hits and 108 partitioning cache hits
The partitioning cache has 0 tilings in it right now
The inferral cache has 94 tilings in it right now
There are 62 tilings in the search tree
Time taken so far is 0.7096297740936279 seconds

Doing depth 3
We had 1644 inferral cache hits and 706 partitioning cache hits
The partitioning cache has 0 tilings in it right now
The inferral cache has 634 tilings in it right now
There are 414 tilings in the search tree
Time taken so far is 8.922442436218262 seconds

Doing depth 4
We had 19018 inferral cache hits and 5335 partitioning cache hits
The partitioning cache has 0 tilings in it right now
The inferral cache has 6856 tilings in it right now
There are 3499 tilings in the search tree
Time taken so far is 160.88967323303223 seconds

Now processing 0123_0231_1230_2301
Doing depth 1
We had 12 inferral cache hits and 9 partitioning cache hits
The partitioning cache has 0 tilings in it right now
The inferral cache has 14 tilings in it right now
There are 11 tilings in the search tree
Time taken so far is 0.06503486633300781 seconds

Doing depth 2
We had 159 inferral cache hits and 108 partitioning cache hits
The partitioning cache has 0 tilings in it right now
The inferral cache has 91 tilings in it right now
There are 62 tilings in the search tree
Time taken so far is 0.6584639549255371 seconds

Doing depth 3
We had 1633 inferral cache hits and 706 partitioning cache hits
The partitioning cache has 0 tilings in it right now
The inferral cache has 624 tilings in it right now
There are 412 tilings in the search tree
Time taken so far is 7.632071495056152 seconds

Doing depth 4
We had 18363 inferral cache hits and 5254 partitioning cache hits
The partitioning cache has 0 tilings in it right now
The inferral cache has 6399 tilings in it right now
There are 3300 tilings in the search tree
Time taken so far is 152.78766322135925 seconds

Now processing 0123_1230_2301_3012
Doing depth 1
We had 12 inferral cache hits and 9 partitioning cache hits
The partitioning cache has 0 tilings in it right now
The inferral cache has 14 tilings in it right now
There are 11 tilings in the search tree
Time taken so far is 0.06426286697387695 seconds

Doing depth 2
We had 163 inferral cache hits and 108 partitioning cache hits
The partitioning cache has 0 tilings in it right now
The inferral cache has 85 tilings in it right now
There are 62 tilings in the search tree
Time taken so far is 0.5593843460083008 seconds

Doing depth 3
We had 1585 inferral cache hits and 706 partitioning cache hits
The partitioning cache has 0 tilings in it right now
The inferral cache has 587 tilings in it right now
There are 402 tilings in the search tree
Time taken so far is 7.834126234054565 seconds

Doing depth 4
We had 16181 inferral cache hits and 5186 partitioning cache hits
The partitioning cache has 0 tilings in it right now
The inferral cache has 5306 tilings in it right now
There are 2914 tilings in the search tree
Time taken so far is 146.23204636573792 seconds

Now processing 0132_0213_0231_2301
Doing depth 1
We had 12 inferral cache hits and 9 partitioning cache hits
The partitioning cache has 0 tilings in it right now
The inferral cache has 14 tilings in it right now
There are 11 tilings in the search tree
Time taken so far is 0.06960368156433105 seconds

Doing depth 2
We had 159 inferral cache hits and 108 partitioning cache hits
The partitioning cache has 0 tilings in it right now
The inferral cache has 93 tilings in it right now
There are 62 tilings in the search tree
Time taken so far is 0.6455526351928711 seconds

Doing depth 3
We had 1785 inferral cache hits and 706 partitioning cache hits
The partitioning cache has 0 tilings in it right now
The inferral cache has 677 tilings in it right now
There are 440 tilings in the search tree
Time taken so far is 8.432887077331543 seconds

Doing depth 4
We had 21431 inferral cache hits and 5605 partitioning cache hits
The partitioning cache has 0 tilings in it right now
The inferral cache has 7574 tilings in it right now
There are 3787 tilings in the search tree
Time taken so far is 174.0111861228943 seconds

Now processing 0132_0213_0231_3120
Doing depth 1
We had 12 inferral cache hits and 9 partitioning cache hits
The partitioning cache has 0 tilings in it right now
The inferral cache has 14 tilings in it right now
There are 11 tilings in the search tree
Time taken so far is 0.07634425163269043 seconds

Doing depth 2
We had 159 inferral cache hits and 108 partitioning cache hits
The partitioning cache has 0 tilings in it right now
The inferral cache has 93 tilings in it right now
There are 64 tilings in the search tree
Time taken so far is 0.7012734413146973 seconds

Doing depth 3
We had 1784 inferral cache hits and 706 partitioning cache hits
The partitioning cache has 0 tilings in it right now
The inferral cache has 687 tilings in it right now
There are 446 tilings in the search tree
Time taken so far is 8.996501922607422 seconds

Doing depth 4
We had 25102 inferral cache hits and 5868 partitioning cache hits
The partitioning cache has 0 tilings in it right now
The inferral cache has 8724 tilings in it right now
There are 4299 tilings in the search tree
Time taken so far is 180.67771100997925 seconds

Now processing 0132_0213_0321_3120
Doing depth 1
We had 12 inferral cache hits and 9 partitioning cache hits
The partitioning cache has 0 tilings in it right now
The inferral cache has 14 tilings in it right now
There are 11 tilings in the search tree
Time taken so far is 0.06314349174499512 seconds

Doing depth 2
We had 159 inferral cache hits and 108 partitioning cache hits
The partitioning cache has 0 tilings in it right now
The inferral cache has 93 tilings in it right now
There are 64 tilings in the search tree
Time taken so far is 1.3588151931762695 seconds

Doing depth 3
We had 1739 inferral cache hits and 706 partitioning cache hits
The partitioning cache has 0 tilings in it right now
The inferral cache has 667 tilings in it right now
There are 438 tilings in the search tree
Time taken so far is 9.243266582489014 seconds

Doing depth 4
We had 22669 inferral cache hits and 5606 partitioning cache hits
The partitioning cache has 0 tilings in it right now
The inferral cache has 8170 tilings in it right now
There are 3957 tilings in the search tree
Time taken so far is 170.87645745277405 seconds

Now processing 0132_0213_1023_1230
Doing depth 1
We had 12 inferral cache hits and 9 partitioning cache hits
The partitioning cache has 0 tilings in it right now
The inferral cache has 14 tilings in it right now
There are 11 tilings in the search tree
Time taken so far is 0.06661152839660645 seconds

Doing depth 2
We had 159 inferral cache hits and 108 partitioning cache hits
The partitioning cache has 0 tilings in it right now
The inferral cache has 91 tilings in it right now
There are 62 tilings in the search tree
Time taken so far is 0.613286018371582 seconds

Doing depth 3
We had 1505 inferral cache hits and 706 partitioning cache hits
The partitioning cache has 0 tilings in it right now
The inferral cache has 606 tilings in it right now
There are 390 tilings in the search tree
Time taken so far is 7.467865228652954 seconds

Doing depth 4
We had 15126 inferral cache hits and 5096 partitioning cache hits
The partitioning cache has 0 tilings in it right now
The inferral cache has 5922 tilings in it right now
There are 2849 tilings in the search tree
Time taken so far is 120.45962452888489 seconds

Now processing 0132_0213_1023_2301
Doing depth 1
We had 12 inferral cache hits and 9 partitioning cache hits
The partitioning cache has 0 tilings in it right now
The inferral cache has 14 tilings in it right now
There are 11 tilings in the search tree
Time taken so far is 0.052843570709228516 seconds

Doing depth 2
We had 159 inferral cache hits and 108 partitioning cache hits
The partitioning cache has 0 tilings in it right now
The inferral cache has 93 tilings in it right now
There are 62 tilings in the search tree
Time taken so far is 0.5893383026123047 seconds

Doing depth 3
We had 1665 inferral cache hits and 706 partitioning cache hits
The partitioning cache has 0 tilings in it right now
The inferral cache has 681 tilings in it right now
There are 418 tilings in the search tree
Time taken so far is 7.211776971817017 seconds

Doing depth 4
We had 18942 inferral cache hits and 5636 partitioning cache hits
The partitioning cache has 0 tilings in it right now
The inferral cache has 7425 tilings in it right now
There are 3437 tilings in the search tree
Time taken so far is 133.3777940273285 seconds

Now processing 0132_0213_1203_1230
Doing depth 1
We had 12 inferral cache hits and 9 partitioning cache hits
The partitioning cache has 0 tilings in it right now
The inferral cache has 14 tilings in it right now
There are 11 tilings in the search tree
Time taken so far is 0.05245709419250488 seconds

Doing depth 2
We had 159 inferral cache hits and 108 partitioning cache hits
The partitioning cache has 0 tilings in it right now
The inferral cache has 92 tilings in it right now
There are 62 tilings in the search tree
Time taken so far is 0.5780627727508545 seconds

Doing depth 3
We had 1631 inferral cache hits and 706 partitioning cache hits
The partitioning cache has 0 tilings in it right now
The inferral cache has 636 tilings in it right now
There are 413 tilings in the search tree
Time taken so far is 6.970302104949951 seconds

Doing depth 4
We had 18910 inferral cache hits and 5580 partitioning cache hits
The partitioning cache has 0 tilings in it right now
The inferral cache has 6785 tilings in it right now
There are 3466 tilings in the search tree
Time taken so far is 133.1468734741211 seconds

Now processing 0132_0213_1203_2013
Doing depth 1
We had 12 inferral cache hits and 9 partitioning cache hits
The partitioning cache has 0 tilings in it right now
The inferral cache has 14 tilings in it right now
There are 11 tilings in the search tree
Time taken so far is 0.053114891052246094 seconds

Doing depth 2
We had 159 inferral cache hits and 108 partitioning cache hits
The partitioning cache has 0 tilings in it right now
The inferral cache has 91 tilings in it right now
There are 62 tilings in the search tree
Time taken so far is 0.5992774963378906 seconds

Doing depth 3
We had 1689 inferral cache hits and 706 partitioning cache hits
The partitioning cache has 0 tilings in it right now
The inferral cache has 645 tilings in it right now
There are 431 tilings in the search tree
Time taken so far is 7.47051739692688 seconds

Doing depth 4
We had 21337 inferral cache hits and 5969 partitioning cache hits
The partitioning cache has 0 tilings in it right now
The inferral cache has 7368 tilings in it right now
There are 3975 tilings in the search tree
Time taken so far is 160.69777965545654 seconds

Now processing 0132_0213_1203_3012
Doing depth 1
We had 12 inferral cache hits and 9 partitioning cache hits
The partitioning cache has 0 tilings in it right now
The inferral cache has 14 tilings in it right now
There are 11 tilings in the search tree
Time taken so far is 0.051339149475097656 seconds

Doing depth 2
We had 159 inferral cache hits and 108 partitioning cache hits
The partitioning cache has 0 tilings in it right now
The inferral cache has 93 tilings in it right now
There are 62 tilings in the search tree
Time taken so far is 0.6905853748321533 seconds

Doing depth 3
We had 1642 inferral cache hits and 706 partitioning cache hits
The partitioning cache has 0 tilings in it right now
The inferral cache has 648 tilings in it right now
There are 416 tilings in the search tree
Time taken so far is 6.9710588455200195 seconds

Doing depth 4
We had 19477 inferral cache hits and 5666 partitioning cache hits
The partitioning cache has 0 tilings in it right now
The inferral cache has 7201 tilings in it right now
There are 3555 tilings in the search tree
Time taken so far is 140.69381523132324 seconds

Now processing 0132_0213_1230_2301
Doing depth 1
We had 12 inferral cache hits and 9 partitioning cache hits
The partitioning cache has 0 tilings in it right now
The inferral cache has 14 tilings in it right now
There are 11 tilings in the search tree
Time taken so far is 0.05710124969482422 seconds

Doing depth 2
We had 159 inferral cache hits and 108 partitioning cache hits
The partitioning cache has 0 tilings in it right now
The inferral cache has 94 tilings in it right now
There are 62 tilings in the search tree
Time taken so far is 0.5871410369873047 seconds

Doing depth 3
We had 1706 inferral cache hits and 706 partitioning cache hits
The partitioning cache has 0 tilings in it right now
The inferral cache has 675 tilings in it right now
There are 426 tilings in the search tree
Time taken so far is 7.235168695449829 seconds

Doing depth 4
We had 21603 inferral cache hits and 5891 partitioning cache hits
The partitioning cache has 0 tilings in it right now
The inferral cache has 7941 tilings in it right now
There are 3809 tilings in the search tree
Time taken so far is 144.01257419586182 seconds

Now processing 0132_0213_1230_3012
Doing depth 1
We had 12 inferral cache hits and 9 partitioning cache hits
The partitioning cache has 0 tilings in it right now
The inferral cache has 14 tilings in it right now
There are 11 tilings in the search tree
Time taken so far is 0.0637209415435791 seconds

Doing depth 2
We had 159 inferral cache hits and 108 partitioning cache hits
The partitioning cache has 0 tilings in it right now
The inferral cache has 91 tilings in it right now
There are 62 tilings in the search tree
Time taken so far is 0.6057746410369873 seconds

Doing depth 3
We had 1581 inferral cache hits and 706 partitioning cache hits
The partitioning cache has 0 tilings in it right now
The inferral cache has 623 tilings in it right now
There are 404 tilings in the search tree
Time taken so far is 7.711067199707031 seconds

Doing depth 4
We had 16508 inferral cache hits and 5066 partitioning cache hits
The partitioning cache has 0 tilings in it right now
The inferral cache has 6343 tilings in it right now
There are 3003 tilings in the search tree
Time taken so far is 130.10709595680237 seconds

Now processing 0132_0213_2301_3120
Doing depth 1
We had 12 inferral cache hits and 9 partitioning cache hits
The partitioning cache has 0 tilings in it right now
The inferral cache has 14 tilings in it right now
There are 11 tilings in the search tree
Time taken so far is 0.0630180835723877 seconds

Doing depth 2
We had 159 inferral cache hits and 108 partitioning cache hits
The partitioning cache has 0 tilings in it right now
The inferral cache has 93 tilings in it right now
There are 62 tilings in the search tree
Time taken so far is 0.6131441593170166 seconds

Doing depth 3
We had 1827 inferral cache hits and 706 partitioning cache hits
The partitioning cache has 0 tilings in it right now
The inferral cache has 719 tilings in it right now
There are 448 tilings in the search tree
Time taken so far is 8.781533002853394 seconds

Doing depth 4
We had 28076 inferral cache hits and 5861 partitioning cache hits
The partitioning cache has 0 tilings in it right now
The inferral cache has 10514 tilings in it right now
There are 4697 tilings in the search tree
Time taken so far is 171.44255542755127 seconds

Now processing 0132_0231_0312_3120
Doing depth 1
We had 12 inferral cache hits and 9 partitioning cache hits
The partitioning cache has 0 tilings in it right now
The inferral cache has 14 tilings in it right now
There are 11 tilings in the search tree
Time taken so far is 0.07463312149047852 seconds

Doing depth 2
We had 159 inferral cache hits and 108 partitioning cache hits
The partitioning cache has 0 tilings in it right now
The inferral cache has 91 tilings in it right now
There are 64 tilings in the search tree
Time taken so far is 0.7153425216674805 seconds

Doing depth 3
We had 1796 inferral cache hits and 706 partitioning cache hits
The partitioning cache has 0 tilings in it right now
The inferral cache has 681 tilings in it right now
There are 448 tilings in the search tree
Time taken so far is 9.060518264770508 seconds

Doing depth 4
We had 24600 inferral cache hits and 5757 partitioning cache hits
The partitioning cache has 0 tilings in it right now
The inferral cache has 8332 tilings in it right now
There are 4214 tilings in the search tree
Time taken so far is 174.40129685401917 seconds

Now processing 0132_0231_0321_1032
Doing depth 1
We had 12 inferral cache hits and 9 partitioning cache hits
The partitioning cache has 0 tilings in it right now
The inferral cache has 12 tilings in it right now
There are 11 tilings in the search tree
Time taken so far is 0.06458592414855957 seconds

Doing depth 2
We had 160 inferral cache hits and 108 partitioning cache hits
The partitioning cache has 0 tilings in it right now
The inferral cache has 87 tilings in it right now
There are 62 tilings in the search tree
Time taken so far is 0.6355643272399902 seconds

Doing depth 3
We had 1611 inferral cache hits and 706 partitioning cache hits
The partitioning cache has 0 tilings in it right now
The inferral cache has 561 tilings in it right now
There are 411 tilings in the search tree
Time taken so far is 9.0094575881958 seconds

Doing depth 4
We had 19070 inferral cache hits and 5676 partitioning cache hits
The partitioning cache has 0 tilings in it right now
The inferral cache has 5755 tilings in it right now
There are 3500 tilings in the search tree
Time taken so far is 180.33732104301453 seconds

Now processing 0132_0231_0321_3120
Doing depth 1
We had 12 inferral cache hits and 9 partitioning cache hits
The partitioning cache has 0 tilings in it right now
The inferral cache has 14 tilings in it right now
There are 11 tilings in the search tree
Time taken so far is 0.07170796394348145 seconds

Doing depth 2
We had 159 inferral cache hits and 108 partitioning cache hits
The partitioning cache has 0 tilings in it right now
The inferral cache has 91 tilings in it right now
There are 64 tilings in the search tree
Time taken so far is 0.7158846855163574 seconds

Doing depth 3
We had 1734 inferral cache hits and 706 partitioning cache hits
The partitioning cache has 0 tilings in it right now
The inferral cache has 660 tilings in it right now
There are 438 tilings in the search tree
Time taken so far is 8.32634425163269 seconds

Doing depth 4
We had 23884 inferral cache hits and 5989 partitioning cache hits
The partitioning cache has 0 tilings in it right now
The inferral cache has 8245 tilings in it right now
There are 4144 tilings in the search tree
Time taken so far is 177.80673456192017 seconds

Now processing 0132_0231_1023_2013
Doing depth 1
We had 12 inferral cache hits and 9 partitioning cache hits
The partitioning cache has 0 tilings in it right now
The inferral cache has 14 tilings in it right now
There are 11 tilings in the search tree
Time taken so far is 0.05318284034729004 seconds

Doing depth 2
We had 159 inferral cache hits and 108 partitioning cache hits
The partitioning cache has 0 tilings in it right now
The inferral cache has 95 tilings in it right now
There are 62 tilings in the search tree
Time taken so far is 0.6126439571380615 seconds

Doing depth 3
We had 1683 inferral cache hits and 706 partitioning cache hits
The partitioning cache has 0 tilings in it right now
The inferral cache has 667 tilings in it right now
There are 422 tilings in the search tree
Time taken so far is 8.578563690185547 seconds

Doing depth 4
We had 18710 inferral cache hits and 5374 partitioning cache hits
The partitioning cache has 0 tilings in it right now
The inferral cache has 6948 tilings in it right now
There are 3416 tilings in the search tree
Time taken so far is 158.4081254005432 seconds

Now processing 0132_0231_1023_2301
Doing depth 1
We had 12 inferral cache hits and 9 partitioning cache hits
The partitioning cache has 0 tilings in it right now
The inferral cache has 14 tilings in it right now
There are 11 tilings in the search tree
Time taken so far is 0.06437087059020996 seconds

Doing depth 2
We had 159 inferral cache hits and 108 partitioning cache hits
The partitioning cache has 0 tilings in it right now
The inferral cache has 95 tilings in it right now
There are 62 tilings in the search tree
Time taken so far is 0.6723084449768066 seconds

Doing depth 3
We had 1749 inferral cache hits and 706 partitioning cache hits
The partitioning cache has 0 tilings in it right now
The inferral cache has 703 tilings in it right now
There are 434 tilings in the search tree
Time taken so far is 9.431800603866577 seconds

Doing depth 4
We had 20869 inferral cache hits and 5774 partitioning cache hits
The partitioning cache has 0 tilings in it right now
The inferral cache has 7884 tilings in it right now
There are 3721 tilings in the search tree
Time taken so far is 163.38711500167847 seconds

Now processing 0132_0231_1023_3012
Doing depth 1
We had 12 inferral cache hits and 9 partitioning cache hits
The partitioning cache has 0 tilings in it right now
The inferral cache has 14 tilings in it right now
There are 11 tilings in the search tree
Time taken so far is 0.07273674011230469 seconds

Doing depth 2
We had 159 inferral cache hits and 108 partitioning cache hits
The partitioning cache has 0 tilings in it right now
The inferral cache has 94 tilings in it right now
There are 62 tilings in the search tree
Time taken so far is 0.7446489334106445 seconds

Doing depth 3
We had 1627 inferral cache hits and 706 partitioning cache hits
The partitioning cache has 0 tilings in it right now
The inferral cache has 656 tilings in it right now
There are 412 tilings in the search tree
Time taken so far is 7.691503524780273 seconds

Doing depth 4
We had 17732 inferral cache hits and 5339 partitioning cache hits
The partitioning cache has 0 tilings in it right now
The inferral cache has 6815 tilings in it right now
There are 3223 tilings in the search tree
Time taken so far is 147.77138233184814 seconds

Now processing 0132_0231_1032_3021
Doing depth 1
We had 12 inferral cache hits and 9 partitioning cache hits
The partitioning cache has 0 tilings in it right now
The inferral cache has 13 tilings in it right now
There are 11 tilings in the search tree
Time taken so far is 0.06750178337097168 seconds

Doing depth 2
We had 159 inferral cache hits and 108 partitioning cache hits
The partitioning cache has 0 tilings in it right now
The inferral cache has 91 tilings in it right now
There are 62 tilings in the search tree
Time taken so far is 0.6843569278717041 seconds

Doing depth 3
We had 1776 inferral cache hits and 706 partitioning cache hits
The partitioning cache has 0 tilings in it right now
The inferral cache has 648 tilings in it right now
There are 437 tilings in the search tree
Time taken so far is 9.039539337158203 seconds

Doing depth 4
We had 25381 inferral cache hits and 6527 partitioning cache hits
The partitioning cache has 0 tilings in it right now
The inferral cache has 8000 tilings in it right now
There are 4443 tilings in the search tree
Time taken so far is 209.58054518699646 seconds

Now processing 0132_0231_1032_3120
Doing depth 1
We had 12 inferral cache hits and 9 partitioning cache hits
The partitioning cache has 0 tilings in it right now
The inferral cache has 14 tilings in it right now
There are 11 tilings in the search tree
Time taken so far is 0.06356596946716309 seconds

Doing depth 2
We had 159 inferral cache hits and 108 partitioning cache hits
The partitioning cache has 0 tilings in it right now
The inferral cache has 95 tilings in it right now
There are 62 tilings in the search tree
Time taken so far is 0.634990930557251 seconds

Doing depth 3
We had 1817 inferral cache hits and 706 partitioning cache hits
The partitioning cache has 0 tilings in it right now
The inferral cache has 710 tilings in it right now
There are 447 tilings in the search tree
Time taken so far is 9.790801048278809 seconds

Doing depth 4
We had 25928 inferral cache hits and 5659 partitioning cache hits
The partitioning cache has 0 tilings in it right now
The inferral cache has 8891 tilings in it right now
There are 4433 tilings in the search tree
Time taken so far is 185.44146299362183 seconds

Now processing 0132_0231_1203_1230
Doing depth 1
We had 12 inferral cache hits and 9 partitioning cache hits
The partitioning cache has 0 tilings in it right now
The inferral cache has 14 tilings in it right now
There are 11 tilings in the search tree
Time taken so far is 0.06721329689025879 seconds

Doing depth 2
We had 159 inferral cache hits and 108 partitioning cache hits
The partitioning cache has 0 tilings in it right now
The inferral cache has 94 tilings in it right now
There are 62 tilings in the search tree
Time taken so far is 0.6223936080932617 seconds

Doing depth 3
We had 1705 inferral cache hits and 706 partitioning cache hits
The partitioning cache has 0 tilings in it right now
The inferral cache has 651 tilings in it right now
There are 433 tilings in the search tree
Time taken so far is 8.812262296676636 seconds

Doing depth 4
We had 21711 inferral cache hits and 5868 partitioning cache hits
The partitioning cache has 0 tilings in it right now
The inferral cache has 7285 tilings in it right now
There are 3980 tilings in the search tree
Time taken so far is 166.15775537490845 seconds

Now processing 0132_0231_1203_2301
Doing depth 1
We had 12 inferral cache hits and 9 partitioning cache hits
The partitioning cache has 0 tilings in it right now
The inferral cache has 14 tilings in it right now
There are 11 tilings in the search tree
Time taken so far is 0.07355022430419922 seconds

Doing depth 2
We had 159 inferral cache hits and 108 partitioning cache hits
The partitioning cache has 0 tilings in it right now
The inferral cache has 99 tilings in it right now
There are 62 tilings in the search tree
Time taken so far is 0.7238759994506836 seconds

Doing depth 3
We had 1880 inferral cache hits and 706 partitioning cache hits
The partitioning cache has 0 tilings in it right now
The inferral cache has 723 tilings in it right now
There are 458 tilings in the search tree
Time taken so far is 9.64618182182312 seconds

Doing depth 4
We had 27853 inferral cache hits and 6801 partitioning cache hits
The partitioning cache has 0 tilings in it right now
The inferral cache has 9388 tilings in it right now
There are 4806 tilings in the search tree
Time taken so far is 205.9661386013031 seconds

Now processing 0132_0231_1203_3012
Doing depth 1
We had 12 inferral cache hits and 9 partitioning cache hits
The partitioning cache has 0 tilings in it right now
The inferral cache has 14 tilings in it right now
There are 11 tilings in the search tree
Time taken so far is 0.06387519836425781 seconds

Doing depth 2
We had 159 inferral cache hits and 108 partitioning cache hits
The partitioning cache has 0 tilings in it right now
The inferral cache has 96 tilings in it right now
There are 62 tilings in the search tree
Time taken so far is 0.8865158557891846 seconds

Doing depth 3
We had 1761 inferral cache hits and 706 partitioning cache hits
The partitioning cache has 0 tilings in it right now
The inferral cache has 686 tilings in it right now
There are 436 tilings in the search tree
Time taken so far is 8.635576009750366 seconds

Doing depth 4
We had 25375 inferral cache hits and 6475 partitioning cache hits
The partitioning cache has 0 tilings in it right now
The inferral cache has 8961 tilings in it right now
There are 4460 tilings in the search tree
Time taken so far is 190.0138382911682 seconds

Now processing 0132_0231_1302_3012
Doing depth 1
We had 12 inferral cache hits and 9 partitioning cache hits
The partitioning cache has 0 tilings in it right now
The inferral cache has 13 tilings in it right now
There are 11 tilings in the search tree
Time taken so far is 0.052611589431762695 seconds

Doing depth 2
We had 159 inferral cache hits and 108 partitioning cache hits
The partitioning cache has 0 tilings in it right now
The inferral cache has 97 tilings in it right now
There are 62 tilings in the search tree
Time taken so far is 0.5978796482086182 seconds

Doing depth 3
We had 2043 inferral cache hits and 706 partitioning cache hits
The partitioning cache has 0 tilings in it right now
The inferral cache has 781 tilings in it right now
There are 488 tilings in the search tree
Time taken so far is 9.528972625732422 seconds

Doing depth 4
We had 30718 inferral cache hits and 7102 partitioning cache hits
The partitioning cache has 0 tilings in it right now
The inferral cache has 10607 tilings in it right now
There are 5192 tilings in the search tree
Time taken so far is 226.38388085365295 seconds

Now processing 0132_0231_1320_3021
Doing depth 1
We had 12 inferral cache hits and 9 partitioning cache hits
The partitioning cache has 0 tilings in it right now
The inferral cache has 14 tilings in it right now
There are 11 tilings in the search tree
Time taken so far is 0.06975150108337402 seconds

Doing depth 2
We had 159 inferral cache hits and 108 partitioning cache hits
The partitioning cache has 0 tilings in it right now
The inferral cache has 94 tilings in it right now
There are 62 tilings in the search tree
Time taken so far is 0.606278657913208 seconds

Doing depth 3
We had 1862 inferral cache hits and 706 partitioning cache hits
The partitioning cache has 0 tilings in it right now
The inferral cache has 696 tilings in it right now
There are 454 tilings in the search tree
Time taken so far is 8.255285739898682 seconds

Doing depth 4
We had 27097 inferral cache hits and 6227 partitioning cache hits
The partitioning cache has 0 tilings in it right now
The inferral cache has 8992 tilings in it right now
There are 4584 tilings in the search tree
Time taken so far is 190.74864196777344 seconds

Now processing 0132_0231_2013_3012
Doing depth 1
We had 12 inferral cache hits and 9 partitioning cache hits
The partitioning cache has 0 tilings in it right now
The inferral cache has 14 tilings in it right now
There are 11 tilings in the search tree
Time taken so far is 0.06790709495544434 seconds

Doing depth 2
We had 159 inferral cache hits and 108 partitioning cache hits
The partitioning cache has 0 tilings in it right now
The inferral cache has 94 tilings in it right now
There are 62 tilings in the search tree
Time taken so far is 0.6268458366394043 seconds

Doing depth 3
We had 1717 inferral cache hits and 706 partitioning cache hits
The partitioning cache has 0 tilings in it right now
The inferral cache has 670 tilings in it right now
There are 428 tilings in the search tree
Time taken so far is 7.718454599380493 seconds

Doing depth 4
We had 24090 inferral cache hits and 6330 partitioning cache hits
The partitioning cache has 0 tilings in it right now
The inferral cache has 8391 tilings in it right now
There are 4265 tilings in the search tree
Time taken so far is 183.17134165763855 seconds

Now processing 0132_0231_3021_3120
Doing depth 1
We had 12 inferral cache hits and 9 partitioning cache hits
The partitioning cache has 0 tilings in it right now
The inferral cache has 14 tilings in it right now
There are 11 tilings in the search tree
Time taken so far is 0.06612706184387207 seconds

Doing depth 2
We had 159 inferral cache hits and 108 partitioning cache hits
The partitioning cache has 0 tilings in it right now
The inferral cache has 91 tilings in it right now
There are 63 tilings in the search tree
Time taken so far is 0.6752595901489258 seconds

Doing depth 3
We had 1807 inferral cache hits and 706 partitioning cache hits
The partitioning cache has 0 tilings in it right now
The inferral cache has 673 tilings in it right now
There are 447 tilings in the search tree
Time taken so far is 8.97531771659851 seconds

Doing depth 4
We had 26208 inferral cache hits and 6229 partitioning cache hits
The partitioning cache has 0 tilings in it right now
The inferral cache has 8611 tilings in it right now
There are 4516 tilings in the search tree
Time taken so far is 189.1326653957367 seconds

Now processing 0132_0321_1032_3120
Doing depth 1
We had 12 inferral cache hits and 9 partitioning cache hits
The partitioning cache has 0 tilings in it right now
The inferral cache has 14 tilings in it right now
There are 11 tilings in the search tree
Time taken so far is 0.07323288917541504 seconds

Doing depth 2
We had 159 inferral cache hits and 108 partitioning cache hits
The partitioning cache has 0 tilings in it right now
The inferral cache has 95 tilings in it right now
There are 62 tilings in the search tree
Time taken so far is 0.70981764793396 seconds

Doing depth 3
We had 1727 inferral cache hits and 706 partitioning cache hits
The partitioning cache has 0 tilings in it right now
The inferral cache has 686 tilings in it right now
There are 431 tilings in the search tree
Time taken so far is 8.886697769165039 seconds

Doing depth 4
We had 23409 inferral cache hits and 5711 partitioning cache hits
The partitioning cache has 0 tilings in it right now
The inferral cache has 8340 tilings in it right now
There are 4066 tilings in the search tree
Time taken so far is 175.16708517074585 seconds

Now processing 0132_0321_2301_3120
Doing depth 1
We had 12 inferral cache hits and 9 partitioning cache hits
The partitioning cache has 0 tilings in it right now
The inferral cache has 14 tilings in it right now
There are 11 tilings in the search tree
Time taken so far is 0.06695318222045898 seconds

Doing depth 2
We had 159 inferral cache hits and 108 partitioning cache hits
The partitioning cache has 0 tilings in it right now
The inferral cache has 93 tilings in it right now
There are 62 tilings in the search tree
Time taken so far is 0.6355040073394775 seconds

Doing depth 3
We had 1749 inferral cache hits and 706 partitioning cache hits
The partitioning cache has 0 tilings in it right now
The inferral cache has 694 tilings in it right now
There are 434 tilings in the search tree
Time taken so far is 9.186558485031128 seconds

Doing depth 4
We had 23190 inferral cache hits and 5636 partitioning cache hits
The partitioning cache has 0 tilings in it right now
The inferral cache has 8611 tilings in it right now
There are 3996 tilings in the search tree
Time taken so far is 158.30599451065063 seconds

Now processing 0132_1023_1230_2301
Doing depth 1
We had 12 inferral cache hits and 9 partitioning cache hits
The partitioning cache has 0 tilings in it right now
The inferral cache has 14 tilings in it right now
There are 11 tilings in the search tree
Time taken so far is 0.07285070419311523 seconds

Doing depth 2
We had 159 inferral cache hits and 108 partitioning cache hits
The partitioning cache has 0 tilings in it right now
The inferral cache has 93 tilings in it right now
There are 62 tilings in the search tree
Time taken so far is 0.7164359092712402 seconds

Doing depth 3
We had 1658 inferral cache hits and 706 partitioning cache hits
The partitioning cache has 0 tilings in it right now
The inferral cache has 679 tilings in it right now
There are 418 tilings in the search tree
Time taken so far is 9.317650556564331 seconds

Doing depth 4
We had 19571 inferral cache hits and 5861 partitioning cache hits
The partitioning cache has 0 tilings in it right now
The inferral cache has 7508 tilings in it right now
There are 3498 tilings in the search tree
Time taken so far is 156.11953830718994 seconds

Now processing 0132_1023_1230_3012
Doing depth 1
We had 12 inferral cache hits and 9 partitioning cache hits
The partitioning cache has 0 tilings in it right now
The inferral cache has 14 tilings in it right now
There are 11 tilings in the search tree
Time taken so far is 0.07103872299194336 seconds

Doing depth 2
We had 159 inferral cache hits and 108 partitioning cache hits
The partitioning cache has 0 tilings in it right now
The inferral cache has 93 tilings in it right now
There are 62 tilings in the search tree
Time taken so far is 0.6920406818389893 seconds

Doing depth 3
We had 1570 inferral cache hits and 706 partitioning cache hits
The partitioning cache has 0 tilings in it right now
The inferral cache has 635 tilings in it right now
There are 402 tilings in the search tree
Time taken so far is 8.185086727142334 seconds

Doing depth 4
We had 16206 inferral cache hits and 5036 partitioning cache hits
The partitioning cache has 0 tilings in it right now
The inferral cache has 6253 tilings in it right now
There are 2957 tilings in the search tree
Time taken so far is 129.32699513435364 seconds

Now processing 0132_1203_1230_2013
Doing depth 1
We had 12 inferral cache hits and 9 partitioning cache hits
The partitioning cache has 0 tilings in it right now
The inferral cache has 14 tilings in it right now
There are 11 tilings in the search tree
Time taken so far is 0.06672525405883789 seconds

Doing depth 2
We had 159 inferral cache hits and 108 partitioning cache hits
The partitioning cache has 0 tilings in it right now
The inferral cache has 93 tilings in it right now
There are 62 tilings in the search tree
Time taken so far is 0.68998122215271 seconds

Doing depth 3
We had 1794 inferral cache hits and 706 partitioning cache hits
The partitioning cache has 0 tilings in it right now
The inferral cache has 692 tilings in it right now
There are 443 tilings in the search tree
Time taken so far is 7.828225374221802 seconds

Doing depth 4
We had 21940 inferral cache hits and 5956 partitioning cache hits
The partitioning cache has 0 tilings in it right now
The inferral cache has 7860 tilings in it right now
There are 3932 tilings in the search tree
Time taken so far is 168.78430032730103 seconds

Now processing 0132_1203_1230_2301
Doing depth 1
We had 12 inferral cache hits and 9 partitioning cache hits
The partitioning cache has 0 tilings in it right now
The inferral cache has 14 tilings in it right now
There are 11 tilings in the search tree
Time taken so far is 0.05735969543457031 seconds

Doing depth 2
We had 159 inferral cache hits and 108 partitioning cache hits
The partitioning cache has 0 tilings in it right now
The inferral cache has 94 tilings in it right now
There are 62 tilings in the search tree
Time taken so far is 0.655092716217041 seconds

Doing depth 3
We had 1720 inferral cache hits and 706 partitioning cache hits
The partitioning cache has 0 tilings in it right now
The inferral cache has 674 tilings in it right now
There are 428 tilings in the search tree
Time taken so far is 9.430272340774536 seconds

Doing depth 4
We had 22276 inferral cache hits and 5689 partitioning cache hits
The partitioning cache has 0 tilings in it right now
The inferral cache has 7882 tilings in it right now
There are 3878 tilings in the search tree
Time taken so far is 168.60511326789856 seconds

Now processing 0132_1203_1230_3012
Doing depth 1
We had 12 inferral cache hits and 9 partitioning cache hits
The partitioning cache has 0 tilings in it right now
The inferral cache has 14 tilings in it right now
There are 11 tilings in the search tree
Time taken so far is 0.062131643295288086 seconds

Doing depth 2
We had 159 inferral cache hits and 108 partitioning cache hits
The partitioning cache has 0 tilings in it right now
The inferral cache has 93 tilings in it right now
There are 62 tilings in the search tree
Time taken so far is 0.6006300449371338 seconds

Doing depth 3
We had 1660 inferral cache hits and 706 partitioning cache hits
The partitioning cache has 0 tilings in it right now
The inferral cache has 656 tilings in it right now
There are 418 tilings in the search tree
Time taken so far is 8.108403444290161 seconds

Doing depth 4
We had 19855 inferral cache hits and 5411 partitioning cache hits
The partitioning cache has 0 tilings in it right now
The inferral cache has 7414 tilings in it right now
There are 3529 tilings in the search tree
Time taken so far is 150.94293451309204 seconds

Now processing 0132_1203_2301_3012
Doing depth 1
We had 12 inferral cache hits and 9 partitioning cache hits
The partitioning cache has 0 tilings in it right now
The inferral cache has 14 tilings in it right now
There are 11 tilings in the search tree
Time taken so far is 0.06601667404174805 seconds

Doing depth 2
We had 159 inferral cache hits and 108 partitioning cache hits
The partitioning cache has 0 tilings in it right now
The inferral cache has 96 tilings in it right now
There are 62 tilings in the search tree
Time taken so far is 0.6716632843017578 seconds

Doing depth 3
We had 1794 inferral cache hits and 706 partitioning cache hits
The partitioning cache has 0 tilings in it right now
The inferral cache has 705 tilings in it right now
There are 442 tilings in the search tree
Time taken so far is 8.82410979270935 seconds

Doing depth 4
We had 22934 inferral cache hits and 5924 partitioning cache hits
The partitioning cache has 0 tilings in it right now
The inferral cache has 8451 tilings in it right now
There are 4032 tilings in the search tree
Time taken so far is 172.1366879940033 seconds

Now processing 0132_1230_2301_3012
Doing depth 1
We had 12 inferral cache hits and 9 partitioning cache hits
The partitioning cache has 0 tilings in it right now
The inferral cache has 14 tilings in it right now
There are 11 tilings in the search tree
Time taken so far is 0.06291604042053223 seconds

Doing depth 2
We had 160 inferral cache hits and 108 partitioning cache hits
The partitioning cache has 0 tilings in it right now
The inferral cache has 94 tilings in it right now
There are 62 tilings in the search tree
Time taken so far is 0.6085374355316162 seconds

Doing depth 3
We had 1658 inferral cache hits and 706 partitioning cache hits
The partitioning cache has 0 tilings in it right now
The inferral cache has 649 tilings in it right now
There are 418 tilings in the search tree
Time taken so far is 8.590243577957153 seconds

Doing depth 4
We had 18964 inferral cache hits and 5824 partitioning cache hits
The partitioning cache has 0 tilings in it right now
The inferral cache has 6723 tilings in it right now
There are 3385 tilings in the search tree
Time taken so far is 154.84601879119873 seconds

Now processing 0132_1302_1320_2301
Doing depth 1
We had 12 inferral cache hits and 9 partitioning cache hits
The partitioning cache has 0 tilings in it right now
The inferral cache has 13 tilings in it right now
There are 11 tilings in the search tree
Time taken so far is 0.052620887756347656 seconds

Doing depth 2
We had 159 inferral cache hits and 108 partitioning cache hits
The partitioning cache has 0 tilings in it right now
The inferral cache has 95 tilings in it right now
There are 62 tilings in the search tree
Time taken so far is 0.4963967800140381 seconds

Doing depth 3
We had 2033 inferral cache hits and 706 partitioning cache hits
The partitioning cache has 0 tilings in it right now
The inferral cache has 768 tilings in it right now
There are 485 tilings in the search tree
Time taken so far is 8.278913259506226 seconds

Doing depth 4
We had 26591 inferral cache hits and 6482 partitioning cache hits
The partitioning cache has 0 tilings in it right now
The inferral cache has 9276 tilings in it right now
There are 4613 tilings in the search tree
Time taken so far is 176.95767164230347 seconds

