/users/home/henningu/ATRAP/non-regular-insertion-encodable-bases/logs_length4
Now processing 0123_0132_0213_1023
Doing depth 1
We had 0 inferral cache hits and 9 partitioning cache hits
The partitioning cache has 0 tilings in it right now
The inferral cache has 14 tilings in it right now
There are 11 tilings in the search tree
Time taken so far is 0.04002118110656738 seconds

Doing depth 2
We had 9 inferral cache hits and 108 partitioning cache hits
The partitioning cache has 0 tilings in it right now
The inferral cache has 121 tilings in it right now
There are 78 tilings in the search tree
Time taken so far is 0.6973702907562256 seconds

Doing depth 3
We had 122 inferral cache hits and 914 partitioning cache hits
The partitioning cache has 0 tilings in it right now
The inferral cache has 1527 tilings in it right now
There are 823 tilings in the search tree
Time taken so far is 15.684101343154907 seconds

Doing depth 4
We had 2817 inferral cache hits and 12124 partitioning cache hits
The partitioning cache has 0 tilings in it right now
The inferral cache has 29588 tilings in it right now
There are 13079 tilings in the search tree
Time taken so far is 589.474306344986 seconds

Now processing 0123_0132_0213_1230
Doing depth 1
We had 0 inferral cache hits and 9 partitioning cache hits
The partitioning cache has 0 tilings in it right now
The inferral cache has 14 tilings in it right now
There are 11 tilings in the search tree
Time taken so far is 0.05983328819274902 seconds

Doing depth 2
We had 9 inferral cache hits and 108 partitioning cache hits
The partitioning cache has 0 tilings in it right now
The inferral cache has 121 tilings in it right now
There are 79 tilings in the search tree
Time taken so far is 0.6719655990600586 seconds

Doing depth 3
We had 126 inferral cache hits and 914 partitioning cache hits
The partitioning cache has 0 tilings in it right now
The inferral cache has 1528 tilings in it right now
There are 828 tilings in the search tree
Time taken so far is 15.828323364257812 seconds

Doing depth 4
We had 2979 inferral cache hits and 12088 partitioning cache hits
The partitioning cache has 0 tilings in it right now
The inferral cache has 28778 tilings in it right now
There are 12698 tilings in the search tree
Time taken so far is 536.6499075889587 seconds

Now processing 0123_0132_0213_2301
Doing depth 1
We had 0 inferral cache hits and 9 partitioning cache hits
The partitioning cache has 0 tilings in it right now
The inferral cache has 14 tilings in it right now
There are 11 tilings in the search tree
Time taken so far is 0.060706377029418945 seconds

Doing depth 2
We had 9 inferral cache hits and 108 partitioning cache hits
The partitioning cache has 0 tilings in it right now
The inferral cache has 127 tilings in it right now
There are 78 tilings in the search tree
Time taken so far is 0.6681897640228271 seconds

Doing depth 3
We had 120 inferral cache hits and 914 partitioning cache hits
The partitioning cache has 0 tilings in it right now
The inferral cache has 1675 tilings in it right now
There are 842 tilings in the search tree
Time taken so far is 15.639671802520752 seconds

Doing depth 4
We had 2920 inferral cache hits and 12294 partitioning cache hits
The partitioning cache has 0 tilings in it right now
The inferral cache has 27440 tilings in it right now
There are 11821 tilings in the search tree
Time taken so far is 458.0456693172455 seconds

Now processing 0123_0132_0231_1203
Doing depth 1
We had 0 inferral cache hits and 9 partitioning cache hits
The partitioning cache has 0 tilings in it right now
The inferral cache has 14 tilings in it right now
There are 11 tilings in the search tree
Time taken so far is 0.060701847076416016 seconds

Doing depth 2
We had 9 inferral cache hits and 108 partitioning cache hits
The partitioning cache has 0 tilings in it right now
The inferral cache has 134 tilings in it right now
There are 78 tilings in the search tree
Time taken so far is 0.685218095779419 seconds

Doing depth 3
We had 129 inferral cache hits and 914 partitioning cache hits
The partitioning cache has 0 tilings in it right now
The inferral cache has 1638 tilings in it right now
There are 862 tilings in the search tree
Time taken so far is 16.249054670333862 seconds

Doing depth 4
We had 3673 inferral cache hits and 12377 partitioning cache hits
The partitioning cache has 0 tilings in it right now
The inferral cache has 28985 tilings in it right now
There are 13429 tilings in the search tree
Time taken so far is 537.7025816440582 seconds

Now processing 0123_0132_0231_2301
Doing depth 1
We had 0 inferral cache hits and 9 partitioning cache hits
The partitioning cache has 0 tilings in it right now
The inferral cache has 14 tilings in it right now
There are 11 tilings in the search tree
Time taken so far is 0.061559200286865234 seconds

Doing depth 2
We had 9 inferral cache hits and 108 partitioning cache hits
The partitioning cache has 0 tilings in it right now
The inferral cache has 129 tilings in it right now
There are 78 tilings in the search tree
Time taken so far is 0.6658933162689209 seconds

Doing depth 3
We had 116 inferral cache hits and 914 partitioning cache hits
The partitioning cache has 0 tilings in it right now
The inferral cache has 1630 tilings in it right now
There are 845 tilings in the search tree
Time taken so far is 15.289041996002197 seconds

Doing depth 4
We had 533 inferral cache hits and 4729 partitioning cache hits
The partitioning cache has 148 tilings in it right now
The inferral cache has 4012 tilings in it right now
There are 2172 tilings in the search tree
Time taken so far is 98.42649054527283 seconds

Now processing 0123_0132_1023_1230
Doing depth 1
We had 0 inferral cache hits and 9 partitioning cache hits
The partitioning cache has 0 tilings in it right now
The inferral cache has 14 tilings in it right now
There are 11 tilings in the search tree
Time taken so far is 0.06011247634887695 seconds

Doing depth 2
We had 9 inferral cache hits and 108 partitioning cache hits
The partitioning cache has 0 tilings in it right now
The inferral cache has 119 tilings in it right now
There are 78 tilings in the search tree
Time taken so far is 0.6575300693511963 seconds

Doing depth 3
We had 134 inferral cache hits and 914 partitioning cache hits
The partitioning cache has 0 tilings in it right now
The inferral cache has 1497 tilings in it right now
There are 812 tilings in the search tree
Time taken so far is 14.761544227600098 seconds

Doing depth 4
We had 3256 inferral cache hits and 11910 partitioning cache hits
The partitioning cache has 0 tilings in it right now
The inferral cache has 26725 tilings in it right now
There are 11914 tilings in the search tree
Time taken so far is 493.55228424072266 seconds

Now processing 0123_0132_1023_2301
Doing depth 1
We had 0 inferral cache hits and 9 partitioning cache hits
The partitioning cache has 0 tilings in it right now
The inferral cache has 14 tilings in it right now
There are 11 tilings in the search tree
Time taken so far is 0.03865313529968262 seconds

Doing depth 2
We had 9 inferral cache hits and 108 partitioning cache hits
The partitioning cache has 0 tilings in it right now
The inferral cache has 125 tilings in it right now
There are 78 tilings in the search tree
Time taken so far is 0.7045385837554932 seconds

Doing depth 3
We had 121 inferral cache hits and 914 partitioning cache hits
The partitioning cache has 0 tilings in it right now
The inferral cache has 1643 tilings in it right now
There are 822 tilings in the search tree
Time taken so far is 15.144447803497314 seconds

Doing depth 4
We had 2845 inferral cache hits and 11606 partitioning cache hits
The partitioning cache has 0 tilings in it right now
The inferral cache has 23711 tilings in it right now
There are 10285 tilings in the search tree
Time taken so far is 400.3819463253021 seconds

Now processing 0123_0132_1203_1230
Doing depth 1
We had 0 inferral cache hits and 9 partitioning cache hits
The partitioning cache has 0 tilings in it right now
The inferral cache has 14 tilings in it right now
There are 11 tilings in the search tree
Time taken so far is 0.043380022048950195 seconds

Doing depth 2
We had 9 inferral cache hits and 108 partitioning cache hits
The partitioning cache has 0 tilings in it right now
The inferral cache has 127 tilings in it right now
There are 78 tilings in the search tree
Time taken so far is 0.7396271228790283 seconds

Doing depth 3
We had 134 inferral cache hits and 914 partitioning cache hits
The partitioning cache has 0 tilings in it right now
The inferral cache has 1538 tilings in it right now
There are 833 tilings in the search tree
Time taken so far is 15.514844417572021 seconds

Doing depth 4
We had 3521 inferral cache hits and 12013 partitioning cache hits
The partitioning cache has 0 tilings in it right now
The inferral cache has 26334 tilings in it right now
There are 12568 tilings in the search tree
Time taken so far is 496.01912331581116 seconds

Now processing 0123_0132_1203_2013
Doing depth 1
We had 0 inferral cache hits and 9 partitioning cache hits
The partitioning cache has 0 tilings in it right now
The inferral cache has 14 tilings in it right now
There are 11 tilings in the search tree
Time taken so far is 0.03939557075500488 seconds

Doing depth 2
We had 9 inferral cache hits and 108 partitioning cache hits
The partitioning cache has 0 tilings in it right now
The inferral cache has 133 tilings in it right now
There are 78 tilings in the search tree
Time taken so far is 0.7425031661987305 seconds

Doing depth 3
We had 136 inferral cache hits and 914 partitioning cache hits
The partitioning cache has 0 tilings in it right now
The inferral cache has 1637 tilings in it right now
There are 880 tilings in the search tree
Time taken so far is 16.319175004959106 seconds

Doing depth 4
We had 4236 inferral cache hits and 12295 partitioning cache hits
The partitioning cache has 0 tilings in it right now
The inferral cache has 30507 tilings in it right now
There are 14339 tilings in the search tree
Time taken so far is 592.79190325737 seconds

Now processing 0123_0132_1203_3012
Doing depth 1
We had 0 inferral cache hits and 9 partitioning cache hits
The partitioning cache has 0 tilings in it right now
The inferral cache has 14 tilings in it right now
There are 11 tilings in the search tree
Time taken so far is 0.0619044303894043 seconds

Doing depth 2
We had 9 inferral cache hits and 108 partitioning cache hits
The partitioning cache has 0 tilings in it right now
The inferral cache has 127 tilings in it right now
There are 78 tilings in the search tree
Time taken so far is 0.76007080078125 seconds

Doing depth 3
We had 129 inferral cache hits and 914 partitioning cache hits
The partitioning cache has 0 tilings in it right now
The inferral cache has 1612 tilings in it right now
There are 846 tilings in the search tree
Time taken so far is 15.923516273498535 seconds

Doing depth 4
We had 3447 inferral cache hits and 12207 partitioning cache hits
The partitioning cache has 0 tilings in it right now
The inferral cache has 27822 tilings in it right now
There are 12737 tilings in the search tree
Time taken so far is 508.5258677005768 seconds

Now processing 0123_0132_1230_2301
Doing depth 1
We had 0 inferral cache hits and 9 partitioning cache hits
The partitioning cache has 0 tilings in it right now
The inferral cache has 14 tilings in it right now
There are 11 tilings in the search tree
Time taken so far is 0.03798985481262207 seconds

Doing depth 2
We had 9 inferral cache hits and 108 partitioning cache hits
The partitioning cache has 0 tilings in it right now
The inferral cache has 124 tilings in it right now
There are 78 tilings in the search tree
Time taken so far is 0.6831150054931641 seconds

Doing depth 3
We had 120 inferral cache hits and 914 partitioning cache hits
The partitioning cache has 0 tilings in it right now
The inferral cache has 1594 tilings in it right now
There are 831 tilings in the search tree
Time taken so far is 14.86229681968689 seconds

Doing depth 4
We had 3200 inferral cache hits and 12190 partitioning cache hits
The partitioning cache has 0 tilings in it right now
The inferral cache has 24900 tilings in it right now
There are 11542 tilings in the search tree
Time taken so far is 441.8037521839142 seconds

Now processing 0123_0132_1230_3012
Doing depth 1
We had 0 inferral cache hits and 9 partitioning cache hits
The partitioning cache has 0 tilings in it right now
The inferral cache has 14 tilings in it right now
There are 11 tilings in the search tree
Time taken so far is 0.05618596076965332 seconds

Doing depth 2
We had 10 inferral cache hits and 108 partitioning cache hits
The partitioning cache has 0 tilings in it right now
The inferral cache has 120 tilings in it right now
There are 78 tilings in the search tree
Time taken so far is 0.7139120101928711 seconds

Doing depth 3
We had 122 inferral cache hits and 914 partitioning cache hits
The partitioning cache has 0 tilings in it right now
The inferral cache has 1493 tilings in it right now
There are 812 tilings in the search tree
Time taken so far is 14.862704277038574 seconds

Doing depth 4
We had 3077 inferral cache hits and 11966 partitioning cache hits
The partitioning cache has 0 tilings in it right now
The inferral cache has 25627 tilings in it right now
There are 11910 tilings in the search tree
Time taken so far is 470.93138909339905 seconds

Now processing 0123_0213_0231_0312
Doing depth 1
We had 0 inferral cache hits and 9 partitioning cache hits
The partitioning cache has 0 tilings in it right now
The inferral cache has 14 tilings in it right now
There are 11 tilings in the search tree
Time taken so far is 0.04434967041015625 seconds

Doing depth 2
We had 9 inferral cache hits and 108 partitioning cache hits
The partitioning cache has 0 tilings in it right now
The inferral cache has 131 tilings in it right now
There are 80 tilings in the search tree
Time taken so far is 0.7527625560760498 seconds

Doing depth 3
We had 127 inferral cache hits and 914 partitioning cache hits
The partitioning cache has 0 tilings in it right now
The inferral cache has 1661 tilings in it right now
There are 892 tilings in the search tree
Time taken so far is 17.115349531173706 seconds

Doing depth 4
We had 4062 inferral cache hits and 12899 partitioning cache hits
The partitioning cache has 0 tilings in it right now
The inferral cache has 32675 tilings in it right now
There are 15162 tilings in the search tree
Time taken so far is 619.8128826618195 seconds

Now processing 0123_0213_0231_1230
Doing depth 1
We had 0 inferral cache hits and 9 partitioning cache hits
The partitioning cache has 0 tilings in it right now
The inferral cache has 14 tilings in it right now
There are 11 tilings in the search tree
Time taken so far is 0.04127025604248047 seconds

Doing depth 2
We had 9 inferral cache hits and 108 partitioning cache hits
The partitioning cache has 0 tilings in it right now
The inferral cache has 126 tilings in it right now
There are 79 tilings in the search tree
Time taken so far is 0.7151603698730469 seconds

Doing depth 3
We had 130 inferral cache hits and 914 partitioning cache hits
The partitioning cache has 0 tilings in it right now
The inferral cache has 1577 tilings in it right now
There are 846 tilings in the search tree
Time taken so far is 15.765272617340088 seconds

Doing depth 4
We had 3563 inferral cache hits and 12268 partitioning cache hits
The partitioning cache has 0 tilings in it right now
The inferral cache has 28586 tilings in it right now
There are 13363 tilings in the search tree
Time taken so far is 531.4478025436401 seconds

Now processing 0123_0213_0231_2013
Doing depth 1
We had 0 inferral cache hits and 9 partitioning cache hits
The partitioning cache has 0 tilings in it right now
The inferral cache has 14 tilings in it right now
There are 11 tilings in the search tree
Time taken so far is 0.06426191329956055 seconds

Doing depth 2
We had 9 inferral cache hits and 108 partitioning cache hits
The partitioning cache has 0 tilings in it right now
The inferral cache has 135 tilings in it right now
There are 78 tilings in the search tree
Time taken so far is 0.7943263053894043 seconds

Doing depth 3
We had 124 inferral cache hits and 914 partitioning cache hits
The partitioning cache has 0 tilings in it right now
The inferral cache has 1719 tilings in it right now
There are 897 tilings in the search tree
Time taken so far is 17.08981680870056 seconds

Doing depth 4
We had 3768 inferral cache hits and 12715 partitioning cache hits
The partitioning cache has 0 tilings in it right now
The inferral cache has 32631 tilings in it right now
There are 15035 tilings in the search tree
Time taken so far is 594.4650712013245 seconds

Now processing 0123_0213_0231_2301
Doing depth 1
We had 0 inferral cache hits and 9 partitioning cache hits
The partitioning cache has 0 tilings in it right now
The inferral cache has 14 tilings in it right now
There are 11 tilings in the search tree
Time taken so far is 0.03943347930908203 seconds

Doing depth 2
We had 9 inferral cache hits and 108 partitioning cache hits
The partitioning cache has 0 tilings in it right now
The inferral cache has 129 tilings in it right now
There are 78 tilings in the search tree
Time taken so far is 0.7213242053985596 seconds

Doing depth 3
We had 119 inferral cache hits and 914 partitioning cache hits
The partitioning cache has 0 tilings in it right now
The inferral cache has 1665 tilings in it right now
There are 869 tilings in the search tree
Time taken so far is 16.205732583999634 seconds

Doing depth 4
We had 3589 inferral cache hits and 12510 partitioning cache hits
The partitioning cache has 0 tilings in it right now
The inferral cache has 27679 tilings in it right now
There are 12705 tilings in the search tree
Time taken so far is 478.8911371231079 seconds

Now processing 0123_0213_0231_3012
Doing depth 1
We had 0 inferral cache hits and 9 partitioning cache hits
The partitioning cache has 0 tilings in it right now
The inferral cache has 14 tilings in it right now
There are 11 tilings in the search tree
Time taken so far is 0.04183673858642578 seconds

Doing depth 2
We had 9 inferral cache hits and 108 partitioning cache hits
The partitioning cache has 0 tilings in it right now
The inferral cache has 126 tilings in it right now
There are 79 tilings in the search tree
Time taken so far is 0.7332155704498291 seconds

Doing depth 3
We had 132 inferral cache hits and 914 partitioning cache hits
The partitioning cache has 0 tilings in it right now
The inferral cache has 1635 tilings in it right now
There are 854 tilings in the search tree
Time taken so far is 16.174874782562256 seconds

Doing depth 4
We had 3669 inferral cache hits and 12467 partitioning cache hits
The partitioning cache has 0 tilings in it right now
The inferral cache has 29355 tilings in it right now
There are 13184 tilings in the search tree
Time taken so far is 531.3391733169556 seconds

Now processing 0123_0213_1230_2301
Doing depth 1
We had 0 inferral cache hits and 9 partitioning cache hits
The partitioning cache has 0 tilings in it right now
The inferral cache has 14 tilings in it right now
There are 11 tilings in the search tree
Time taken so far is 0.03842043876647949 seconds

Doing depth 2
We had 9 inferral cache hits and 108 partitioning cache hits
The partitioning cache has 0 tilings in it right now
The inferral cache has 121 tilings in it right now
There are 78 tilings in the search tree
Time taken so far is 1.4315295219421387 seconds

Doing depth 3
We had 130 inferral cache hits and 914 partitioning cache hits
The partitioning cache has 0 tilings in it right now
The inferral cache has 1612 tilings in it right now
There are 836 tilings in the search tree
Time taken so far is 15.534362316131592 seconds

Doing depth 4
We had 3432 inferral cache hits and 12024 partitioning cache hits
The partitioning cache has 0 tilings in it right now
The inferral cache has 27020 tilings in it right now
There are 11734 tilings in the search tree
Time taken so far is 479.0998351573944 seconds

Now processing 0123_0213_1230_3012
Doing depth 1
We had 0 inferral cache hits and 9 partitioning cache hits
The partitioning cache has 0 tilings in it right now
The inferral cache has 14 tilings in it right now
There are 11 tilings in the search tree
Time taken so far is 0.03909873962402344 seconds

Doing depth 2
We had 9 inferral cache hits and 108 partitioning cache hits
The partitioning cache has 0 tilings in it right now
The inferral cache has 117 tilings in it right now
There are 78 tilings in the search tree
Time taken so far is 0.702307939529419 seconds

Doing depth 3
We had 138 inferral cache hits and 914 partitioning cache hits
The partitioning cache has 0 tilings in it right now
The inferral cache has 1509 tilings in it right now
There are 812 tilings in the search tree
Time taken so far is 15.192659616470337 seconds

Doing depth 4
We had 3522 inferral cache hits and 11966 partitioning cache hits
The partitioning cache has 0 tilings in it right now
The inferral cache has 27459 tilings in it right now
There are 11812 tilings in the search tree
Time taken so far is 490.9068605899811 seconds

Now processing 0123_0231_1203_1230
Doing depth 1
We had 0 inferral cache hits and 9 partitioning cache hits
The partitioning cache has 0 tilings in it right now
The inferral cache has 14 tilings in it right now
There are 11 tilings in the search tree
Time taken so far is 0.03925824165344238 seconds

Doing depth 2
We had 9 inferral cache hits and 108 partitioning cache hits
The partitioning cache has 0 tilings in it right now
The inferral cache has 129 tilings in it right now
There are 78 tilings in the search tree
Time taken so far is 0.714285135269165 seconds

Doing depth 3
We had 133 inferral cache hits and 914 partitioning cache hits
The partitioning cache has 0 tilings in it right now
The inferral cache has 1576 tilings in it right now
There are 847 tilings in the search tree
Time taken so far is 15.623929023742676 seconds

Doing depth 4
We had 3677 inferral cache hits and 12007 partitioning cache hits
The partitioning cache has 0 tilings in it right now
The inferral cache has 26195 tilings in it right now
There are 12736 tilings in the search tree
Time taken so far is 505.8877990245819 seconds

Now processing 0123_0231_1230_2013
Doing depth 1
We had 0 inferral cache hits and 9 partitioning cache hits
The partitioning cache has 0 tilings in it right now
The inferral cache has 14 tilings in it right now
There are 11 tilings in the search tree
Time taken so far is 0.03833889961242676 seconds

Doing depth 2
We had 9 inferral cache hits and 108 partitioning cache hits
The partitioning cache has 0 tilings in it right now
The inferral cache has 131 tilings in it right now
There are 78 tilings in the search tree
Time taken so far is 0.7014205455780029 seconds

Doing depth 3
We had 136 inferral cache hits and 914 partitioning cache hits
The partitioning cache has 0 tilings in it right now
The inferral cache has 1622 tilings in it right now
There are 861 tilings in the search tree
Time taken so far is 14.947952508926392 seconds

Doing depth 4
We had 3777 inferral cache hits and 12190 partitioning cache hits
The partitioning cache has 0 tilings in it right now
The inferral cache has 26901 tilings in it right now
There are 12774 tilings in the search tree
Time taken so far is 496.95514392852783 seconds

Now processing 0123_0231_1230_2301
Doing depth 1
We had 0 inferral cache hits and 9 partitioning cache hits
The partitioning cache has 0 tilings in it right now
The inferral cache has 14 tilings in it right now
There are 11 tilings in the search tree
Time taken so far is 0.03855180740356445 seconds

Doing depth 2
We had 9 inferral cache hits and 108 partitioning cache hits
The partitioning cache has 0 tilings in it right now
The inferral cache has 126 tilings in it right now
There are 78 tilings in the search tree
Time taken so far is 1.5438168048858643 seconds

Doing depth 3
We had 129 inferral cache hits and 914 partitioning cache hits
The partitioning cache has 0 tilings in it right now
The inferral cache has 1581 tilings in it right now
There are 839 tilings in the search tree
Time taken so far is 17.082950830459595 seconds

Doing depth 4
We had 3614 inferral cache hits and 12190 partitioning cache hits
The partitioning cache has 0 tilings in it right now
The inferral cache has 25495 tilings in it right now
There are 12163 tilings in the search tree
Time taken so far is 511.77309370040894 seconds

Now processing 0123_1230_2301_3012
Doing depth 1
We had 0 inferral cache hits and 9 partitioning cache hits
The partitioning cache has 0 tilings in it right now
The inferral cache has 14 tilings in it right now
There are 11 tilings in the search tree
Time taken so far is 0.038524627685546875 seconds

Doing depth 2
We had 13 inferral cache hits and 108 partitioning cache hits
The partitioning cache has 0 tilings in it right now
The inferral cache has 117 tilings in it right now
There are 78 tilings in the search tree
Time taken so far is 0.6825683116912842 seconds

Doing depth 3
We had 124 inferral cache hits and 914 partitioning cache hits
The partitioning cache has 0 tilings in it right now
The inferral cache has 1519 tilings in it right now
There are 816 tilings in the search tree
Time taken so far is 15.898036241531372 seconds

Doing depth 4
We had 3426 inferral cache hits and 11996 partitioning cache hits
The partitioning cache has 0 tilings in it right now
The inferral cache has 24892 tilings in it right now
There are 11765 tilings in the search tree
Time taken so far is 537.5879561901093 seconds

Now processing 0132_0213_0231_2301
Doing depth 1
We had 0 inferral cache hits and 9 partitioning cache hits
The partitioning cache has 0 tilings in it right now
The inferral cache has 14 tilings in it right now
There are 11 tilings in the search tree
Time taken so far is 0.045287370681762695 seconds

Doing depth 2
We had 9 inferral cache hits and 108 partitioning cache hits
The partitioning cache has 0 tilings in it right now
The inferral cache has 128 tilings in it right now
There are 78 tilings in the search tree
Time taken so far is 0.7829132080078125 seconds

Doing depth 3
We had 125 inferral cache hits and 914 partitioning cache hits
The partitioning cache has 0 tilings in it right now
The inferral cache has 1636 tilings in it right now
There are 861 tilings in the search tree
Time taken so far is 16.92476725578308 seconds

Doing depth 4
We had 3599 inferral cache hits and 12104 partitioning cache hits
The partitioning cache has 0 tilings in it right now
The inferral cache has 25154 tilings in it right now
There are 11757 tilings in the search tree
Time taken so far is 508.2094740867615 seconds

Now processing 0132_0213_0231_3120
Doing depth 1
We had 0 inferral cache hits and 9 partitioning cache hits
The partitioning cache has 0 tilings in it right now
The inferral cache has 14 tilings in it right now
There are 11 tilings in the search tree
Time taken so far is 0.04374814033508301 seconds

Doing depth 2
We had 9 inferral cache hits and 108 partitioning cache hits
The partitioning cache has 0 tilings in it right now
The inferral cache has 129 tilings in it right now
There are 80 tilings in the search tree
Time taken so far is 0.7278673648834229 seconds

Doing depth 3
We had 127 inferral cache hits and 914 partitioning cache hits
The partitioning cache has 0 tilings in it right now
The inferral cache has 1715 tilings in it right now
There are 891 tilings in the search tree
Time taken so far is 16.822492837905884 seconds

Doing depth 4
We had 4149 inferral cache hits and 12837 partitioning cache hits
The partitioning cache has 0 tilings in it right now
The inferral cache has 32226 tilings in it right now
There are 14762 tilings in the search tree
Time taken so far is 526.1699953079224 seconds

Now processing 0132_0213_0321_3120
Doing depth 1
We had 0 inferral cache hits and 9 partitioning cache hits
The partitioning cache has 0 tilings in it right now
The inferral cache has 14 tilings in it right now
There are 11 tilings in the search tree
Time taken so far is 0.04307746887207031 seconds

Doing depth 2
We had 9 inferral cache hits and 108 partitioning cache hits
The partitioning cache has 0 tilings in it right now
The inferral cache has 125 tilings in it right now
There are 80 tilings in the search tree
Time taken so far is 0.72576904296875 seconds

Doing depth 3
We had 123 inferral cache hits and 914 partitioning cache hits
The partitioning cache has 0 tilings in it right now
The inferral cache has 1745 tilings in it right now
There are 888 tilings in the search tree
Time taken so far is 16.232697248458862 seconds

Doing depth 4
We had 4049 inferral cache hits and 12896 partitioning cache hits
The partitioning cache has 0 tilings in it right now
The inferral cache has 33353 tilings in it right now
There are 14480 tilings in the search tree
Time taken so far is 560.6373674869537 seconds

Now processing 0132_0213_1023_1230
Doing depth 1
We had 0 inferral cache hits and 9 partitioning cache hits
The partitioning cache has 0 tilings in it right now
The inferral cache has 14 tilings in it right now
There are 11 tilings in the search tree
Time taken so far is 0.03705787658691406 seconds

Doing depth 2
We had 9 inferral cache hits and 108 partitioning cache hits
The partitioning cache has 0 tilings in it right now
The inferral cache has 123 tilings in it right now
There are 78 tilings in the search tree
Time taken so far is 0.7037022113800049 seconds

Doing depth 3
We had 138 inferral cache hits and 914 partitioning cache hits
The partitioning cache has 0 tilings in it right now
The inferral cache has 1648 tilings in it right now
There are 830 tilings in the search tree
Time taken so far is 16.574154138565063 seconds

Doing depth 4
We had 3208 inferral cache hits and 11996 partitioning cache hits
The partitioning cache has 0 tilings in it right now
The inferral cache has 27953 tilings in it right now
There are 11857 tilings in the search tree
Time taken so far is 538.4997611045837 seconds

Now processing 0132_0213_1023_2301
Doing depth 1
We had 0 inferral cache hits and 9 partitioning cache hits
The partitioning cache has 0 tilings in it right now
The inferral cache has 14 tilings in it right now
There are 11 tilings in the search tree
Time taken so far is 0.042816877365112305 seconds

Doing depth 2
We had 9 inferral cache hits and 108 partitioning cache hits
The partitioning cache has 0 tilings in it right now
The inferral cache has 125 tilings in it right now
There are 78 tilings in the search tree
Time taken so far is 0.7134716510772705 seconds

Doing depth 3
We had 134 inferral cache hits and 914 partitioning cache hits
The partitioning cache has 0 tilings in it right now
The inferral cache has 1787 tilings in it right now
There are 846 tilings in the search tree
Time taken so far is 17.189658641815186 seconds

Doing depth 4
We had 3085 inferral cache hits and 11876 partitioning cache hits
The partitioning cache has 0 tilings in it right now
The inferral cache has 26199 tilings in it right now
There are 10621 tilings in the search tree
Time taken so far is 462.50734639167786 seconds

Now processing 0132_0213_1203_1230
Doing depth 1
We had 0 inferral cache hits and 9 partitioning cache hits
The partitioning cache has 0 tilings in it right now
The inferral cache has 14 tilings in it right now
There are 11 tilings in the search tree
Time taken so far is 0.03704047203063965 seconds

Doing depth 2
We had 9 inferral cache hits and 108 partitioning cache hits
The partitioning cache has 0 tilings in it right now
The inferral cache has 130 tilings in it right now
There are 78 tilings in the search tree
Time taken so far is 2.0049376487731934 seconds

Doing depth 3
We had 132 inferral cache hits and 914 partitioning cache hits
The partitioning cache has 0 tilings in it right now
The inferral cache has 1636 tilings in it right now
There are 855 tilings in the search tree
Time taken so far is 17.67440938949585 seconds

Doing depth 4
We had 3832 inferral cache hits and 12522 partitioning cache hits
The partitioning cache has 0 tilings in it right now
The inferral cache has 28531 tilings in it right now
There are 13172 tilings in the search tree
Time taken so far is 535.8473870754242 seconds

Now processing 0132_0213_1203_2013
Doing depth 1
We had 0 inferral cache hits and 9 partitioning cache hits
The partitioning cache has 0 tilings in it right now
The inferral cache has 14 tilings in it right now
There are 11 tilings in the search tree
Time taken so far is 0.03301596641540527 seconds

Doing depth 2
We had 9 inferral cache hits and 108 partitioning cache hits
The partitioning cache has 0 tilings in it right now
The inferral cache has 133 tilings in it right now
There are 78 tilings in the search tree
Time taken so far is 0.659473180770874 seconds

Doing depth 3
We had 145 inferral cache hits and 914 partitioning cache hits
The partitioning cache has 0 tilings in it right now
The inferral cache has 1661 tilings in it right now
There are 878 tilings in the search tree
Time taken so far is 17.613296508789062 seconds

Doing depth 4
We had 4785 inferral cache hits and 12693 partitioning cache hits
The partitioning cache has 0 tilings in it right now
The inferral cache has 32313 tilings in it right now
There are 14905 tilings in the search tree
Time taken so far is 603.2279572486877 seconds

Now processing 0132_0213_1203_3012
Doing depth 1
We had 0 inferral cache hits and 9 partitioning cache hits
The partitioning cache has 0 tilings in it right now
The inferral cache has 14 tilings in it right now
There are 11 tilings in the search tree
Time taken so far is 0.038841962814331055 seconds

Doing depth 2
We had 9 inferral cache hits and 108 partitioning cache hits
The partitioning cache has 0 tilings in it right now
The inferral cache has 130 tilings in it right now
There are 78 tilings in the search tree
Time taken so far is 0.6916921138763428 seconds

Doing depth 3
We had 136 inferral cache hits and 914 partitioning cache hits
The partitioning cache has 0 tilings in it right now
The inferral cache has 1700 tilings in it right now
There are 866 tilings in the search tree
Time taken so far is 14.613460540771484 seconds

Doing depth 4
We had 3856 inferral cache hits and 12716 partitioning cache hits
The partitioning cache has 0 tilings in it right now
The inferral cache has 28982 tilings in it right now
There are 12837 tilings in the search tree
Time taken so far is 468.8528890609741 seconds

Now processing 0132_0213_1230_2301
Doing depth 1
We had 0 inferral cache hits and 9 partitioning cache hits
The partitioning cache has 0 tilings in it right now
The inferral cache has 14 tilings in it right now
There are 11 tilings in the search tree
Time taken so far is 0.03130340576171875 seconds

Doing depth 2
We had 9 inferral cache hits and 108 partitioning cache hits
The partitioning cache has 0 tilings in it right now
The inferral cache has 126 tilings in it right now
There are 78 tilings in the search tree
Time taken so far is 0.5922250747680664 seconds

Doing depth 3
We had 123 inferral cache hits and 914 partitioning cache hits
The partitioning cache has 0 tilings in it right now
The inferral cache has 1737 tilings in it right now
There are 857 tilings in the search tree
Time taken so far is 15.093405485153198 seconds

Doing depth 4
We had 3489 inferral cache hits and 12460 partitioning cache hits
The partitioning cache has 0 tilings in it right now
The inferral cache has 27727 tilings in it right now
There are 11818 tilings in the search tree
Time taken so far is 416.1027593612671 seconds

Now processing 0132_0213_1230_3012
Doing depth 1
We had 0 inferral cache hits and 9 partitioning cache hits
The partitioning cache has 0 tilings in it right now
The inferral cache has 14 tilings in it right now
There are 11 tilings in the search tree
Time taken so far is 0.03852367401123047 seconds

Doing depth 2
We had 9 inferral cache hits and 108 partitioning cache hits
The partitioning cache has 0 tilings in it right now
The inferral cache has 123 tilings in it right now
There are 78 tilings in the search tree
Time taken so far is 0.699413537979126 seconds

Doing depth 3
We had 126 inferral cache hits and 914 partitioning cache hits
The partitioning cache has 0 tilings in it right now
The inferral cache has 1615 tilings in it right now
There are 836 tilings in the search tree
Time taken so far is 15.070744752883911 seconds

Doing depth 4
We had 3423 inferral cache hits and 12296 partitioning cache hits
The partitioning cache has 0 tilings in it right now
The inferral cache has 26607 tilings in it right now
There are 11353 tilings in the search tree
Time taken so far is 418.51603055000305 seconds

Now processing 0132_0213_2301_3120
Doing depth 1
We had 0 inferral cache hits and 9 partitioning cache hits
The partitioning cache has 0 tilings in it right now
The inferral cache has 14 tilings in it right now
There are 11 tilings in the search tree
Time taken so far is 0.0391995906829834 seconds

Doing depth 2
We had 9 inferral cache hits and 108 partitioning cache hits
The partitioning cache has 0 tilings in it right now
The inferral cache has 125 tilings in it right now
There are 78 tilings in the search tree
Time taken so far is 0.7014255523681641 seconds

Doing depth 3
We had 125 inferral cache hits and 914 partitioning cache hits
The partitioning cache has 0 tilings in it right now
The inferral cache has 1837 tilings in it right now
There are 888 tilings in the search tree
Time taken so far is 14.345983505249023 seconds

Doing depth 4
We had 4474 inferral cache hits and 13166 partitioning cache hits
The partitioning cache has 0 tilings in it right now
The inferral cache has 30056 tilings in it right now
There are 13607 tilings in the search tree
Time taken so far is 398.59283542633057 seconds

Now processing 0132_0231_0312_0321
Doing depth 1
We had 0 inferral cache hits and 9 partitioning cache hits
The partitioning cache has 0 tilings in it right now
The inferral cache has 12 tilings in it right now
There are 11 tilings in the search tree
Time taken so far is 0.03548789024353027 seconds

Doing depth 2
We had 10 inferral cache hits and 108 partitioning cache hits
The partitioning cache has 0 tilings in it right now
The inferral cache has 119 tilings in it right now
There are 80 tilings in the search tree
Time taken so far is 0.6429030895233154 seconds

Doing depth 3
We had 43 inferral cache hits and 406 partitioning cache hits
The partitioning cache has 4 tilings in it right now
The inferral cache has 549 tilings in it right now
There are 324 tilings in the search tree
Time taken so far is 5.763415575027466 seconds

Now processing 0132_0231_0312_3120
Doing depth 1
We had 0 inferral cache hits and 9 partitioning cache hits
The partitioning cache has 0 tilings in it right now
The inferral cache has 14 tilings in it right now
There are 11 tilings in the search tree
Time taken so far is 0.034868717193603516 seconds

Doing depth 2
We had 9 inferral cache hits and 108 partitioning cache hits
The partitioning cache has 0 tilings in it right now
The inferral cache has 127 tilings in it right now
There are 80 tilings in the search tree
Time taken so far is 0.618823766708374 seconds

Doing depth 3
We had 128 inferral cache hits and 914 partitioning cache hits
The partitioning cache has 0 tilings in it right now
The inferral cache has 1677 tilings in it right now
There are 892 tilings in the search tree
Time taken so far is 16.08376455307007 seconds

Doing depth 4
We had 4222 inferral cache hits and 12703 partitioning cache hits
The partitioning cache has 0 tilings in it right now
The inferral cache has 31012 tilings in it right now
There are 14469 tilings in the search tree
Time taken so far is 494.7669849395752 seconds

Now processing 0132_0231_0321_1032
Doing depth 1
We had 0 inferral cache hits and 9 partitioning cache hits
The partitioning cache has 0 tilings in it right now
The inferral cache has 12 tilings in it right now
There are 11 tilings in the search tree
Time taken so far is 0.0289459228515625 seconds

Doing depth 2
We had 10 inferral cache hits and 108 partitioning cache hits
The partitioning cache has 0 tilings in it right now
The inferral cache has 127 tilings in it right now
There are 78 tilings in the search tree
Time taken so far is 0.5675208568572998 seconds

Doing depth 3
We had 127 inferral cache hits and 914 partitioning cache hits
The partitioning cache has 0 tilings in it right now
The inferral cache has 1537 tilings in it right now
There are 846 tilings in the search tree
Time taken so far is 14.536708354949951 seconds

Doing depth 4
We had 3346 inferral cache hits and 11805 partitioning cache hits
The partitioning cache has 0 tilings in it right now
The inferral cache has 26777 tilings in it right now
There are 12871 tilings in the search tree
Time taken so far is 530.7655622959137 seconds

Now processing 0132_0231_0321_3021
Doing depth 1
We had 0 inferral cache hits and 9 partitioning cache hits
The partitioning cache has 0 tilings in it right now
The inferral cache has 13 tilings in it right now
There are 11 tilings in the search tree
Time taken so far is 0.030703306198120117 seconds

Doing depth 2
We had 9 inferral cache hits and 108 partitioning cache hits
The partitioning cache has 0 tilings in it right now
The inferral cache has 126 tilings in it right now
There are 79 tilings in the search tree
Time taken so far is 0.5609161853790283 seconds

Doing depth 3
We had 123 inferral cache hits and 914 partitioning cache hits
The partitioning cache has 0 tilings in it right now
The inferral cache has 1614 tilings in it right now
There are 872 tilings in the search tree
Time taken so far is 14.897315740585327 seconds

Doing depth 4
We had 1305 inferral cache hits and 6233 partitioning cache hits
The partitioning cache has 65 tilings in it right now
The inferral cache has 12722 tilings in it right now
There are 6143 tilings in the search tree
Time taken so far is 239.13729643821716 seconds

Now processing 0132_0231_0321_3120
Doing depth 1
We had 0 inferral cache hits and 9 partitioning cache hits
The partitioning cache has 0 tilings in it right now
The inferral cache has 14 tilings in it right now
There are 11 tilings in the search tree
Time taken so far is 0.04193305969238281 seconds

Doing depth 2
We had 9 inferral cache hits and 108 partitioning cache hits
The partitioning cache has 0 tilings in it right now
The inferral cache has 127 tilings in it right now
There are 80 tilings in the search tree
Time taken so far is 0.7113404273986816 seconds

Doing depth 3
We had 125 inferral cache hits and 914 partitioning cache hits
The partitioning cache has 0 tilings in it right now
The inferral cache has 1693 tilings in it right now
There are 890 tilings in the search tree
Time taken so far is 14.299705266952515 seconds

Doing depth 4
We had 3583 inferral cache hits and 12717 partitioning cache hits
The partitioning cache has 0 tilings in it right now
The inferral cache has 31522 tilings in it right now
There are 14249 tilings in the search tree
Time taken so far is 501.5932500362396 seconds

Now processing 0132_0231_1023_1203
Doing depth 1
We had 0 inferral cache hits and 9 partitioning cache hits
The partitioning cache has 0 tilings in it right now
The inferral cache has 14 tilings in it right now
There are 11 tilings in the search tree
Time taken so far is 0.039112091064453125 seconds

Doing depth 2
We had 9 inferral cache hits and 108 partitioning cache hits
The partitioning cache has 0 tilings in it right now
The inferral cache has 135 tilings in it right now
There are 78 tilings in the search tree
Time taken so far is 0.7212047576904297 seconds

Doing depth 3
We had 127 inferral cache hits and 914 partitioning cache hits
The partitioning cache has 0 tilings in it right now
The inferral cache has 1688 tilings in it right now
There are 877 tilings in the search tree
Time taken so far is 14.846105337142944 seconds

Doing depth 4
We had 455 inferral cache hits and 3844 partitioning cache hits
The partitioning cache has 121 tilings in it right now
The inferral cache has 4790 tilings in it right now
There are 2363 tilings in the search tree
Time taken so far is 88.7675769329071 seconds

Now processing 0132_0231_1023_1230
Doing depth 1
We had 0 inferral cache hits and 9 partitioning cache hits
The partitioning cache has 0 tilings in it right now
The inferral cache has 14 tilings in it right now
There are 11 tilings in the search tree
Time taken so far is 0.03841590881347656 seconds

Doing depth 2
We had 9 inferral cache hits and 108 partitioning cache hits
The partitioning cache has 0 tilings in it right now
The inferral cache has 130 tilings in it right now
There are 78 tilings in the search tree
Time taken so far is 0.698477029800415 seconds

Doing depth 3
We had 123 inferral cache hits and 914 partitioning cache hits
The partitioning cache has 0 tilings in it right now
The inferral cache has 1612 tilings in it right now
There are 855 tilings in the search tree
Time taken so far is 14.28620982170105 seconds

Doing depth 4
We had 2349 inferral cache hits and 8767 partitioning cache hits
The partitioning cache has 19 tilings in it right now
The inferral cache has 19882 tilings in it right now
There are 9430 tilings in the search tree
Time taken so far is 332.3632872104645 seconds

Now processing 0132_0231_1023_2013
Doing depth 1
We had 0 inferral cache hits and 9 partitioning cache hits
The partitioning cache has 0 tilings in it right now
The inferral cache has 14 tilings in it right now
There are 11 tilings in the search tree
Time taken so far is 0.0324254035949707 seconds

Doing depth 2
We had 9 inferral cache hits and 108 partitioning cache hits
The partitioning cache has 0 tilings in it right now
The inferral cache has 131 tilings in it right now
There are 78 tilings in the search tree
Time taken so far is 0.6310896873474121 seconds

Doing depth 3
We had 126 inferral cache hits and 914 partitioning cache hits
The partitioning cache has 0 tilings in it right now
The inferral cache has 1659 tilings in it right now
There are 878 tilings in the search tree
Time taken so far is 16.182465076446533 seconds

Doing depth 4
We had 3588 inferral cache hits and 12555 partitioning cache hits
The partitioning cache has 0 tilings in it right now
The inferral cache has 28510 tilings in it right now
There are 13162 tilings in the search tree
Time taken so far is 512.1063349246979 seconds

Now processing 0132_0231_1023_2301
Doing depth 1
We had 0 inferral cache hits and 9 partitioning cache hits
The partitioning cache has 0 tilings in it right now
The inferral cache has 14 tilings in it right now
There are 11 tilings in the search tree
Time taken so far is 0.038072824478149414 seconds

Doing depth 2
We had 9 inferral cache hits and 108 partitioning cache hits
The partitioning cache has 0 tilings in it right now
The inferral cache has 131 tilings in it right now
There are 78 tilings in the search tree
Time taken so far is 0.7110190391540527 seconds

Doing depth 3
We had 118 inferral cache hits and 914 partitioning cache hits
The partitioning cache has 0 tilings in it right now
The inferral cache has 1746 tilings in it right now
There are 871 tilings in the search tree
Time taken so far is 14.094840288162231 seconds

Doing depth 4
We had 3171 inferral cache hits and 11830 partitioning cache hits
The partitioning cache has 0 tilings in it right now
The inferral cache has 24548 tilings in it right now
There are 10807 tilings in the search tree
Time taken so far is 369.9184548854828 seconds

Now processing 0132_0231_1023_3012
Doing depth 1
We had 0 inferral cache hits and 9 partitioning cache hits
The partitioning cache has 0 tilings in it right now
The inferral cache has 14 tilings in it right now
There are 11 tilings in the search tree
Time taken so far is 0.03177142143249512 seconds

Doing depth 2
We had 9 inferral cache hits and 108 partitioning cache hits
The partitioning cache has 0 tilings in it right now
The inferral cache has 130 tilings in it right now
There are 78 tilings in the search tree
Time taken so far is 0.6060690879821777 seconds

Doing depth 3
We had 121 inferral cache hits and 914 partitioning cache hits
The partitioning cache has 0 tilings in it right now
The inferral cache has 1697 tilings in it right now
There are 860 tilings in the search tree
Time taken so far is 14.22067904472351 seconds

Doing depth 4
We had 3331 inferral cache hits and 12638 partitioning cache hits
The partitioning cache has 0 tilings in it right now
The inferral cache has 27034 tilings in it right now
There are 11986 tilings in the search tree
Time taken so far is 437.3620173931122 seconds

Now processing 0132_0231_1032_3021
Doing depth 1
We had 0 inferral cache hits and 9 partitioning cache hits
The partitioning cache has 0 tilings in it right now
The inferral cache has 13 tilings in it right now
There are 11 tilings in the search tree
Time taken so far is 0.03060126304626465 seconds

Doing depth 2
We had 9 inferral cache hits and 108 partitioning cache hits
The partitioning cache has 0 tilings in it right now
The inferral cache has 129 tilings in it right now
There are 78 tilings in the search tree
Time taken so far is 0.6084957122802734 seconds

Doing depth 3
We had 136 inferral cache hits and 914 partitioning cache hits
The partitioning cache has 0 tilings in it right now
The inferral cache has 1625 tilings in it right now
There are 872 tilings in the search tree
Time taken so far is 15.804311275482178 seconds

Doing depth 4
We had 3864 inferral cache hits and 12691 partitioning cache hits
The partitioning cache has 0 tilings in it right now
The inferral cache has 27891 tilings in it right now
There are 13515 tilings in the search tree
Time taken so far is 506.7641534805298 seconds

Now processing 0132_0231_1032_3120
Doing depth 1
We had 0 inferral cache hits and 9 partitioning cache hits
The partitioning cache has 0 tilings in it right now
The inferral cache has 14 tilings in it right now
There are 11 tilings in the search tree
Time taken so far is 0.028820514678955078 seconds

Doing depth 2
We had 10 inferral cache hits and 108 partitioning cache hits
The partitioning cache has 0 tilings in it right now
The inferral cache has 133 tilings in it right now
There are 78 tilings in the search tree
Time taken so far is 0.5598087310791016 seconds

Doing depth 3
We had 121 inferral cache hits and 914 partitioning cache hits
The partitioning cache has 0 tilings in it right now
The inferral cache has 1718 tilings in it right now
There are 887 tilings in the search tree
Time taken so far is 15.692659616470337 seconds

Doing depth 4
We had 3654 inferral cache hits and 12746 partitioning cache hits
The partitioning cache has 0 tilings in it right now
The inferral cache has 31337 tilings in it right now
There are 14527 tilings in the search tree
Time taken so far is 484.57310819625854 seconds

Now processing 0132_0231_1203_1230
Doing depth 1
We had 0 inferral cache hits and 9 partitioning cache hits
The partitioning cache has 0 tilings in it right now
The inferral cache has 14 tilings in it right now
There are 11 tilings in the search tree
Time taken so far is 0.03902792930603027 seconds

Doing depth 2
We had 9 inferral cache hits and 108 partitioning cache hits
The partitioning cache has 0 tilings in it right now
The inferral cache has 134 tilings in it right now
There are 78 tilings in the search tree
Time taken so far is 0.7082741260528564 seconds

Doing depth 3
We had 128 inferral cache hits and 914 partitioning cache hits
The partitioning cache has 0 tilings in it right now
The inferral cache has 1575 tilings in it right now
There are 860 tilings in the search tree
Time taken so far is 14.88832712173462 seconds

Doing depth 4
We had 3805 inferral cache hits and 12219 partitioning cache hits
The partitioning cache has 0 tilings in it right now
The inferral cache has 26492 tilings in it right now
There are 13326 tilings in the search tree
Time taken so far is 457.0663032531738 seconds

Now processing 0132_0231_1203_2013
Doing depth 1
We had 0 inferral cache hits and 9 partitioning cache hits
The partitioning cache has 0 tilings in it right now
The inferral cache has 14 tilings in it right now
There are 11 tilings in the search tree
Time taken so far is 0.038770437240600586 seconds

Doing depth 2
We had 9 inferral cache hits and 108 partitioning cache hits
The partitioning cache has 0 tilings in it right now
The inferral cache has 138 tilings in it right now
There are 78 tilings in the search tree
Time taken so far is 0.724273681640625 seconds

Doing depth 3
We had 127 inferral cache hits and 914 partitioning cache hits
The partitioning cache has 0 tilings in it right now
The inferral cache has 1748 tilings in it right now
There are 933 tilings in the search tree
Time taken so far is 16.17400312423706 seconds

Doing depth 4
We had 1468 inferral cache hits and 5780 partitioning cache hits
The partitioning cache has 75 tilings in it right now
The inferral cache has 9548 tilings in it right now
There are 4912 tilings in the search tree
Time taken so far is 172.972163438797 seconds

Now processing 0132_0231_1203_2301
Doing depth 1
We had 0 inferral cache hits and 9 partitioning cache hits
The partitioning cache has 0 tilings in it right now
The inferral cache has 14 tilings in it right now
There are 11 tilings in the search tree
Time taken so far is 0.030531644821166992 seconds

Doing depth 2
We had 9 inferral cache hits and 108 partitioning cache hits
The partitioning cache has 0 tilings in it right now
The inferral cache has 137 tilings in it right now
There are 78 tilings in the search tree
Time taken so far is 0.6056675910949707 seconds

Doing depth 3
We had 130 inferral cache hits and 914 partitioning cache hits
The partitioning cache has 0 tilings in it right now
The inferral cache has 1720 tilings in it right now
There are 894 tilings in the search tree
Time taken so far is 15.052618265151978 seconds

Doing depth 4
We had 3999 inferral cache hits and 12632 partitioning cache hits
The partitioning cache has 0 tilings in it right now
The inferral cache has 25504 tilings in it right now
There are 12299 tilings in the search tree
Time taken so far is 420.632643699646 seconds

Now processing 0132_0231_1203_3012
Doing depth 1
We had 0 inferral cache hits and 9 partitioning cache hits
The partitioning cache has 0 tilings in it right now
The inferral cache has 14 tilings in it right now
There are 11 tilings in the search tree
Time taken so far is 0.03892016410827637 seconds

Doing depth 2
We had 9 inferral cache hits and 108 partitioning cache hits
The partitioning cache has 0 tilings in it right now
The inferral cache has 134 tilings in it right now
There are 78 tilings in the search tree
Time taken so far is 0.7129321098327637 seconds

Doing depth 3
We had 127 inferral cache hits and 914 partitioning cache hits
The partitioning cache has 0 tilings in it right now
The inferral cache has 1721 tilings in it right now
There are 880 tilings in the search tree
Time taken so far is 14.496062994003296 seconds

Doing depth 4
We had 4017 inferral cache hits and 12758 partitioning cache hits
The partitioning cache has 0 tilings in it right now
The inferral cache has 27043 tilings in it right now
There are 12400 tilings in the search tree
Time taken so far is 439.9093027114868 seconds

Now processing 0132_0231_1230_2013
Doing depth 1
We had 0 inferral cache hits and 9 partitioning cache hits
The partitioning cache has 0 tilings in it right now
The inferral cache has 14 tilings in it right now
There are 11 tilings in the search tree
Time taken so far is 0.039313316345214844 seconds

Doing depth 2
We had 9 inferral cache hits and 108 partitioning cache hits
The partitioning cache has 0 tilings in it right now
The inferral cache has 132 tilings in it right now
There are 78 tilings in the search tree
Time taken so far is 0.7221946716308594 seconds

Doing depth 3
We had 128 inferral cache hits and 914 partitioning cache hits
The partitioning cache has 0 tilings in it right now
The inferral cache has 1636 tilings in it right now
There are 877 tilings in the search tree
Time taken so far is 15.294677972793579 seconds

Doing depth 4
We had 1009 inferral cache hits and 5608 partitioning cache hits
The partitioning cache has 126 tilings in it right now
The inferral cache has 8733 tilings in it right now
There are 4431 tilings in the search tree
Time taken so far is 164.08132553100586 seconds

Now processing 0132_0231_1230_2301
Doing depth 1
We had 0 inferral cache hits and 9 partitioning cache hits
The partitioning cache has 0 tilings in it right now
The inferral cache has 13 tilings in it right now
There are 11 tilings in the search tree
Time taken so far is 0.03845667839050293 seconds

Doing depth 2
We had 9 inferral cache hits and 108 partitioning cache hits
The partitioning cache has 0 tilings in it right now
The inferral cache has 125 tilings in it right now
There are 78 tilings in the search tree
Time taken so far is 0.7056558132171631 seconds

Doing depth 3
We had 131 inferral cache hits and 914 partitioning cache hits
The partitioning cache has 0 tilings in it right now
The inferral cache has 1564 tilings in it right now
There are 834 tilings in the search tree
Time taken so far is 14.394537210464478 seconds

Doing depth 4
We had 1840 inferral cache hits and 7647 partitioning cache hits
The partitioning cache has 77 tilings in it right now
The inferral cache has 14351 tilings in it right now
There are 7090 tilings in the search tree
Time taken so far is 263.88769936561584 seconds

Now processing 0132_0231_1230_3012
Doing depth 1
We had 0 inferral cache hits and 9 partitioning cache hits
The partitioning cache has 0 tilings in it right now
The inferral cache has 14 tilings in it right now
There are 11 tilings in the search tree
Time taken so far is 0.02985548973083496 seconds

Doing depth 2
We had 9 inferral cache hits and 108 partitioning cache hits
The partitioning cache has 0 tilings in it right now
The inferral cache has 126 tilings in it right now
There are 78 tilings in the search tree
Time taken so far is 0.5603997707366943 seconds

Doing depth 3
We had 128 inferral cache hits and 914 partitioning cache hits
The partitioning cache has 0 tilings in it right now
The inferral cache has 1520 tilings in it right now
There are 808 tilings in the search tree
Time taken so far is 13.36487865447998 seconds

Doing depth 4
We had 2753 inferral cache hits and 10468 partitioning cache hits
The partitioning cache has 20 tilings in it right now
The inferral cache has 20802 tilings in it right now
There are 9841 tilings in the search tree
Time taken so far is 353.19311118125916 seconds

Now processing 0132_0231_1302_3012
Doing depth 1
We had 0 inferral cache hits and 9 partitioning cache hits
The partitioning cache has 0 tilings in it right now
The inferral cache has 13 tilings in it right now
There are 11 tilings in the search tree
Time taken so far is 0.03025364875793457 seconds

Doing depth 2
We had 9 inferral cache hits and 108 partitioning cache hits
The partitioning cache has 0 tilings in it right now
The inferral cache has 140 tilings in it right now
There are 78 tilings in the search tree
Time taken so far is 0.601956844329834 seconds

Doing depth 3
We had 128 inferral cache hits and 914 partitioning cache hits
The partitioning cache has 0 tilings in it right now
The inferral cache has 1833 tilings in it right now
There are 931 tilings in the search tree
Time taken so far is 16.442039012908936 seconds

Doing depth 4
We had 4790 inferral cache hits and 13705 partitioning cache hits
The partitioning cache has 0 tilings in it right now
The inferral cache has 30814 tilings in it right now
There are 13905 tilings in the search tree
Time taken so far is 505.3344044685364 seconds

Now processing 0132_0231_1320_3021
Doing depth 1
We had 0 inferral cache hits and 9 partitioning cache hits
The partitioning cache has 0 tilings in it right now
The inferral cache has 14 tilings in it right now
There are 11 tilings in the search tree
Time taken so far is 0.03783750534057617 seconds

Doing depth 2
We had 9 inferral cache hits and 108 partitioning cache hits
The partitioning cache has 0 tilings in it right now
The inferral cache has 131 tilings in it right now
There are 78 tilings in the search tree
Time taken so far is 0.6748123168945312 seconds

Doing depth 3
We had 127 inferral cache hits and 914 partitioning cache hits
The partitioning cache has 0 tilings in it right now
The inferral cache has 1734 tilings in it right now
There are 908 tilings in the search tree
Time taken so far is 14.377657175064087 seconds

Doing depth 4
We had 4116 inferral cache hits and 13171 partitioning cache hits
The partitioning cache has 0 tilings in it right now
The inferral cache has 29501 tilings in it right now
There are 14101 tilings in the search tree
Time taken so far is 488.65970182418823 seconds

Now processing 0132_0231_2013_2301
Doing depth 1
We had 0 inferral cache hits and 9 partitioning cache hits
The partitioning cache has 0 tilings in it right now
The inferral cache has 14 tilings in it right now
There are 11 tilings in the search tree
Time taken so far is 0.02981424331665039 seconds

Doing depth 2
We had 9 inferral cache hits and 108 partitioning cache hits
The partitioning cache has 0 tilings in it right now
The inferral cache has 133 tilings in it right now
There are 78 tilings in the search tree
Time taken so far is 0.5777347087860107 seconds

Doing depth 3
We had 118 inferral cache hits and 914 partitioning cache hits
The partitioning cache has 0 tilings in it right now
The inferral cache has 1696 tilings in it right now
There are 895 tilings in the search tree
Time taken so far is 13.971524477005005 seconds

Doing depth 4
We had 2114 inferral cache hits and 7674 partitioning cache hits
The partitioning cache has 86 tilings in it right now
The inferral cache has 12019 tilings in it right now
There are 6101 tilings in the search tree
Time taken so far is 200.74640345573425 seconds

Now processing 0132_0231_2013_3012
Doing depth 1
We had 0 inferral cache hits and 9 partitioning cache hits
The partitioning cache has 0 tilings in it right now
The inferral cache has 14 tilings in it right now
There are 11 tilings in the search tree
Time taken so far is 0.030852079391479492 seconds

Doing depth 2
We had 9 inferral cache hits and 108 partitioning cache hits
The partitioning cache has 0 tilings in it right now
The inferral cache has 133 tilings in it right now
There are 78 tilings in the search tree
Time taken so far is 0.5769190788269043 seconds

Doing depth 3
We had 119 inferral cache hits and 914 partitioning cache hits
The partitioning cache has 0 tilings in it right now
The inferral cache has 1664 tilings in it right now
There are 871 tilings in the search tree
Time taken so far is 14.346319913864136 seconds

Doing depth 4
We had 3774 inferral cache hits and 12727 partitioning cache hits
The partitioning cache has 0 tilings in it right now
The inferral cache has 26710 tilings in it right now
There are 12626 tilings in the search tree
Time taken so far is 439.4983820915222 seconds

Now processing 0132_0231_2301_3012
Doing depth 1
We had 0 inferral cache hits and 9 partitioning cache hits
The partitioning cache has 0 tilings in it right now
The inferral cache has 13 tilings in it right now
There are 11 tilings in the search tree
Time taken so far is 0.030088186264038086 seconds

Doing depth 2
We had 9 inferral cache hits and 108 partitioning cache hits
The partitioning cache has 0 tilings in it right now
The inferral cache has 127 tilings in it right now
There are 78 tilings in the search tree
Time taken so far is 0.5760598182678223 seconds

Doing depth 3
We had 120 inferral cache hits and 914 partitioning cache hits
The partitioning cache has 0 tilings in it right now
The inferral cache has 1628 tilings in it right now
There are 849 tilings in the search tree
Time taken so far is 14.871427297592163 seconds

Doing depth 4
We had 2835 inferral cache hits and 10646 partitioning cache hits
The partitioning cache has 32 tilings in it right now
The inferral cache has 21332 tilings in it right now
There are 9995 tilings in the search tree
Time taken so far is 368.96940660476685 seconds

Now processing 0132_0231_2301_3021
Doing depth 1
We had 0 inferral cache hits and 9 partitioning cache hits
The partitioning cache has 0 tilings in it right now
The inferral cache has 13 tilings in it right now
There are 11 tilings in the search tree
Time taken so far is 0.03856968879699707 seconds

Doing depth 2
We had 9 inferral cache hits and 108 partitioning cache hits
The partitioning cache has 0 tilings in it right now
The inferral cache has 126 tilings in it right now
There are 78 tilings in the search tree
Time taken so far is 0.7419309616088867 seconds

Doing depth 3
We had 125 inferral cache hits and 914 partitioning cache hits
The partitioning cache has 0 tilings in it right now
The inferral cache has 1683 tilings in it right now
There are 884 tilings in the search tree
Time taken so far is 15.355262756347656 seconds

Doing depth 4
We had 3021 inferral cache hits and 10455 partitioning cache hits
The partitioning cache has 34 tilings in it right now
The inferral cache has 21305 tilings in it right now
There are 10115 tilings in the search tree
Time taken so far is 367.8998341560364 seconds

Now processing 0132_0231_3021_3120
Doing depth 1
We had 0 inferral cache hits and 9 partitioning cache hits
The partitioning cache has 0 tilings in it right now
The inferral cache has 14 tilings in it right now
There are 11 tilings in the search tree
Time taken so far is 0.03134346008300781 seconds

Doing depth 2
We had 10 inferral cache hits and 108 partitioning cache hits
The partitioning cache has 0 tilings in it right now
The inferral cache has 127 tilings in it right now
There are 79 tilings in the search tree
Time taken so far is 0.5751488208770752 seconds

Doing depth 3
We had 132 inferral cache hits and 914 partitioning cache hits
The partitioning cache has 0 tilings in it right now
The inferral cache has 1699 tilings in it right now
There are 904 tilings in the search tree
Time taken so far is 15.465924978256226 seconds

Doing depth 4
We had 4185 inferral cache hits and 13082 partitioning cache hits
The partitioning cache has 0 tilings in it right now
The inferral cache has 30499 tilings in it right now
There are 14561 tilings in the search tree
Time taken so far is 495.620005607605 seconds

Now processing 0132_0321_1032_3120
Doing depth 1
We had 0 inferral cache hits and 9 partitioning cache hits
The partitioning cache has 0 tilings in it right now
The inferral cache has 14 tilings in it right now
There are 11 tilings in the search tree
Time taken so far is 0.03862333297729492 seconds

Doing depth 2
We had 9 inferral cache hits and 108 partitioning cache hits
The partitioning cache has 0 tilings in it right now
The inferral cache has 131 tilings in it right now
There are 78 tilings in the search tree
Time taken so far is 0.7178380489349365 seconds

Doing depth 3
We had 121 inferral cache hits and 914 partitioning cache hits
The partitioning cache has 0 tilings in it right now
The inferral cache has 1687 tilings in it right now
There are 870 tilings in the search tree
Time taken so far is 14.244531393051147 seconds

Doing depth 4
We had 3507 inferral cache hits and 12742 partitioning cache hits
The partitioning cache has 0 tilings in it right now
The inferral cache has 31133 tilings in it right now
There are 13919 tilings in the search tree
Time taken so far is 475.38453817367554 seconds

Now processing 0132_0321_1320_3021
Doing depth 1
We had 0 inferral cache hits and 9 partitioning cache hits
The partitioning cache has 0 tilings in it right now
The inferral cache has 14 tilings in it right now
There are 11 tilings in the search tree
Time taken so far is 0.0298917293548584 seconds

Doing depth 2
We had 10 inferral cache hits and 108 partitioning cache hits
The partitioning cache has 0 tilings in it right now
The inferral cache has 129 tilings in it right now
There are 78 tilings in the search tree
Time taken so far is 0.5617086887359619 seconds

Doing depth 3
We had 128 inferral cache hits and 914 partitioning cache hits
The partitioning cache has 0 tilings in it right now
The inferral cache has 1641 tilings in it right now
There are 868 tilings in the search tree
Time taken so far is 15.739237308502197 seconds

Doing depth 4
We had 1423 inferral cache hits and 6319 partitioning cache hits
The partitioning cache has 74 tilings in it right now
The inferral cache has 13421 tilings in it right now
There are 6546 tilings in the search tree
Time taken so far is 243.7050268650055 seconds

Now processing 0132_0321_2301_3120
Doing depth 1
We had 0 inferral cache hits and 9 partitioning cache hits
The partitioning cache has 0 tilings in it right now
The inferral cache has 14 tilings in it right now
There are 11 tilings in the search tree
Time taken so far is 0.03007364273071289 seconds

Doing depth 2
We had 9 inferral cache hits and 108 partitioning cache hits
The partitioning cache has 0 tilings in it right now
The inferral cache has 125 tilings in it right now
There are 78 tilings in the search tree
Time taken so far is 0.5758676528930664 seconds

Doing depth 3
We had 111 inferral cache hits and 914 partitioning cache hits
The partitioning cache has 0 tilings in it right now
The inferral cache has 1776 tilings in it right now
There are 882 tilings in the search tree
Time taken so far is 14.30176043510437 seconds

Doing depth 4
We had 3608 inferral cache hits and 12806 partitioning cache hits
The partitioning cache has 0 tilings in it right now
The inferral cache has 27438 tilings in it right now
There are 12250 tilings in the search tree
Time taken so far is 377.8435411453247 seconds

Now processing 0132_1023_1230_2301
Doing depth 1
We had 0 inferral cache hits and 9 partitioning cache hits
The partitioning cache has 0 tilings in it right now
The inferral cache has 14 tilings in it right now
There are 11 tilings in the search tree
Time taken so far is 0.0391240119934082 seconds

Doing depth 2
We had 9 inferral cache hits and 108 partitioning cache hits
The partitioning cache has 0 tilings in it right now
The inferral cache has 125 tilings in it right now
There are 78 tilings in the search tree
Time taken so far is 0.7027490139007568 seconds

Doing depth 3
We had 116 inferral cache hits and 914 partitioning cache hits
The partitioning cache has 0 tilings in it right now
The inferral cache has 1755 tilings in it right now
There are 856 tilings in the search tree
Time taken so far is 14.008938074111938 seconds

Doing depth 4
We had 3210 inferral cache hits and 12566 partitioning cache hits
The partitioning cache has 0 tilings in it right now
The inferral cache has 24916 tilings in it right now
There are 10823 tilings in the search tree
Time taken so far is 355.78385758399963 seconds

Now processing 0132_1023_1230_3012
Doing depth 1
We had 0 inferral cache hits and 9 partitioning cache hits
The partitioning cache has 0 tilings in it right now
The inferral cache has 14 tilings in it right now
There are 11 tilings in the search tree
Time taken so far is 0.029596805572509766 seconds

Doing depth 2
We had 9 inferral cache hits and 108 partitioning cache hits
The partitioning cache has 0 tilings in it right now
The inferral cache has 125 tilings in it right now
There are 78 tilings in the search tree
Time taken so far is 0.5532398223876953 seconds

Doing depth 3
We had 117 inferral cache hits and 914 partitioning cache hits
The partitioning cache has 0 tilings in it right now
The inferral cache has 1623 tilings in it right now
There are 832 tilings in the search tree
Time taken so far is 13.256410837173462 seconds

Doing depth 4
We had 2992 inferral cache hits and 12206 partitioning cache hits
The partitioning cache has 0 tilings in it right now
The inferral cache has 23894 tilings in it right now
There are 10554 tilings in the search tree
Time taken so far is 363.1427447795868 seconds

Now processing 0132_1032_1320_3021
Doing depth 1
We had 0 inferral cache hits and 9 partitioning cache hits
The partitioning cache has 0 tilings in it right now
The inferral cache has 14 tilings in it right now
There are 11 tilings in the search tree
Time taken so far is 0.028478622436523438 seconds

Doing depth 2
We had 9 inferral cache hits and 108 partitioning cache hits
The partitioning cache has 0 tilings in it right now
The inferral cache has 131 tilings in it right now
There are 78 tilings in the search tree
Time taken so far is 0.561124324798584 seconds

Doing depth 3
We had 115 inferral cache hits and 914 partitioning cache hits
The partitioning cache has 0 tilings in it right now
The inferral cache has 1646 tilings in it right now
There are 920 tilings in the search tree
Time taken so far is 14.740088939666748 seconds

Doing depth 4
We had 3639 inferral cache hits and 11884 partitioning cache hits
The partitioning cache has 28 tilings in it right now
The inferral cache has 24270 tilings in it right now
There are 12598 tilings in the search tree
Time taken so far is 394.57963848114014 seconds

Now processing 0132_1203_1230_2013
Doing depth 1
We had 0 inferral cache hits and 9 partitioning cache hits
The partitioning cache has 0 tilings in it right now
The inferral cache has 14 tilings in it right now
There are 11 tilings in the search tree
Time taken so far is 0.03905129432678223 seconds

Doing depth 2
We had 9 inferral cache hits and 108 partitioning cache hits
The partitioning cache has 0 tilings in it right now
The inferral cache has 134 tilings in it right now
There are 78 tilings in the search tree
Time taken so far is 0.7223460674285889 seconds

Doing depth 3
We had 125 inferral cache hits and 914 partitioning cache hits
The partitioning cache has 0 tilings in it right now
The inferral cache has 1668 tilings in it right now
There are 894 tilings in the search tree
Time taken so far is 13.83176326751709 seconds

Doing depth 4
We had 4136 inferral cache hits and 12884 partitioning cache hits
The partitioning cache has 0 tilings in it right now
The inferral cache has 28019 tilings in it right now
There are 13139 tilings in the search tree
Time taken so far is 433.4517614841461 seconds

Now processing 0132_1203_1230_2301
Doing depth 1
We had 0 inferral cache hits and 9 partitioning cache hits
The partitioning cache has 0 tilings in it right now
The inferral cache has 14 tilings in it right now
There are 11 tilings in the search tree
Time taken so far is 0.02862238883972168 seconds

Doing depth 2
We had 9 inferral cache hits and 108 partitioning cache hits
The partitioning cache has 0 tilings in it right now
The inferral cache has 131 tilings in it right now
There are 78 tilings in the search tree
Time taken so far is 0.5451145172119141 seconds

Doing depth 3
We had 122 inferral cache hits and 914 partitioning cache hits
The partitioning cache has 0 tilings in it right now
The inferral cache has 1673 tilings in it right now
There are 862 tilings in the search tree
Time taken so far is 13.64800238609314 seconds

Doing depth 4
We had 3714 inferral cache hits and 12581 partitioning cache hits
The partitioning cache has 0 tilings in it right now
The inferral cache has 25948 tilings in it right now
There are 12037 tilings in the search tree
Time taken so far is 381.6384308338165 seconds

Now processing 0132_1203_1230_3012
Doing depth 1
We had 0 inferral cache hits and 9 partitioning cache hits
The partitioning cache has 0 tilings in it right now
The inferral cache has 14 tilings in it right now
There are 11 tilings in the search tree
Time taken so far is 0.030677080154418945 seconds

Doing depth 2
We had 9 inferral cache hits and 108 partitioning cache hits
The partitioning cache has 0 tilings in it right now
The inferral cache has 130 tilings in it right now
There are 78 tilings in the search tree
Time taken so far is 0.56929612159729 seconds

Doing depth 3
We had 121 inferral cache hits and 914 partitioning cache hits
The partitioning cache has 0 tilings in it right now
The inferral cache has 1623 tilings in it right now
There are 839 tilings in the search tree
Time taken so far is 13.577625751495361 seconds

Doing depth 4
We had 3567 inferral cache hits and 12296 partitioning cache hits
The partitioning cache has 0 tilings in it right now
The inferral cache has 24209 tilings in it right now
There are 11285 tilings in the search tree
Time taken so far is 373.0461688041687 seconds

Now processing 0132_1203_2013_2301
Doing depth 1
We had 0 inferral cache hits and 9 partitioning cache hits
The partitioning cache has 0 tilings in it right now
The inferral cache has 14 tilings in it right now
There are 11 tilings in the search tree
Time taken so far is 0.03061532974243164 seconds

Doing depth 2
We had 9 inferral cache hits and 108 partitioning cache hits
The partitioning cache has 0 tilings in it right now
The inferral cache has 137 tilings in it right now
There are 78 tilings in the search tree
Time taken so far is 0.6016499996185303 seconds

Doing depth 3
We had 116 inferral cache hits and 914 partitioning cache hits
The partitioning cache has 0 tilings in it right now
The inferral cache has 1757 tilings in it right now
There are 918 tilings in the search tree
Time taken so far is 15.35854697227478 seconds

Doing depth 4
We had 1522 inferral cache hits and 6327 partitioning cache hits
The partitioning cache has 99 tilings in it right now
The inferral cache has 9657 tilings in it right now
There are 4946 tilings in the search tree
Time taken so far is 155.22490906715393 seconds

Now processing 0132_1203_2301_3012
Doing depth 1
We had 0 inferral cache hits and 9 partitioning cache hits
The partitioning cache has 0 tilings in it right now
The inferral cache has 14 tilings in it right now
There are 11 tilings in the search tree
Time taken so far is 0.03838396072387695 seconds

Doing depth 2
We had 9 inferral cache hits and 108 partitioning cache hits
The partitioning cache has 0 tilings in it right now
The inferral cache has 132 tilings in it right now
There are 78 tilings in the search tree
Time taken so far is 0.6964147090911865 seconds

Doing depth 3
We had 114 inferral cache hits and 914 partitioning cache hits
The partitioning cache has 0 tilings in it right now
The inferral cache has 1738 tilings in it right now
There are 879 tilings in the search tree
Time taken so far is 14.632251024246216 seconds

Doing depth 4
We had 3830 inferral cache hits and 12909 partitioning cache hits
The partitioning cache has 0 tilings in it right now
The inferral cache has 26462 tilings in it right now
There are 12218 tilings in the search tree
Time taken so far is 410.8773512840271 seconds

Now processing 0132_1230_2301_3012
Doing depth 1
We had 0 inferral cache hits and 9 partitioning cache hits
The partitioning cache has 0 tilings in it right now
The inferral cache has 14 tilings in it right now
There are 11 tilings in the search tree
Time taken so far is 0.03847956657409668 seconds

Doing depth 2
We had 10 inferral cache hits and 108 partitioning cache hits
The partitioning cache has 0 tilings in it right now
The inferral cache has 126 tilings in it right now
There are 78 tilings in the search tree
Time taken so far is 0.6870379447937012 seconds

Doing depth 3
We had 116 inferral cache hits and 914 partitioning cache hits
The partitioning cache has 0 tilings in it right now
The inferral cache has 1609 tilings in it right now
There are 826 tilings in the search tree
Time taken so far is 13.443059921264648 seconds

Doing depth 4
We had 3251 inferral cache hits and 12146 partitioning cache hits
The partitioning cache has 0 tilings in it right now
The inferral cache has 24297 tilings in it right now
There are 11059 tilings in the search tree
Time taken so far is 397.3486580848694 seconds

Now processing 0132_1302_1320_2301
Doing depth 1
We had 0 inferral cache hits and 9 partitioning cache hits
The partitioning cache has 0 tilings in it right now
The inferral cache has 13 tilings in it right now
There are 11 tilings in the search tree
Time taken so far is 0.03942608833312988 seconds

Doing depth 2
We had 9 inferral cache hits and 108 partitioning cache hits
The partitioning cache has 0 tilings in it right now
The inferral cache has 135 tilings in it right now
There are 78 tilings in the search tree
Time taken so far is 0.7160201072692871 seconds

Doing depth 3
We had 126 inferral cache hits and 914 partitioning cache hits
The partitioning cache has 0 tilings in it right now
The inferral cache has 1738 tilings in it right now
There are 909 tilings in the search tree
Time taken so far is 15.382513999938965 seconds

Doing depth 4
We had 4077 inferral cache hits and 12428 partitioning cache hits
The partitioning cache has 0 tilings in it right now
The inferral cache has 25657 tilings in it right now
There are 12261 tilings in the search tree
Time taken so far is 425.5308303833008 seconds

Now processing 0132_1302_2301_3120
Doing depth 1
We had 0 inferral cache hits and 9 partitioning cache hits
The partitioning cache has 0 tilings in it right now
The inferral cache has 14 tilings in it right now
There are 11 tilings in the search tree
Time taken so far is 0.03043079376220703 seconds

Doing depth 2
We had 9 inferral cache hits and 108 partitioning cache hits
The partitioning cache has 0 tilings in it right now
The inferral cache has 139 tilings in it right now
There are 78 tilings in the search tree
Time taken so far is 0.5894901752471924 seconds

Doing depth 3
We had 120 inferral cache hits and 914 partitioning cache hits
The partitioning cache has 0 tilings in it right now
The inferral cache has 1850 tilings in it right now
There are 939 tilings in the search tree
Time taken so far is 15.399991750717163 seconds

Doing depth 4
We had 3687 inferral cache hits and 11201 partitioning cache hits
The partitioning cache has 41 tilings in it right now
The inferral cache has 23543 tilings in it right now
There are 11056 tilings in the search tree
Time taken so far is 367.11855912208557 seconds

