/users/home/henningu/ATRAP/non-regular-insertion-encodable-bases/logs1
-----------------------------------------------------------------
Now processing 0231

Attempt 0 with the following strategies:
Batch: all_cell_insertions, all_row_placements, all_column_placements
Equivalent: all_equivalent_row_placements, all_equivalent_column_placements
Inferral: empty_cell_inferral, row_and_column_separation, subclass_inferral
Recursive: components, reversibly_deletable_cells
Verification: subset_verified, is_empty
Doing depth 1
Doing depth 2
Doing depth 3
Doing depth 4
Doing depth 5
Doing depth 6
Ran out of time, without finding a proof tree

Attempt 1 with the following strategies:
Batch: all_cell_insertions, all_row_placements, all_column_placements
Equivalent: all_equivalent_row_placements, all_equivalent_column_placements
Inferral: empty_cell_inferral, row_and_column_separation, subclass_inferral
Recursive: splittings
Verification: subset_verified, is_empty
Doing depth 1
Doing depth 2
Doing depth 3
Doing depth 4
Doing depth 5
Doing depth 6
Ran out of time, without finding a proof tree

Attempt 2 with the following strategies:
Batch: all_cell_insertions, all_row_placements, all_column_placements
Equivalent: all_equivalent_row_placements, all_equivalent_column_placements, point_separation
Inferral: empty_cell_inferral, row_and_column_separation, subclass_inferral
Recursive: components, reversibly_deletable_cells
Verification: subset_verified, is_empty
Doing depth 1
Doing depth 2
Doing depth 3
Doing depth 4
Doing depth 5
Doing depth 6
Ran out of time, without finding a proof tree

Attempt 3 with the following strategies:
Batch: all_cell_insertions, all_row_placements, all_column_placements
Equivalent: all_equivalent_row_placements, all_equivalent_column_placements, point_separation
Inferral: empty_cell_inferral, row_and_column_separation, subclass_inferral
Recursive: splittings
Verification: subset_verified, is_empty
Doing depth 1
Doing depth 2
Doing depth 3
Doing depth 4
Doing depth 5
Doing depth 6
Ran out of time, without finding a proof tree

Attempt 4 with the following strategies:
Batch: all_cell_insertions, all_point_isolations
Equivalent: point_separation, all_equivalent_point_isolations
Inferral: empty_cell_inferral, row_and_column_separation, subclass_inferral
Recursive: components, reversibly_deletable_cells
Verification: subset_verified, is_empty
Doing depth 1
Doing depth 2
Doing depth 3
Doing depth 4
Doing depth 5
Doing depth 6
Ran out of time, without finding a proof tree

Attempt 5 with the following strategies:
Batch: all_cell_insertions, all_point_isolations
Equivalent: point_separation, all_equivalent_point_isolations
Inferral: empty_cell_inferral, row_and_column_separation, subclass_inferral
Recursive: splittings
Verification: subset_verified, is_empty
Doing depth 1
Doing depth 2
Doing depth 3
Doing depth 4
Doing depth 5
Doing depth 6
Ran out of time, without finding a proof tree

Attempt 6 with the following strategies:
Batch: all_cell_insertions, all_row_placements
Equivalent: all_equivalent_row_placements
Inferral: empty_cell_inferral, row_and_column_separation, subclass_inferral
Recursive: components, reversibly_deletable_cells
Verification: subset_verified, is_empty
Doing depth 1
Doing depth 2
Doing depth 3
Doing depth 4
Doing depth 5
Doing depth 6
Doing depth 7
Doing depth 8
Doing depth 9
Doing depth 10
Ran out of time, without finding a proof tree

Attempt 7 with the following strategies:
Batch: all_cell_insertions, all_row_placements
Equivalent: all_equivalent_row_placements
Inferral: empty_cell_inferral, row_and_column_separation, subclass_inferral
Recursive: splittings
Verification: subset_verified, is_empty
Doing depth 1
Doing depth 2
Doing depth 3
Doing depth 4
Doing depth 5
Doing depth 6
Doing depth 7
Doing depth 8
Doing depth 9
Doing depth 10
Ran out of time, without finding a proof tree

Attempt 8 with the following strategies:
Batch: all_cell_insertions, all_row_placements
Equivalent: all_equivalent_row_placements, point_separation
Inferral: empty_cell_inferral, row_and_column_separation, subclass_inferral
Recursive: components, reversibly_deletable_cells
Verification: subset_verified, is_empty
Doing depth 1
Doing depth 2
Doing depth 3
Doing depth 4
Doing depth 5
Doing depth 6
Ran out of time, without finding a proof tree

Attempt 9 with the following strategies:
Batch: all_cell_insertions, all_row_placements
Equivalent: all_equivalent_row_placements, point_separation
Inferral: empty_cell_inferral, row_and_column_separation, subclass_inferral
Recursive: splittings
Verification: subset_verified, is_empty
Doing depth 1
Doing depth 2
Doing depth 3
Doing depth 4
Doing depth 5
Doing depth 6
Doing depth 7
Ran out of time, without finding a proof tree

Attempt 10 with the following strategies:
Batch: all_cell_insertions, all_minimum_row_placements
Equivalent: all_equivalent_minimum_row_placements
Inferral: empty_cell_inferral, row_and_column_separation, subclass_inferral
Recursive: components, reversibly_deletable_cells
Verification: subset_verified, is_empty
Doing depth 1
Doing depth 2
Doing depth 3
Doing depth 4
Doing depth 5
Doing depth 6
Doing depth 7
Doing depth 8
Doing depth 9
Doing depth 10
Doing depth 11
Ran out of time, without finding a proof tree

Attempt 11 with the following strategies:
Batch: all_cell_insertions, all_minimum_row_placements
Equivalent: all_equivalent_minimum_row_placements
Inferral: empty_cell_inferral, row_and_column_separation, subclass_inferral
Recursive: splittings
Verification: subset_verified, is_empty
Doing depth 1
Doing depth 2
Doing depth 3
Doing depth 4
Doing depth 5
Doing depth 6
Doing depth 7
Doing depth 8
Doing depth 9
Doing depth 10
Doing depth 11
Ran out of time, without finding a proof tree

Attempt 12 with the following strategies:
Batch: all_cell_insertions, all_minimum_row_placements
Equivalent: all_equivalent_minimum_row_placements, point_separation
Inferral: empty_cell_inferral, row_and_column_separation, subclass_inferral
Recursive: components, reversibly_deletable_cells
Verification: subset_verified, is_empty
Doing depth 1
Doing depth 2
Doing depth 3
Doing depth 4
Doing depth 5
Doing depth 6
Ran out of time, without finding a proof tree

Attempt 13 with the following strategies:
Batch: all_cell_insertions, all_minimum_row_placements
Equivalent: all_equivalent_minimum_row_placements, point_separation
Inferral: empty_cell_inferral, row_and_column_separation, subclass_inferral
Recursive: splittings
Verification: subset_verified, is_empty
Doing depth 1
Doing depth 2
Doing depth 3
Doing depth 4
Doing depth 5
Doing depth 6
Doing depth 7
Ran out of time, without finding a proof tree

Attempt 14 with the following strategies:
Batch: all_cell_insertions, all_column_placements
Equivalent: all_equivalent_column_placements
Inferral: empty_cell_inferral, row_and_column_separation, subclass_inferral
Recursive: components, reversibly_deletable_cells
Verification: subset_verified, is_empty
Doing depth 1
Doing depth 2
Doing depth 3
Doing depth 4
Doing depth 5
Doing depth 6
Doing depth 7
Doing depth 8
Doing depth 9
Doing depth 10
Ran out of time, without finding a proof tree

Attempt 15 with the following strategies:
Batch: all_cell_insertions, all_column_placements
Equivalent: all_equivalent_column_placements
Inferral: empty_cell_inferral, row_and_column_separation, subclass_inferral
Recursive: splittings
Verification: subset_verified, is_empty
Doing depth 1
Doing depth 2
Doing depth 3
Doing depth 4
Doing depth 5
Doing depth 6
Doing depth 7
Doing depth 8
Doing depth 9
Doing depth 10
Ran out of time, without finding a proof tree

Attempt 16 with the following strategies:
Batch: all_cell_insertions, all_column_placements
Equivalent: all_equivalent_column_placements, point_separation
Inferral: empty_cell_inferral, row_and_column_separation, subclass_inferral
Recursive: components, reversibly_deletable_cells
Verification: subset_verified, is_empty
Doing depth 1
Doing depth 2
Doing depth 3
Doing depth 4
Doing depth 5
Doing depth 6
Ran out of time, without finding a proof tree

Attempt 17 with the following strategies:
Batch: all_cell_insertions, all_column_placements
Equivalent: all_equivalent_column_placements, point_separation
Inferral: empty_cell_inferral, row_and_column_separation, subclass_inferral
Recursive: splittings
Verification: subset_verified, is_empty
Doing depth 1
Doing depth 2
Doing depth 3
Doing depth 4
Doing depth 5
Doing depth 6
Doing depth 7
Ran out of time, without finding a proof tree

Attempt 18 with the following strategies:
Batch: all_cell_insertions, all_leftmost_column_placements
Equivalent: all_equivalent_leftmost_column_placements
Inferral: empty_cell_inferral, row_and_column_separation, subclass_inferral
Recursive: components, reversibly_deletable_cells
Verification: subset_verified, is_empty
Doing depth 1
Doing depth 2
Doing depth 3
Doing depth 4
Doing depth 5
Doing depth 6
Doing depth 7
Doing depth 8
Doing depth 9
Doing depth 10
Doing depth 11
Doing depth 12
Ran out of time, without finding a proof tree

Attempt 19 with the following strategies:
Batch: all_cell_insertions, all_leftmost_column_placements
Equivalent: all_equivalent_leftmost_column_placements
Inferral: empty_cell_inferral, row_and_column_separation, subclass_inferral
Recursive: splittings
Verification: subset_verified, is_empty
Doing depth 1
Doing depth 2
Doing depth 3
Doing depth 4
Doing depth 5
Doing depth 6
Doing depth 7
Doing depth 8
Doing depth 9
Doing depth 10
Doing depth 11
Ran out of time, without finding a proof tree

Attempt 20 with the following strategies:
Batch: all_cell_insertions, all_leftmost_column_placements
Equivalent: all_equivalent_leftmost_column_placements, point_separation
Inferral: empty_cell_inferral, row_and_column_separation, subclass_inferral
Recursive: components, reversibly_deletable_cells
Verification: subset_verified, is_empty
Doing depth 1
Doing depth 2
Doing depth 3
Doing depth 4
Doing depth 5
Doing depth 6
Ran out of time, without finding a proof tree

Attempt 21 with the following strategies:
Batch: all_cell_insertions, all_leftmost_column_placements
Equivalent: all_equivalent_leftmost_column_placements, point_separation
Inferral: empty_cell_inferral, row_and_column_separation, subclass_inferral
Recursive: splittings
Verification: subset_verified, is_empty
Doing depth 1
Doing depth 2
Doing depth 3
Doing depth 4
Doing depth 5
Doing depth 6
Doing depth 7
Ran out of time, without finding a proof tree
-----------------------------------------------------------------
Now processing 0321

Attempt 0 with the following strategies:
Batch: all_cell_insertions, all_row_placements, all_column_placements
Equivalent: all_equivalent_row_placements, all_equivalent_column_placements
Inferral: empty_cell_inferral, row_and_column_separation, subclass_inferral
Recursive: components, reversibly_deletable_cells
Verification: subset_verified, is_empty
Doing depth 1
Doing depth 2
Doing depth 3
Doing depth 4
Doing depth 5
Doing depth 6
Ran out of time, without finding a proof tree

Attempt 1 with the following strategies:
Batch: all_cell_insertions, all_row_placements, all_column_placements
Equivalent: all_equivalent_row_placements, all_equivalent_column_placements
Inferral: empty_cell_inferral, row_and_column_separation, subclass_inferral
Recursive: splittings
Verification: subset_verified, is_empty
Doing depth 1
Doing depth 2
Doing depth 3
Doing depth 4
Doing depth 5
Doing depth 6
Doing depth 7
Ran out of time, without finding a proof tree

Attempt 2 with the following strategies:
Batch: all_cell_insertions, all_row_placements, all_column_placements
Equivalent: all_equivalent_row_placements, all_equivalent_column_placements, point_separation
Inferral: empty_cell_inferral, row_and_column_separation, subclass_inferral
Recursive: components, reversibly_deletable_cells
Verification: subset_verified, is_empty
Doing depth 1
Doing depth 2
Doing depth 3
Doing depth 4
Doing depth 5
Doing depth 6
Ran out of time, without finding a proof tree

Attempt 3 with the following strategies:
Batch: all_cell_insertions, all_row_placements, all_column_placements
Equivalent: all_equivalent_row_placements, all_equivalent_column_placements, point_separation
Inferral: empty_cell_inferral, row_and_column_separation, subclass_inferral
Recursive: splittings
Verification: subset_verified, is_empty
Doing depth 1
Doing depth 2
Doing depth 3
Doing depth 4
Doing depth 5
Doing depth 6
Ran out of time, without finding a proof tree

Attempt 4 with the following strategies:
Batch: all_cell_insertions, all_point_isolations
Equivalent: point_separation, all_equivalent_point_isolations
Inferral: empty_cell_inferral, row_and_column_separation, subclass_inferral
Recursive: components, reversibly_deletable_cells
Verification: subset_verified, is_empty
Doing depth 1
Doing depth 2
Doing depth 3
Doing depth 4
Doing depth 5
Doing depth 6
Ran out of time, without finding a proof tree

Attempt 5 with the following strategies:
Batch: all_cell_insertions, all_point_isolations
Equivalent: point_separation, all_equivalent_point_isolations
Inferral: empty_cell_inferral, row_and_column_separation, subclass_inferral
Recursive: splittings
Verification: subset_verified, is_empty
Doing depth 1
Doing depth 2
Doing depth 3
Doing depth 4
Doing depth 5
Doing depth 6
Ran out of time, without finding a proof tree

Attempt 6 with the following strategies:
Batch: all_cell_insertions, all_row_placements
Equivalent: all_equivalent_row_placements
Inferral: empty_cell_inferral, row_and_column_separation, subclass_inferral
Recursive: components, reversibly_deletable_cells
Verification: subset_verified, is_empty
Doing depth 1
Doing depth 2
Doing depth 3
Doing depth 4
Doing depth 5
Doing depth 6
Doing depth 7
Doing depth 8
Doing depth 9
Doing depth 10
Ran out of time, without finding a proof tree

Attempt 7 with the following strategies:
Batch: all_cell_insertions, all_row_placements
Equivalent: all_equivalent_row_placements
Inferral: empty_cell_inferral, row_and_column_separation, subclass_inferral
Recursive: splittings
Verification: subset_verified, is_empty
Doing depth 1
Doing depth 2
Doing depth 3
Doing depth 4
Doing depth 5
Doing depth 6
Doing depth 7
Doing depth 8
Doing depth 9
Doing depth 10
Ran out of time, without finding a proof tree

Attempt 8 with the following strategies:
Batch: all_cell_insertions, all_row_placements
Equivalent: all_equivalent_row_placements, point_separation
Inferral: empty_cell_inferral, row_and_column_separation, subclass_inferral
Recursive: components, reversibly_deletable_cells
Verification: subset_verified, is_empty
Doing depth 1
Doing depth 2
Doing depth 3
Doing depth 4
Doing depth 5
Doing depth 6
Ran out of time, without finding a proof tree

Attempt 9 with the following strategies:
Batch: all_cell_insertions, all_row_placements
Equivalent: all_equivalent_row_placements, point_separation
Inferral: empty_cell_inferral, row_and_column_separation, subclass_inferral
Recursive: splittings
Verification: subset_verified, is_empty
Doing depth 1
Doing depth 2
Doing depth 3
Doing depth 4
Doing depth 5
Doing depth 6
Doing depth 7
Ran out of time, without finding a proof tree

Attempt 10 with the following strategies:
Batch: all_cell_insertions, all_minimum_row_placements
Equivalent: all_equivalent_minimum_row_placements
Inferral: empty_cell_inferral, row_and_column_separation, subclass_inferral
Recursive: components, reversibly_deletable_cells
Verification: subset_verified, is_empty
Doing depth 1
Doing depth 2
Doing depth 3
Doing depth 4
Doing depth 5
Doing depth 6
Doing depth 7
Doing depth 8
Doing depth 9
Doing depth 10
Doing depth 11
Ran out of time, without finding a proof tree

Attempt 11 with the following strategies:
Batch: all_cell_insertions, all_minimum_row_placements
Equivalent: all_equivalent_minimum_row_placements
Inferral: empty_cell_inferral, row_and_column_separation, subclass_inferral
Recursive: splittings
Verification: subset_verified, is_empty
Doing depth 1
Doing depth 2
Doing depth 3
Doing depth 4
Doing depth 5
Doing depth 6
Doing depth 7
Doing depth 8
Doing depth 9
Doing depth 10
Doing depth 11
Ran out of time, without finding a proof tree

Attempt 12 with the following strategies:
Batch: all_cell_insertions, all_minimum_row_placements
Equivalent: all_equivalent_minimum_row_placements, point_separation
Inferral: empty_cell_inferral, row_and_column_separation, subclass_inferral
Recursive: components, reversibly_deletable_cells
Verification: subset_verified, is_empty
Doing depth 1
Doing depth 2
Doing depth 3
Doing depth 4
Doing depth 5
Doing depth 6
Ran out of time, without finding a proof tree

Attempt 13 with the following strategies:
Batch: all_cell_insertions, all_minimum_row_placements
Equivalent: all_equivalent_minimum_row_placements, point_separation
Inferral: empty_cell_inferral, row_and_column_separation, subclass_inferral
Recursive: splittings
Verification: subset_verified, is_empty
Doing depth 1
Doing depth 2
Doing depth 3
Doing depth 4
Doing depth 5
Doing depth 6
Doing depth 7
Ran out of time, without finding a proof tree

Attempt 14 with the following strategies:
Batch: all_cell_insertions, all_column_placements
Equivalent: all_equivalent_column_placements
Inferral: empty_cell_inferral, row_and_column_separation, subclass_inferral
Recursive: components, reversibly_deletable_cells
Verification: subset_verified, is_empty
Doing depth 1
Doing depth 2
Doing depth 3
Doing depth 4
Doing depth 5
Doing depth 6
Doing depth 7
Doing depth 8
Doing depth 9
Doing depth 10
Ran out of time, without finding a proof tree

Attempt 15 with the following strategies:
Batch: all_cell_insertions, all_column_placements
Equivalent: all_equivalent_column_placements
Inferral: empty_cell_inferral, row_and_column_separation, subclass_inferral
Recursive: splittings
Verification: subset_verified, is_empty
Doing depth 1
Doing depth 2
Doing depth 3
Doing depth 4
Doing depth 5
Doing depth 6
Doing depth 7
Doing depth 8
Doing depth 9
Doing depth 10
Ran out of time, without finding a proof tree

Attempt 16 with the following strategies:
Batch: all_cell_insertions, all_column_placements
Equivalent: all_equivalent_column_placements, point_separation
Inferral: empty_cell_inferral, row_and_column_separation, subclass_inferral
Recursive: components, reversibly_deletable_cells
Verification: subset_verified, is_empty
Doing depth 1
Doing depth 2
Doing depth 3
Doing depth 4
Doing depth 5
Doing depth 6
Ran out of time, without finding a proof tree

Attempt 17 with the following strategies:
Batch: all_cell_insertions, all_column_placements
Equivalent: all_equivalent_column_placements, point_separation
Inferral: empty_cell_inferral, row_and_column_separation, subclass_inferral
Recursive: splittings
Verification: subset_verified, is_empty
Doing depth 1
Doing depth 2
Doing depth 3
Doing depth 4
Doing depth 5
Doing depth 6
Doing depth 7
Ran out of time, without finding a proof tree

Attempt 18 with the following strategies:
Batch: all_cell_insertions, all_leftmost_column_placements
Equivalent: all_equivalent_leftmost_column_placements
Inferral: empty_cell_inferral, row_and_column_separation, subclass_inferral
Recursive: components, reversibly_deletable_cells
Verification: subset_verified, is_empty
Doing depth 1
Doing depth 2
Doing depth 3
Doing depth 4
Doing depth 5
Doing depth 6
Doing depth 7
Doing depth 8
Doing depth 9
Doing depth 10
Doing depth 11
Ran out of time, without finding a proof tree

Attempt 19 with the following strategies:
Batch: all_cell_insertions, all_leftmost_column_placements
Equivalent: all_equivalent_leftmost_column_placements
Inferral: empty_cell_inferral, row_and_column_separation, subclass_inferral
Recursive: splittings
Verification: subset_verified, is_empty
Doing depth 1
Doing depth 2
Doing depth 3
Doing depth 4
Doing depth 5
Doing depth 6
Doing depth 7
Doing depth 8
Doing depth 9
Doing depth 10
Doing depth 11
Ran out of time, without finding a proof tree

Attempt 20 with the following strategies:
Batch: all_cell_insertions, all_leftmost_column_placements
Equivalent: all_equivalent_leftmost_column_placements, point_separation
Inferral: empty_cell_inferral, row_and_column_separation, subclass_inferral
Recursive: components, reversibly_deletable_cells
Verification: subset_verified, is_empty
Doing depth 1
Doing depth 2
Doing depth 3
Doing depth 4
Doing depth 5
Doing depth 6
Ran out of time, without finding a proof tree

Attempt 21 with the following strategies:
Batch: all_cell_insertions, all_leftmost_column_placements
Equivalent: all_equivalent_leftmost_column_placements, point_separation
Inferral: empty_cell_inferral, row_and_column_separation, subclass_inferral
Recursive: splittings
Verification: subset_verified, is_empty
Doing depth 1
Doing depth 2
Doing depth 3
Doing depth 4
Doing depth 5
Doing depth 6
Doing depth 7
Ran out of time, without finding a proof tree
