/users/home/henningu/ATRAP/non-regular-insertion-encodable-bases/logs2
-----------------------------------------------------------------
Now processing 0132_1203

Attempt 0 with the following strategies:
Batch: all_cell_insertions, all_row_and_column_insertions, all_point_isolations
Equivalent: all_point_placements, all_equivalent_point_isolations, point_separation
Inferral: empty_cell_inferral, row_and_column_separation, subclass_inferral
Recursive: splittings
Verification: subset_verified, is_empty
Using the 1 symmetries of the basis
Doing depth 1
Doing depth 2
Doing depth 3
Doing depth 4
Doing depth 5
Ran out of time, without finding a proof tree

Attempt 1 with the following strategies:
Batch: extreme_point_boundaries, all_cell_insertions, all_row_and_column_insertions, all_point_isolations
Equivalent: all_point_placements, all_equivalent_point_isolations, point_separation
Inferral: empty_cell_inferral, row_and_column_separation, subclass_inferral
Recursive: splittings
Verification: subset_verified, is_empty
Using the 1 symmetries of the basis
Doing depth 1
Doing depth 2
Doing depth 3
Ran out of time, without finding a proof tree

Attempt 2 with the following strategies:
Batch: all_cell_insertions, all_minimum_row_placements
Equivalent: all_equivalent_minimum_row_placements
Inferral: empty_cell_inferral, row_and_column_separation, subclass_inferral
Recursive: 
Verification: subset_verified, is_empty
Using the 1 symmetries of the basis
Doing depth 1
Doing depth 2
Doing depth 3
Doing depth 4
Doing depth 5
Doing depth 6
Doing depth 7
Doing depth 8
Doing depth 9
Doing depth 10
Doing depth 11
Doing depth 12
Doing depth 13
Doing depth 14
Doing depth 15
Doing depth 16
Doing depth 17
Ran out of time, without finding a proof tree

Attempt 3 with the following strategies:
Batch: all_cell_insertions, all_row_placements
Equivalent: all_equivalent_row_placements
Inferral: empty_cell_inferral, row_and_column_separation, subclass_inferral
Recursive: 
Verification: subset_verified, is_empty
Using the 1 symmetries of the basis
Doing depth 1
Doing depth 2
Doing depth 3
Doing depth 4
Doing depth 5
Doing depth 6
Doing depth 7
Doing depth 8
Doing depth 9
Doing depth 10
Doing depth 11
Doing depth 12
Doing depth 13
Ran out of time, without finding a proof tree

Attempt 4 with the following strategies:
Batch: all_cell_insertions, all_leftmost_column_placements
Equivalent: all_equivalent_leftmost_column_placements
Inferral: empty_cell_inferral, row_and_column_separation, subclass_inferral
Recursive: 
Verification: subset_verified, is_empty
Using the 1 symmetries of the basis
Doing depth 1
Doing depth 2
Doing depth 3
Doing depth 4
Doing depth 5
Doing depth 6
Doing depth 7
Doing depth 8
Doing depth 9
Doing depth 10
Doing depth 11
Doing depth 12
Doing depth 13
Doing depth 14
Doing depth 15
Doing depth 16
Ran out of time, without finding a proof tree

Attempt 5 with the following strategies:
Batch: all_cell_insertions, all_column_placements
Equivalent: all_equivalent_column_placements
Inferral: empty_cell_inferral, row_and_column_separation, subclass_inferral
Recursive: 
Verification: subset_verified, is_empty
Using the 1 symmetries of the basis
Doing depth 1
Doing depth 2
Doing depth 3
Doing depth 4
Doing depth 5
Doing depth 6
Doing depth 7
Doing depth 8
Doing depth 9
Doing depth 10
Ran out of time, without finding a proof tree

Attempt 6 with the following strategies:
Batch: all_cell_insertions, all_row_placements, all_column_placements
Equivalent: all_equivalent_row_placements, all_equivalent_column_placements
Inferral: empty_cell_inferral, row_and_column_separation, subclass_inferral
Recursive: components, reversibly_deletable_cells
Verification: subset_verified, is_empty
Using the 1 symmetries of the basis
Doing depth 1
Doing depth 2
Doing depth 3
Doing depth 4
Doing depth 5
Doing depth 6
Ran out of time, without finding a proof tree

Attempt 7 with the following strategies:
Batch: all_cell_insertions, all_row_and_column_insertions, all_point_isolations
Equivalent: all_point_placements, all_equivalent_point_isolations, point_separation
Inferral: empty_cell_inferral, row_and_column_separation, subclass_inferral
Recursive: 
Verification: subset_verified, is_empty
Using the 1 symmetries of the basis
Doing depth 1
Doing depth 2
Doing depth 3
Doing depth 4
Doing depth 5
Ran out of time, without finding a proof tree

Attempt 8 with the following strategies:
Batch: all_row_and_column_insertions, all_point_isolations
Equivalent: all_equivalent_point_isolations
Inferral: empty_cell_inferral, row_and_column_separation, subclass_inferral
Recursive: components, reversibly_deletable_cells
Verification: subset_verified, is_empty
Using the 1 symmetries of the basis
Doing depth 1
Doing depth 2
Doing depth 3
Doing depth 4
Doing depth 5
Ran out of time, without finding a proof tree

Attempt 9 with the following strategies:
Batch: all_cell_insertions, all_row_and_column_insertions, all_point_isolations
Equivalent: all_equivalent_point_isolations
Inferral: empty_cell_inferral, row_and_column_separation, subclass_inferral
Recursive: components, reversibly_deletable_cells
Verification: subset_verified, is_empty
Using the 1 symmetries of the basis
Doing depth 1
Doing depth 2
Doing depth 3
Doing depth 4
Doing depth 5
Ran out of time, without finding a proof tree

Attempt 10 with the following strategies:
Batch: all_cell_insertions, all_row_and_column_insertions, all_point_isolations
Equivalent: all_equivalent_point_isolations, point_separation
Inferral: empty_cell_inferral, row_and_column_separation, subclass_inferral
Recursive: components, reversibly_deletable_cells
Verification: subset_verified, is_empty
Using the 1 symmetries of the basis
Doing depth 1
Doing depth 2
Doing depth 3
Doing depth 4
Doing depth 5
Ran out of time, without finding a proof tree

Attempt 11 with the following strategies:
Batch: all_row_and_column_insertions, all_point_isolations
Equivalent: all_equivalent_point_isolations
Inferral: empty_cell_inferral, row_and_column_separation, subclass_inferral
Recursive: splittings
Verification: subset_verified, is_empty
Using the 1 symmetries of the basis
Doing depth 1
Doing depth 2
Doing depth 3
Doing depth 4
Doing depth 5
Ran out of time, without finding a proof tree

Attempt 12 with the following strategies:
Batch: all_cell_insertions, all_row_and_column_insertions, all_point_isolations
Equivalent: all_equivalent_point_isolations
Inferral: empty_cell_inferral, row_and_column_separation, subclass_inferral
Recursive: splittings
Verification: subset_verified, is_empty
Using the 1 symmetries of the basis
Doing depth 1
Doing depth 2
Doing depth 3
Doing depth 4
Doing depth 5
Ran out of time, without finding a proof tree

Attempt 13 with the following strategies:
Batch: all_cell_insertions, all_row_and_column_insertions, all_point_isolations
Equivalent: all_equivalent_point_isolations, point_separation
Inferral: empty_cell_inferral, row_and_column_separation, subclass_inferral
Recursive: splittings
Verification: subset_verified, is_empty
Using the 1 symmetries of the basis
Doing depth 1
Doing depth 2
Doing depth 3
Doing depth 4
Doing depth 5
Ran out of time, without finding a proof tree

Attempt 14 with the following strategies:
Batch: all_cell_insertions, all_row_placements, all_column_placements, all_321_boundaries
Equivalent: all_equivalent_row_placements, all_equivalent_column_placements
Inferral: empty_cell_inferral, row_and_column_separation, subclass_inferral
Recursive: components, reversibly_deletable_cells
Verification: subset_verified, is_empty
Using the 1 symmetries of the basis
Doing depth 1
Doing depth 2
Doing depth 3
Doing depth 4
Doing depth 5
Doing depth 6
Ran out of time, without finding a proof tree

Attempt 15 with the following strategies:
Batch: all_cell_insertions, all_row_placements, all_column_placements, all_321_boundaries
Equivalent: all_equivalent_row_placements, all_equivalent_column_placements
Inferral: empty_cell_inferral, row_and_column_separation, subclass_inferral
Recursive: splittings
Verification: subset_verified, is_empty
Using the 1 symmetries of the basis
Doing depth 1
Doing depth 2
Doing depth 3
Doing depth 4
Doing depth 5
Doing depth 6
Ran out of time, without finding a proof tree

Attempt 16 with the following strategies:
Batch: all_cell_insertions, all_321_boundaries
Equivalent: all_point_placements
Inferral: empty_cell_inferral, row_and_column_separation, subclass_inferral
Recursive: components, reversibly_deletable_cells
Verification: subset_verified, is_empty
Using the 1 symmetries of the basis
Doing depth 1
Doing depth 2
Doing depth 3
Doing depth 4
Doing depth 5
Ran out of time, without finding a proof tree

Attempt 17 with the following strategies:
Batch: all_cell_insertions, all_321_boundaries
Equivalent: all_point_placements
Inferral: empty_cell_inferral, row_and_column_separation, subclass_inferral
Recursive: splittings
Verification: subset_verified, is_empty
Using the 1 symmetries of the basis
Doing depth 1
Doing depth 2
Doing depth 3
Doing depth 4
Doing depth 5
Ran out of time, without finding a proof tree

Attempt 18 with the following strategies:
Batch: all_cell_insertions, all_lrm_and_rlm_placements
Equivalent: all_point_placements
Inferral: empty_cell_inferral, row_and_column_separation, subclass_inferral
Recursive: components, reversibly_deletable_cells
Verification: subset_verified, is_empty
Using the 1 symmetries of the basis
Doing depth 1
Doing depth 2
Doing depth 3
Doing depth 4
Doing depth 5
Ran out of time, without finding a proof tree

Attempt 19 with the following strategies:
Batch: all_cell_insertions, all_lrm_and_rlm_placements
Equivalent: all_point_placements
Inferral: empty_cell_inferral, row_and_column_separation, subclass_inferral
Recursive: splittings
Verification: subset_verified, is_empty
Using the 1 symmetries of the basis
Doing depth 1
Doing depth 2
Doing depth 3
Doing depth 4
Doing depth 5
Ran out of time, without finding a proof tree

Attempt 20 with the following strategies:
Batch: all_cell_insertions, all_row_placements, all_column_placements, all_lrm_and_rlm_placements
Equivalent: all_equivalent_row_placements, all_equivalent_column_placements
Inferral: empty_cell_inferral, row_and_column_separation, subclass_inferral
Recursive: components, reversibly_deletable_cells
Verification: subset_verified, is_empty
Using the 1 symmetries of the basis
Doing depth 1
Doing depth 2
Doing depth 3
Doing depth 4
Doing depth 5
Doing depth 6
Ran out of time, without finding a proof tree

Attempt 21 with the following strategies:
Batch: all_cell_insertions, all_row_placements, all_column_placements, all_lrm_and_rlm_placements
Equivalent: all_equivalent_row_placements, all_equivalent_column_placements
Inferral: empty_cell_inferral, row_and_column_separation, subclass_inferral
Recursive: splittings
Verification: subset_verified, is_empty
Using the 1 symmetries of the basis
Doing depth 1
Doing depth 2
Doing depth 3
Doing depth 4
Doing depth 5
Ran out of time, without finding a proof tree

Attempt 22 with the following strategies:
Batch: all_cell_insertions
Equivalent: all_point_placements
Inferral: empty_cell_inferral, row_and_column_separation, subclass_inferral
Recursive: components, reversibly_deletable_cells
Verification: subset_verified, is_empty
Using the 1 symmetries of the basis
Doing depth 1
Doing depth 2
Doing depth 3
Doing depth 4
Doing depth 5
Ran out of time, without finding a proof tree

Attempt 23 with the following strategies:
Batch: all_cell_insertions
Equivalent: all_point_placements
Inferral: empty_cell_inferral, row_and_column_separation, subclass_inferral
Recursive: splittings
Verification: subset_verified, is_empty
Using the 1 symmetries of the basis
Doing depth 1
Doing depth 2
Doing depth 3
Doing depth 4
Doing depth 5
Ran out of time, without finding a proof tree

Attempt 24 with the following strategies:
Batch: all_cell_insertions
Equivalent: all_point_placements, point_separation
Inferral: empty_cell_inferral, row_and_column_separation, subclass_inferral
Recursive: components, reversibly_deletable_cells
Verification: subset_verified, is_empty
Using the 1 symmetries of the basis
Doing depth 1
Doing depth 2
Doing depth 3
Doing depth 4
Doing depth 5
Ran out of time, without finding a proof tree

Attempt 25 with the following strategies:
Batch: all_cell_insertions
Equivalent: all_point_placements
Inferral: empty_cell_inferral, row_and_column_separation, subclass_inferral
Recursive: splittings
Verification: subset_verified, is_empty
Using the 1 symmetries of the basis
Doing depth 1
Doing depth 2
Doing depth 3
Doing depth 4
Doing depth 5
Ran out of time, without finding a proof tree

Attempt 26 with the following strategies:
Batch: all_cell_insertions, all_row_placements, all_column_placements
Equivalent: all_equivalent_row_placements, all_equivalent_column_placements
Inferral: empty_cell_inferral, row_and_column_separation, subclass_inferral
Recursive: components, reversibly_deletable_cells
Verification: subset_verified, is_empty
Using the 1 symmetries of the basis
Doing depth 1
Doing depth 2
Doing depth 3
Doing depth 4
Doing depth 5
Doing depth 6
Ran out of time, without finding a proof tree

Attempt 27 with the following strategies:
Batch: all_cell_insertions, all_row_placements, all_column_placements
Equivalent: all_equivalent_row_placements, all_equivalent_column_placements
Inferral: empty_cell_inferral, row_and_column_separation, subclass_inferral
Recursive: splittings
Verification: subset_verified, is_empty
Using the 1 symmetries of the basis
Doing depth 1
Doing depth 2
Doing depth 3
Doing depth 4
Doing depth 5
Doing depth 6
Ran out of time, without finding a proof tree

Attempt 28 with the following strategies:
Batch: all_cell_insertions, all_row_placements, all_column_placements
Equivalent: all_equivalent_row_placements, all_equivalent_column_placements, point_separation
Inferral: empty_cell_inferral, row_and_column_separation, subclass_inferral
Recursive: components, reversibly_deletable_cells
Verification: subset_verified, is_empty
Using the 1 symmetries of the basis
Doing depth 1
Doing depth 2
Doing depth 3
Doing depth 4
Doing depth 5
Ran out of time, without finding a proof tree

Attempt 29 with the following strategies:
Batch: all_cell_insertions, all_row_placements, all_column_placements
Equivalent: all_equivalent_row_placements, all_equivalent_column_placements, point_separation
Inferral: empty_cell_inferral, row_and_column_separation, subclass_inferral
Recursive: splittings
Verification: subset_verified, is_empty
Using the 1 symmetries of the basis
Doing depth 1
Doing depth 2
Doing depth 3
Doing depth 4
Doing depth 5
Ran out of time, without finding a proof tree

Attempt 30 with the following strategies:
Batch: all_cell_insertions, all_point_isolations
Equivalent: point_separation, all_equivalent_point_isolations
Inferral: empty_cell_inferral, row_and_column_separation, subclass_inferral
Recursive: components, reversibly_deletable_cells
Verification: subset_verified, is_empty
Using the 1 symmetries of the basis
Doing depth 1
Doing depth 2
Doing depth 3
Doing depth 4
Doing depth 5
Ran out of time, without finding a proof tree

Attempt 31 with the following strategies:
Batch: all_cell_insertions, all_point_isolations
Equivalent: point_separation, all_equivalent_point_isolations
Inferral: empty_cell_inferral, row_and_column_separation, subclass_inferral
Recursive: splittings
Verification: subset_verified, is_empty
Using the 1 symmetries of the basis
Doing depth 1
Doing depth 2
Doing depth 3
Doing depth 4
Doing depth 5
Ran out of time, without finding a proof tree

Attempt 32 with the following strategies:
Batch: all_cell_insertions, all_row_placements
Equivalent: all_equivalent_row_placements
Inferral: empty_cell_inferral, row_and_column_separation, subclass_inferral
Recursive: components, reversibly_deletable_cells
Verification: subset_verified, is_empty
Using the 1 symmetries of the basis
Doing depth 1
Doing depth 2
Doing depth 3
Doing depth 4
Doing depth 5
Doing depth 6
Doing depth 7
Doing depth 8
Doing depth 9
Ran out of time, without finding a proof tree

Attempt 33 with the following strategies:
Batch: all_cell_insertions, all_row_placements
Equivalent: all_equivalent_row_placements
Inferral: empty_cell_inferral, row_and_column_separation, subclass_inferral
Recursive: splittings
Verification: subset_verified, is_empty
Using the 1 symmetries of the basis
Doing depth 1
Doing depth 2
Doing depth 3
Doing depth 4
Doing depth 5
Doing depth 6
Doing depth 7
Doing depth 8
Doing depth 9
Ran out of time, without finding a proof tree

Attempt 34 with the following strategies:
Batch: all_cell_insertions, all_row_placements
Equivalent: all_equivalent_row_placements, point_separation
Inferral: empty_cell_inferral, row_and_column_separation, subclass_inferral
Recursive: components, reversibly_deletable_cells
Verification: subset_verified, is_empty
Using the 1 symmetries of the basis
Doing depth 1
Doing depth 2
Doing depth 3
Doing depth 4
Doing depth 5
Doing depth 6
Ran out of time, without finding a proof tree

Attempt 35 with the following strategies:
Batch: all_cell_insertions, all_row_placements
Equivalent: all_equivalent_row_placements, point_separation
Inferral: empty_cell_inferral, row_and_column_separation, subclass_inferral
Recursive: splittings
Verification: subset_verified, is_empty
Using the 1 symmetries of the basis
Doing depth 1
Doing depth 2
Doing depth 3
Doing depth 4
Doing depth 5
Doing depth 6
Doing depth 7
Ran out of time, without finding a proof tree

Attempt 36 with the following strategies:
Batch: all_cell_insertions, all_minimum_row_placements
Equivalent: all_equivalent_minimum_row_placements
Inferral: empty_cell_inferral, row_and_column_separation, subclass_inferral
Recursive: components, reversibly_deletable_cells
Verification: subset_verified, is_empty
Using the 1 symmetries of the basis
Doing depth 1
Doing depth 2
Doing depth 3
Doing depth 4
Doing depth 5
Doing depth 6
Doing depth 7
Doing depth 8
Doing depth 9
Doing depth 10
Doing depth 11
Ran out of time, without finding a proof tree

Attempt 37 with the following strategies:
Batch: all_cell_insertions, all_minimum_row_placements
Equivalent: all_equivalent_minimum_row_placements
Inferral: empty_cell_inferral, row_and_column_separation, subclass_inferral
Recursive: splittings
Verification: subset_verified, is_empty
Using the 1 symmetries of the basis
Doing depth 1
Doing depth 2
Doing depth 3
Doing depth 4
Doing depth 5
Doing depth 6
Doing depth 7
Doing depth 8
Doing depth 9
Doing depth 10
Doing depth 11
Ran out of time, without finding a proof tree

Attempt 38 with the following strategies:
Batch: all_cell_insertions, all_minimum_row_placements
Equivalent: all_equivalent_minimum_row_placements, point_separation
Inferral: empty_cell_inferral, row_and_column_separation, subclass_inferral
Recursive: components, reversibly_deletable_cells
Verification: subset_verified, is_empty
Using the 1 symmetries of the basis
Doing depth 1
Doing depth 2
Doing depth 3
Doing depth 4
Doing depth 5
Doing depth 6
Ran out of time, without finding a proof tree

Attempt 39 with the following strategies:
Batch: all_cell_insertions, all_minimum_row_placements
Equivalent: all_equivalent_minimum_row_placements, point_separation
Inferral: empty_cell_inferral, row_and_column_separation, subclass_inferral
Recursive: splittings
Verification: subset_verified, is_empty
Using the 1 symmetries of the basis
Doing depth 1
Doing depth 2
Doing depth 3
Doing depth 4
Doing depth 5
Doing depth 6
Doing depth 7
Ran out of time, without finding a proof tree

Attempt 40 with the following strategies:
Batch: all_cell_insertions, all_column_placements
Equivalent: all_equivalent_column_placements
Inferral: empty_cell_inferral, row_and_column_separation, subclass_inferral
Recursive: components, reversibly_deletable_cells
Verification: subset_verified, is_empty
Using the 1 symmetries of the basis
Doing depth 1
Doing depth 2
Doing depth 3
Doing depth 4
Doing depth 5
Doing depth 6
Doing depth 7
Doing depth 8
Ran out of time, without finding a proof tree

Attempt 41 with the following strategies:
Batch: all_cell_insertions, all_column_placements
Equivalent: all_equivalent_column_placements
Inferral: empty_cell_inferral, row_and_column_separation, subclass_inferral
Recursive: splittings
Verification: subset_verified, is_empty
Using the 1 symmetries of the basis
Doing depth 1
Doing depth 2
Doing depth 3
Doing depth 4
Doing depth 5
Doing depth 6
Doing depth 7
Doing depth 8
Ran out of time, without finding a proof tree

Attempt 42 with the following strategies:
Batch: all_cell_insertions, all_column_placements
Equivalent: all_equivalent_column_placements, point_separation
Inferral: empty_cell_inferral, row_and_column_separation, subclass_inferral
Recursive: components, reversibly_deletable_cells
Verification: subset_verified, is_empty
Using the 1 symmetries of the basis
Doing depth 1
Doing depth 2
Doing depth 3
Doing depth 4
Doing depth 5
Doing depth 6
Ran out of time, without finding a proof tree

Attempt 43 with the following strategies:
Batch: all_cell_insertions, all_column_placements
Equivalent: all_equivalent_column_placements, point_separation
Inferral: empty_cell_inferral, row_and_column_separation, subclass_inferral
Recursive: splittings
Verification: subset_verified, is_empty
Using the 1 symmetries of the basis
Doing depth 1
Doing depth 2
Doing depth 3
Doing depth 4
Doing depth 5
Doing depth 6
Doing depth 7
Ran out of time, without finding a proof tree

Attempt 44 with the following strategies:
Batch: all_cell_insertions, all_leftmost_column_placements
Equivalent: all_equivalent_leftmost_column_placements
Inferral: empty_cell_inferral, row_and_column_separation, subclass_inferral
Recursive: components, reversibly_deletable_cells
Verification: subset_verified, is_empty
Using the 1 symmetries of the basis
Doing depth 1
Doing depth 2
Doing depth 3
Doing depth 4
Doing depth 5
Doing depth 6
Doing depth 7
Doing depth 8
Doing depth 9
Doing depth 10
Doing depth 11
Ran out of time, without finding a proof tree

Attempt 45 with the following strategies:
Batch: all_cell_insertions, all_leftmost_column_placements
Equivalent: all_equivalent_leftmost_column_placements
Inferral: empty_cell_inferral, row_and_column_separation, subclass_inferral
Recursive: splittings
Verification: subset_verified, is_empty
Using the 1 symmetries of the basis
Doing depth 1
Doing depth 2
Doing depth 3
Doing depth 4
Doing depth 5
Doing depth 6
Doing depth 7
Doing depth 8
Doing depth 9
Doing depth 10
Doing depth 11
Ran out of time, without finding a proof tree

Attempt 46 with the following strategies:
Batch: all_cell_insertions, all_leftmost_column_placements
Equivalent: all_equivalent_leftmost_column_placements, point_separation
Inferral: empty_cell_inferral, row_and_column_separation, subclass_inferral
Recursive: components, reversibly_deletable_cells
Verification: subset_verified, is_empty
Using the 1 symmetries of the basis
Doing depth 1
Doing depth 2
Doing depth 3
Doing depth 4
Doing depth 5
Doing depth 6
Ran out of time, without finding a proof tree

Attempt 47 with the following strategies:
Batch: all_cell_insertions, all_leftmost_column_placements
Equivalent: all_equivalent_leftmost_column_placements, point_separation
Inferral: empty_cell_inferral, row_and_column_separation, subclass_inferral
Recursive: splittings
Verification: subset_verified, is_empty
Using the 1 symmetries of the basis
Doing depth 1
Doing depth 2
Doing depth 3
Doing depth 4
Doing depth 5
Doing depth 6
Doing depth 7
Ran out of time, without finding a proof tree
-----------------------------------------------------------------
Now processing 0132_1320

Attempt 0 with the following strategies:
Batch: all_cell_insertions, all_row_and_column_insertions, all_point_isolations
Equivalent: all_point_placements, all_equivalent_point_isolations, point_separation
Inferral: empty_cell_inferral, row_and_column_separation, subclass_inferral
Recursive: splittings
Verification: subset_verified, is_empty
Using the 1 symmetries of the basis
Doing depth 1
Doing depth 2
Doing depth 3
Doing depth 4
Doing depth 5
Ran out of time, without finding a proof tree

Attempt 1 with the following strategies:
Batch: extreme_point_boundaries, all_cell_insertions, all_row_and_column_insertions, all_point_isolations
Equivalent: all_point_placements, all_equivalent_point_isolations, point_separation
Inferral: empty_cell_inferral, row_and_column_separation, subclass_inferral
Recursive: splittings
Verification: subset_verified, is_empty
Using the 1 symmetries of the basis
Doing depth 1
Doing depth 2
Doing depth 3
Doing depth 4
Ran out of time, without finding a proof tree

Attempt 2 with the following strategies:
Batch: all_cell_insertions, all_minimum_row_placements
Equivalent: all_equivalent_minimum_row_placements
Inferral: empty_cell_inferral, row_and_column_separation, subclass_inferral
Recursive: 
Verification: subset_verified, is_empty
Using the 1 symmetries of the basis
Doing depth 1
Doing depth 2
Doing depth 3
Doing depth 4
Doing depth 5
Doing depth 6
Doing depth 7
Doing depth 8
Doing depth 9
Doing depth 10
Doing depth 11
Doing depth 12
Doing depth 13
Doing depth 14
Doing depth 15
Doing depth 16
Doing depth 17
Doing depth 18
Ran out of time, without finding a proof tree

Attempt 3 with the following strategies:
Batch: all_cell_insertions, all_row_placements
Equivalent: all_equivalent_row_placements
Inferral: empty_cell_inferral, row_and_column_separation, subclass_inferral
Recursive: 
Verification: subset_verified, is_empty
Using the 1 symmetries of the basis
Doing depth 1
Doing depth 2
Doing depth 3
Doing depth 4
Doing depth 5
Doing depth 6
Doing depth 7
Doing depth 8
Doing depth 9
Doing depth 10
Doing depth 11
Doing depth 12
Doing depth 13
Ran out of time, without finding a proof tree

Attempt 4 with the following strategies:
Batch: all_cell_insertions, all_leftmost_column_placements
Equivalent: all_equivalent_leftmost_column_placements
Inferral: empty_cell_inferral, row_and_column_separation, subclass_inferral
Recursive: 
Verification: subset_verified, is_empty
Using the 1 symmetries of the basis
Doing depth 1
Doing depth 2
Doing depth 3
Doing depth 4
Doing depth 5
Doing depth 6
Doing depth 7
Doing depth 8
Doing depth 9
Doing depth 10
Doing depth 11
Doing depth 12
Doing depth 13
Doing depth 14
Doing depth 15
Doing depth 16
Ran out of time, without finding a proof tree

Attempt 5 with the following strategies:
Batch: all_cell_insertions, all_column_placements
Equivalent: all_equivalent_column_placements
Inferral: empty_cell_inferral, row_and_column_separation, subclass_inferral
Recursive: 
Verification: subset_verified, is_empty
Using the 1 symmetries of the basis
Doing depth 1
Doing depth 2
Doing depth 3
Doing depth 4
Doing depth 5
Doing depth 6
Doing depth 7
Doing depth 8
Doing depth 9
Doing depth 10
Doing depth 11
Ran out of time, without finding a proof tree

Attempt 6 with the following strategies:
Batch: all_cell_insertions, all_row_placements, all_column_placements
Equivalent: all_equivalent_row_placements, all_equivalent_column_placements
Inferral: empty_cell_inferral, row_and_column_separation, subclass_inferral
Recursive: components, reversibly_deletable_cells
Verification: subset_verified, is_empty
Using the 1 symmetries of the basis
Doing depth 1
Doing depth 2
Doing depth 3
Doing depth 4
Doing depth 5
Doing depth 6
Ran out of time, without finding a proof tree

Attempt 7 with the following strategies:
Batch: all_cell_insertions, all_row_and_column_insertions, all_point_isolations
Equivalent: all_point_placements, all_equivalent_point_isolations, point_separation
Inferral: empty_cell_inferral, row_and_column_separation, subclass_inferral
Recursive: 
Verification: subset_verified, is_empty
Using the 1 symmetries of the basis
Doing depth 1
Doing depth 2
Doing depth 3
Doing depth 4
Doing depth 5
Ran out of time, without finding a proof tree

Attempt 8 with the following strategies:
Batch: all_row_and_column_insertions, all_point_isolations
Equivalent: all_equivalent_point_isolations
Inferral: empty_cell_inferral, row_and_column_separation, subclass_inferral
Recursive: components, reversibly_deletable_cells
Verification: subset_verified, is_empty
Using the 1 symmetries of the basis
Doing depth 1
Doing depth 2
Doing depth 3
Doing depth 4
Doing depth 5
Ran out of time, without finding a proof tree

Attempt 9 with the following strategies:
Batch: all_cell_insertions, all_row_and_column_insertions, all_point_isolations
Equivalent: all_equivalent_point_isolations
Inferral: empty_cell_inferral, row_and_column_separation, subclass_inferral
Recursive: components, reversibly_deletable_cells
Verification: subset_verified, is_empty
Using the 1 symmetries of the basis
Doing depth 1
Doing depth 2
Doing depth 3
Doing depth 4
Doing depth 5
Ran out of time, without finding a proof tree

Attempt 10 with the following strategies:
Batch: all_cell_insertions, all_row_and_column_insertions, all_point_isolations
Equivalent: all_equivalent_point_isolations, point_separation
Inferral: empty_cell_inferral, row_and_column_separation, subclass_inferral
Recursive: components, reversibly_deletable_cells
Verification: subset_verified, is_empty
Using the 1 symmetries of the basis
Doing depth 1
Doing depth 2
Doing depth 3
Doing depth 4
Doing depth 5
Ran out of time, without finding a proof tree

Attempt 11 with the following strategies:
Batch: all_row_and_column_insertions, all_point_isolations
Equivalent: all_equivalent_point_isolations
Inferral: empty_cell_inferral, row_and_column_separation, subclass_inferral
Recursive: splittings
Verification: subset_verified, is_empty
Using the 1 symmetries of the basis
Doing depth 1
Doing depth 2
Doing depth 3
Doing depth 4
Doing depth 5
Ran out of time, without finding a proof tree

Attempt 12 with the following strategies:
Batch: all_cell_insertions, all_row_and_column_insertions, all_point_isolations
Equivalent: all_equivalent_point_isolations
Inferral: empty_cell_inferral, row_and_column_separation, subclass_inferral
Recursive: splittings
Verification: subset_verified, is_empty
Using the 1 symmetries of the basis
Doing depth 1
Doing depth 2
Doing depth 3
Doing depth 4
Doing depth 5
Ran out of time, without finding a proof tree

Attempt 13 with the following strategies:
Batch: all_cell_insertions, all_row_and_column_insertions, all_point_isolations
Equivalent: all_equivalent_point_isolations, point_separation
Inferral: empty_cell_inferral, row_and_column_separation, subclass_inferral
Recursive: splittings
Verification: subset_verified, is_empty
Using the 1 symmetries of the basis
Doing depth 1
Doing depth 2
Doing depth 3
Doing depth 4
Doing depth 5
Ran out of time, without finding a proof tree

Attempt 14 with the following strategies:
Batch: all_cell_insertions, all_row_placements, all_column_placements, all_321_boundaries
Equivalent: all_equivalent_row_placements, all_equivalent_column_placements
Inferral: empty_cell_inferral, row_and_column_separation, subclass_inferral
Recursive: components, reversibly_deletable_cells
Verification: subset_verified, is_empty
Using the 1 symmetries of the basis
Doing depth 1
Doing depth 2
Doing depth 3
Doing depth 4
Doing depth 5
Doing depth 6
Ran out of time, without finding a proof tree

Attempt 15 with the following strategies:
Batch: all_cell_insertions, all_row_placements, all_column_placements, all_321_boundaries
Equivalent: all_equivalent_row_placements, all_equivalent_column_placements
Inferral: empty_cell_inferral, row_and_column_separation, subclass_inferral
Recursive: splittings
Verification: subset_verified, is_empty
Using the 1 symmetries of the basis
Doing depth 1
Doing depth 2
Doing depth 3
Doing depth 4
Doing depth 5
Doing depth 6
Ran out of time, without finding a proof tree

Attempt 16 with the following strategies:
Batch: all_cell_insertions, all_321_boundaries
Equivalent: all_point_placements
Inferral: empty_cell_inferral, row_and_column_separation, subclass_inferral
Recursive: components, reversibly_deletable_cells
Verification: subset_verified, is_empty
Using the 1 symmetries of the basis
Doing depth 1
Doing depth 2
Doing depth 3
Doing depth 4
Doing depth 5
Ran out of time, without finding a proof tree

Attempt 17 with the following strategies:
Batch: all_cell_insertions, all_321_boundaries
Equivalent: all_point_placements
Inferral: empty_cell_inferral, row_and_column_separation, subclass_inferral
Recursive: splittings
Verification: subset_verified, is_empty
Using the 1 symmetries of the basis
Doing depth 1
Doing depth 2
Doing depth 3
Doing depth 4
Doing depth 5
Ran out of time, without finding a proof tree

Attempt 18 with the following strategies:
Batch: all_cell_insertions, all_lrm_and_rlm_placements
Equivalent: all_point_placements
Inferral: empty_cell_inferral, row_and_column_separation, subclass_inferral
Recursive: components, reversibly_deletable_cells
Verification: subset_verified, is_empty
Using the 1 symmetries of the basis
Doing depth 1
Doing depth 2
Doing depth 3
Doing depth 4
Doing depth 5
Ran out of time, without finding a proof tree

Attempt 19 with the following strategies:
Batch: all_cell_insertions, all_lrm_and_rlm_placements
Equivalent: all_point_placements
Inferral: empty_cell_inferral, row_and_column_separation, subclass_inferral
Recursive: splittings
Verification: subset_verified, is_empty
Using the 1 symmetries of the basis
Doing depth 1
Doing depth 2
Doing depth 3
Doing depth 4
Doing depth 5
Ran out of time, without finding a proof tree

Attempt 20 with the following strategies:
Batch: all_cell_insertions, all_row_placements, all_column_placements, all_lrm_and_rlm_placements
Equivalent: all_equivalent_row_placements, all_equivalent_column_placements
Inferral: empty_cell_inferral, row_and_column_separation, subclass_inferral
Recursive: components, reversibly_deletable_cells
Verification: subset_verified, is_empty
Using the 1 symmetries of the basis
Doing depth 1
Doing depth 2
Doing depth 3
Doing depth 4
Doing depth 5
Doing depth 6
Ran out of time, without finding a proof tree

Attempt 21 with the following strategies:
Batch: all_cell_insertions, all_row_placements, all_column_placements, all_lrm_and_rlm_placements
Equivalent: all_equivalent_row_placements, all_equivalent_column_placements
Inferral: empty_cell_inferral, row_and_column_separation, subclass_inferral
Recursive: splittings
Verification: subset_verified, is_empty
Using the 1 symmetries of the basis
Doing depth 1
Doing depth 2
Doing depth 3
Doing depth 4
Doing depth 5
Doing depth 6
Ran out of time, without finding a proof tree

Attempt 22 with the following strategies:
Batch: all_cell_insertions
Equivalent: all_point_placements
Inferral: empty_cell_inferral, row_and_column_separation, subclass_inferral
Recursive: components, reversibly_deletable_cells
Verification: subset_verified, is_empty
Using the 1 symmetries of the basis
Doing depth 1
Doing depth 2
Doing depth 3
Doing depth 4
Doing depth 5
Ran out of time, without finding a proof tree

Attempt 23 with the following strategies:
Batch: all_cell_insertions
Equivalent: all_point_placements
Inferral: empty_cell_inferral, row_and_column_separation, subclass_inferral
Recursive: splittings
Verification: subset_verified, is_empty
Using the 1 symmetries of the basis
Doing depth 1
Doing depth 2
Doing depth 3
Doing depth 4
Doing depth 5
Ran out of time, without finding a proof tree

Attempt 24 with the following strategies:
Batch: all_cell_insertions
Equivalent: all_point_placements, point_separation
Inferral: empty_cell_inferral, row_and_column_separation, subclass_inferral
Recursive: components, reversibly_deletable_cells
Verification: subset_verified, is_empty
Using the 1 symmetries of the basis
Doing depth 1
Doing depth 2
Doing depth 3
Doing depth 4
Doing depth 5
Ran out of time, without finding a proof tree

Attempt 25 with the following strategies:
Batch: all_cell_insertions
Equivalent: all_point_placements
Inferral: empty_cell_inferral, row_and_column_separation, subclass_inferral
Recursive: splittings
Verification: subset_verified, is_empty
Using the 1 symmetries of the basis
Doing depth 1
Doing depth 2
Doing depth 3
Doing depth 4
Doing depth 5
Ran out of time, without finding a proof tree

Attempt 26 with the following strategies:
Batch: all_cell_insertions, all_row_placements, all_column_placements
Equivalent: all_equivalent_row_placements, all_equivalent_column_placements
Inferral: empty_cell_inferral, row_and_column_separation, subclass_inferral
Recursive: components, reversibly_deletable_cells
Verification: subset_verified, is_empty
Using the 1 symmetries of the basis
Doing depth 1
Doing depth 2
Doing depth 3
Doing depth 4
Doing depth 5
Doing depth 6
Ran out of time, without finding a proof tree

Attempt 27 with the following strategies:
Batch: all_cell_insertions, all_row_placements, all_column_placements
Equivalent: all_equivalent_row_placements, all_equivalent_column_placements
Inferral: empty_cell_inferral, row_and_column_separation, subclass_inferral
Recursive: splittings
Verification: subset_verified, is_empty
Using the 1 symmetries of the basis
Doing depth 1
Doing depth 2
Doing depth 3
Doing depth 4
Doing depth 5
Doing depth 6
Ran out of time, without finding a proof tree

Attempt 28 with the following strategies:
Batch: all_cell_insertions, all_row_placements, all_column_placements
Equivalent: all_equivalent_row_placements, all_equivalent_column_placements, point_separation
Inferral: empty_cell_inferral, row_and_column_separation, subclass_inferral
Recursive: components, reversibly_deletable_cells
Verification: subset_verified, is_empty
Using the 1 symmetries of the basis
Doing depth 1
Doing depth 2
Doing depth 3
Doing depth 4
Doing depth 5
Doing depth 6
Ran out of time, without finding a proof tree

Attempt 29 with the following strategies:
Batch: all_cell_insertions, all_row_placements, all_column_placements
Equivalent: all_equivalent_row_placements, all_equivalent_column_placements, point_separation
Inferral: empty_cell_inferral, row_and_column_separation, subclass_inferral
Recursive: splittings
Verification: subset_verified, is_empty
Using the 1 symmetries of the basis
Doing depth 1
Doing depth 2
Doing depth 3
Doing depth 4
Doing depth 5
Doing depth 6
Ran out of time, without finding a proof tree

Attempt 30 with the following strategies:
Batch: all_cell_insertions, all_point_isolations
Equivalent: point_separation, all_equivalent_point_isolations
Inferral: empty_cell_inferral, row_and_column_separation, subclass_inferral
Recursive: components, reversibly_deletable_cells
Verification: subset_verified, is_empty
Using the 1 symmetries of the basis
Doing depth 1
Doing depth 2
Doing depth 3
Doing depth 4
Doing depth 5
Doing depth 6
Ran out of time, without finding a proof tree

Attempt 31 with the following strategies:
Batch: all_cell_insertions, all_point_isolations
Equivalent: point_separation, all_equivalent_point_isolations
Inferral: empty_cell_inferral, row_and_column_separation, subclass_inferral
Recursive: splittings
Verification: subset_verified, is_empty
Using the 1 symmetries of the basis
Doing depth 1
Doing depth 2
Doing depth 3
Doing depth 4
Doing depth 5
Doing depth 6
Ran out of time, without finding a proof tree

Attempt 32 with the following strategies:
Batch: all_cell_insertions, all_row_placements
Equivalent: all_equivalent_row_placements
Inferral: empty_cell_inferral, row_and_column_separation, subclass_inferral
Recursive: components, reversibly_deletable_cells
Verification: subset_verified, is_empty
Using the 1 symmetries of the basis
Doing depth 1
Doing depth 2
Doing depth 3
Doing depth 4
Doing depth 5
Doing depth 6
Doing depth 7
Doing depth 8
Doing depth 9
Doing depth 10
Ran out of time, without finding a proof tree

Attempt 33 with the following strategies:
Batch: all_cell_insertions, all_row_placements
Equivalent: all_equivalent_row_placements
Inferral: empty_cell_inferral, row_and_column_separation, subclass_inferral
Recursive: splittings
Verification: subset_verified, is_empty
Using the 1 symmetries of the basis
Doing depth 1
Doing depth 2
Doing depth 3
Doing depth 4
Doing depth 5
Doing depth 6
Doing depth 7
Doing depth 8
Doing depth 9
Doing depth 10
Doing depth 11
Ran out of time, without finding a proof tree

Attempt 34 with the following strategies:
Batch: all_cell_insertions, all_row_placements
Equivalent: all_equivalent_row_placements, point_separation
Inferral: empty_cell_inferral, row_and_column_separation, subclass_inferral
Recursive: components, reversibly_deletable_cells
Verification: subset_verified, is_empty
Using the 1 symmetries of the basis
Doing depth 1
Doing depth 2
Doing depth 3
Doing depth 4
Doing depth 5
Doing depth 6
Ran out of time, without finding a proof tree

Attempt 35 with the following strategies:
Batch: all_cell_insertions, all_row_placements
Equivalent: all_equivalent_row_placements, point_separation
Inferral: empty_cell_inferral, row_and_column_separation, subclass_inferral
Recursive: splittings
Verification: subset_verified, is_empty
Using the 1 symmetries of the basis
Doing depth 1
Doing depth 2
Doing depth 3
Doing depth 4
Doing depth 5
Doing depth 6
Doing depth 7
Ran out of time, without finding a proof tree

Attempt 36 with the following strategies:
Batch: all_cell_insertions, all_minimum_row_placements
Equivalent: all_equivalent_minimum_row_placements
Inferral: empty_cell_inferral, row_and_column_separation, subclass_inferral
Recursive: components, reversibly_deletable_cells
Verification: subset_verified, is_empty
Using the 1 symmetries of the basis
Doing depth 1
Doing depth 2
Doing depth 3
Doing depth 4
Doing depth 5
Doing depth 6
Doing depth 7
Doing depth 8
Doing depth 9
Doing depth 10
Doing depth 11
Ran out of time, without finding a proof tree

Attempt 37 with the following strategies:
Batch: all_cell_insertions, all_minimum_row_placements
Equivalent: all_equivalent_minimum_row_placements
Inferral: empty_cell_inferral, row_and_column_separation, subclass_inferral
Recursive: splittings
Verification: subset_verified, is_empty
Using the 1 symmetries of the basis
Doing depth 1
Doing depth 2
Doing depth 3
Doing depth 4
Doing depth 5
Doing depth 6
Doing depth 7
Doing depth 8
Doing depth 9
Doing depth 10
Doing depth 11
Ran out of time, without finding a proof tree

Attempt 38 with the following strategies:
Batch: all_cell_insertions, all_minimum_row_placements
Equivalent: all_equivalent_minimum_row_placements, point_separation
Inferral: empty_cell_inferral, row_and_column_separation, subclass_inferral
Recursive: components, reversibly_deletable_cells
Verification: subset_verified, is_empty
Using the 1 symmetries of the basis
Doing depth 1
Doing depth 2
Doing depth 3
Doing depth 4
Doing depth 5
Doing depth 6
Ran out of time, without finding a proof tree

Attempt 39 with the following strategies:
Batch: all_cell_insertions, all_minimum_row_placements
Equivalent: all_equivalent_minimum_row_placements, point_separation
Inferral: empty_cell_inferral, row_and_column_separation, subclass_inferral
Recursive: splittings
Verification: subset_verified, is_empty
Using the 1 symmetries of the basis
Doing depth 1
Doing depth 2
Doing depth 3
Doing depth 4
Doing depth 5
Doing depth 6
Doing depth 7
Ran out of time, without finding a proof tree

Attempt 40 with the following strategies:
Batch: all_cell_insertions, all_column_placements
Equivalent: all_equivalent_column_placements
Inferral: empty_cell_inferral, row_and_column_separation, subclass_inferral
Recursive: components, reversibly_deletable_cells
Verification: subset_verified, is_empty
Using the 1 symmetries of the basis
Doing depth 1
Doing depth 2
Doing depth 3
Doing depth 4
Doing depth 5
Doing depth 6
Doing depth 7
Doing depth 8
Doing depth 9
Ran out of time, without finding a proof tree

Attempt 41 with the following strategies:
Batch: all_cell_insertions, all_column_placements
Equivalent: all_equivalent_column_placements
Inferral: empty_cell_inferral, row_and_column_separation, subclass_inferral
Recursive: splittings
Verification: subset_verified, is_empty
Using the 1 symmetries of the basis
Doing depth 1
Doing depth 2
Doing depth 3
Doing depth 4
Doing depth 5
Doing depth 6
Doing depth 7
Doing depth 8
Doing depth 9
Ran out of time, without finding a proof tree

Attempt 42 with the following strategies:
Batch: all_cell_insertions, all_column_placements
Equivalent: all_equivalent_column_placements, point_separation
Inferral: empty_cell_inferral, row_and_column_separation, subclass_inferral
Recursive: components, reversibly_deletable_cells
Verification: subset_verified, is_empty
Using the 1 symmetries of the basis
Doing depth 1
Doing depth 2
Doing depth 3
Doing depth 4
Doing depth 5
Doing depth 6
Ran out of time, without finding a proof tree

Attempt 43 with the following strategies:
Batch: all_cell_insertions, all_column_placements
Equivalent: all_equivalent_column_placements, point_separation
Inferral: empty_cell_inferral, row_and_column_separation, subclass_inferral
Recursive: splittings
Verification: subset_verified, is_empty
Using the 1 symmetries of the basis
Doing depth 1
Doing depth 2
Doing depth 3
Doing depth 4
Doing depth 5
Doing depth 6
Doing depth 7
Ran out of time, without finding a proof tree

Attempt 44 with the following strategies:
Batch: all_cell_insertions, all_leftmost_column_placements
Equivalent: all_equivalent_leftmost_column_placements
Inferral: empty_cell_inferral, row_and_column_separation, subclass_inferral
Recursive: components, reversibly_deletable_cells
Verification: subset_verified, is_empty
Using the 1 symmetries of the basis
Doing depth 1
Doing depth 2
Doing depth 3
Doing depth 4
Doing depth 5
Doing depth 6
Doing depth 7
Doing depth 8
Doing depth 9
Doing depth 10
Doing depth 11
Ran out of time, without finding a proof tree

Attempt 45 with the following strategies:
Batch: all_cell_insertions, all_leftmost_column_placements
Equivalent: all_equivalent_leftmost_column_placements
Inferral: empty_cell_inferral, row_and_column_separation, subclass_inferral
Recursive: splittings
Verification: subset_verified, is_empty
Using the 1 symmetries of the basis
Doing depth 1
Doing depth 2
Doing depth 3
Doing depth 4
Doing depth 5
Doing depth 6
Doing depth 7
Doing depth 8
Doing depth 9
Doing depth 10
Doing depth 11
Ran out of time, without finding a proof tree

Attempt 46 with the following strategies:
Batch: all_cell_insertions, all_leftmost_column_placements
Equivalent: all_equivalent_leftmost_column_placements, point_separation
Inferral: empty_cell_inferral, row_and_column_separation, subclass_inferral
Recursive: components, reversibly_deletable_cells
Verification: subset_verified, is_empty
Using the 1 symmetries of the basis
Doing depth 1
Doing depth 2
Doing depth 3
Doing depth 4
Doing depth 5
Doing depth 6
Ran out of time, without finding a proof tree

Attempt 47 with the following strategies:
Batch: all_cell_insertions, all_leftmost_column_placements
Equivalent: all_equivalent_leftmost_column_placements, point_separation
Inferral: empty_cell_inferral, row_and_column_separation, subclass_inferral
Recursive: splittings
Verification: subset_verified, is_empty
Using the 1 symmetries of the basis
Doing depth 1
Doing depth 2
Doing depth 3
Doing depth 4
Doing depth 5
Doing depth 6
Doing depth 7
Ran out of time, without finding a proof tree
