/users/home/henningu/ATRAP/non-regular-insertion-encodable-bases/logs2
-----------------------------------------------------------------
Now processing 0231_1230

Attempt 0 with the following strategies:
Batch: all_cell_insertions, all_row_placements, all_column_placements
Equivalent: all_equivalent_row_placements, all_equivalent_column_placements
Inferral: empty_cell_inferral, row_and_column_separation, subclass_inferral
Recursive: components, reversibly_deletable_cells
Verification: subset_verified, is_empty
Doing depth 1
Doing depth 2
Doing depth 3
Doing depth 4
Doing depth 5
Ran out of time, without finding a proof tree

Attempt 1 with the following strategies:
Batch: all_cell_insertions, all_row_placements, all_column_placements
Equivalent: all_equivalent_row_placements, all_equivalent_column_placements
Inferral: empty_cell_inferral, row_and_column_separation, subclass_inferral
Recursive: splittings
Verification: subset_verified, is_empty
Doing depth 1
Doing depth 2
Doing depth 3
Doing depth 4
Doing depth 5
Ran out of time, without finding a proof tree

Attempt 2 with the following strategies:
Batch: all_cell_insertions, all_row_placements, all_column_placements
Equivalent: all_equivalent_row_placements, all_equivalent_column_placements, point_separation
Inferral: empty_cell_inferral, row_and_column_separation, subclass_inferral
Recursive: components, reversibly_deletable_cells
Verification: subset_verified, is_empty
Doing depth 1
Doing depth 2
Doing depth 3
Doing depth 4
Doing depth 5
Ran out of time, without finding a proof tree

Attempt 3 with the following strategies:
Batch: all_cell_insertions, all_row_placements, all_column_placements
Equivalent: all_equivalent_row_placements, all_equivalent_column_placements, point_separation
Inferral: empty_cell_inferral, row_and_column_separation, subclass_inferral
Recursive: splittings
Verification: subset_verified, is_empty
Doing depth 1
Doing depth 2
Doing depth 3
Doing depth 4
Doing depth 5
Ran out of time, without finding a proof tree

Attempt 4 with the following strategies:
Batch: all_cell_insertions, all_point_isolations
Equivalent: point_separation, all_equivalent_point_isolations
Inferral: empty_cell_inferral, row_and_column_separation, subclass_inferral
Recursive: components, reversibly_deletable_cells
Verification: subset_verified, is_empty
Doing depth 1
Doing depth 2
Doing depth 3
Doing depth 4
A proof tree has been found.
-----------------------------------------------------------------
Now processing 0123_0132

Attempt 0 with the following strategies:
Batch: all_cell_insertions, all_row_placements, all_column_placements
Equivalent: all_equivalent_row_placements, all_equivalent_column_placements
Inferral: empty_cell_inferral, row_and_column_separation, subclass_inferral
Recursive: components, reversibly_deletable_cells
Verification: subset_verified, is_empty
Doing depth 1
Doing depth 2
Doing depth 3
Doing depth 4
Doing depth 5
Doing depth 6
Ran out of time, without finding a proof tree

Attempt 1 with the following strategies:
Batch: all_cell_insertions, all_row_placements, all_column_placements
Equivalent: all_equivalent_row_placements, all_equivalent_column_placements
Inferral: empty_cell_inferral, row_and_column_separation, subclass_inferral
Recursive: splittings
Verification: subset_verified, is_empty
Doing depth 1
Doing depth 2
Doing depth 3
Doing depth 4
Doing depth 5
Doing depth 6
Ran out of time, without finding a proof tree

Attempt 2 with the following strategies:
Batch: all_cell_insertions, all_row_placements, all_column_placements
Equivalent: all_equivalent_row_placements, all_equivalent_column_placements, point_separation
Inferral: empty_cell_inferral, row_and_column_separation, subclass_inferral
Recursive: components, reversibly_deletable_cells
Verification: subset_verified, is_empty
Doing depth 1
Doing depth 2
Doing depth 3
Doing depth 4
Doing depth 5
Ran out of time, without finding a proof tree

Attempt 3 with the following strategies:
Batch: all_cell_insertions, all_row_placements, all_column_placements
Equivalent: all_equivalent_row_placements, all_equivalent_column_placements, point_separation
Inferral: empty_cell_inferral, row_and_column_separation, subclass_inferral
Recursive: splittings
Verification: subset_verified, is_empty
Doing depth 1
Doing depth 2
Doing depth 3
Doing depth 4
Doing depth 5
Ran out of time, without finding a proof tree

Attempt 4 with the following strategies:
Batch: all_cell_insertions, all_point_isolations
Equivalent: point_separation, all_equivalent_point_isolations
Inferral: empty_cell_inferral, row_and_column_separation, subclass_inferral
Recursive: components, reversibly_deletable_cells
Verification: subset_verified, is_empty
Doing depth 1
Doing depth 2
Doing depth 3
Doing depth 4
Doing depth 5
Ran out of time, without finding a proof tree

Attempt 5 with the following strategies:
Batch: all_cell_insertions, all_point_isolations
Equivalent: point_separation, all_equivalent_point_isolations
Inferral: empty_cell_inferral, row_and_column_separation, subclass_inferral
Recursive: splittings
Verification: subset_verified, is_empty
Doing depth 1
Doing depth 2
Doing depth 3
Doing depth 4
Doing depth 5
A proof tree has been found.
