/users/home/henningu/ATRAP/non-regular-insertion-encodable-bases/logs_length5
Now processing 0123_0132_0213_0231_2301
Doing depth 1
We had 0 inferral cache hits and 0 partitioning cache hits
The partitioning cache has 0 tilings in it right now
The inferral cache has 6 tilings in it right now
There are 5 tilings in the search tree
Time taken so far is 0.01674056053161621 seconds

Doing depth 2
We had 0 inferral cache hits and 10 partitioning cache hits
The partitioning cache has 0 tilings in it right now
The inferral cache has 16 tilings in it right now
There are 13 tilings in the search tree
Time taken so far is 0.0748133659362793 seconds

Doing depth 3
We had 1 inferral cache hits and 30 partitioning cache hits
The partitioning cache has 0 tilings in it right now
The inferral cache has 42 tilings in it right now
There are 27 tilings in the search tree
Time taken so far is 0.20132231712341309 seconds

Doing depth 4
We had 1 inferral cache hits and 40 partitioning cache hits
The partitioning cache has 0 tilings in it right now
The inferral cache has 58 tilings in it right now
There are 35 tilings in the search tree
Time taken so far is 0.30394554138183594 seconds

Doing depth 5
We had 2 inferral cache hits and 341 partitioning cache hits
The partitioning cache has 0 tilings in it right now
The inferral cache has 114 tilings in it right now
There are 74 tilings in the search tree
Time taken so far is 0.88450026512146 seconds

Doing depth 6
We had 32 inferral cache hits and 1717 partitioning cache hits
The partitioning cache has 0 tilings in it right now
The inferral cache has 237 tilings in it right now
There are 167 tilings in the search tree
Time taken so far is 2.0201473236083984 seconds

Doing depth 7
We had 60 inferral cache hits and 2170 partitioning cache hits
The partitioning cache has 0 tilings in it right now
The inferral cache has 439 tilings in it right now
There are 284 tilings in the search tree
Time taken so far is 4.269702434539795 seconds

Now processing 0123_0132_0213_1023_1230
Doing depth 1
We had 0 inferral cache hits and 0 partitioning cache hits
The partitioning cache has 0 tilings in it right now
The inferral cache has 6 tilings in it right now
There are 5 tilings in the search tree
Time taken so far is 0.025690793991088867 seconds

Doing depth 2
We had 0 inferral cache hits and 10 partitioning cache hits
The partitioning cache has 0 tilings in it right now
The inferral cache has 14 tilings in it right now
There are 13 tilings in the search tree
Time taken so far is 0.09547162055969238 seconds

Doing depth 3
We had 2 inferral cache hits and 30 partitioning cache hits
The partitioning cache has 0 tilings in it right now
The inferral cache has 40 tilings in it right now
There are 27 tilings in the search tree
Time taken so far is 0.21012401580810547 seconds

Doing depth 4
We had 2 inferral cache hits and 40 partitioning cache hits
The partitioning cache has 0 tilings in it right now
The inferral cache has 56 tilings in it right now
There are 35 tilings in the search tree
Time taken so far is 0.31883716583251953 seconds

Doing depth 5
We had 4 inferral cache hits and 429 partitioning cache hits
The partitioning cache has 0 tilings in it right now
The inferral cache has 128 tilings in it right now
There are 81 tilings in the search tree
Time taken so far is 1.3021774291992188 seconds

Doing depth 6
We had 39 inferral cache hits and 3922 partitioning cache hits
The partitioning cache has 0 tilings in it right now
The inferral cache has 295 tilings in it right now
There are 217 tilings in the search tree
Time taken so far is 6.538336992263794 seconds

Doing depth 7
We had 39 inferral cache hits and 4607 partitioning cache hits
The partitioning cache has 0 tilings in it right now
The inferral cache has 473 tilings in it right now
There are 305 tilings in the search tree
Time taken so far is 17.42824625968933 seconds

Now processing 0123_0132_0213_1023_2301
Doing depth 1
We had 0 inferral cache hits and 0 partitioning cache hits
The partitioning cache has 0 tilings in it right now
The inferral cache has 6 tilings in it right now
There are 5 tilings in the search tree
Time taken so far is 0.025565624237060547 seconds

Doing depth 2
We had 0 inferral cache hits and 10 partitioning cache hits
The partitioning cache has 0 tilings in it right now
The inferral cache has 16 tilings in it right now
There are 13 tilings in the search tree
Time taken so far is 0.10306954383850098 seconds

Doing depth 3
We had 1 inferral cache hits and 30 partitioning cache hits
The partitioning cache has 0 tilings in it right now
The inferral cache has 44 tilings in it right now
There are 27 tilings in the search tree
Time taken so far is 0.23241949081420898 seconds

Doing depth 4
We had 1 inferral cache hits and 40 partitioning cache hits
The partitioning cache has 0 tilings in it right now
The inferral cache has 60 tilings in it right now
There are 35 tilings in the search tree
Time taken so far is 0.335345983505249 seconds

Doing depth 5
We had 2 inferral cache hits and 336 partitioning cache hits
The partitioning cache has 0 tilings in it right now
The inferral cache has 130 tilings in it right now
There are 77 tilings in the search tree
Time taken so far is 0.8956949710845947 seconds

Doing depth 6
We had 39 inferral cache hits and 2222 partitioning cache hits
The partitioning cache has 0 tilings in it right now
The inferral cache has 329 tilings in it right now
There are 203 tilings in the search tree
Time taken so far is 2.1821768283843994 seconds

Doing depth 7
We had 47 inferral cache hits and 2720 partitioning cache hits
The partitioning cache has 0 tilings in it right now
The inferral cache has 515 tilings in it right now
There are 297 tilings in the search tree
Time taken so far is 4.131006479263306 seconds

Now processing 0123_0132_0213_1203_1230
Doing depth 1
We had 0 inferral cache hits and 0 partitioning cache hits
The partitioning cache has 0 tilings in it right now
The inferral cache has 6 tilings in it right now
There are 5 tilings in the search tree
Time taken so far is 0.01161503791809082 seconds

Doing depth 2
We had 0 inferral cache hits and 10 partitioning cache hits
The partitioning cache has 0 tilings in it right now
The inferral cache has 14 tilings in it right now
There are 13 tilings in the search tree
Time taken so far is 0.055199623107910156 seconds

Doing depth 3
We had 2 inferral cache hits and 30 partitioning cache hits
The partitioning cache has 0 tilings in it right now
The inferral cache has 40 tilings in it right now
There are 27 tilings in the search tree
Time taken so far is 0.1569995880126953 seconds

Doing depth 4
We had 2 inferral cache hits and 40 partitioning cache hits
The partitioning cache has 0 tilings in it right now
The inferral cache has 58 tilings in it right now
There are 35 tilings in the search tree
Time taken so far is 0.24315738677978516 seconds

Doing depth 5
We had 4 inferral cache hits and 427 partitioning cache hits
The partitioning cache has 0 tilings in it right now
The inferral cache has 105 tilings in it right now
There are 72 tilings in the search tree
Time taken so far is 1.0115017890930176 seconds

Doing depth 6
We had 31 inferral cache hits and 1951 partitioning cache hits
The partitioning cache has 0 tilings in it right now
The inferral cache has 215 tilings in it right now
There are 160 tilings in the search tree
Time taken so far is 5.433241128921509 seconds

Doing depth 7
We had 35 inferral cache hits and 4695 partitioning cache hits
The partitioning cache has 0 tilings in it right now
The inferral cache has 436 tilings in it right now
There are 297 tilings in the search tree
Time taken so far is 18.399113178253174 seconds

Now processing 0123_0132_0213_1203_2013
Doing depth 1
We had 0 inferral cache hits and 0 partitioning cache hits
The partitioning cache has 0 tilings in it right now
The inferral cache has 6 tilings in it right now
There are 5 tilings in the search tree
Time taken so far is 0.02556324005126953 seconds

Doing depth 2
We had 0 inferral cache hits and 10 partitioning cache hits
The partitioning cache has 0 tilings in it right now
The inferral cache has 14 tilings in it right now
There are 13 tilings in the search tree
Time taken so far is 0.10920286178588867 seconds

Doing depth 3
We had 2 inferral cache hits and 30 partitioning cache hits
The partitioning cache has 0 tilings in it right now
The inferral cache has 39 tilings in it right now
There are 27 tilings in the search tree
Time taken so far is 0.22858142852783203 seconds

Doing depth 4
We had 2 inferral cache hits and 40 partitioning cache hits
The partitioning cache has 0 tilings in it right now
The inferral cache has 58 tilings in it right now
There are 35 tilings in the search tree
Time taken so far is 0.3459436893463135 seconds

Doing depth 5
We had 4 inferral cache hits and 454 partitioning cache hits
The partitioning cache has 0 tilings in it right now
The inferral cache has 109 tilings in it right now
There are 83 tilings in the search tree
Time taken so far is 1.3786320686340332 seconds

Doing depth 6
We had 27 inferral cache hits and 1675 partitioning cache hits
The partitioning cache has 0 tilings in it right now
The inferral cache has 250 tilings in it right now
There are 170 tilings in the search tree
Time taken so far is 5.62021803855896 seconds

Doing depth 7
We had 35 inferral cache hits and 6597 partitioning cache hits
The partitioning cache has 0 tilings in it right now
The inferral cache has 492 tilings in it right now
There are 346 tilings in the search tree
Time taken so far is 18.146268844604492 seconds

Now processing 0123_0132_0213_1203_3012
Doing depth 1
We had 0 inferral cache hits and 0 partitioning cache hits
The partitioning cache has 0 tilings in it right now
The inferral cache has 6 tilings in it right now
There are 5 tilings in the search tree
Time taken so far is 0.012000799179077148 seconds

Doing depth 2
We had 0 inferral cache hits and 10 partitioning cache hits
The partitioning cache has 0 tilings in it right now
The inferral cache has 14 tilings in it right now
There are 13 tilings in the search tree
Time taken so far is 0.05463981628417969 seconds

Doing depth 3
We had 2 inferral cache hits and 30 partitioning cache hits
The partitioning cache has 0 tilings in it right now
The inferral cache has 40 tilings in it right now
There are 27 tilings in the search tree
Time taken so far is 0.1443769931793213 seconds

Doing depth 4
We had 2 inferral cache hits and 40 partitioning cache hits
The partitioning cache has 0 tilings in it right now
The inferral cache has 59 tilings in it right now
There are 35 tilings in the search tree
Time taken so far is 0.23112940788269043 seconds

Doing depth 5
We had 4 inferral cache hits and 399 partitioning cache hits
The partitioning cache has 0 tilings in it right now
The inferral cache has 144 tilings in it right now
There are 90 tilings in the search tree
Time taken so far is 1.3930623531341553 seconds

Doing depth 6
We had 53 inferral cache hits and 2023 partitioning cache hits
The partitioning cache has 0 tilings in it right now
The inferral cache has 372 tilings in it right now
There are 234 tilings in the search tree
Time taken so far is 6.955986022949219 seconds

Doing depth 7
We had 63 inferral cache hits and 4571 partitioning cache hits
The partitioning cache has 0 tilings in it right now
The inferral cache has 629 tilings in it right now
There are 378 tilings in the search tree
Time taken so far is 19.6887149810791 seconds

Now processing 0123_0132_0213_1230_2301
Doing depth 1
We had 0 inferral cache hits and 0 partitioning cache hits
The partitioning cache has 0 tilings in it right now
The inferral cache has 6 tilings in it right now
There are 5 tilings in the search tree
Time taken so far is 0.02469658851623535 seconds

Doing depth 2
We had 0 inferral cache hits and 10 partitioning cache hits
The partitioning cache has 0 tilings in it right now
The inferral cache has 15 tilings in it right now
There are 13 tilings in the search tree
Time taken so far is 0.09814882278442383 seconds

Doing depth 3
We had 1 inferral cache hits and 30 partitioning cache hits
The partitioning cache has 0 tilings in it right now
The inferral cache has 41 tilings in it right now
There are 27 tilings in the search tree
Time taken so far is 0.22407031059265137 seconds

Doing depth 4
We had 1 inferral cache hits and 40 partitioning cache hits
The partitioning cache has 0 tilings in it right now
The inferral cache has 57 tilings in it right now
There are 35 tilings in the search tree
Time taken so far is 0.34865832328796387 seconds

Doing depth 5
We had 2 inferral cache hits and 336 partitioning cache hits
The partitioning cache has 0 tilings in it right now
The inferral cache has 115 tilings in it right now
There are 75 tilings in the search tree
Time taken so far is 0.9507739543914795 seconds

Doing depth 6
We had 32 inferral cache hits and 1826 partitioning cache hits
The partitioning cache has 0 tilings in it right now
The inferral cache has 252 tilings in it right now
There are 175 tilings in the search tree
Time taken so far is 2.2159831523895264 seconds

Doing depth 7
We had 40 inferral cache hits and 2333 partitioning cache hits
The partitioning cache has 0 tilings in it right now
The inferral cache has 432 tilings in it right now
There are 266 tilings in the search tree
Time taken so far is 4.320045232772827 seconds

Now processing 0123_0132_0213_1230_3012
Doing depth 1
We had 0 inferral cache hits and 0 partitioning cache hits
The partitioning cache has 0 tilings in it right now
The inferral cache has 6 tilings in it right now
There are 5 tilings in the search tree
Time taken so far is 0.025463104248046875 seconds

Doing depth 2
We had 0 inferral cache hits and 10 partitioning cache hits
The partitioning cache has 0 tilings in it right now
The inferral cache has 14 tilings in it right now
There are 13 tilings in the search tree
Time taken so far is 0.09446907043457031 seconds

Doing depth 3
We had 2 inferral cache hits and 30 partitioning cache hits
The partitioning cache has 0 tilings in it right now
The inferral cache has 39 tilings in it right now
There are 27 tilings in the search tree
Time taken so far is 0.2038428783416748 seconds

Doing depth 4
We had 2 inferral cache hits and 40 partitioning cache hits
The partitioning cache has 0 tilings in it right now
The inferral cache has 55 tilings in it right now
There are 35 tilings in the search tree
Time taken so far is 0.3212096691131592 seconds

Doing depth 5
We had 4 inferral cache hits and 357 partitioning cache hits
The partitioning cache has 0 tilings in it right now
The inferral cache has 133 tilings in it right now
There are 81 tilings in the search tree
Time taken so far is 1.157085657119751 seconds

Doing depth 6
We had 105 inferral cache hits and 6892 partitioning cache hits
The partitioning cache has 0 tilings in it right now
The inferral cache has 432 tilings in it right now
There are 312 tilings in the search tree
Time taken so far is 4.527418851852417 seconds

Doing depth 7
We had 108 inferral cache hits and 7405 partitioning cache hits
The partitioning cache has 0 tilings in it right now
The inferral cache has 633 tilings in it right now
There are 406 tilings in the search tree
Time taken so far is 6.645571231842041 seconds

Now processing 0123_0132_1023_1230_2301
Doing depth 1
We had 0 inferral cache hits and 0 partitioning cache hits
The partitioning cache has 0 tilings in it right now
The inferral cache has 6 tilings in it right now
There are 5 tilings in the search tree
Time taken so far is 0.023581504821777344 seconds

Doing depth 2
We had 0 inferral cache hits and 10 partitioning cache hits
The partitioning cache has 0 tilings in it right now
The inferral cache has 15 tilings in it right now
There are 13 tilings in the search tree
Time taken so far is 0.11159348487854004 seconds

Doing depth 3
We had 2 inferral cache hits and 30 partitioning cache hits
The partitioning cache has 0 tilings in it right now
The inferral cache has 40 tilings in it right now
There are 27 tilings in the search tree
Time taken so far is 0.23779797554016113 seconds

Doing depth 4
We had 2 inferral cache hits and 40 partitioning cache hits
The partitioning cache has 0 tilings in it right now
The inferral cache has 56 tilings in it right now
There are 35 tilings in the search tree
Time taken so far is 0.34009623527526855 seconds

Doing depth 5
We had 12 inferral cache hits and 322 partitioning cache hits
The partitioning cache has 0 tilings in it right now
The inferral cache has 133 tilings in it right now
There are 91 tilings in the search tree
Time taken so far is 0.9413225650787354 seconds

Doing depth 6
We had 77 inferral cache hits and 1917 partitioning cache hits
The partitioning cache has 0 tilings in it right now
The inferral cache has 317 tilings in it right now
There are 238 tilings in the search tree
Time taken so far is 2.2084708213806152 seconds

Doing depth 7
We had 97 inferral cache hits and 2415 partitioning cache hits
The partitioning cache has 0 tilings in it right now
The inferral cache has 524 tilings in it right now
There are 357 tilings in the search tree
Time taken so far is 4.118222236633301 seconds

Now processing 0123_0132_1023_1230_3012
Doing depth 1
We had 0 inferral cache hits and 0 partitioning cache hits
The partitioning cache has 0 tilings in it right now
The inferral cache has 6 tilings in it right now
There are 5 tilings in the search tree
Time taken so far is 0.02546548843383789 seconds

Doing depth 2
We had 0 inferral cache hits and 10 partitioning cache hits
The partitioning cache has 0 tilings in it right now
The inferral cache has 14 tilings in it right now
There are 13 tilings in the search tree
Time taken so far is 0.09568905830383301 seconds

Doing depth 3
We had 2 inferral cache hits and 30 partitioning cache hits
The partitioning cache has 0 tilings in it right now
The inferral cache has 38 tilings in it right now
There are 27 tilings in the search tree
Time taken so far is 0.20742034912109375 seconds

Doing depth 4
We had 2 inferral cache hits and 40 partitioning cache hits
The partitioning cache has 0 tilings in it right now
The inferral cache has 54 tilings in it right now
There are 35 tilings in the search tree
Time taken so far is 0.3096444606781006 seconds

Doing depth 5
We had 7 inferral cache hits and 344 partitioning cache hits
The partitioning cache has 0 tilings in it right now
The inferral cache has 146 tilings in it right now
There are 89 tilings in the search tree
Time taken so far is 1.3457183837890625 seconds

Doing depth 6
We had 142 inferral cache hits and 12007 partitioning cache hits
The partitioning cache has 0 tilings in it right now
The inferral cache has 504 tilings in it right now
There are 382 tilings in the search tree
Time taken so far is 6.304965972900391 seconds

Doing depth 7
We had 145 inferral cache hits and 12556 partitioning cache hits
The partitioning cache has 0 tilings in it right now
The inferral cache has 737 tilings in it right now
There are 495 tilings in the search tree
Time taken so far is 8.453520774841309 seconds

Now processing 0123_0132_1230_2301_3012
Doing depth 1
We had 0 inferral cache hits and 0 partitioning cache hits
The partitioning cache has 0 tilings in it right now
The inferral cache has 6 tilings in it right now
There are 5 tilings in the search tree
Time taken so far is 0.011429071426391602 seconds

Doing depth 2
We had 0 inferral cache hits and 10 partitioning cache hits
The partitioning cache has 0 tilings in it right now
The inferral cache has 14 tilings in it right now
There are 13 tilings in the search tree
Time taken so far is 0.056600093841552734 seconds

Doing depth 3
We had 2 inferral cache hits and 30 partitioning cache hits
The partitioning cache has 0 tilings in it right now
The inferral cache has 37 tilings in it right now
There are 27 tilings in the search tree
Time taken so far is 0.14864492416381836 seconds

Doing depth 4
We had 2 inferral cache hits and 40 partitioning cache hits
The partitioning cache has 0 tilings in it right now
The inferral cache has 53 tilings in it right now
There are 35 tilings in the search tree
Time taken so far is 0.23247361183166504 seconds

Doing depth 5
We had 4 inferral cache hits and 322 partitioning cache hits
The partitioning cache has 0 tilings in it right now
The inferral cache has 105 tilings in it right now
There are 75 tilings in the search tree
Time taken so far is 0.7137253284454346 seconds

Doing depth 6
We had 38 inferral cache hits and 1426 partitioning cache hits
The partitioning cache has 0 tilings in it right now
The inferral cache has 215 tilings in it right now
There are 166 tilings in the search tree
Time taken so far is 1.834963083267212 seconds

Doing depth 7
We had 54 inferral cache hits and 1940 partitioning cache hits
The partitioning cache has 0 tilings in it right now
The inferral cache has 429 tilings in it right now
There are 273 tilings in the search tree
Time taken so far is 4.346242904663086 seconds

Now processing 0123_0213_1230_2301_3012
Doing depth 1
We had 0 inferral cache hits and 0 partitioning cache hits
The partitioning cache has 0 tilings in it right now
The inferral cache has 6 tilings in it right now
There are 5 tilings in the search tree
Time taken so far is 0.011524677276611328 seconds

Doing depth 2
We had 0 inferral cache hits and 10 partitioning cache hits
The partitioning cache has 0 tilings in it right now
The inferral cache has 14 tilings in it right now
There are 13 tilings in the search tree
Time taken so far is 0.055275917053222656 seconds

Doing depth 3
We had 2 inferral cache hits and 30 partitioning cache hits
The partitioning cache has 0 tilings in it right now
The inferral cache has 38 tilings in it right now
There are 27 tilings in the search tree
Time taken so far is 0.14496660232543945 seconds

Doing depth 4
We had 2 inferral cache hits and 40 partitioning cache hits
The partitioning cache has 0 tilings in it right now
The inferral cache has 54 tilings in it right now
There are 35 tilings in the search tree
Time taken so far is 0.23166608810424805 seconds

Doing depth 5
We had 12 inferral cache hits and 336 partitioning cache hits
The partitioning cache has 0 tilings in it right now
The inferral cache has 120 tilings in it right now
There are 89 tilings in the search tree
Time taken so far is 0.7673063278198242 seconds

Doing depth 6
We had 93 inferral cache hits and 1158 partitioning cache hits
The partitioning cache has 0 tilings in it right now
The inferral cache has 246 tilings in it right now
There are 196 tilings in the search tree
Time taken so far is 1.8491592407226562 seconds

Doing depth 7
We had 109 inferral cache hits and 1598 partitioning cache hits
The partitioning cache has 0 tilings in it right now
The inferral cache has 428 tilings in it right now
There are 296 tilings in the search tree
Time taken so far is 4.148145914077759 seconds

Now processing 0123_0231_0312_1203_2013
Doing depth 1
We had 0 inferral cache hits and 0 partitioning cache hits
The partitioning cache has 0 tilings in it right now
The inferral cache has 6 tilings in it right now
There are 5 tilings in the search tree
Time taken so far is 0.02559638023376465 seconds

Doing depth 2
We had 0 inferral cache hits and 10 partitioning cache hits
The partitioning cache has 0 tilings in it right now
The inferral cache has 14 tilings in it right now
There are 13 tilings in the search tree
Time taken so far is 0.09763145446777344 seconds

Doing depth 3
We had 2 inferral cache hits and 30 partitioning cache hits
The partitioning cache has 0 tilings in it right now
The inferral cache has 40 tilings in it right now
There are 27 tilings in the search tree
Time taken so far is 0.20019865036010742 seconds

Doing depth 4
We had 2 inferral cache hits and 40 partitioning cache hits
The partitioning cache has 0 tilings in it right now
The inferral cache has 56 tilings in it right now
There are 35 tilings in the search tree
Time taken so far is 0.2830169200897217 seconds

Doing depth 5
We had 16 inferral cache hits and 308 partitioning cache hits
The partitioning cache has 0 tilings in it right now
The inferral cache has 166 tilings in it right now
There are 109 tilings in the search tree
Time taken so far is 1.144502878189087 seconds

Doing depth 6
We had 79 inferral cache hits and 1543 partitioning cache hits
The partitioning cache has 0 tilings in it right now
The inferral cache has 368 tilings in it right now
There are 255 tilings in the search tree
Time taken so far is 3.351332664489746 seconds

Doing depth 7
We had 79 inferral cache hits and 1893 partitioning cache hits
The partitioning cache has 0 tilings in it right now
The inferral cache has 472 tilings in it right now
There are 303 tilings in the search tree
Time taken so far is 5.846099853515625 seconds

Now processing 0132_0213_0231_0312_3120
Doing depth 1
We had 0 inferral cache hits and 0 partitioning cache hits
The partitioning cache has 0 tilings in it right now
The inferral cache has 6 tilings in it right now
There are 5 tilings in the search tree
Time taken so far is 0.014650106430053711 seconds

Doing depth 2
We had 0 inferral cache hits and 14 partitioning cache hits
The partitioning cache has 0 tilings in it right now
The inferral cache has 15 tilings in it right now
There are 15 tilings in the search tree
Time taken so far is 0.07112693786621094 seconds

Doing depth 3
We had 1 inferral cache hits and 52 partitioning cache hits
The partitioning cache has 0 tilings in it right now
The inferral cache has 41 tilings in it right now
There are 31 tilings in the search tree
Time taken so far is 0.22982120513916016 seconds

Doing depth 4
We had 1 inferral cache hits and 73 partitioning cache hits
The partitioning cache has 0 tilings in it right now
The inferral cache has 60 tilings in it right now
There are 40 tilings in the search tree
Time taken so far is 0.4574568271636963 seconds

Doing depth 5
We had 2 inferral cache hits and 430 partitioning cache hits
The partitioning cache has 0 tilings in it right now
The inferral cache has 113 tilings in it right now
There are 81 tilings in the search tree
Time taken so far is 1.091059923171997 seconds

Doing depth 6
We had 29 inferral cache hits and 2945 partitioning cache hits
The partitioning cache has 0 tilings in it right now
The inferral cache has 327 tilings in it right now
There are 242 tilings in the search tree
Time taken so far is 5.766377210617065 seconds

Doing depth 7
We had 153 inferral cache hits and 56729 partitioning cache hits
The partitioning cache has 0 tilings in it right now
The inferral cache has 1084 tilings in it right now
There are 1021 tilings in the search tree
Time taken so far is 77.82693767547607 seconds

Now processing 0132_0213_0231_0321_3120
Doing depth 1
We had 0 inferral cache hits and 0 partitioning cache hits
The partitioning cache has 0 tilings in it right now
The inferral cache has 6 tilings in it right now
There are 5 tilings in the search tree
Time taken so far is 0.02870035171508789 seconds

Doing depth 2
We had 0 inferral cache hits and 14 partitioning cache hits
The partitioning cache has 0 tilings in it right now
The inferral cache has 14 tilings in it right now
There are 15 tilings in the search tree
Time taken so far is 0.1115119457244873 seconds

Doing depth 3
We had 2 inferral cache hits and 52 partitioning cache hits
The partitioning cache has 0 tilings in it right now
The inferral cache has 40 tilings in it right now
There are 31 tilings in the search tree
Time taken so far is 0.303666353225708 seconds

Doing depth 4
We had 2 inferral cache hits and 73 partitioning cache hits
The partitioning cache has 0 tilings in it right now
The inferral cache has 59 tilings in it right now
There are 42 tilings in the search tree
Time taken so far is 0.6488080024719238 seconds

Doing depth 5
We had 22 inferral cache hits and 886 partitioning cache hits
The partitioning cache has 0 tilings in it right now
The inferral cache has 138 tilings in it right now
There are 115 tilings in the search tree
Time taken so far is 1.7535059452056885 seconds

Doing depth 6
We had 154 inferral cache hits and 12591 partitioning cache hits
The partitioning cache has 0 tilings in it right now
The inferral cache has 489 tilings in it right now
There are 412 tilings in the search tree
Time taken so far is 8.298173427581787 seconds

Doing depth 7
We had 162 inferral cache hits and 16425 partitioning cache hits
The partitioning cache has 0 tilings in it right now
The inferral cache has 780 tilings in it right now
There are 583 tilings in the search tree
Time taken so far is 13.844123601913452 seconds

Now processing 0132_0213_0231_1230_2301
Doing depth 1
We had 0 inferral cache hits and 0 partitioning cache hits
The partitioning cache has 0 tilings in it right now
The inferral cache has 6 tilings in it right now
There are 5 tilings in the search tree
Time taken so far is 0.02484416961669922 seconds

Doing depth 2
We had 0 inferral cache hits and 10 partitioning cache hits
The partitioning cache has 0 tilings in it right now
The inferral cache has 14 tilings in it right now
There are 13 tilings in the search tree
Time taken so far is 0.10056591033935547 seconds

Doing depth 3
We had 2 inferral cache hits and 30 partitioning cache hits
The partitioning cache has 0 tilings in it right now
The inferral cache has 38 tilings in it right now
There are 27 tilings in the search tree
Time taken so far is 0.2255098819732666 seconds

Doing depth 4
We had 2 inferral cache hits and 40 partitioning cache hits
The partitioning cache has 0 tilings in it right now
The inferral cache has 55 tilings in it right now
There are 35 tilings in the search tree
Time taken so far is 0.3638193607330322 seconds

Doing depth 5
We had 7 inferral cache hits and 336 partitioning cache hits
The partitioning cache has 0 tilings in it right now
The inferral cache has 115 tilings in it right now
There are 83 tilings in the search tree
Time taken so far is 0.9208736419677734 seconds

Doing depth 6
We had 40 inferral cache hits and 1462 partitioning cache hits
The partitioning cache has 0 tilings in it right now
The inferral cache has 232 tilings in it right now
There are 174 tilings in the search tree
Time taken so far is 2.1063146591186523 seconds

Doing depth 7
We had 76 inferral cache hits and 2359 partitioning cache hits
The partitioning cache has 0 tilings in it right now
The inferral cache has 501 tilings in it right now
There are 337 tilings in the search tree
Time taken so far is 5.212743282318115 seconds

Now processing 0132_0213_1023_1230_2301
Doing depth 1
We had 0 inferral cache hits and 0 partitioning cache hits
The partitioning cache has 0 tilings in it right now
The inferral cache has 6 tilings in it right now
There are 5 tilings in the search tree
Time taken so far is 0.022914409637451172 seconds

Doing depth 2
We had 0 inferral cache hits and 10 partitioning cache hits
The partitioning cache has 0 tilings in it right now
The inferral cache has 15 tilings in it right now
There are 13 tilings in the search tree
Time taken so far is 0.0949711799621582 seconds

Doing depth 3
We had 2 inferral cache hits and 30 partitioning cache hits
The partitioning cache has 0 tilings in it right now
The inferral cache has 42 tilings in it right now
There are 27 tilings in the search tree
Time taken so far is 0.21909594535827637 seconds

Doing depth 4
We had 2 inferral cache hits and 40 partitioning cache hits
The partitioning cache has 0 tilings in it right now
The inferral cache has 58 tilings in it right now
There are 35 tilings in the search tree
Time taken so far is 0.33086061477661133 seconds

Doing depth 5
We had 7 inferral cache hits and 322 partitioning cache hits
The partitioning cache has 0 tilings in it right now
The inferral cache has 139 tilings in it right now
There are 87 tilings in the search tree
Time taken so far is 0.9376280307769775 seconds

Doing depth 6
We had 95 inferral cache hits and 4268 partitioning cache hits
The partitioning cache has 0 tilings in it right now
The inferral cache has 383 tilings in it right now
There are 289 tilings in the search tree
Time taken so far is 2.8373849391937256 seconds

Doing depth 7
We had 99 inferral cache hits and 4740 partitioning cache hits
The partitioning cache has 0 tilings in it right now
The inferral cache has 569 tilings in it right now
There are 377 tilings in the search tree
Time taken so far is 4.82809853553772 seconds

Now processing 0132_0213_1023_1230_3012
Doing depth 1
We had 0 inferral cache hits and 0 partitioning cache hits
The partitioning cache has 0 tilings in it right now
The inferral cache has 6 tilings in it right now
There are 5 tilings in the search tree
Time taken so far is 0.025827884674072266 seconds

Doing depth 2
We had 0 inferral cache hits and 10 partitioning cache hits
The partitioning cache has 0 tilings in it right now
The inferral cache has 16 tilings in it right now
There are 13 tilings in the search tree
Time taken so far is 0.0968635082244873 seconds

Doing depth 3
We had 0 inferral cache hits and 30 partitioning cache hits
The partitioning cache has 0 tilings in it right now
The inferral cache has 44 tilings in it right now
There are 27 tilings in the search tree
Time taken so far is 0.22069573402404785 seconds

Doing depth 4
We had 0 inferral cache hits and 40 partitioning cache hits
The partitioning cache has 0 tilings in it right now
The inferral cache has 60 tilings in it right now
There are 35 tilings in the search tree
Time taken so far is 0.3218562602996826 seconds

Doing depth 5
We had 2 inferral cache hits and 344 partitioning cache hits
The partitioning cache has 0 tilings in it right now
The inferral cache has 146 tilings in it right now
There are 81 tilings in the search tree
Time taken so far is 1.1561055183410645 seconds

Doing depth 6
We had 48 inferral cache hits and 5685 partitioning cache hits
The partitioning cache has 0 tilings in it right now
The inferral cache has 368 tilings in it right now
There are 274 tilings in the search tree
Time taken so far is 3.444899797439575 seconds

Doing depth 7
We had 48 inferral cache hits and 6146 partitioning cache hits
The partitioning cache has 0 tilings in it right now
The inferral cache has 524 tilings in it right now
There are 344 tilings in the search tree
Time taken so far is 5.125813961029053 seconds

Now processing 0132_0213_1203_1230_3012
Doing depth 1
We had 0 inferral cache hits and 0 partitioning cache hits
The partitioning cache has 0 tilings in it right now
The inferral cache has 6 tilings in it right now
There are 5 tilings in the search tree
Time taken so far is 0.02381134033203125 seconds

Doing depth 2
We had 0 inferral cache hits and 10 partitioning cache hits
The partitioning cache has 0 tilings in it right now
The inferral cache has 15 tilings in it right now
There are 13 tilings in the search tree
Time taken so far is 0.09601354598999023 seconds

Doing depth 3
We had 1 inferral cache hits and 30 partitioning cache hits
The partitioning cache has 0 tilings in it right now
The inferral cache has 42 tilings in it right now
There are 27 tilings in the search tree
Time taken so far is 0.19618868827819824 seconds

Doing depth 4
We had 1 inferral cache hits and 40 partitioning cache hits
The partitioning cache has 0 tilings in it right now
The inferral cache has 61 tilings in it right now
There are 35 tilings in the search tree
Time taken so far is 0.2793614864349365 seconds

Doing depth 5
We had 7 inferral cache hits and 375 partitioning cache hits
The partitioning cache has 0 tilings in it right now
The inferral cache has 163 tilings in it right now
There are 91 tilings in the search tree
Time taken so far is 1.1451823711395264 seconds

Doing depth 6
We had 137 inferral cache hits and 9352 partitioning cache hits
The partitioning cache has 0 tilings in it right now
The inferral cache has 575 tilings in it right now
There are 355 tilings in the search tree
Time taken so far is 5.566055536270142 seconds

Doing depth 7
We had 142 inferral cache hits and 10958 partitioning cache hits
The partitioning cache has 0 tilings in it right now
The inferral cache has 784 tilings in it right now
There are 468 tilings in the search tree
Time taken so far is 8.410248756408691 seconds

Now processing 0132_0213_1230_2301_3012
Doing depth 1
We had 0 inferral cache hits and 0 partitioning cache hits
The partitioning cache has 0 tilings in it right now
The inferral cache has 6 tilings in it right now
There are 5 tilings in the search tree
Time taken so far is 0.025863170623779297 seconds

Doing depth 2
We had 0 inferral cache hits and 10 partitioning cache hits
The partitioning cache has 0 tilings in it right now
The inferral cache has 15 tilings in it right now
There are 13 tilings in the search tree
Time taken so far is 0.10243892669677734 seconds

Doing depth 3
We had 1 inferral cache hits and 30 partitioning cache hits
The partitioning cache has 0 tilings in it right now
The inferral cache has 41 tilings in it right now
There are 27 tilings in the search tree
Time taken so far is 0.2324674129486084 seconds

Doing depth 4
We had 1 inferral cache hits and 40 partitioning cache hits
The partitioning cache has 0 tilings in it right now
The inferral cache has 57 tilings in it right now
There are 35 tilings in the search tree
Time taken so far is 0.34389472007751465 seconds

Doing depth 5
We had 10 inferral cache hits and 322 partitioning cache hits
The partitioning cache has 0 tilings in it right now
The inferral cache has 131 tilings in it right now
There are 91 tilings in the search tree
Time taken so far is 1.0569868087768555 seconds

Doing depth 6
We had 113 inferral cache hits and 5173 partitioning cache hits
The partitioning cache has 0 tilings in it right now
The inferral cache has 326 tilings in it right now
There are 274 tilings in the search tree
Time taken so far is 2.8165509700775146 seconds

Doing depth 7
We had 125 inferral cache hits and 5617 partitioning cache hits
The partitioning cache has 0 tilings in it right now
The inferral cache has 519 tilings in it right now
There are 371 tilings in the search tree
Time taken so far is 4.613928318023682 seconds

Now processing 0132_0231_0312_0321_3120
Doing depth 1
We had 0 inferral cache hits and 0 partitioning cache hits
The partitioning cache has 0 tilings in it right now
The inferral cache has 6 tilings in it right now
There are 5 tilings in the search tree
Time taken so far is 0.02903604507446289 seconds

Doing depth 2
We had 0 inferral cache hits and 14 partitioning cache hits
The partitioning cache has 0 tilings in it right now
The inferral cache has 15 tilings in it right now
There are 15 tilings in the search tree
Time taken so far is 0.11535859107971191 seconds

Doing depth 3
We had 1 inferral cache hits and 52 partitioning cache hits
The partitioning cache has 0 tilings in it right now
The inferral cache has 40 tilings in it right now
There are 31 tilings in the search tree
Time taken so far is 0.3192126750946045 seconds

Doing depth 4
We had 1 inferral cache hits and 73 partitioning cache hits
The partitioning cache has 0 tilings in it right now
The inferral cache has 60 tilings in it right now
There are 42 tilings in the search tree
Time taken so far is 0.629277229309082 seconds

Doing depth 5
We had 19 inferral cache hits and 876 partitioning cache hits
The partitioning cache has 0 tilings in it right now
The inferral cache has 140 tilings in it right now
There are 116 tilings in the search tree
Time taken so far is 1.7473998069763184 seconds

Doing depth 6
We had 141 inferral cache hits and 11780 partitioning cache hits
The partitioning cache has 0 tilings in it right now
The inferral cache has 514 tilings in it right now
There are 399 tilings in the search tree
Time taken so far is 8.646361589431763 seconds

Doing depth 7
We had 142 inferral cache hits and 13222 partitioning cache hits
The partitioning cache has 0 tilings in it right now
The inferral cache has 695 tilings in it right now
There are 492 tilings in the search tree
Time taken so far is 14.14417839050293 seconds

Now processing 0132_0231_0312_1032_3120
Doing depth 1
We had 0 inferral cache hits and 0 partitioning cache hits
The partitioning cache has 0 tilings in it right now
The inferral cache has 6 tilings in it right now
There are 5 tilings in the search tree
Time taken so far is 0.02656269073486328 seconds

Doing depth 2
We had 0 inferral cache hits and 10 partitioning cache hits
The partitioning cache has 0 tilings in it right now
The inferral cache has 15 tilings in it right now
There are 13 tilings in the search tree
Time taken so far is 0.10271954536437988 seconds

Doing depth 3
We had 1 inferral cache hits and 30 partitioning cache hits
The partitioning cache has 0 tilings in it right now
The inferral cache has 40 tilings in it right now
There are 27 tilings in the search tree
Time taken so far is 0.2354907989501953 seconds

Doing depth 4
We had 1 inferral cache hits and 40 partitioning cache hits
The partitioning cache has 0 tilings in it right now
The inferral cache has 62 tilings in it right now
There are 37 tilings in the search tree
Time taken so far is 0.35274624824523926 seconds

Doing depth 5
We had 3 inferral cache hits and 339 partitioning cache hits
The partitioning cache has 0 tilings in it right now
The inferral cache has 126 tilings in it right now
There are 80 tilings in the search tree
Time taken so far is 0.9529306888580322 seconds

Doing depth 6
We had 22 inferral cache hits and 1766 partitioning cache hits
The partitioning cache has 0 tilings in it right now
The inferral cache has 257 tilings in it right now
There are 168 tilings in the search tree
Time taken so far is 2.5095510482788086 seconds

Doing depth 7
We had 38 inferral cache hits and 3835 partitioning cache hits
The partitioning cache has 0 tilings in it right now
The inferral cache has 525 tilings in it right now
There are 312 tilings in the search tree
Time taken so far is 5.617429733276367 seconds

Now processing 0132_0231_0312_1203_2013
Doing depth 1
We had 0 inferral cache hits and 0 partitioning cache hits
The partitioning cache has 0 tilings in it right now
The inferral cache has 6 tilings in it right now
There are 5 tilings in the search tree
Time taken so far is 0.011813879013061523 seconds

Doing depth 2
We had 0 inferral cache hits and 10 partitioning cache hits
The partitioning cache has 0 tilings in it right now
The inferral cache has 14 tilings in it right now
There are 13 tilings in the search tree
Time taken so far is 0.05762362480163574 seconds

Doing depth 3
We had 2 inferral cache hits and 30 partitioning cache hits
The partitioning cache has 0 tilings in it right now
The inferral cache has 39 tilings in it right now
There are 27 tilings in the search tree
Time taken so far is 0.17113494873046875 seconds

Doing depth 4
We had 2 inferral cache hits and 40 partitioning cache hits
The partitioning cache has 0 tilings in it right now
The inferral cache has 57 tilings in it right now
There are 35 tilings in the search tree
Time taken so far is 0.25676965713500977 seconds

Doing depth 5
We had 7 inferral cache hits and 297 partitioning cache hits
The partitioning cache has 0 tilings in it right now
The inferral cache has 168 tilings in it right now
There are 98 tilings in the search tree
Time taken so far is 1.0808303356170654 seconds

Doing depth 6
We had 84 inferral cache hits and 8429 partitioning cache hits
The partitioning cache has 0 tilings in it right now
The inferral cache has 549 tilings in it right now
There are 331 tilings in the search tree
Time taken so far is 6.516859531402588 seconds

Doing depth 7
We had 84 inferral cache hits and 8779 partitioning cache hits
The partitioning cache has 0 tilings in it right now
The inferral cache has 657 tilings in it right now
There are 379 tilings in the search tree
Time taken so far is 8.771768569946289 seconds

Now processing 0132_0231_0321_1032_3120
Doing depth 1
We had 0 inferral cache hits and 0 partitioning cache hits
The partitioning cache has 0 tilings in it right now
The inferral cache has 6 tilings in it right now
There are 5 tilings in the search tree
Time taken so far is 0.02707958221435547 seconds

Doing depth 2
We had 0 inferral cache hits and 10 partitioning cache hits
The partitioning cache has 0 tilings in it right now
The inferral cache has 14 tilings in it right now
There are 13 tilings in the search tree
Time taken so far is 0.10541319847106934 seconds

Doing depth 3
We had 2 inferral cache hits and 30 partitioning cache hits
The partitioning cache has 0 tilings in it right now
The inferral cache has 39 tilings in it right now
There are 27 tilings in the search tree
Time taken so far is 0.25287485122680664 seconds

Doing depth 4
We had 2 inferral cache hits and 40 partitioning cache hits
The partitioning cache has 0 tilings in it right now
The inferral cache has 58 tilings in it right now
There are 35 tilings in the search tree
Time taken so far is 0.3668045997619629 seconds

Doing depth 5
We had 3 inferral cache hits and 505 partitioning cache hits
The partitioning cache has 0 tilings in it right now
The inferral cache has 106 tilings in it right now
There are 79 tilings in the search tree
Time taken so far is 0.97414231300354 seconds

Doing depth 6
We had 26 inferral cache hits and 2854 partitioning cache hits
The partitioning cache has 0 tilings in it right now
The inferral cache has 235 tilings in it right now
There are 184 tilings in the search tree
Time taken so far is 2.9501163959503174 seconds

Doing depth 7
We had 35 inferral cache hits and 4562 partitioning cache hits
The partitioning cache has 0 tilings in it right now
The inferral cache has 483 tilings in it right now
There are 301 tilings in the search tree
Time taken so far is 7.487445831298828 seconds

Now processing 0132_0231_1023_1203_2301
Doing depth 1
We had 0 inferral cache hits and 0 partitioning cache hits
The partitioning cache has 0 tilings in it right now
The inferral cache has 6 tilings in it right now
There are 5 tilings in the search tree
Time taken so far is 0.025337934494018555 seconds

Doing depth 2
We had 0 inferral cache hits and 10 partitioning cache hits
The partitioning cache has 0 tilings in it right now
The inferral cache has 15 tilings in it right now
There are 13 tilings in the search tree
Time taken so far is 0.10362124443054199 seconds

Doing depth 3
We had 1 inferral cache hits and 30 partitioning cache hits
The partitioning cache has 0 tilings in it right now
The inferral cache has 40 tilings in it right now
There are 27 tilings in the search tree
Time taken so far is 0.2387697696685791 seconds

Doing depth 4
We had 1 inferral cache hits and 40 partitioning cache hits
The partitioning cache has 0 tilings in it right now
The inferral cache has 58 tilings in it right now
There are 35 tilings in the search tree
Time taken so far is 0.34548115730285645 seconds

Doing depth 5
We had 5 inferral cache hits and 317 partitioning cache hits
The partitioning cache has 0 tilings in it right now
The inferral cache has 144 tilings in it right now
There are 93 tilings in the search tree
Time taken so far is 1.0590105056762695 seconds

Doing depth 6
We had 80 inferral cache hits and 5432 partitioning cache hits
The partitioning cache has 0 tilings in it right now
The inferral cache has 349 tilings in it right now
There are 277 tilings in the search tree
Time taken so far is 3.682030439376831 seconds

Doing depth 7
We had 108 inferral cache hits and 6128 partitioning cache hits
The partitioning cache has 0 tilings in it right now
The inferral cache has 567 tilings in it right now
There are 409 tilings in the search tree
Time taken so far is 6.6268110275268555 seconds

Now processing 0132_0231_1023_1203_3012
Doing depth 1
We had 0 inferral cache hits and 0 partitioning cache hits
The partitioning cache has 0 tilings in it right now
The inferral cache has 6 tilings in it right now
There are 5 tilings in the search tree
Time taken so far is 0.026684999465942383 seconds

Doing depth 2
We had 0 inferral cache hits and 10 partitioning cache hits
The partitioning cache has 0 tilings in it right now
The inferral cache has 15 tilings in it right now
There are 13 tilings in the search tree
Time taken so far is 0.10338687896728516 seconds

Doing depth 3
We had 1 inferral cache hits and 30 partitioning cache hits
The partitioning cache has 0 tilings in it right now
The inferral cache has 40 tilings in it right now
There are 27 tilings in the search tree
Time taken so far is 0.25405430793762207 seconds

Doing depth 4
We had 1 inferral cache hits and 40 partitioning cache hits
The partitioning cache has 0 tilings in it right now
The inferral cache has 58 tilings in it right now
There are 35 tilings in the search tree
Time taken so far is 0.35233211517333984 seconds

Doing depth 5
We had 9 inferral cache hits and 341 partitioning cache hits
The partitioning cache has 0 tilings in it right now
The inferral cache has 133 tilings in it right now
There are 91 tilings in the search tree
Time taken so far is 1.0347850322723389 seconds

Doing depth 6
We had 66 inferral cache hits and 7266 partitioning cache hits
The partitioning cache has 0 tilings in it right now
The inferral cache has 326 tilings in it right now
There are 257 tilings in the search tree
Time taken so far is 4.220892906188965 seconds

Doing depth 7
We had 74 inferral cache hits and 8066 partitioning cache hits
The partitioning cache has 0 tilings in it right now
The inferral cache has 499 tilings in it right now
There are 354 tilings in the search tree
Time taken so far is 6.369955778121948 seconds

Now processing 0132_0231_1023_1230_2013
Doing depth 1
We had 0 inferral cache hits and 0 partitioning cache hits
The partitioning cache has 0 tilings in it right now
The inferral cache has 6 tilings in it right now
There are 5 tilings in the search tree
Time taken so far is 0.026432514190673828 seconds

Doing depth 2
We had 0 inferral cache hits and 10 partitioning cache hits
The partitioning cache has 0 tilings in it right now
The inferral cache has 15 tilings in it right now
There are 13 tilings in the search tree
Time taken so far is 0.10353493690490723 seconds

Doing depth 3
We had 1 inferral cache hits and 30 partitioning cache hits
The partitioning cache has 0 tilings in it right now
The inferral cache has 42 tilings in it right now
There are 27 tilings in the search tree
Time taken so far is 0.2384934425354004 seconds

Doing depth 4
We had 1 inferral cache hits and 40 partitioning cache hits
The partitioning cache has 0 tilings in it right now
The inferral cache has 59 tilings in it right now
There are 35 tilings in the search tree
Time taken so far is 0.3484079837799072 seconds

Doing depth 5
We had 6 inferral cache hits and 394 partitioning cache hits
The partitioning cache has 0 tilings in it right now
The inferral cache has 138 tilings in it right now
There are 97 tilings in the search tree
Time taken so far is 1.4273827075958252 seconds

Doing depth 6
We had 121 inferral cache hits and 4813 partitioning cache hits
The partitioning cache has 0 tilings in it right now
The inferral cache has 404 tilings in it right now
There are 313 tilings in the search tree
Time taken so far is 6.815811395645142 seconds

Doing depth 7
We had 154 inferral cache hits and 8883 partitioning cache hits
The partitioning cache has 0 tilings in it right now
The inferral cache has 632 tilings in it right now
There are 485 tilings in the search tree
Time taken so far is 16.126020669937134 seconds

Now processing 0132_0231_1023_1230_2301
Doing depth 1
We had 0 inferral cache hits and 0 partitioning cache hits
The partitioning cache has 0 tilings in it right now
The inferral cache has 6 tilings in it right now
There are 5 tilings in the search tree
Time taken so far is 0.02521967887878418 seconds

Doing depth 2
We had 0 inferral cache hits and 10 partitioning cache hits
The partitioning cache has 0 tilings in it right now
The inferral cache has 15 tilings in it right now
There are 13 tilings in the search tree
Time taken so far is 0.10620856285095215 seconds

Doing depth 3
We had 1 inferral cache hits and 30 partitioning cache hits
The partitioning cache has 0 tilings in it right now
The inferral cache has 41 tilings in it right now
There are 27 tilings in the search tree
Time taken so far is 0.24166512489318848 seconds

Doing depth 4
We had 1 inferral cache hits and 40 partitioning cache hits
The partitioning cache has 0 tilings in it right now
The inferral cache has 58 tilings in it right now
There are 35 tilings in the search tree
Time taken so far is 0.35369181632995605 seconds

Doing depth 5
We had 9 inferral cache hits and 328 partitioning cache hits
The partitioning cache has 0 tilings in it right now
The inferral cache has 150 tilings in it right now
There are 97 tilings in the search tree
Time taken so far is 1.111433506011963 seconds

Doing depth 6
We had 123 inferral cache hits and 5771 partitioning cache hits
The partitioning cache has 0 tilings in it right now
The inferral cache has 461 tilings in it right now
There are 350 tilings in the search tree
Time taken so far is 4.263113975524902 seconds

Doing depth 7
We had 155 inferral cache hits and 6755 partitioning cache hits
The partitioning cache has 0 tilings in it right now
The inferral cache has 709 tilings in it right now
There are 501 tilings in the search tree
Time taken so far is 7.247961759567261 seconds

Now processing 0132_0231_1203_1230_2301
Doing depth 1
We had 0 inferral cache hits and 0 partitioning cache hits
The partitioning cache has 0 tilings in it right now
The inferral cache has 6 tilings in it right now
There are 5 tilings in the search tree
Time taken so far is 0.010970592498779297 seconds

Doing depth 2
We had 0 inferral cache hits and 10 partitioning cache hits
The partitioning cache has 0 tilings in it right now
The inferral cache has 14 tilings in it right now
There are 13 tilings in the search tree
Time taken so far is 0.058257102966308594 seconds

Doing depth 3
We had 2 inferral cache hits and 30 partitioning cache hits
The partitioning cache has 0 tilings in it right now
The inferral cache has 39 tilings in it right now
There are 27 tilings in the search tree
Time taken so far is 0.20494818687438965 seconds

Doing depth 4
We had 2 inferral cache hits and 40 partitioning cache hits
The partitioning cache has 0 tilings in it right now
The inferral cache has 58 tilings in it right now
There are 35 tilings in the search tree
Time taken so far is 0.3199913501739502 seconds

Doing depth 5
We had 3 inferral cache hits and 334 partitioning cache hits
The partitioning cache has 0 tilings in it right now
The inferral cache has 122 tilings in it right now
There are 81 tilings in the search tree
Time taken so far is 1.093691110610962 seconds

Doing depth 6
We had 40 inferral cache hits and 3010 partitioning cache hits
The partitioning cache has 0 tilings in it right now
The inferral cache has 368 tilings in it right now
There are 240 tilings in the search tree
Time taken so far is 4.6351377964019775 seconds

Doing depth 7
We had 194 inferral cache hits and 35113 partitioning cache hits
The partitioning cache has 0 tilings in it right now
The inferral cache has 1353 tilings in it right now
There are 885 tilings in the search tree
Time taken so far is 28.870620489120483 seconds

Now processing 0132_0231_1203_1230_3012
Doing depth 1
We had 0 inferral cache hits and 0 partitioning cache hits
The partitioning cache has 0 tilings in it right now
The inferral cache has 6 tilings in it right now
There are 5 tilings in the search tree
Time taken so far is 0.023569822311401367 seconds

Doing depth 2
We had 0 inferral cache hits and 10 partitioning cache hits
The partitioning cache has 0 tilings in it right now
The inferral cache has 15 tilings in it right now
There are 13 tilings in the search tree
Time taken so far is 0.09414553642272949 seconds

Doing depth 3
We had 1 inferral cache hits and 30 partitioning cache hits
The partitioning cache has 0 tilings in it right now
The inferral cache has 41 tilings in it right now
There are 27 tilings in the search tree
Time taken so far is 0.2191917896270752 seconds

Doing depth 4
We had 1 inferral cache hits and 40 partitioning cache hits
The partitioning cache has 0 tilings in it right now
The inferral cache has 60 tilings in it right now
There are 35 tilings in the search tree
Time taken so far is 0.3172922134399414 seconds

Doing depth 5
We had 7 inferral cache hits and 458 partitioning cache hits
The partitioning cache has 0 tilings in it right now
The inferral cache has 150 tilings in it right now
There are 95 tilings in the search tree
Time taken so far is 1.266972541809082 seconds

Doing depth 6
We had 103 inferral cache hits and 8502 partitioning cache hits
The partitioning cache has 0 tilings in it right now
The inferral cache has 547 tilings in it right now
There are 320 tilings in the search tree
Time taken so far is 6.607525587081909 seconds

Doing depth 7
We had 173 inferral cache hits and 16880 partitioning cache hits
The partitioning cache has 0 tilings in it right now
The inferral cache has 946 tilings in it right now
There are 608 tilings in the search tree
Time taken so far is 14.165215253829956 seconds

Now processing 0132_0231_1203_2013_3012
Doing depth 1
We had 0 inferral cache hits and 0 partitioning cache hits
The partitioning cache has 0 tilings in it right now
The inferral cache has 6 tilings in it right now
There are 5 tilings in the search tree
Time taken so far is 0.025105953216552734 seconds

Doing depth 2
We had 0 inferral cache hits and 10 partitioning cache hits
The partitioning cache has 0 tilings in it right now
The inferral cache has 15 tilings in it right now
There are 13 tilings in the search tree
Time taken so far is 0.09744024276733398 seconds

Doing depth 3
We had 2 inferral cache hits and 30 partitioning cache hits
The partitioning cache has 0 tilings in it right now
The inferral cache has 42 tilings in it right now
There are 27 tilings in the search tree
Time taken so far is 0.22127056121826172 seconds

Doing depth 4
We had 2 inferral cache hits and 40 partitioning cache hits
The partitioning cache has 0 tilings in it right now
The inferral cache has 61 tilings in it right now
There are 35 tilings in the search tree
Time taken so far is 0.3245072364807129 seconds

Doing depth 5
We had 17 inferral cache hits and 407 partitioning cache hits
The partitioning cache has 0 tilings in it right now
The inferral cache has 166 tilings in it right now
There are 110 tilings in the search tree
Time taken so far is 1.1966640949249268 seconds

Doing depth 6
We had 185 inferral cache hits and 10528 partitioning cache hits
The partitioning cache has 0 tilings in it right now
The inferral cache has 525 tilings in it right now
There are 399 tilings in the search tree
Time taken so far is 5.282127857208252 seconds

Doing depth 7
We had 188 inferral cache hits and 11387 partitioning cache hits
The partitioning cache has 0 tilings in it right now
The inferral cache has 651 tilings in it right now
There are 460 tilings in the search tree
Time taken so far is 7.925791501998901 seconds

Now processing 0132_0231_1302_2013_3012
Doing depth 1
We had 0 inferral cache hits and 0 partitioning cache hits
The partitioning cache has 0 tilings in it right now
The inferral cache has 6 tilings in it right now
There are 5 tilings in the search tree
Time taken so far is 0.02590012550354004 seconds

Doing depth 2
We had 0 inferral cache hits and 10 partitioning cache hits
The partitioning cache has 0 tilings in it right now
The inferral cache has 15 tilings in it right now
There are 13 tilings in the search tree
Time taken so far is 0.10382676124572754 seconds

Doing depth 3
We had 2 inferral cache hits and 30 partitioning cache hits
The partitioning cache has 0 tilings in it right now
The inferral cache has 40 tilings in it right now
There are 27 tilings in the search tree
Time taken so far is 0.2584257125854492 seconds

Doing depth 4
We had 2 inferral cache hits and 40 partitioning cache hits
The partitioning cache has 0 tilings in it right now
The inferral cache has 65 tilings in it right now
There are 39 tilings in the search tree
Time taken so far is 0.4088714122772217 seconds

Doing depth 5
We had 15 inferral cache hits and 848 partitioning cache hits
The partitioning cache has 0 tilings in it right now
The inferral cache has 174 tilings in it right now
There are 126 tilings in the search tree
Time taken so far is 1.7950849533081055 seconds

Doing depth 6
We had 68 inferral cache hits and 2806 partitioning cache hits
The partitioning cache has 0 tilings in it right now
The inferral cache has 380 tilings in it right now
There are 270 tilings in the search tree
Time taken so far is 4.490920543670654 seconds

Doing depth 7
We had 142 inferral cache hits and 19882 partitioning cache hits
The partitioning cache has 0 tilings in it right now
The inferral cache has 857 tilings in it right now
There are 577 tilings in the search tree
Time taken so far is 20.736177444458008 seconds

Now processing 0132_1023_1230_2301_3012
Doing depth 1
We had 0 inferral cache hits and 0 partitioning cache hits
The partitioning cache has 0 tilings in it right now
The inferral cache has 6 tilings in it right now
There are 5 tilings in the search tree
Time taken so far is 0.024668455123901367 seconds

Doing depth 2
We had 0 inferral cache hits and 10 partitioning cache hits
The partitioning cache has 0 tilings in it right now
The inferral cache has 16 tilings in it right now
There are 13 tilings in the search tree
Time taken so far is 0.10401153564453125 seconds

Doing depth 3
We had 2 inferral cache hits and 30 partitioning cache hits
The partitioning cache has 0 tilings in it right now
The inferral cache has 42 tilings in it right now
There are 27 tilings in the search tree
Time taken so far is 0.2285306453704834 seconds

Doing depth 4
We had 2 inferral cache hits and 40 partitioning cache hits
The partitioning cache has 0 tilings in it right now
The inferral cache has 58 tilings in it right now
There are 35 tilings in the search tree
Time taken so far is 0.33043742179870605 seconds

Doing depth 5
We had 12 inferral cache hits and 308 partitioning cache hits
The partitioning cache has 0 tilings in it right now
The inferral cache has 134 tilings in it right now
There are 93 tilings in the search tree
Time taken so far is 0.9380502700805664 seconds

Doing depth 6
We had 76 inferral cache hits and 1546 partitioning cache hits
The partitioning cache has 0 tilings in it right now
The inferral cache has 293 tilings in it right now
There are 226 tilings in the search tree
Time taken so far is 1.9959874153137207 seconds

Doing depth 7
We had 92 inferral cache hits and 2021 partitioning cache hits
The partitioning cache has 0 tilings in it right now
The inferral cache has 498 tilings in it right now
There are 337 tilings in the search tree
Time taken so far is 3.7371737957000732 seconds

Now processing 0132_1203_1230_2013_3012
Doing depth 1
We had 0 inferral cache hits and 0 partitioning cache hits
The partitioning cache has 0 tilings in it right now
The inferral cache has 6 tilings in it right now
There are 5 tilings in the search tree
Time taken so far is 0.012227058410644531 seconds

Doing depth 2
We had 0 inferral cache hits and 10 partitioning cache hits
The partitioning cache has 0 tilings in it right now
The inferral cache has 15 tilings in it right now
There are 13 tilings in the search tree
Time taken so far is 0.07531523704528809 seconds

Doing depth 3
We had 2 inferral cache hits and 30 partitioning cache hits
The partitioning cache has 0 tilings in it right now
The inferral cache has 41 tilings in it right now
There are 27 tilings in the search tree
Time taken so far is 0.16989970207214355 seconds

Doing depth 4
We had 2 inferral cache hits and 40 partitioning cache hits
The partitioning cache has 0 tilings in it right now
The inferral cache has 61 tilings in it right now
There are 35 tilings in the search tree
Time taken so far is 0.25225162506103516 seconds

Doing depth 5
We had 13 inferral cache hits and 384 partitioning cache hits
The partitioning cache has 0 tilings in it right now
The inferral cache has 161 tilings in it right now
There are 99 tilings in the search tree
Time taken so far is 1.1879630088806152 seconds

Doing depth 6
We had 124 inferral cache hits and 10514 partitioning cache hits
The partitioning cache has 0 tilings in it right now
The inferral cache has 527 tilings in it right now
There are 365 tilings in the search tree
Time taken so far is 6.823903322219849 seconds

Doing depth 7
We had 144 inferral cache hits and 12439 partitioning cache hits
The partitioning cache has 0 tilings in it right now
The inferral cache has 730 tilings in it right now
There are 488 tilings in the search tree
Time taken so far is 12.353466987609863 seconds

Now processing 0132_1203_1230_2301_3012
Doing depth 1
We had 0 inferral cache hits and 0 partitioning cache hits
The partitioning cache has 0 tilings in it right now
The inferral cache has 6 tilings in it right now
There are 5 tilings in the search tree
Time taken so far is 0.024888038635253906 seconds

Doing depth 2
We had 0 inferral cache hits and 10 partitioning cache hits
The partitioning cache has 0 tilings in it right now
The inferral cache has 15 tilings in it right now
There are 13 tilings in the search tree
Time taken so far is 0.10199928283691406 seconds

Doing depth 3
We had 1 inferral cache hits and 30 partitioning cache hits
The partitioning cache has 0 tilings in it right now
The inferral cache has 40 tilings in it right now
There are 27 tilings in the search tree
Time taken so far is 0.23421192169189453 seconds

Doing depth 4
We had 1 inferral cache hits and 40 partitioning cache hits
The partitioning cache has 0 tilings in it right now
The inferral cache has 59 tilings in it right now
There are 35 tilings in the search tree
Time taken so far is 0.34624409675598145 seconds

Doing depth 5
We had 7 inferral cache hits and 306 partitioning cache hits
The partitioning cache has 0 tilings in it right now
The inferral cache has 147 tilings in it right now
There are 87 tilings in the search tree
Time taken so far is 1.0142199993133545 seconds

Doing depth 6
We had 106 inferral cache hits and 8169 partitioning cache hits
The partitioning cache has 0 tilings in it right now
The inferral cache has 550 tilings in it right now
There are 309 tilings in the search tree
Time taken so far is 4.5690248012542725 seconds

Doing depth 7
We had 192 inferral cache hits and 15719 partitioning cache hits
The partitioning cache has 0 tilings in it right now
The inferral cache has 987 tilings in it right now
There are 605 tilings in the search tree
Time taken so far is 9.24917459487915 seconds

Now processing 0213_0231_0312_1203_2013
Doing depth 1
We had 0 inferral cache hits and 0 partitioning cache hits
The partitioning cache has 0 tilings in it right now
The inferral cache has 6 tilings in it right now
There are 5 tilings in the search tree
Time taken so far is 0.02654743194580078 seconds

Doing depth 2
We had 0 inferral cache hits and 10 partitioning cache hits
The partitioning cache has 0 tilings in it right now
The inferral cache has 14 tilings in it right now
There are 13 tilings in the search tree
Time taken so far is 0.10448622703552246 seconds

Doing depth 3
We had 2 inferral cache hits and 30 partitioning cache hits
The partitioning cache has 0 tilings in it right now
The inferral cache has 38 tilings in it right now
There are 27 tilings in the search tree
Time taken so far is 0.22739553451538086 seconds

Doing depth 4
We had 2 inferral cache hits and 40 partitioning cache hits
The partitioning cache has 0 tilings in it right now
The inferral cache has 56 tilings in it right now
There are 35 tilings in the search tree
Time taken so far is 0.336322546005249 seconds

Doing depth 5
We had 12 inferral cache hits and 336 partitioning cache hits
The partitioning cache has 0 tilings in it right now
The inferral cache has 182 tilings in it right now
There are 109 tilings in the search tree
Time taken so far is 1.3187766075134277 seconds

Doing depth 6
We had 39 inferral cache hits and 1483 partitioning cache hits
The partitioning cache has 0 tilings in it right now
The inferral cache has 312 tilings in it right now
There are 207 tilings in the search tree
Time taken so far is 3.0673365592956543 seconds

Doing depth 7
We had 39 inferral cache hits and 2413 partitioning cache hits
The partitioning cache has 0 tilings in it right now
The inferral cache has 440 tilings in it right now
There are 278 tilings in the search tree
Time taken so far is 6.2590062618255615 seconds

Now processing 0213_0231_0312_1203_3012
Doing depth 1
We had 0 inferral cache hits and 0 partitioning cache hits
The partitioning cache has 0 tilings in it right now
The inferral cache has 6 tilings in it right now
There are 5 tilings in the search tree
Time taken so far is 0.012351036071777344 seconds

Doing depth 2
We had 0 inferral cache hits and 10 partitioning cache hits
The partitioning cache has 0 tilings in it right now
The inferral cache has 14 tilings in it right now
There are 13 tilings in the search tree
Time taken so far is 0.05707859992980957 seconds

Doing depth 3
We had 2 inferral cache hits and 30 partitioning cache hits
The partitioning cache has 0 tilings in it right now
The inferral cache has 39 tilings in it right now
There are 27 tilings in the search tree
Time taken so far is 0.1699833869934082 seconds

Doing depth 4
We had 2 inferral cache hits and 40 partitioning cache hits
The partitioning cache has 0 tilings in it right now
The inferral cache has 57 tilings in it right now
There are 35 tilings in the search tree
Time taken so far is 0.25295400619506836 seconds

Doing depth 5
We had 12 inferral cache hits and 332 partitioning cache hits
The partitioning cache has 0 tilings in it right now
The inferral cache has 166 tilings in it right now
There are 99 tilings in the search tree
Time taken so far is 1.081162929534912 seconds

Doing depth 6
We had 52 inferral cache hits and 1269 partitioning cache hits
The partitioning cache has 0 tilings in it right now
The inferral cache has 337 tilings in it right now
There are 201 tilings in the search tree
Time taken so far is 2.9127540588378906 seconds

Doing depth 7
We had 53 inferral cache hits and 2507 partitioning cache hits
The partitioning cache has 0 tilings in it right now
The inferral cache has 517 tilings in it right now
There are 299 tilings in the search tree
Time taken so far is 6.300790786743164 seconds

Now processing 0213_0231_0312_1230_3012
Doing depth 1
We had 0 inferral cache hits and 0 partitioning cache hits
The partitioning cache has 0 tilings in it right now
The inferral cache has 6 tilings in it right now
There are 5 tilings in the search tree
Time taken so far is 0.025297880172729492 seconds

Doing depth 2
We had 0 inferral cache hits and 10 partitioning cache hits
The partitioning cache has 0 tilings in it right now
The inferral cache has 14 tilings in it right now
There are 13 tilings in the search tree
Time taken so far is 0.09667396545410156 seconds

Doing depth 3
We had 2 inferral cache hits and 30 partitioning cache hits
The partitioning cache has 0 tilings in it right now
The inferral cache has 38 tilings in it right now
There are 27 tilings in the search tree
Time taken so far is 0.24150538444519043 seconds

Doing depth 4
We had 2 inferral cache hits and 40 partitioning cache hits
The partitioning cache has 0 tilings in it right now
The inferral cache has 56 tilings in it right now
There are 35 tilings in the search tree
Time taken so far is 0.34459733963012695 seconds

Doing depth 5
We had 4 inferral cache hits and 403 partitioning cache hits
The partitioning cache has 0 tilings in it right now
The inferral cache has 135 tilings in it right now
There are 86 tilings in the search tree
Time taken so far is 1.2949144840240479 seconds

Doing depth 6
We had 40 inferral cache hits and 2396 partitioning cache hits
The partitioning cache has 0 tilings in it right now
The inferral cache has 271 tilings in it right now
There are 205 tilings in the search tree
Time taken so far is 4.748700380325317 seconds

Doing depth 7
We had 71 inferral cache hits and 7782 partitioning cache hits
The partitioning cache has 0 tilings in it right now
The inferral cache has 556 tilings in it right now
There are 395 tilings in the search tree
Time taken so far is 13.783286094665527 seconds

Now processing 0213_0231_0321_1320_3120
Doing depth 1
We had 0 inferral cache hits and 0 partitioning cache hits
The partitioning cache has 0 tilings in it right now
The inferral cache has 6 tilings in it right now
There are 5 tilings in the search tree
Time taken so far is 0.024277448654174805 seconds

Doing depth 2
We had 0 inferral cache hits and 10 partitioning cache hits
The partitioning cache has 0 tilings in it right now
The inferral cache has 14 tilings in it right now
There are 13 tilings in the search tree
Time taken so far is 0.09007549285888672 seconds

Doing depth 3
We had 2 inferral cache hits and 30 partitioning cache hits
The partitioning cache has 0 tilings in it right now
The inferral cache has 37 tilings in it right now
There are 27 tilings in the search tree
Time taken so far is 0.2049570083618164 seconds

Doing depth 4
We had 2 inferral cache hits and 40 partitioning cache hits
The partitioning cache has 0 tilings in it right now
The inferral cache has 53 tilings in it right now
There are 35 tilings in the search tree
Time taken so far is 0.3109443187713623 seconds

Doing depth 5
We had 6 inferral cache hits and 408 partitioning cache hits
The partitioning cache has 0 tilings in it right now
The inferral cache has 177 tilings in it right now
There are 98 tilings in the search tree
Time taken so far is 1.2502899169921875 seconds

Doing depth 6
We had 34 inferral cache hits and 2396 partitioning cache hits
The partitioning cache has 0 tilings in it right now
The inferral cache has 298 tilings in it right now
There are 199 tilings in the search tree
Time taken so far is 4.235964298248291 seconds

Doing depth 7
We had 42 inferral cache hits and 3686 partitioning cache hits
The partitioning cache has 0 tilings in it right now
The inferral cache has 554 tilings in it right now
There are 315 tilings in the search tree
Time taken so far is 9.497574090957642 seconds

Now processing 0213_0231_1203_1230_3012
Doing depth 1
We had 0 inferral cache hits and 0 partitioning cache hits
The partitioning cache has 0 tilings in it right now
The inferral cache has 6 tilings in it right now
There are 5 tilings in the search tree
Time taken so far is 0.026444196701049805 seconds

Doing depth 2
We had 0 inferral cache hits and 10 partitioning cache hits
The partitioning cache has 0 tilings in it right now
The inferral cache has 14 tilings in it right now
There are 13 tilings in the search tree
Time taken so far is 0.09868407249450684 seconds

Doing depth 3
We had 2 inferral cache hits and 30 partitioning cache hits
The partitioning cache has 0 tilings in it right now
The inferral cache has 38 tilings in it right now
There are 27 tilings in the search tree
Time taken so far is 0.2501993179321289 seconds

Doing depth 4
We had 2 inferral cache hits and 40 partitioning cache hits
The partitioning cache has 0 tilings in it right now
The inferral cache has 55 tilings in it right now
There are 35 tilings in the search tree
Time taken so far is 0.3539245128631592 seconds

Doing depth 5
We had 7 inferral cache hits and 393 partitioning cache hits
The partitioning cache has 0 tilings in it right now
The inferral cache has 138 tilings in it right now
There are 85 tilings in the search tree
Time taken so far is 1.3283827304840088 seconds

Doing depth 6
We had 114 inferral cache hits and 7270 partitioning cache hits
The partitioning cache has 0 tilings in it right now
The inferral cache has 491 tilings in it right now
There are 357 tilings in the search tree
Time taken so far is 7.274930000305176 seconds

Doing depth 7
We had 186 inferral cache hits and 51210 partitioning cache hits
The partitioning cache has 0 tilings in it right now
The inferral cache has 880 tilings in it right now
There are 689 tilings in the search tree
Time taken so far is 25.552319765090942 seconds

Now processing 0213_0231_1203_1230_3120
Doing depth 1
We had 0 inferral cache hits and 0 partitioning cache hits
The partitioning cache has 0 tilings in it right now
The inferral cache has 6 tilings in it right now
There are 5 tilings in the search tree
Time taken so far is 0.024843931198120117 seconds

Doing depth 2
We had 0 inferral cache hits and 10 partitioning cache hits
The partitioning cache has 0 tilings in it right now
The inferral cache has 14 tilings in it right now
There are 13 tilings in the search tree
Time taken so far is 0.09392428398132324 seconds

Doing depth 3
We had 2 inferral cache hits and 30 partitioning cache hits
The partitioning cache has 0 tilings in it right now
The inferral cache has 39 tilings in it right now
There are 27 tilings in the search tree
Time taken so far is 0.246596097946167 seconds

Doing depth 4
We had 2 inferral cache hits and 40 partitioning cache hits
The partitioning cache has 0 tilings in it right now
The inferral cache has 56 tilings in it right now
There are 35 tilings in the search tree
Time taken so far is 0.34682154655456543 seconds

Doing depth 5
We had 4 inferral cache hits and 370 partitioning cache hits
The partitioning cache has 0 tilings in it right now
The inferral cache has 106 tilings in it right now
There are 74 tilings in the search tree
Time taken so far is 1.1183793544769287 seconds

Doing depth 6
We had 38 inferral cache hits and 3169 partitioning cache hits
The partitioning cache has 0 tilings in it right now
The inferral cache has 229 tilings in it right now
There are 188 tilings in the search tree
Time taken so far is 4.2529754638671875 seconds

Doing depth 7
We had 71 inferral cache hits and 21191 partitioning cache hits
The partitioning cache has 0 tilings in it right now
The inferral cache has 514 tilings in it right now
There are 411 tilings in the search tree
Time taken so far is 13.967123031616211 seconds

Now processing 0213_0231_1230_2013_3012
Doing depth 1
We had 0 inferral cache hits and 0 partitioning cache hits
The partitioning cache has 0 tilings in it right now
The inferral cache has 6 tilings in it right now
There are 5 tilings in the search tree
Time taken so far is 0.02574634552001953 seconds

Doing depth 2
We had 0 inferral cache hits and 10 partitioning cache hits
The partitioning cache has 0 tilings in it right now
The inferral cache has 14 tilings in it right now
There are 13 tilings in the search tree
Time taken so far is 0.102325439453125 seconds

Doing depth 3
We had 2 inferral cache hits and 30 partitioning cache hits
The partitioning cache has 0 tilings in it right now
The inferral cache has 36 tilings in it right now
There are 27 tilings in the search tree
Time taken so far is 0.21826910972595215 seconds

Doing depth 4
We had 2 inferral cache hits and 40 partitioning cache hits
The partitioning cache has 0 tilings in it right now
The inferral cache has 54 tilings in it right now
There are 35 tilings in the search tree
Time taken so far is 0.3250575065612793 seconds

Doing depth 5
We had 9 inferral cache hits and 426 partitioning cache hits
The partitioning cache has 0 tilings in it right now
The inferral cache has 138 tilings in it right now
There are 94 tilings in the search tree
Time taken so far is 1.2054657936096191 seconds

Doing depth 6
We had 43 inferral cache hits and 2386 partitioning cache hits
The partitioning cache has 0 tilings in it right now
The inferral cache has 296 tilings in it right now
There are 226 tilings in the search tree
Time taken so far is 4.496011257171631 seconds

Doing depth 7
We had 53 inferral cache hits and 4163 partitioning cache hits
The partitioning cache has 0 tilings in it right now
The inferral cache has 492 tilings in it right now
There are 362 tilings in the search tree
Time taken so far is 10.800342321395874 seconds

