/users/home/henningu/ATRAP/non-regular-insertion-encodable-bases/logs_length5
Now processing 0123_0132_0213_0231_2301
Doing depth 1
We had 0 inferral cache hits and 0 partitioning cache hits
The partitioning cache has 0 tilings in it right now
The inferral cache has 6 tilings in it right now
There are 5 tilings in the search tree
Time taken so far is 0.015399456024169922 seconds

Doing depth 2
We had 0 inferral cache hits and 10 partitioning cache hits
The partitioning cache has 0 tilings in it right now
The inferral cache has 15 tilings in it right now
There are 13 tilings in the search tree
Time taken so far is 0.07287740707397461 seconds

Doing depth 3
We had 2 inferral cache hits and 30 partitioning cache hits
The partitioning cache has 0 tilings in it right now
The inferral cache has 40 tilings in it right now
There are 27 tilings in the search tree
Time taken so far is 0.19666838645935059 seconds

Doing depth 4
We had 2 inferral cache hits and 40 partitioning cache hits
The partitioning cache has 0 tilings in it right now
The inferral cache has 58 tilings in it right now
There are 35 tilings in the search tree
Time taken so far is 0.30034327507019043 seconds

Doing depth 5
We had 7 inferral cache hits and 345 partitioning cache hits
The partitioning cache has 0 tilings in it right now
The inferral cache has 120 tilings in it right now
There are 81 tilings in the search tree
Time taken so far is 0.7497003078460693 seconds

Doing depth 6
We had 54 inferral cache hits and 1261 partitioning cache hits
The partitioning cache has 0 tilings in it right now
The inferral cache has 255 tilings in it right now
There are 174 tilings in the search tree
Time taken so far is 1.878871202468872 seconds

Doing depth 7
We had 74 inferral cache hits and 2344 partitioning cache hits
The partitioning cache has 0 tilings in it right now
The inferral cache has 482 tilings in it right now
There are 301 tilings in the search tree
Time taken so far is 4.480486154556274 seconds

Now processing 0123_0132_0213_1023_1230
Doing depth 1
We had 0 inferral cache hits and 0 partitioning cache hits
The partitioning cache has 0 tilings in it right now
The inferral cache has 6 tilings in it right now
There are 5 tilings in the search tree
Time taken so far is 0.02564239501953125 seconds

Doing depth 2
We had 0 inferral cache hits and 10 partitioning cache hits
The partitioning cache has 0 tilings in it right now
The inferral cache has 14 tilings in it right now
There are 13 tilings in the search tree
Time taken so far is 0.09462833404541016 seconds

Doing depth 3
We had 2 inferral cache hits and 30 partitioning cache hits
The partitioning cache has 0 tilings in it right now
The inferral cache has 40 tilings in it right now
There are 27 tilings in the search tree
Time taken so far is 0.20759320259094238 seconds

Doing depth 4
We had 2 inferral cache hits and 40 partitioning cache hits
The partitioning cache has 0 tilings in it right now
The inferral cache has 56 tilings in it right now
There are 35 tilings in the search tree
Time taken so far is 0.31445932388305664 seconds

Doing depth 5
We had 4 inferral cache hits and 366 partitioning cache hits
The partitioning cache has 0 tilings in it right now
The inferral cache has 128 tilings in it right now
There are 81 tilings in the search tree
Time taken so far is 1.2602388858795166 seconds

Doing depth 6
We had 39 inferral cache hits and 2932 partitioning cache hits
The partitioning cache has 0 tilings in it right now
The inferral cache has 295 tilings in it right now
There are 217 tilings in the search tree
Time taken so far is 6.200239181518555 seconds

Doing depth 7
We had 39 inferral cache hits and 3534 partitioning cache hits
The partitioning cache has 0 tilings in it right now
The inferral cache has 473 tilings in it right now
There are 305 tilings in the search tree
Time taken so far is 15.95052456855774 seconds

Now processing 0123_0132_0213_1023_2301
Doing depth 1
We had 0 inferral cache hits and 0 partitioning cache hits
The partitioning cache has 0 tilings in it right now
The inferral cache has 6 tilings in it right now
There are 5 tilings in the search tree
Time taken so far is 0.02535080909729004 seconds

Doing depth 2
We had 0 inferral cache hits and 10 partitioning cache hits
The partitioning cache has 0 tilings in it right now
The inferral cache has 16 tilings in it right now
There are 13 tilings in the search tree
Time taken so far is 0.1009676456451416 seconds

Doing depth 3
We had 1 inferral cache hits and 30 partitioning cache hits
The partitioning cache has 0 tilings in it right now
The inferral cache has 44 tilings in it right now
There are 27 tilings in the search tree
Time taken so far is 0.2276630401611328 seconds

Doing depth 4
We had 1 inferral cache hits and 40 partitioning cache hits
The partitioning cache has 0 tilings in it right now
The inferral cache has 60 tilings in it right now
There are 35 tilings in the search tree
Time taken so far is 0.3221564292907715 seconds

Doing depth 5
We had 2 inferral cache hits and 336 partitioning cache hits
The partitioning cache has 0 tilings in it right now
The inferral cache has 130 tilings in it right now
There are 77 tilings in the search tree
Time taken so far is 0.8295547962188721 seconds

Doing depth 6
We had 38 inferral cache hits and 2112 partitioning cache hits
The partitioning cache has 0 tilings in it right now
The inferral cache has 329 tilings in it right now
There are 203 tilings in the search tree
Time taken so far is 2.0469541549682617 seconds

Doing depth 7
We had 46 inferral cache hits and 2601 partitioning cache hits
The partitioning cache has 0 tilings in it right now
The inferral cache has 515 tilings in it right now
There are 297 tilings in the search tree
Time taken so far is 3.8640005588531494 seconds

Now processing 0123_0132_0213_1203_1230
Doing depth 1
We had 0 inferral cache hits and 0 partitioning cache hits
The partitioning cache has 0 tilings in it right now
The inferral cache has 6 tilings in it right now
There are 5 tilings in the search tree
Time taken so far is 0.02590656280517578 seconds

Doing depth 2
We had 0 inferral cache hits and 10 partitioning cache hits
The partitioning cache has 0 tilings in it right now
The inferral cache has 14 tilings in it right now
There are 13 tilings in the search tree
Time taken so far is 0.09729957580566406 seconds

Doing depth 3
We had 2 inferral cache hits and 30 partitioning cache hits
The partitioning cache has 0 tilings in it right now
The inferral cache has 38 tilings in it right now
There are 27 tilings in the search tree
Time taken so far is 0.20813894271850586 seconds

Doing depth 4
We had 2 inferral cache hits and 40 partitioning cache hits
The partitioning cache has 0 tilings in it right now
The inferral cache has 55 tilings in it right now
There are 35 tilings in the search tree
Time taken so far is 0.324338436126709 seconds

Doing depth 5
We had 5 inferral cache hits and 379 partitioning cache hits
The partitioning cache has 0 tilings in it right now
The inferral cache has 126 tilings in it right now
There are 83 tilings in the search tree
Time taken so far is 1.1634249687194824 seconds

Doing depth 6
We had 35 inferral cache hits and 1722 partitioning cache hits
The partitioning cache has 0 tilings in it right now
The inferral cache has 232 tilings in it right now
There are 171 tilings in the search tree
Time taken so far is 5.747976303100586 seconds

Doing depth 7
We had 41 inferral cache hits and 3118 partitioning cache hits
The partitioning cache has 0 tilings in it right now
The inferral cache has 474 tilings in it right now
There are 299 tilings in the search tree
Time taken so far is 15.933457136154175 seconds

Now processing 0123_0132_0213_1203_2013
Doing depth 1
We had 0 inferral cache hits and 0 partitioning cache hits
The partitioning cache has 0 tilings in it right now
The inferral cache has 6 tilings in it right now
There are 5 tilings in the search tree
Time taken so far is 0.025914669036865234 seconds

Doing depth 2
We had 0 inferral cache hits and 10 partitioning cache hits
The partitioning cache has 0 tilings in it right now
The inferral cache has 14 tilings in it right now
There are 13 tilings in the search tree
Time taken so far is 0.10054874420166016 seconds

Doing depth 3
We had 2 inferral cache hits and 30 partitioning cache hits
The partitioning cache has 0 tilings in it right now
The inferral cache has 39 tilings in it right now
There are 27 tilings in the search tree
Time taken so far is 0.22076106071472168 seconds

Doing depth 4
We had 2 inferral cache hits and 40 partitioning cache hits
The partitioning cache has 0 tilings in it right now
The inferral cache has 58 tilings in it right now
There are 35 tilings in the search tree
Time taken so far is 0.33728623390197754 seconds

Doing depth 5
We had 4 inferral cache hits and 454 partitioning cache hits
The partitioning cache has 0 tilings in it right now
The inferral cache has 109 tilings in it right now
There are 83 tilings in the search tree
Time taken so far is 1.3233497142791748 seconds

Doing depth 6
We had 27 inferral cache hits and 1690 partitioning cache hits
The partitioning cache has 0 tilings in it right now
The inferral cache has 250 tilings in it right now
There are 170 tilings in the search tree
Time taken so far is 5.472828149795532 seconds

Doing depth 7
We had 39 inferral cache hits and 6917 partitioning cache hits
The partitioning cache has 0 tilings in it right now
The inferral cache has 492 tilings in it right now
There are 346 tilings in the search tree
Time taken so far is 17.716719388961792 seconds

Now processing 0123_0132_0213_1203_3012
Doing depth 1
We had 0 inferral cache hits and 0 partitioning cache hits
The partitioning cache has 0 tilings in it right now
The inferral cache has 6 tilings in it right now
There are 5 tilings in the search tree
Time taken so far is 0.026001691818237305 seconds

Doing depth 2
We had 0 inferral cache hits and 10 partitioning cache hits
The partitioning cache has 0 tilings in it right now
The inferral cache has 14 tilings in it right now
There are 13 tilings in the search tree
Time taken so far is 0.0983278751373291 seconds

Doing depth 3
We had 2 inferral cache hits and 30 partitioning cache hits
The partitioning cache has 0 tilings in it right now
The inferral cache has 38 tilings in it right now
There are 27 tilings in the search tree
Time taken so far is 0.22675728797912598 seconds

Doing depth 4
We had 2 inferral cache hits and 40 partitioning cache hits
The partitioning cache has 0 tilings in it right now
The inferral cache has 54 tilings in it right now
There are 35 tilings in the search tree
Time taken so far is 0.33074426651000977 seconds

Doing depth 5
We had 4 inferral cache hits and 352 partitioning cache hits
The partitioning cache has 0 tilings in it right now
The inferral cache has 110 tilings in it right now
There are 73 tilings in the search tree
Time taken so far is 0.9676268100738525 seconds

Doing depth 6
We had 36 inferral cache hits and 1834 partitioning cache hits
The partitioning cache has 0 tilings in it right now
The inferral cache has 276 tilings in it right now
There are 187 tilings in the search tree
Time taken so far is 3.025484561920166 seconds

Doing depth 7
We had 40 inferral cache hits and 3355 partitioning cache hits
The partitioning cache has 0 tilings in it right now
The inferral cache has 440 tilings in it right now
There are 299 tilings in the search tree
Time taken so far is 6.619456768035889 seconds

Now processing 0123_0132_0213_1230_2301
Doing depth 1
We had 0 inferral cache hits and 0 partitioning cache hits
The partitioning cache has 0 tilings in it right now
The inferral cache has 6 tilings in it right now
There are 5 tilings in the search tree
Time taken so far is 0.02686762809753418 seconds

Doing depth 2
We had 0 inferral cache hits and 10 partitioning cache hits
The partitioning cache has 0 tilings in it right now
The inferral cache has 14 tilings in it right now
There are 13 tilings in the search tree
Time taken so far is 0.10261201858520508 seconds

Doing depth 3
We had 2 inferral cache hits and 30 partitioning cache hits
The partitioning cache has 0 tilings in it right now
The inferral cache has 39 tilings in it right now
There are 27 tilings in the search tree
Time taken so far is 0.22287225723266602 seconds

Doing depth 4
We had 2 inferral cache hits and 40 partitioning cache hits
The partitioning cache has 0 tilings in it right now
The inferral cache has 55 tilings in it right now
There are 35 tilings in the search tree
Time taken so far is 0.3410532474517822 seconds

Doing depth 5
We had 8 inferral cache hits and 336 partitioning cache hits
The partitioning cache has 0 tilings in it right now
The inferral cache has 118 tilings in it right now
There are 81 tilings in the search tree
Time taken so far is 0.8789496421813965 seconds

Doing depth 6
We had 61 inferral cache hits and 1494 partitioning cache hits
The partitioning cache has 0 tilings in it right now
The inferral cache has 259 tilings in it right now
There are 181 tilings in the search tree
Time taken so far is 2.029433488845825 seconds

Doing depth 7
We had 73 inferral cache hits and 1977 partitioning cache hits
The partitioning cache has 0 tilings in it right now
The inferral cache has 452 tilings in it right now
There are 281 tilings in the search tree
Time taken so far is 4.27226448059082 seconds

Now processing 0123_0132_0213_1230_3012
Doing depth 1
We had 0 inferral cache hits and 0 partitioning cache hits
The partitioning cache has 0 tilings in it right now
The inferral cache has 6 tilings in it right now
There are 5 tilings in the search tree
Time taken so far is 0.025547027587890625 seconds

Doing depth 2
We had 0 inferral cache hits and 10 partitioning cache hits
The partitioning cache has 0 tilings in it right now
The inferral cache has 14 tilings in it right now
There are 13 tilings in the search tree
Time taken so far is 0.09669137001037598 seconds

Doing depth 3
We had 2 inferral cache hits and 30 partitioning cache hits
The partitioning cache has 0 tilings in it right now
The inferral cache has 39 tilings in it right now
There are 27 tilings in the search tree
Time taken so far is 0.2005469799041748 seconds

Doing depth 4
We had 2 inferral cache hits and 40 partitioning cache hits
The partitioning cache has 0 tilings in it right now
The inferral cache has 55 tilings in it right now
There are 35 tilings in the search tree
Time taken so far is 0.2991931438446045 seconds

Doing depth 5
We had 7 inferral cache hits and 357 partitioning cache hits
The partitioning cache has 0 tilings in it right now
The inferral cache has 133 tilings in it right now
There are 81 tilings in the search tree
Time taken so far is 1.0867786407470703 seconds

Doing depth 6
We had 108 inferral cache hits and 10011 partitioning cache hits
The partitioning cache has 0 tilings in it right now
The inferral cache has 432 tilings in it right now
There are 312 tilings in the search tree
Time taken so far is 4.495685577392578 seconds

Doing depth 7
We had 114 inferral cache hits and 10488 partitioning cache hits
The partitioning cache has 0 tilings in it right now
The inferral cache has 633 tilings in it right now
There are 406 tilings in the search tree
Time taken so far is 6.404512882232666 seconds

Now processing 0123_0132_1023_1230_2301
Doing depth 1
We had 0 inferral cache hits and 0 partitioning cache hits
The partitioning cache has 0 tilings in it right now
The inferral cache has 6 tilings in it right now
There are 5 tilings in the search tree
Time taken so far is 0.024951457977294922 seconds

Doing depth 2
We had 0 inferral cache hits and 10 partitioning cache hits
The partitioning cache has 0 tilings in it right now
The inferral cache has 15 tilings in it right now
There are 13 tilings in the search tree
Time taken so far is 0.10009074211120605 seconds

Doing depth 3
We had 1 inferral cache hits and 30 partitioning cache hits
The partitioning cache has 0 tilings in it right now
The inferral cache has 40 tilings in it right now
There are 27 tilings in the search tree
Time taken so far is 0.2243494987487793 seconds

Doing depth 4
We had 1 inferral cache hits and 40 partitioning cache hits
The partitioning cache has 0 tilings in it right now
The inferral cache has 56 tilings in it right now
There are 35 tilings in the search tree
Time taken so far is 0.3201127052307129 seconds

Doing depth 5
We had 10 inferral cache hits and 322 partitioning cache hits
The partitioning cache has 0 tilings in it right now
The inferral cache has 133 tilings in it right now
There are 91 tilings in the search tree
Time taken so far is 0.9000294208526611 seconds

Doing depth 6
We had 76 inferral cache hits and 1807 partitioning cache hits
The partitioning cache has 0 tilings in it right now
The inferral cache has 317 tilings in it right now
There are 238 tilings in the search tree
Time taken so far is 2.139957904815674 seconds

Doing depth 7
We had 96 inferral cache hits and 2296 partitioning cache hits
The partitioning cache has 0 tilings in it right now
The inferral cache has 524 tilings in it right now
There are 357 tilings in the search tree
Time taken so far is 4.003320693969727 seconds

Now processing 0123_0132_1023_1230_3012
Doing depth 1
We had 0 inferral cache hits and 0 partitioning cache hits
The partitioning cache has 0 tilings in it right now
The inferral cache has 6 tilings in it right now
There are 5 tilings in the search tree
Time taken so far is 0.011786937713623047 seconds

Doing depth 2
We had 0 inferral cache hits and 10 partitioning cache hits
The partitioning cache has 0 tilings in it right now
The inferral cache has 14 tilings in it right now
There are 13 tilings in the search tree
Time taken so far is 0.053476572036743164 seconds

Doing depth 3
We had 2 inferral cache hits and 30 partitioning cache hits
The partitioning cache has 0 tilings in it right now
The inferral cache has 38 tilings in it right now
There are 27 tilings in the search tree
Time taken so far is 0.1393134593963623 seconds

Doing depth 4
We had 2 inferral cache hits and 40 partitioning cache hits
The partitioning cache has 0 tilings in it right now
The inferral cache has 54 tilings in it right now
There are 35 tilings in the search tree
Time taken so far is 0.21890711784362793 seconds

Doing depth 5
We had 8 inferral cache hits and 344 partitioning cache hits
The partitioning cache has 0 tilings in it right now
The inferral cache has 146 tilings in it right now
There are 89 tilings in the search tree
Time taken so far is 1.1147046089172363 seconds

Doing depth 6
We had 135 inferral cache hits and 9023 partitioning cache hits
The partitioning cache has 0 tilings in it right now
The inferral cache has 504 tilings in it right now
There are 382 tilings in the search tree
Time taken so far is 5.80455207824707 seconds

Doing depth 7
We had 142 inferral cache hits and 9538 partitioning cache hits
The partitioning cache has 0 tilings in it right now
The inferral cache has 737 tilings in it right now
There are 495 tilings in the search tree
Time taken so far is 7.711424112319946 seconds

Now processing 0123_0132_1230_2301_3012
Doing depth 1
We had 0 inferral cache hits and 0 partitioning cache hits
The partitioning cache has 0 tilings in it right now
The inferral cache has 6 tilings in it right now
There are 5 tilings in the search tree
Time taken so far is 0.025516271591186523 seconds

Doing depth 2
We had 0 inferral cache hits and 10 partitioning cache hits
The partitioning cache has 0 tilings in it right now
The inferral cache has 14 tilings in it right now
There are 13 tilings in the search tree
Time taken so far is 0.11867189407348633 seconds

Doing depth 3
We had 2 inferral cache hits and 30 partitioning cache hits
The partitioning cache has 0 tilings in it right now
The inferral cache has 37 tilings in it right now
There are 27 tilings in the search tree
Time taken so far is 0.22904419898986816 seconds

Doing depth 4
We had 2 inferral cache hits and 40 partitioning cache hits
The partitioning cache has 0 tilings in it right now
The inferral cache has 53 tilings in it right now
There are 35 tilings in the search tree
Time taken so far is 0.32363152503967285 seconds

Doing depth 5
We had 4 inferral cache hits and 322 partitioning cache hits
The partitioning cache has 0 tilings in it right now
The inferral cache has 105 tilings in it right now
There are 75 tilings in the search tree
Time taken so far is 0.81451416015625 seconds

Doing depth 6
We had 36 inferral cache hits and 1408 partitioning cache hits
The partitioning cache has 0 tilings in it right now
The inferral cache has 215 tilings in it right now
There are 166 tilings in the search tree
Time taken so far is 1.8393914699554443 seconds

Doing depth 7
We had 52 inferral cache hits and 1913 partitioning cache hits
The partitioning cache has 0 tilings in it right now
The inferral cache has 429 tilings in it right now
There are 273 tilings in the search tree
Time taken so far is 4.110474586486816 seconds

Now processing 0123_0213_1230_2301_3012
Doing depth 1
We had 0 inferral cache hits and 0 partitioning cache hits
The partitioning cache has 0 tilings in it right now
The inferral cache has 6 tilings in it right now
There are 5 tilings in the search tree
Time taken so far is 0.011568307876586914 seconds

Doing depth 2
We had 0 inferral cache hits and 10 partitioning cache hits
The partitioning cache has 0 tilings in it right now
The inferral cache has 14 tilings in it right now
There are 13 tilings in the search tree
Time taken so far is 0.052849769592285156 seconds

Doing depth 3
We had 2 inferral cache hits and 30 partitioning cache hits
The partitioning cache has 0 tilings in it right now
The inferral cache has 38 tilings in it right now
There are 27 tilings in the search tree
Time taken so far is 0.13807010650634766 seconds

Doing depth 4
We had 2 inferral cache hits and 40 partitioning cache hits
The partitioning cache has 0 tilings in it right now
The inferral cache has 54 tilings in it right now
There are 35 tilings in the search tree
Time taken so far is 0.21552610397338867 seconds

Doing depth 5
We had 12 inferral cache hits and 336 partitioning cache hits
The partitioning cache has 0 tilings in it right now
The inferral cache has 120 tilings in it right now
There are 89 tilings in the search tree
Time taken so far is 0.6920304298400879 seconds

Doing depth 6
We had 91 inferral cache hits and 1131 partitioning cache hits
The partitioning cache has 0 tilings in it right now
The inferral cache has 246 tilings in it right now
There are 196 tilings in the search tree
Time taken so far is 1.7061119079589844 seconds

Doing depth 7
We had 107 inferral cache hits and 1544 partitioning cache hits
The partitioning cache has 0 tilings in it right now
The inferral cache has 428 tilings in it right now
There are 296 tilings in the search tree
Time taken so far is 3.8736331462860107 seconds

Now processing 0123_0231_0312_1203_2013
Doing depth 1
We had 0 inferral cache hits and 0 partitioning cache hits
The partitioning cache has 0 tilings in it right now
The inferral cache has 6 tilings in it right now
There are 5 tilings in the search tree
Time taken so far is 0.020289897918701172 seconds

Doing depth 2
We had 0 inferral cache hits and 10 partitioning cache hits
The partitioning cache has 0 tilings in it right now
The inferral cache has 14 tilings in it right now
There are 13 tilings in the search tree
Time taken so far is 0.08331918716430664 seconds

Doing depth 3
We had 2 inferral cache hits and 30 partitioning cache hits
The partitioning cache has 0 tilings in it right now
The inferral cache has 40 tilings in it right now
There are 27 tilings in the search tree
Time taken so far is 0.19941210746765137 seconds

Doing depth 4
We had 2 inferral cache hits and 40 partitioning cache hits
The partitioning cache has 0 tilings in it right now
The inferral cache has 56 tilings in it right now
There are 35 tilings in the search tree
Time taken so far is 0.30471372604370117 seconds

Doing depth 5
We had 20 inferral cache hits and 308 partitioning cache hits
The partitioning cache has 0 tilings in it right now
The inferral cache has 166 tilings in it right now
There are 109 tilings in the search tree
Time taken so far is 1.1721885204315186 seconds

Doing depth 6
We had 90 inferral cache hits and 1471 partitioning cache hits
The partitioning cache has 0 tilings in it right now
The inferral cache has 368 tilings in it right now
There are 255 tilings in the search tree
Time taken so far is 3.2757019996643066 seconds

Doing depth 7
We had 90 inferral cache hits and 1821 partitioning cache hits
The partitioning cache has 0 tilings in it right now
The inferral cache has 472 tilings in it right now
There are 303 tilings in the search tree
Time taken so far is 5.771751165390015 seconds

Now processing 0132_0213_0231_0312_3120
Doing depth 1
We had 0 inferral cache hits and 0 partitioning cache hits
The partitioning cache has 0 tilings in it right now
The inferral cache has 6 tilings in it right now
There are 5 tilings in the search tree
Time taken so far is 0.013899803161621094 seconds

Doing depth 2
We had 0 inferral cache hits and 12 partitioning cache hits
The partitioning cache has 0 tilings in it right now
The inferral cache has 15 tilings in it right now
There are 15 tilings in the search tree
Time taken so far is 0.0675497055053711 seconds

Doing depth 3
We had 1 inferral cache hits and 44 partitioning cache hits
The partitioning cache has 0 tilings in it right now
The inferral cache has 41 tilings in it right now
There are 31 tilings in the search tree
Time taken so far is 0.2290034294128418 seconds

Doing depth 4
We had 1 inferral cache hits and 62 partitioning cache hits
The partitioning cache has 0 tilings in it right now
The inferral cache has 60 tilings in it right now
There are 40 tilings in the search tree
Time taken so far is 0.42523646354675293 seconds

Doing depth 5
We had 2 inferral cache hits and 431 partitioning cache hits
The partitioning cache has 0 tilings in it right now
The inferral cache has 113 tilings in it right now
There are 81 tilings in the search tree
Time taken so far is 1.013765811920166 seconds

Doing depth 6
We had 31 inferral cache hits and 3841 partitioning cache hits
The partitioning cache has 0 tilings in it right now
The inferral cache has 327 tilings in it right now
There are 242 tilings in the search tree
Time taken so far is 5.349622964859009 seconds

Doing depth 7
We had 148 inferral cache hits and 121525 partitioning cache hits
The partitioning cache has 0 tilings in it right now
The inferral cache has 1084 tilings in it right now
There are 1021 tilings in the search tree
Time taken so far is 88.35815906524658 seconds

Now processing 0132_0213_0231_0321_3120
Doing depth 1
We had 0 inferral cache hits and 0 partitioning cache hits
The partitioning cache has 0 tilings in it right now
The inferral cache has 6 tilings in it right now
There are 5 tilings in the search tree
Time taken so far is 0.03064584732055664 seconds

Doing depth 2
We had 0 inferral cache hits and 12 partitioning cache hits
The partitioning cache has 0 tilings in it right now
The inferral cache has 15 tilings in it right now
There are 15 tilings in the search tree
Time taken so far is 0.11871933937072754 seconds

Doing depth 3
We had 2 inferral cache hits and 44 partitioning cache hits
The partitioning cache has 0 tilings in it right now
The inferral cache has 42 tilings in it right now
There are 31 tilings in the search tree
Time taken so far is 0.30210280418395996 seconds

Doing depth 4
We had 2 inferral cache hits and 62 partitioning cache hits
The partitioning cache has 0 tilings in it right now
The inferral cache has 60 tilings in it right now
There are 40 tilings in the search tree
Time taken so far is 0.5378806591033936 seconds

Doing depth 5
We had 6 inferral cache hits and 408 partitioning cache hits
The partitioning cache has 0 tilings in it right now
The inferral cache has 127 tilings in it right now
There are 86 tilings in the search tree
Time taken so far is 1.2656209468841553 seconds

Doing depth 6
We had 93 inferral cache hits and 11393 partitioning cache hits
The partitioning cache has 0 tilings in it right now
The inferral cache has 429 tilings in it right now
There are 318 tilings in the search tree
Time taken so far is 6.744945526123047 seconds

Doing depth 7
We had 171 inferral cache hits and 118936 partitioning cache hits
The partitioning cache has 0 tilings in it right now
The inferral cache has 1071 tilings in it right now
There are 853 tilings in the search tree
Time taken so far is 85.23509240150452 seconds

Now processing 0132_0213_0231_1230_2301
Doing depth 1
We had 0 inferral cache hits and 0 partitioning cache hits
The partitioning cache has 0 tilings in it right now
The inferral cache has 6 tilings in it right now
There are 5 tilings in the search tree
Time taken so far is 0.027255773544311523 seconds

Doing depth 2
We had 0 inferral cache hits and 10 partitioning cache hits
The partitioning cache has 0 tilings in it right now
The inferral cache has 15 tilings in it right now
There are 13 tilings in the search tree
Time taken so far is 0.10252141952514648 seconds

Doing depth 3
We had 1 inferral cache hits and 30 partitioning cache hits
The partitioning cache has 0 tilings in it right now
The inferral cache has 39 tilings in it right now
There are 27 tilings in the search tree
Time taken so far is 0.22727274894714355 seconds

Doing depth 4
We had 1 inferral cache hits and 40 partitioning cache hits
The partitioning cache has 0 tilings in it right now
The inferral cache has 57 tilings in it right now
There are 35 tilings in the search tree
Time taken so far is 0.3260936737060547 seconds

Doing depth 5
We had 2 inferral cache hits and 301 partitioning cache hits
The partitioning cache has 0 tilings in it right now
The inferral cache has 99 tilings in it right now
There are 67 tilings in the search tree
Time taken so far is 0.7588989734649658 seconds

Doing depth 6
We had 19 inferral cache hits and 936 partitioning cache hits
The partitioning cache has 0 tilings in it right now
The inferral cache has 173 tilings in it right now
There are 115 tilings in the search tree
Time taken so far is 1.628096103668213 seconds

Doing depth 7
We had 37 inferral cache hits and 1850 partitioning cache hits
The partitioning cache has 0 tilings in it right now
The inferral cache has 388 tilings in it right now
There are 235 tilings in the search tree
Time taken so far is 3.8606741428375244 seconds

Now processing 0132_0213_1023_1230_2301
Doing depth 1
We had 0 inferral cache hits and 0 partitioning cache hits
The partitioning cache has 0 tilings in it right now
The inferral cache has 6 tilings in it right now
There are 5 tilings in the search tree
Time taken so far is 0.011649608612060547 seconds

Doing depth 2
We had 0 inferral cache hits and 10 partitioning cache hits
The partitioning cache has 0 tilings in it right now
The inferral cache has 15 tilings in it right now
There are 13 tilings in the search tree
Time taken so far is 0.06847715377807617 seconds

Doing depth 3
We had 1 inferral cache hits and 30 partitioning cache hits
The partitioning cache has 0 tilings in it right now
The inferral cache has 42 tilings in it right now
There are 27 tilings in the search tree
Time taken so far is 0.1661243438720703 seconds

Doing depth 4
We had 1 inferral cache hits and 40 partitioning cache hits
The partitioning cache has 0 tilings in it right now
The inferral cache has 58 tilings in it right now
There are 35 tilings in the search tree
Time taken so far is 0.24599766731262207 seconds

Doing depth 5
We had 5 inferral cache hits and 322 partitioning cache hits
The partitioning cache has 0 tilings in it right now
The inferral cache has 139 tilings in it right now
There are 87 tilings in the search tree
Time taken so far is 0.7404048442840576 seconds

Doing depth 6
We had 90 inferral cache hits and 6479 partitioning cache hits
The partitioning cache has 0 tilings in it right now
The inferral cache has 383 tilings in it right now
There are 289 tilings in the search tree
Time taken so far is 2.5812339782714844 seconds

Doing depth 7
We had 94 inferral cache hits and 6951 partitioning cache hits
The partitioning cache has 0 tilings in it right now
The inferral cache has 569 tilings in it right now
There are 377 tilings in the search tree
Time taken so far is 4.302042722702026 seconds

Now processing 0132_0213_1023_1230_3012
Doing depth 1
We had 0 inferral cache hits and 0 partitioning cache hits
The partitioning cache has 0 tilings in it right now
The inferral cache has 6 tilings in it right now
There are 5 tilings in the search tree
Time taken so far is 0.011913776397705078 seconds

Doing depth 2
We had 0 inferral cache hits and 10 partitioning cache hits
The partitioning cache has 0 tilings in it right now
The inferral cache has 16 tilings in it right now
There are 13 tilings in the search tree
Time taken so far is 0.054212331771850586 seconds

Doing depth 3
We had 2 inferral cache hits and 30 partitioning cache hits
The partitioning cache has 0 tilings in it right now
The inferral cache has 44 tilings in it right now
There are 27 tilings in the search tree
Time taken so far is 0.14150094985961914 seconds

Doing depth 4
We had 2 inferral cache hits and 40 partitioning cache hits
The partitioning cache has 0 tilings in it right now
The inferral cache has 60 tilings in it right now
There are 35 tilings in the search tree
Time taken so far is 0.21692895889282227 seconds

Doing depth 5
We had 4 inferral cache hits and 344 partitioning cache hits
The partitioning cache has 0 tilings in it right now
The inferral cache has 146 tilings in it right now
There are 81 tilings in the search tree
Time taken so far is 0.922818660736084 seconds

Doing depth 6
We had 47 inferral cache hits and 4855 partitioning cache hits
The partitioning cache has 0 tilings in it right now
The inferral cache has 368 tilings in it right now
There are 274 tilings in the search tree
Time taken so far is 3.0594289302825928 seconds

Doing depth 7
We had 47 inferral cache hits and 5282 partitioning cache hits
The partitioning cache has 0 tilings in it right now
The inferral cache has 524 tilings in it right now
There are 344 tilings in the search tree
Time taken so far is 4.542109489440918 seconds

Now processing 0132_0213_1203_1230_3012
Doing depth 1
We had 0 inferral cache hits and 0 partitioning cache hits
The partitioning cache has 0 tilings in it right now
The inferral cache has 6 tilings in it right now
There are 5 tilings in the search tree
Time taken so far is 0.011714935302734375 seconds

Doing depth 2
We had 0 inferral cache hits and 10 partitioning cache hits
The partitioning cache has 0 tilings in it right now
The inferral cache has 15 tilings in it right now
There are 13 tilings in the search tree
Time taken so far is 0.06670689582824707 seconds

Doing depth 3
We had 1 inferral cache hits and 30 partitioning cache hits
The partitioning cache has 0 tilings in it right now
The inferral cache has 40 tilings in it right now
There are 27 tilings in the search tree
Time taken so far is 0.1556549072265625 seconds

Doing depth 4
We had 1 inferral cache hits and 40 partitioning cache hits
The partitioning cache has 0 tilings in it right now
The inferral cache has 57 tilings in it right now
There are 35 tilings in the search tree
Time taken so far is 0.2333385944366455 seconds

Doing depth 5
We had 7 inferral cache hits and 361 partitioning cache hits
The partitioning cache has 0 tilings in it right now
The inferral cache has 146 tilings in it right now
There are 92 tilings in the search tree
Time taken so far is 0.9574222564697266 seconds

Doing depth 6
We had 90 inferral cache hits and 6650 partitioning cache hits
The partitioning cache has 0 tilings in it right now
The inferral cache has 354 tilings in it right now
There are 284 tilings in the search tree
Time taken so far is 4.240365028381348 seconds

Doing depth 7
We had 103 inferral cache hits and 7727 partitioning cache hits
The partitioning cache has 0 tilings in it right now
The inferral cache has 567 tilings in it right now
There are 403 tilings in the search tree
Time taken so far is 8.370472431182861 seconds

Now processing 0132_0213_1230_2301_3012
Doing depth 1
We had 0 inferral cache hits and 0 partitioning cache hits
The partitioning cache has 0 tilings in it right now
The inferral cache has 6 tilings in it right now
There are 5 tilings in the search tree
Time taken so far is 0.025698423385620117 seconds

Doing depth 2
We had 0 inferral cache hits and 10 partitioning cache hits
The partitioning cache has 0 tilings in it right now
The inferral cache has 15 tilings in it right now
There are 13 tilings in the search tree
Time taken so far is 0.09731411933898926 seconds

Doing depth 3
We had 2 inferral cache hits and 30 partitioning cache hits
The partitioning cache has 0 tilings in it right now
The inferral cache has 41 tilings in it right now
There are 27 tilings in the search tree
Time taken so far is 0.2310032844543457 seconds

Doing depth 4
We had 2 inferral cache hits and 40 partitioning cache hits
The partitioning cache has 0 tilings in it right now
The inferral cache has 57 tilings in it right now
There are 35 tilings in the search tree
Time taken so far is 0.32700181007385254 seconds

Doing depth 5
We had 12 inferral cache hits and 322 partitioning cache hits
The partitioning cache has 0 tilings in it right now
The inferral cache has 131 tilings in it right now
There are 91 tilings in the search tree
Time taken so far is 0.8854153156280518 seconds

Doing depth 6
We had 115 inferral cache hits and 6039 partitioning cache hits
The partitioning cache has 0 tilings in it right now
The inferral cache has 326 tilings in it right now
There are 274 tilings in the search tree
Time taken so far is 2.5947091579437256 seconds

Doing depth 7
We had 127 inferral cache hits and 6474 partitioning cache hits
The partitioning cache has 0 tilings in it right now
The inferral cache has 519 tilings in it right now
There are 371 tilings in the search tree
Time taken so far is 4.249476909637451 seconds

Now processing 0132_0231_0312_0321_3120
Doing depth 1
We had 0 inferral cache hits and 0 partitioning cache hits
The partitioning cache has 0 tilings in it right now
The inferral cache has 6 tilings in it right now
There are 5 tilings in the search tree
Time taken so far is 0.013336420059204102 seconds

Doing depth 2
We had 0 inferral cache hits and 12 partitioning cache hits
The partitioning cache has 0 tilings in it right now
The inferral cache has 15 tilings in it right now
There are 15 tilings in the search tree
Time taken so far is 0.06762099266052246 seconds

Doing depth 3
We had 1 inferral cache hits and 44 partitioning cache hits
The partitioning cache has 0 tilings in it right now
The inferral cache has 40 tilings in it right now
There are 31 tilings in the search tree
Time taken so far is 0.23294997215270996 seconds

Doing depth 4
We had 1 inferral cache hits and 62 partitioning cache hits
The partitioning cache has 0 tilings in it right now
The inferral cache has 60 tilings in it right now
There are 42 tilings in the search tree
Time taken so far is 0.4328646659851074 seconds

Doing depth 5
We had 17 inferral cache hits and 1243 partitioning cache hits
The partitioning cache has 0 tilings in it right now
The inferral cache has 140 tilings in it right now
There are 116 tilings in the search tree
Time taken so far is 1.3927643299102783 seconds

Doing depth 6
We had 139 inferral cache hits and 23284 partitioning cache hits
The partitioning cache has 0 tilings in it right now
The inferral cache has 514 tilings in it right now
There are 399 tilings in the search tree
Time taken so far is 7.9929749965667725 seconds

Doing depth 7
We had 140 inferral cache hits and 24458 partitioning cache hits
The partitioning cache has 0 tilings in it right now
The inferral cache has 695 tilings in it right now
There are 492 tilings in the search tree
Time taken so far is 12.69894027709961 seconds

Now processing 0132_0231_0312_1032_3120
Doing depth 1
We had 0 inferral cache hits and 0 partitioning cache hits
The partitioning cache has 0 tilings in it right now
The inferral cache has 6 tilings in it right now
There are 5 tilings in the search tree
Time taken so far is 0.024091720581054688 seconds

Doing depth 2
We had 0 inferral cache hits and 10 partitioning cache hits
The partitioning cache has 0 tilings in it right now
The inferral cache has 15 tilings in it right now
There are 13 tilings in the search tree
Time taken so far is 0.09758400917053223 seconds

Doing depth 3
We had 1 inferral cache hits and 30 partitioning cache hits
The partitioning cache has 0 tilings in it right now
The inferral cache has 40 tilings in it right now
There are 27 tilings in the search tree
Time taken so far is 0.22806549072265625 seconds

Doing depth 4
We had 1 inferral cache hits and 40 partitioning cache hits
The partitioning cache has 0 tilings in it right now
The inferral cache has 62 tilings in it right now
There are 37 tilings in the search tree
Time taken so far is 0.34490394592285156 seconds

Doing depth 5
We had 3 inferral cache hits and 339 partitioning cache hits
The partitioning cache has 0 tilings in it right now
The inferral cache has 126 tilings in it right now
There are 80 tilings in the search tree
Time taken so far is 0.9219353199005127 seconds

Doing depth 6
We had 24 inferral cache hits and 2138 partitioning cache hits
The partitioning cache has 0 tilings in it right now
The inferral cache has 257 tilings in it right now
There are 168 tilings in the search tree
Time taken so far is 2.44449782371521 seconds

Doing depth 7
We had 38 inferral cache hits and 4702 partitioning cache hits
The partitioning cache has 0 tilings in it right now
The inferral cache has 525 tilings in it right now
There are 312 tilings in the search tree
Time taken so far is 5.446806192398071 seconds

Now processing 0132_0231_0312_1203_2013
Doing depth 1
We had 0 inferral cache hits and 0 partitioning cache hits
The partitioning cache has 0 tilings in it right now
The inferral cache has 6 tilings in it right now
There are 5 tilings in the search tree
Time taken so far is 0.011593818664550781 seconds

Doing depth 2
We had 0 inferral cache hits and 10 partitioning cache hits
The partitioning cache has 0 tilings in it right now
The inferral cache has 14 tilings in it right now
There are 13 tilings in the search tree
Time taken so far is 0.05771636962890625 seconds

Doing depth 3
We had 2 inferral cache hits and 30 partitioning cache hits
The partitioning cache has 0 tilings in it right now
The inferral cache has 39 tilings in it right now
There are 27 tilings in the search tree
Time taken so far is 0.1568317413330078 seconds

Doing depth 4
We had 2 inferral cache hits and 40 partitioning cache hits
The partitioning cache has 0 tilings in it right now
The inferral cache has 57 tilings in it right now
There are 35 tilings in the search tree
Time taken so far is 0.24770188331604004 seconds

Doing depth 5
We had 7 inferral cache hits and 318 partitioning cache hits
The partitioning cache has 0 tilings in it right now
The inferral cache has 168 tilings in it right now
There are 98 tilings in the search tree
Time taken so far is 1.2323031425476074 seconds

Doing depth 6
We had 119 inferral cache hits and 9374 partitioning cache hits
The partitioning cache has 0 tilings in it right now
The inferral cache has 549 tilings in it right now
There are 331 tilings in the search tree
Time taken so far is 6.326388359069824 seconds

Doing depth 7
We had 119 inferral cache hits and 9724 partitioning cache hits
The partitioning cache has 0 tilings in it right now
The inferral cache has 657 tilings in it right now
There are 379 tilings in the search tree
Time taken so far is 8.557691812515259 seconds

Now processing 0132_0231_0321_1032_3120
Doing depth 1
We had 0 inferral cache hits and 0 partitioning cache hits
The partitioning cache has 0 tilings in it right now
The inferral cache has 6 tilings in it right now
There are 5 tilings in the search tree
Time taken so far is 0.025807619094848633 seconds

Doing depth 2
We had 0 inferral cache hits and 10 partitioning cache hits
The partitioning cache has 0 tilings in it right now
The inferral cache has 15 tilings in it right now
There are 13 tilings in the search tree
Time taken so far is 0.10400676727294922 seconds

Doing depth 3
We had 2 inferral cache hits and 30 partitioning cache hits
The partitioning cache has 0 tilings in it right now
The inferral cache has 39 tilings in it right now
There are 27 tilings in the search tree
Time taken so far is 0.2309861183166504 seconds

Doing depth 4
We had 2 inferral cache hits and 40 partitioning cache hits
The partitioning cache has 0 tilings in it right now
The inferral cache has 60 tilings in it right now
There are 37 tilings in the search tree
Time taken so far is 0.35496044158935547 seconds

Doing depth 5
We had 6 inferral cache hits and 320 partitioning cache hits
The partitioning cache has 0 tilings in it right now
The inferral cache has 125 tilings in it right now
There are 78 tilings in the search tree
Time taken so far is 0.9538741111755371 seconds

Doing depth 6
We had 27 inferral cache hits and 2269 partitioning cache hits
The partitioning cache has 0 tilings in it right now
The inferral cache has 240 tilings in it right now
There are 162 tilings in the search tree
Time taken so far is 2.6523895263671875 seconds

Doing depth 7
We had 39 inferral cache hits and 3243 partitioning cache hits
The partitioning cache has 0 tilings in it right now
The inferral cache has 497 tilings in it right now
There are 295 tilings in the search tree
Time taken so far is 5.549245357513428 seconds

Now processing 0132_0231_1023_1203_2301
Doing depth 1
We had 0 inferral cache hits and 0 partitioning cache hits
The partitioning cache has 0 tilings in it right now
The inferral cache has 6 tilings in it right now
There are 5 tilings in the search tree
Time taken so far is 0.025335311889648438 seconds

Doing depth 2
We had 0 inferral cache hits and 10 partitioning cache hits
The partitioning cache has 0 tilings in it right now
The inferral cache has 15 tilings in it right now
There are 13 tilings in the search tree
Time taken so far is 0.10170388221740723 seconds

Doing depth 3
We had 1 inferral cache hits and 30 partitioning cache hits
The partitioning cache has 0 tilings in it right now
The inferral cache has 40 tilings in it right now
There are 27 tilings in the search tree
Time taken so far is 0.2505016326904297 seconds

Doing depth 4
We had 1 inferral cache hits and 40 partitioning cache hits
The partitioning cache has 0 tilings in it right now
The inferral cache has 58 tilings in it right now
There are 35 tilings in the search tree
Time taken so far is 0.3476274013519287 seconds

Doing depth 5
We had 6 inferral cache hits and 317 partitioning cache hits
The partitioning cache has 0 tilings in it right now
The inferral cache has 144 tilings in it right now
There are 93 tilings in the search tree
Time taken so far is 1.007530689239502 seconds

Doing depth 6
We had 81 inferral cache hits and 3867 partitioning cache hits
The partitioning cache has 0 tilings in it right now
The inferral cache has 349 tilings in it right now
There are 277 tilings in the search tree
Time taken so far is 3.386209487915039 seconds

Doing depth 7
We had 109 inferral cache hits and 4503 partitioning cache hits
The partitioning cache has 0 tilings in it right now
The inferral cache has 567 tilings in it right now
There are 409 tilings in the search tree
Time taken so far is 6.2083892822265625 seconds

Now processing 0132_0231_1023_1203_3012
Doing depth 1
We had 0 inferral cache hits and 0 partitioning cache hits
The partitioning cache has 0 tilings in it right now
The inferral cache has 6 tilings in it right now
There are 5 tilings in the search tree
Time taken so far is 0.024725914001464844 seconds

Doing depth 2
We had 0 inferral cache hits and 10 partitioning cache hits
The partitioning cache has 0 tilings in it right now
The inferral cache has 15 tilings in it right now
There are 13 tilings in the search tree
Time taken so far is 0.1264958381652832 seconds

Doing depth 3
We had 1 inferral cache hits and 30 partitioning cache hits
The partitioning cache has 0 tilings in it right now
The inferral cache has 40 tilings in it right now
There are 27 tilings in the search tree
Time taken so far is 0.2555067539215088 seconds

Doing depth 4
We had 1 inferral cache hits and 40 partitioning cache hits
The partitioning cache has 0 tilings in it right now
The inferral cache has 58 tilings in it right now
There are 35 tilings in the search tree
Time taken so far is 0.3559293746948242 seconds

Doing depth 5
We had 9 inferral cache hits and 332 partitioning cache hits
The partitioning cache has 0 tilings in it right now
The inferral cache has 133 tilings in it right now
There are 91 tilings in the search tree
Time taken so far is 1.0319631099700928 seconds

Doing depth 6
We had 68 inferral cache hits and 4970 partitioning cache hits
The partitioning cache has 0 tilings in it right now
The inferral cache has 326 tilings in it right now
There are 257 tilings in the search tree
Time taken so far is 3.9180362224578857 seconds

Doing depth 7
We had 76 inferral cache hits and 5639 partitioning cache hits
The partitioning cache has 0 tilings in it right now
The inferral cache has 499 tilings in it right now
There are 354 tilings in the search tree
Time taken so far is 6.031483173370361 seconds

Now processing 0132_0231_1023_1230_2013
Doing depth 1
We had 0 inferral cache hits and 0 partitioning cache hits
The partitioning cache has 0 tilings in it right now
The inferral cache has 6 tilings in it right now
There are 5 tilings in the search tree
Time taken so far is 0.011902332305908203 seconds

Doing depth 2
We had 0 inferral cache hits and 10 partitioning cache hits
The partitioning cache has 0 tilings in it right now
The inferral cache has 15 tilings in it right now
There are 13 tilings in the search tree
Time taken so far is 0.05941033363342285 seconds

Doing depth 3
We had 2 inferral cache hits and 36 partitioning cache hits
The partitioning cache has 0 tilings in it right now
The inferral cache has 38 tilings in it right now
There are 29 tilings in the search tree
Time taken so far is 0.18300819396972656 seconds

Doing depth 4
We had 2 inferral cache hits and 54 partitioning cache hits
The partitioning cache has 0 tilings in it right now
The inferral cache has 56 tilings in it right now
There are 38 tilings in the search tree
Time taken so far is 0.39565062522888184 seconds

Doing depth 5
We had 4 inferral cache hits and 384 partitioning cache hits
The partitioning cache has 0 tilings in it right now
The inferral cache has 99 tilings in it right now
There are 77 tilings in the search tree
Time taken so far is 1.3067400455474854 seconds

Doing depth 6
We had 22 inferral cache hits and 1194 partitioning cache hits
The partitioning cache has 0 tilings in it right now
The inferral cache has 164 tilings in it right now
There are 139 tilings in the search tree
Time taken so far is 6.349620819091797 seconds

Doing depth 7
We had 24 inferral cache hits and 2720 partitioning cache hits
The partitioning cache has 0 tilings in it right now
The inferral cache has 340 tilings in it right now
There are 241 tilings in the search tree
Time taken so far is 16.59363293647766 seconds

Now processing 0132_0231_1023_1230_2301
Doing depth 1
We had 0 inferral cache hits and 0 partitioning cache hits
The partitioning cache has 0 tilings in it right now
The inferral cache has 6 tilings in it right now
There are 5 tilings in the search tree
Time taken so far is 0.025293350219726562 seconds

Doing depth 2
We had 0 inferral cache hits and 10 partitioning cache hits
The partitioning cache has 0 tilings in it right now
The inferral cache has 15 tilings in it right now
There are 13 tilings in the search tree
Time taken so far is 0.0991203784942627 seconds

Doing depth 3
We had 1 inferral cache hits and 30 partitioning cache hits
The partitioning cache has 0 tilings in it right now
The inferral cache has 39 tilings in it right now
There are 27 tilings in the search tree
Time taken so far is 0.2423560619354248 seconds

Doing depth 4
We had 1 inferral cache hits and 40 partitioning cache hits
The partitioning cache has 0 tilings in it right now
The inferral cache has 58 tilings in it right now
There are 35 tilings in the search tree
Time taken so far is 0.3391695022583008 seconds

Doing depth 5
We had 2 inferral cache hits and 296 partitioning cache hits
The partitioning cache has 0 tilings in it right now
The inferral cache has 124 tilings in it right now
There are 75 tilings in the search tree
Time taken so far is 0.8233542442321777 seconds

Doing depth 6
We had 26 inferral cache hits and 1348 partitioning cache hits
The partitioning cache has 0 tilings in it right now
The inferral cache has 230 tilings in it right now
There are 152 tilings in the search tree
Time taken so far is 1.7711870670318604 seconds

Doing depth 7
We had 50 inferral cache hits and 1954 partitioning cache hits
The partitioning cache has 0 tilings in it right now
The inferral cache has 442 tilings in it right now
There are 274 tilings in the search tree
Time taken so far is 3.6100893020629883 seconds

Now processing 0132_0231_1203_1230_2301
Doing depth 1
We had 0 inferral cache hits and 0 partitioning cache hits
The partitioning cache has 0 tilings in it right now
The inferral cache has 6 tilings in it right now
There are 5 tilings in the search tree
Time taken so far is 0.025767087936401367 seconds

Doing depth 2
We had 0 inferral cache hits and 10 partitioning cache hits
The partitioning cache has 0 tilings in it right now
The inferral cache has 15 tilings in it right now
There are 13 tilings in the search tree
Time taken so far is 0.11715006828308105 seconds

Doing depth 3
We had 2 inferral cache hits and 30 partitioning cache hits
The partitioning cache has 0 tilings in it right now
The inferral cache has 37 tilings in it right now
There are 27 tilings in the search tree
Time taken so far is 0.239640474319458 seconds

Doing depth 4
We had 2 inferral cache hits and 40 partitioning cache hits
The partitioning cache has 0 tilings in it right now
The inferral cache has 55 tilings in it right now
There are 35 tilings in the search tree
Time taken so far is 0.33721113204956055 seconds

Doing depth 5
We had 4 inferral cache hits and 292 partitioning cache hits
The partitioning cache has 0 tilings in it right now
The inferral cache has 96 tilings in it right now
There are 70 tilings in the search tree
Time taken so far is 0.853797435760498 seconds

Doing depth 6
We had 23 inferral cache hits and 912 partitioning cache hits
The partitioning cache has 0 tilings in it right now
The inferral cache has 167 tilings in it right now
There are 129 tilings in the search tree
Time taken so far is 2.1471242904663086 seconds

Doing depth 7
We had 45 inferral cache hits and 2014 partitioning cache hits
The partitioning cache has 0 tilings in it right now
The inferral cache has 379 tilings in it right now
There are 265 tilings in the search tree
Time taken so far is 5.554826259613037 seconds

Now processing 0132_0231_1203_1230_3012
Doing depth 1
We had 0 inferral cache hits and 0 partitioning cache hits
The partitioning cache has 0 tilings in it right now
The inferral cache has 6 tilings in it right now
There are 5 tilings in the search tree
Time taken so far is 0.012177228927612305 seconds

Doing depth 2
We had 0 inferral cache hits and 10 partitioning cache hits
The partitioning cache has 0 tilings in it right now
The inferral cache has 15 tilings in it right now
There are 13 tilings in the search tree
Time taken so far is 0.056876182556152344 seconds

Doing depth 3
We had 2 inferral cache hits and 36 partitioning cache hits
The partitioning cache has 0 tilings in it right now
The inferral cache has 39 tilings in it right now
There are 29 tilings in the search tree
Time taken so far is 0.18708419799804688 seconds

Doing depth 4
We had 2 inferral cache hits and 54 partitioning cache hits
The partitioning cache has 0 tilings in it right now
The inferral cache has 56 tilings in it right now
There are 38 tilings in the search tree
Time taken so far is 0.3358936309814453 seconds

Doing depth 5
We had 4 inferral cache hits and 351 partitioning cache hits
The partitioning cache has 0 tilings in it right now
The inferral cache has 104 tilings in it right now
There are 76 tilings in the search tree
Time taken so far is 0.9575986862182617 seconds

Doing depth 6
We had 32 inferral cache hits and 1619 partitioning cache hits
The partitioning cache has 0 tilings in it right now
The inferral cache has 227 tilings in it right now
There are 177 tilings in the search tree
Time taken so far is 3.4525821208953857 seconds

Doing depth 7
We had 39 inferral cache hits and 3191 partitioning cache hits
The partitioning cache has 0 tilings in it right now
The inferral cache has 417 tilings in it right now
There are 303 tilings in the search tree
Time taken so far is 8.13762378692627 seconds

Now processing 0132_0231_1203_2013_3012
Doing depth 1
We had 0 inferral cache hits and 0 partitioning cache hits
The partitioning cache has 0 tilings in it right now
The inferral cache has 6 tilings in it right now
There are 5 tilings in the search tree
Time taken so far is 0.012201547622680664 seconds

Doing depth 2
We had 0 inferral cache hits and 10 partitioning cache hits
The partitioning cache has 0 tilings in it right now
The inferral cache has 14 tilings in it right now
There are 13 tilings in the search tree
Time taken so far is 0.05814218521118164 seconds

Doing depth 3
We had 2 inferral cache hits and 30 partitioning cache hits
The partitioning cache has 0 tilings in it right now
The inferral cache has 38 tilings in it right now
There are 27 tilings in the search tree
Time taken so far is 0.15526795387268066 seconds

Doing depth 4
We had 2 inferral cache hits and 40 partitioning cache hits
The partitioning cache has 0 tilings in it right now
The inferral cache has 57 tilings in it right now
There are 35 tilings in the search tree
Time taken so far is 0.2360384464263916 seconds

Doing depth 5
We had 5 inferral cache hits and 327 partitioning cache hits
The partitioning cache has 0 tilings in it right now
The inferral cache has 151 tilings in it right now
There are 90 tilings in the search tree
Time taken so far is 0.9804973602294922 seconds

Doing depth 6
We had 59 inferral cache hits and 10642 partitioning cache hits
The partitioning cache has 0 tilings in it right now
The inferral cache has 489 tilings in it right now
There are 324 tilings in the search tree
Time taken so far is 6.419499158859253 seconds

Doing depth 7
We had 67 inferral cache hits and 11572 partitioning cache hits
The partitioning cache has 0 tilings in it right now
The inferral cache has 659 tilings in it right now
There are 426 tilings in the search tree
Time taken so far is 9.26859736442566 seconds

Now processing 0132_0231_1302_2013_3012
Doing depth 1
We had 0 inferral cache hits and 0 partitioning cache hits
The partitioning cache has 0 tilings in it right now
The inferral cache has 6 tilings in it right now
There are 5 tilings in the search tree
Time taken so far is 0.011663198471069336 seconds

Doing depth 2
We had 0 inferral cache hits and 10 partitioning cache hits
The partitioning cache has 0 tilings in it right now
The inferral cache has 14 tilings in it right now
There are 13 tilings in the search tree
Time taken so far is 0.05852651596069336 seconds

Doing depth 3
We had 2 inferral cache hits and 30 partitioning cache hits
The partitioning cache has 0 tilings in it right now
The inferral cache has 37 tilings in it right now
There are 27 tilings in the search tree
Time taken so far is 0.16161274909973145 seconds

Doing depth 4
We had 2 inferral cache hits and 40 partitioning cache hits
The partitioning cache has 0 tilings in it right now
The inferral cache has 57 tilings in it right now
There are 35 tilings in the search tree
Time taken so far is 0.24525880813598633 seconds

Doing depth 5
We had 12 inferral cache hits and 298 partitioning cache hits
The partitioning cache has 0 tilings in it right now
The inferral cache has 173 tilings in it right now
There are 104 tilings in the search tree
Time taken so far is 1.1417977809906006 seconds

Doing depth 6
We had 135 inferral cache hits and 13041 partitioning cache hits
The partitioning cache has 0 tilings in it right now
The inferral cache has 722 tilings in it right now
There are 521 tilings in the search tree
Time taken so far is 11.45047402381897 seconds

Doing depth 7
We had 414 inferral cache hits and 69546 partitioning cache hits
The partitioning cache has 0 tilings in it right now
The inferral cache has 1584 tilings in it right now
There are 1107 tilings in the search tree
Time taken so far is 37.50801420211792 seconds

Now processing 0132_1023_1230_2301_3012
Doing depth 1
We had 0 inferral cache hits and 0 partitioning cache hits
The partitioning cache has 0 tilings in it right now
The inferral cache has 6 tilings in it right now
There are 5 tilings in the search tree
Time taken so far is 0.02383732795715332 seconds

Doing depth 2
We had 0 inferral cache hits and 10 partitioning cache hits
The partitioning cache has 0 tilings in it right now
The inferral cache has 16 tilings in it right now
There are 13 tilings in the search tree
Time taken so far is 0.09521198272705078 seconds

Doing depth 3
We had 1 inferral cache hits and 30 partitioning cache hits
The partitioning cache has 0 tilings in it right now
The inferral cache has 42 tilings in it right now
There are 27 tilings in the search tree
Time taken so far is 0.21951675415039062 seconds

Doing depth 4
We had 1 inferral cache hits and 40 partitioning cache hits
The partitioning cache has 0 tilings in it right now
The inferral cache has 58 tilings in it right now
There are 35 tilings in the search tree
Time taken so far is 0.31327056884765625 seconds

Doing depth 5
We had 11 inferral cache hits and 308 partitioning cache hits
The partitioning cache has 0 tilings in it right now
The inferral cache has 134 tilings in it right now
There are 93 tilings in the search tree
Time taken so far is 0.8780083656311035 seconds

Doing depth 6
We had 76 inferral cache hits and 1537 partitioning cache hits
The partitioning cache has 0 tilings in it right now
The inferral cache has 293 tilings in it right now
There are 226 tilings in the search tree
Time taken so far is 1.8964018821716309 seconds

Doing depth 7
We had 92 inferral cache hits and 2003 partitioning cache hits
The partitioning cache has 0 tilings in it right now
The inferral cache has 498 tilings in it right now
There are 337 tilings in the search tree
Time taken so far is 3.5204062461853027 seconds

Now processing 0132_1203_1230_2013_3012
Doing depth 1
We had 0 inferral cache hits and 0 partitioning cache hits
The partitioning cache has 0 tilings in it right now
The inferral cache has 6 tilings in it right now
There are 5 tilings in the search tree
Time taken so far is 0.02605438232421875 seconds

Doing depth 2
We had 0 inferral cache hits and 10 partitioning cache hits
The partitioning cache has 0 tilings in it right now
The inferral cache has 15 tilings in it right now
There are 13 tilings in the search tree
Time taken so far is 0.10042762756347656 seconds

Doing depth 3
We had 1 inferral cache hits and 30 partitioning cache hits
The partitioning cache has 0 tilings in it right now
The inferral cache has 41 tilings in it right now
There are 27 tilings in the search tree
Time taken so far is 0.22110509872436523 seconds

Doing depth 4
We had 1 inferral cache hits and 40 partitioning cache hits
The partitioning cache has 0 tilings in it right now
The inferral cache has 61 tilings in it right now
There are 35 tilings in the search tree
Time taken so far is 0.3190000057220459 seconds

Doing depth 5
We had 5 inferral cache hits and 375 partitioning cache hits
The partitioning cache has 0 tilings in it right now
The inferral cache has 161 tilings in it right now
There are 99 tilings in the search tree
Time taken so far is 1.3870244026184082 seconds

Doing depth 6
We had 106 inferral cache hits and 11168 partitioning cache hits
The partitioning cache has 0 tilings in it right now
The inferral cache has 527 tilings in it right now
There are 365 tilings in the search tree
Time taken so far is 6.403288841247559 seconds

Doing depth 7
We had 125 inferral cache hits and 12838 partitioning cache hits
The partitioning cache has 0 tilings in it right now
The inferral cache has 730 tilings in it right now
There are 488 tilings in the search tree
Time taken so far is 11.219892501831055 seconds

Now processing 0132_1203_1230_2301_3012
Doing depth 1
We had 0 inferral cache hits and 0 partitioning cache hits
The partitioning cache has 0 tilings in it right now
The inferral cache has 6 tilings in it right now
There are 5 tilings in the search tree
Time taken so far is 0.02631974220275879 seconds

Doing depth 2
We had 0 inferral cache hits and 10 partitioning cache hits
The partitioning cache has 0 tilings in it right now
The inferral cache has 15 tilings in it right now
There are 13 tilings in the search tree
Time taken so far is 0.1028604507446289 seconds

Doing depth 3
We had 1 inferral cache hits and 30 partitioning cache hits
The partitioning cache has 0 tilings in it right now
The inferral cache has 40 tilings in it right now
There are 27 tilings in the search tree
Time taken so far is 0.2277212142944336 seconds

Doing depth 4
We had 1 inferral cache hits and 40 partitioning cache hits
The partitioning cache has 0 tilings in it right now
The inferral cache has 57 tilings in it right now
There are 35 tilings in the search tree
Time taken so far is 0.3268704414367676 seconds

Doing depth 5
We had 7 inferral cache hits and 327 partitioning cache hits
The partitioning cache has 0 tilings in it right now
The inferral cache has 125 tilings in it right now
There are 87 tilings in the search tree
Time taken so far is 0.8932316303253174 seconds

Doing depth 6
We had 74 inferral cache hits and 1721 partitioning cache hits
The partitioning cache has 0 tilings in it right now
The inferral cache has 305 tilings in it right now
There are 230 tilings in the search tree
Time taken so far is 2.1924641132354736 seconds

Doing depth 7
We had 119 inferral cache hits and 2781 partitioning cache hits
The partitioning cache has 0 tilings in it right now
The inferral cache has 585 tilings in it right now
There are 407 tilings in the search tree
Time taken so far is 4.768918514251709 seconds

Now processing 0213_0231_0312_1203_2013
Doing depth 1
We had 0 inferral cache hits and 0 partitioning cache hits
The partitioning cache has 0 tilings in it right now
The inferral cache has 6 tilings in it right now
There are 5 tilings in the search tree
Time taken so far is 0.025426626205444336 seconds

Doing depth 2
We had 0 inferral cache hits and 10 partitioning cache hits
The partitioning cache has 0 tilings in it right now
The inferral cache has 14 tilings in it right now
There are 13 tilings in the search tree
Time taken so far is 0.09881186485290527 seconds

Doing depth 3
We had 2 inferral cache hits and 30 partitioning cache hits
The partitioning cache has 0 tilings in it right now
The inferral cache has 38 tilings in it right now
There are 27 tilings in the search tree
Time taken so far is 0.21857547760009766 seconds

Doing depth 4
We had 2 inferral cache hits and 40 partitioning cache hits
The partitioning cache has 0 tilings in it right now
The inferral cache has 56 tilings in it right now
There are 35 tilings in the search tree
Time taken so far is 0.32692933082580566 seconds

Doing depth 5
We had 12 inferral cache hits and 336 partitioning cache hits
The partitioning cache has 0 tilings in it right now
The inferral cache has 182 tilings in it right now
There are 109 tilings in the search tree
Time taken so far is 1.2631664276123047 seconds

Doing depth 6
We had 38 inferral cache hits and 1438 partitioning cache hits
The partitioning cache has 0 tilings in it right now
The inferral cache has 312 tilings in it right now
There are 207 tilings in the search tree
Time taken so far is 2.9081881046295166 seconds

Doing depth 7
We had 38 inferral cache hits and 2513 partitioning cache hits
The partitioning cache has 0 tilings in it right now
The inferral cache has 440 tilings in it right now
There are 278 tilings in the search tree
Time taken so far is 5.94791579246521 seconds

Now processing 0213_0231_0312_1203_3012
Doing depth 1
We had 0 inferral cache hits and 0 partitioning cache hits
The partitioning cache has 0 tilings in it right now
The inferral cache has 6 tilings in it right now
There are 5 tilings in the search tree
Time taken so far is 0.024982690811157227 seconds

Doing depth 2
We had 0 inferral cache hits and 10 partitioning cache hits
The partitioning cache has 0 tilings in it right now
The inferral cache has 14 tilings in it right now
There are 13 tilings in the search tree
Time taken so far is 0.0991673469543457 seconds

Doing depth 3
We had 2 inferral cache hits and 30 partitioning cache hits
The partitioning cache has 0 tilings in it right now
The inferral cache has 37 tilings in it right now
There are 27 tilings in the search tree
Time taken so far is 0.219160795211792 seconds

Doing depth 4
We had 2 inferral cache hits and 40 partitioning cache hits
The partitioning cache has 0 tilings in it right now
The inferral cache has 55 tilings in it right now
There are 35 tilings in the search tree
Time taken so far is 0.326596736907959 seconds

Doing depth 5
We had 7 inferral cache hits and 350 partitioning cache hits
The partitioning cache has 0 tilings in it right now
The inferral cache has 155 tilings in it right now
There are 93 tilings in the search tree
Time taken so far is 1.1143181324005127 seconds

Doing depth 6
We had 51 inferral cache hits and 2435 partitioning cache hits
The partitioning cache has 0 tilings in it right now
The inferral cache has 326 tilings in it right now
There are 242 tilings in the search tree
Time taken so far is 3.5391104221343994 seconds

Doing depth 7
We had 86 inferral cache hits and 7935 partitioning cache hits
The partitioning cache has 0 tilings in it right now
The inferral cache has 555 tilings in it right now
There are 405 tilings in the search tree
Time taken so far is 9.230680704116821 seconds

Now processing 0213_0231_0312_1230_3012
Doing depth 1
We had 0 inferral cache hits and 0 partitioning cache hits
The partitioning cache has 0 tilings in it right now
The inferral cache has 6 tilings in it right now
There are 5 tilings in the search tree
Time taken so far is 0.02514505386352539 seconds

Doing depth 2
We had 0 inferral cache hits and 10 partitioning cache hits
The partitioning cache has 0 tilings in it right now
The inferral cache has 14 tilings in it right now
There are 13 tilings in the search tree
Time taken so far is 0.11618232727050781 seconds

Doing depth 3
We had 2 inferral cache hits and 30 partitioning cache hits
The partitioning cache has 0 tilings in it right now
The inferral cache has 38 tilings in it right now
There are 27 tilings in the search tree
Time taken so far is 0.22595953941345215 seconds

Doing depth 4
We had 2 inferral cache hits and 40 partitioning cache hits
The partitioning cache has 0 tilings in it right now
The inferral cache has 56 tilings in it right now
There are 35 tilings in the search tree
Time taken so far is 0.32170915603637695 seconds

Doing depth 5
We had 4 inferral cache hits and 370 partitioning cache hits
The partitioning cache has 0 tilings in it right now
The inferral cache has 135 tilings in it right now
There are 86 tilings in the search tree
Time taken so far is 1.2063791751861572 seconds

Doing depth 6
We had 44 inferral cache hits and 2049 partitioning cache hits
The partitioning cache has 0 tilings in it right now
The inferral cache has 271 tilings in it right now
There are 205 tilings in the search tree
Time taken so far is 4.69340968132019 seconds

Doing depth 7
We had 77 inferral cache hits and 7209 partitioning cache hits
The partitioning cache has 0 tilings in it right now
The inferral cache has 556 tilings in it right now
There are 395 tilings in the search tree
Time taken so far is 12.910261869430542 seconds

Now processing 0213_0231_0321_1320_3120
Doing depth 1
We had 0 inferral cache hits and 0 partitioning cache hits
The partitioning cache has 0 tilings in it right now
The inferral cache has 6 tilings in it right now
There are 5 tilings in the search tree
Time taken so far is 0.02951645851135254 seconds

Doing depth 2
We had 0 inferral cache hits and 12 partitioning cache hits
The partitioning cache has 0 tilings in it right now
The inferral cache has 14 tilings in it right now
There are 15 tilings in the search tree
Time taken so far is 0.11126136779785156 seconds

Doing depth 3
We had 2 inferral cache hits and 44 partitioning cache hits
The partitioning cache has 0 tilings in it right now
The inferral cache has 42 tilings in it right now
There are 31 tilings in the search tree
Time taken so far is 0.28510189056396484 seconds

Doing depth 4
We had 2 inferral cache hits and 62 partitioning cache hits
The partitioning cache has 0 tilings in it right now
The inferral cache has 60 tilings in it right now
There are 40 tilings in the search tree
Time taken so far is 0.5097196102142334 seconds

Doing depth 5
We had 4 inferral cache hits and 393 partitioning cache hits
The partitioning cache has 0 tilings in it right now
The inferral cache has 115 tilings in it right now
There are 80 tilings in the search tree
Time taken so far is 1.1371138095855713 seconds

Doing depth 6
We had 30 inferral cache hits and 3199 partitioning cache hits
The partitioning cache has 0 tilings in it right now
The inferral cache has 284 tilings in it right now
There are 204 tilings in the search tree
Time taken so far is 6.026791334152222 seconds

Doing depth 7
We had 98 inferral cache hits and 111812 partitioning cache hits
The partitioning cache has 0 tilings in it right now
The inferral cache has 920 tilings in it right now
There are 748 tilings in the search tree
Time taken so far is 161.4006531238556 seconds

Now processing 0213_0231_1203_1230_3012
Doing depth 1
We had 0 inferral cache hits and 0 partitioning cache hits
The partitioning cache has 0 tilings in it right now
The inferral cache has 6 tilings in it right now
There are 5 tilings in the search tree
Time taken so far is 0.026075124740600586 seconds

Doing depth 2
We had 0 inferral cache hits and 10 partitioning cache hits
The partitioning cache has 0 tilings in it right now
The inferral cache has 14 tilings in it right now
There are 13 tilings in the search tree
Time taken so far is 0.09533238410949707 seconds

Doing depth 3
We had 2 inferral cache hits and 30 partitioning cache hits
The partitioning cache has 0 tilings in it right now
The inferral cache has 38 tilings in it right now
There are 27 tilings in the search tree
Time taken so far is 0.20345544815063477 seconds

Doing depth 4
We had 2 inferral cache hits and 40 partitioning cache hits
The partitioning cache has 0 tilings in it right now
The inferral cache has 55 tilings in it right now
There are 35 tilings in the search tree
Time taken so far is 0.29939842224121094 seconds

Doing depth 5
We had 5 inferral cache hits and 342 partitioning cache hits
The partitioning cache has 0 tilings in it right now
The inferral cache has 138 tilings in it right now
There are 85 tilings in the search tree
Time taken so far is 1.220372200012207 seconds

Doing depth 6
We had 106 inferral cache hits and 10979 partitioning cache hits
The partitioning cache has 0 tilings in it right now
The inferral cache has 491 tilings in it right now
There are 357 tilings in the search tree
Time taken so far is 6.697540044784546 seconds

Doing depth 7
We had 177 inferral cache hits and 35122 partitioning cache hits
The partitioning cache has 0 tilings in it right now
The inferral cache has 880 tilings in it right now
There are 689 tilings in the search tree
Time taken so far is 22.421559810638428 seconds

Now processing 0213_0231_1203_1230_3120
Doing depth 1
We had 0 inferral cache hits and 0 partitioning cache hits
The partitioning cache has 0 tilings in it right now
The inferral cache has 6 tilings in it right now
There are 5 tilings in the search tree
Time taken so far is 0.026594877243041992 seconds

Doing depth 2
We had 0 inferral cache hits and 10 partitioning cache hits
The partitioning cache has 0 tilings in it right now
The inferral cache has 14 tilings in it right now
There are 13 tilings in the search tree
Time taken so far is 0.09539675712585449 seconds

Doing depth 3
We had 2 inferral cache hits and 30 partitioning cache hits
The partitioning cache has 0 tilings in it right now
The inferral cache has 39 tilings in it right now
There are 27 tilings in the search tree
Time taken so far is 0.2029402256011963 seconds

Doing depth 4
We had 2 inferral cache hits and 40 partitioning cache hits
The partitioning cache has 0 tilings in it right now
The inferral cache has 56 tilings in it right now
There are 35 tilings in the search tree
Time taken so far is 0.3008394241333008 seconds

Doing depth 5
We had 4 inferral cache hits and 370 partitioning cache hits
The partitioning cache has 0 tilings in it right now
The inferral cache has 106 tilings in it right now
There are 74 tilings in the search tree
Time taken so far is 1.057175874710083 seconds

Doing depth 6
We had 36 inferral cache hits and 2619 partitioning cache hits
The partitioning cache has 0 tilings in it right now
The inferral cache has 229 tilings in it right now
There are 188 tilings in the search tree
Time taken so far is 4.115573883056641 seconds

Doing depth 7
We had 68 inferral cache hits and 15899 partitioning cache hits
The partitioning cache has 0 tilings in it right now
The inferral cache has 514 tilings in it right now
There are 411 tilings in the search tree
Time taken so far is 13.558559894561768 seconds

Now processing 0213_0231_1230_2013_3012
Doing depth 1
We had 0 inferral cache hits and 0 partitioning cache hits
The partitioning cache has 0 tilings in it right now
The inferral cache has 6 tilings in it right now
There are 5 tilings in the search tree
Time taken so far is 0.025743722915649414 seconds

Doing depth 2
We had 0 inferral cache hits and 10 partitioning cache hits
The partitioning cache has 0 tilings in it right now
The inferral cache has 14 tilings in it right now
There are 13 tilings in the search tree
Time taken so far is 0.09611773490905762 seconds

Doing depth 3
We had 2 inferral cache hits and 30 partitioning cache hits
The partitioning cache has 0 tilings in it right now
The inferral cache has 40 tilings in it right now
There are 27 tilings in the search tree
Time taken so far is 0.20444464683532715 seconds

Doing depth 4
We had 2 inferral cache hits and 40 partitioning cache hits
The partitioning cache has 0 tilings in it right now
The inferral cache has 58 tilings in it right now
There are 35 tilings in the search tree
Time taken so far is 0.2976226806640625 seconds

Doing depth 5
We had 8 inferral cache hits and 332 partitioning cache hits
The partitioning cache has 0 tilings in it right now
The inferral cache has 148 tilings in it right now
There are 88 tilings in the search tree
Time taken so far is 1.1252222061157227 seconds

Doing depth 6
We had 34 inferral cache hits and 951 partitioning cache hits
The partitioning cache has 0 tilings in it right now
The inferral cache has 311 tilings in it right now
There are 156 tilings in the search tree
Time taken so far is 2.616273880004883 seconds

Doing depth 7
We had 34 inferral cache hits and 2040 partitioning cache hits
The partitioning cache has 0 tilings in it right now
The inferral cache has 481 tilings in it right now
There are 254 tilings in the search tree
Time taken so far is 5.377249002456665 seconds

