/users/home/henningu/ATRAP/non-regular-insertion-encodable-bases/logs_length5
Now processing 0123_0132_0213_0231_2301
Doing depth 1
We had 0 inferral cache hits and 0 partitioning cache hits
The partitioning cache has 0 tilings in it right now
The inferral cache has 4 tilings in it right now
There are 4 tilings in the search tree
Time taken so far is 0.015989303588867188 seconds

Doing depth 2
We had 0 inferral cache hits and 5 partitioning cache hits
The partitioning cache has 0 tilings in it right now
The inferral cache has 9 tilings in it right now
There are 8 tilings in the search tree
Time taken so far is 0.058417320251464844 seconds

Doing depth 3
We had 0 inferral cache hits and 15 partitioning cache hits
The partitioning cache has 0 tilings in it right now
The inferral cache has 18 tilings in it right now
There are 13 tilings in the search tree
Time taken so far is 0.11872053146362305 seconds

Doing depth 4
We had 0 inferral cache hits and 20 partitioning cache hits
The partitioning cache has 0 tilings in it right now
The inferral cache has 22 tilings in it right now
There are 15 tilings in the search tree
Time taken so far is 0.14587998390197754 seconds

Doing depth 5
We had 0 inferral cache hits and 108 partitioning cache hits
The partitioning cache has 0 tilings in it right now
The inferral cache has 30 tilings in it right now
There are 23 tilings in the search tree
Time taken so far is 0.26391172409057617 seconds

Doing depth 6
We had 5 inferral cache hits and 340 partitioning cache hits
The partitioning cache has 0 tilings in it right now
The inferral cache has 40 tilings in it right now
There are 33 tilings in the search tree
Time taken so far is 0.5709402561187744 seconds

Doing depth 7
We had 7 inferral cache hits and 490 partitioning cache hits
The partitioning cache has 0 tilings in it right now
The inferral cache has 73 tilings in it right now
There are 51 tilings in the search tree
Time taken so far is 1.161860466003418 seconds

Doing depth 8
We had 7 inferral cache hits and 1246 partitioning cache hits
The partitioning cache has 0 tilings in it right now
The inferral cache has 92 tilings in it right now
There are 69 tilings in the search tree
Time taken so far is 2.093492269515991 seconds

Now processing 0123_0132_0213_1023_1230
Doing depth 1
We had 0 inferral cache hits and 0 partitioning cache hits
The partitioning cache has 0 tilings in it right now
The inferral cache has 4 tilings in it right now
There are 4 tilings in the search tree
Time taken so far is 0.014751195907592773 seconds

Doing depth 2
We had 0 inferral cache hits and 5 partitioning cache hits
The partitioning cache has 0 tilings in it right now
The inferral cache has 8 tilings in it right now
There are 8 tilings in the search tree
Time taken so far is 0.059395790100097656 seconds

Doing depth 3
We had 1 inferral cache hits and 15 partitioning cache hits
The partitioning cache has 0 tilings in it right now
The inferral cache has 16 tilings in it right now
There are 13 tilings in the search tree
Time taken so far is 0.1074068546295166 seconds

Doing depth 4
We had 1 inferral cache hits and 20 partitioning cache hits
The partitioning cache has 0 tilings in it right now
The inferral cache has 20 tilings in it right now
There are 15 tilings in the search tree
Time taken so far is 0.13379526138305664 seconds

Doing depth 5
We had 1 inferral cache hits and 109 partitioning cache hits
The partitioning cache has 0 tilings in it right now
The inferral cache has 28 tilings in it right now
There are 23 tilings in the search tree
Time taken so far is 0.28599047660827637 seconds

Doing depth 6
We had 9 inferral cache hits and 432 partitioning cache hits
The partitioning cache has 0 tilings in it right now
The inferral cache has 39 tilings in it right now
There are 42 tilings in the search tree
Time taken so far is 0.6814332008361816 seconds

Doing depth 7
We had 9 inferral cache hits and 686 partitioning cache hits
The partitioning cache has 0 tilings in it right now
The inferral cache has 71 tilings in it right now
There are 63 tilings in the search tree
Time taken so far is 1.4507057666778564 seconds

Doing depth 8
We had 10 inferral cache hits and 2142 partitioning cache hits
The partitioning cache has 0 tilings in it right now
The inferral cache has 118 tilings in it right now
There are 114 tilings in the search tree
Time taken so far is 4.494019031524658 seconds

Now processing 0123_0132_0213_1023_2301
Doing depth 1
We had 0 inferral cache hits and 0 partitioning cache hits
The partitioning cache has 0 tilings in it right now
The inferral cache has 4 tilings in it right now
There are 4 tilings in the search tree
Time taken so far is 0.0068471431732177734 seconds

Doing depth 2
We had 0 inferral cache hits and 5 partitioning cache hits
The partitioning cache has 0 tilings in it right now
The inferral cache has 9 tilings in it right now
There are 8 tilings in the search tree
Time taken so far is 0.029720067977905273 seconds

Doing depth 3
We had 0 inferral cache hits and 15 partitioning cache hits
The partitioning cache has 0 tilings in it right now
The inferral cache has 18 tilings in it right now
There are 13 tilings in the search tree
Time taken so far is 0.07925605773925781 seconds

Doing depth 4
We had 0 inferral cache hits and 20 partitioning cache hits
The partitioning cache has 0 tilings in it right now
The inferral cache has 22 tilings in it right now
There are 15 tilings in the search tree
Time taken so far is 0.10143446922302246 seconds

Doing depth 5
We had 0 inferral cache hits and 108 partitioning cache hits
The partitioning cache has 0 tilings in it right now
The inferral cache has 31 tilings in it right now
There are 23 tilings in the search tree
Time taken so far is 0.18983888626098633 seconds

Doing depth 6
We had 6 inferral cache hits and 364 partitioning cache hits
The partitioning cache has 0 tilings in it right now
The inferral cache has 42 tilings in it right now
There are 37 tilings in the search tree
Time taken so far is 0.36012911796569824 seconds

Doing depth 7
We had 7 inferral cache hits and 540 partitioning cache hits
The partitioning cache has 0 tilings in it right now
The inferral cache has 76 tilings in it right now
There are 55 tilings in the search tree
Time taken so far is 0.7656795978546143 seconds

Doing depth 8
We had 9 inferral cache hits and 1420 partitioning cache hits
The partitioning cache has 0 tilings in it right now
The inferral cache has 108 tilings in it right now
There are 88 tilings in the search tree
Time taken so far is 1.6179430484771729 seconds

Now processing 0123_0132_0213_1203_1230
Doing depth 1
We had 0 inferral cache hits and 0 partitioning cache hits
The partitioning cache has 0 tilings in it right now
The inferral cache has 4 tilings in it right now
There are 4 tilings in the search tree
Time taken so far is 0.0071697235107421875 seconds

Doing depth 2
We had 0 inferral cache hits and 5 partitioning cache hits
The partitioning cache has 0 tilings in it right now
The inferral cache has 8 tilings in it right now
There are 8 tilings in the search tree
Time taken so far is 0.027483463287353516 seconds

Doing depth 3
We had 1 inferral cache hits and 15 partitioning cache hits
The partitioning cache has 0 tilings in it right now
The inferral cache has 16 tilings in it right now
There are 13 tilings in the search tree
Time taken so far is 0.0596318244934082 seconds

Doing depth 4
We had 1 inferral cache hits and 20 partitioning cache hits
The partitioning cache has 0 tilings in it right now
The inferral cache has 20 tilings in it right now
There are 15 tilings in the search tree
Time taken so far is 0.08208990097045898 seconds

Doing depth 5
We had 1 inferral cache hits and 94 partitioning cache hits
The partitioning cache has 0 tilings in it right now
The inferral cache has 32 tilings in it right now
There are 24 tilings in the search tree
Time taken so far is 0.20850205421447754 seconds

Doing depth 6
We had 7 inferral cache hits and 342 partitioning cache hits
The partitioning cache has 0 tilings in it right now
The inferral cache has 53 tilings in it right now
There are 40 tilings in the search tree
Time taken so far is 0.5514841079711914 seconds

Doing depth 7
We had 7 inferral cache hits and 527 partitioning cache hits
The partitioning cache has 0 tilings in it right now
The inferral cache has 79 tilings in it right now
There are 55 tilings in the search tree
Time taken so far is 1.3839170932769775 seconds

Doing depth 8
We had 7 inferral cache hits and 1911 partitioning cache hits
The partitioning cache has 0 tilings in it right now
The inferral cache has 132 tilings in it right now
There are 102 tilings in the search tree
Time taken so far is 6.9297943115234375 seconds

Now processing 0123_0132_0213_1203_2013
Doing depth 1
We had 0 inferral cache hits and 0 partitioning cache hits
The partitioning cache has 0 tilings in it right now
The inferral cache has 4 tilings in it right now
There are 4 tilings in the search tree
Time taken so far is 0.015531778335571289 seconds

Doing depth 2
We had 0 inferral cache hits and 5 partitioning cache hits
The partitioning cache has 0 tilings in it right now
The inferral cache has 8 tilings in it right now
There are 8 tilings in the search tree
Time taken so far is 0.05860638618469238 seconds

Doing depth 3
We had 1 inferral cache hits and 15 partitioning cache hits
The partitioning cache has 0 tilings in it right now
The inferral cache has 16 tilings in it right now
There are 13 tilings in the search tree
Time taken so far is 0.11701846122741699 seconds

Doing depth 4
We had 1 inferral cache hits and 20 partitioning cache hits
The partitioning cache has 0 tilings in it right now
The inferral cache has 21 tilings in it right now
There are 15 tilings in the search tree
Time taken so far is 0.150115966796875 seconds

Doing depth 5
We had 1 inferral cache hits and 117 partitioning cache hits
The partitioning cache has 0 tilings in it right now
The inferral cache has 35 tilings in it right now
There are 29 tilings in the search tree
Time taken so far is 0.4906585216522217 seconds

Doing depth 6
We had 5 inferral cache hits and 409 partitioning cache hits
The partitioning cache has 0 tilings in it right now
The inferral cache has 67 tilings in it right now
There are 47 tilings in the search tree
Time taken so far is 1.7438066005706787 seconds

Doing depth 7
We had 7 inferral cache hits and 1534 partitioning cache hits
The partitioning cache has 0 tilings in it right now
The inferral cache has 104 tilings in it right now
There are 82 tilings in the search tree
Time taken so far is 5.278900623321533 seconds

Doing depth 8
We had 23 inferral cache hits and 6744 partitioning cache hits
The partitioning cache has 0 tilings in it right now
The inferral cache has 202 tilings in it right now
There are 167 tilings in the search tree
Time taken so far is 27.8487606048584 seconds

Now processing 0123_0132_0213_1203_3012
Doing depth 1
We had 0 inferral cache hits and 0 partitioning cache hits
The partitioning cache has 0 tilings in it right now
The inferral cache has 4 tilings in it right now
There are 4 tilings in the search tree
Time taken so far is 0.006621599197387695 seconds

Doing depth 2
We had 0 inferral cache hits and 5 partitioning cache hits
The partitioning cache has 0 tilings in it right now
The inferral cache has 8 tilings in it right now
There are 8 tilings in the search tree
Time taken so far is 0.02838897705078125 seconds

Doing depth 3
We had 1 inferral cache hits and 15 partitioning cache hits
The partitioning cache has 0 tilings in it right now
The inferral cache has 16 tilings in it right now
There are 13 tilings in the search tree
Time taken so far is 0.07883810997009277 seconds

Doing depth 4
We had 1 inferral cache hits and 20 partitioning cache hits
The partitioning cache has 0 tilings in it right now
The inferral cache has 20 tilings in it right now
There are 15 tilings in the search tree
Time taken so far is 0.1022026538848877 seconds

Doing depth 5
We had 1 inferral cache hits and 80 partitioning cache hits
The partitioning cache has 0 tilings in it right now
The inferral cache has 39 tilings in it right now
There are 26 tilings in the search tree
Time taken so far is 0.232222318649292 seconds

Doing depth 6
We had 10 inferral cache hits and 568 partitioning cache hits
The partitioning cache has 0 tilings in it right now
The inferral cache has 90 tilings in it right now
There are 57 tilings in the search tree
Time taken so far is 0.7339470386505127 seconds

Doing depth 7
We had 10 inferral cache hits and 674 partitioning cache hits
The partitioning cache has 0 tilings in it right now
The inferral cache has 105 tilings in it right now
There are 64 tilings in the search tree
Time taken so far is 1.5728681087493896 seconds

Doing depth 8
We had 11 inferral cache hits and 1425 partitioning cache hits
The partitioning cache has 0 tilings in it right now
The inferral cache has 158 tilings in it right now
There are 96 tilings in the search tree
Time taken so far is 4.2691450119018555 seconds

Now processing 0123_0132_0213_1230_2301
Doing depth 1
We had 0 inferral cache hits and 0 partitioning cache hits
The partitioning cache has 0 tilings in it right now
The inferral cache has 4 tilings in it right now
There are 4 tilings in the search tree
Time taken so far is 0.006634950637817383 seconds

Doing depth 2
We had 0 inferral cache hits and 5 partitioning cache hits
The partitioning cache has 0 tilings in it right now
The inferral cache has 8 tilings in it right now
There are 8 tilings in the search tree
Time taken so far is 0.026148319244384766 seconds

Doing depth 3
We had 1 inferral cache hits and 15 partitioning cache hits
The partitioning cache has 0 tilings in it right now
The inferral cache has 16 tilings in it right now
There are 13 tilings in the search tree
Time taken so far is 0.05504941940307617 seconds

Doing depth 4
We had 1 inferral cache hits and 20 partitioning cache hits
The partitioning cache has 0 tilings in it right now
The inferral cache has 20 tilings in it right now
There are 15 tilings in the search tree
Time taken so far is 0.07504153251647949 seconds

Doing depth 5
We had 1 inferral cache hits and 108 partitioning cache hits
The partitioning cache has 0 tilings in it right now
The inferral cache has 29 tilings in it right now
There are 23 tilings in the search tree
Time taken so far is 0.17883777618408203 seconds

Doing depth 6
We had 7 inferral cache hits and 365 partitioning cache hits
The partitioning cache has 0 tilings in it right now
The inferral cache has 42 tilings in it right now
There are 36 tilings in the search tree
Time taken so far is 0.44942593574523926 seconds

Doing depth 7
We had 8 inferral cache hits and 542 partitioning cache hits
The partitioning cache has 0 tilings in it right now
The inferral cache has 76 tilings in it right now
There are 53 tilings in the search tree
Time taken so far is 1.049684762954712 seconds

Doing depth 8
We had 10 inferral cache hits and 1758 partitioning cache hits
The partitioning cache has 0 tilings in it right now
The inferral cache has 122 tilings in it right now
There are 92 tilings in the search tree
Time taken so far is 2.395028591156006 seconds

Now processing 0123_0132_0213_1230_3012
Doing depth 1
We had 0 inferral cache hits and 0 partitioning cache hits
The partitioning cache has 0 tilings in it right now
The inferral cache has 4 tilings in it right now
There are 4 tilings in the search tree
Time taken so far is 0.006574392318725586 seconds

Doing depth 2
We had 0 inferral cache hits and 5 partitioning cache hits
The partitioning cache has 0 tilings in it right now
The inferral cache has 8 tilings in it right now
There are 8 tilings in the search tree
Time taken so far is 0.026091575622558594 seconds

Doing depth 3
We had 1 inferral cache hits and 15 partitioning cache hits
The partitioning cache has 0 tilings in it right now
The inferral cache has 16 tilings in it right now
There are 13 tilings in the search tree
Time taken so far is 0.05777883529663086 seconds

Doing depth 4
We had 1 inferral cache hits and 20 partitioning cache hits
The partitioning cache has 0 tilings in it right now
The inferral cache has 20 tilings in it right now
There are 15 tilings in the search tree
Time taken so far is 0.07831335067749023 seconds

Doing depth 5
We had 1 inferral cache hits and 94 partitioning cache hits
The partitioning cache has 0 tilings in it right now
The inferral cache has 36 tilings in it right now
There are 25 tilings in the search tree
Time taken so far is 0.19210171699523926 seconds

Doing depth 6
We had 10 inferral cache hits and 872 partitioning cache hits
The partitioning cache has 0 tilings in it right now
The inferral cache has 72 tilings in it right now
There are 60 tilings in the search tree
Time taken so far is 0.7137160301208496 seconds

Doing depth 7
We had 10 inferral cache hits and 998 partitioning cache hits
The partitioning cache has 0 tilings in it right now
The inferral cache has 96 tilings in it right now
There are 71 tilings in the search tree
Time taken so far is 1.2568719387054443 seconds

Doing depth 8
We had 12 inferral cache hits and 3155 partitioning cache hits
The partitioning cache has 0 tilings in it right now
The inferral cache has 153 tilings in it right now
There are 127 tilings in the search tree
Time taken so far is 3.1657826900482178 seconds

Now processing 0123_0132_1023_1230_2301
Doing depth 1
We had 0 inferral cache hits and 0 partitioning cache hits
The partitioning cache has 0 tilings in it right now
The inferral cache has 4 tilings in it right now
There are 4 tilings in the search tree
Time taken so far is 0.014932632446289062 seconds

Doing depth 2
We had 0 inferral cache hits and 5 partitioning cache hits
The partitioning cache has 0 tilings in it right now
The inferral cache has 8 tilings in it right now
There are 8 tilings in the search tree
Time taken so far is 0.0576937198638916 seconds

Doing depth 3
We had 1 inferral cache hits and 15 partitioning cache hits
The partitioning cache has 0 tilings in it right now
The inferral cache has 15 tilings in it right now
There are 13 tilings in the search tree
Time taken so far is 0.11186790466308594 seconds

Doing depth 4
We had 1 inferral cache hits and 20 partitioning cache hits
The partitioning cache has 0 tilings in it right now
The inferral cache has 19 tilings in it right now
There are 15 tilings in the search tree
Time taken so far is 0.14016199111938477 seconds

Doing depth 5
We had 1 inferral cache hits and 108 partitioning cache hits
The partitioning cache has 0 tilings in it right now
The inferral cache has 28 tilings in it right now
There are 23 tilings in the search tree
Time taken so far is 0.24968910217285156 seconds

Doing depth 6
We had 6 inferral cache hits and 369 partitioning cache hits
The partitioning cache has 0 tilings in it right now
The inferral cache has 39 tilings in it right now
There are 38 tilings in the search tree
Time taken so far is 0.4723327159881592 seconds

Doing depth 7
We had 7 inferral cache hits and 552 partitioning cache hits
The partitioning cache has 0 tilings in it right now
The inferral cache has 71 tilings in it right now
There are 57 tilings in the search tree
Time taken so far is 0.9410991668701172 seconds

Doing depth 8
We had 9 inferral cache hits and 1570 partitioning cache hits
The partitioning cache has 0 tilings in it right now
The inferral cache has 105 tilings in it right now
There are 92 tilings in the search tree
Time taken so far is 1.7790064811706543 seconds

Now processing 0123_0132_1023_1230_3012
Doing depth 1
We had 0 inferral cache hits and 0 partitioning cache hits
The partitioning cache has 0 tilings in it right now
The inferral cache has 4 tilings in it right now
There are 4 tilings in the search tree
Time taken so far is 0.005959272384643555 seconds

Doing depth 2
We had 0 inferral cache hits and 5 partitioning cache hits
The partitioning cache has 0 tilings in it right now
The inferral cache has 8 tilings in it right now
There are 8 tilings in the search tree
Time taken so far is 0.024695396423339844 seconds

Doing depth 3
We had 1 inferral cache hits and 15 partitioning cache hits
The partitioning cache has 0 tilings in it right now
The inferral cache has 15 tilings in it right now
There are 13 tilings in the search tree
Time taken so far is 0.05478787422180176 seconds

Doing depth 4
We had 1 inferral cache hits and 20 partitioning cache hits
The partitioning cache has 0 tilings in it right now
The inferral cache has 19 tilings in it right now
There are 15 tilings in the search tree
Time taken so far is 0.07379627227783203 seconds

Doing depth 5
We had 1 inferral cache hits and 95 partitioning cache hits
The partitioning cache has 0 tilings in it right now
The inferral cache has 31 tilings in it right now
There are 24 tilings in the search tree
Time taken so far is 0.21565699577331543 seconds

Doing depth 6
We had 9 inferral cache hits and 529 partitioning cache hits
The partitioning cache has 0 tilings in it right now
The inferral cache has 54 tilings in it right now
There are 48 tilings in the search tree
Time taken so far is 0.5551977157592773 seconds

Doing depth 7
We had 9 inferral cache hits and 720 partitioning cache hits
The partitioning cache has 0 tilings in it right now
The inferral cache has 83 tilings in it right now
There are 64 tilings in the search tree
Time taken so far is 0.9230008125305176 seconds

Doing depth 8
We had 10 inferral cache hits and 1770 partitioning cache hits
The partitioning cache has 0 tilings in it right now
The inferral cache has 130 tilings in it right now
There are 106 tilings in the search tree
Time taken so far is 2.8736486434936523 seconds

Now processing 0123_0132_1230_2301_3012
Doing depth 1
We had 0 inferral cache hits and 0 partitioning cache hits
The partitioning cache has 0 tilings in it right now
The inferral cache has 4 tilings in it right now
There are 4 tilings in the search tree
Time taken so far is 0.006106853485107422 seconds

Doing depth 2
We had 0 inferral cache hits and 5 partitioning cache hits
The partitioning cache has 0 tilings in it right now
The inferral cache has 8 tilings in it right now
There are 8 tilings in the search tree
Time taken so far is 0.02479076385498047 seconds

Doing depth 3
We had 1 inferral cache hits and 15 partitioning cache hits
The partitioning cache has 0 tilings in it right now
The inferral cache has 15 tilings in it right now
There are 13 tilings in the search tree
Time taken so far is 0.05467081069946289 seconds

Doing depth 4
We had 1 inferral cache hits and 20 partitioning cache hits
The partitioning cache has 0 tilings in it right now
The inferral cache has 19 tilings in it right now
There are 15 tilings in the search tree
Time taken so far is 0.07378983497619629 seconds

Doing depth 5
We had 1 inferral cache hits and 94 partitioning cache hits
The partitioning cache has 0 tilings in it right now
The inferral cache has 31 tilings in it right now
There are 24 tilings in the search tree
Time taken so far is 0.1587679386138916 seconds

Doing depth 6
We had 6 inferral cache hits and 333 partitioning cache hits
The partitioning cache has 0 tilings in it right now
The inferral cache has 47 tilings in it right now
There are 38 tilings in the search tree
Time taken so far is 0.39534950256347656 seconds

Doing depth 7
We had 6 inferral cache hits and 504 partitioning cache hits
The partitioning cache has 0 tilings in it right now
The inferral cache has 76 tilings in it right now
There are 51 tilings in the search tree
Time taken so far is 1.0116329193115234 seconds

Doing depth 8
We had 8 inferral cache hits and 1870 partitioning cache hits
The partitioning cache has 0 tilings in it right now
The inferral cache has 130 tilings in it right now
There are 101 tilings in the search tree
Time taken so far is 2.357255220413208 seconds

Now processing 0123_0213_1230_2301_3012
Doing depth 1
We had 0 inferral cache hits and 0 partitioning cache hits
The partitioning cache has 0 tilings in it right now
The inferral cache has 4 tilings in it right now
There are 4 tilings in the search tree
Time taken so far is 0.006487131118774414 seconds

Doing depth 2
We had 0 inferral cache hits and 5 partitioning cache hits
The partitioning cache has 0 tilings in it right now
The inferral cache has 8 tilings in it right now
There are 8 tilings in the search tree
Time taken so far is 0.025652408599853516 seconds

Doing depth 3
We had 1 inferral cache hits and 15 partitioning cache hits
The partitioning cache has 0 tilings in it right now
The inferral cache has 16 tilings in it right now
There are 13 tilings in the search tree
Time taken so far is 0.05689597129821777 seconds

Doing depth 4
We had 1 inferral cache hits and 20 partitioning cache hits
The partitioning cache has 0 tilings in it right now
The inferral cache has 20 tilings in it right now
There are 15 tilings in the search tree
Time taken so far is 0.07654619216918945 seconds

Doing depth 5
We had 2 inferral cache hits and 94 partitioning cache hits
The partitioning cache has 0 tilings in it right now
The inferral cache has 36 tilings in it right now
There are 27 tilings in the search tree
Time taken so far is 0.18686532974243164 seconds

Doing depth 6
We had 11 inferral cache hits and 296 partitioning cache hits
The partitioning cache has 0 tilings in it right now
The inferral cache has 58 tilings in it right now
There are 44 tilings in the search tree
Time taken so far is 0.40732550621032715 seconds

Doing depth 7
We had 12 inferral cache hits and 421 partitioning cache hits
The partitioning cache has 0 tilings in it right now
The inferral cache has 85 tilings in it right now
There are 58 tilings in the search tree
Time taken so far is 0.9053847789764404 seconds

Doing depth 8
We had 15 inferral cache hits and 1199 partitioning cache hits
The partitioning cache has 0 tilings in it right now
The inferral cache has 126 tilings in it right now
There are 94 tilings in the search tree
Time taken so far is 1.7796814441680908 seconds

Now processing 0123_0231_0312_1203_2013
Doing depth 1
We had 0 inferral cache hits and 0 partitioning cache hits
The partitioning cache has 0 tilings in it right now
The inferral cache has 4 tilings in it right now
There are 4 tilings in the search tree
Time taken so far is 0.006209373474121094 seconds

Doing depth 2
We had 0 inferral cache hits and 5 partitioning cache hits
The partitioning cache has 0 tilings in it right now
The inferral cache has 8 tilings in it right now
There are 8 tilings in the search tree
Time taken so far is 0.026877164840698242 seconds

Doing depth 3
We had 1 inferral cache hits and 15 partitioning cache hits
The partitioning cache has 0 tilings in it right now
The inferral cache has 16 tilings in it right now
There are 13 tilings in the search tree
Time taken so far is 0.06224393844604492 seconds

Doing depth 4
We had 1 inferral cache hits and 20 partitioning cache hits
The partitioning cache has 0 tilings in it right now
The inferral cache has 20 tilings in it right now
There are 15 tilings in the search tree
Time taken so far is 0.08290982246398926 seconds

Doing depth 5
We had 2 inferral cache hits and 80 partitioning cache hits
The partitioning cache has 0 tilings in it right now
The inferral cache has 42 tilings in it right now
There are 28 tilings in the search tree
Time taken so far is 0.2651646137237549 seconds

Doing depth 6
We had 13 inferral cache hits and 394 partitioning cache hits
The partitioning cache has 0 tilings in it right now
The inferral cache has 80 tilings in it right now
There are 60 tilings in the search tree
Time taken so far is 0.6832847595214844 seconds

Doing depth 7
We had 13 inferral cache hits and 500 partitioning cache hits
The partitioning cache has 0 tilings in it right now
The inferral cache has 95 tilings in it right now
There are 68 tilings in the search tree
Time taken so far is 1.2762045860290527 seconds

Doing depth 8
We had 14 inferral cache hits and 1254 partitioning cache hits
The partitioning cache has 0 tilings in it right now
The inferral cache has 137 tilings in it right now
There are 103 tilings in the search tree
Time taken so far is 4.453643321990967 seconds

Now processing 0132_0213_0231_0312_3120
Doing depth 1
We had 0 inferral cache hits and 0 partitioning cache hits
The partitioning cache has 0 tilings in it right now
The inferral cache has 4 tilings in it right now
There are 4 tilings in the search tree
Time taken so far is 0.008032560348510742 seconds

Doing depth 2
We had 0 inferral cache hits and 7 partitioning cache hits
The partitioning cache has 0 tilings in it right now
The inferral cache has 8 tilings in it right now
There are 10 tilings in the search tree
Time taken so far is 0.03506135940551758 seconds

Doing depth 3
We had 1 inferral cache hits and 29 partitioning cache hits
The partitioning cache has 0 tilings in it right now
The inferral cache has 16 tilings in it right now
There are 17 tilings in the search tree
Time taken so far is 0.10985827445983887 seconds

Doing depth 4
We had 1 inferral cache hits and 42 partitioning cache hits
The partitioning cache has 0 tilings in it right now
The inferral cache has 20 tilings in it right now
There are 20 tilings in the search tree
Time taken so far is 0.2371525764465332 seconds

Doing depth 5
We had 1 inferral cache hits and 130 partitioning cache hits
The partitioning cache has 0 tilings in it right now
The inferral cache has 31 tilings in it right now
There are 28 tilings in the search tree
Time taken so far is 0.3296325206756592 seconds

Doing depth 6
We had 8 inferral cache hits and 445 partitioning cache hits
The partitioning cache has 0 tilings in it right now
The inferral cache has 51 tilings in it right now
There are 48 tilings in the search tree
Time taken so far is 0.8856601715087891 seconds

Doing depth 7
We had 8 inferral cache hits and 1150 partitioning cache hits
The partitioning cache has 0 tilings in it right now
The inferral cache has 99 tilings in it right now
There are 81 tilings in the search tree
Time taken so far is 1.8533732891082764 seconds

Doing depth 8
We had 19 inferral cache hits and 4709 partitioning cache hits
The partitioning cache has 0 tilings in it right now
The inferral cache has 200 tilings in it right now
There are 184 tilings in the search tree
Time taken so far is 6.159257650375366 seconds

Now processing 0132_0213_0231_0321_3120
Doing depth 1
We had 0 inferral cache hits and 0 partitioning cache hits
The partitioning cache has 0 tilings in it right now
The inferral cache has 4 tilings in it right now
There are 4 tilings in the search tree
Time taken so far is 0.008026123046875 seconds

Doing depth 2
We had 0 inferral cache hits and 7 partitioning cache hits
The partitioning cache has 0 tilings in it right now
The inferral cache has 8 tilings in it right now
There are 10 tilings in the search tree
Time taken so far is 0.035243988037109375 seconds

Doing depth 3
We had 1 inferral cache hits and 29 partitioning cache hits
The partitioning cache has 0 tilings in it right now
The inferral cache has 17 tilings in it right now
There are 17 tilings in the search tree
Time taken so far is 0.12053942680358887 seconds

Doing depth 4
We had 1 inferral cache hits and 42 partitioning cache hits
The partitioning cache has 0 tilings in it right now
The inferral cache has 21 tilings in it right now
There are 20 tilings in the search tree
Time taken so far is 0.23070621490478516 seconds

Doing depth 5
We had 1 inferral cache hits and 130 partitioning cache hits
The partitioning cache has 0 tilings in it right now
The inferral cache has 30 tilings in it right now
There are 28 tilings in the search tree
Time taken so far is 0.3209972381591797 seconds

Doing depth 6
We had 9 inferral cache hits and 452 partitioning cache hits
The partitioning cache has 0 tilings in it right now
The inferral cache has 46 tilings in it right now
There are 44 tilings in the search tree
Time taken so far is 0.6588466167449951 seconds

Doing depth 7
We had 9 inferral cache hits and 706 partitioning cache hits
The partitioning cache has 0 tilings in it right now
The inferral cache has 87 tilings in it right now
There are 64 tilings in the search tree
Time taken so far is 1.2316055297851562 seconds

Doing depth 8
We had 9 inferral cache hits and 3259 partitioning cache hits
The partitioning cache has 0 tilings in it right now
The inferral cache has 173 tilings in it right now
There are 146 tilings in the search tree
Time taken so far is 2.9441094398498535 seconds

Now processing 0132_0213_0231_1230_2301
Doing depth 1
We had 0 inferral cache hits and 0 partitioning cache hits
The partitioning cache has 0 tilings in it right now
The inferral cache has 4 tilings in it right now
There are 4 tilings in the search tree
Time taken so far is 0.00674891471862793 seconds

Doing depth 2
We had 0 inferral cache hits and 5 partitioning cache hits
The partitioning cache has 0 tilings in it right now
The inferral cache has 8 tilings in it right now
There are 8 tilings in the search tree
Time taken so far is 0.025281190872192383 seconds

Doing depth 3
We had 1 inferral cache hits and 15 partitioning cache hits
The partitioning cache has 0 tilings in it right now
The inferral cache has 16 tilings in it right now
There are 13 tilings in the search tree
Time taken so far is 0.053855180740356445 seconds

Doing depth 4
We had 1 inferral cache hits and 20 partitioning cache hits
The partitioning cache has 0 tilings in it right now
The inferral cache has 20 tilings in it right now
There are 15 tilings in the search tree
Time taken so far is 0.08396649360656738 seconds

Doing depth 5
We had 1 inferral cache hits and 108 partitioning cache hits
The partitioning cache has 0 tilings in it right now
The inferral cache has 28 tilings in it right now
There are 23 tilings in the search tree
Time taken so far is 0.17638897895812988 seconds

Doing depth 6
We had 6 inferral cache hits and 340 partitioning cache hits
The partitioning cache has 0 tilings in it right now
The inferral cache has 38 tilings in it right now
There are 33 tilings in the search tree
Time taken so far is 0.4317641258239746 seconds

Doing depth 7
We had 8 inferral cache hits and 490 partitioning cache hits
The partitioning cache has 0 tilings in it right now
The inferral cache has 74 tilings in it right now
There are 52 tilings in the search tree
Time taken so far is 0.9779481887817383 seconds

Doing depth 8
We had 9 inferral cache hits and 1246 partitioning cache hits
The partitioning cache has 0 tilings in it right now
The inferral cache has 97 tilings in it right now
There are 72 tilings in the search tree
Time taken so far is 2.1226277351379395 seconds

Now processing 0132_0213_1023_1230_2301
Doing depth 1
We had 0 inferral cache hits and 0 partitioning cache hits
The partitioning cache has 0 tilings in it right now
The inferral cache has 4 tilings in it right now
There are 4 tilings in the search tree
Time taken so far is 0.006011009216308594 seconds

Doing depth 2
We had 0 inferral cache hits and 5 partitioning cache hits
The partitioning cache has 0 tilings in it right now
The inferral cache has 8 tilings in it right now
There are 8 tilings in the search tree
Time taken so far is 0.025320053100585938 seconds

Doing depth 3
We had 1 inferral cache hits and 15 partitioning cache hits
The partitioning cache has 0 tilings in it right now
The inferral cache has 16 tilings in it right now
There are 13 tilings in the search tree
Time taken so far is 0.056348323822021484 seconds

Doing depth 4
We had 1 inferral cache hits and 20 partitioning cache hits
The partitioning cache has 0 tilings in it right now
The inferral cache has 20 tilings in it right now
There are 15 tilings in the search tree
Time taken so far is 0.07682013511657715 seconds

Doing depth 5
We had 1 inferral cache hits and 108 partitioning cache hits
The partitioning cache has 0 tilings in it right now
The inferral cache has 29 tilings in it right now
There are 23 tilings in the search tree
Time taken so far is 0.1602330207824707 seconds

Doing depth 6
We had 9 inferral cache hits and 399 partitioning cache hits
The partitioning cache has 0 tilings in it right now
The inferral cache has 40 tilings in it right now
There are 39 tilings in the search tree
Time taken so far is 0.33374810218811035 seconds

Doing depth 7
We had 10 inferral cache hits and 616 partitioning cache hits
The partitioning cache has 0 tilings in it right now
The inferral cache has 81 tilings in it right now
There are 61 tilings in the search tree
Time taken so far is 0.7557072639465332 seconds

Doing depth 8
We had 12 inferral cache hits and 1621 partitioning cache hits
The partitioning cache has 0 tilings in it right now
The inferral cache has 116 tilings in it right now
There are 99 tilings in the search tree
Time taken so far is 1.5212173461914062 seconds

Now processing 0132_0213_1023_1230_3012
Doing depth 1
We had 0 inferral cache hits and 0 partitioning cache hits
The partitioning cache has 0 tilings in it right now
The inferral cache has 4 tilings in it right now
There are 4 tilings in the search tree
Time taken so far is 0.0059604644775390625 seconds

Doing depth 2
We had 0 inferral cache hits and 5 partitioning cache hits
The partitioning cache has 0 tilings in it right now
The inferral cache has 9 tilings in it right now
There are 8 tilings in the search tree
Time taken so far is 0.025237560272216797 seconds

Doing depth 3
We had 0 inferral cache hits and 15 partitioning cache hits
The partitioning cache has 0 tilings in it right now
The inferral cache has 18 tilings in it right now
There are 13 tilings in the search tree
Time taken so far is 0.059595584869384766 seconds

Doing depth 4
We had 0 inferral cache hits and 20 partitioning cache hits
The partitioning cache has 0 tilings in it right now
The inferral cache has 22 tilings in it right now
There are 15 tilings in the search tree
Time taken so far is 0.07861042022705078 seconds

Doing depth 5
We had 0 inferral cache hits and 95 partitioning cache hits
The partitioning cache has 0 tilings in it right now
The inferral cache has 38 tilings in it right now
There are 25 tilings in the search tree
Time taken so far is 0.23439979553222656 seconds

Doing depth 6
We had 10 inferral cache hits and 915 partitioning cache hits
The partitioning cache has 0 tilings in it right now
The inferral cache has 75 tilings in it right now
There are 67 tilings in the search tree
Time taken so far is 0.6678934097290039 seconds

Doing depth 7
We had 10 inferral cache hits and 1062 partitioning cache hits
The partitioning cache has 0 tilings in it right now
The inferral cache has 100 tilings in it right now
There are 80 tilings in the search tree
Time taken so far is 0.9998040199279785 seconds

Doing depth 8
We had 13 inferral cache hits and 3312 partitioning cache hits
The partitioning cache has 0 tilings in it right now
The inferral cache has 156 tilings in it right now
There are 141 tilings in the search tree
Time taken so far is 2.5424585342407227 seconds

Now processing 0132_0213_1203_1230_3012
Doing depth 1
We had 0 inferral cache hits and 0 partitioning cache hits
The partitioning cache has 0 tilings in it right now
The inferral cache has 4 tilings in it right now
There are 4 tilings in the search tree
Time taken so far is 0.006227254867553711 seconds

Doing depth 2
We had 0 inferral cache hits and 5 partitioning cache hits
The partitioning cache has 0 tilings in it right now
The inferral cache has 8 tilings in it right now
There are 8 tilings in the search tree
Time taken so far is 0.02538323402404785 seconds

Doing depth 3
We had 1 inferral cache hits and 15 partitioning cache hits
The partitioning cache has 0 tilings in it right now
The inferral cache has 16 tilings in it right now
There are 13 tilings in the search tree
Time taken so far is 0.056546688079833984 seconds

Doing depth 4
We had 1 inferral cache hits and 20 partitioning cache hits
The partitioning cache has 0 tilings in it right now
The inferral cache has 20 tilings in it right now
There are 15 tilings in the search tree
Time taken so far is 0.07689237594604492 seconds

Doing depth 5
We had 1 inferral cache hits and 80 partitioning cache hits
The partitioning cache has 0 tilings in it right now
The inferral cache has 44 tilings in it right now
There are 28 tilings in the search tree
Time taken so far is 0.2189948558807373 seconds

Doing depth 6
We had 16 inferral cache hits and 2159 partitioning cache hits
The partitioning cache has 0 tilings in it right now
The inferral cache has 113 tilings in it right now
There are 92 tilings in the search tree
Time taken so far is 0.8495078086853027 seconds

Doing depth 7
We had 16 inferral cache hits and 2258 partitioning cache hits
The partitioning cache has 0 tilings in it right now
The inferral cache has 128 tilings in it right now
There are 99 tilings in the search tree
Time taken so far is 1.3010993003845215 seconds

Doing depth 8
We had 18 inferral cache hits and 3026 partitioning cache hits
The partitioning cache has 0 tilings in it right now
The inferral cache has 178 tilings in it right now
There are 137 tilings in the search tree
Time taken so far is 4.052181959152222 seconds

Now processing 0132_0213_1230_2301_3012
Doing depth 1
We had 0 inferral cache hits and 0 partitioning cache hits
The partitioning cache has 0 tilings in it right now
The inferral cache has 4 tilings in it right now
There are 4 tilings in the search tree
Time taken so far is 0.006264448165893555 seconds

Doing depth 2
We had 0 inferral cache hits and 5 partitioning cache hits
The partitioning cache has 0 tilings in it right now
The inferral cache has 8 tilings in it right now
There are 8 tilings in the search tree
Time taken so far is 0.02538156509399414 seconds

Doing depth 3
We had 1 inferral cache hits and 15 partitioning cache hits
The partitioning cache has 0 tilings in it right now
The inferral cache has 16 tilings in it right now
There are 13 tilings in the search tree
Time taken so far is 0.05631709098815918 seconds

Doing depth 4
We had 1 inferral cache hits and 20 partitioning cache hits
The partitioning cache has 0 tilings in it right now
The inferral cache has 20 tilings in it right now
There are 15 tilings in the search tree
Time taken so far is 0.07674074172973633 seconds

Doing depth 5
We had 1 inferral cache hits and 94 partitioning cache hits
The partitioning cache has 0 tilings in it right now
The inferral cache has 39 tilings in it right now
There are 27 tilings in the search tree
Time taken so far is 0.20021677017211914 seconds

Doing depth 6
We had 12 inferral cache hits and 1892 partitioning cache hits
The partitioning cache has 0 tilings in it right now
The inferral cache has 82 tilings in it right now
There are 74 tilings in the search tree
Time taken so far is 0.6524760723114014 seconds

Doing depth 7
We had 12 inferral cache hits and 2010 partitioning cache hits
The partitioning cache has 0 tilings in it right now
The inferral cache has 114 tilings in it right now
There are 87 tilings in the search tree
Time taken so far is 1.1168608665466309 seconds

Doing depth 8
We had 22 inferral cache hits and 11396 partitioning cache hits
The partitioning cache has 0 tilings in it right now
The inferral cache has 196 tilings in it right now
There are 169 tilings in the search tree
Time taken so far is 2.5865490436553955 seconds

Now processing 0132_0231_0312_0321_3120
Doing depth 1
We had 0 inferral cache hits and 0 partitioning cache hits
The partitioning cache has 0 tilings in it right now
The inferral cache has 4 tilings in it right now
There are 4 tilings in the search tree
Time taken so far is 0.007955074310302734 seconds

Doing depth 2
We had 0 inferral cache hits and 7 partitioning cache hits
The partitioning cache has 0 tilings in it right now
The inferral cache has 8 tilings in it right now
There are 10 tilings in the search tree
Time taken so far is 0.03504061698913574 seconds

Doing depth 3
We had 1 inferral cache hits and 29 partitioning cache hits
The partitioning cache has 0 tilings in it right now
The inferral cache has 17 tilings in it right now
There are 17 tilings in the search tree
Time taken so far is 0.10870814323425293 seconds

Doing depth 4
We had 1 inferral cache hits and 42 partitioning cache hits
The partitioning cache has 0 tilings in it right now
The inferral cache has 21 tilings in it right now
There are 20 tilings in the search tree
Time taken so far is 0.22324776649475098 seconds

Doing depth 5
We had 1 inferral cache hits and 130 partitioning cache hits
The partitioning cache has 0 tilings in it right now
The inferral cache has 30 tilings in it right now
There are 28 tilings in the search tree
Time taken so far is 0.3104403018951416 seconds

Doing depth 6
We had 9 inferral cache hits and 452 partitioning cache hits
The partitioning cache has 0 tilings in it right now
The inferral cache has 46 tilings in it right now
There are 44 tilings in the search tree
Time taken so far is 0.6625893115997314 seconds

Doing depth 7
We had 9 inferral cache hits and 706 partitioning cache hits
The partitioning cache has 0 tilings in it right now
The inferral cache has 91 tilings in it right now
There are 66 tilings in the search tree
Time taken so far is 1.3192846775054932 seconds

Doing depth 8
We had 13 inferral cache hits and 3545 partitioning cache hits
The partitioning cache has 0 tilings in it right now
The inferral cache has 171 tilings in it right now
There are 138 tilings in the search tree
Time taken so far is 3.6500895023345947 seconds

Now processing 0132_0231_0312_1032_3120
Doing depth 1
We had 0 inferral cache hits and 0 partitioning cache hits
The partitioning cache has 0 tilings in it right now
The inferral cache has 4 tilings in it right now
There are 4 tilings in the search tree
Time taken so far is 0.01179361343383789 seconds

Doing depth 2
We had 0 inferral cache hits and 5 partitioning cache hits
The partitioning cache has 0 tilings in it right now
The inferral cache has 8 tilings in it right now
There are 8 tilings in the search tree
Time taken so far is 0.04534029960632324 seconds

Doing depth 3
We had 1 inferral cache hits and 15 partitioning cache hits
The partitioning cache has 0 tilings in it right now
The inferral cache has 17 tilings in it right now
There are 13 tilings in the search tree
Time taken so far is 0.09055352210998535 seconds

Doing depth 4
We had 1 inferral cache hits and 20 partitioning cache hits
The partitioning cache has 0 tilings in it right now
The inferral cache has 21 tilings in it right now
There are 15 tilings in the search tree
Time taken so far is 0.11188578605651855 seconds

Doing depth 5
We had 1 inferral cache hits and 108 partitioning cache hits
The partitioning cache has 0 tilings in it right now
The inferral cache has 30 tilings in it right now
There are 23 tilings in the search tree
Time taken so far is 0.20131421089172363 seconds

Doing depth 6
We had 8 inferral cache hits and 424 partitioning cache hits
The partitioning cache has 0 tilings in it right now
The inferral cache has 44 tilings in it right now
There are 41 tilings in the search tree
Time taken so far is 0.481412410736084 seconds

Doing depth 7
We had 8 inferral cache hits and 670 partitioning cache hits
The partitioning cache has 0 tilings in it right now
The inferral cache has 97 tilings in it right now
There are 65 tilings in the search tree
Time taken so far is 1.1064705848693848 seconds

Doing depth 8
We had 11 inferral cache hits and 21840 partitioning cache hits
The partitioning cache has 0 tilings in it right now
The inferral cache has 238 tilings in it right now
There are 284 tilings in the search tree
Time taken so far is 13.746173858642578 seconds

Now processing 0132_0231_0312_1203_2013
Doing depth 1
We had 0 inferral cache hits and 0 partitioning cache hits
The partitioning cache has 0 tilings in it right now
The inferral cache has 4 tilings in it right now
There are 4 tilings in the search tree
Time taken so far is 0.0060122013092041016 seconds

Doing depth 2
We had 0 inferral cache hits and 5 partitioning cache hits
The partitioning cache has 0 tilings in it right now
The inferral cache has 8 tilings in it right now
There are 8 tilings in the search tree
Time taken so far is 0.026412487030029297 seconds

Doing depth 3
We had 1 inferral cache hits and 15 partitioning cache hits
The partitioning cache has 0 tilings in it right now
The inferral cache has 16 tilings in it right now
There are 13 tilings in the search tree
Time taken so far is 0.06159830093383789 seconds

Doing depth 4
We had 1 inferral cache hits and 20 partitioning cache hits
The partitioning cache has 0 tilings in it right now
The inferral cache has 20 tilings in it right now
There are 15 tilings in the search tree
Time taken so far is 0.08228754997253418 seconds

Doing depth 5
We had 1 inferral cache hits and 80 partitioning cache hits
The partitioning cache has 0 tilings in it right now
The inferral cache has 44 tilings in it right now
There are 28 tilings in the search tree
Time taken so far is 0.2569727897644043 seconds

Doing depth 6
We had 7 inferral cache hits and 394 partitioning cache hits
The partitioning cache has 0 tilings in it right now
The inferral cache has 87 tilings in it right now
There are 60 tilings in the search tree
Time taken so far is 0.707573652267456 seconds

Doing depth 7
We had 7 inferral cache hits and 500 partitioning cache hits
The partitioning cache has 0 tilings in it right now
The inferral cache has 102 tilings in it right now
There are 68 tilings in the search tree
Time taken so far is 1.2924919128417969 seconds

Doing depth 8
We had 8 inferral cache hits and 1254 partitioning cache hits
The partitioning cache has 0 tilings in it right now
The inferral cache has 146 tilings in it right now
There are 103 tilings in the search tree
Time taken so far is 4.25373649597168 seconds

Now processing 0132_0231_0321_1032_3120
Doing depth 1
We had 0 inferral cache hits and 0 partitioning cache hits
The partitioning cache has 0 tilings in it right now
The inferral cache has 4 tilings in it right now
There are 4 tilings in the search tree
Time taken so far is 0.0061914920806884766 seconds

Doing depth 2
We had 0 inferral cache hits and 5 partitioning cache hits
The partitioning cache has 0 tilings in it right now
The inferral cache has 8 tilings in it right now
There are 8 tilings in the search tree
Time taken so far is 0.024646997451782227 seconds

Doing depth 3
We had 1 inferral cache hits and 15 partitioning cache hits
The partitioning cache has 0 tilings in it right now
The inferral cache has 16 tilings in it right now
There are 13 tilings in the search tree
Time taken so far is 0.054567813873291016 seconds

Doing depth 4
We had 1 inferral cache hits and 20 partitioning cache hits
The partitioning cache has 0 tilings in it right now
The inferral cache has 20 tilings in it right now
There are 15 tilings in the search tree
Time taken so far is 0.07608604431152344 seconds

Doing depth 5
We had 1 inferral cache hits and 108 partitioning cache hits
The partitioning cache has 0 tilings in it right now
The inferral cache has 29 tilings in it right now
There are 23 tilings in the search tree
Time taken so far is 0.16181135177612305 seconds

Doing depth 6
We had 8 inferral cache hits and 429 partitioning cache hits
The partitioning cache has 0 tilings in it right now
The inferral cache has 43 tilings in it right now
There are 42 tilings in the search tree
Time taken so far is 0.4335746765136719 seconds

Doing depth 7
We had 8 inferral cache hits and 682 partitioning cache hits
The partitioning cache has 0 tilings in it right now
The inferral cache has 85 tilings in it right now
There are 64 tilings in the search tree
Time taken so far is 0.9820995330810547 seconds

Doing depth 8
We had 8 inferral cache hits and 20745 partitioning cache hits
The partitioning cache has 0 tilings in it right now
The inferral cache has 239 tilings in it right now
There are 277 tilings in the search tree
Time taken so far is 13.27053713798523 seconds

Now processing 0132_0231_1023_1203_2301
Doing depth 1
We had 0 inferral cache hits and 0 partitioning cache hits
The partitioning cache has 0 tilings in it right now
The inferral cache has 4 tilings in it right now
There are 4 tilings in the search tree
Time taken so far is 0.013945341110229492 seconds

Doing depth 2
We had 0 inferral cache hits and 5 partitioning cache hits
The partitioning cache has 0 tilings in it right now
The inferral cache has 9 tilings in it right now
There are 8 tilings in the search tree
Time taken so far is 0.057186126708984375 seconds

Doing depth 3
We had 0 inferral cache hits and 15 partitioning cache hits
The partitioning cache has 0 tilings in it right now
The inferral cache has 17 tilings in it right now
There are 13 tilings in the search tree
Time taken so far is 0.1207275390625 seconds

Doing depth 4
We had 0 inferral cache hits and 20 partitioning cache hits
The partitioning cache has 0 tilings in it right now
The inferral cache has 21 tilings in it right now
There are 15 tilings in the search tree
Time taken so far is 0.14763164520263672 seconds

Doing depth 5
We had 0 inferral cache hits and 99 partitioning cache hits
The partitioning cache has 0 tilings in it right now
The inferral cache has 31 tilings in it right now
There are 26 tilings in the search tree
Time taken so far is 0.33247900009155273 seconds

Doing depth 6
We had 5 inferral cache hits and 335 partitioning cache hits
The partitioning cache has 0 tilings in it right now
The inferral cache has 45 tilings in it right now
There are 43 tilings in the search tree
Time taken so far is 0.948345422744751 seconds

Doing depth 7
We had 6 inferral cache hits and 500 partitioning cache hits
The partitioning cache has 0 tilings in it right now
The inferral cache has 75 tilings in it right now
There are 59 tilings in the search tree
Time taken so far is 1.93973970413208 seconds

Doing depth 8
We had 8 inferral cache hits and 1342 partitioning cache hits
The partitioning cache has 0 tilings in it right now
The inferral cache has 104 tilings in it right now
There are 91 tilings in the search tree
Time taken so far is 4.2004454135894775 seconds

Now processing 0132_0231_1023_1203_3012
Doing depth 1
We had 0 inferral cache hits and 0 partitioning cache hits
The partitioning cache has 0 tilings in it right now
The inferral cache has 4 tilings in it right now
There are 4 tilings in the search tree
Time taken so far is 0.006490468978881836 seconds

Doing depth 2
We had 0 inferral cache hits and 5 partitioning cache hits
The partitioning cache has 0 tilings in it right now
The inferral cache has 9 tilings in it right now
There are 8 tilings in the search tree
Time taken so far is 0.029616355895996094 seconds

Doing depth 3
We had 1 inferral cache hits and 15 partitioning cache hits
The partitioning cache has 0 tilings in it right now
The inferral cache has 17 tilings in it right now
There are 13 tilings in the search tree
Time taken so far is 0.0693974494934082 seconds

Doing depth 4
We had 1 inferral cache hits and 20 partitioning cache hits
The partitioning cache has 0 tilings in it right now
The inferral cache has 21 tilings in it right now
There are 15 tilings in the search tree
Time taken so far is 0.09046387672424316 seconds

Doing depth 5
We had 1 inferral cache hits and 80 partitioning cache hits
The partitioning cache has 0 tilings in it right now
The inferral cache has 35 tilings in it right now
There are 25 tilings in the search tree
Time taken so far is 0.1931614875793457 seconds

Doing depth 6
We had 8 inferral cache hits and 419 partitioning cache hits
The partitioning cache has 0 tilings in it right now
The inferral cache has 62 tilings in it right now
There are 48 tilings in the search tree
Time taken so far is 0.5190248489379883 seconds

Doing depth 7
We had 8 inferral cache hits and 569 partitioning cache hits
The partitioning cache has 0 tilings in it right now
The inferral cache has 85 tilings in it right now
There are 60 tilings in the search tree
Time taken so far is 0.9911084175109863 seconds

Doing depth 8
We had 9 inferral cache hits and 1449 partitioning cache hits
The partitioning cache has 0 tilings in it right now
The inferral cache has 119 tilings in it right now
There are 95 tilings in the search tree
Time taken so far is 4.372683525085449 seconds

Now processing 0132_0231_1023_1230_2013
Doing depth 1
We had 0 inferral cache hits and 0 partitioning cache hits
The partitioning cache has 0 tilings in it right now
The inferral cache has 4 tilings in it right now
There are 4 tilings in the search tree
Time taken so far is 0.006442546844482422 seconds

Doing depth 2
We had 0 inferral cache hits and 5 partitioning cache hits
The partitioning cache has 0 tilings in it right now
The inferral cache has 8 tilings in it right now
There are 8 tilings in the search tree
Time taken so far is 0.027324438095092773 seconds

Doing depth 3
We had 1 inferral cache hits and 15 partitioning cache hits
The partitioning cache has 0 tilings in it right now
The inferral cache has 15 tilings in it right now
There are 13 tilings in the search tree
Time taken so far is 0.06032896041870117 seconds

Doing depth 4
We had 1 inferral cache hits and 20 partitioning cache hits
The partitioning cache has 0 tilings in it right now
The inferral cache has 19 tilings in it right now
There are 15 tilings in the search tree
Time taken so far is 0.08024334907531738 seconds

Doing depth 5
We had 1 inferral cache hits and 99 partitioning cache hits
The partitioning cache has 0 tilings in it right now
The inferral cache has 30 tilings in it right now
There are 26 tilings in the search tree
Time taken so far is 0.2649390697479248 seconds

Doing depth 6
We had 7 inferral cache hits and 373 partitioning cache hits
The partitioning cache has 0 tilings in it right now
The inferral cache has 49 tilings in it right now
There are 46 tilings in the search tree
Time taken so far is 1.2718901634216309 seconds

Doing depth 7
We had 7 inferral cache hits and 580 partitioning cache hits
The partitioning cache has 0 tilings in it right now
The inferral cache has 80 tilings in it right now
There are 64 tilings in the search tree
Time taken so far is 3.490030527114868 seconds

Doing depth 8
We had 8 inferral cache hits and 1952 partitioning cache hits
The partitioning cache has 0 tilings in it right now
The inferral cache has 126 tilings in it right now
There are 112 tilings in the search tree
Time taken so far is 7.918750524520874 seconds

Now processing 0132_0231_1023_1230_2301
Doing depth 1
We had 0 inferral cache hits and 0 partitioning cache hits
The partitioning cache has 0 tilings in it right now
The inferral cache has 4 tilings in it right now
There are 4 tilings in the search tree
Time taken so far is 0.006472110748291016 seconds

Doing depth 2
We had 0 inferral cache hits and 5 partitioning cache hits
The partitioning cache has 0 tilings in it right now
The inferral cache has 8 tilings in it right now
There are 8 tilings in the search tree
Time taken so far is 0.02677464485168457 seconds

Doing depth 3
We had 1 inferral cache hits and 15 partitioning cache hits
The partitioning cache has 0 tilings in it right now
The inferral cache has 15 tilings in it right now
There are 13 tilings in the search tree
Time taken so far is 0.05760502815246582 seconds

Doing depth 4
We had 1 inferral cache hits and 20 partitioning cache hits
The partitioning cache has 0 tilings in it right now
The inferral cache has 19 tilings in it right now
There are 15 tilings in the search tree
Time taken so far is 0.07830262184143066 seconds

Doing depth 5
We had 1 inferral cache hits and 108 partitioning cache hits
The partitioning cache has 0 tilings in it right now
The inferral cache has 27 tilings in it right now
There are 23 tilings in the search tree
Time taken so far is 0.16541075706481934 seconds

Doing depth 6
We had 7 inferral cache hits and 369 partitioning cache hits
The partitioning cache has 0 tilings in it right now
The inferral cache has 37 tilings in it right now
There are 37 tilings in the search tree
Time taken so far is 0.3339228630065918 seconds

Doing depth 7
We had 8 inferral cache hits and 552 partitioning cache hits
The partitioning cache has 0 tilings in it right now
The inferral cache has 74 tilings in it right now
There are 56 tilings in the search tree
Time taken so far is 0.7111344337463379 seconds

Doing depth 8
We had 10 inferral cache hits and 1485 partitioning cache hits
The partitioning cache has 0 tilings in it right now
The inferral cache has 103 tilings in it right now
There are 86 tilings in the search tree
Time taken so far is 1.6504237651824951 seconds

Now processing 0132_0231_1203_1230_2301
Doing depth 1
We had 0 inferral cache hits and 0 partitioning cache hits
The partitioning cache has 0 tilings in it right now
The inferral cache has 4 tilings in it right now
There are 4 tilings in the search tree
Time taken so far is 0.006945371627807617 seconds

Doing depth 2
We had 0 inferral cache hits and 5 partitioning cache hits
The partitioning cache has 0 tilings in it right now
The inferral cache has 8 tilings in it right now
There are 8 tilings in the search tree
Time taken so far is 0.027437686920166016 seconds

Doing depth 3
We had 1 inferral cache hits and 15 partitioning cache hits
The partitioning cache has 0 tilings in it right now
The inferral cache has 15 tilings in it right now
There are 13 tilings in the search tree
Time taken so far is 0.05993151664733887 seconds

Doing depth 4
We had 1 inferral cache hits and 20 partitioning cache hits
The partitioning cache has 0 tilings in it right now
The inferral cache has 19 tilings in it right now
There are 15 tilings in the search tree
Time taken so far is 0.08072447776794434 seconds

Doing depth 5
We had 1 inferral cache hits and 99 partitioning cache hits
The partitioning cache has 0 tilings in it right now
The inferral cache has 30 tilings in it right now
There are 26 tilings in the search tree
Time taken so far is 0.2383131980895996 seconds

Doing depth 6
We had 5 inferral cache hits and 305 partitioning cache hits
The partitioning cache has 0 tilings in it right now
The inferral cache has 45 tilings in it right now
There are 39 tilings in the search tree
Time taken so far is 0.7893133163452148 seconds

Doing depth 7
We had 6 inferral cache hits and 436 partitioning cache hits
The partitioning cache has 0 tilings in it right now
The inferral cache has 66 tilings in it right now
There are 51 tilings in the search tree
Time taken so far is 1.9289536476135254 seconds

Doing depth 8
We had 8 inferral cache hits and 1324 partitioning cache hits
The partitioning cache has 0 tilings in it right now
The inferral cache has 103 tilings in it right now
There are 89 tilings in the search tree
Time taken so far is 5.853678941726685 seconds

Now processing 0132_0231_1203_1230_3012
Doing depth 1
We had 0 inferral cache hits and 0 partitioning cache hits
The partitioning cache has 0 tilings in it right now
The inferral cache has 4 tilings in it right now
There are 4 tilings in the search tree
Time taken so far is 0.006864070892333984 seconds

Doing depth 2
We had 0 inferral cache hits and 5 partitioning cache hits
The partitioning cache has 0 tilings in it right now
The inferral cache has 8 tilings in it right now
There are 8 tilings in the search tree
Time taken so far is 0.027679920196533203 seconds

Doing depth 3
We had 1 inferral cache hits and 15 partitioning cache hits
The partitioning cache has 0 tilings in it right now
The inferral cache has 15 tilings in it right now
There are 13 tilings in the search tree
Time taken so far is 0.05993986129760742 seconds

Doing depth 4
We had 1 inferral cache hits and 20 partitioning cache hits
The partitioning cache has 0 tilings in it right now
The inferral cache has 19 tilings in it right now
There are 15 tilings in the search tree
Time taken so far is 0.08045101165771484 seconds

Doing depth 5
We had 1 inferral cache hits and 80 partitioning cache hits
The partitioning cache has 0 tilings in it right now
The inferral cache has 35 tilings in it right now
There are 25 tilings in the search tree
Time taken so far is 0.20381879806518555 seconds

Doing depth 6
We had 10 inferral cache hits and 603 partitioning cache hits
The partitioning cache has 0 tilings in it right now
The inferral cache has 74 tilings in it right now
There are 56 tilings in the search tree
Time taken so far is 0.6049032211303711 seconds

Doing depth 7
We had 10 inferral cache hits and 760 partitioning cache hits
The partitioning cache has 0 tilings in it right now
The inferral cache has 99 tilings in it right now
There are 69 tilings in the search tree
Time taken so far is 1.2668788433074951 seconds

Doing depth 8
We had 12 inferral cache hits and 1673 partitioning cache hits
The partitioning cache has 0 tilings in it right now
The inferral cache has 143 tilings in it right now
There are 109 tilings in the search tree
Time taken so far is 4.514155626296997 seconds

Now processing 0132_0231_1203_2013_3012
Doing depth 1
We had 0 inferral cache hits and 0 partitioning cache hits
The partitioning cache has 0 tilings in it right now
The inferral cache has 4 tilings in it right now
There are 4 tilings in the search tree
Time taken so far is 0.006552696228027344 seconds

Doing depth 2
We had 0 inferral cache hits and 5 partitioning cache hits
The partitioning cache has 0 tilings in it right now
The inferral cache has 8 tilings in it right now
There are 8 tilings in the search tree
Time taken so far is 0.03006148338317871 seconds

Doing depth 3
We had 1 inferral cache hits and 15 partitioning cache hits
The partitioning cache has 0 tilings in it right now
The inferral cache has 15 tilings in it right now
There are 13 tilings in the search tree
Time taken so far is 0.06923055648803711 seconds

Doing depth 4
We had 1 inferral cache hits and 20 partitioning cache hits
The partitioning cache has 0 tilings in it right now
The inferral cache has 20 tilings in it right now
There are 15 tilings in the search tree
Time taken so far is 0.08953380584716797 seconds

Doing depth 5
We had 1 inferral cache hits and 75 partitioning cache hits
The partitioning cache has 0 tilings in it right now
The inferral cache has 32 tilings in it right now
There are 25 tilings in the search tree
Time taken so far is 0.21409010887145996 seconds

Doing depth 6
We had 5 inferral cache hits and 386 partitioning cache hits
The partitioning cache has 0 tilings in it right now
The inferral cache has 54 tilings in it right now
There are 42 tilings in the search tree
Time taken so far is 0.6357758045196533 seconds

Doing depth 7
We had 5 inferral cache hits and 653 partitioning cache hits
The partitioning cache has 0 tilings in it right now
The inferral cache has 76 tilings in it right now
There are 57 tilings in the search tree
Time taken so far is 1.4355275630950928 seconds

Doing depth 8
We had 9 inferral cache hits and 1659 partitioning cache hits
The partitioning cache has 0 tilings in it right now
The inferral cache has 111 tilings in it right now
There are 94 tilings in the search tree
Time taken so far is 5.821940183639526 seconds

Now processing 0132_0231_1302_2013_3012
Doing depth 1
We had 0 inferral cache hits and 0 partitioning cache hits
The partitioning cache has 0 tilings in it right now
The inferral cache has 4 tilings in it right now
There are 4 tilings in the search tree
Time taken so far is 0.014928340911865234 seconds

Doing depth 2
We had 0 inferral cache hits and 5 partitioning cache hits
The partitioning cache has 0 tilings in it right now
The inferral cache has 8 tilings in it right now
There are 8 tilings in the search tree
Time taken so far is 0.06069231033325195 seconds

Doing depth 3
We had 1 inferral cache hits and 15 partitioning cache hits
The partitioning cache has 0 tilings in it right now
The inferral cache has 15 tilings in it right now
There are 13 tilings in the search tree
Time taken so far is 0.12016081809997559 seconds

Doing depth 4
We had 1 inferral cache hits and 20 partitioning cache hits
The partitioning cache has 0 tilings in it right now
The inferral cache has 20 tilings in it right now
There are 15 tilings in the search tree
Time taken so far is 0.14718389511108398 seconds

Doing depth 5
We had 1 inferral cache hits and 75 partitioning cache hits
The partitioning cache has 0 tilings in it right now
The inferral cache has 42 tilings in it right now
There are 28 tilings in the search tree
Time taken so far is 0.3972494602203369 seconds

Doing depth 6
We had 12 inferral cache hits and 4316 partitioning cache hits
The partitioning cache has 0 tilings in it right now
The inferral cache has 131 tilings in it right now
There are 153 tilings in the search tree
Time taken so far is 4.81642746925354 seconds

Doing depth 7
We had 23 inferral cache hits and 17514 partitioning cache hits
The partitioning cache has 0 tilings in it right now
The inferral cache has 323 tilings in it right now
There are 329 tilings in the search tree
Time taken so far is 13.869272470474243 seconds

Doing depth 8
We had 26 inferral cache hits and 22011 partitioning cache hits
The partitioning cache has 0 tilings in it right now
The inferral cache has 384 tilings in it right now
There are 396 tilings in the search tree
Time taken so far is 16.570131540298462 seconds

Now processing 0132_1023_1230_2301_3012
Doing depth 1
We had 0 inferral cache hits and 0 partitioning cache hits
The partitioning cache has 0 tilings in it right now
The inferral cache has 4 tilings in it right now
There are 4 tilings in the search tree
Time taken so far is 0.006595134735107422 seconds

Doing depth 2
We had 0 inferral cache hits and 5 partitioning cache hits
The partitioning cache has 0 tilings in it right now
The inferral cache has 9 tilings in it right now
There are 8 tilings in the search tree
Time taken so far is 0.029158592224121094 seconds

Doing depth 3
We had 0 inferral cache hits and 15 partitioning cache hits
The partitioning cache has 0 tilings in it right now
The inferral cache has 17 tilings in it right now
There are 13 tilings in the search tree
Time taken so far is 0.06815862655639648 seconds

Doing depth 4
We had 0 inferral cache hits and 20 partitioning cache hits
The partitioning cache has 0 tilings in it right now
The inferral cache has 21 tilings in it right now
There are 15 tilings in the search tree
Time taken so far is 0.08829665184020996 seconds

Doing depth 5
We had 0 inferral cache hits and 94 partitioning cache hits
The partitioning cache has 0 tilings in it right now
The inferral cache has 32 tilings in it right now
There are 24 tilings in the search tree
Time taken so far is 0.17373228073120117 seconds

Doing depth 6
We had 6 inferral cache hits and 336 partitioning cache hits
The partitioning cache has 0 tilings in it right now
The inferral cache has 45 tilings in it right now
There are 39 tilings in the search tree
Time taken so far is 0.33553457260131836 seconds

Doing depth 7
We had 6 inferral cache hits and 512 partitioning cache hits
The partitioning cache has 0 tilings in it right now
The inferral cache has 76 tilings in it right now
There are 55 tilings in the search tree
Time taken so far is 0.7139976024627686 seconds

Doing depth 8
We had 8 inferral cache hits and 1341 partitioning cache hits
The partitioning cache has 0 tilings in it right now
The inferral cache has 112 tilings in it right now
There are 89 tilings in the search tree
Time taken so far is 1.5146281719207764 seconds

Now processing 0132_1203_1230_2013_3012
Doing depth 1
We had 0 inferral cache hits and 0 partitioning cache hits
The partitioning cache has 0 tilings in it right now
The inferral cache has 4 tilings in it right now
There are 4 tilings in the search tree
Time taken so far is 0.006751537322998047 seconds

Doing depth 2
We had 0 inferral cache hits and 5 partitioning cache hits
The partitioning cache has 0 tilings in it right now
The inferral cache has 8 tilings in it right now
There are 8 tilings in the search tree
Time taken so far is 0.029072046279907227 seconds

Doing depth 3
We had 1 inferral cache hits and 15 partitioning cache hits
The partitioning cache has 0 tilings in it right now
The inferral cache has 15 tilings in it right now
There are 13 tilings in the search tree
Time taken so far is 0.06570768356323242 seconds

Doing depth 4
We had 1 inferral cache hits and 20 partitioning cache hits
The partitioning cache has 0 tilings in it right now
The inferral cache has 20 tilings in it right now
There are 15 tilings in the search tree
Time taken so far is 0.09870076179504395 seconds

Doing depth 5
We had 1 inferral cache hits and 80 partitioning cache hits
The partitioning cache has 0 tilings in it right now
The inferral cache has 32 tilings in it right now
There are 26 tilings in the search tree
Time taken so far is 0.2194967269897461 seconds

Doing depth 6
We had 5 inferral cache hits and 398 partitioning cache hits
The partitioning cache has 0 tilings in it right now
The inferral cache has 55 tilings in it right now
There are 44 tilings in the search tree
Time taken so far is 0.6382083892822266 seconds

Doing depth 7
We had 5 inferral cache hits and 711 partitioning cache hits
The partitioning cache has 0 tilings in it right now
The inferral cache has 77 tilings in it right now
There are 62 tilings in the search tree
Time taken so far is 1.4412798881530762 seconds

Doing depth 8
We had 9 inferral cache hits and 1816 partitioning cache hits
The partitioning cache has 0 tilings in it right now
The inferral cache has 112 tilings in it right now
There are 102 tilings in the search tree
Time taken so far is 5.5611395835876465 seconds

Now processing 0132_1203_1230_2301_3012
Doing depth 1
We had 0 inferral cache hits and 0 partitioning cache hits
The partitioning cache has 0 tilings in it right now
The inferral cache has 4 tilings in it right now
There are 4 tilings in the search tree
Time taken so far is 0.006885528564453125 seconds

Doing depth 2
We had 0 inferral cache hits and 5 partitioning cache hits
The partitioning cache has 0 tilings in it right now
The inferral cache has 8 tilings in it right now
There are 8 tilings in the search tree
Time taken so far is 0.029506206512451172 seconds

Doing depth 3
We had 1 inferral cache hits and 15 partitioning cache hits
The partitioning cache has 0 tilings in it right now
The inferral cache has 15 tilings in it right now
There are 13 tilings in the search tree
Time taken so far is 0.06577944755554199 seconds

Doing depth 4
We had 1 inferral cache hits and 20 partitioning cache hits
The partitioning cache has 0 tilings in it right now
The inferral cache has 19 tilings in it right now
There are 15 tilings in the search tree
Time taken so far is 0.08802247047424316 seconds

Doing depth 5
We had 1 inferral cache hits and 80 partitioning cache hits
The partitioning cache has 0 tilings in it right now
The inferral cache has 34 tilings in it right now
There are 25 tilings in the search tree
Time taken so far is 0.1978757381439209 seconds

Doing depth 6
We had 8 inferral cache hits and 457 partitioning cache hits
The partitioning cache has 0 tilings in it right now
The inferral cache has 66 tilings in it right now
There are 48 tilings in the search tree
Time taken so far is 0.483856201171875 seconds

Doing depth 7
We had 9 inferral cache hits and 599 partitioning cache hits
The partitioning cache has 0 tilings in it right now
The inferral cache has 97 tilings in it right now
There are 62 tilings in the search tree
Time taken so far is 1.0601942539215088 seconds

Doing depth 8
We had 11 inferral cache hits and 1238 partitioning cache hits
The partitioning cache has 0 tilings in it right now
The inferral cache has 135 tilings in it right now
There are 91 tilings in the search tree
Time taken so far is 3.445120334625244 seconds

Now processing 0213_0231_0312_1203_2013
Doing depth 1
We had 0 inferral cache hits and 0 partitioning cache hits
The partitioning cache has 0 tilings in it right now
The inferral cache has 4 tilings in it right now
There are 4 tilings in the search tree
Time taken so far is 0.006795644760131836 seconds

Doing depth 2
We had 0 inferral cache hits and 5 partitioning cache hits
The partitioning cache has 0 tilings in it right now
The inferral cache has 8 tilings in it right now
There are 8 tilings in the search tree
Time taken so far is 0.028972387313842773 seconds

Doing depth 3
We had 1 inferral cache hits and 15 partitioning cache hits
The partitioning cache has 0 tilings in it right now
The inferral cache has 15 tilings in it right now
There are 13 tilings in the search tree
Time taken so far is 0.06689000129699707 seconds

Doing depth 4
We had 1 inferral cache hits and 20 partitioning cache hits
The partitioning cache has 0 tilings in it right now
The inferral cache has 20 tilings in it right now
There are 15 tilings in the search tree
Time taken so far is 0.08996081352233887 seconds

Doing depth 5
We had 1 inferral cache hits and 94 partitioning cache hits
The partitioning cache has 0 tilings in it right now
The inferral cache has 43 tilings in it right now
There are 28 tilings in the search tree
Time taken so far is 0.2903130054473877 seconds

Doing depth 6
We had 7 inferral cache hits and 373 partitioning cache hits
The partitioning cache has 0 tilings in it right now
The inferral cache has 72 tilings in it right now
There are 51 tilings in the search tree
Time taken so far is 0.7561116218566895 seconds

Doing depth 7
We had 7 inferral cache hits and 640 partitioning cache hits
The partitioning cache has 0 tilings in it right now
The inferral cache has 94 tilings in it right now
There are 66 tilings in the search tree
Time taken so far is 1.510664463043213 seconds

Doing depth 8
We had 11 inferral cache hits and 1672 partitioning cache hits
The partitioning cache has 0 tilings in it right now
The inferral cache has 140 tilings in it right now
There are 107 tilings in the search tree
Time taken so far is 6.061392545700073 seconds

Now processing 0213_0231_0312_1203_3012
Doing depth 1
We had 0 inferral cache hits and 0 partitioning cache hits
The partitioning cache has 0 tilings in it right now
The inferral cache has 4 tilings in it right now
There are 4 tilings in the search tree
Time taken so far is 0.00670933723449707 seconds

Doing depth 2
We had 0 inferral cache hits and 5 partitioning cache hits
The partitioning cache has 0 tilings in it right now
The inferral cache has 8 tilings in it right now
There are 8 tilings in the search tree
Time taken so far is 0.028844594955444336 seconds

Doing depth 3
We had 1 inferral cache hits and 15 partitioning cache hits
The partitioning cache has 0 tilings in it right now
The inferral cache has 15 tilings in it right now
There are 13 tilings in the search tree
Time taken so far is 0.06747055053710938 seconds

Doing depth 4
We had 1 inferral cache hits and 20 partitioning cache hits
The partitioning cache has 0 tilings in it right now
The inferral cache has 20 tilings in it right now
There are 15 tilings in the search tree
Time taken so far is 0.09089350700378418 seconds

Doing depth 5
We had 2 inferral cache hits and 94 partitioning cache hits
The partitioning cache has 0 tilings in it right now
The inferral cache has 42 tilings in it right now
There are 28 tilings in the search tree
Time taken so far is 0.21664071083068848 seconds

Doing depth 6
We had 10 inferral cache hits and 572 partitioning cache hits
The partitioning cache has 0 tilings in it right now
The inferral cache has 78 tilings in it right now
There are 59 tilings in the search tree
Time taken so far is 0.8205652236938477 seconds

Doing depth 7
We had 10 inferral cache hits and 839 partitioning cache hits
The partitioning cache has 0 tilings in it right now
The inferral cache has 100 tilings in it right now
There are 74 tilings in the search tree
Time taken so far is 1.584418535232544 seconds

Doing depth 8
We had 15 inferral cache hits and 1871 partitioning cache hits
The partitioning cache has 0 tilings in it right now
The inferral cache has 145 tilings in it right now
There are 115 tilings in the search tree
Time taken so far is 6.052871942520142 seconds

Now processing 0213_0231_0312_1230_3012
Doing depth 1
We had 0 inferral cache hits and 0 partitioning cache hits
The partitioning cache has 0 tilings in it right now
The inferral cache has 4 tilings in it right now
There are 4 tilings in the search tree
Time taken so far is 0.00669407844543457 seconds

Doing depth 2
We had 0 inferral cache hits and 5 partitioning cache hits
The partitioning cache has 0 tilings in it right now
The inferral cache has 8 tilings in it right now
There are 8 tilings in the search tree
Time taken so far is 0.026229143142700195 seconds

Doing depth 3
We had 1 inferral cache hits and 15 partitioning cache hits
The partitioning cache has 0 tilings in it right now
The inferral cache has 15 tilings in it right now
There are 13 tilings in the search tree
Time taken so far is 0.05687522888183594 seconds

Doing depth 4
We had 1 inferral cache hits and 20 partitioning cache hits
The partitioning cache has 0 tilings in it right now
The inferral cache has 20 tilings in it right now
There are 15 tilings in the search tree
Time taken so far is 0.0794074535369873 seconds

Doing depth 5
We had 1 inferral cache hits and 109 partitioning cache hits
The partitioning cache has 0 tilings in it right now
The inferral cache has 40 tilings in it right now
There are 27 tilings in the search tree
Time taken so far is 0.3028273582458496 seconds

Doing depth 6
We had 9 inferral cache hits and 484 partitioning cache hits
The partitioning cache has 0 tilings in it right now
The inferral cache has 58 tilings in it right now
There are 48 tilings in the search tree
Time taken so far is 0.8488471508026123 seconds

Doing depth 7
We had 9 inferral cache hits and 800 partitioning cache hits
The partitioning cache has 0 tilings in it right now
The inferral cache has 98 tilings in it right now
There are 71 tilings in the search tree
Time taken so far is 1.6369433403015137 seconds

Doing depth 8
We had 12 inferral cache hits and 1907 partitioning cache hits
The partitioning cache has 0 tilings in it right now
The inferral cache has 139 tilings in it right now
There are 108 tilings in the search tree
Time taken so far is 5.953941583633423 seconds

Now processing 0213_0231_0321_1320_3120
Doing depth 1
We had 0 inferral cache hits and 0 partitioning cache hits
The partitioning cache has 0 tilings in it right now
The inferral cache has 4 tilings in it right now
There are 4 tilings in the search tree
Time taken so far is 0.009155035018920898 seconds

Doing depth 2
We had 0 inferral cache hits and 7 partitioning cache hits
The partitioning cache has 0 tilings in it right now
The inferral cache has 8 tilings in it right now
There are 10 tilings in the search tree
Time taken so far is 0.03939533233642578 seconds

Doing depth 3
We had 1 inferral cache hits and 29 partitioning cache hits
The partitioning cache has 0 tilings in it right now
The inferral cache has 17 tilings in it right now
There are 17 tilings in the search tree
Time taken so far is 0.11662030220031738 seconds

Doing depth 4
We had 1 inferral cache hits and 42 partitioning cache hits
The partitioning cache has 0 tilings in it right now
The inferral cache has 21 tilings in it right now
There are 20 tilings in the search tree
Time taken so far is 0.2337510585784912 seconds

Doing depth 5
We had 1 inferral cache hits and 130 partitioning cache hits
The partitioning cache has 0 tilings in it right now
The inferral cache has 30 tilings in it right now
There are 28 tilings in the search tree
Time taken so far is 0.3303258419036865 seconds

Doing depth 6
We had 9 inferral cache hits and 452 partitioning cache hits
The partitioning cache has 0 tilings in it right now
The inferral cache has 45 tilings in it right now
There are 42 tilings in the search tree
Time taken so far is 0.6936378479003906 seconds

Doing depth 7
We had 9 inferral cache hits and 706 partitioning cache hits
The partitioning cache has 0 tilings in it right now
The inferral cache has 82 tilings in it right now
There are 59 tilings in the search tree
Time taken so far is 1.3726158142089844 seconds

Doing depth 8
We had 9 inferral cache hits and 2348 partitioning cache hits
The partitioning cache has 0 tilings in it right now
The inferral cache has 135 tilings in it right now
There are 107 tilings in the search tree
Time taken so far is 4.821117401123047 seconds

Now processing 0213_0231_1203_1230_3012
Doing depth 1
We had 0 inferral cache hits and 0 partitioning cache hits
The partitioning cache has 0 tilings in it right now
The inferral cache has 4 tilings in it right now
There are 4 tilings in the search tree
Time taken so far is 0.006893634796142578 seconds

Doing depth 2
We had 0 inferral cache hits and 5 partitioning cache hits
The partitioning cache has 0 tilings in it right now
The inferral cache has 8 tilings in it right now
There are 8 tilings in the search tree
Time taken so far is 0.027254819869995117 seconds

Doing depth 3
We had 1 inferral cache hits and 15 partitioning cache hits
The partitioning cache has 0 tilings in it right now
The inferral cache has 16 tilings in it right now
There are 13 tilings in the search tree
Time taken so far is 0.06162238121032715 seconds

Doing depth 4
We had 1 inferral cache hits and 20 partitioning cache hits
The partitioning cache has 0 tilings in it right now
The inferral cache has 20 tilings in it right now
There are 15 tilings in the search tree
Time taken so far is 0.08286738395690918 seconds

Doing depth 5
We had 2 inferral cache hits and 80 partitioning cache hits
The partitioning cache has 0 tilings in it right now
The inferral cache has 46 tilings in it right now
There are 28 tilings in the search tree
Time taken so far is 0.25104713439941406 seconds

Doing depth 6
We had 25 inferral cache hits and 3192 partitioning cache hits
The partitioning cache has 0 tilings in it right now
The inferral cache has 136 tilings in it right now
There are 102 tilings in the search tree
Time taken so far is 1.3553149700164795 seconds

Doing depth 7
We had 25 inferral cache hits and 3305 partitioning cache hits
The partitioning cache has 0 tilings in it right now
The inferral cache has 151 tilings in it right now
There are 111 tilings in the search tree
Time taken so far is 1.974116325378418 seconds

Doing depth 8
We had 27 inferral cache hits and 4105 partitioning cache hits
The partitioning cache has 0 tilings in it right now
The inferral cache has 197 tilings in it right now
There are 148 tilings in the search tree
Time taken so far is 5.05067777633667 seconds

Now processing 0213_0231_1203_1230_3120
Doing depth 1
We had 0 inferral cache hits and 0 partitioning cache hits
The partitioning cache has 0 tilings in it right now
The inferral cache has 4 tilings in it right now
There are 4 tilings in the search tree
Time taken so far is 0.006982088088989258 seconds

Doing depth 2
We had 0 inferral cache hits and 5 partitioning cache hits
The partitioning cache has 0 tilings in it right now
The inferral cache has 8 tilings in it right now
There are 8 tilings in the search tree
Time taken so far is 0.027071714401245117 seconds

Doing depth 3
We had 1 inferral cache hits and 15 partitioning cache hits
The partitioning cache has 0 tilings in it right now
The inferral cache has 17 tilings in it right now
There are 13 tilings in the search tree
Time taken so far is 0.0580899715423584 seconds

Doing depth 4
We had 1 inferral cache hits and 20 partitioning cache hits
The partitioning cache has 0 tilings in it right now
The inferral cache has 22 tilings in it right now
There are 15 tilings in the search tree
Time taken so far is 0.08173751831054688 seconds

Doing depth 5
We had 1 inferral cache hits and 121 partitioning cache hits
The partitioning cache has 0 tilings in it right now
The inferral cache has 35 tilings in it right now
There are 28 tilings in the search tree
Time taken so far is 0.2831733226776123 seconds

Doing depth 6
We had 10 inferral cache hits and 1123 partitioning cache hits
The partitioning cache has 0 tilings in it right now
The inferral cache has 66 tilings in it right now
There are 80 tilings in the search tree
Time taken so far is 1.864691972732544 seconds

Doing depth 7
We had 17 inferral cache hits and 6206 partitioning cache hits
The partitioning cache has 0 tilings in it right now
The inferral cache has 134 tilings in it right now
There are 156 tilings in the search tree
Time taken so far is 5.8747334480285645 seconds

Doing depth 8
We had 53 inferral cache hits and 52305 partitioning cache hits
The partitioning cache has 0 tilings in it right now
The inferral cache has 283 tilings in it right now
There are 440 tilings in the search tree
Time taken so far is 30.933727502822876 seconds

Now processing 0213_0231_1230_2013_3012
Doing depth 1
We had 0 inferral cache hits and 0 partitioning cache hits
The partitioning cache has 0 tilings in it right now
The inferral cache has 4 tilings in it right now
There are 4 tilings in the search tree
Time taken so far is 0.006955623626708984 seconds

Doing depth 2
We had 0 inferral cache hits and 5 partitioning cache hits
The partitioning cache has 0 tilings in it right now
The inferral cache has 8 tilings in it right now
There are 8 tilings in the search tree
Time taken so far is 0.028186559677124023 seconds

Doing depth 3
We had 1 inferral cache hits and 15 partitioning cache hits
The partitioning cache has 0 tilings in it right now
The inferral cache has 16 tilings in it right now
There are 13 tilings in the search tree
Time taken so far is 0.0632176399230957 seconds

Doing depth 4
We had 1 inferral cache hits and 20 partitioning cache hits
The partitioning cache has 0 tilings in it right now
The inferral cache has 21 tilings in it right now
There are 15 tilings in the search tree
Time taken so far is 0.08363151550292969 seconds

Doing depth 5
We had 1 inferral cache hits and 89 partitioning cache hits
The partitioning cache has 0 tilings in it right now
The inferral cache has 29 tilings in it right now
There are 24 tilings in the search tree
Time taken so far is 0.19454646110534668 seconds

Doing depth 6
We had 5 inferral cache hits and 255 partitioning cache hits
The partitioning cache has 0 tilings in it right now
The inferral cache has 40 tilings in it right now
There are 32 tilings in the search tree
Time taken so far is 0.5404171943664551 seconds

Doing depth 7
We had 5 inferral cache hits and 564 partitioning cache hits
The partitioning cache has 0 tilings in it right now
The inferral cache has 74 tilings in it right now
There are 52 tilings in the search tree
Time taken so far is 1.3815762996673584 seconds

Doing depth 8
We had 10 inferral cache hits and 2315 partitioning cache hits
The partitioning cache has 0 tilings in it right now
The inferral cache has 123 tilings in it right now
There are 103 tilings in the search tree
Time taken so far is 4.153581380844116 seconds

