/users/home/henningu/ATRAP/non-regular-insertion-encodable-bases/logs_length5
Now processing 0123_0132_0213_0231_2301
Doing depth 1
We had 0 inferral cache hits and 9 partitioning cache hits
The partitioning cache has 0 tilings in it right now
The inferral cache has 14 tilings in it right now
There are 11 tilings in the search tree
Time taken so far is 0.04293251037597656 seconds

Doing depth 2
We had 9 inferral cache hits and 108 partitioning cache hits
The partitioning cache has 0 tilings in it right now
The inferral cache has 97 tilings in it right now
There are 62 tilings in the search tree
Time taken so far is 0.5784714221954346 seconds

Doing depth 3
We had 99 inferral cache hits and 706 partitioning cache hits
The partitioning cache has 0 tilings in it right now
The inferral cache has 569 tilings in it right now
There are 374 tilings in the search tree
Time taken so far is 7.8697216510772705 seconds

Doing depth 4
We had 1229 inferral cache hits and 4588 partitioning cache hits
The partitioning cache has 0 tilings in it right now
The inferral cache has 4247 tilings in it right now
There are 2372 tilings in the search tree
Time taken so far is 128.0050675868988 seconds

Now processing 0123_0132_0213_1023_1230
Doing depth 1
We had 0 inferral cache hits and 9 partitioning cache hits
The partitioning cache has 0 tilings in it right now
The inferral cache has 14 tilings in it right now
There are 11 tilings in the search tree
Time taken so far is 0.06106877326965332 seconds

Doing depth 2
We had 9 inferral cache hits and 108 partitioning cache hits
The partitioning cache has 0 tilings in it right now
The inferral cache has 89 tilings in it right now
There are 62 tilings in the search tree
Time taken so far is 0.5187404155731201 seconds

Doing depth 3
We had 97 inferral cache hits and 706 partitioning cache hits
The partitioning cache has 0 tilings in it right now
The inferral cache has 456 tilings in it right now
There are 330 tilings in the search tree
Time taken so far is 6.87357759475708 seconds

Doing depth 4
We had 818 inferral cache hits and 4044 partitioning cache hits
The partitioning cache has 0 tilings in it right now
The inferral cache has 2873 tilings in it right now
There are 1815 tilings in the search tree
Time taken so far is 115.39505553245544 seconds

Now processing 0123_0132_0213_1023_2301
Doing depth 1
We had 0 inferral cache hits and 9 partitioning cache hits
The partitioning cache has 0 tilings in it right now
The inferral cache has 14 tilings in it right now
There are 11 tilings in the search tree
Time taken so far is 0.06654810905456543 seconds

Doing depth 2
We had 9 inferral cache hits and 108 partitioning cache hits
The partitioning cache has 0 tilings in it right now
The inferral cache has 97 tilings in it right now
There are 62 tilings in the search tree
Time taken so far is 0.7010509967803955 seconds

Doing depth 3
We had 85 inferral cache hits and 706 partitioning cache hits
The partitioning cache has 0 tilings in it right now
The inferral cache has 545 tilings in it right now
There are 354 tilings in the search tree
Time taken so far is 7.640088081359863 seconds

Doing depth 4
We had 964 inferral cache hits and 4314 partitioning cache hits
The partitioning cache has 0 tilings in it right now
The inferral cache has 3791 tilings in it right now
There are 2115 tilings in the search tree
Time taken so far is 123.55790328979492 seconds

Now processing 0123_0132_0213_1203_1230
Doing depth 1
We had 0 inferral cache hits and 9 partitioning cache hits
The partitioning cache has 0 tilings in it right now
The inferral cache has 14 tilings in it right now
There are 11 tilings in the search tree
Time taken so far is 0.06357884407043457 seconds

Doing depth 2
We had 9 inferral cache hits and 108 partitioning cache hits
The partitioning cache has 0 tilings in it right now
The inferral cache has 92 tilings in it right now
There are 62 tilings in the search tree
Time taken so far is 0.8572869300842285 seconds

Doing depth 3
We had 95 inferral cache hits and 706 partitioning cache hits
The partitioning cache has 0 tilings in it right now
The inferral cache has 495 tilings in it right now
There are 351 tilings in the search tree
Time taken so far is 7.839176654815674 seconds

Doing depth 4
We had 1004 inferral cache hits and 4344 partitioning cache hits
The partitioning cache has 0 tilings in it right now
The inferral cache has 3437 tilings in it right now
There are 2174 tilings in the search tree
Time taken so far is 124.06521201133728 seconds

Now processing 0123_0132_0213_1203_2013
Doing depth 1
We had 0 inferral cache hits and 9 partitioning cache hits
The partitioning cache has 0 tilings in it right now
The inferral cache has 14 tilings in it right now
There are 11 tilings in the search tree
Time taken so far is 0.0642092227935791 seconds

Doing depth 2
We had 9 inferral cache hits and 108 partitioning cache hits
The partitioning cache has 0 tilings in it right now
The inferral cache has 93 tilings in it right now
There are 62 tilings in the search tree
Time taken so far is 0.7104141712188721 seconds

Doing depth 3
We had 93 inferral cache hits and 706 partitioning cache hits
The partitioning cache has 0 tilings in it right now
The inferral cache has 519 tilings in it right now
There are 379 tilings in the search tree
Time taken so far is 9.22560453414917 seconds

Doing depth 4
We had 1196 inferral cache hits and 4819 partitioning cache hits
The partitioning cache has 0 tilings in it right now
The inferral cache has 4255 tilings in it right now
There are 2854 tilings in the search tree
Time taken so far is 150.72654795646667 seconds

Now processing 0123_0132_0213_1203_3012
Doing depth 1
We had 0 inferral cache hits and 9 partitioning cache hits
The partitioning cache has 0 tilings in it right now
The inferral cache has 14 tilings in it right now
There are 11 tilings in the search tree
Time taken so far is 0.0575559139251709 seconds

Doing depth 2
We had 9 inferral cache hits and 108 partitioning cache hits
The partitioning cache has 0 tilings in it right now
The inferral cache has 93 tilings in it right now
There are 62 tilings in the search tree
Time taken so far is 0.6745595932006836 seconds

Doing depth 3
We had 94 inferral cache hits and 706 partitioning cache hits
The partitioning cache has 0 tilings in it right now
The inferral cache has 510 tilings in it right now
There are 355 tilings in the search tree
Time taken so far is 8.664676666259766 seconds

Doing depth 4
We had 1041 inferral cache hits and 4378 partitioning cache hits
The partitioning cache has 0 tilings in it right now
The inferral cache has 3768 tilings in it right now
There are 2297 tilings in the search tree
Time taken so far is 132.52407932281494 seconds

Now processing 0123_0132_0213_1230_2301
Doing depth 1
We had 0 inferral cache hits and 9 partitioning cache hits
The partitioning cache has 0 tilings in it right now
The inferral cache has 14 tilings in it right now
There are 11 tilings in the search tree
Time taken so far is 0.06829166412353516 seconds

Doing depth 2
We had 9 inferral cache hits and 108 partitioning cache hits
The partitioning cache has 0 tilings in it right now
The inferral cache has 94 tilings in it right now
There are 62 tilings in the search tree
Time taken so far is 0.682931661605835 seconds

Doing depth 3
We had 95 inferral cache hits and 706 partitioning cache hits
The partitioning cache has 0 tilings in it right now
The inferral cache has 532 tilings in it right now
There are 362 tilings in the search tree
Time taken so far is 8.042908430099487 seconds

Doing depth 4
We had 1120 inferral cache hits and 4374 partitioning cache hits
The partitioning cache has 0 tilings in it right now
The inferral cache has 3869 tilings in it right now
There are 2203 tilings in the search tree
Time taken so far is 127.46452212333679 seconds

Now processing 0123_0132_0213_1230_3012
Doing depth 1
We had 0 inferral cache hits and 9 partitioning cache hits
The partitioning cache has 0 tilings in it right now
The inferral cache has 14 tilings in it right now
There are 11 tilings in the search tree
Time taken so far is 0.060365915298461914 seconds

Doing depth 2
We had 9 inferral cache hits and 108 partitioning cache hits
The partitioning cache has 0 tilings in it right now
The inferral cache has 89 tilings in it right now
There are 62 tilings in the search tree
Time taken so far is 0.7298338413238525 seconds

Doing depth 3
We had 103 inferral cache hits and 706 partitioning cache hits
The partitioning cache has 0 tilings in it right now
The inferral cache has 469 tilings in it right now
There are 334 tilings in the search tree
Time taken so far is 7.222870349884033 seconds

Doing depth 4
We had 1011 inferral cache hits and 4104 partitioning cache hits
The partitioning cache has 0 tilings in it right now
The inferral cache has 3243 tilings in it right now
There are 1921 tilings in the search tree
Time taken so far is 119.26354384422302 seconds

Now processing 0123_0132_0231_1230_2301
Doing depth 1
We had 0 inferral cache hits and 9 partitioning cache hits
The partitioning cache has 0 tilings in it right now
The inferral cache has 15 tilings in it right now
There are 11 tilings in the search tree
Time taken so far is 0.0689082145690918 seconds

Doing depth 2
We had 9 inferral cache hits and 108 partitioning cache hits
The partitioning cache has 0 tilings in it right now
The inferral cache has 97 tilings in it right now
There are 62 tilings in the search tree
Time taken so far is 0.6186470985412598 seconds

Doing depth 3
We had 87 inferral cache hits and 706 partitioning cache hits
The partitioning cache has 0 tilings in it right now
The inferral cache has 537 tilings in it right now
There are 368 tilings in the search tree
Time taken so far is 7.616854906082153 seconds

Doing depth 4
We had 1214 inferral cache hits and 4768 partitioning cache hits
The partitioning cache has 0 tilings in it right now
The inferral cache has 3832 tilings in it right now
There are 2491 tilings in the search tree
Time taken so far is 126.60186910629272 seconds

Now processing 0123_0132_1023_1230_2301
Doing depth 1
We had 0 inferral cache hits and 9 partitioning cache hits
The partitioning cache has 0 tilings in it right now
The inferral cache has 14 tilings in it right now
There are 11 tilings in the search tree
Time taken so far is 0.0686042308807373 seconds

Doing depth 2
We had 9 inferral cache hits and 108 partitioning cache hits
The partitioning cache has 0 tilings in it right now
The inferral cache has 93 tilings in it right now
There are 62 tilings in the search tree
Time taken so far is 0.6990666389465332 seconds

Doing depth 3
We had 102 inferral cache hits and 706 partitioning cache hits
The partitioning cache has 0 tilings in it right now
The inferral cache has 515 tilings in it right now
There are 354 tilings in the search tree
Time taken so far is 8.895737648010254 seconds

Doing depth 4
We had 1150 inferral cache hits and 4254 partitioning cache hits
The partitioning cache has 0 tilings in it right now
The inferral cache has 3549 tilings in it right now
There are 2049 tilings in the search tree
Time taken so far is 125.52878499031067 seconds

Now processing 0123_0132_1023_1230_3012
Doing depth 1
We had 0 inferral cache hits and 9 partitioning cache hits
The partitioning cache has 0 tilings in it right now
The inferral cache has 14 tilings in it right now
There are 11 tilings in the search tree
Time taken so far is 0.07487154006958008 seconds

Doing depth 2
We had 9 inferral cache hits and 108 partitioning cache hits
The partitioning cache has 0 tilings in it right now
The inferral cache has 89 tilings in it right now
There are 62 tilings in the search tree
Time taken so far is 0.8761415481567383 seconds

Doing depth 3
We had 101 inferral cache hits and 706 partitioning cache hits
The partitioning cache has 0 tilings in it right now
The inferral cache has 459 tilings in it right now
There are 330 tilings in the search tree
Time taken so far is 7.450911998748779 seconds

Doing depth 4
We had 961 inferral cache hits and 4044 partitioning cache hits
The partitioning cache has 0 tilings in it right now
The inferral cache has 3063 tilings in it right now
There are 1874 tilings in the search tree
Time taken so far is 118.54493379592896 seconds

Now processing 0123_0132_1230_2301_3012
Doing depth 1
We had 0 inferral cache hits and 9 partitioning cache hits
The partitioning cache has 0 tilings in it right now
The inferral cache has 14 tilings in it right now
There are 11 tilings in the search tree
Time taken so far is 0.07196283340454102 seconds

Doing depth 2
We had 10 inferral cache hits and 108 partitioning cache hits
The partitioning cache has 0 tilings in it right now
The inferral cache has 92 tilings in it right now
There are 62 tilings in the search tree
Time taken so far is 0.6851637363433838 seconds

Doing depth 3
We had 94 inferral cache hits and 706 partitioning cache hits
The partitioning cache has 0 tilings in it right now
The inferral cache has 497 tilings in it right now
There are 366 tilings in the search tree
Time taken so far is 7.666998863220215 seconds

Doing depth 4
We had 1187 inferral cache hits and 4584 partitioning cache hits
The partitioning cache has 0 tilings in it right now
The inferral cache has 3404 tilings in it right now
There are 2225 tilings in the search tree
Time taken so far is 127.74696016311646 seconds

Now processing 0123_0213_0231_1230_2013
Doing depth 1
We had 0 inferral cache hits and 9 partitioning cache hits
The partitioning cache has 0 tilings in it right now
The inferral cache has 14 tilings in it right now
There are 11 tilings in the search tree
Time taken so far is 0.06922173500061035 seconds

Doing depth 2
We had 9 inferral cache hits and 108 partitioning cache hits
The partitioning cache has 0 tilings in it right now
The inferral cache has 96 tilings in it right now
There are 62 tilings in the search tree
Time taken so far is 0.7213742733001709 seconds

Doing depth 3
We had 101 inferral cache hits and 706 partitioning cache hits
The partitioning cache has 0 tilings in it right now
The inferral cache has 545 tilings in it right now
There are 377 tilings in the search tree
Time taken so far is 7.426320552825928 seconds

Doing depth 4
We had 1380 inferral cache hits and 4735 partitioning cache hits
The partitioning cache has 0 tilings in it right now
The inferral cache has 4395 tilings in it right now
There are 2740 tilings in the search tree
Time taken so far is 137.8557026386261 seconds

Now processing 0123_0213_1230_2301_3012
Doing depth 1
We had 0 inferral cache hits and 9 partitioning cache hits
The partitioning cache has 0 tilings in it right now
The inferral cache has 14 tilings in it right now
There are 11 tilings in the search tree
Time taken so far is 0.0706174373626709 seconds

Doing depth 2
We had 9 inferral cache hits and 108 partitioning cache hits
The partitioning cache has 0 tilings in it right now
The inferral cache has 89 tilings in it right now
There are 62 tilings in the search tree
Time taken so far is 0.7188918590545654 seconds

Doing depth 3
We had 109 inferral cache hits and 706 partitioning cache hits
The partitioning cache has 0 tilings in it right now
The inferral cache has 515 tilings in it right now
There are 364 tilings in the search tree
Time taken so far is 8.776729345321655 seconds

Doing depth 4
We had 1536 inferral cache hits and 4374 partitioning cache hits
The partitioning cache has 0 tilings in it right now
The inferral cache has 4073 tilings in it right now
There are 2231 tilings in the search tree
Time taken so far is 131.06506967544556 seconds

Now processing 0123_0231_0312_1203_2013
Doing depth 1
We had 0 inferral cache hits and 9 partitioning cache hits
The partitioning cache has 0 tilings in it right now
The inferral cache has 14 tilings in it right now
There are 11 tilings in the search tree
Time taken so far is 0.06194257736206055 seconds

Doing depth 2
We had 9 inferral cache hits and 108 partitioning cache hits
The partitioning cache has 0 tilings in it right now
The inferral cache has 97 tilings in it right now
There are 62 tilings in the search tree
Time taken so far is 1.087233304977417 seconds

Doing depth 3
We had 119 inferral cache hits and 706 partitioning cache hits
The partitioning cache has 0 tilings in it right now
The inferral cache has 619 tilings in it right now
There are 418 tilings in the search tree
Time taken so far is 8.584072828292847 seconds

Doing depth 4
We had 2105 inferral cache hits and 5256 partitioning cache hits
The partitioning cache has 0 tilings in it right now
The inferral cache has 5753 tilings in it right now
There are 3285 tilings in the search tree
Time taken so far is 169.44728422164917 seconds

Now processing 0132_0213_0231_0312_3120
Doing depth 1
We had 0 inferral cache hits and 9 partitioning cache hits
The partitioning cache has 0 tilings in it right now
The inferral cache has 14 tilings in it right now
There are 11 tilings in the search tree
Time taken so far is 0.07280111312866211 seconds

Doing depth 2
We had 9 inferral cache hits and 108 partitioning cache hits
The partitioning cache has 0 tilings in it right now
The inferral cache has 91 tilings in it right now
There are 64 tilings in the search tree
Time taken so far is 0.6341457366943359 seconds

Doing depth 3
We had 97 inferral cache hits and 706 partitioning cache hits
The partitioning cache has 0 tilings in it right now
The inferral cache has 617 tilings in it right now
There are 418 tilings in the search tree
Time taken so far is 8.613795518875122 seconds

Doing depth 4
We had 1716 inferral cache hits and 5353 partitioning cache hits
The partitioning cache has 0 tilings in it right now
The inferral cache has 7045 tilings in it right now
There are 3893 tilings in the search tree
Time taken so far is 165.59918856620789 seconds

Now processing 0132_0213_0231_0321_3120
Doing depth 1
We had 0 inferral cache hits and 9 partitioning cache hits
The partitioning cache has 0 tilings in it right now
The inferral cache has 14 tilings in it right now
There are 11 tilings in the search tree
Time taken so far is 0.07776951789855957 seconds

Doing depth 2
We had 9 inferral cache hits and 108 partitioning cache hits
The partitioning cache has 0 tilings in it right now
The inferral cache has 96 tilings in it right now
There are 64 tilings in the search tree
Time taken so far is 0.7580780982971191 seconds

Doing depth 3
We had 92 inferral cache hits and 706 partitioning cache hits
The partitioning cache has 0 tilings in it right now
The inferral cache has 615 tilings in it right now
There are 406 tilings in the search tree
Time taken so far is 9.400720596313477 seconds

Doing depth 4
We had 1505 inferral cache hits and 5141 partitioning cache hits
The partitioning cache has 0 tilings in it right now
The inferral cache has 6619 tilings in it right now
There are 3484 tilings in the search tree
Time taken so far is 155.7121982574463 seconds

Now processing 0132_0213_0231_1230_2301
Doing depth 1
We had 0 inferral cache hits and 9 partitioning cache hits
The partitioning cache has 0 tilings in it right now
The inferral cache has 14 tilings in it right now
There are 11 tilings in the search tree
Time taken so far is 0.05877399444580078 seconds

Doing depth 2
We had 9 inferral cache hits and 108 partitioning cache hits
The partitioning cache has 0 tilings in it right now
The inferral cache has 93 tilings in it right now
There are 62 tilings in the search tree
Time taken so far is 0.6762354373931885 seconds

Doing depth 3
We had 102 inferral cache hits and 706 partitioning cache hits
The partitioning cache has 0 tilings in it right now
The inferral cache has 571 tilings in it right now
There are 392 tilings in the search tree
Time taken so far is 9.256098985671997 seconds

Doing depth 4
We had 1613 inferral cache hits and 4933 partitioning cache hits
The partitioning cache has 0 tilings in it right now
The inferral cache has 4905 tilings in it right now
There are 2818 tilings in the search tree
Time taken so far is 142.2661108970642 seconds

Now processing 0132_0213_1023_1230_2301
Doing depth 1
We had 0 inferral cache hits and 9 partitioning cache hits
The partitioning cache has 0 tilings in it right now
The inferral cache has 14 tilings in it right now
There are 11 tilings in the search tree
Time taken so far is 0.07434463500976562 seconds

Doing depth 2
We had 9 inferral cache hits and 108 partitioning cache hits
The partitioning cache has 0 tilings in it right now
The inferral cache has 95 tilings in it right now
There are 62 tilings in the search tree
Time taken so far is 0.8079447746276855 seconds

Doing depth 3
We had 107 inferral cache hits and 706 partitioning cache hits
The partitioning cache has 0 tilings in it right now
The inferral cache has 596 tilings in it right now
There are 378 tilings in the search tree
Time taken so far is 7.438768148422241 seconds

Doing depth 4
We had 1397 inferral cache hits and 4764 partitioning cache hits
The partitioning cache has 0 tilings in it right now
The inferral cache has 4568 tilings in it right now
There are 2425 tilings in the search tree
Time taken so far is 132.58306169509888 seconds

Now processing 0132_0213_1023_1230_3012
Doing depth 1
We had 0 inferral cache hits and 9 partitioning cache hits
The partitioning cache has 0 tilings in it right now
The inferral cache has 14 tilings in it right now
There are 11 tilings in the search tree
Time taken so far is 0.06209683418273926 seconds

Doing depth 2
We had 9 inferral cache hits and 108 partitioning cache hits
The partitioning cache has 0 tilings in it right now
The inferral cache has 93 tilings in it right now
There are 62 tilings in the search tree
Time taken so far is 0.6491923332214355 seconds

Doing depth 3
We had 114 inferral cache hits and 706 partitioning cache hits
The partitioning cache has 0 tilings in it right now
The inferral cache has 535 tilings in it right now
There are 350 tilings in the search tree
Time taken so far is 8.67643404006958 seconds

Doing depth 4
We had 939 inferral cache hits and 4344 partitioning cache hits
The partitioning cache has 0 tilings in it right now
The inferral cache has 3426 tilings in it right now
There are 1962 tilings in the search tree
Time taken so far is 121.40668106079102 seconds

Now processing 0132_0213_1203_1230_3012
Doing depth 1
We had 0 inferral cache hits and 9 partitioning cache hits
The partitioning cache has 0 tilings in it right now
The inferral cache has 14 tilings in it right now
There are 11 tilings in the search tree
Time taken so far is 0.07006382942199707 seconds

Doing depth 2
We had 9 inferral cache hits and 108 partitioning cache hits
The partitioning cache has 0 tilings in it right now
The inferral cache has 94 tilings in it right now
There are 62 tilings in the search tree
Time taken so far is 0.7035579681396484 seconds

Doing depth 3
We had 100 inferral cache hits and 706 partitioning cache hits
The partitioning cache has 0 tilings in it right now
The inferral cache has 573 tilings in it right now
There are 378 tilings in the search tree
Time taken so far is 8.796820163726807 seconds

Doing depth 4
We had 1407 inferral cache hits and 4884 partitioning cache hits
The partitioning cache has 0 tilings in it right now
The inferral cache has 4667 tilings in it right now
There are 2592 tilings in the search tree
Time taken so far is 137.08532524108887 seconds

Now processing 0132_0213_1230_2301_3012
Doing depth 1
We had 0 inferral cache hits and 9 partitioning cache hits
The partitioning cache has 0 tilings in it right now
The inferral cache has 14 tilings in it right now
There are 11 tilings in the search tree
Time taken so far is 0.05953478813171387 seconds

Doing depth 2
We had 9 inferral cache hits and 108 partitioning cache hits
The partitioning cache has 0 tilings in it right now
The inferral cache has 95 tilings in it right now
There are 62 tilings in the search tree
Time taken so far is 0.7714920043945312 seconds

Doing depth 3
We had 105 inferral cache hits and 706 partitioning cache hits
The partitioning cache has 0 tilings in it right now
The inferral cache has 593 tilings in it right now
There are 392 tilings in the search tree
Time taken so far is 7.982916831970215 seconds

Doing depth 4
We had 1572 inferral cache hits and 4974 partitioning cache hits
The partitioning cache has 0 tilings in it right now
The inferral cache has 4849 tilings in it right now
There are 2569 tilings in the search tree
Time taken so far is 138.30898880958557 seconds

Now processing 0132_0231_0312_0321_1032
Doing depth 1
We had 0 inferral cache hits and 9 partitioning cache hits
The partitioning cache has 0 tilings in it right now
The inferral cache has 12 tilings in it right now
There are 11 tilings in the search tree
Time taken so far is 0.0734412670135498 seconds

Doing depth 2
We had 10 inferral cache hits and 108 partitioning cache hits
The partitioning cache has 0 tilings in it right now
The inferral cache has 87 tilings in it right now
There are 62 tilings in the search tree
Time taken so far is 0.7242393493652344 seconds

Doing depth 3
We had 97 inferral cache hits and 706 partitioning cache hits
The partitioning cache has 0 tilings in it right now
The inferral cache has 478 tilings in it right now
There are 369 tilings in the search tree
Time taken so far is 9.032383441925049 seconds

Doing depth 4
We had 250 inferral cache hits and 2593 partitioning cache hits
The partitioning cache has 93 tilings in it right now
The inferral cache has 1190 tilings in it right now
There are 879 tilings in the search tree
Time taken so far is 52.01262712478638 seconds

Now processing 0132_0231_0312_0321_3120
Doing depth 1
We had 0 inferral cache hits and 9 partitioning cache hits
The partitioning cache has 0 tilings in it right now
The inferral cache has 14 tilings in it right now
There are 11 tilings in the search tree
Time taken so far is 0.044589996337890625 seconds

Doing depth 2
We had 9 inferral cache hits and 108 partitioning cache hits
The partitioning cache has 0 tilings in it right now
The inferral cache has 93 tilings in it right now
There are 64 tilings in the search tree
Time taken so far is 0.5815796852111816 seconds

Doing depth 3
We had 98 inferral cache hits and 706 partitioning cache hits
The partitioning cache has 0 tilings in it right now
The inferral cache has 580 tilings in it right now
There are 392 tilings in the search tree
Time taken so far is 7.720189094543457 seconds

Doing depth 4
We had 1481 inferral cache hits and 4918 partitioning cache hits
The partitioning cache has 0 tilings in it right now
The inferral cache has 5900 tilings in it right now
There are 3200 tilings in the search tree
Time taken so far is 155.1275656223297 seconds

Now processing 0132_0231_0312_1023_1203
Doing depth 1
We had 0 inferral cache hits and 9 partitioning cache hits
The partitioning cache has 0 tilings in it right now
The inferral cache has 14 tilings in it right now
There are 11 tilings in the search tree
Time taken so far is 0.06419491767883301 seconds

Doing depth 2
We had 9 inferral cache hits and 108 partitioning cache hits
The partitioning cache has 0 tilings in it right now
The inferral cache has 97 tilings in it right now
There are 62 tilings in the search tree
Time taken so far is 0.7495741844177246 seconds

Doing depth 3
We had 99 inferral cache hits and 706 partitioning cache hits
The partitioning cache has 0 tilings in it right now
The inferral cache has 601 tilings in it right now
There are 404 tilings in the search tree
Time taken so far is 8.592673540115356 seconds

Doing depth 4
We had 1530 inferral cache hits and 5078 partitioning cache hits
The partitioning cache has 0 tilings in it right now
The inferral cache has 5010 tilings in it right now
There are 2979 tilings in the search tree
Time taken so far is 159.35234951972961 seconds

Now processing 0132_0231_0312_1023_2301
Doing depth 1
We had 0 inferral cache hits and 9 partitioning cache hits
The partitioning cache has 0 tilings in it right now
The inferral cache has 14 tilings in it right now
There are 11 tilings in the search tree
Time taken so far is 0.05989837646484375 seconds

Doing depth 2
We had 9 inferral cache hits and 108 partitioning cache hits
The partitioning cache has 0 tilings in it right now
The inferral cache has 99 tilings in it right now
There are 62 tilings in the search tree
Time taken so far is 0.655200719833374 seconds

Doing depth 3
We had 92 inferral cache hits and 706 partitioning cache hits
The partitioning cache has 0 tilings in it right now
The inferral cache has 635 tilings in it right now
There are 416 tilings in the search tree
Time taken so far is 8.18037748336792 seconds

Doing depth 4
We had 1656 inferral cache hits and 5182 partitioning cache hits
The partitioning cache has 0 tilings in it right now
The inferral cache has 5229 tilings in it right now
There are 2929 tilings in the search tree
Time taken so far is 149.1659014225006 seconds

Now processing 0132_0231_0312_1032_3120
Doing depth 1
We had 0 inferral cache hits and 9 partitioning cache hits
The partitioning cache has 0 tilings in it right now
The inferral cache has 14 tilings in it right now
There are 11 tilings in the search tree
Time taken so far is 0.07201147079467773 seconds

Doing depth 2
We had 9 inferral cache hits and 108 partitioning cache hits
The partitioning cache has 0 tilings in it right now
The inferral cache has 95 tilings in it right now
There are 62 tilings in the search tree
Time taken so far is 0.6053552627563477 seconds

Doing depth 3
We had 94 inferral cache hits and 706 partitioning cache hits
The partitioning cache has 0 tilings in it right now
The inferral cache has 637 tilings in it right now
There are 408 tilings in the search tree
Time taken so far is 8.648564338684082 seconds

Doing depth 4
We had 1527 inferral cache hits and 5175 partitioning cache hits
The partitioning cache has 0 tilings in it right now
The inferral cache has 7257 tilings in it right now
There are 3727 tilings in the search tree
Time taken so far is 174.26342630386353 seconds

Now processing 0132_0231_0312_1203_2013
Doing depth 1
We had 0 inferral cache hits and 9 partitioning cache hits
The partitioning cache has 0 tilings in it right now
The inferral cache has 14 tilings in it right now
There are 11 tilings in the search tree
Time taken so far is 0.056749582290649414 seconds

Doing depth 2
We had 9 inferral cache hits and 108 partitioning cache hits
The partitioning cache has 0 tilings in it right now
The inferral cache has 97 tilings in it right now
There are 62 tilings in the search tree
Time taken so far is 0.6199522018432617 seconds

Doing depth 3
We had 107 inferral cache hits and 706 partitioning cache hits
The partitioning cache has 0 tilings in it right now
The inferral cache has 641 tilings in it right now
There are 436 tilings in the search tree
Time taken so far is 9.919274806976318 seconds

Doing depth 4
We had 1946 inferral cache hits and 5323 partitioning cache hits
The partitioning cache has 0 tilings in it right now
The inferral cache has 6150 tilings in it right now
There are 3562 tilings in the search tree
Time taken so far is 175.09824895858765 seconds

Now processing 0132_0231_0312_1203_3012
Doing depth 1
We had 0 inferral cache hits and 9 partitioning cache hits
The partitioning cache has 0 tilings in it right now
The inferral cache has 14 tilings in it right now
There are 11 tilings in the search tree
Time taken so far is 0.07500982284545898 seconds

Doing depth 2
We had 9 inferral cache hits and 108 partitioning cache hits
The partitioning cache has 0 tilings in it right now
The inferral cache has 95 tilings in it right now
There are 62 tilings in the search tree
Time taken so far is 0.7109601497650146 seconds

Doing depth 3
We had 107 inferral cache hits and 706 partitioning cache hits
The partitioning cache has 0 tilings in it right now
The inferral cache has 593 tilings in it right now
There are 403 tilings in the search tree
Time taken so far is 7.915963888168335 seconds

Doing depth 4
We had 1426 inferral cache hits and 4646 partitioning cache hits
The partitioning cache has 30 tilings in it right now
The inferral cache has 4333 tilings in it right now
There are 2648 tilings in the search tree
Time taken so far is 133.90064454078674 seconds

Now processing 0132_0231_0321_1032_3120
Doing depth 1
We had 0 inferral cache hits and 9 partitioning cache hits
The partitioning cache has 0 tilings in it right now
The inferral cache has 14 tilings in it right now
There are 11 tilings in the search tree
Time taken so far is 0.0394437313079834 seconds

Doing depth 2
We had 9 inferral cache hits and 108 partitioning cache hits
The partitioning cache has 0 tilings in it right now
The inferral cache has 97 tilings in it right now
There are 62 tilings in the search tree
Time taken so far is 0.5693881511688232 seconds

Doing depth 3
We had 91 inferral cache hits and 706 partitioning cache hits
The partitioning cache has 0 tilings in it right now
The inferral cache has 606 tilings in it right now
There are 388 tilings in the search tree
Time taken so far is 9.21847414970398 seconds

Doing depth 4
We had 1294 inferral cache hits and 4948 partitioning cache hits
The partitioning cache has 0 tilings in it right now
The inferral cache has 6111 tilings in it right now
There are 3213 tilings in the search tree
Time taken so far is 165.6116909980774 seconds

Now processing 0132_0231_1023_1203_2301
Doing depth 1
We had 0 inferral cache hits and 9 partitioning cache hits
The partitioning cache has 0 tilings in it right now
The inferral cache has 14 tilings in it right now
There are 11 tilings in the search tree
Time taken so far is 0.5730152130126953 seconds

Doing depth 2
We had 9 inferral cache hits and 108 partitioning cache hits
The partitioning cache has 0 tilings in it right now
The inferral cache has 99 tilings in it right now
There are 62 tilings in the search tree
Time taken so far is 1.1590147018432617 seconds

Doing depth 3
We had 81 inferral cache hits and 706 partitioning cache hits
The partitioning cache has 0 tilings in it right now
The inferral cache has 657 tilings in it right now
There are 422 tilings in the search tree
Time taken so far is 10.570764303207397 seconds

Doing depth 4
We had 1564 inferral cache hits and 5139 partitioning cache hits
The partitioning cache has 0 tilings in it right now
The inferral cache has 5591 tilings in it right now
There are 3037 tilings in the search tree
Time taken so far is 136.12477278709412 seconds

Now processing 0132_0231_1023_1203_3012
Doing depth 1
We had 0 inferral cache hits and 9 partitioning cache hits
The partitioning cache has 0 tilings in it right now
The inferral cache has 14 tilings in it right now
There are 11 tilings in the search tree
Time taken so far is 0.061453819274902344 seconds

Doing depth 2
We had 9 inferral cache hits and 108 partitioning cache hits
The partitioning cache has 0 tilings in it right now
The inferral cache has 97 tilings in it right now
There are 62 tilings in the search tree
Time taken so far is 0.5998599529266357 seconds

Doing depth 3
We had 96 inferral cache hits and 706 partitioning cache hits
The partitioning cache has 0 tilings in it right now
The inferral cache has 605 tilings in it right now
There are 394 tilings in the search tree
Time taken so far is 7.2989842891693115 seconds

Doing depth 4
We had 1304 inferral cache hits and 4869 partitioning cache hits
The partitioning cache has 0 tilings in it right now
The inferral cache has 4740 tilings in it right now
There are 2635 tilings in the search tree
Time taken so far is 118.5497395992279 seconds

Now processing 0132_0231_1023_1230_2013
Doing depth 1
We had 0 inferral cache hits and 9 partitioning cache hits
The partitioning cache has 0 tilings in it right now
The inferral cache has 14 tilings in it right now
There are 11 tilings in the search tree
Time taken so far is 0.062348127365112305 seconds

Doing depth 2
We had 9 inferral cache hits and 108 partitioning cache hits
The partitioning cache has 0 tilings in it right now
The inferral cache has 98 tilings in it right now
There are 62 tilings in the search tree
Time taken so far is 0.6035315990447998 seconds

Doing depth 3
We had 97 inferral cache hits and 706 partitioning cache hits
The partitioning cache has 0 tilings in it right now
The inferral cache has 579 tilings in it right now
There are 391 tilings in the search tree
Time taken so far is 6.833985090255737 seconds

Doing depth 4
We had 1345 inferral cache hits and 5051 partitioning cache hits
The partitioning cache has 0 tilings in it right now
The inferral cache has 4535 tilings in it right now
There are 2723 tilings in the search tree
Time taken so far is 117.59319591522217 seconds

Now processing 0132_0231_1023_1230_2301
Doing depth 1
We had 0 inferral cache hits and 9 partitioning cache hits
The partitioning cache has 0 tilings in it right now
The inferral cache has 14 tilings in it right now
There are 11 tilings in the search tree
Time taken so far is 0.05861616134643555 seconds

Doing depth 2
We had 9 inferral cache hits and 108 partitioning cache hits
The partitioning cache has 0 tilings in it right now
The inferral cache has 96 tilings in it right now
There are 62 tilings in the search tree
Time taken so far is 0.5976312160491943 seconds

Doing depth 3
We had 95 inferral cache hits and 706 partitioning cache hits
The partitioning cache has 0 tilings in it right now
The inferral cache has 600 tilings in it right now
There are 392 tilings in the search tree
Time taken so far is 6.929534435272217 seconds

Doing depth 4
We had 1542 inferral cache hits and 5006 partitioning cache hits
The partitioning cache has 0 tilings in it right now
The inferral cache has 4811 tilings in it right now
There are 2731 tilings in the search tree
Time taken so far is 112.98048853874207 seconds

Now processing 0132_0231_1023_1230_3012
Doing depth 1
We had 0 inferral cache hits and 9 partitioning cache hits
The partitioning cache has 0 tilings in it right now
The inferral cache has 14 tilings in it right now
There are 11 tilings in the search tree
Time taken so far is 0.0568997859954834 seconds

Doing depth 2
We had 9 inferral cache hits and 108 partitioning cache hits
The partitioning cache has 0 tilings in it right now
The inferral cache has 96 tilings in it right now
There are 62 tilings in the search tree
Time taken so far is 0.6643538475036621 seconds

Doing depth 3
We had 90 inferral cache hits and 706 partitioning cache hits
The partitioning cache has 0 tilings in it right now
The inferral cache has 578 tilings in it right now
There are 378 tilings in the search tree
Time taken so far is 6.5164265632629395 seconds

Doing depth 4
We had 1228 inferral cache hits and 4841 partitioning cache hits
The partitioning cache has 0 tilings in it right now
The inferral cache has 4177 tilings in it right now
There are 2414 tilings in the search tree
Time taken so far is 103.14792537689209 seconds

Now processing 0132_0231_1023_2013_2301
Doing depth 1
We had 0 inferral cache hits and 9 partitioning cache hits
The partitioning cache has 0 tilings in it right now
The inferral cache has 14 tilings in it right now
There are 11 tilings in the search tree
Time taken so far is 0.05938529968261719 seconds

Doing depth 2
We had 9 inferral cache hits and 108 partitioning cache hits
The partitioning cache has 0 tilings in it right now
The inferral cache has 99 tilings in it right now
There are 62 tilings in the search tree
Time taken so far is 0.6075620651245117 seconds

Doing depth 3
We had 95 inferral cache hits and 706 partitioning cache hits
The partitioning cache has 0 tilings in it right now
The inferral cache has 641 tilings in it right now
There are 410 tilings in the search tree
Time taken so far is 7.400662183761597 seconds

Doing depth 4
We had 1562 inferral cache hits and 5094 partitioning cache hits
The partitioning cache has 0 tilings in it right now
The inferral cache has 5339 tilings in it right now
There are 2863 tilings in the search tree
Time taken so far is 125.07240962982178 seconds

Now processing 0132_0231_1023_2301_3012
Doing depth 1
We had 0 inferral cache hits and 9 partitioning cache hits
The partitioning cache has 0 tilings in it right now
The inferral cache has 14 tilings in it right now
There are 11 tilings in the search tree
Time taken so far is 0.057515621185302734 seconds

Doing depth 2
We had 9 inferral cache hits and 108 partitioning cache hits
The partitioning cache has 0 tilings in it right now
The inferral cache has 98 tilings in it right now
There are 62 tilings in the search tree
Time taken so far is 0.5985522270202637 seconds

Doing depth 3
We had 92 inferral cache hits and 706 partitioning cache hits
The partitioning cache has 0 tilings in it right now
The inferral cache has 622 tilings in it right now
There are 400 tilings in the search tree
Time taken so far is 7.168182373046875 seconds

Doing depth 4
We had 1477 inferral cache hits and 5018 partitioning cache hits
The partitioning cache has 0 tilings in it right now
The inferral cache has 4904 tilings in it right now
There are 2624 tilings in the search tree
Time taken so far is 117.2451000213623 seconds

Now processing 0132_0231_1203_1230_2301
Doing depth 1
We had 0 inferral cache hits and 9 partitioning cache hits
The partitioning cache has 0 tilings in it right now
The inferral cache has 14 tilings in it right now
There are 11 tilings in the search tree
Time taken so far is 0.06615591049194336 seconds

Doing depth 2
We had 9 inferral cache hits and 108 partitioning cache hits
The partitioning cache has 0 tilings in it right now
The inferral cache has 96 tilings in it right now
There are 62 tilings in the search tree
Time taken so far is 0.6030502319335938 seconds

Doing depth 3
We had 100 inferral cache hits and 706 partitioning cache hits
The partitioning cache has 0 tilings in it right now
The inferral cache has 584 tilings in it right now
There are 402 tilings in the search tree
Time taken so far is 7.21835470199585 seconds

Doing depth 4
We had 1594 inferral cache hits and 5068 partitioning cache hits
The partitioning cache has 0 tilings in it right now
The inferral cache has 5299 tilings in it right now
There are 3214 tilings in the search tree
Time taken so far is 127.71227955818176 seconds

Now processing 0132_0231_1203_1230_3012
Doing depth 1
We had 0 inferral cache hits and 9 partitioning cache hits
The partitioning cache has 0 tilings in it right now
The inferral cache has 14 tilings in it right now
There are 11 tilings in the search tree
Time taken so far is 0.055765628814697266 seconds

Doing depth 2
We had 9 inferral cache hits and 108 partitioning cache hits
The partitioning cache has 0 tilings in it right now
The inferral cache has 95 tilings in it right now
There are 62 tilings in the search tree
Time taken so far is 0.6782028675079346 seconds

Doing depth 3
We had 96 inferral cache hits and 706 partitioning cache hits
The partitioning cache has 0 tilings in it right now
The inferral cache has 576 tilings in it right now
There are 394 tilings in the search tree
Time taken so far is 6.855469703674316 seconds

Doing depth 4
We had 1569 inferral cache hits and 5051 partitioning cache hits
The partitioning cache has 0 tilings in it right now
The inferral cache has 4952 tilings in it right now
There are 2958 tilings in the search tree
Time taken so far is 117.38193774223328 seconds

Now processing 0132_0231_1203_2013_3012
Doing depth 1
We had 0 inferral cache hits and 9 partitioning cache hits
The partitioning cache has 0 tilings in it right now
The inferral cache has 14 tilings in it right now
There are 11 tilings in the search tree
Time taken so far is 0.05797147750854492 seconds

Doing depth 2
We had 9 inferral cache hits and 108 partitioning cache hits
The partitioning cache has 0 tilings in it right now
The inferral cache has 98 tilings in it right now
There are 62 tilings in the search tree
Time taken so far is 0.5943336486816406 seconds

Doing depth 3
We had 96 inferral cache hits and 706 partitioning cache hits
The partitioning cache has 0 tilings in it right now
The inferral cache has 639 tilings in it right now
There are 424 tilings in the search tree
Time taken so far is 7.371333122253418 seconds

Doing depth 4
We had 1812 inferral cache hits and 5514 partitioning cache hits
The partitioning cache has 0 tilings in it right now
The inferral cache has 5861 tilings in it right now
There are 3375 tilings in the search tree
Time taken so far is 138.12155842781067 seconds

Now processing 0132_0231_1203_2301_3012
Doing depth 1
We had 0 inferral cache hits and 9 partitioning cache hits
The partitioning cache has 0 tilings in it right now
The inferral cache has 14 tilings in it right now
There are 11 tilings in the search tree
Time taken so far is 0.055359840393066406 seconds

Doing depth 2
We had 9 inferral cache hits and 108 partitioning cache hits
The partitioning cache has 0 tilings in it right now
The inferral cache has 100 tilings in it right now
There are 62 tilings in the search tree
Time taken so far is 0.5809106826782227 seconds

Doing depth 3
We had 96 inferral cache hits and 706 partitioning cache hits
The partitioning cache has 0 tilings in it right now
The inferral cache has 642 tilings in it right now
There are 424 tilings in the search tree
Time taken so far is 7.299421310424805 seconds

Doing depth 4
We had 1927 inferral cache hits and 5573 partitioning cache hits
The partitioning cache has 0 tilings in it right now
The inferral cache has 6113 tilings in it right now
There are 3414 tilings in the search tree
Time taken so far is 133.386403799057 seconds

Now processing 0132_0231_1230_2013_2301
Doing depth 1
We had 0 inferral cache hits and 9 partitioning cache hits
The partitioning cache has 0 tilings in it right now
The inferral cache has 14 tilings in it right now
There are 11 tilings in the search tree
Time taken so far is 0.05451774597167969 seconds

Doing depth 2
We had 9 inferral cache hits and 108 partitioning cache hits
The partitioning cache has 0 tilings in it right now
The inferral cache has 96 tilings in it right now
There are 62 tilings in the search tree
Time taken so far is 0.5705654621124268 seconds

Doing depth 3
We had 102 inferral cache hits and 706 partitioning cache hits
The partitioning cache has 0 tilings in it right now
The inferral cache has 610 tilings in it right now
There are 411 tilings in the search tree
Time taken so far is 7.002153158187866 seconds

Doing depth 4
We had 952 inferral cache hits and 4152 partitioning cache hits
The partitioning cache has 45 tilings in it right now
The inferral cache has 3511 tilings in it right now
There are 2151 tilings in the search tree
Time taken so far is 82.05858302116394 seconds

Now processing 0132_0231_1230_2013_3012
Doing depth 1
We had 0 inferral cache hits and 9 partitioning cache hits
The partitioning cache has 0 tilings in it right now
The inferral cache has 14 tilings in it right now
There are 11 tilings in the search tree
Time taken so far is 0.06374359130859375 seconds

Doing depth 2
We had 9 inferral cache hits and 108 partitioning cache hits
The partitioning cache has 0 tilings in it right now
The inferral cache has 96 tilings in it right now
There are 62 tilings in the search tree
Time taken so far is 0.56715989112854 seconds

Doing depth 3
We had 97 inferral cache hits and 706 partitioning cache hits
The partitioning cache has 0 tilings in it right now
The inferral cache has 586 tilings in it right now
There are 396 tilings in the search tree
Time taken so far is 6.713428258895874 seconds

Doing depth 4
We had 1554 inferral cache hits and 5126 partitioning cache hits
The partitioning cache has 0 tilings in it right now
The inferral cache has 4966 tilings in it right now
There are 2987 tilings in the search tree
Time taken so far is 116.30669355392456 seconds

Now processing 0132_0231_1230_2301_3012
Doing depth 1
We had 0 inferral cache hits and 9 partitioning cache hits
The partitioning cache has 0 tilings in it right now
The inferral cache has 14 tilings in it right now
There are 11 tilings in the search tree
Time taken so far is 0.06400895118713379 seconds

Doing depth 2
We had 9 inferral cache hits and 108 partitioning cache hits
The partitioning cache has 0 tilings in it right now
The inferral cache has 94 tilings in it right now
There are 62 tilings in the search tree
Time taken so far is 0.5755913257598877 seconds

Doing depth 3
We had 98 inferral cache hits and 706 partitioning cache hits
The partitioning cache has 0 tilings in it right now
The inferral cache has 548 tilings in it right now
There are 387 tilings in the search tree
Time taken so far is 6.858717203140259 seconds

Doing depth 4
We had 1516 inferral cache hits and 4991 partitioning cache hits
The partitioning cache has 0 tilings in it right now
The inferral cache has 4288 tilings in it right now
There are 2668 tilings in the search tree
Time taken so far is 112.06561088562012 seconds

Now processing 0132_0231_1302_2013_3012
Doing depth 1
We had 0 inferral cache hits and 9 partitioning cache hits
The partitioning cache has 0 tilings in it right now
The inferral cache has 14 tilings in it right now
There are 11 tilings in the search tree
Time taken so far is 0.054682016372680664 seconds

Doing depth 2
We had 9 inferral cache hits and 108 partitioning cache hits
The partitioning cache has 0 tilings in it right now
The inferral cache has 99 tilings in it right now
There are 62 tilings in the search tree
Time taken so far is 0.5938305854797363 seconds

Doing depth 3
We had 105 inferral cache hits and 706 partitioning cache hits
The partitioning cache has 0 tilings in it right now
The inferral cache has 740 tilings in it right now
There are 468 tilings in the search tree
Time taken so far is 8.077360391616821 seconds

Doing depth 4
We had 2327 inferral cache hits and 6323 partitioning cache hits
The partitioning cache has 0 tilings in it right now
The inferral cache has 8574 tilings in it right now
There are 4533 tilings in the search tree
Time taken so far is 168.33106923103333 seconds

Now processing 0132_0231_2013_2301_3012
Doing depth 1
We had 0 inferral cache hits and 9 partitioning cache hits
The partitioning cache has 0 tilings in it right now
The inferral cache has 14 tilings in it right now
There are 11 tilings in the search tree
Time taken so far is 0.05266904830932617 seconds

Doing depth 2
We had 9 inferral cache hits and 108 partitioning cache hits
The partitioning cache has 0 tilings in it right now
The inferral cache has 97 tilings in it right now
There are 62 tilings in the search tree
Time taken so far is 0.575859546661377 seconds

Doing depth 3
We had 100 inferral cache hits and 706 partitioning cache hits
The partitioning cache has 0 tilings in it right now
The inferral cache has 621 tilings in it right now
There are 410 tilings in the search tree
Time taken so far is 7.1995580196380615 seconds

Doing depth 4
We had 1752 inferral cache hits and 5349 partitioning cache hits
The partitioning cache has 0 tilings in it right now
The inferral cache has 5653 tilings in it right now
There are 3185 tilings in the search tree
Time taken so far is 129.2373058795929 seconds

Now processing 0132_1023_1230_2301_3012
Doing depth 1
We had 0 inferral cache hits and 9 partitioning cache hits
The partitioning cache has 0 tilings in it right now
The inferral cache has 14 tilings in it right now
There are 11 tilings in the search tree
Time taken so far is 0.05883073806762695 seconds

Doing depth 2
We had 9 inferral cache hits and 108 partitioning cache hits
The partitioning cache has 0 tilings in it right now
The inferral cache has 97 tilings in it right now
There are 62 tilings in the search tree
Time taken so far is 0.5792233943939209 seconds

Doing depth 3
We had 85 inferral cache hits and 706 partitioning cache hits
The partitioning cache has 0 tilings in it right now
The inferral cache has 601 tilings in it right now
There are 390 tilings in the search tree
Time taken so far is 6.767952919006348 seconds

Doing depth 4
We had 1301 inferral cache hits and 4944 partitioning cache hits
The partitioning cache has 0 tilings in it right now
The inferral cache has 4469 tilings in it right now
There are 2425 tilings in the search tree
Time taken so far is 107.86412739753723 seconds

Now processing 0132_1203_1230_2013_3012
Doing depth 1
We had 0 inferral cache hits and 9 partitioning cache hits
The partitioning cache has 0 tilings in it right now
The inferral cache has 14 tilings in it right now
There are 11 tilings in the search tree
Time taken so far is 0.05951881408691406 seconds

Doing depth 2
We had 9 inferral cache hits and 108 partitioning cache hits
The partitioning cache has 0 tilings in it right now
The inferral cache has 93 tilings in it right now
There are 62 tilings in the search tree
Time taken so far is 0.64933180809021 seconds

Doing depth 3
We had 89 inferral cache hits and 706 partitioning cache hits
The partitioning cache has 0 tilings in it right now
The inferral cache has 599 tilings in it right now
There are 406 tilings in the search tree
Time taken so far is 6.83277153968811 seconds

Doing depth 4
We had 1752 inferral cache hits and 5424 partitioning cache hits
The partitioning cache has 0 tilings in it right now
The inferral cache has 5088 tilings in it right now
There are 3011 tilings in the search tree
Time taken so far is 120.49007678031921 seconds

Now processing 0132_1203_1230_2301_3012
Doing depth 1
We had 0 inferral cache hits and 9 partitioning cache hits
The partitioning cache has 0 tilings in it right now
The inferral cache has 14 tilings in it right now
There are 11 tilings in the search tree
Time taken so far is 0.05802726745605469 seconds

Doing depth 2
We had 9 inferral cache hits and 108 partitioning cache hits
The partitioning cache has 0 tilings in it right now
The inferral cache has 96 tilings in it right now
There are 62 tilings in the search tree
Time taken so far is 0.6777622699737549 seconds

Doing depth 3
We had 93 inferral cache hits and 706 partitioning cache hits
The partitioning cache has 0 tilings in it right now
The inferral cache has 591 tilings in it right now
There are 400 tilings in the search tree
Time taken so far is 7.030130863189697 seconds

Doing depth 4
We had 1678 inferral cache hits and 5274 partitioning cache hits
The partitioning cache has 0 tilings in it right now
The inferral cache has 5393 tilings in it right now
There are 3015 tilings in the search tree
Time taken so far is 125.05932188034058 seconds

Now processing 0213_0231_0312_1203_1230
Doing depth 1
We had 0 inferral cache hits and 9 partitioning cache hits
The partitioning cache has 0 tilings in it right now
The inferral cache has 14 tilings in it right now
There are 11 tilings in the search tree
Time taken so far is 0.05608558654785156 seconds

Doing depth 2
We had 9 inferral cache hits and 108 partitioning cache hits
The partitioning cache has 0 tilings in it right now
The inferral cache has 94 tilings in it right now
There are 62 tilings in the search tree
Time taken so far is 0.563396692276001 seconds

Doing depth 3
We had 99 inferral cache hits and 706 partitioning cache hits
The partitioning cache has 0 tilings in it right now
The inferral cache has 578 tilings in it right now
There are 417 tilings in the search tree
Time taken so far is 7.146027326583862 seconds

Doing depth 4
We had 1626 inferral cache hits and 5101 partitioning cache hits
The partitioning cache has 0 tilings in it right now
The inferral cache has 5320 tilings in it right now
There are 3493 tilings in the search tree
Time taken so far is 134.31150317192078 seconds

Now processing 0213_0231_0312_1203_2013
Doing depth 1
We had 0 inferral cache hits and 9 partitioning cache hits
The partitioning cache has 0 tilings in it right now
The inferral cache has 14 tilings in it right now
There are 11 tilings in the search tree
Time taken so far is 0.05926704406738281 seconds

Doing depth 2
We had 9 inferral cache hits and 108 partitioning cache hits
The partitioning cache has 0 tilings in it right now
The inferral cache has 97 tilings in it right now
There are 62 tilings in the search tree
Time taken so far is 0.5852372646331787 seconds

Doing depth 3
We had 103 inferral cache hits and 706 partitioning cache hits
The partitioning cache has 0 tilings in it right now
The inferral cache has 651 tilings in it right now
There are 438 tilings in the search tree
Time taken so far is 7.529705047607422 seconds

Doing depth 4
We had 1979 inferral cache hits and 5548 partitioning cache hits
The partitioning cache has 0 tilings in it right now
The inferral cache has 6505 tilings in it right now
There are 3750 tilings in the search tree
Time taken so far is 152.93229222297668 seconds

Now processing 0213_0231_0312_1203_3012
Doing depth 1
We had 0 inferral cache hits and 9 partitioning cache hits
The partitioning cache has 0 tilings in it right now
The inferral cache has 14 tilings in it right now
There are 11 tilings in the search tree
Time taken so far is 0.05708885192871094 seconds

Doing depth 2
We had 9 inferral cache hits and 108 partitioning cache hits
The partitioning cache has 0 tilings in it right now
The inferral cache has 95 tilings in it right now
There are 62 tilings in the search tree
Time taken so far is 0.5700838565826416 seconds

Doing depth 3
We had 98 inferral cache hits and 706 partitioning cache hits
The partitioning cache has 0 tilings in it right now
The inferral cache has 619 tilings in it right now
There are 422 tilings in the search tree
Time taken so far is 7.23110032081604 seconds

Doing depth 4
We had 1790 inferral cache hits and 5155 partitioning cache hits
The partitioning cache has 0 tilings in it right now
The inferral cache has 5970 tilings in it right now
There are 3434 tilings in the search tree
Time taken so far is 135.9811930656433 seconds

Now processing 0213_0231_0312_1230_3012
Doing depth 1
We had 0 inferral cache hits and 9 partitioning cache hits
The partitioning cache has 0 tilings in it right now
The inferral cache has 14 tilings in it right now
There are 11 tilings in the search tree
Time taken so far is 0.055074214935302734 seconds

Doing depth 2
We had 9 inferral cache hits and 108 partitioning cache hits
The partitioning cache has 0 tilings in it right now
The inferral cache has 93 tilings in it right now
There are 62 tilings in the search tree
Time taken so far is 0.5542995929718018 seconds

Doing depth 3
We had 95 inferral cache hits and 706 partitioning cache hits
The partitioning cache has 0 tilings in it right now
The inferral cache has 583 tilings in it right now
There are 404 tilings in the search tree
Time taken so far is 6.9775097370147705 seconds

Doing depth 4
We had 1762 inferral cache hits and 5394 partitioning cache hits
The partitioning cache has 0 tilings in it right now
The inferral cache has 5622 tilings in it right now
There are 3343 tilings in the search tree
Time taken so far is 127.13777112960815 seconds

Now processing 0213_0231_0321_1320_3120
Doing depth 1
We had 0 inferral cache hits and 9 partitioning cache hits
The partitioning cache has 0 tilings in it right now
The inferral cache has 14 tilings in it right now
There are 11 tilings in the search tree
Time taken so far is 0.06643462181091309 seconds

Doing depth 2
We had 9 inferral cache hits and 108 partitioning cache hits
The partitioning cache has 0 tilings in it right now
The inferral cache has 91 tilings in it right now
There are 63 tilings in the search tree
Time taken so far is 0.5878870487213135 seconds

Doing depth 3
We had 98 inferral cache hits and 706 partitioning cache hits
The partitioning cache has 0 tilings in it right now
The inferral cache has 620 tilings in it right now
There are 421 tilings in the search tree
Time taken so far is 7.366635322570801 seconds

Doing depth 4
We had 1831 inferral cache hits and 5561 partitioning cache hits
The partitioning cache has 0 tilings in it right now
The inferral cache has 7455 tilings in it right now
There are 4239 tilings in the search tree
Time taken so far is 146.36139225959778 seconds

Now processing 0213_0231_1203_1230_2301
Doing depth 1
We had 0 inferral cache hits and 9 partitioning cache hits
The partitioning cache has 0 tilings in it right now
The inferral cache has 14 tilings in it right now
There are 11 tilings in the search tree
Time taken so far is 0.0652158260345459 seconds

Doing depth 2
We had 9 inferral cache hits and 108 partitioning cache hits
The partitioning cache has 0 tilings in it right now
The inferral cache has 93 tilings in it right now
There are 62 tilings in the search tree
Time taken so far is 0.605093240737915 seconds

Doing depth 3
We had 106 inferral cache hits and 706 partitioning cache hits
The partitioning cache has 0 tilings in it right now
The inferral cache has 574 tilings in it right now
There are 404 tilings in the search tree
Time taken so far is 7.337528467178345 seconds

Doing depth 4
We had 1728 inferral cache hits and 5160 partitioning cache hits
The partitioning cache has 0 tilings in it right now
The inferral cache has 5703 tilings in it right now
There are 3485 tilings in the search tree
Time taken so far is 137.48031067848206 seconds

Now processing 0213_0231_1203_1230_3012
Doing depth 1
We had 0 inferral cache hits and 9 partitioning cache hits
The partitioning cache has 0 tilings in it right now
The inferral cache has 14 tilings in it right now
There are 11 tilings in the search tree
Time taken so far is 0.05631518363952637 seconds

Doing depth 2
We had 9 inferral cache hits and 108 partitioning cache hits
The partitioning cache has 0 tilings in it right now
The inferral cache has 93 tilings in it right now
There are 62 tilings in the search tree
Time taken so far is 0.557866096496582 seconds

Doing depth 3
We had 99 inferral cache hits and 706 partitioning cache hits
The partitioning cache has 0 tilings in it right now
The inferral cache has 582 tilings in it right now
There are 402 tilings in the search tree
Time taken so far is 6.9058215618133545 seconds

Doing depth 4
We had 1623 inferral cache hits and 4871 partitioning cache hits
The partitioning cache has 0 tilings in it right now
The inferral cache has 5323 tilings in it right now
There are 3073 tilings in the search tree
Time taken so far is 123.49077796936035 seconds

Now processing 0213_0231_1203_1230_3120
Doing depth 1
We had 0 inferral cache hits and 9 partitioning cache hits
The partitioning cache has 0 tilings in it right now
The inferral cache has 14 tilings in it right now
There are 11 tilings in the search tree
Time taken so far is 0.05403304100036621 seconds

Doing depth 2
We had 9 inferral cache hits and 108 partitioning cache hits
The partitioning cache has 0 tilings in it right now
The inferral cache has 93 tilings in it right now
There are 62 tilings in the search tree
Time taken so far is 0.6415622234344482 seconds

Doing depth 3
We had 101 inferral cache hits and 706 partitioning cache hits
The partitioning cache has 0 tilings in it right now
The inferral cache has 583 tilings in it right now
There are 418 tilings in the search tree
Time taken so far is 7.296531438827515 seconds

Doing depth 4
We had 1766 inferral cache hits and 5342 partitioning cache hits
The partitioning cache has 0 tilings in it right now
The inferral cache has 6007 tilings in it right now
There are 3884 tilings in the search tree
Time taken so far is 146.49920749664307 seconds

Now processing 0213_0231_1203_2301_3012
Doing depth 1
We had 0 inferral cache hits and 9 partitioning cache hits
The partitioning cache has 0 tilings in it right now
The inferral cache has 14 tilings in it right now
There are 11 tilings in the search tree
Time taken so far is 0.05787396430969238 seconds

Doing depth 2
We had 9 inferral cache hits and 108 partitioning cache hits
The partitioning cache has 0 tilings in it right now
The inferral cache has 97 tilings in it right now
There are 62 tilings in the search tree
Time taken so far is 0.5797176361083984 seconds

Doing depth 3
We had 95 inferral cache hits and 706 partitioning cache hits
The partitioning cache has 0 tilings in it right now
The inferral cache has 653 tilings in it right now
There are 432 tilings in the search tree
Time taken so far is 7.336924314498901 seconds

Doing depth 4
We had 2091 inferral cache hits and 5486 partitioning cache hits
The partitioning cache has 0 tilings in it right now
The inferral cache has 6810 tilings in it right now
There are 3696 tilings in the search tree
Time taken so far is 139.0362946987152 seconds

Now processing 0213_0231_1230_2013_3012
Doing depth 1
We had 0 inferral cache hits and 9 partitioning cache hits
The partitioning cache has 0 tilings in it right now
The inferral cache has 14 tilings in it right now
There are 11 tilings in the search tree
Time taken so far is 0.05413055419921875 seconds

Doing depth 2
We had 9 inferral cache hits and 108 partitioning cache hits
The partitioning cache has 0 tilings in it right now
The inferral cache has 93 tilings in it right now
There are 62 tilings in the search tree
Time taken so far is 0.5580947399139404 seconds

Doing depth 3
We had 97 inferral cache hits and 706 partitioning cache hits
The partitioning cache has 0 tilings in it right now
The inferral cache has 579 tilings in it right now
There are 408 tilings in the search tree
Time taken so far is 6.865421772003174 seconds

Doing depth 4
We had 1676 inferral cache hits and 5004 partitioning cache hits
The partitioning cache has 0 tilings in it right now
The inferral cache has 5556 tilings in it right now
There are 3311 tilings in the search tree
Time taken so far is 124.65317344665527 seconds

