/users/home/henningu/ATRAP/non-regular-insertion-encodable-bases/logs_length2
Now processing 0123_0132
Doing depth 1
We had 0 inferral cache hits and 0 partitioning cache hits
The partitioning cache has 0 tilings in it right now
The inferral cache has 10 tilings in it right now
There are 7 tilings in the search tree
Time taken so far is 0.04430961608886719 seconds

Doing depth 2
We had 4 inferral cache hits and 122 partitioning cache hits
The partitioning cache has 8 tilings in it right now
The inferral cache has 54 tilings in it right now
There are 34 tilings in the search tree
Time taken so far is 0.4526522159576416 seconds

Doing depth 3
We had 12 inferral cache hits and 1871 partitioning cache hits
The partitioning cache has 88 tilings in it right now
The inferral cache has 226 tilings in it right now
There are 168 tilings in the search tree
Time taken so far is 3.617466926574707 seconds

Doing depth 4
We had 328 inferral cache hits and 21363 partitioning cache hits
The partitioning cache has 272 tilings in it right now
The inferral cache has 1284 tilings in it right now
There are 867 tilings in the search tree
Time taken so far is 37.620849609375 seconds

Doing depth 5
We had 1989 inferral cache hits and 483085 partitioning cache hits
The partitioning cache has 2351 tilings in it right now
The inferral cache has 8592 tilings in it right now
There are 5868 tilings in the search tree
Time taken so far is 453.9307825565338 seconds

Now processing 0123_0213
Doing depth 1
We had 0 inferral cache hits and 0 partitioning cache hits
The partitioning cache has 0 tilings in it right now
The inferral cache has 10 tilings in it right now
There are 7 tilings in the search tree
Time taken so far is 0.05433225631713867 seconds

Doing depth 2
We had 4 inferral cache hits and 126 partitioning cache hits
The partitioning cache has 8 tilings in it right now
The inferral cache has 54 tilings in it right now
There are 36 tilings in the search tree
Time taken so far is 0.49733638763427734 seconds

Doing depth 3
We had 12 inferral cache hits and 2001 partitioning cache hits
The partitioning cache has 86 tilings in it right now
The inferral cache has 244 tilings in it right now
There are 184 tilings in the search tree
Time taken so far is 4.107774496078491 seconds

Doing depth 4
We had 357 inferral cache hits and 28213 partitioning cache hits
The partitioning cache has 320 tilings in it right now
The inferral cache has 1524 tilings in it right now
There are 1039 tilings in the search tree
Time taken so far is 50.544220209121704 seconds

Doing depth 5
We had 2667 inferral cache hits and 897892 partitioning cache hits
The partitioning cache has 2809 tilings in it right now
The inferral cache has 11326 tilings in it right now
There are 7911 tilings in the search tree
Time taken so far is 764.2011566162109 seconds

Now processing 0123_0231
Doing depth 1
We had 0 inferral cache hits and 0 partitioning cache hits
The partitioning cache has 0 tilings in it right now
The inferral cache has 10 tilings in it right now
There are 7 tilings in the search tree
Time taken so far is 0.045609474182128906 seconds

Doing depth 2
We had 4 inferral cache hits and 122 partitioning cache hits
The partitioning cache has 8 tilings in it right now
The inferral cache has 57 tilings in it right now
There are 34 tilings in the search tree
Time taken so far is 0.435168981552124 seconds

Doing depth 3
We had 12 inferral cache hits and 1908 partitioning cache hits
The partitioning cache has 88 tilings in it right now
The inferral cache has 258 tilings in it right now
There are 178 tilings in the search tree
Time taken so far is 3.875561475753784 seconds

Doing depth 4
We had 376 inferral cache hits and 30143 partitioning cache hits
The partitioning cache has 362 tilings in it right now
The inferral cache has 1739 tilings in it right now
There are 1042 tilings in the search tree
Time taken so far is 44.03256011009216 seconds

Doing depth 5
We had 3297 inferral cache hits and 1056033 partitioning cache hits
The partitioning cache has 3174 tilings in it right now
The inferral cache has 14494 tilings in it right now
There are 8245 tilings in the search tree
Time taken so far is 604.3042924404144 seconds

Now processing 0123_1230
Doing depth 1
We had 0 inferral cache hits and 0 partitioning cache hits
The partitioning cache has 0 tilings in it right now
The inferral cache has 10 tilings in it right now
There are 7 tilings in the search tree
Time taken so far is 0.046163320541381836 seconds

Doing depth 2
We had 5 inferral cache hits and 116 partitioning cache hits
The partitioning cache has 8 tilings in it right now
The inferral cache has 51 tilings in it right now
There are 34 tilings in the search tree
Time taken so far is 0.40927648544311523 seconds

Doing depth 3
We had 13 inferral cache hits and 1836 partitioning cache hits
The partitioning cache has 88 tilings in it right now
The inferral cache has 217 tilings in it right now
There are 166 tilings in the search tree
Time taken so far is 2.9225776195526123 seconds

Doing depth 4
We had 336 inferral cache hits and 19170 partitioning cache hits
The partitioning cache has 288 tilings in it right now
The inferral cache has 1252 tilings in it right now
There are 799 tilings in the search tree
Time taken so far is 26.72050452232361 seconds

Doing depth 5
We had 2107 inferral cache hits and 380829 partitioning cache hits
The partitioning cache has 2325 tilings in it right now
The inferral cache has 9188 tilings in it right now
There are 5608 tilings in the search tree
Time taken so far is 302.93352007865906 seconds

Now processing 0123_2301
Doing depth 1
We had 0 inferral cache hits and 0 partitioning cache hits
The partitioning cache has 0 tilings in it right now
The inferral cache has 10 tilings in it right now
There are 7 tilings in the search tree
Time taken so far is 0.04070901870727539 seconds

Doing depth 2
We had 4 inferral cache hits and 116 partitioning cache hits
The partitioning cache has 8 tilings in it right now
The inferral cache has 54 tilings in it right now
There are 31 tilings in the search tree
Time taken so far is 0.4170076847076416 seconds

Doing depth 3
We had 12 inferral cache hits and 1824 partitioning cache hits
The partitioning cache has 82 tilings in it right now
The inferral cache has 252 tilings in it right now
There are 167 tilings in the search tree
Time taken so far is 3.047534704208374 seconds

Doing depth 4
We had 303 inferral cache hits and 25505 partitioning cache hits
The partitioning cache has 329 tilings in it right now
The inferral cache has 1634 tilings in it right now
There are 909 tilings in the search tree
Time taken so far is 35.636205196380615 seconds

Doing depth 5
We had 2591 inferral cache hits and 709758 partitioning cache hits
The partitioning cache has 2533 tilings in it right now
The inferral cache has 11825 tilings in it right now
There are 6484 tilings in the search tree
Time taken so far is 425.1000270843506 seconds

Now processing 0132_0213
Doing depth 1
We had 0 inferral cache hits and 0 partitioning cache hits
The partitioning cache has 0 tilings in it right now
The inferral cache has 10 tilings in it right now
There are 7 tilings in the search tree
Time taken so far is 0.04667830467224121 seconds

Doing depth 2
We had 4 inferral cache hits and 122 partitioning cache hits
The partitioning cache has 8 tilings in it right now
The inferral cache has 58 tilings in it right now
There are 34 tilings in the search tree
Time taken so far is 0.44109344482421875 seconds

Doing depth 3
We had 12 inferral cache hits and 2002 partitioning cache hits
The partitioning cache has 96 tilings in it right now
The inferral cache has 266 tilings in it right now
There are 184 tilings in the search tree
Time taken so far is 4.55394434928894 seconds

Doing depth 4
We had 392 inferral cache hits and 36054 partitioning cache hits
The partitioning cache has 404 tilings in it right now
The inferral cache has 1844 tilings in it right now
There are 1175 tilings in the search tree
Time taken so far is 53.790334939956665 seconds

Doing depth 5
We had 3498 inferral cache hits and 1381185 partitioning cache hits
The partitioning cache has 3490 tilings in it right now
The inferral cache has 15289 tilings in it right now
There are 10044 tilings in the search tree
Time taken so far is 1912.1851787567139 seconds

Now processing 0132_0321
Doing depth 1
We had 0 inferral cache hits and 0 partitioning cache hits
The partitioning cache has 0 tilings in it right now
The inferral cache has 8 tilings in it right now
There are 7 tilings in the search tree
Time taken so far is 0.04502677917480469 seconds

Doing depth 2
We had 5 inferral cache hits and 118 partitioning cache hits
The partitioning cache has 10 tilings in it right now
The inferral cache has 51 tilings in it right now
There are 34 tilings in the search tree
Time taken so far is 0.4195716381072998 seconds

Doing depth 3
We had 13 inferral cache hits and 1830 partitioning cache hits
The partitioning cache has 100 tilings in it right now
The inferral cache has 223 tilings in it right now
There are 174 tilings in the search tree
Time taken so far is 3.1823673248291016 seconds

Doing depth 4
We had 373 inferral cache hits and 23820 partitioning cache hits
The partitioning cache has 415 tilings in it right now
The inferral cache has 1374 tilings in it right now
There are 935 tilings in the search tree
Time taken so far is 33.550984144210815 seconds

Doing depth 5
We had 2810 inferral cache hits and 569158 partitioning cache hits
The partitioning cache has 3179 tilings in it right now
The inferral cache has 10419 tilings in it right now
There are 6881 tilings in the search tree
Time taken so far is 455.25261783599854 seconds

Now processing 0132_1023
Doing depth 1
We had 0 inferral cache hits and 0 partitioning cache hits
The partitioning cache has 0 tilings in it right now
The inferral cache has 10 tilings in it right now
There are 7 tilings in the search tree
Time taken so far is 0.03848624229431152 seconds

Doing depth 2
We had 4 inferral cache hits and 116 partitioning cache hits
The partitioning cache has 8 tilings in it right now
The inferral cache has 54 tilings in it right now
There are 31 tilings in the search tree
Time taken so far is 0.4101729393005371 seconds

Doing depth 3
We had 12 inferral cache hits and 1774 partitioning cache hits
The partitioning cache has 84 tilings in it right now
The inferral cache has 260 tilings in it right now
There are 168 tilings in the search tree
Time taken so far is 3.443706512451172 seconds

Doing depth 4
We had 355 inferral cache hits and 25811 partitioning cache hits
The partitioning cache has 278 tilings in it right now
The inferral cache has 1910 tilings in it right now
There are 979 tilings in the search tree
Time taken so far is 44.32694172859192 seconds

Doing depth 5
We had 3103 inferral cache hits and 1119634 partitioning cache hits
The partitioning cache has 2360 tilings in it right now
The inferral cache has 17281 tilings in it right now
There are 8149 tilings in the search tree
Time taken so far is 971.6724216938019 seconds

Now processing 0132_1032
Doing depth 1
We had 0 inferral cache hits and 0 partitioning cache hits
The partitioning cache has 0 tilings in it right now
The inferral cache has 8 tilings in it right now
There are 7 tilings in the search tree
Time taken so far is 0.04079842567443848 seconds

Doing depth 2
We had 5 inferral cache hits and 112 partitioning cache hits
The partitioning cache has 8 tilings in it right now
The inferral cache has 53 tilings in it right now
There are 31 tilings in the search tree
Time taken so far is 0.41786861419677734 seconds

Doing depth 3
We had 13 inferral cache hits and 1804 partitioning cache hits
The partitioning cache has 97 tilings in it right now
The inferral cache has 257 tilings in it right now
There are 175 tilings in the search tree
Time taken so far is 4.027000665664673 seconds

Doing depth 4
We had 372 inferral cache hits and 30872 partitioning cache hits
The partitioning cache has 456 tilings in it right now
The inferral cache has 1853 tilings in it right now
There are 1118 tilings in the search tree
Time taken so far is 51.77417302131653 seconds

Doing depth 5
We had 3530 inferral cache hits and 1078570 partitioning cache hits
The partitioning cache has 3813 tilings in it right now
The inferral cache has 16259 tilings in it right now
There are 9571 tilings in the search tree
Time taken so far is 875.8006529808044 seconds

Now processing 0132_1203
Doing depth 1
We had 0 inferral cache hits and 0 partitioning cache hits
The partitioning cache has 0 tilings in it right now
The inferral cache has 10 tilings in it right now
There are 7 tilings in the search tree
Time taken so far is 0.03961443901062012 seconds

Doing depth 2
We had 4 inferral cache hits and 116 partitioning cache hits
The partitioning cache has 8 tilings in it right now
The inferral cache has 59 tilings in it right now
There are 31 tilings in the search tree
Time taken so far is 0.40675926208496094 seconds

Doing depth 3
We had 12 inferral cache hits and 1856 partitioning cache hits
The partitioning cache has 93 tilings in it right now
The inferral cache has 289 tilings in it right now
There are 179 tilings in the search tree
Time taken so far is 3.4220502376556396 seconds

Doing depth 4
We had 389 inferral cache hits and 36886 partitioning cache hits
The partitioning cache has 451 tilings in it right now
The inferral cache has 2322 tilings in it right now
There are 1232 tilings in the search tree
Time taken so far is 49.571571588516235 seconds

Doing depth 5
We had 4912 inferral cache hits and 1788593 partitioning cache hits
The partitioning cache has 4251 tilings in it right now
The inferral cache has 23438 tilings in it right now
There are 12351 tilings in the search tree
Time taken so far is 1111.3192541599274 seconds

Now processing 0132_1230
Doing depth 1
We had 0 inferral cache hits and 0 partitioning cache hits
The partitioning cache has 0 tilings in it right now
The inferral cache has 9 tilings in it right now
There are 7 tilings in the search tree
Time taken so far is 0.04331254959106445 seconds

Doing depth 2
We had 4 inferral cache hits and 118 partitioning cache hits
The partitioning cache has 7 tilings in it right now
The inferral cache has 55 tilings in it right now
There are 33 tilings in the search tree
Time taken so far is 0.42728304862976074 seconds

Doing depth 3
We had 11 inferral cache hits and 1814 partitioning cache hits
The partitioning cache has 87 tilings in it right now
The inferral cache has 247 tilings in it right now
There are 171 tilings in the search tree
Time taken so far is 4.807530164718628 seconds

Doing depth 4
We had 330 inferral cache hits and 25625 partitioning cache hits
The partitioning cache has 343 tilings in it right now
The inferral cache has 1592 tilings in it right now
There are 930 tilings in the search tree
Time taken so far is 38.69707179069519 seconds

Doing depth 5
We had 2525 inferral cache hits and 549216 partitioning cache hits
The partitioning cache has 2548 tilings in it right now
The inferral cache has 12298 tilings in it right now
There are 6801 tilings in the search tree
Time taken so far is 457.23098969459534 seconds

Now processing 0132_1320
Doing depth 1
We had 0 inferral cache hits and 0 partitioning cache hits
The partitioning cache has 0 tilings in it right now
The inferral cache has 9 tilings in it right now
There are 7 tilings in the search tree
Time taken so far is 0.040273427963256836 seconds

Doing depth 2
We had 4 inferral cache hits and 118 partitioning cache hits
The partitioning cache has 9 tilings in it right now
The inferral cache has 54 tilings in it right now
There are 33 tilings in the search tree
Time taken so far is 0.4263730049133301 seconds

Doing depth 3
We had 12 inferral cache hits and 1871 partitioning cache hits
The partitioning cache has 94 tilings in it right now
The inferral cache has 265 tilings in it right now
There are 183 tilings in the search tree
Time taken so far is 3.8913164138793945 seconds

Doing depth 4
We had 405 inferral cache hits and 36936 partitioning cache hits
The partitioning cache has 436 tilings in it right now
The inferral cache has 2075 tilings in it right now
There are 1174 tilings in the search tree
Time taken so far is 55.624168395996094 seconds

Doing depth 5
We had 4280 inferral cache hits and 1621983 partitioning cache hits
The partitioning cache has 3780 tilings in it right now
The inferral cache has 20902 tilings in it right now
There are 11624 tilings in the search tree
Time taken so far is 1197.1406950950623 seconds

Now processing 0132_2301
Doing depth 1
We had 0 inferral cache hits and 0 partitioning cache hits
The partitioning cache has 0 tilings in it right now
The inferral cache has 8 tilings in it right now
There are 7 tilings in the search tree
Time taken so far is 0.02269124984741211 seconds

Doing depth 2
We had 5 inferral cache hits and 112 partitioning cache hits
The partitioning cache has 8 tilings in it right now
The inferral cache has 53 tilings in it right now
There are 31 tilings in the search tree
Time taken so far is 1.0813336372375488 seconds

Doing depth 3
We had 13 inferral cache hits and 1804 partitioning cache hits
The partitioning cache has 83 tilings in it right now
The inferral cache has 272 tilings in it right now
There are 175 tilings in the search tree
Time taken so far is 3.862550735473633 seconds

Doing depth 4
We had 353 inferral cache hits and 32311 partitioning cache hits
The partitioning cache has 408 tilings in it right now
The inferral cache has 2033 tilings in it right now
There are 1073 tilings in the search tree
Time taken so far is 37.9883599281311 seconds

Doing depth 5
We had 3820 inferral cache hits and 903492 partitioning cache hits
The partitioning cache has 3311 tilings in it right now
The inferral cache has 16477 tilings in it right now
There are 8404 tilings in the search tree
Time taken so far is 517.2991695404053 seconds

Now processing 0132_3120
Doing depth 1
We had 0 inferral cache hits and 0 partitioning cache hits
The partitioning cache has 0 tilings in it right now
The inferral cache has 10 tilings in it right now
There are 7 tilings in the search tree
Time taken so far is 0.044698238372802734 seconds

Doing depth 2
We had 4 inferral cache hits and 122 partitioning cache hits
The partitioning cache has 8 tilings in it right now
The inferral cache has 58 tilings in it right now
There are 34 tilings in the search tree
Time taken so far is 0.42769646644592285 seconds

Doing depth 3
We had 12 inferral cache hits and 1900 partitioning cache hits
The partitioning cache has 90 tilings in it right now
The inferral cache has 276 tilings in it right now
There are 182 tilings in the search tree
Time taken so far is 3.4081194400787354 seconds

Doing depth 4
We had 359 inferral cache hits and 34466 partitioning cache hits
The partitioning cache has 403 tilings in it right now
The inferral cache has 2052 tilings in it right now
There are 1090 tilings in the search tree
Time taken so far is 41.49037218093872 seconds

Doing depth 5
We had 3692 inferral cache hits and 1163670 partitioning cache hits
The partitioning cache has 3818 tilings in it right now
The inferral cache has 19693 tilings in it right now
There are 9778 tilings in the search tree
Time taken so far is 751.0843393802643 seconds

Now processing 0213_0321
Doing depth 1
We had 0 inferral cache hits and 0 partitioning cache hits
The partitioning cache has 0 tilings in it right now
The inferral cache has 10 tilings in it right now
There are 7 tilings in the search tree
Time taken so far is 0.05331540107727051 seconds

Doing depth 2
We had 4 inferral cache hits and 122 partitioning cache hits
The partitioning cache has 8 tilings in it right now
The inferral cache has 56 tilings in it right now
There are 34 tilings in the search tree
Time taken so far is 0.502277135848999 seconds

Doing depth 3
We had 12 inferral cache hits and 1928 partitioning cache hits
The partitioning cache has 97 tilings in it right now
The inferral cache has 255 tilings in it right now
There are 182 tilings in the search tree
Time taken so far is 3.791822910308838 seconds

Doing depth 4
We had 393 inferral cache hits and 33093 partitioning cache hits
The partitioning cache has 428 tilings in it right now
The inferral cache has 1757 tilings in it right now
There are 1116 tilings in the search tree
Time taken so far is 49.84633922576904 seconds

Doing depth 5
We had 3596 inferral cache hits and 1085434 partitioning cache hits
The partitioning cache has 3516 tilings in it right now
The inferral cache has 15448 tilings in it right now
There are 9304 tilings in the search tree
Time taken so far is 786.553439617157 seconds

Now processing 0213_1230
Doing depth 1
We had 0 inferral cache hits and 0 partitioning cache hits
The partitioning cache has 0 tilings in it right now
The inferral cache has 10 tilings in it right now
There are 7 tilings in the search tree
Time taken so far is 0.05587124824523926 seconds

Doing depth 2
We had 4 inferral cache hits and 120 partitioning cache hits
The partitioning cache has 8 tilings in it right now
The inferral cache has 54 tilings in it right now
There are 34 tilings in the search tree
Time taken so far is 0.48819661140441895 seconds

Doing depth 3
We had 12 inferral cache hits and 1920 partitioning cache hits
The partitioning cache has 90 tilings in it right now
The inferral cache has 262 tilings in it right now
There are 182 tilings in the search tree
Time taken so far is 3.9456160068511963 seconds

Doing depth 4
We had 385 inferral cache hits and 32457 partitioning cache hits
The partitioning cache has 388 tilings in it right now
The inferral cache has 2171 tilings in it right now
There are 1164 tilings in the search tree
Time taken so far is 53.8506498336792 seconds

Doing depth 5
We had 3843 inferral cache hits and 1066202 partitioning cache hits
The partitioning cache has 3132 tilings in it right now
The inferral cache has 22334 tilings in it right now
There are 10615 tilings in the search tree
Time taken so far is 882.4166717529297 seconds

Now processing 0213_1320
Doing depth 1
We had 0 inferral cache hits and 0 partitioning cache hits
The partitioning cache has 0 tilings in it right now
The inferral cache has 10 tilings in it right now
There are 7 tilings in the search tree
Time taken so far is 0.026697635650634766 seconds

Doing depth 2
We had 4 inferral cache hits and 120 partitioning cache hits
The partitioning cache has 8 tilings in it right now
The inferral cache has 57 tilings in it right now
There are 34 tilings in the search tree
Time taken so far is 0.364884614944458 seconds

Doing depth 3
We had 12 inferral cache hits and 1980 partitioning cache hits
The partitioning cache has 94 tilings in it right now
The inferral cache has 296 tilings in it right now
There are 194 tilings in the search tree
Time taken so far is 3.6898908615112305 seconds

Doing depth 4
We had 407 inferral cache hits and 48462 partitioning cache hits
The partitioning cache has 526 tilings in it right now
The inferral cache has 2623 tilings in it right now
There are 1430 tilings in the search tree
Time taken so far is 62.0052444934845 seconds

Doing depth 5
We had 5797 inferral cache hits and 3284090 partitioning cache hits
The partitioning cache has 5211 tilings in it right now
The inferral cache has 31171 tilings in it right now
There are 17109 tilings in the search tree
Time taken so far is 2548.5716681480408 seconds

Now processing 0213_2301
Doing depth 1
We had 0 inferral cache hits and 0 partitioning cache hits
The partitioning cache has 0 tilings in it right now
The inferral cache has 10 tilings in it right now
There are 7 tilings in the search tree
Time taken so far is 0.04169583320617676 seconds

Doing depth 2
We had 4 inferral cache hits and 116 partitioning cache hits
The partitioning cache has 8 tilings in it right now
The inferral cache has 58 tilings in it right now
There are 31 tilings in the search tree
Time taken so far is 0.4353775978088379 seconds

Doing depth 3
We had 12 inferral cache hits and 1904 partitioning cache hits
The partitioning cache has 82 tilings in it right now
The inferral cache has 292 tilings in it right now
There are 183 tilings in the search tree
Time taken so far is 4.272674798965454 seconds

Doing depth 4
We had 344 inferral cache hits and 40162 partitioning cache hits
The partitioning cache has 440 tilings in it right now
The inferral cache has 2460 tilings in it right now
There are 1287 tilings in the search tree
Time taken so far is 60.81536650657654 seconds

Doing depth 5
We had 4443 inferral cache hits and 1626460 partitioning cache hits
The partitioning cache has 4285 tilings in it right now
The inferral cache has 25433 tilings in it right now
There are 12326 tilings in the search tree
Time taken so far is 945.1811485290527 seconds

Now processing 0213_3120
Doing depth 1
We had 0 inferral cache hits and 0 partitioning cache hits
The partitioning cache has 0 tilings in it right now
The inferral cache has 10 tilings in it right now
There are 7 tilings in the search tree
Time taken so far is 0.05304121971130371 seconds

Doing depth 2
We had 4 inferral cache hits and 126 partitioning cache hits
The partitioning cache has 8 tilings in it right now
The inferral cache has 58 tilings in it right now
There are 36 tilings in the search tree
Time taken so far is 0.4590647220611572 seconds

Doing depth 3
We had 12 inferral cache hits and 2024 partitioning cache hits
The partitioning cache has 100 tilings in it right now
The inferral cache has 282 tilings in it right now
There are 196 tilings in the search tree
Time taken so far is 3.7653682231903076 seconds

Doing depth 4
We had 415 inferral cache hits and 40370 partitioning cache hits
The partitioning cache has 523 tilings in it right now
The inferral cache has 2462 tilings in it right now
There are 1302 tilings in the search tree
Time taken so far is 57.726398229599 seconds

Doing depth 5
We had 5009 inferral cache hits and 1577093 partitioning cache hits
The partitioning cache has 4661 tilings in it right now
The inferral cache has 29570 tilings in it right now
There are 13424 tilings in the search tree
Time taken so far is 1239.1539616584778 seconds

Now processing 0231_0312
Doing depth 1
We had 0 inferral cache hits and 0 partitioning cache hits
The partitioning cache has 0 tilings in it right now
The inferral cache has 8 tilings in it right now
There are 7 tilings in the search tree
Time taken so far is 0.05250239372253418 seconds

Doing depth 2
We had 5 inferral cache hits and 118 partitioning cache hits
The partitioning cache has 10 tilings in it right now
The inferral cache has 55 tilings in it right now
There are 34 tilings in the search tree
Time taken so far is 0.49993324279785156 seconds

Doing depth 3
We had 13 inferral cache hits and 2080 partitioning cache hits
The partitioning cache has 110 tilings in it right now
The inferral cache has 284 tilings in it right now
There are 200 tilings in the search tree
Time taken so far is 4.690164804458618 seconds

Doing depth 4
We had 479 inferral cache hits and 49596 partitioning cache hits
The partitioning cache has 639 tilings in it right now
The inferral cache has 2308 tilings in it right now
There are 1447 tilings in the search tree
Time taken so far is 75.9053406715393 seconds

Doing depth 5
We had 5890 inferral cache hits and 2253412 partitioning cache hits
The partitioning cache has 5916 tilings in it right now
The inferral cache has 22372 tilings in it right now
There are 13515 tilings in the search tree
Time taken so far is 1350.1094915866852 seconds

Now processing 0231_0321
Doing depth 1
We had 0 inferral cache hits and 0 partitioning cache hits
The partitioning cache has 0 tilings in it right now
The inferral cache has 8 tilings in it right now
There are 7 tilings in the search tree
Time taken so far is 0.0451352596282959 seconds

Doing depth 2
We had 5 inferral cache hits and 118 partitioning cache hits
The partitioning cache has 10 tilings in it right now
The inferral cache has 51 tilings in it right now
There are 34 tilings in the search tree
Time taken so far is 0.4328141212463379 seconds

Doing depth 3
We had 13 inferral cache hits and 1972 partitioning cache hits
The partitioning cache has 103 tilings in it right now
The inferral cache has 249 tilings in it right now
There are 189 tilings in the search tree
Time taken so far is 3.74766206741333 seconds

Doing depth 4
We had 430 inferral cache hits and 41778 partitioning cache hits
The partitioning cache has 520 tilings in it right now
The inferral cache has 1805 tilings in it right now
There are 1240 tilings in the search tree
Time taken so far is 51.843202114105225 seconds

Doing depth 5
We had 4367 inferral cache hits and 1411681 partitioning cache hits
The partitioning cache has 4249 tilings in it right now
The inferral cache has 14890 tilings in it right now
There are 9944 tilings in the search tree
Time taken so far is 859.2824900150299 seconds

Now processing 0231_1203
Doing depth 1
We had 0 inferral cache hits and 0 partitioning cache hits
The partitioning cache has 0 tilings in it right now
The inferral cache has 10 tilings in it right now
There are 7 tilings in the search tree
Time taken so far is 0.03821110725402832 seconds

Doing depth 2
We had 4 inferral cache hits and 116 partitioning cache hits
The partitioning cache has 8 tilings in it right now
The inferral cache has 62 tilings in it right now
There are 31 tilings in the search tree
Time taken so far is 0.4119453430175781 seconds

Doing depth 3
We had 12 inferral cache hits and 1944 partitioning cache hits
The partitioning cache has 90 tilings in it right now
The inferral cache has 309 tilings in it right now
There are 191 tilings in the search tree
Time taken so far is 4.832416772842407 seconds

Doing depth 4
We had 395 inferral cache hits and 51771 partitioning cache hits
The partitioning cache has 495 tilings in it right now
The inferral cache has 2768 tilings in it right now
There are 1581 tilings in the search tree
Time taken so far is 90.34870862960815 seconds

Doing depth 5
We had 5595 inferral cache hits and 10606658 partitioning cache hits
The partitioning cache has 5236 tilings in it right now
The inferral cache has 32716 tilings in it right now
There are 22446 tilings in the search tree
Time taken so far is 8716.356469392776 seconds

Now processing 0231_1230
Doing depth 1
We had 0 inferral cache hits and 0 partitioning cache hits
The partitioning cache has 0 tilings in it right now
The inferral cache has 9 tilings in it right now
There are 7 tilings in the search tree
Time taken so far is 0.04360389709472656 seconds

Doing depth 2
We had 4 inferral cache hits and 118 partitioning cache hits
The partitioning cache has 8 tilings in it right now
The inferral cache has 54 tilings in it right now
There are 33 tilings in the search tree
Time taken so far is 0.42725086212158203 seconds

Doing depth 3
We had 12 inferral cache hits and 1928 partitioning cache hits
The partitioning cache has 94 tilings in it right now
The inferral cache has 252 tilings in it right now
There are 183 tilings in the search tree
Time taken so far is 3.365755796432495 seconds

Doing depth 4
We had 403 inferral cache hits and 39433 partitioning cache hits
The partitioning cache has 431 tilings in it right now
The inferral cache has 1782 tilings in it right now
There are 1173 tilings in the search tree
Time taken so far is 50.613311767578125 seconds

Doing depth 5
We had 3694 inferral cache hits and 1913592 partitioning cache hits
The partitioning cache has 3870 tilings in it right now
The inferral cache has 15563 tilings in it right now
There are 10380 tilings in the search tree
Time taken so far is 7888.192654848099 seconds

Now processing 0231_2013
Doing depth 1
We had 0 inferral cache hits and 0 partitioning cache hits
The partitioning cache has 0 tilings in it right now
The inferral cache has 10 tilings in it right now
There are 7 tilings in the search tree
Time taken so far is 0.03806185722351074 seconds

Doing depth 2
We had 4 inferral cache hits and 116 partitioning cache hits
The partitioning cache has 8 tilings in it right now
The inferral cache has 62 tilings in it right now
There are 31 tilings in the search tree
Time taken so far is 0.41414642333984375 seconds

Doing depth 3
We had 12 inferral cache hits and 1944 partitioning cache hits
The partitioning cache has 88 tilings in it right now
The inferral cache has 324 tilings in it right now
There are 191 tilings in the search tree
Time taken so far is 4.1445817947387695 seconds

Doing depth 4
We had 466 inferral cache hits and 66678 partitioning cache hits
The partitioning cache has 511 tilings in it right now
The inferral cache has 3093 tilings in it right now
There are 1801 tilings in the search tree
Time taken so far is 84.05357098579407 seconds

Doing depth 5
We had 7543 inferral cache hits and 7131572 partitioning cache hits
The partitioning cache has 5811 tilings in it right now
The inferral cache has 35992 tilings in it right now
There are 23652 tilings in the search tree
Time taken so far is 4152.140689373016 seconds

Now processing 0231_2031
Doing depth 1
We had 0 inferral cache hits and 0 partitioning cache hits
The partitioning cache has 0 tilings in it right now
The inferral cache has 8 tilings in it right now
There are 7 tilings in the search tree
Time taken so far is 0.03803730010986328 seconds

Doing depth 2
We had 5 inferral cache hits and 112 partitioning cache hits
The partitioning cache has 9 tilings in it right now
The inferral cache has 55 tilings in it right now
There are 31 tilings in the search tree
Time taken so far is 0.39939355850219727 seconds

Doing depth 3
We had 13 inferral cache hits and 2040 partitioning cache hits
The partitioning cache has 101 tilings in it right now
The inferral cache has 338 tilings in it right now
There are 219 tilings in the search tree
Time taken so far is 4.9033849239349365 seconds

Doing depth 4
We had 521 inferral cache hits and 75322 partitioning cache hits
The partitioning cache has 851 tilings in it right now
The inferral cache has 3530 tilings in it right now
There are 2123 tilings in the search tree
Time taken so far is 110.42029047012329 seconds

Doing depth 5
We had 8852 inferral cache hits and 4600890 partitioning cache hits
The partitioning cache has 8445 tilings in it right now
The inferral cache has 41533 tilings in it right now
There are 24685 tilings in the search tree
Time taken so far is 4692.212307691574 seconds

Now processing 0231_2130
Doing depth 1
We had 0 inferral cache hits and 0 partitioning cache hits
The partitioning cache has 0 tilings in it right now
The inferral cache has 9 tilings in it right now
There are 7 tilings in the search tree
Time taken so far is 0.04318594932556152 seconds

Doing depth 2
We had 4 inferral cache hits and 118 partitioning cache hits
The partitioning cache has 8 tilings in it right now
The inferral cache has 59 tilings in it right now
There are 33 tilings in the search tree
Time taken so far is 0.43653249740600586 seconds

Doing depth 3
We had 12 inferral cache hits and 1958 partitioning cache hits
The partitioning cache has 94 tilings in it right now
The inferral cache has 313 tilings in it right now
There are 195 tilings in the search tree
Time taken so far is 4.193109512329102 seconds

Doing depth 4
We had 450 inferral cache hits and 51859 partitioning cache hits
The partitioning cache has 587 tilings in it right now
The inferral cache has 2859 tilings in it right now
There are 1530 tilings in the search tree
Time taken so far is 69.69409489631653 seconds

Doing depth 5
We had 6900 inferral cache hits and 3371976 partitioning cache hits
The partitioning cache has 5743 tilings in it right now
The inferral cache has 32088 tilings in it right now
There are 17729 tilings in the search tree
Time taken so far is 22424.419322013855 seconds

Now processing 0231_2301
Doing depth 1
We had 0 inferral cache hits and 0 partitioning cache hits
The partitioning cache has 0 tilings in it right now
The inferral cache has 8 tilings in it right now
There are 7 tilings in the search tree
Time taken so far is 0.03784894943237305 seconds

Doing depth 2
We had 5 inferral cache hits and 112 partitioning cache hits
The partitioning cache has 7 tilings in it right now
The inferral cache has 54 tilings in it right now
There are 31 tilings in the search tree
Time taken so far is 0.4041314125061035 seconds

Doing depth 3
We had 12 inferral cache hits and 1896 partitioning cache hits
The partitioning cache has 91 tilings in it right now
The inferral cache has 287 tilings in it right now
There are 187 tilings in the search tree
Time taken so far is 3.8622045516967773 seconds

Doing depth 4
We had 388 inferral cache hits and 41134 partitioning cache hits
The partitioning cache has 533 tilings in it right now
The inferral cache has 2250 tilings in it right now
There are 1309 tilings in the search tree
Time taken so far is 60.1742889881134 seconds

Doing depth 5
We had 4704 inferral cache hits and 2135738 partitioning cache hits
The partitioning cache has 4469 tilings in it right now
The inferral cache has 20634 tilings in it right now
There are 13148 tilings in the search tree
Time taken so far is 2268.7696154117584 seconds

Now processing 0231_3012
Doing depth 1
We had 0 inferral cache hits and 0 partitioning cache hits
The partitioning cache has 0 tilings in it right now
The inferral cache has 9 tilings in it right now
There are 7 tilings in the search tree
Time taken so far is 0.04173707962036133 seconds

Doing depth 2
We had 4 inferral cache hits and 120 partitioning cache hits
The partitioning cache has 8 tilings in it right now
The inferral cache has 57 tilings in it right now
There are 33 tilings in the search tree
Time taken so far is 0.4228849411010742 seconds

Doing depth 3
We had 12 inferral cache hits and 1909 partitioning cache hits
The partitioning cache has 92 tilings in it right now
The inferral cache has 278 tilings in it right now
There are 184 tilings in the search tree
Time taken so far is 3.7465062141418457 seconds

Doing depth 4
We had 402 inferral cache hits and 40299 partitioning cache hits
The partitioning cache has 488 tilings in it right now
The inferral cache has 2319 tilings in it right now
There are 1253 tilings in the search tree
Time taken so far is 56.37259078025818 seconds

Doing depth 5
We had 4922 inferral cache hits and 1538203 partitioning cache hits
The partitioning cache has 4314 tilings in it right now
The inferral cache has 22115 tilings in it right now
There are 11437 tilings in the search tree
Time taken so far is 1073.183799982071 seconds

Now processing 0321_1032
Doing depth 1
We had 0 inferral cache hits and 0 partitioning cache hits
The partitioning cache has 0 tilings in it right now
The inferral cache has 8 tilings in it right now
There are 7 tilings in the search tree
Time taken so far is 0.03830885887145996 seconds

Doing depth 2
We had 5 inferral cache hits and 112 partitioning cache hits
The partitioning cache has 8 tilings in it right now
The inferral cache has 53 tilings in it right now
There are 31 tilings in the search tree
Time taken so far is 0.4002401828765869 seconds

Doing depth 3
We had 13 inferral cache hits and 1832 partitioning cache hits
The partitioning cache has 98 tilings in it right now
The inferral cache has 243 tilings in it right now
There are 175 tilings in the search tree
Time taken so far is 3.4593753814697266 seconds

Doing depth 4
We had 407 inferral cache hits and 31288 partitioning cache hits
The partitioning cache has 477 tilings in it right now
The inferral cache has 1574 tilings in it right now
There are 1037 tilings in the search tree
Time taken so far is 41.67631149291992 seconds

Doing depth 5
We had 3624 inferral cache hits and 774800 partitioning cache hits
The partitioning cache has 3679 tilings in it right now
The inferral cache has 12005 tilings in it right now
There are 7726 tilings in the search tree
Time taken so far is 535.1185677051544 seconds

Now processing 0321_2103
Doing depth 1
We had 0 inferral cache hits and 0 partitioning cache hits
The partitioning cache has 0 tilings in it right now
The inferral cache has 10 tilings in it right now
There are 7 tilings in the search tree
Time taken so far is 0.03761005401611328 seconds

Doing depth 2
We had 4 inferral cache hits and 116 partitioning cache hits
The partitioning cache has 8 tilings in it right now
The inferral cache has 54 tilings in it right now
There are 31 tilings in the search tree
Time taken so far is 0.39771389961242676 seconds

Doing depth 3
We had 12 inferral cache hits and 1824 partitioning cache hits
The partitioning cache has 96 tilings in it right now
The inferral cache has 238 tilings in it right now
There are 167 tilings in the search tree
Time taken so far is 3.1172428131103516 seconds

Doing depth 4
We had 353 inferral cache hits and 26122 partitioning cache hits
The partitioning cache has 356 tilings in it right now
The inferral cache has 1536 tilings in it right now
There are 917 tilings in the search tree
Time taken so far is 32.47852182388306 seconds

Doing depth 5
We had 2697 inferral cache hits and 728170 partitioning cache hits
The partitioning cache has 2634 tilings in it right now
The inferral cache has 12557 tilings in it right now
There are 6923 tilings in the search tree
Time taken so far is 447.87648463249207 seconds

Now processing 1032_1302
Doing depth 1
We had 0 inferral cache hits and 0 partitioning cache hits
The partitioning cache has 0 tilings in it right now
The inferral cache has 6 tilings in it right now
There are 7 tilings in the search tree
Time taken so far is 0.03703927993774414 seconds

Doing depth 2
We had 8 inferral cache hits and 100 partitioning cache hits
The partitioning cache has 10 tilings in it right now
The inferral cache has 46 tilings in it right now
There are 31 tilings in the search tree
Time taken so far is 0.36916041374206543 seconds

Doing depth 3
We had 16 inferral cache hits and 1954 partitioning cache hits
The partitioning cache has 120 tilings in it right now
The inferral cache has 282 tilings in it right now
There are 207 tilings in the search tree
Time taken so far is 4.323003768920898 seconds

Doing depth 4
We had 579 inferral cache hits and 58971 partitioning cache hits
The partitioning cache has 925 tilings in it right now
The inferral cache has 2501 tilings in it right now
There are 1684 tilings in the search tree
Time taken so far is 74.04488706588745 seconds

Doing depth 5
We had 7683 inferral cache hits and 2600632 partitioning cache hits
The partitioning cache has 8444 tilings in it right now
The inferral cache has 23900 tilings in it right now
There are 15457 tilings in the search tree
Time taken so far is 1357.6899030208588 seconds

Now processing 1032_2301
Doing depth 1
We had 0 inferral cache hits and 0 partitioning cache hits
The partitioning cache has 0 tilings in it right now
The inferral cache has 6 tilings in it right now
There are 7 tilings in the search tree
Time taken so far is 0.03610348701477051 seconds

Doing depth 2
We had 8 inferral cache hits and 100 partitioning cache hits
The partitioning cache has 8 tilings in it right now
The inferral cache has 50 tilings in it right now
There are 31 tilings in the search tree
Time taken so far is 0.35138368606567383 seconds

Doing depth 3
We had 16 inferral cache hits and 1832 partitioning cache hits
The partitioning cache has 92 tilings in it right now
The inferral cache has 266 tilings in it right now
There are 183 tilings in the search tree
Time taken so far is 3.0948173999786377 seconds

Doing depth 4
We had 448 inferral cache hits and 40728 partitioning cache hits
The partitioning cache has 517 tilings in it right now
The inferral cache has 2130 tilings in it right now
There are 1214 tilings in the search tree
Time taken so far is 38.88418674468994 seconds

Doing depth 5
We had 4603 inferral cache hits and 1215851 partitioning cache hits
The partitioning cache has 3846 tilings in it right now
The inferral cache has 16456 tilings in it right now
There are 9182 tilings in the search tree
Time taken so far is 570.9614882469177 seconds

