/users/home/henningu/ATRAP/non-regular-insertion-encodable-bases/logs_length2
Now processing 0123_0132
Doing depth 1
We had 0 inferral cache hits and 0 partitioning cache hits
The partitioning cache has 0 tilings in it right now
The inferral cache has 6 tilings in it right now
There are 5 tilings in the search tree
Time taken so far is 0.02868366241455078 seconds

Doing depth 2
We had 0 inferral cache hits and 28 partitioning cache hits
The partitioning cache has 4 tilings in it right now
The inferral cache has 14 tilings in it right now
There are 15 tilings in the search tree
Time taken so far is 0.12693572044372559 seconds

Doing depth 3
We had 2 inferral cache hits and 122 partitioning cache hits
The partitioning cache has 2 tilings in it right now
The inferral cache has 37 tilings in it right now
There are 31 tilings in the search tree
Time taken so far is 0.38933348655700684 seconds

Doing depth 4
We had 2 inferral cache hits and 182 partitioning cache hits
The partitioning cache has 0 tilings in it right now
The inferral cache has 53 tilings in it right now
There are 40 tilings in the search tree
Time taken so far is 0.8168668746948242 seconds

Doing depth 5
We had 4 inferral cache hits and 742 partitioning cache hits
The partitioning cache has 29 tilings in it right now
The inferral cache has 89 tilings in it right now
There are 78 tilings in the search tree
Time taken so far is 2.7285306453704834 seconds

Doing depth 6
We had 37 inferral cache hits and 2341 partitioning cache hits
The partitioning cache has 19 tilings in it right now
The inferral cache has 168 tilings in it right now
There are 155 tilings in the search tree
Time taken so far is 15.372864484786987 seconds

Doing depth 7
We had 37 inferral cache hits and 3852 partitioning cache hits
The partitioning cache has 8 tilings in it right now
The inferral cache has 369 tilings in it right now
There are 263 tilings in the search tree
Time taken so far is 51.524603605270386 seconds

Now processing 0123_0213
Doing depth 1
We had 0 inferral cache hits and 0 partitioning cache hits
The partitioning cache has 0 tilings in it right now
The inferral cache has 6 tilings in it right now
There are 5 tilings in the search tree
Time taken so far is 0.027932167053222656 seconds

Doing depth 2
We had 0 inferral cache hits and 30 partitioning cache hits
The partitioning cache has 4 tilings in it right now
The inferral cache has 14 tilings in it right now
There are 16 tilings in the search tree
Time taken so far is 0.12164568901062012 seconds

Doing depth 3
We had 2 inferral cache hits and 136 partitioning cache hits
The partitioning cache has 2 tilings in it right now
The inferral cache has 38 tilings in it right now
There are 34 tilings in the search tree
Time taken so far is 0.4087955951690674 seconds

Doing depth 4
We had 2 inferral cache hits and 204 partitioning cache hits
The partitioning cache has 0 tilings in it right now
The inferral cache has 54 tilings in it right now
There are 44 tilings in the search tree
Time taken so far is 1.0654840469360352 seconds

Doing depth 5
We had 4 inferral cache hits and 812 partitioning cache hits
The partitioning cache has 30 tilings in it right now
The inferral cache has 84 tilings in it right now
There are 83 tilings in the search tree
Time taken so far is 3.189758062362671 seconds

Doing depth 6
We had 36 inferral cache hits and 2606 partitioning cache hits
The partitioning cache has 20 tilings in it right now
The inferral cache has 150 tilings in it right now
There are 159 tilings in the search tree
Time taken so far is 13.660846948623657 seconds

Doing depth 7
We had 36 inferral cache hits and 4348 partitioning cache hits
The partitioning cache has 8 tilings in it right now
The inferral cache has 371 tilings in it right now
There are 282 tilings in the search tree
Time taken so far is 50.17017912864685 seconds

Now processing 0123_0231
Doing depth 1
We had 0 inferral cache hits and 0 partitioning cache hits
The partitioning cache has 0 tilings in it right now
The inferral cache has 6 tilings in it right now
There are 5 tilings in the search tree
Time taken so far is 0.01232767105102539 seconds

Doing depth 2
We had 0 inferral cache hits and 28 partitioning cache hits
The partitioning cache has 4 tilings in it right now
The inferral cache has 14 tilings in it right now
There are 15 tilings in the search tree
Time taken so far is 0.07085919380187988 seconds

Doing depth 3
We had 2 inferral cache hits and 122 partitioning cache hits
The partitioning cache has 2 tilings in it right now
The inferral cache has 37 tilings in it right now
There are 31 tilings in the search tree
Time taken so far is 0.24222302436828613 seconds

Doing depth 4
We had 2 inferral cache hits and 182 partitioning cache hits
The partitioning cache has 0 tilings in it right now
The inferral cache has 53 tilings in it right now
There are 40 tilings in the search tree
Time taken so far is 0.5337598323822021 seconds

Doing depth 5
We had 4 inferral cache hits and 728 partitioning cache hits
The partitioning cache has 26 tilings in it right now
The inferral cache has 96 tilings in it right now
There are 78 tilings in the search tree
Time taken so far is 1.8758463859558105 seconds

Doing depth 6
We had 39 inferral cache hits and 2589 partitioning cache hits
The partitioning cache has 23 tilings in it right now
The inferral cache has 206 tilings in it right now
There are 170 tilings in the search tree
Time taken so far is 11.11858582496643 seconds

Doing depth 7
We had 39 inferral cache hits and 3951 partitioning cache hits
The partitioning cache has 14 tilings in it right now
The inferral cache has 388 tilings in it right now
There are 265 tilings in the search tree
Time taken so far is 38.06902050971985 seconds

Now processing 0123_1230
Doing depth 1
We had 0 inferral cache hits and 0 partitioning cache hits
The partitioning cache has 0 tilings in it right now
The inferral cache has 6 tilings in it right now
There are 5 tilings in the search tree
Time taken so far is 0.019265174865722656 seconds

Doing depth 2
We had 0 inferral cache hits and 28 partitioning cache hits
The partitioning cache has 4 tilings in it right now
The inferral cache has 14 tilings in it right now
There are 15 tilings in the search tree
Time taken so far is 0.09304571151733398 seconds

Doing depth 3
We had 2 inferral cache hits and 122 partitioning cache hits
The partitioning cache has 2 tilings in it right now
The inferral cache has 36 tilings in it right now
There are 31 tilings in the search tree
Time taken so far is 0.2566854953765869 seconds

Doing depth 4
We had 2 inferral cache hits and 182 partitioning cache hits
The partitioning cache has 0 tilings in it right now
The inferral cache has 52 tilings in it right now
There are 40 tilings in the search tree
Time taken so far is 0.5524837970733643 seconds

Doing depth 5
We had 4 inferral cache hits and 727 partitioning cache hits
The partitioning cache has 28 tilings in it right now
The inferral cache has 88 tilings in it right now
There are 74 tilings in the search tree
Time taken so far is 1.6822879314422607 seconds

Doing depth 6
We had 40 inferral cache hits and 2649 partitioning cache hits
The partitioning cache has 25 tilings in it right now
The inferral cache has 172 tilings in it right now
There are 160 tilings in the search tree
Time taken so far is 6.042885780334473 seconds

Doing depth 7
We had 40 inferral cache hits and 4035 partitioning cache hits
The partitioning cache has 17 tilings in it right now
The inferral cache has 361 tilings in it right now
There are 260 tilings in the search tree
Time taken so far is 16.299609422683716 seconds

Now processing 0123_2301
Doing depth 1
We had 0 inferral cache hits and 0 partitioning cache hits
The partitioning cache has 0 tilings in it right now
The inferral cache has 6 tilings in it right now
There are 5 tilings in the search tree
Time taken so far is 0.014243364334106445 seconds

Doing depth 2
We had 0 inferral cache hits and 26 partitioning cache hits
The partitioning cache has 4 tilings in it right now
The inferral cache has 14 tilings in it right now
There are 13 tilings in the search tree
Time taken so far is 0.08008527755737305 seconds

Doing depth 3
We had 2 inferral cache hits and 108 partitioning cache hits
The partitioning cache has 2 tilings in it right now
The inferral cache has 36 tilings in it right now
There are 27 tilings in the search tree
Time taken so far is 0.23293280601501465 seconds

Doing depth 4
We had 2 inferral cache hits and 160 partitioning cache hits
The partitioning cache has 0 tilings in it right now
The inferral cache has 52 tilings in it right now
There are 35 tilings in the search tree
Time taken so far is 0.3762831687927246 seconds

Doing depth 5
We had 4 inferral cache hits and 670 partitioning cache hits
The partitioning cache has 26 tilings in it right now
The inferral cache has 92 tilings in it right now
There are 69 tilings in the search tree
Time taken so far is 1.5204195976257324 seconds

Doing depth 6
We had 37 inferral cache hits and 2678 partitioning cache hits
The partitioning cache has 31 tilings in it right now
The inferral cache has 189 tilings in it right now
There are 156 tilings in the search tree
Time taken so far is 4.904099464416504 seconds

Doing depth 7
We had 84 inferral cache hits and 9706 partitioning cache hits
The partitioning cache has 45 tilings in it right now
The inferral cache has 515 tilings in it right now
There are 403 tilings in the search tree
Time taken so far is 14.833873748779297 seconds

Now processing 0132_0213
Doing depth 1
We had 0 inferral cache hits and 0 partitioning cache hits
The partitioning cache has 0 tilings in it right now
The inferral cache has 6 tilings in it right now
There are 5 tilings in the search tree
Time taken so far is 0.02527928352355957 seconds

Doing depth 2
We had 0 inferral cache hits and 28 partitioning cache hits
The partitioning cache has 4 tilings in it right now
The inferral cache has 14 tilings in it right now
There are 15 tilings in the search tree
Time taken so far is 0.11372160911560059 seconds

Doing depth 3
We had 2 inferral cache hits and 122 partitioning cache hits
The partitioning cache has 2 tilings in it right now
The inferral cache has 38 tilings in it right now
There are 31 tilings in the search tree
Time taken so far is 0.40790677070617676 seconds

Doing depth 4
We had 2 inferral cache hits and 182 partitioning cache hits
The partitioning cache has 1 tilings in it right now
The inferral cache has 53 tilings in it right now
There are 40 tilings in the search tree
Time taken so far is 0.798389196395874 seconds

Doing depth 5
We had 4 inferral cache hits and 720 partitioning cache hits
The partitioning cache has 29 tilings in it right now
The inferral cache has 90 tilings in it right now
There are 76 tilings in the search tree
Time taken so far is 2.5223348140716553 seconds

Doing depth 6
We had 34 inferral cache hits and 2266 partitioning cache hits
The partitioning cache has 19 tilings in it right now
The inferral cache has 175 tilings in it right now
There are 148 tilings in the search tree
Time taken so far is 11.657740592956543 seconds

Doing depth 7
We had 34 inferral cache hits and 3714 partitioning cache hits
The partitioning cache has 16 tilings in it right now
The inferral cache has 357 tilings in it right now
There are 249 tilings in the search tree
Time taken so far is 40.196099519729614 seconds

Now processing 0132_0321
Doing depth 1
We had 0 inferral cache hits and 0 partitioning cache hits
The partitioning cache has 0 tilings in it right now
The inferral cache has 5 tilings in it right now
There are 5 tilings in the search tree
Time taken so far is 0.014594793319702148 seconds

Doing depth 2
We had 0 inferral cache hits and 28 partitioning cache hits
The partitioning cache has 4 tilings in it right now
The inferral cache has 13 tilings in it right now
There are 15 tilings in the search tree
Time taken so far is 0.0876915454864502 seconds

Doing depth 3
We had 2 inferral cache hits and 122 partitioning cache hits
The partitioning cache has 2 tilings in it right now
The inferral cache has 33 tilings in it right now
There are 31 tilings in the search tree
Time taken so far is 0.30359864234924316 seconds

Doing depth 4
We had 2 inferral cache hits and 182 partitioning cache hits
The partitioning cache has 2 tilings in it right now
The inferral cache has 47 tilings in it right now
There are 40 tilings in the search tree
Time taken so far is 0.7146165370941162 seconds

Doing depth 5
We had 3 inferral cache hits and 734 partitioning cache hits
The partitioning cache has 28 tilings in it right now
The inferral cache has 84 tilings in it right now
There are 78 tilings in the search tree
Time taken so far is 2.3878402709960938 seconds

Doing depth 6
We had 37 inferral cache hits and 2287 partitioning cache hits
The partitioning cache has 18 tilings in it right now
The inferral cache has 160 tilings in it right now
There are 158 tilings in the search tree
Time taken so far is 11.955830097198486 seconds

Doing depth 7
We had 37 inferral cache hits and 3670 partitioning cache hits
The partitioning cache has 30 tilings in it right now
The inferral cache has 321 tilings in it right now
There are 254 tilings in the search tree
Time taken so far is 40.23970627784729 seconds

Now processing 0132_1023
Doing depth 1
We had 0 inferral cache hits and 0 partitioning cache hits
The partitioning cache has 0 tilings in it right now
The inferral cache has 6 tilings in it right now
There are 5 tilings in the search tree
Time taken so far is 0.021364450454711914 seconds

Doing depth 2
We had 0 inferral cache hits and 26 partitioning cache hits
The partitioning cache has 4 tilings in it right now
The inferral cache has 14 tilings in it right now
There are 13 tilings in the search tree
Time taken so far is 0.10326647758483887 seconds

Doing depth 3
We had 2 inferral cache hits and 108 partitioning cache hits
The partitioning cache has 2 tilings in it right now
The inferral cache has 38 tilings in it right now
There are 27 tilings in the search tree
Time taken so far is 0.2412433624267578 seconds

Doing depth 4
We had 2 inferral cache hits and 160 partitioning cache hits
The partitioning cache has 0 tilings in it right now
The inferral cache has 54 tilings in it right now
There are 35 tilings in the search tree
Time taken so far is 0.37786245346069336 seconds

Doing depth 5
We had 4 inferral cache hits and 824 partitioning cache hits
The partitioning cache has 26 tilings in it right now
The inferral cache has 156 tilings in it right now
There are 88 tilings in the search tree
Time taken so far is 3.1708874702453613 seconds

Doing depth 6
We had 30 inferral cache hits and 2431 partitioning cache hits
The partitioning cache has 17 tilings in it right now
The inferral cache has 331 tilings in it right now
There are 169 tilings in the search tree
Time taken so far is 12.134883642196655 seconds

Doing depth 7
We had 30 inferral cache hits and 3983 partitioning cache hits
The partitioning cache has 10 tilings in it right now
The inferral cache has 651 tilings in it right now
There are 297 tilings in the search tree
Time taken so far is 31.789450883865356 seconds

Now processing 0132_1032
Doing depth 1
We had 0 inferral cache hits and 0 partitioning cache hits
The partitioning cache has 0 tilings in it right now
The inferral cache has 5 tilings in it right now
There are 5 tilings in the search tree
Time taken so far is 0.02665257453918457 seconds

Doing depth 2
We had 0 inferral cache hits and 26 partitioning cache hits
The partitioning cache has 4 tilings in it right now
The inferral cache has 13 tilings in it right now
There are 13 tilings in the search tree
Time taken so far is 0.19382858276367188 seconds

Doing depth 3
We had 2 inferral cache hits and 108 partitioning cache hits
The partitioning cache has 2 tilings in it right now
The inferral cache has 32 tilings in it right now
There are 27 tilings in the search tree
Time taken so far is 0.35553407669067383 seconds

Doing depth 4
We had 2 inferral cache hits and 170 partitioning cache hits
The partitioning cache has 2 tilings in it right now
The inferral cache has 51 tilings in it right now
There are 37 tilings in the search tree
Time taken so far is 0.5643599033355713 seconds

Doing depth 5
We had 4 inferral cache hits and 1798 partitioning cache hits
The partitioning cache has 36 tilings in it right now
The inferral cache has 116 tilings in it right now
There are 119 tilings in the search tree
Time taken so far is 4.016704320907593 seconds

Doing depth 6
We had 86 inferral cache hits and 31940 partitioning cache hits
The partitioning cache has 58 tilings in it right now
The inferral cache has 349 tilings in it right now
There are 451 tilings in the search tree
Time taken so far is 32.721330404281616 seconds

Doing depth 7
We had 385 inferral cache hits and 1615848 partitioning cache hits
The partitioning cache has 200 tilings in it right now
The inferral cache has 1469 tilings in it right now
There are 2269 tilings in the search tree
Time taken so far is 649.8795447349548 seconds

Now processing 0132_1203
Doing depth 1
We had 0 inferral cache hits and 0 partitioning cache hits
The partitioning cache has 0 tilings in it right now
The inferral cache has 6 tilings in it right now
There are 5 tilings in the search tree
Time taken so far is 0.022624492645263672 seconds

Doing depth 2
We had 0 inferral cache hits and 26 partitioning cache hits
The partitioning cache has 4 tilings in it right now
The inferral cache has 14 tilings in it right now
There are 13 tilings in the search tree
Time taken so far is 0.10518527030944824 seconds

Doing depth 3
We had 2 inferral cache hits and 108 partitioning cache hits
The partitioning cache has 2 tilings in it right now
The inferral cache has 37 tilings in it right now
There are 27 tilings in the search tree
Time taken so far is 0.24600458145141602 seconds

Doing depth 4
We had 2 inferral cache hits and 160 partitioning cache hits
The partitioning cache has 1 tilings in it right now
The inferral cache has 52 tilings in it right now
There are 35 tilings in the search tree
Time taken so far is 0.38379693031311035 seconds

Doing depth 5
We had 4 inferral cache hits and 676 partitioning cache hits
The partitioning cache has 26 tilings in it right now
The inferral cache has 97 tilings in it right now
There are 71 tilings in the search tree
Time taken so far is 1.5830323696136475 seconds

Doing depth 6
We had 32 inferral cache hits and 2209 partitioning cache hits
The partitioning cache has 19 tilings in it right now
The inferral cache has 217 tilings in it right now
There are 157 tilings in the search tree
Time taken so far is 5.839200496673584 seconds

Doing depth 7
We had 35 inferral cache hits and 7939 partitioning cache hits
The partitioning cache has 44 tilings in it right now
The inferral cache has 456 tilings in it right now
There are 351 tilings in the search tree
Time taken so far is 26.551060676574707 seconds

Now processing 0132_1230
Doing depth 1
We had 0 inferral cache hits and 0 partitioning cache hits
The partitioning cache has 0 tilings in it right now
The inferral cache has 5 tilings in it right now
There are 5 tilings in the search tree
Time taken so far is 0.011727094650268555 seconds

Doing depth 2
We had 0 inferral cache hits and 28 partitioning cache hits
The partitioning cache has 3 tilings in it right now
The inferral cache has 14 tilings in it right now
There are 15 tilings in the search tree
Time taken so far is 0.06963419914245605 seconds

Doing depth 3
We had 1 inferral cache hits and 126 partitioning cache hits
The partitioning cache has 2 tilings in it right now
The inferral cache has 35 tilings in it right now
There are 31 tilings in the search tree
Time taken so far is 0.24778246879577637 seconds

Doing depth 4
We had 1 inferral cache hits and 186 partitioning cache hits
The partitioning cache has 1 tilings in it right now
The inferral cache has 50 tilings in it right now
There are 40 tilings in the search tree
Time taken so far is 0.523939847946167 seconds

Doing depth 5
We had 3 inferral cache hits and 732 partitioning cache hits
The partitioning cache has 25 tilings in it right now
The inferral cache has 92 tilings in it right now
There are 77 tilings in the search tree
Time taken so far is 1.710761547088623 seconds

Doing depth 6
We had 33 inferral cache hits and 2727 partitioning cache hits
The partitioning cache has 23 tilings in it right now
The inferral cache has 193 tilings in it right now
There are 174 tilings in the search tree
Time taken so far is 7.020113706588745 seconds

Doing depth 7
We had 43 inferral cache hits and 4337 partitioning cache hits
The partitioning cache has 41 tilings in it right now
The inferral cache has 406 tilings in it right now
There are 299 tilings in the search tree
Time taken so far is 22.092477321624756 seconds

Now processing 0132_1320
Doing depth 1
We had 0 inferral cache hits and 0 partitioning cache hits
The partitioning cache has 0 tilings in it right now
The inferral cache has 5 tilings in it right now
There are 5 tilings in the search tree
Time taken so far is 0.022485017776489258 seconds

Doing depth 2
We had 0 inferral cache hits and 28 partitioning cache hits
The partitioning cache has 4 tilings in it right now
The inferral cache has 13 tilings in it right now
There are 15 tilings in the search tree
Time taken so far is 0.11165547370910645 seconds

Doing depth 3
We had 2 inferral cache hits and 122 partitioning cache hits
The partitioning cache has 2 tilings in it right now
The inferral cache has 33 tilings in it right now
There are 31 tilings in the search tree
Time taken so far is 0.3113515377044678 seconds

Doing depth 4
We had 2 inferral cache hits and 182 partitioning cache hits
The partitioning cache has 3 tilings in it right now
The inferral cache has 46 tilings in it right now
There are 40 tilings in the search tree
Time taken so far is 0.6236569881439209 seconds

Doing depth 5
We had 4 inferral cache hits and 695 partitioning cache hits
The partitioning cache has 27 tilings in it right now
The inferral cache has 89 tilings in it right now
There are 76 tilings in the search tree
Time taken so far is 1.8088173866271973 seconds

Doing depth 6
We had 34 inferral cache hits and 2213 partitioning cache hits
The partitioning cache has 17 tilings in it right now
The inferral cache has 203 tilings in it right now
There are 155 tilings in the search tree
Time taken so far is 5.190139532089233 seconds

Doing depth 7
We had 39 inferral cache hits and 3720 partitioning cache hits
The partitioning cache has 25 tilings in it right now
The inferral cache has 405 tilings in it right now
There are 269 tilings in the search tree
Time taken so far is 14.10214114189148 seconds

Now processing 0132_2301
Doing depth 1
We had 0 inferral cache hits and 0 partitioning cache hits
The partitioning cache has 0 tilings in it right now
The inferral cache has 5 tilings in it right now
There are 5 tilings in the search tree
Time taken so far is 0.01178741455078125 seconds

Doing depth 2
We had 0 inferral cache hits and 26 partitioning cache hits
The partitioning cache has 4 tilings in it right now
The inferral cache has 13 tilings in it right now
There are 13 tilings in the search tree
Time taken so far is 0.07068753242492676 seconds

Doing depth 3
We had 2 inferral cache hits and 108 partitioning cache hits
The partitioning cache has 2 tilings in it right now
The inferral cache has 32 tilings in it right now
There are 27 tilings in the search tree
Time taken so far is 0.2087421417236328 seconds

Doing depth 4
We had 2 inferral cache hits and 160 partitioning cache hits
The partitioning cache has 1 tilings in it right now
The inferral cache has 47 tilings in it right now
There are 35 tilings in the search tree
Time taken so far is 0.3340294361114502 seconds

Doing depth 5
We had 3 inferral cache hits and 672 partitioning cache hits
The partitioning cache has 24 tilings in it right now
The inferral cache has 95 tilings in it right now
There are 71 tilings in the search tree
Time taken so far is 1.3026607036590576 seconds

Doing depth 6
We had 33 inferral cache hits and 2664 partitioning cache hits
The partitioning cache has 30 tilings in it right now
The inferral cache has 220 tilings in it right now
There are 163 tilings in the search tree
Time taken so far is 4.161216974258423 seconds

Doing depth 7
We had 33 inferral cache hits and 3813 partitioning cache hits
The partitioning cache has 35 tilings in it right now
The inferral cache has 388 tilings in it right now
There are 248 tilings in the search tree
Time taken so far is 9.772143363952637 seconds

Now processing 0132_3120
Doing depth 1
We had 0 inferral cache hits and 0 partitioning cache hits
The partitioning cache has 0 tilings in it right now
The inferral cache has 6 tilings in it right now
There are 5 tilings in the search tree
Time taken so far is 0.02521038055419922 seconds

Doing depth 2
We had 0 inferral cache hits and 28 partitioning cache hits
The partitioning cache has 4 tilings in it right now
The inferral cache has 14 tilings in it right now
There are 15 tilings in the search tree
Time taken so far is 0.14290666580200195 seconds

Doing depth 3
We had 2 inferral cache hits and 122 partitioning cache hits
The partitioning cache has 2 tilings in it right now
The inferral cache has 38 tilings in it right now
There are 31 tilings in the search tree
Time taken so far is 0.33785486221313477 seconds

Doing depth 4
We had 2 inferral cache hits and 182 partitioning cache hits
The partitioning cache has 0 tilings in it right now
The inferral cache has 54 tilings in it right now
There are 40 tilings in the search tree
Time taken so far is 0.6692261695861816 seconds

Doing depth 5
We had 4 inferral cache hits and 698 partitioning cache hits
The partitioning cache has 26 tilings in it right now
The inferral cache has 92 tilings in it right now
There are 72 tilings in the search tree
Time taken so far is 1.6470446586608887 seconds

Doing depth 6
We had 33 inferral cache hits and 2246 partitioning cache hits
The partitioning cache has 22 tilings in it right now
The inferral cache has 190 tilings in it right now
There are 146 tilings in the search tree
Time taken so far is 4.222497463226318 seconds

Doing depth 7
We had 42 inferral cache hits and 6682 partitioning cache hits
The partitioning cache has 37 tilings in it right now
The inferral cache has 426 tilings in it right now
There are 330 tilings in the search tree
Time taken so far is 10.648462057113647 seconds

Now processing 0213_0321
Doing depth 1
We had 0 inferral cache hits and 0 partitioning cache hits
The partitioning cache has 0 tilings in it right now
The inferral cache has 6 tilings in it right now
There are 5 tilings in the search tree
Time taken so far is 0.016167402267456055 seconds

Doing depth 2
We had 0 inferral cache hits and 28 partitioning cache hits
The partitioning cache has 4 tilings in it right now
The inferral cache has 14 tilings in it right now
There are 15 tilings in the search tree
Time taken so far is 0.07236456871032715 seconds

Doing depth 3
We had 2 inferral cache hits and 122 partitioning cache hits
The partitioning cache has 2 tilings in it right now
The inferral cache has 37 tilings in it right now
There are 31 tilings in the search tree
Time taken so far is 0.22015619277954102 seconds

Doing depth 4
We had 2 inferral cache hits and 182 partitioning cache hits
The partitioning cache has 1 tilings in it right now
The inferral cache has 52 tilings in it right now
There are 40 tilings in the search tree
Time taken so far is 0.45556116104125977 seconds

Doing depth 5
We had 4 inferral cache hits and 719 partitioning cache hits
The partitioning cache has 28 tilings in it right now
The inferral cache has 88 tilings in it right now
There are 75 tilings in the search tree
Time taken so far is 1.5347049236297607 seconds

Doing depth 6
We had 34 inferral cache hits and 2275 partitioning cache hits
The partitioning cache has 18 tilings in it right now
The inferral cache has 170 tilings in it right now
There are 150 tilings in the search tree
Time taken so far is 7.068837881088257 seconds

Doing depth 7
We had 34 inferral cache hits and 3726 partitioning cache hits
The partitioning cache has 21 tilings in it right now
The inferral cache has 353 tilings in it right now
There are 256 tilings in the search tree
Time taken so far is 26.197689056396484 seconds

Now processing 0213_1230
Doing depth 1
We had 0 inferral cache hits and 0 partitioning cache hits
The partitioning cache has 0 tilings in it right now
The inferral cache has 6 tilings in it right now
There are 5 tilings in the search tree
Time taken so far is 0.011877059936523438 seconds

Doing depth 2
We had 0 inferral cache hits and 28 partitioning cache hits
The partitioning cache has 4 tilings in it right now
The inferral cache has 14 tilings in it right now
There are 15 tilings in the search tree
Time taken so far is 0.0681309700012207 seconds

Doing depth 3
We had 2 inferral cache hits and 122 partitioning cache hits
The partitioning cache has 2 tilings in it right now
The inferral cache has 37 tilings in it right now
There are 31 tilings in the search tree
Time taken so far is 0.22982001304626465 seconds

Doing depth 4
We had 2 inferral cache hits and 182 partitioning cache hits
The partitioning cache has 1 tilings in it right now
The inferral cache has 52 tilings in it right now
There are 40 tilings in the search tree
Time taken so far is 0.5119450092315674 seconds

Doing depth 5
We had 4 inferral cache hits and 797 partitioning cache hits
The partitioning cache has 27 tilings in it right now
The inferral cache has 113 tilings in it right now
There are 82 tilings in the search tree
Time taken so far is 1.833540916442871 seconds

Doing depth 6
We had 73 inferral cache hits and 10412 partitioning cache hits
The partitioning cache has 50 tilings in it right now
The inferral cache has 469 tilings in it right now
There are 322 tilings in the search tree
Time taken so far is 13.098575353622437 seconds

Doing depth 7
We had 73 inferral cache hits and 11742 partitioning cache hits
The partitioning cache has 46 tilings in it right now
The inferral cache has 664 tilings in it right now
There are 422 tilings in the search tree
Time taken so far is 21.497944355010986 seconds

Now processing 0213_1320
Doing depth 1
We had 0 inferral cache hits and 0 partitioning cache hits
The partitioning cache has 0 tilings in it right now
The inferral cache has 6 tilings in it right now
There are 5 tilings in the search tree
Time taken so far is 0.022418498992919922 seconds

Doing depth 2
We had 0 inferral cache hits and 28 partitioning cache hits
The partitioning cache has 4 tilings in it right now
The inferral cache has 14 tilings in it right now
There are 15 tilings in the search tree
Time taken so far is 0.10383892059326172 seconds

Doing depth 3
We had 2 inferral cache hits and 122 partitioning cache hits
The partitioning cache has 2 tilings in it right now
The inferral cache has 37 tilings in it right now
There are 31 tilings in the search tree
Time taken so far is 0.2846391201019287 seconds

Doing depth 4
We had 2 inferral cache hits and 182 partitioning cache hits
The partitioning cache has 2 tilings in it right now
The inferral cache has 51 tilings in it right now
There are 40 tilings in the search tree
Time taken so far is 0.5450406074523926 seconds

Doing depth 5
We had 4 inferral cache hits and 696 partitioning cache hits
The partitioning cache has 28 tilings in it right now
The inferral cache has 91 tilings in it right now
There are 74 tilings in the search tree
Time taken so far is 1.502410888671875 seconds

Doing depth 6
We had 32 inferral cache hits and 2163 partitioning cache hits
The partitioning cache has 18 tilings in it right now
The inferral cache has 199 tilings in it right now
There are 142 tilings in the search tree
Time taken so far is 4.171822547912598 seconds

Doing depth 7
We had 32 inferral cache hits and 3465 partitioning cache hits
The partitioning cache has 25 tilings in it right now
The inferral cache has 370 tilings in it right now
There are 232 tilings in the search tree
Time taken so far is 9.379946231842041 seconds

Now processing 0213_2301
Doing depth 1
We had 0 inferral cache hits and 0 partitioning cache hits
The partitioning cache has 0 tilings in it right now
The inferral cache has 6 tilings in it right now
There are 5 tilings in the search tree
Time taken so far is 0.01979851722717285 seconds

Doing depth 2
We had 0 inferral cache hits and 26 partitioning cache hits
The partitioning cache has 4 tilings in it right now
The inferral cache has 14 tilings in it right now
There are 13 tilings in the search tree
Time taken so far is 0.0979154109954834 seconds

Doing depth 3
We had 2 inferral cache hits and 108 partitioning cache hits
The partitioning cache has 2 tilings in it right now
The inferral cache has 36 tilings in it right now
There are 27 tilings in the search tree
Time taken so far is 0.2185993194580078 seconds

Doing depth 4
We had 2 inferral cache hits and 160 partitioning cache hits
The partitioning cache has 0 tilings in it right now
The inferral cache has 52 tilings in it right now
There are 35 tilings in the search tree
Time taken so far is 0.3273169994354248 seconds

Doing depth 5
We had 4 inferral cache hits and 668 partitioning cache hits
The partitioning cache has 26 tilings in it right now
The inferral cache has 94 tilings in it right now
There are 69 tilings in the search tree
Time taken so far is 1.0712239742279053 seconds

Doing depth 6
We had 32 inferral cache hits and 2059 partitioning cache hits
The partitioning cache has 17 tilings in it right now
The inferral cache has 173 tilings in it right now
There are 129 tilings in the search tree
Time taken so far is 2.9470014572143555 seconds

Doing depth 7
We had 45 inferral cache hits and 3630 partitioning cache hits
The partitioning cache has 36 tilings in it right now
The inferral cache has 410 tilings in it right now
There are 254 tilings in the search tree
Time taken so far is 8.314154386520386 seconds

Now processing 0213_3120
Doing depth 1
We had 0 inferral cache hits and 0 partitioning cache hits
The partitioning cache has 0 tilings in it right now
The inferral cache has 6 tilings in it right now
There are 5 tilings in the search tree
Time taken so far is 0.014006614685058594 seconds

Doing depth 2
We had 0 inferral cache hits and 30 partitioning cache hits
The partitioning cache has 4 tilings in it right now
The inferral cache has 14 tilings in it right now
There are 16 tilings in the search tree
Time taken so far is 0.07710504531860352 seconds

Doing depth 3
We had 2 inferral cache hits and 136 partitioning cache hits
The partitioning cache has 2 tilings in it right now
The inferral cache has 40 tilings in it right now
There are 34 tilings in the search tree
Time taken so far is 0.30838608741760254 seconds

Doing depth 4
We had 2 inferral cache hits and 204 partitioning cache hits
The partitioning cache has 0 tilings in it right now
The inferral cache has 56 tilings in it right now
There are 44 tilings in the search tree
Time taken so far is 0.7316792011260986 seconds

Doing depth 5
We had 4 inferral cache hits and 732 partitioning cache hits
The partitioning cache has 26 tilings in it right now
The inferral cache has 90 tilings in it right now
There are 74 tilings in the search tree
Time taken so far is 1.7019200325012207 seconds

Doing depth 6
We had 33 inferral cache hits and 2263 partitioning cache hits
The partitioning cache has 19 tilings in it right now
The inferral cache has 166 tilings in it right now
There are 134 tilings in the search tree
Time taken so far is 4.138793230056763 seconds

Doing depth 7
We had 33 inferral cache hits and 3714 partitioning cache hits
The partitioning cache has 12 tilings in it right now
The inferral cache has 364 tilings in it right now
There are 235 tilings in the search tree
Time taken so far is 9.354727029800415 seconds

Now processing 0231_0312
Doing depth 1
We had 0 inferral cache hits and 0 partitioning cache hits
The partitioning cache has 0 tilings in it right now
The inferral cache has 5 tilings in it right now
There are 5 tilings in the search tree
Time taken so far is 0.021904706954956055 seconds

Doing depth 2
We had 0 inferral cache hits and 28 partitioning cache hits
The partitioning cache has 4 tilings in it right now
The inferral cache has 13 tilings in it right now
There are 15 tilings in the search tree
Time taken so far is 0.10490798950195312 seconds

Doing depth 3
We had 2 inferral cache hits and 122 partitioning cache hits
The partitioning cache has 2 tilings in it right now
The inferral cache has 34 tilings in it right now
There are 31 tilings in the search tree
Time taken so far is 0.3001441955566406 seconds

Doing depth 4
We had 2 inferral cache hits and 182 partitioning cache hits
The partitioning cache has 3 tilings in it right now
The inferral cache has 47 tilings in it right now
There are 40 tilings in the search tree
Time taken so far is 0.6016809940338135 seconds

Doing depth 5
We had 4 inferral cache hits and 707 partitioning cache hits
The partitioning cache has 27 tilings in it right now
The inferral cache has 88 tilings in it right now
There are 79 tilings in the search tree
Time taken so far is 1.9949491024017334 seconds

Doing depth 6
We had 36 inferral cache hits and 2252 partitioning cache hits
The partitioning cache has 17 tilings in it right now
The inferral cache has 196 tilings in it right now
There are 164 tilings in the search tree
Time taken so far is 9.940221786499023 seconds

Doing depth 7
We had 36 inferral cache hits and 3568 partitioning cache hits
The partitioning cache has 27 tilings in it right now
The inferral cache has 346 tilings in it right now
There are 253 tilings in the search tree
Time taken so far is 30.80901312828064 seconds

Now processing 0231_0321
Doing depth 1
We had 0 inferral cache hits and 0 partitioning cache hits
The partitioning cache has 0 tilings in it right now
The inferral cache has 5 tilings in it right now
There are 5 tilings in the search tree
Time taken so far is 0.02191638946533203 seconds

Doing depth 2
We had 0 inferral cache hits and 28 partitioning cache hits
The partitioning cache has 4 tilings in it right now
The inferral cache has 13 tilings in it right now
There are 15 tilings in the search tree
Time taken so far is 0.10497426986694336 seconds

Doing depth 3
We had 2 inferral cache hits and 122 partitioning cache hits
The partitioning cache has 2 tilings in it right now
The inferral cache has 33 tilings in it right now
There are 31 tilings in the search tree
Time taken so far is 0.3031594753265381 seconds

Doing depth 4
We had 2 inferral cache hits and 182 partitioning cache hits
The partitioning cache has 3 tilings in it right now
The inferral cache has 46 tilings in it right now
There are 40 tilings in the search tree
Time taken so far is 0.608985424041748 seconds

Doing depth 5
We had 4 inferral cache hits and 725 partitioning cache hits
The partitioning cache has 27 tilings in it right now
The inferral cache has 87 tilings in it right now
There are 80 tilings in the search tree
Time taken so far is 1.9896302223205566 seconds

Doing depth 6
We had 35 inferral cache hits and 2311 partitioning cache hits
The partitioning cache has 17 tilings in it right now
The inferral cache has 190 tilings in it right now
There are 167 tilings in the search tree
Time taken so far is 10.572740077972412 seconds

Doing depth 7
We had 35 inferral cache hits and 3660 partitioning cache hits
The partitioning cache has 27 tilings in it right now
The inferral cache has 345 tilings in it right now
There are 262 tilings in the search tree
Time taken so far is 34.692604541778564 seconds

Now processing 0231_1203
Doing depth 1
We had 0 inferral cache hits and 0 partitioning cache hits
The partitioning cache has 0 tilings in it right now
The inferral cache has 6 tilings in it right now
There are 5 tilings in the search tree
Time taken so far is 0.02287769317626953 seconds

Doing depth 2
We had 0 inferral cache hits and 26 partitioning cache hits
The partitioning cache has 4 tilings in it right now
The inferral cache has 14 tilings in it right now
There are 13 tilings in the search tree
Time taken so far is 0.1037595272064209 seconds

Doing depth 3
We had 2 inferral cache hits and 108 partitioning cache hits
The partitioning cache has 2 tilings in it right now
The inferral cache has 36 tilings in it right now
There are 27 tilings in the search tree
Time taken so far is 0.2419586181640625 seconds

Doing depth 4
We had 2 inferral cache hits and 160 partitioning cache hits
The partitioning cache has 1 tilings in it right now
The inferral cache has 51 tilings in it right now
There are 35 tilings in the search tree
Time taken so far is 0.37357330322265625 seconds

Doing depth 5
We had 4 inferral cache hits and 738 partitioning cache hits
The partitioning cache has 26 tilings in it right now
The inferral cache has 117 tilings in it right now
There are 79 tilings in the search tree
Time taken so far is 1.7002315521240234 seconds

Doing depth 6
We had 33 inferral cache hits and 2439 partitioning cache hits
The partitioning cache has 16 tilings in it right now
The inferral cache has 291 tilings in it right now
There are 174 tilings in the search tree
Time taken so far is 6.533470630645752 seconds

Doing depth 7
We had 33 inferral cache hits and 3518 partitioning cache hits
The partitioning cache has 17 tilings in it right now
The inferral cache has 445 tilings in it right now
There are 255 tilings in the search tree
Time taken so far is 11.585460424423218 seconds

Now processing 0231_1230
Doing depth 1
We had 0 inferral cache hits and 0 partitioning cache hits
The partitioning cache has 0 tilings in it right now
The inferral cache has 5 tilings in it right now
There are 5 tilings in the search tree
Time taken so far is 0.023195266723632812 seconds

Doing depth 2
We had 0 inferral cache hits and 28 partitioning cache hits
The partitioning cache has 4 tilings in it right now
The inferral cache has 13 tilings in it right now
There are 15 tilings in the search tree
Time taken so far is 0.11922407150268555 seconds

Doing depth 3
We had 2 inferral cache hits and 122 partitioning cache hits
The partitioning cache has 2 tilings in it right now
The inferral cache has 33 tilings in it right now
There are 31 tilings in the search tree
Time taken so far is 0.30309128761291504 seconds

Doing depth 4
We had 2 inferral cache hits and 182 partitioning cache hits
The partitioning cache has 3 tilings in it right now
The inferral cache has 47 tilings in it right now
There are 40 tilings in the search tree
Time taken so far is 0.6338860988616943 seconds

Doing depth 5
We had 4 inferral cache hits and 718 partitioning cache hits
The partitioning cache has 24 tilings in it right now
The inferral cache has 83 tilings in it right now
There are 74 tilings in the search tree
Time taken so far is 1.8882853984832764 seconds

Doing depth 6
We had 26 inferral cache hits and 2070 partitioning cache hits
The partitioning cache has 17 tilings in it right now
The inferral cache has 160 tilings in it right now
There are 136 tilings in the search tree
Time taken so far is 6.230318784713745 seconds

Doing depth 7
We had 28 inferral cache hits and 4028 partitioning cache hits
The partitioning cache has 33 tilings in it right now
The inferral cache has 316 tilings in it right now
There are 230 tilings in the search tree
Time taken so far is 16.825116634368896 seconds

Now processing 0231_2013
Doing depth 1
We had 0 inferral cache hits and 0 partitioning cache hits
The partitioning cache has 0 tilings in it right now
The inferral cache has 6 tilings in it right now
There are 5 tilings in the search tree
Time taken so far is 0.020778417587280273 seconds

Doing depth 2
We had 0 inferral cache hits and 26 partitioning cache hits
The partitioning cache has 4 tilings in it right now
The inferral cache has 14 tilings in it right now
There are 13 tilings in the search tree
Time taken so far is 0.09188556671142578 seconds

Doing depth 3
We had 2 inferral cache hits and 108 partitioning cache hits
The partitioning cache has 2 tilings in it right now
The inferral cache has 38 tilings in it right now
There are 27 tilings in the search tree
Time taken so far is 0.2100353240966797 seconds

Doing depth 4
We had 2 inferral cache hits and 160 partitioning cache hits
The partitioning cache has 0 tilings in it right now
The inferral cache has 54 tilings in it right now
There are 35 tilings in the search tree
Time taken so far is 0.3321704864501953 seconds

Doing depth 5
We had 4 inferral cache hits and 806 partitioning cache hits
The partitioning cache has 24 tilings in it right now
The inferral cache has 166 tilings in it right now
There are 89 tilings in the search tree
Time taken so far is 3.0124831199645996 seconds

Doing depth 6
We had 26 inferral cache hits and 2444 partitioning cache hits
The partitioning cache has 15 tilings in it right now
The inferral cache has 395 tilings in it right now
There are 181 tilings in the search tree
Time taken so far is 10.254522323608398 seconds

Doing depth 7
We had 26 inferral cache hits and 3697 partitioning cache hits
The partitioning cache has 8 tilings in it right now
The inferral cache has 626 tilings in it right now
There are 280 tilings in the search tree
Time taken so far is 17.57555103302002 seconds

Now processing 0231_2031
Doing depth 1
We had 0 inferral cache hits and 0 partitioning cache hits
The partitioning cache has 0 tilings in it right now
The inferral cache has 5 tilings in it right now
There are 5 tilings in the search tree
Time taken so far is 0.011867046356201172 seconds

Doing depth 2
We had 0 inferral cache hits and 26 partitioning cache hits
The partitioning cache has 4 tilings in it right now
The inferral cache has 13 tilings in it right now
There are 13 tilings in the search tree
Time taken so far is 0.06991839408874512 seconds

Doing depth 3
We had 2 inferral cache hits and 108 partitioning cache hits
The partitioning cache has 2 tilings in it right now
The inferral cache has 32 tilings in it right now
There are 27 tilings in the search tree
Time taken so far is 0.20664405822753906 seconds

Doing depth 4
We had 2 inferral cache hits and 180 partitioning cache hits
The partitioning cache has 3 tilings in it right now
The inferral cache has 54 tilings in it right now
There are 39 tilings in the search tree
Time taken so far is 0.4801769256591797 seconds

Doing depth 5
We had 13 inferral cache hits and 2613 partitioning cache hits
The partitioning cache has 42 tilings in it right now
The inferral cache has 143 tilings in it right now
There are 140 tilings in the search tree
Time taken so far is 3.7708370685577393 seconds

Doing depth 6
We had 128 inferral cache hits and 39082 partitioning cache hits
The partitioning cache has 87 tilings in it right now
The inferral cache has 466 tilings in it right now
There are 559 tilings in the search tree
Time taken so far is 35.566713094711304 seconds

Doing depth 7
We had 280 inferral cache hits and 98628 partitioning cache hits
The partitioning cache has 187 tilings in it right now
The inferral cache has 1087 tilings in it right now
There are 1124 tilings in the search tree
Time taken so far is 151.2397153377533 seconds

Now processing 0231_2130
Doing depth 1
We had 0 inferral cache hits and 0 partitioning cache hits
The partitioning cache has 0 tilings in it right now
The inferral cache has 5 tilings in it right now
There are 5 tilings in the search tree
Time taken so far is 0.025422096252441406 seconds

Doing depth 2
We had 0 inferral cache hits and 28 partitioning cache hits
The partitioning cache has 4 tilings in it right now
The inferral cache has 13 tilings in it right now
There are 15 tilings in the search tree
Time taken so far is 0.11715483665466309 seconds

Doing depth 3
We had 2 inferral cache hits and 122 partitioning cache hits
The partitioning cache has 2 tilings in it right now
The inferral cache has 34 tilings in it right now
There are 31 tilings in the search tree
Time taken so far is 0.2933158874511719 seconds

Doing depth 4
We had 2 inferral cache hits and 192 partitioning cache hits
The partitioning cache has 3 tilings in it right now
The inferral cache has 52 tilings in it right now
There are 42 tilings in the search tree
Time taken so far is 0.5964391231536865 seconds

Doing depth 5
We had 14 inferral cache hits and 2458 partitioning cache hits
The partitioning cache has 40 tilings in it right now
The inferral cache has 133 tilings in it right now
There are 124 tilings in the search tree
Time taken so far is 2.920445203781128 seconds

Doing depth 6
We had 40 inferral cache hits and 3747 partitioning cache hits
The partitioning cache has 31 tilings in it right now
The inferral cache has 205 tilings in it right now
There are 179 tilings in the search tree
Time taken so far is 5.622556447982788 seconds

Doing depth 7
We had 44 inferral cache hits and 5149 partitioning cache hits
The partitioning cache has 40 tilings in it right now
The inferral cache has 425 tilings in it right now
There are 291 tilings in the search tree
Time taken so far is 13.371561765670776 seconds

Now processing 0231_2301
Doing depth 1
We had 0 inferral cache hits and 0 partitioning cache hits
The partitioning cache has 0 tilings in it right now
The inferral cache has 5 tilings in it right now
There are 5 tilings in the search tree
Time taken so far is 0.013930082321166992 seconds

Doing depth 2
We had 0 inferral cache hits and 26 partitioning cache hits
The partitioning cache has 4 tilings in it right now
The inferral cache has 13 tilings in it right now
There are 13 tilings in the search tree
Time taken so far is 0.1377575397491455 seconds

Doing depth 3
We had 2 inferral cache hits and 108 partitioning cache hits
The partitioning cache has 2 tilings in it right now
The inferral cache has 32 tilings in it right now
There are 27 tilings in the search tree
Time taken so far is 0.26776933670043945 seconds

Doing depth 4
We had 2 inferral cache hits and 160 partitioning cache hits
The partitioning cache has 3 tilings in it right now
The inferral cache has 45 tilings in it right now
There are 35 tilings in the search tree
Time taken so far is 0.377899169921875 seconds

Doing depth 5
We had 4 inferral cache hits and 676 partitioning cache hits
The partitioning cache has 26 tilings in it right now
The inferral cache has 95 tilings in it right now
There are 75 tilings in the search tree
Time taken so far is 1.3418076038360596 seconds

Doing depth 6
We had 36 inferral cache hits and 2617 partitioning cache hits
The partitioning cache has 23 tilings in it right now
The inferral cache has 207 tilings in it right now
There are 171 tilings in the search tree
Time taken so far is 6.001024007797241 seconds

Doing depth 7
We had 65 inferral cache hits and 7866 partitioning cache hits
The partitioning cache has 50 tilings in it right now
The inferral cache has 409 tilings in it right now
There are 317 tilings in the search tree
Time taken so far is 27.228546142578125 seconds

Now processing 0231_3012
Doing depth 1
We had 0 inferral cache hits and 0 partitioning cache hits
The partitioning cache has 0 tilings in it right now
The inferral cache has 6 tilings in it right now
There are 5 tilings in the search tree
Time taken so far is 0.021961688995361328 seconds

Doing depth 2
We had 0 inferral cache hits and 26 partitioning cache hits
The partitioning cache has 4 tilings in it right now
The inferral cache has 14 tilings in it right now
There are 13 tilings in the search tree
Time taken so far is 0.10779738426208496 seconds

Doing depth 3
We had 2 inferral cache hits and 108 partitioning cache hits
The partitioning cache has 2 tilings in it right now
The inferral cache has 37 tilings in it right now
There are 27 tilings in the search tree
Time taken so far is 0.23005056381225586 seconds

Doing depth 4
We had 2 inferral cache hits and 160 partitioning cache hits
The partitioning cache has 0 tilings in it right now
The inferral cache has 53 tilings in it right now
There are 35 tilings in the search tree
Time taken so far is 0.34775495529174805 seconds

Doing depth 5
We had 4 inferral cache hits and 687 partitioning cache hits
The partitioning cache has 25 tilings in it right now
The inferral cache has 106 tilings in it right now
There are 76 tilings in the search tree
Time taken so far is 1.8784408569335938 seconds

Doing depth 6
We had 33 inferral cache hits and 2956 partitioning cache hits
The partitioning cache has 25 tilings in it right now
The inferral cache has 267 tilings in it right now
There are 186 tilings in the search tree
Time taken so far is 10.172144174575806 seconds

Doing depth 7
We had 80 inferral cache hits and 18415 partitioning cache hits
The partitioning cache has 71 tilings in it right now
The inferral cache has 637 tilings in it right now
There are 474 tilings in the search tree
Time taken so far is 45.014918088912964 seconds

Now processing 0321_1032
Doing depth 1
We had 0 inferral cache hits and 0 partitioning cache hits
The partitioning cache has 0 tilings in it right now
The inferral cache has 5 tilings in it right now
There are 5 tilings in the search tree
Time taken so far is 0.011269092559814453 seconds

Doing depth 2
We had 0 inferral cache hits and 26 partitioning cache hits
The partitioning cache has 4 tilings in it right now
The inferral cache has 13 tilings in it right now
There are 13 tilings in the search tree
Time taken so far is 0.07000446319580078 seconds

Doing depth 3
We had 2 inferral cache hits and 108 partitioning cache hits
The partitioning cache has 2 tilings in it right now
The inferral cache has 32 tilings in it right now
There are 27 tilings in the search tree
Time taken so far is 0.20557332038879395 seconds

Doing depth 4
We had 2 inferral cache hits and 160 partitioning cache hits
The partitioning cache has 2 tilings in it right now
The inferral cache has 46 tilings in it right now
There are 35 tilings in the search tree
Time taken so far is 0.3386833667755127 seconds

Doing depth 5
We had 4 inferral cache hits and 673 partitioning cache hits
The partitioning cache has 27 tilings in it right now
The inferral cache has 86 tilings in it right now
There are 73 tilings in the search tree
Time taken so far is 1.7083871364593506 seconds

Doing depth 6
We had 37 inferral cache hits and 2048 partitioning cache hits
The partitioning cache has 18 tilings in it right now
The inferral cache has 160 tilings in it right now
There are 146 tilings in the search tree
Time taken so far is 6.04496955871582 seconds

Doing depth 7
We had 37 inferral cache hits and 3288 partitioning cache hits
The partitioning cache has 24 tilings in it right now
The inferral cache has 323 tilings in it right now
There are 236 tilings in the search tree
Time taken so far is 19.420798540115356 seconds

Now processing 0321_2103
Doing depth 1
We had 0 inferral cache hits and 0 partitioning cache hits
The partitioning cache has 0 tilings in it right now
The inferral cache has 6 tilings in it right now
There are 5 tilings in the search tree
Time taken so far is 0.01080012321472168 seconds

Doing depth 2
We had 0 inferral cache hits and 26 partitioning cache hits
The partitioning cache has 4 tilings in it right now
The inferral cache has 14 tilings in it right now
There are 13 tilings in the search tree
Time taken so far is 0.06132316589355469 seconds

Doing depth 3
We had 2 inferral cache hits and 108 partitioning cache hits
The partitioning cache has 2 tilings in it right now
The inferral cache has 36 tilings in it right now
There are 27 tilings in the search tree
Time taken so far is 0.17666912078857422 seconds

Doing depth 4
We had 2 inferral cache hits and 160 partitioning cache hits
The partitioning cache has 0 tilings in it right now
The inferral cache has 52 tilings in it right now
There are 35 tilings in the search tree
Time taken so far is 0.2917766571044922 seconds

Doing depth 5
We had 4 inferral cache hits and 674 partitioning cache hits
The partitioning cache has 26 tilings in it right now
The inferral cache has 92 tilings in it right now
There are 69 tilings in the search tree
Time taken so far is 1.2190332412719727 seconds

Doing depth 6
We had 28 inferral cache hits and 2011 partitioning cache hits
The partitioning cache has 17 tilings in it right now
The inferral cache has 190 tilings in it right now
There are 134 tilings in the search tree
Time taken so far is 3.4779469966888428 seconds

Doing depth 7
We had 28 inferral cache hits and 3135 partitioning cache hits
The partitioning cache has 8 tilings in it right now
The inferral cache has 361 tilings in it right now
There are 217 tilings in the search tree
Time taken so far is 8.857523918151855 seconds

Now processing 1032_1302
Doing depth 1
We had 0 inferral cache hits and 0 partitioning cache hits
The partitioning cache has 0 tilings in it right now
The inferral cache has 4 tilings in it right now
There are 5 tilings in the search tree
Time taken so far is 0.011369705200195312 seconds

Doing depth 2
We had 0 inferral cache hits and 26 partitioning cache hits
The partitioning cache has 4 tilings in it right now
The inferral cache has 12 tilings in it right now
There are 13 tilings in the search tree
Time taken so far is 0.07093310356140137 seconds

Doing depth 3
We had 2 inferral cache hits and 108 partitioning cache hits
The partitioning cache has 2 tilings in it right now
The inferral cache has 26 tilings in it right now
There are 27 tilings in the search tree
Time taken so far is 0.2548649311065674 seconds

Doing depth 4
We had 2 inferral cache hits and 160 partitioning cache hits
The partitioning cache has 6 tilings in it right now
The inferral cache has 36 tilings in it right now
There are 35 tilings in the search tree
Time taken so far is 0.38778162002563477 seconds

Doing depth 5
We had 4 inferral cache hits and 660 partitioning cache hits
The partitioning cache has 24 tilings in it right now
The inferral cache has 84 tilings in it right now
There are 77 tilings in the search tree
Time taken so far is 1.8348510265350342 seconds

Doing depth 6
We had 40 inferral cache hits and 1989 partitioning cache hits
The partitioning cache has 16 tilings in it right now
The inferral cache has 164 tilings in it right now
There are 156 tilings in the search tree
Time taken so far is 5.566618919372559 seconds

Doing depth 7
We had 40 inferral cache hits and 3094 partitioning cache hits
The partitioning cache has 52 tilings in it right now
The inferral cache has 274 tilings in it right now
There are 230 tilings in the search tree
Time taken so far is 14.164272546768188 seconds

Now processing 1032_2301
Doing depth 1
We had 0 inferral cache hits and 0 partitioning cache hits
The partitioning cache has 0 tilings in it right now
The inferral cache has 4 tilings in it right now
There are 5 tilings in the search tree
Time taken so far is 0.022609710693359375 seconds

Doing depth 2
We had 0 inferral cache hits and 26 partitioning cache hits
The partitioning cache has 4 tilings in it right now
The inferral cache has 12 tilings in it right now
There are 13 tilings in the search tree
Time taken so far is 0.20516061782836914 seconds

Doing depth 3
We had 2 inferral cache hits and 108 partitioning cache hits
The partitioning cache has 2 tilings in it right now
The inferral cache has 26 tilings in it right now
There are 27 tilings in the search tree
Time taken so far is 0.3496885299682617 seconds

Doing depth 4
We had 2 inferral cache hits and 160 partitioning cache hits
The partitioning cache has 0 tilings in it right now
The inferral cache has 42 tilings in it right now
There are 35 tilings in the search tree
Time taken so far is 0.47487354278564453 seconds

Doing depth 5
We had 2 inferral cache hits and 672 partitioning cache hits
The partitioning cache has 32 tilings in it right now
The inferral cache has 88 tilings in it right now
There are 73 tilings in the search tree
Time taken so far is 1.406775951385498 seconds

Doing depth 6
We had 46 inferral cache hits and 3134 partitioning cache hits
The partitioning cache has 48 tilings in it right now
The inferral cache has 214 tilings in it right now
There are 182 tilings in the search tree
Time taken so far is 4.043061017990112 seconds

Doing depth 7
We had 46 inferral cache hits and 4344 partitioning cache hits
The partitioning cache has 56 tilings in it right now
The inferral cache has 390 tilings in it right now
There are 266 tilings in the search tree
Time taken so far is 9.776272535324097 seconds

