/users/home/henningu/ATRAP/non-regular-insertion-encodable-bases/logs_length2
Now processing 0123_0132
Doing depth 1
We had 0 inferral cache hits and 0 partitioning cache hits
The partitioning cache has 0 tilings in it right now
The inferral cache has 4 tilings in it right now
There are 4 tilings in the search tree
Time taken so far is 0.01304483413696289 seconds

Doing depth 2
We had 0 inferral cache hits and 15 partitioning cache hits
The partitioning cache has 2 tilings in it right now
The inferral cache has 8 tilings in it right now
There are 10 tilings in the search tree
Time taken so far is 0.05941271781921387 seconds

Doing depth 3
We had 1 inferral cache hits and 60 partitioning cache hits
The partitioning cache has 1 tilings in it right now
The inferral cache has 15 tilings in it right now
There are 17 tilings in the search tree
Time taken so far is 0.18225550651550293 seconds

Doing depth 4
We had 1 inferral cache hits and 84 partitioning cache hits
The partitioning cache has 0 tilings in it right now
The inferral cache has 19 tilings in it right now
There are 20 tilings in the search tree
Time taken so far is 0.4388101100921631 seconds

Doing depth 5
We had 1 inferral cache hits and 242 partitioning cache hits
The partitioning cache has 8 tilings in it right now
The inferral cache has 27 tilings in it right now
There are 30 tilings in the search tree
Time taken so far is 0.8931798934936523 seconds

Doing depth 6
We had 9 inferral cache hits and 722 partitioning cache hits
The partitioning cache has 6 tilings in it right now
The inferral cache has 39 tilings in it right now
There are 50 tilings in the search tree
Time taken so far is 3.8102519512176514 seconds

Doing depth 7
We had 9 inferral cache hits and 1150 partitioning cache hits
The partitioning cache has 2 tilings in it right now
The inferral cache has 71 tilings in it right now
There are 71 tilings in the search tree
Time taken so far is 13.201859474182129 seconds

Doing depth 8
We had 9 inferral cache hits and 4046 partitioning cache hits
The partitioning cache has 41 tilings in it right now
The inferral cache has 117 tilings in it right now
There are 138 tilings in the search tree
Time taken so far is 31.012795448303223 seconds

Now processing 0123_0213
Doing depth 1
We had 0 inferral cache hits and 0 partitioning cache hits
The partitioning cache has 0 tilings in it right now
The inferral cache has 4 tilings in it right now
There are 4 tilings in the search tree
Time taken so far is 0.008106470108032227 seconds

Doing depth 2
We had 0 inferral cache hits and 15 partitioning cache hits
The partitioning cache has 2 tilings in it right now
The inferral cache has 8 tilings in it right now
There are 10 tilings in the search tree
Time taken so far is 0.04154610633850098 seconds

Doing depth 3
We had 1 inferral cache hits and 60 partitioning cache hits
The partitioning cache has 1 tilings in it right now
The inferral cache has 16 tilings in it right now
There are 17 tilings in the search tree
Time taken so far is 0.1541147232055664 seconds

Doing depth 4
We had 1 inferral cache hits and 84 partitioning cache hits
The partitioning cache has 0 tilings in it right now
The inferral cache has 20 tilings in it right now
There are 20 tilings in the search tree
Time taken so far is 0.3637537956237793 seconds

Doing depth 5
We had 1 inferral cache hits and 224 partitioning cache hits
The partitioning cache has 8 tilings in it right now
The inferral cache has 28 tilings in it right now
There are 29 tilings in the search tree
Time taken so far is 0.7682678699493408 seconds

Doing depth 6
We had 9 inferral cache hits and 664 partitioning cache hits
The partitioning cache has 6 tilings in it right now
The inferral cache has 41 tilings in it right now
There are 47 tilings in the search tree
Time taken so far is 3.0916569232940674 seconds

Doing depth 7
We had 9 inferral cache hits and 1071 partitioning cache hits
The partitioning cache has 2 tilings in it right now
The inferral cache has 73 tilings in it right now
There are 67 tilings in the search tree
Time taken so far is 10.959721803665161 seconds

Doing depth 8
We had 9 inferral cache hits and 3697 partitioning cache hits
The partitioning cache has 42 tilings in it right now
The inferral cache has 123 tilings in it right now
There are 134 tilings in the search tree
Time taken so far is 28.880472898483276 seconds

Now processing 0123_0231
Doing depth 1
We had 0 inferral cache hits and 0 partitioning cache hits
The partitioning cache has 0 tilings in it right now
The inferral cache has 4 tilings in it right now
There are 4 tilings in the search tree
Time taken so far is 0.007997989654541016 seconds

Doing depth 2
We had 0 inferral cache hits and 15 partitioning cache hits
The partitioning cache has 2 tilings in it right now
The inferral cache has 8 tilings in it right now
There are 10 tilings in the search tree
Time taken so far is 0.03984642028808594 seconds

Doing depth 3
We had 1 inferral cache hits and 60 partitioning cache hits
The partitioning cache has 1 tilings in it right now
The inferral cache has 15 tilings in it right now
There are 17 tilings in the search tree
Time taken so far is 0.13716912269592285 seconds

Doing depth 4
We had 1 inferral cache hits and 84 partitioning cache hits
The partitioning cache has 0 tilings in it right now
The inferral cache has 19 tilings in it right now
There are 20 tilings in the search tree
Time taken so far is 0.35110020637512207 seconds

Doing depth 5
We had 1 inferral cache hits and 242 partitioning cache hits
The partitioning cache has 8 tilings in it right now
The inferral cache has 27 tilings in it right now
There are 30 tilings in the search tree
Time taken so far is 0.7444608211517334 seconds

Doing depth 6
We had 9 inferral cache hits and 722 partitioning cache hits
The partitioning cache has 6 tilings in it right now
The inferral cache has 39 tilings in it right now
There are 50 tilings in the search tree
Time taken so far is 3.7243051528930664 seconds

Doing depth 7
We had 9 inferral cache hits and 1144 partitioning cache hits
The partitioning cache has 4 tilings in it right now
The inferral cache has 67 tilings in it right now
There are 70 tilings in the search tree
Time taken so far is 12.97181487083435 seconds

Doing depth 8
We had 9 inferral cache hits and 4160 partitioning cache hits
The partitioning cache has 44 tilings in it right now
The inferral cache has 123 tilings in it right now
There are 140 tilings in the search tree
Time taken so far is 29.502079963684082 seconds

Now processing 0123_1230
Doing depth 1
We had 0 inferral cache hits and 0 partitioning cache hits
The partitioning cache has 0 tilings in it right now
The inferral cache has 4 tilings in it right now
There are 4 tilings in the search tree
Time taken so far is 0.011446952819824219 seconds

Doing depth 2
We had 0 inferral cache hits and 15 partitioning cache hits
The partitioning cache has 2 tilings in it right now
The inferral cache has 8 tilings in it right now
There are 10 tilings in the search tree
Time taken so far is 0.05597424507141113 seconds

Doing depth 3
We had 1 inferral cache hits and 60 partitioning cache hits
The partitioning cache has 1 tilings in it right now
The inferral cache has 15 tilings in it right now
There are 17 tilings in the search tree
Time taken so far is 0.1472775936126709 seconds

Doing depth 4
We had 1 inferral cache hits and 84 partitioning cache hits
The partitioning cache has 0 tilings in it right now
The inferral cache has 19 tilings in it right now
There are 20 tilings in the search tree
Time taken so far is 0.3235907554626465 seconds

Doing depth 5
We had 1 inferral cache hits and 222 partitioning cache hits
The partitioning cache has 8 tilings in it right now
The inferral cache has 27 tilings in it right now
There are 28 tilings in the search tree
Time taken so far is 0.6615548133850098 seconds

Doing depth 6
We had 9 inferral cache hits and 644 partitioning cache hits
The partitioning cache has 6 tilings in it right now
The inferral cache has 39 tilings in it right now
There are 44 tilings in the search tree
Time taken so far is 1.2753100395202637 seconds

Doing depth 7
We had 9 inferral cache hits and 1022 partitioning cache hits
The partitioning cache has 2 tilings in it right now
The inferral cache has 69 tilings in it right now
There are 62 tilings in the search tree
Time taken so far is 2.4146158695220947 seconds

Doing depth 8
We had 9 inferral cache hits and 3745 partitioning cache hits
The partitioning cache has 42 tilings in it right now
The inferral cache has 119 tilings in it right now
There are 132 tilings in the search tree
Time taken so far is 13.502769470214844 seconds

Now processing 0123_2301
Doing depth 1
We had 0 inferral cache hits and 0 partitioning cache hits
The partitioning cache has 0 tilings in it right now
The inferral cache has 4 tilings in it right now
There are 4 tilings in the search tree
Time taken so far is 0.009540081024169922 seconds

Doing depth 2
We had 0 inferral cache hits and 13 partitioning cache hits
The partitioning cache has 2 tilings in it right now
The inferral cache has 8 tilings in it right now
There are 8 tilings in the search tree
Time taken so far is 0.04581308364868164 seconds

Doing depth 3
We had 1 inferral cache hits and 46 partitioning cache hits
The partitioning cache has 1 tilings in it right now
The inferral cache has 15 tilings in it right now
There are 13 tilings in the search tree
Time taken so far is 0.10822629928588867 seconds

Doing depth 4
We had 1 inferral cache hits and 62 partitioning cache hits
The partitioning cache has 0 tilings in it right now
The inferral cache has 19 tilings in it right now
There are 15 tilings in the search tree
Time taken so far is 0.13435578346252441 seconds

Doing depth 5
We had 1 inferral cache hits and 195 partitioning cache hits
The partitioning cache has 7 tilings in it right now
The inferral cache has 27 tilings in it right now
There are 23 tilings in the search tree
Time taken so far is 0.33474206924438477 seconds

Doing depth 6
We had 7 inferral cache hits and 536 partitioning cache hits
The partitioning cache has 5 tilings in it right now
The inferral cache has 38 tilings in it right now
There are 38 tilings in the search tree
Time taken so far is 0.8198919296264648 seconds

Doing depth 7
We had 7 inferral cache hits and 818 partitioning cache hits
The partitioning cache has 2 tilings in it right now
The inferral cache has 63 tilings in it right now
There are 53 tilings in the search tree
Time taken so far is 1.72540283203125 seconds

Doing depth 8
We had 8 inferral cache hits and 3177 partitioning cache hits
The partitioning cache has 36 tilings in it right now
The inferral cache has 113 tilings in it right now
There are 116 tilings in the search tree
Time taken so far is 6.135124444961548 seconds

Now processing 0132_0213
Doing depth 1
We had 0 inferral cache hits and 0 partitioning cache hits
The partitioning cache has 0 tilings in it right now
The inferral cache has 4 tilings in it right now
There are 4 tilings in the search tree
Time taken so far is 0.007631540298461914 seconds

Doing depth 2
We had 0 inferral cache hits and 15 partitioning cache hits
The partitioning cache has 2 tilings in it right now
The inferral cache has 8 tilings in it right now
There are 10 tilings in the search tree
Time taken so far is 0.04051041603088379 seconds

Doing depth 3
We had 1 inferral cache hits and 60 partitioning cache hits
The partitioning cache has 1 tilings in it right now
The inferral cache has 16 tilings in it right now
There are 17 tilings in the search tree
Time taken so far is 0.13817858695983887 seconds

Doing depth 4
We had 1 inferral cache hits and 84 partitioning cache hits
The partitioning cache has 0 tilings in it right now
The inferral cache has 20 tilings in it right now
There are 20 tilings in the search tree
Time taken so far is 0.35140204429626465 seconds

Doing depth 5
We had 1 inferral cache hits and 224 partitioning cache hits
The partitioning cache has 8 tilings in it right now
The inferral cache has 28 tilings in it right now
There are 29 tilings in the search tree
Time taken so far is 0.7598581314086914 seconds

Doing depth 6
We had 9 inferral cache hits and 664 partitioning cache hits
The partitioning cache has 6 tilings in it right now
The inferral cache has 41 tilings in it right now
There are 47 tilings in the search tree
Time taken so far is 3.097060441970825 seconds

Doing depth 7
We had 9 inferral cache hits and 1070 partitioning cache hits
The partitioning cache has 2 tilings in it right now
The inferral cache has 74 tilings in it right now
There are 67 tilings in the search tree
Time taken so far is 10.81098747253418 seconds

Doing depth 8
We had 9 inferral cache hits and 3705 partitioning cache hits
The partitioning cache has 40 tilings in it right now
The inferral cache has 128 tilings in it right now
There are 133 tilings in the search tree
Time taken so far is 27.44022226333618 seconds

Now processing 0132_0321
Doing depth 1
We had 0 inferral cache hits and 0 partitioning cache hits
The partitioning cache has 0 tilings in it right now
The inferral cache has 4 tilings in it right now
There are 4 tilings in the search tree
Time taken so far is 0.012003660202026367 seconds

Doing depth 2
We had 0 inferral cache hits and 15 partitioning cache hits
The partitioning cache has 2 tilings in it right now
The inferral cache has 8 tilings in it right now
There are 10 tilings in the search tree
Time taken so far is 0.06046867370605469 seconds

Doing depth 3
We had 1 inferral cache hits and 60 partitioning cache hits
The partitioning cache has 1 tilings in it right now
The inferral cache has 15 tilings in it right now
There are 17 tilings in the search tree
Time taken so far is 0.16128134727478027 seconds

Doing depth 4
We had 1 inferral cache hits and 84 partitioning cache hits
The partitioning cache has 0 tilings in it right now
The inferral cache has 19 tilings in it right now
There are 20 tilings in the search tree
Time taken so far is 0.36122655868530273 seconds

Doing depth 5
We had 1 inferral cache hits and 242 partitioning cache hits
The partitioning cache has 8 tilings in it right now
The inferral cache has 27 tilings in it right now
There are 30 tilings in the search tree
Time taken so far is 0.7594888210296631 seconds

Doing depth 6
We had 9 inferral cache hits and 722 partitioning cache hits
The partitioning cache has 6 tilings in it right now
The inferral cache has 39 tilings in it right now
There are 50 tilings in the search tree
Time taken so far is 3.703270435333252 seconds

Doing depth 7
We had 9 inferral cache hits and 1144 partitioning cache hits
The partitioning cache has 4 tilings in it right now
The inferral cache has 67 tilings in it right now
There are 70 tilings in the search tree
Time taken so far is 12.885522842407227 seconds

Doing depth 8
We had 9 inferral cache hits and 4160 partitioning cache hits
The partitioning cache has 44 tilings in it right now
The inferral cache has 125 tilings in it right now
There are 140 tilings in the search tree
Time taken so far is 28.80824875831604 seconds

Now processing 0132_1023
Doing depth 1
We had 0 inferral cache hits and 0 partitioning cache hits
The partitioning cache has 0 tilings in it right now
The inferral cache has 4 tilings in it right now
There are 4 tilings in the search tree
Time taken so far is 0.005460262298583984 seconds

Doing depth 2
We had 0 inferral cache hits and 13 partitioning cache hits
The partitioning cache has 2 tilings in it right now
The inferral cache has 8 tilings in it right now
There are 8 tilings in the search tree
Time taken so far is 0.028887510299682617 seconds

Doing depth 3
We had 1 inferral cache hits and 46 partitioning cache hits
The partitioning cache has 1 tilings in it right now
The inferral cache has 15 tilings in it right now
There are 13 tilings in the search tree
Time taken so far is 0.07162785530090332 seconds

Doing depth 4
We had 1 inferral cache hits and 62 partitioning cache hits
The partitioning cache has 0 tilings in it right now
The inferral cache has 19 tilings in it right now
There are 15 tilings in the search tree
Time taken so far is 0.09767794609069824 seconds

Doing depth 5
We had 1 inferral cache hits and 200 partitioning cache hits
The partitioning cache has 8 tilings in it right now
The inferral cache has 27 tilings in it right now
There are 25 tilings in the search tree
Time taken so far is 0.4490687847137451 seconds

Doing depth 6
We had 9 inferral cache hits and 585 partitioning cache hits
The partitioning cache has 6 tilings in it right now
The inferral cache has 38 tilings in it right now
There are 42 tilings in the search tree
Time taken so far is 2.2119882106781006 seconds

Doing depth 7
We had 9 inferral cache hits and 922 partitioning cache hits
The partitioning cache has 5 tilings in it right now
The inferral cache has 69 tilings in it right now
There are 61 tilings in the search tree
Time taken so far is 7.730138540267944 seconds

Doing depth 8
We had 9 inferral cache hits and 3995 partitioning cache hits
The partitioning cache has 38 tilings in it right now
The inferral cache has 130 tilings in it right now
There are 149 tilings in the search tree
Time taken so far is 22.10467219352722 seconds

Now processing 0132_1032
Doing depth 1
We had 0 inferral cache hits and 0 partitioning cache hits
The partitioning cache has 0 tilings in it right now
The inferral cache has 4 tilings in it right now
There are 4 tilings in the search tree
Time taken so far is 0.011914730072021484 seconds

Doing depth 2
We had 0 inferral cache hits and 13 partitioning cache hits
The partitioning cache has 2 tilings in it right now
The inferral cache has 8 tilings in it right now
There are 8 tilings in the search tree
Time taken so far is 0.054841041564941406 seconds

Doing depth 3
We had 1 inferral cache hits and 46 partitioning cache hits
The partitioning cache has 1 tilings in it right now
The inferral cache has 15 tilings in it right now
There are 13 tilings in the search tree
Time taken so far is 0.11480259895324707 seconds

Doing depth 4
We had 1 inferral cache hits and 62 partitioning cache hits
The partitioning cache has 0 tilings in it right now
The inferral cache has 19 tilings in it right now
There are 15 tilings in the search tree
Time taken so far is 0.14093947410583496 seconds

Doing depth 5
We had 1 inferral cache hits and 204 partitioning cache hits
The partitioning cache has 8 tilings in it right now
The inferral cache has 27 tilings in it right now
There are 26 tilings in the search tree
Time taken so far is 0.5478618144989014 seconds

Doing depth 6
We had 9 inferral cache hits and 618 partitioning cache hits
The partitioning cache has 6 tilings in it right now
The inferral cache has 39 tilings in it right now
There are 46 tilings in the search tree
Time taken so far is 3.6183252334594727 seconds

Doing depth 7
We had 9 inferral cache hits and 984 partitioning cache hits
The partitioning cache has 5 tilings in it right now
The inferral cache has 67 tilings in it right now
There are 64 tilings in the search tree
Time taken so far is 13.462052583694458 seconds

Doing depth 8
We had 9 inferral cache hits and 3736 partitioning cache hits
The partitioning cache has 42 tilings in it right now
The inferral cache has 122 tilings in it right now
There are 126 tilings in the search tree
Time taken so far is 27.989360332489014 seconds

Now processing 0132_1203
Doing depth 1
We had 0 inferral cache hits and 0 partitioning cache hits
The partitioning cache has 0 tilings in it right now
The inferral cache has 4 tilings in it right now
There are 4 tilings in the search tree
Time taken so far is 0.012718677520751953 seconds

Doing depth 2
We had 0 inferral cache hits and 13 partitioning cache hits
The partitioning cache has 2 tilings in it right now
The inferral cache has 8 tilings in it right now
There are 8 tilings in the search tree
Time taken so far is 0.05679154396057129 seconds

Doing depth 3
We had 1 inferral cache hits and 46 partitioning cache hits
The partitioning cache has 1 tilings in it right now
The inferral cache has 15 tilings in it right now
There are 13 tilings in the search tree
Time taken so far is 0.1157529354095459 seconds

Doing depth 4
We had 1 inferral cache hits and 62 partitioning cache hits
The partitioning cache has 0 tilings in it right now
The inferral cache has 19 tilings in it right now
There are 15 tilings in the search tree
Time taken so far is 0.1425495147705078 seconds

Doing depth 5
We had 1 inferral cache hits and 185 partitioning cache hits
The partitioning cache has 7 tilings in it right now
The inferral cache has 30 tilings in it right now
There are 24 tilings in the search tree
Time taken so far is 0.33986425399780273 seconds

Doing depth 6
We had 7 inferral cache hits and 523 partitioning cache hits
The partitioning cache has 5 tilings in it right now
The inferral cache has 50 tilings in it right now
There are 39 tilings in the search tree
Time taken so far is 0.9541244506835938 seconds

Doing depth 7
We had 7 inferral cache hits and 791 partitioning cache hits
The partitioning cache has 3 tilings in it right now
The inferral cache has 75 tilings in it right now
There are 52 tilings in the search tree
Time taken so far is 2.1914892196655273 seconds

Doing depth 8
We had 7 inferral cache hits and 2774 partitioning cache hits
The partitioning cache has 32 tilings in it right now
The inferral cache has 140 tilings in it right now
There are 102 tilings in the search tree
Time taken so far is 9.352197647094727 seconds

Now processing 0132_1230
Doing depth 1
We had 0 inferral cache hits and 0 partitioning cache hits
The partitioning cache has 0 tilings in it right now
The inferral cache has 4 tilings in it right now
There are 4 tilings in the search tree
Time taken so far is 0.0073702335357666016 seconds

Doing depth 2
We had 0 inferral cache hits and 15 partitioning cache hits
The partitioning cache has 2 tilings in it right now
The inferral cache has 8 tilings in it right now
There are 10 tilings in the search tree
Time taken so far is 0.037070274353027344 seconds

Doing depth 3
We had 1 inferral cache hits and 60 partitioning cache hits
The partitioning cache has 1 tilings in it right now
The inferral cache has 15 tilings in it right now
There are 17 tilings in the search tree
Time taken so far is 0.1390390396118164 seconds

Doing depth 4
We had 1 inferral cache hits and 84 partitioning cache hits
The partitioning cache has 0 tilings in it right now
The inferral cache has 19 tilings in it right now
There are 20 tilings in the search tree
Time taken so far is 0.3043348789215088 seconds

Doing depth 5
We had 1 inferral cache hits and 222 partitioning cache hits
The partitioning cache has 7 tilings in it right now
The inferral cache has 27 tilings in it right now
There are 28 tilings in the search tree
Time taken so far is 0.6415002346038818 seconds

Doing depth 6
We had 7 inferral cache hits and 596 partitioning cache hits
The partitioning cache has 5 tilings in it right now
The inferral cache has 39 tilings in it right now
There are 41 tilings in the search tree
Time taken so far is 1.2440903186798096 seconds

Doing depth 7
We had 7 inferral cache hits and 906 partitioning cache hits
The partitioning cache has 1 tilings in it right now
The inferral cache has 65 tilings in it right now
There are 55 tilings in the search tree
Time taken so far is 2.1740589141845703 seconds

Doing depth 8
We had 7 inferral cache hits and 3444 partitioning cache hits
The partitioning cache has 36 tilings in it right now
The inferral cache has 107 tilings in it right now
There are 116 tilings in the search tree
Time taken so far is 12.801479578018188 seconds

Now processing 0132_1320
Doing depth 1
We had 0 inferral cache hits and 0 partitioning cache hits
The partitioning cache has 0 tilings in it right now
The inferral cache has 4 tilings in it right now
There are 4 tilings in the search tree
Time taken so far is 0.0070002079010009766 seconds

Doing depth 2
We had 0 inferral cache hits and 15 partitioning cache hits
The partitioning cache has 2 tilings in it right now
The inferral cache has 8 tilings in it right now
There are 10 tilings in the search tree
Time taken so far is 0.03715157508850098 seconds

Doing depth 3
We had 1 inferral cache hits and 60 partitioning cache hits
The partitioning cache has 1 tilings in it right now
The inferral cache has 15 tilings in it right now
There are 17 tilings in the search tree
Time taken so far is 0.12359952926635742 seconds

Doing depth 4
We had 1 inferral cache hits and 84 partitioning cache hits
The partitioning cache has 0 tilings in it right now
The inferral cache has 19 tilings in it right now
There are 20 tilings in the search tree
Time taken so far is 0.319838285446167 seconds

Doing depth 5
We had 1 inferral cache hits and 222 partitioning cache hits
The partitioning cache has 8 tilings in it right now
The inferral cache has 27 tilings in it right now
There are 28 tilings in the search tree
Time taken so far is 0.6543371677398682 seconds

Doing depth 6
We had 9 inferral cache hits and 644 partitioning cache hits
The partitioning cache has 6 tilings in it right now
The inferral cache has 39 tilings in it right now
There are 44 tilings in the search tree
Time taken so far is 1.2775533199310303 seconds

Doing depth 7
We had 9 inferral cache hits and 1028 partitioning cache hits
The partitioning cache has 2 tilings in it right now
The inferral cache has 72 tilings in it right now
There are 63 tilings in the search tree
Time taken so far is 2.3922958374023438 seconds

Doing depth 8
We had 9 inferral cache hits and 3682 partitioning cache hits
The partitioning cache has 44 tilings in it right now
The inferral cache has 123 tilings in it right now
There are 123 tilings in the search tree
Time taken so far is 11.960992574691772 seconds

Now processing 0132_2301
Doing depth 1
We had 0 inferral cache hits and 0 partitioning cache hits
The partitioning cache has 0 tilings in it right now
The inferral cache has 4 tilings in it right now
There are 4 tilings in the search tree
Time taken so far is 0.006075143814086914 seconds

Doing depth 2
We had 0 inferral cache hits and 13 partitioning cache hits
The partitioning cache has 2 tilings in it right now
The inferral cache has 8 tilings in it right now
There are 8 tilings in the search tree
Time taken so far is 0.029819965362548828 seconds

Doing depth 3
We had 1 inferral cache hits and 46 partitioning cache hits
The partitioning cache has 1 tilings in it right now
The inferral cache has 15 tilings in it right now
There are 13 tilings in the search tree
Time taken so far is 0.07361745834350586 seconds

Doing depth 4
We had 1 inferral cache hits and 62 partitioning cache hits
The partitioning cache has 0 tilings in it right now
The inferral cache has 19 tilings in it right now
There are 15 tilings in the search tree
Time taken so far is 0.09857869148254395 seconds

Doing depth 5
We had 1 inferral cache hits and 195 partitioning cache hits
The partitioning cache has 7 tilings in it right now
The inferral cache has 27 tilings in it right now
There are 23 tilings in the search tree
Time taken so far is 0.2977774143218994 seconds

Doing depth 6
We had 7 inferral cache hits and 536 partitioning cache hits
The partitioning cache has 5 tilings in it right now
The inferral cache has 38 tilings in it right now
There are 38 tilings in the search tree
Time taken so far is 0.767085075378418 seconds

Doing depth 7
We had 7 inferral cache hits and 818 partitioning cache hits
The partitioning cache has 2 tilings in it right now
The inferral cache has 63 tilings in it right now
There are 53 tilings in the search tree
Time taken so far is 1.667891025543213 seconds

Doing depth 8
We had 8 inferral cache hits and 3199 partitioning cache hits
The partitioning cache has 36 tilings in it right now
The inferral cache has 114 tilings in it right now
There are 118 tilings in the search tree
Time taken so far is 8.103225469589233 seconds

Now processing 0132_3120
Doing depth 1
We had 0 inferral cache hits and 0 partitioning cache hits
The partitioning cache has 0 tilings in it right now
The inferral cache has 4 tilings in it right now
There are 4 tilings in the search tree
Time taken so far is 0.007843017578125 seconds

Doing depth 2
We had 0 inferral cache hits and 15 partitioning cache hits
The partitioning cache has 2 tilings in it right now
The inferral cache has 8 tilings in it right now
There are 10 tilings in the search tree
Time taken so far is 0.03889799118041992 seconds

Doing depth 3
We had 1 inferral cache hits and 60 partitioning cache hits
The partitioning cache has 1 tilings in it right now
The inferral cache has 16 tilings in it right now
There are 17 tilings in the search tree
Time taken so far is 0.12853097915649414 seconds

Doing depth 4
We had 1 inferral cache hits and 84 partitioning cache hits
The partitioning cache has 0 tilings in it right now
The inferral cache has 20 tilings in it right now
There are 20 tilings in the search tree
Time taken so far is 0.2978043556213379 seconds

Doing depth 5
We had 1 inferral cache hits and 219 partitioning cache hits
The partitioning cache has 8 tilings in it right now
The inferral cache has 28 tilings in it right now
There are 28 tilings in the search tree
Time taken so far is 0.5326101779937744 seconds

Doing depth 6
We had 9 inferral cache hits and 624 partitioning cache hits
The partitioning cache has 6 tilings in it right now
The inferral cache has 41 tilings in it right now
There are 44 tilings in the search tree
Time taken so far is 1.120795488357544 seconds

Doing depth 7
We had 9 inferral cache hits and 988 partitioning cache hits
The partitioning cache has 2 tilings in it right now
The inferral cache has 72 tilings in it right now
There are 62 tilings in the search tree
Time taken so far is 2.2266931533813477 seconds

Doing depth 8
We had 9 inferral cache hits and 3793 partitioning cache hits
The partitioning cache has 41 tilings in it right now
The inferral cache has 154 tilings in it right now
There are 138 tilings in the search tree
Time taken so far is 9.81985330581665 seconds

Now processing 0213_0321
Doing depth 1
We had 0 inferral cache hits and 0 partitioning cache hits
The partitioning cache has 0 tilings in it right now
The inferral cache has 4 tilings in it right now
There are 4 tilings in the search tree
Time taken so far is 0.007604122161865234 seconds

Doing depth 2
We had 0 inferral cache hits and 15 partitioning cache hits
The partitioning cache has 2 tilings in it right now
The inferral cache has 8 tilings in it right now
There are 10 tilings in the search tree
Time taken so far is 0.03985285758972168 seconds

Doing depth 3
We had 1 inferral cache hits and 60 partitioning cache hits
The partitioning cache has 1 tilings in it right now
The inferral cache has 16 tilings in it right now
There are 17 tilings in the search tree
Time taken so far is 0.1342473030090332 seconds

Doing depth 4
We had 1 inferral cache hits and 84 partitioning cache hits
The partitioning cache has 0 tilings in it right now
The inferral cache has 20 tilings in it right now
There are 20 tilings in the search tree
Time taken so far is 0.3225593566894531 seconds

Doing depth 5
We had 1 inferral cache hits and 224 partitioning cache hits
The partitioning cache has 7 tilings in it right now
The inferral cache has 29 tilings in it right now
There are 29 tilings in the search tree
Time taken so far is 0.7116930484771729 seconds

Doing depth 6
We had 8 inferral cache hits and 670 partitioning cache hits
The partitioning cache has 6 tilings in it right now
The inferral cache has 43 tilings in it right now
There are 47 tilings in the search tree
Time taken so far is 2.994440793991089 seconds

Doing depth 7
We had 8 inferral cache hits and 1076 partitioning cache hits
The partitioning cache has 2 tilings in it right now
The inferral cache has 76 tilings in it right now
There are 67 tilings in the search tree
Time taken so far is 10.210034370422363 seconds

Doing depth 8
We had 8 inferral cache hits and 3655 partitioning cache hits
The partitioning cache has 38 tilings in it right now
The inferral cache has 140 tilings in it right now
There are 130 tilings in the search tree
Time taken so far is 24.735644578933716 seconds

Now processing 0213_1230
Doing depth 1
We had 0 inferral cache hits and 0 partitioning cache hits
The partitioning cache has 0 tilings in it right now
The inferral cache has 4 tilings in it right now
There are 4 tilings in the search tree
Time taken so far is 0.007245540618896484 seconds

Doing depth 2
We had 0 inferral cache hits and 15 partitioning cache hits
The partitioning cache has 2 tilings in it right now
The inferral cache has 8 tilings in it right now
There are 10 tilings in the search tree
Time taken so far is 0.037003517150878906 seconds

Doing depth 3
We had 1 inferral cache hits and 60 partitioning cache hits
The partitioning cache has 1 tilings in it right now
The inferral cache has 16 tilings in it right now
There are 17 tilings in the search tree
Time taken so far is 0.12340474128723145 seconds

Doing depth 4
We had 1 inferral cache hits and 84 partitioning cache hits
The partitioning cache has 0 tilings in it right now
The inferral cache has 20 tilings in it right now
There are 20 tilings in the search tree
Time taken so far is 0.2908596992492676 seconds

Doing depth 5
We had 1 inferral cache hits and 219 partitioning cache hits
The partitioning cache has 8 tilings in it right now
The inferral cache has 28 tilings in it right now
There are 28 tilings in the search tree
Time taken so far is 0.5566196441650391 seconds

Doing depth 6
We had 9 inferral cache hits and 624 partitioning cache hits
The partitioning cache has 6 tilings in it right now
The inferral cache has 41 tilings in it right now
There are 42 tilings in the search tree
Time taken so far is 1.1479816436767578 seconds

Doing depth 7
We had 9 inferral cache hits and 994 partitioning cache hits
The partitioning cache has 1 tilings in it right now
The inferral cache has 75 tilings in it right now
There are 59 tilings in the search tree
Time taken so far is 2.4092659950256348 seconds

Doing depth 8
We had 10 inferral cache hits and 3378 partitioning cache hits
The partitioning cache has 41 tilings in it right now
The inferral cache has 136 tilings in it right now
There are 118 tilings in the search tree
Time taken so far is 11.565321683883667 seconds

Now processing 0213_1320
Doing depth 1
We had 0 inferral cache hits and 0 partitioning cache hits
The partitioning cache has 0 tilings in it right now
The inferral cache has 4 tilings in it right now
There are 4 tilings in the search tree
Time taken so far is 0.00732421875 seconds

Doing depth 2
We had 0 inferral cache hits and 15 partitioning cache hits
The partitioning cache has 2 tilings in it right now
The inferral cache has 8 tilings in it right now
There are 10 tilings in the search tree
Time taken so far is 0.036893367767333984 seconds

Doing depth 3
We had 1 inferral cache hits and 60 partitioning cache hits
The partitioning cache has 1 tilings in it right now
The inferral cache has 16 tilings in it right now
There are 17 tilings in the search tree
Time taken so far is 0.12216305732727051 seconds

Doing depth 4
We had 1 inferral cache hits and 84 partitioning cache hits
The partitioning cache has 0 tilings in it right now
The inferral cache has 20 tilings in it right now
There are 20 tilings in the search tree
Time taken so far is 0.308459997177124 seconds

Doing depth 5
We had 1 inferral cache hits and 219 partitioning cache hits
The partitioning cache has 8 tilings in it right now
The inferral cache has 28 tilings in it right now
There are 28 tilings in the search tree
Time taken so far is 0.5516452789306641 seconds

Doing depth 6
We had 9 inferral cache hits and 624 partitioning cache hits
The partitioning cache has 6 tilings in it right now
The inferral cache has 41 tilings in it right now
There are 42 tilings in the search tree
Time taken so far is 1.1345984935760498 seconds

Doing depth 7
We had 9 inferral cache hits and 988 partitioning cache hits
The partitioning cache has 2 tilings in it right now
The inferral cache has 71 tilings in it right now
There are 58 tilings in the search tree
Time taken so far is 2.354381799697876 seconds

Doing depth 8
We had 9 inferral cache hits and 3565 partitioning cache hits
The partitioning cache has 40 tilings in it right now
The inferral cache has 139 tilings in it right now
There are 119 tilings in the search tree
Time taken so far is 11.329192876815796 seconds

Now processing 0213_2301
Doing depth 1
We had 0 inferral cache hits and 0 partitioning cache hits
The partitioning cache has 0 tilings in it right now
The inferral cache has 4 tilings in it right now
There are 4 tilings in the search tree
Time taken so far is 0.009169578552246094 seconds

Doing depth 2
We had 0 inferral cache hits and 13 partitioning cache hits
The partitioning cache has 2 tilings in it right now
The inferral cache has 8 tilings in it right now
There are 8 tilings in the search tree
Time taken so far is 0.044983863830566406 seconds

Doing depth 3
We had 1 inferral cache hits and 46 partitioning cache hits
The partitioning cache has 1 tilings in it right now
The inferral cache has 15 tilings in it right now
There are 13 tilings in the search tree
Time taken so far is 0.09483480453491211 seconds

Doing depth 4
We had 1 inferral cache hits and 62 partitioning cache hits
The partitioning cache has 0 tilings in it right now
The inferral cache has 19 tilings in it right now
There are 15 tilings in the search tree
Time taken so far is 0.12051010131835938 seconds

Doing depth 5
We had 1 inferral cache hits and 194 partitioning cache hits
The partitioning cache has 7 tilings in it right now
The inferral cache has 28 tilings in it right now
There are 23 tilings in the search tree
Time taken so far is 0.2996659278869629 seconds

Doing depth 6
We had 9 inferral cache hits and 580 partitioning cache hits
The partitioning cache has 5 tilings in it right now
The inferral cache has 40 tilings in it right now
There are 38 tilings in the search tree
Time taken so far is 0.7243378162384033 seconds

Doing depth 7
We had 10 inferral cache hits and 949 partitioning cache hits
The partitioning cache has 8 tilings in it right now
The inferral cache has 73 tilings in it right now
There are 58 tilings in the search tree
Time taken so far is 1.7763876914978027 seconds

Doing depth 8
We had 42 inferral cache hits and 48634 partitioning cache hits
The partitioning cache has 44 tilings in it right now
The inferral cache has 204 tilings in it right now
There are 304 tilings in the search tree
Time taken so far is 13.639241218566895 seconds

Now processing 0213_3120
Doing depth 1
We had 0 inferral cache hits and 0 partitioning cache hits
The partitioning cache has 0 tilings in it right now
The inferral cache has 4 tilings in it right now
There are 4 tilings in the search tree
Time taken so far is 0.00790095329284668 seconds

Doing depth 2
We had 0 inferral cache hits and 15 partitioning cache hits
The partitioning cache has 2 tilings in it right now
The inferral cache has 8 tilings in it right now
There are 10 tilings in the search tree
Time taken so far is 0.03957104682922363 seconds

Doing depth 3
We had 1 inferral cache hits and 60 partitioning cache hits
The partitioning cache has 1 tilings in it right now
The inferral cache has 17 tilings in it right now
There are 17 tilings in the search tree
Time taken so far is 0.13214349746704102 seconds

Doing depth 4
We had 1 inferral cache hits and 84 partitioning cache hits
The partitioning cache has 0 tilings in it right now
The inferral cache has 21 tilings in it right now
There are 20 tilings in the search tree
Time taken so far is 0.30337071418762207 seconds

Doing depth 5
We had 1 inferral cache hits and 216 partitioning cache hits
The partitioning cache has 6 tilings in it right now
The inferral cache has 31 tilings in it right now
There are 28 tilings in the search tree
Time taken so far is 0.4803621768951416 seconds

Doing depth 6
We had 7 inferral cache hits and 616 partitioning cache hits
The partitioning cache has 6 tilings in it right now
The inferral cache has 47 tilings in it right now
There are 42 tilings in the search tree
Time taken so far is 1.269463062286377 seconds

Doing depth 7
We had 7 inferral cache hits and 966 partitioning cache hits
The partitioning cache has 0 tilings in it right now
The inferral cache has 79 tilings in it right now
There are 58 tilings in the search tree
Time taken so far is 2.589648962020874 seconds

Doing depth 8
We had 9 inferral cache hits and 3528 partitioning cache hits
The partitioning cache has 38 tilings in it right now
The inferral cache has 169 tilings in it right now
There are 130 tilings in the search tree
Time taken so far is 7.9620020389556885 seconds

Now processing 0231_0312
Doing depth 1
We had 0 inferral cache hits and 0 partitioning cache hits
The partitioning cache has 0 tilings in it right now
The inferral cache has 4 tilings in it right now
There are 4 tilings in the search tree
Time taken so far is 0.007655620574951172 seconds

Doing depth 2
We had 0 inferral cache hits and 15 partitioning cache hits
The partitioning cache has 2 tilings in it right now
The inferral cache has 8 tilings in it right now
There are 10 tilings in the search tree
Time taken so far is 0.04008340835571289 seconds

Doing depth 3
We had 1 inferral cache hits and 60 partitioning cache hits
The partitioning cache has 1 tilings in it right now
The inferral cache has 16 tilings in it right now
There are 17 tilings in the search tree
Time taken so far is 0.13546323776245117 seconds

Doing depth 4
We had 1 inferral cache hits and 84 partitioning cache hits
The partitioning cache has 0 tilings in it right now
The inferral cache has 20 tilings in it right now
There are 20 tilings in the search tree
Time taken so far is 0.32711315155029297 seconds

Doing depth 5
We had 1 inferral cache hits and 224 partitioning cache hits
The partitioning cache has 8 tilings in it right now
The inferral cache has 28 tilings in it right now
There are 29 tilings in the search tree
Time taken so far is 0.7206366062164307 seconds

Doing depth 6
We had 9 inferral cache hits and 664 partitioning cache hits
The partitioning cache has 6 tilings in it right now
The inferral cache has 41 tilings in it right now
There are 47 tilings in the search tree
Time taken so far is 2.976421594619751 seconds

Doing depth 7
We had 9 inferral cache hits and 1070 partitioning cache hits
The partitioning cache has 2 tilings in it right now
The inferral cache has 73 tilings in it right now
There are 67 tilings in the search tree
Time taken so far is 10.27655553817749 seconds

Doing depth 8
We had 9 inferral cache hits and 3952 partitioning cache hits
The partitioning cache has 41 tilings in it right now
The inferral cache has 127 tilings in it right now
There are 136 tilings in the search tree
Time taken so far is 26.292590141296387 seconds

Now processing 0231_0321
Doing depth 1
We had 0 inferral cache hits and 0 partitioning cache hits
The partitioning cache has 0 tilings in it right now
The inferral cache has 4 tilings in it right now
There are 4 tilings in the search tree
Time taken so far is 0.01289057731628418 seconds

Doing depth 2
We had 0 inferral cache hits and 15 partitioning cache hits
The partitioning cache has 2 tilings in it right now
The inferral cache has 8 tilings in it right now
There are 10 tilings in the search tree
Time taken so far is 0.061823368072509766 seconds

Doing depth 3
We had 1 inferral cache hits and 60 partitioning cache hits
The partitioning cache has 1 tilings in it right now
The inferral cache has 15 tilings in it right now
There are 17 tilings in the search tree
Time taken so far is 0.18139410018920898 seconds

Doing depth 4
We had 1 inferral cache hits and 84 partitioning cache hits
The partitioning cache has 0 tilings in it right now
The inferral cache has 19 tilings in it right now
There are 20 tilings in the search tree
Time taken so far is 0.37642431259155273 seconds

Doing depth 5
We had 1 inferral cache hits and 242 partitioning cache hits
The partitioning cache has 8 tilings in it right now
The inferral cache has 27 tilings in it right now
There are 30 tilings in the search tree
Time taken so far is 0.7650473117828369 seconds

Doing depth 6
We had 9 inferral cache hits and 722 partitioning cache hits
The partitioning cache has 6 tilings in it right now
The inferral cache has 39 tilings in it right now
There are 50 tilings in the search tree
Time taken so far is 3.681222915649414 seconds

Doing depth 7
We had 9 inferral cache hits and 1150 partitioning cache hits
The partitioning cache has 2 tilings in it right now
The inferral cache has 71 tilings in it right now
There are 71 tilings in the search tree
Time taken so far is 12.81584906578064 seconds

Doing depth 8
We had 9 inferral cache hits and 4066 partitioning cache hits
The partitioning cache has 41 tilings in it right now
The inferral cache has 117 tilings in it right now
There are 137 tilings in the search tree
Time taken so far is 29.79159951210022 seconds

Now processing 0231_1203
Doing depth 1
We had 0 inferral cache hits and 0 partitioning cache hits
The partitioning cache has 0 tilings in it right now
The inferral cache has 4 tilings in it right now
There are 4 tilings in the search tree
Time taken so far is 0.0058040618896484375 seconds

Doing depth 2
We had 0 inferral cache hits and 13 partitioning cache hits
The partitioning cache has 2 tilings in it right now
The inferral cache has 8 tilings in it right now
There are 8 tilings in the search tree
Time taken so far is 0.02927255630493164 seconds

Doing depth 3
We had 1 inferral cache hits and 46 partitioning cache hits
The partitioning cache has 1 tilings in it right now
The inferral cache has 15 tilings in it right now
There are 13 tilings in the search tree
Time taken so far is 0.07201361656188965 seconds

Doing depth 4
We had 1 inferral cache hits and 62 partitioning cache hits
The partitioning cache has 0 tilings in it right now
The inferral cache has 19 tilings in it right now
There are 15 tilings in the search tree
Time taken so far is 0.09643411636352539 seconds

Doing depth 5
We had 1 inferral cache hits and 185 partitioning cache hits
The partitioning cache has 7 tilings in it right now
The inferral cache has 30 tilings in it right now
There are 24 tilings in the search tree
Time taken so far is 0.2778921127319336 seconds

Doing depth 6
We had 8 inferral cache hits and 517 partitioning cache hits
The partitioning cache has 5 tilings in it right now
The inferral cache has 48 tilings in it right now
There are 39 tilings in the search tree
Time taken so far is 0.8388524055480957 seconds

Doing depth 7
We had 8 inferral cache hits and 785 partitioning cache hits
The partitioning cache has 2 tilings in it right now
The inferral cache has 73 tilings in it right now
There are 52 tilings in the search tree
Time taken so far is 2.1342244148254395 seconds

Doing depth 8
We had 8 inferral cache hits and 2888 partitioning cache hits
The partitioning cache has 34 tilings in it right now
The inferral cache has 135 tilings in it right now
There are 106 tilings in the search tree
Time taken so far is 13.487937211990356 seconds

Now processing 0231_1230
Doing depth 1
We had 0 inferral cache hits and 0 partitioning cache hits
The partitioning cache has 0 tilings in it right now
The inferral cache has 4 tilings in it right now
There are 4 tilings in the search tree
Time taken so far is 0.007590055465698242 seconds

Doing depth 2
We had 0 inferral cache hits and 15 partitioning cache hits
The partitioning cache has 2 tilings in it right now
The inferral cache has 8 tilings in it right now
There are 10 tilings in the search tree
Time taken so far is 0.04050159454345703 seconds

Doing depth 3
We had 1 inferral cache hits and 60 partitioning cache hits
The partitioning cache has 1 tilings in it right now
The inferral cache has 15 tilings in it right now
There are 17 tilings in the search tree
Time taken so far is 0.12533926963806152 seconds

Doing depth 4
We had 1 inferral cache hits and 84 partitioning cache hits
The partitioning cache has 0 tilings in it right now
The inferral cache has 19 tilings in it right now
There are 20 tilings in the search tree
Time taken so far is 0.30311059951782227 seconds

Doing depth 5
We had 1 inferral cache hits and 222 partitioning cache hits
The partitioning cache has 8 tilings in it right now
The inferral cache has 27 tilings in it right now
There are 28 tilings in the search tree
Time taken so far is 0.6344027519226074 seconds

Doing depth 6
We had 9 inferral cache hits and 644 partitioning cache hits
The partitioning cache has 6 tilings in it right now
The inferral cache has 39 tilings in it right now
There are 42 tilings in the search tree
Time taken so far is 1.2054479122161865 seconds

Doing depth 7
We had 9 inferral cache hits and 1022 partitioning cache hits
The partitioning cache has 4 tilings in it right now
The inferral cache has 67 tilings in it right now
There are 58 tilings in the search tree
Time taken so far is 2.220341444015503 seconds

Doing depth 8
We had 9 inferral cache hits and 3720 partitioning cache hits
The partitioning cache has 44 tilings in it right now
The inferral cache has 123 tilings in it right now
There are 116 tilings in the search tree
Time taken so far is 14.272379636764526 seconds

Now processing 0231_2013
Doing depth 1
We had 0 inferral cache hits and 0 partitioning cache hits
The partitioning cache has 0 tilings in it right now
The inferral cache has 4 tilings in it right now
There are 4 tilings in the search tree
Time taken so far is 0.008935928344726562 seconds

Doing depth 2
We had 0 inferral cache hits and 13 partitioning cache hits
The partitioning cache has 2 tilings in it right now
The inferral cache has 8 tilings in it right now
There are 8 tilings in the search tree
Time taken so far is 0.04572033882141113 seconds

Doing depth 3
We had 1 inferral cache hits and 46 partitioning cache hits
The partitioning cache has 1 tilings in it right now
The inferral cache has 15 tilings in it right now
There are 13 tilings in the search tree
Time taken so far is 0.09684252738952637 seconds

Doing depth 4
We had 1 inferral cache hits and 62 partitioning cache hits
The partitioning cache has 0 tilings in it right now
The inferral cache has 19 tilings in it right now
There are 15 tilings in the search tree
Time taken so far is 0.12242698669433594 seconds

Doing depth 5
We had 1 inferral cache hits and 186 partitioning cache hits
The partitioning cache has 7 tilings in it right now
The inferral cache has 30 tilings in it right now
There are 24 tilings in the search tree
Time taken so far is 0.40953826904296875 seconds

Doing depth 6
We had 7 inferral cache hits and 537 partitioning cache hits
The partitioning cache has 5 tilings in it right now
The inferral cache has 50 tilings in it right now
There are 42 tilings in the search tree
Time taken so far is 1.0583760738372803 seconds

Doing depth 7
We had 7 inferral cache hits and 825 partitioning cache hits
The partitioning cache has 3 tilings in it right now
The inferral cache has 78 tilings in it right now
There are 58 tilings in the search tree
Time taken so far is 2.0601754188537598 seconds

Doing depth 8
We had 11 inferral cache hits and 4695 partitioning cache hits
The partitioning cache has 38 tilings in it right now
The inferral cache has 146 tilings in it right now
There are 139 tilings in the search tree
Time taken so far is 8.391067028045654 seconds

Now processing 0231_2031
Doing depth 1
We had 0 inferral cache hits and 0 partitioning cache hits
The partitioning cache has 0 tilings in it right now
The inferral cache has 4 tilings in it right now
There are 4 tilings in the search tree
Time taken so far is 0.0055315494537353516 seconds

Doing depth 2
We had 0 inferral cache hits and 13 partitioning cache hits
The partitioning cache has 2 tilings in it right now
The inferral cache has 8 tilings in it right now
There are 8 tilings in the search tree
Time taken so far is 0.027981042861938477 seconds

Doing depth 3
We had 1 inferral cache hits and 46 partitioning cache hits
The partitioning cache has 1 tilings in it right now
The inferral cache has 15 tilings in it right now
There are 13 tilings in the search tree
Time taken so far is 0.06878781318664551 seconds

Doing depth 4
We had 1 inferral cache hits and 62 partitioning cache hits
The partitioning cache has 0 tilings in it right now
The inferral cache has 19 tilings in it right now
There are 15 tilings in the search tree
Time taken so far is 0.09344244003295898 seconds

Doing depth 5
We had 1 inferral cache hits and 190 partitioning cache hits
The partitioning cache has 7 tilings in it right now
The inferral cache has 30 tilings in it right now
There are 26 tilings in the search tree
Time taken so far is 0.45120859146118164 seconds

Doing depth 6
We had 7 inferral cache hits and 541 partitioning cache hits
The partitioning cache has 5 tilings in it right now
The inferral cache has 48 tilings in it right now
There are 42 tilings in the search tree
Time taken so far is 3.0768015384674072 seconds

Doing depth 7
We had 7 inferral cache hits and 817 partitioning cache hits
The partitioning cache has 1 tilings in it right now
The inferral cache has 73 tilings in it right now
There are 56 tilings in the search tree
Time taken so far is 12.178227663040161 seconds

Doing depth 8
We had 9 inferral cache hits and 3202 partitioning cache hits
The partitioning cache has 37 tilings in it right now
The inferral cache has 135 tilings in it right now
There are 121 tilings in the search tree
Time taken so far is 31.779361724853516 seconds

Now processing 0231_2130
Doing depth 1
We had 0 inferral cache hits and 0 partitioning cache hits
The partitioning cache has 0 tilings in it right now
The inferral cache has 4 tilings in it right now
There are 4 tilings in the search tree
Time taken so far is 0.007834196090698242 seconds

Doing depth 2
We had 0 inferral cache hits and 15 partitioning cache hits
The partitioning cache has 2 tilings in it right now
The inferral cache has 8 tilings in it right now
There are 10 tilings in the search tree
Time taken so far is 0.04076099395751953 seconds

Doing depth 3
We had 1 inferral cache hits and 60 partitioning cache hits
The partitioning cache has 1 tilings in it right now
The inferral cache has 16 tilings in it right now
There are 17 tilings in the search tree
Time taken so far is 0.1283576488494873 seconds

Doing depth 4
We had 1 inferral cache hits and 84 partitioning cache hits
The partitioning cache has 0 tilings in it right now
The inferral cache has 20 tilings in it right now
There are 20 tilings in the search tree
Time taken so far is 0.2910754680633545 seconds

Doing depth 5
We had 1 inferral cache hits and 219 partitioning cache hits
The partitioning cache has 8 tilings in it right now
The inferral cache has 28 tilings in it right now
There are 28 tilings in the search tree
Time taken so far is 0.5418429374694824 seconds

Doing depth 6
We had 9 inferral cache hits and 624 partitioning cache hits
The partitioning cache has 6 tilings in it right now
The inferral cache has 41 tilings in it right now
There are 42 tilings in the search tree
Time taken so far is 1.1010468006134033 seconds

Doing depth 7
We had 9 inferral cache hits and 988 partitioning cache hits
The partitioning cache has 2 tilings in it right now
The inferral cache has 71 tilings in it right now
There are 58 tilings in the search tree
Time taken so far is 2.2910826206207275 seconds

Doing depth 8
We had 10 inferral cache hits and 3622 partitioning cache hits
The partitioning cache has 43 tilings in it right now
The inferral cache has 136 tilings in it right now
There are 120 tilings in the search tree
Time taken so far is 11.708694219589233 seconds

Now processing 0231_2301
Doing depth 1
We had 0 inferral cache hits and 0 partitioning cache hits
The partitioning cache has 0 tilings in it right now
The inferral cache has 4 tilings in it right now
There are 4 tilings in the search tree
Time taken so far is 0.009202718734741211 seconds

Doing depth 2
We had 0 inferral cache hits and 13 partitioning cache hits
The partitioning cache has 2 tilings in it right now
The inferral cache has 8 tilings in it right now
There are 8 tilings in the search tree
Time taken so far is 0.04337954521179199 seconds

Doing depth 3
We had 1 inferral cache hits and 46 partitioning cache hits
The partitioning cache has 1 tilings in it right now
The inferral cache has 15 tilings in it right now
There are 13 tilings in the search tree
Time taken so far is 0.08894181251525879 seconds

Doing depth 4
We had 1 inferral cache hits and 62 partitioning cache hits
The partitioning cache has 0 tilings in it right now
The inferral cache has 19 tilings in it right now
There are 15 tilings in the search tree
Time taken so far is 0.1138601303100586 seconds

Doing depth 5
We had 1 inferral cache hits and 195 partitioning cache hits
The partitioning cache has 7 tilings in it right now
The inferral cache has 27 tilings in it right now
There are 23 tilings in the search tree
Time taken so far is 0.3039865493774414 seconds

Doing depth 6
We had 7 inferral cache hits and 541 partitioning cache hits
The partitioning cache has 5 tilings in it right now
The inferral cache has 38 tilings in it right now
There are 38 tilings in the search tree
Time taken so far is 0.7935488224029541 seconds

Doing depth 7
We had 7 inferral cache hits and 830 partitioning cache hits
The partitioning cache has 3 tilings in it right now
The inferral cache has 62 tilings in it right now
There are 53 tilings in the search tree
Time taken so far is 1.8479318618774414 seconds

Doing depth 8
We had 9 inferral cache hits and 3198 partitioning cache hits
The partitioning cache has 36 tilings in it right now
The inferral cache has 116 tilings in it right now
There are 115 tilings in the search tree
Time taken so far is 7.074566602706909 seconds

Now processing 0231_3012
Doing depth 1
We had 0 inferral cache hits and 0 partitioning cache hits
The partitioning cache has 0 tilings in it right now
The inferral cache has 4 tilings in it right now
There are 4 tilings in the search tree
Time taken so far is 0.01233530044555664 seconds

Doing depth 2
We had 0 inferral cache hits and 13 partitioning cache hits
The partitioning cache has 2 tilings in it right now
The inferral cache has 8 tilings in it right now
There are 8 tilings in the search tree
Time taken so far is 0.05532693862915039 seconds

Doing depth 3
We had 1 inferral cache hits and 46 partitioning cache hits
The partitioning cache has 1 tilings in it right now
The inferral cache has 15 tilings in it right now
There are 13 tilings in the search tree
Time taken so far is 0.1152348518371582 seconds

Doing depth 4
We had 1 inferral cache hits and 62 partitioning cache hits
The partitioning cache has 0 tilings in it right now
The inferral cache has 19 tilings in it right now
There are 15 tilings in the search tree
Time taken so far is 0.1467280387878418 seconds

Doing depth 5
We had 1 inferral cache hits and 186 partitioning cache hits
The partitioning cache has 7 tilings in it right now
The inferral cache has 30 tilings in it right now
There are 24 tilings in the search tree
Time taken so far is 0.5319793224334717 seconds

Doing depth 6
We had 7 inferral cache hits and 537 partitioning cache hits
The partitioning cache has 5 tilings in it right now
The inferral cache has 50 tilings in it right now
There are 42 tilings in the search tree
Time taken so far is 1.2045190334320068 seconds

Doing depth 7
We had 7 inferral cache hits and 825 partitioning cache hits
The partitioning cache has 2 tilings in it right now
The inferral cache has 78 tilings in it right now
There are 58 tilings in the search tree
Time taken so far is 2.159066677093506 seconds

Doing depth 8
We had 7 inferral cache hits and 2942 partitioning cache hits
The partitioning cache has 31 tilings in it right now
The inferral cache has 132 tilings in it right now
There are 110 tilings in the search tree
Time taken so far is 8.689847230911255 seconds

Now processing 0321_1032
Doing depth 1
We had 0 inferral cache hits and 0 partitioning cache hits
The partitioning cache has 0 tilings in it right now
The inferral cache has 4 tilings in it right now
There are 4 tilings in the search tree
Time taken so far is 0.010290861129760742 seconds

Doing depth 2
We had 0 inferral cache hits and 13 partitioning cache hits
The partitioning cache has 2 tilings in it right now
The inferral cache has 8 tilings in it right now
There are 8 tilings in the search tree
Time taken so far is 0.04920506477355957 seconds

Doing depth 3
We had 1 inferral cache hits and 46 partitioning cache hits
The partitioning cache has 1 tilings in it right now
The inferral cache has 15 tilings in it right now
There are 13 tilings in the search tree
Time taken so far is 0.10261034965515137 seconds

Doing depth 4
We had 1 inferral cache hits and 62 partitioning cache hits
The partitioning cache has 0 tilings in it right now
The inferral cache has 19 tilings in it right now
There are 15 tilings in the search tree
Time taken so far is 0.12752127647399902 seconds

Doing depth 5
We had 1 inferral cache hits and 200 partitioning cache hits
The partitioning cache has 8 tilings in it right now
The inferral cache has 27 tilings in it right now
There are 25 tilings in the search tree
Time taken so far is 0.4600539207458496 seconds

Doing depth 6
We had 9 inferral cache hits and 607 partitioning cache hits
The partitioning cache has 6 tilings in it right now
The inferral cache has 39 tilings in it right now
There are 45 tilings in the search tree
Time taken so far is 2.1658382415771484 seconds

Doing depth 7
We had 9 inferral cache hits and 972 partitioning cache hits
The partitioning cache has 2 tilings in it right now
The inferral cache has 70 tilings in it right now
There are 64 tilings in the search tree
Time taken so far is 7.5752551555633545 seconds

Doing depth 8
We had 9 inferral cache hits and 3647 partitioning cache hits
The partitioning cache has 41 tilings in it right now
The inferral cache has 118 tilings in it right now
There are 126 tilings in the search tree
Time taken so far is 18.229024648666382 seconds

Now processing 0321_2103
Doing depth 1
We had 0 inferral cache hits and 0 partitioning cache hits
The partitioning cache has 0 tilings in it right now
The inferral cache has 4 tilings in it right now
There are 4 tilings in the search tree
Time taken so far is 0.00961613655090332 seconds

Doing depth 2
We had 0 inferral cache hits and 13 partitioning cache hits
The partitioning cache has 2 tilings in it right now
The inferral cache has 8 tilings in it right now
There are 8 tilings in the search tree
Time taken so far is 0.045801639556884766 seconds

Doing depth 3
We had 1 inferral cache hits and 46 partitioning cache hits
The partitioning cache has 1 tilings in it right now
The inferral cache has 15 tilings in it right now
There are 13 tilings in the search tree
Time taken so far is 0.0951681137084961 seconds

Doing depth 4
We had 1 inferral cache hits and 62 partitioning cache hits
The partitioning cache has 0 tilings in it right now
The inferral cache has 19 tilings in it right now
There are 15 tilings in the search tree
Time taken so far is 0.12211084365844727 seconds

Doing depth 5
We had 1 inferral cache hits and 185 partitioning cache hits
The partitioning cache has 7 tilings in it right now
The inferral cache has 30 tilings in it right now
There are 24 tilings in the search tree
Time taken so far is 0.3480660915374756 seconds

Doing depth 6
We had 7 inferral cache hits and 513 partitioning cache hits
The partitioning cache has 5 tilings in it right now
The inferral cache has 50 tilings in it right now
There are 39 tilings in the search tree
Time taken so far is 0.9638984203338623 seconds

Doing depth 7
We had 7 inferral cache hits and 767 partitioning cache hits
The partitioning cache has 2 tilings in it right now
The inferral cache has 75 tilings in it right now
There are 52 tilings in the search tree
Time taken so far is 1.9300339221954346 seconds

Doing depth 8
We had 7 inferral cache hits and 2830 partitioning cache hits
The partitioning cache has 29 tilings in it right now
The inferral cache has 146 tilings in it right now
There are 109 tilings in the search tree
Time taken so far is 7.259868621826172 seconds

Now processing 1032_1302
Doing depth 1
We had 0 inferral cache hits and 0 partitioning cache hits
The partitioning cache has 0 tilings in it right now
The inferral cache has 3 tilings in it right now
There are 4 tilings in the search tree
Time taken so far is 0.005342245101928711 seconds

Doing depth 2
We had 0 inferral cache hits and 13 partitioning cache hits
The partitioning cache has 2 tilings in it right now
The inferral cache has 7 tilings in it right now
There are 8 tilings in the search tree
Time taken so far is 0.02921915054321289 seconds

Doing depth 3
We had 1 inferral cache hits and 46 partitioning cache hits
The partitioning cache has 1 tilings in it right now
The inferral cache has 12 tilings in it right now
There are 13 tilings in the search tree
Time taken so far is 0.07362508773803711 seconds

Doing depth 4
We had 1 inferral cache hits and 62 partitioning cache hits
The partitioning cache has 1 tilings in it right now
The inferral cache has 15 tilings in it right now
There are 15 tilings in the search tree
Time taken so far is 0.09915781021118164 seconds

Doing depth 5
We had 1 inferral cache hits and 187 partitioning cache hits
The partitioning cache has 7 tilings in it right now
The inferral cache has 26 tilings in it right now
There are 24 tilings in the search tree
Time taken so far is 0.38943004608154297 seconds

Doing depth 6
We had 8 inferral cache hits and 521 partitioning cache hits
The partitioning cache has 5 tilings in it right now
The inferral cache has 43 tilings in it right now
There are 39 tilings in the search tree
Time taken so far is 1.0774459838867188 seconds

Doing depth 7
We had 8 inferral cache hits and 790 partitioning cache hits
The partitioning cache has 6 tilings in it right now
The inferral cache has 63 tilings in it right now
There are 52 tilings in the search tree
Time taken so far is 2.506463050842285 seconds

Doing depth 8
We had 8 inferral cache hits and 3064 partitioning cache hits
The partitioning cache has 36 tilings in it right now
The inferral cache has 131 tilings in it right now
There are 110 tilings in the search tree
Time taken so far is 15.10975432395935 seconds

Now processing 1032_2301
Doing depth 1
We had 0 inferral cache hits and 0 partitioning cache hits
The partitioning cache has 0 tilings in it right now
The inferral cache has 3 tilings in it right now
There are 4 tilings in the search tree
Time taken so far is 0.007916927337646484 seconds

Doing depth 2
We had 0 inferral cache hits and 13 partitioning cache hits
The partitioning cache has 2 tilings in it right now
The inferral cache has 7 tilings in it right now
There are 8 tilings in the search tree
Time taken so far is 0.0438535213470459 seconds

Doing depth 3
We had 1 inferral cache hits and 46 partitioning cache hits
The partitioning cache has 1 tilings in it right now
The inferral cache has 12 tilings in it right now
There are 13 tilings in the search tree
Time taken so far is 0.09291791915893555 seconds

Doing depth 4
We had 1 inferral cache hits and 62 partitioning cache hits
The partitioning cache has 0 tilings in it right now
The inferral cache has 16 tilings in it right now
There are 15 tilings in the search tree
Time taken so far is 0.11881017684936523 seconds

Doing depth 5
We had 1 inferral cache hits and 194 partitioning cache hits
The partitioning cache has 8 tilings in it right now
The inferral cache has 24 tilings in it right now
There are 23 tilings in the search tree
Time taken so far is 0.2741532325744629 seconds

Doing depth 6
We had 9 inferral cache hits and 555 partitioning cache hits
The partitioning cache has 6 tilings in it right now
The inferral cache has 35 tilings in it right now
There are 36 tilings in the search tree
Time taken so far is 0.5673434734344482 seconds

Doing depth 7
We had 9 inferral cache hits and 870 partitioning cache hits
The partitioning cache has 4 tilings in it right now
The inferral cache has 65 tilings in it right now
There are 52 tilings in the search tree
Time taken so far is 1.5784845352172852 seconds

Doing depth 8
We had 10 inferral cache hits and 3012 partitioning cache hits
The partitioning cache has 34 tilings in it right now
The inferral cache has 113 tilings in it right now
There are 106 tilings in the search tree
Time taken so far is 8.748964548110962 seconds

