/users/home/henningu/ATRAP/non-regular-insertion-encodable-bases/logs_length2
Now processing 0123_0132
Doing depth 1
We had 0 inferral cache hits and 0 partitioning cache hits
The partitioning cache has 0 tilings in it right now
The inferral cache has 10 tilings in it right now
There are 7 tilings in the search tree
Time taken so far is 0.040914058685302734 seconds

Doing depth 2
We had 4 inferral cache hits and 122 partitioning cache hits
The partitioning cache has 8 tilings in it right now
The inferral cache has 54 tilings in it right now
There are 34 tilings in the search tree
Time taken so far is 0.43882036209106445 seconds

Doing depth 3
We had 12 inferral cache hits and 1871 partitioning cache hits
The partitioning cache has 88 tilings in it right now
The inferral cache has 226 tilings in it right now
There are 168 tilings in the search tree
Time taken so far is 3.7457773685455322 seconds

Doing depth 4
We had 331 inferral cache hits and 21358 partitioning cache hits
The partitioning cache has 268 tilings in it right now
The inferral cache has 1284 tilings in it right now
There are 867 tilings in the search tree
Time taken so far is 37.9788339138031 seconds

Now processing 0123_0213
Doing depth 1
We had 0 inferral cache hits and 0 partitioning cache hits
The partitioning cache has 0 tilings in it right now
The inferral cache has 10 tilings in it right now
There are 7 tilings in the search tree
Time taken so far is 0.042954444885253906 seconds

Doing depth 2
We had 4 inferral cache hits and 126 partitioning cache hits
The partitioning cache has 8 tilings in it right now
The inferral cache has 54 tilings in it right now
There are 36 tilings in the search tree
Time taken so far is 0.5348930358886719 seconds

Doing depth 3
We had 12 inferral cache hits and 2001 partitioning cache hits
The partitioning cache has 86 tilings in it right now
The inferral cache has 244 tilings in it right now
There are 184 tilings in the search tree
Time taken so far is 4.389391899108887 seconds

Doing depth 4
We had 352 inferral cache hits and 28239 partitioning cache hits
The partitioning cache has 323 tilings in it right now
The inferral cache has 1524 tilings in it right now
There are 1039 tilings in the search tree
Time taken so far is 48.23232102394104 seconds

Now processing 0123_0231
Doing depth 1
We had 0 inferral cache hits and 0 partitioning cache hits
The partitioning cache has 0 tilings in it right now
The inferral cache has 10 tilings in it right now
There are 7 tilings in the search tree
Time taken so far is 0.04585909843444824 seconds

Doing depth 2
We had 4 inferral cache hits and 122 partitioning cache hits
The partitioning cache has 8 tilings in it right now
The inferral cache has 57 tilings in it right now
There are 34 tilings in the search tree
Time taken so far is 0.44222021102905273 seconds

Doing depth 3
We had 12 inferral cache hits and 1908 partitioning cache hits
The partitioning cache has 88 tilings in it right now
The inferral cache has 258 tilings in it right now
There are 178 tilings in the search tree
Time taken so far is 3.5954079627990723 seconds

Doing depth 4
We had 382 inferral cache hits and 30126 partitioning cache hits
The partitioning cache has 358 tilings in it right now
The inferral cache has 1739 tilings in it right now
There are 1042 tilings in the search tree
Time taken so far is 47.80595326423645 seconds

Now processing 0123_1230
Doing depth 1
We had 0 inferral cache hits and 0 partitioning cache hits
The partitioning cache has 0 tilings in it right now
The inferral cache has 10 tilings in it right now
There are 7 tilings in the search tree
Time taken so far is 0.03434038162231445 seconds

Doing depth 2
We had 5 inferral cache hits and 116 partitioning cache hits
The partitioning cache has 8 tilings in it right now
The inferral cache has 51 tilings in it right now
There are 34 tilings in the search tree
Time taken so far is 0.45052003860473633 seconds

Doing depth 3
We had 13 inferral cache hits and 1836 partitioning cache hits
The partitioning cache has 88 tilings in it right now
The inferral cache has 217 tilings in it right now
There are 166 tilings in the search tree
Time taken so far is 3.87587571144104 seconds

Doing depth 4
We had 329 inferral cache hits and 19192 partitioning cache hits
The partitioning cache has 291 tilings in it right now
The inferral cache has 1252 tilings in it right now
There are 799 tilings in the search tree
Time taken so far is 32.075047969818115 seconds

Now processing 0123_2301
Doing depth 1
We had 0 inferral cache hits and 0 partitioning cache hits
The partitioning cache has 0 tilings in it right now
The inferral cache has 10 tilings in it right now
There are 7 tilings in the search tree
Time taken so far is 0.033956050872802734 seconds

Doing depth 2
We had 4 inferral cache hits and 116 partitioning cache hits
The partitioning cache has 8 tilings in it right now
The inferral cache has 54 tilings in it right now
There are 31 tilings in the search tree
Time taken so far is 0.42569851875305176 seconds

Doing depth 3
We had 12 inferral cache hits and 1824 partitioning cache hits
The partitioning cache has 82 tilings in it right now
The inferral cache has 252 tilings in it right now
There are 167 tilings in the search tree
Time taken so far is 3.884648323059082 seconds

Doing depth 4
We had 300 inferral cache hits and 25524 partitioning cache hits
The partitioning cache has 333 tilings in it right now
The inferral cache has 1634 tilings in it right now
There are 909 tilings in the search tree
Time taken so far is 37.218446016311646 seconds

Now processing 0132_0213
Doing depth 1
We had 0 inferral cache hits and 0 partitioning cache hits
The partitioning cache has 0 tilings in it right now
The inferral cache has 10 tilings in it right now
There are 7 tilings in the search tree
Time taken so far is 0.03772306442260742 seconds

Doing depth 2
We had 4 inferral cache hits and 122 partitioning cache hits
The partitioning cache has 8 tilings in it right now
The inferral cache has 58 tilings in it right now
There are 34 tilings in the search tree
Time taken so far is 0.5087423324584961 seconds

Doing depth 3
We had 12 inferral cache hits and 2002 partitioning cache hits
The partitioning cache has 96 tilings in it right now
The inferral cache has 266 tilings in it right now
There are 184 tilings in the search tree
Time taken so far is 4.90431022644043 seconds

Doing depth 4
We had 379 inferral cache hits and 36107 partitioning cache hits
The partitioning cache has 405 tilings in it right now
The inferral cache has 1844 tilings in it right now
There are 1175 tilings in the search tree
Time taken so far is 55.15592432022095 seconds

Now processing 0132_0321
Doing depth 1
We had 0 inferral cache hits and 0 partitioning cache hits
The partitioning cache has 0 tilings in it right now
The inferral cache has 8 tilings in it right now
There are 7 tilings in the search tree
Time taken so far is 0.03461885452270508 seconds

Doing depth 2
We had 5 inferral cache hits and 118 partitioning cache hits
The partitioning cache has 10 tilings in it right now
The inferral cache has 51 tilings in it right now
There are 34 tilings in the search tree
Time taken so far is 0.4173445701599121 seconds

Doing depth 3
We had 13 inferral cache hits and 1830 partitioning cache hits
The partitioning cache has 100 tilings in it right now
The inferral cache has 223 tilings in it right now
There are 174 tilings in the search tree
Time taken so far is 3.478803873062134 seconds

Doing depth 4
We had 365 inferral cache hits and 23853 partitioning cache hits
The partitioning cache has 420 tilings in it right now
The inferral cache has 1374 tilings in it right now
There are 935 tilings in the search tree
Time taken so far is 39.41733956336975 seconds

Now processing 0132_1023
Doing depth 1
We had 0 inferral cache hits and 0 partitioning cache hits
The partitioning cache has 0 tilings in it right now
The inferral cache has 10 tilings in it right now
There are 7 tilings in the search tree
Time taken so far is 0.0308535099029541 seconds

Doing depth 2
We had 4 inferral cache hits and 116 partitioning cache hits
The partitioning cache has 8 tilings in it right now
The inferral cache has 54 tilings in it right now
There are 31 tilings in the search tree
Time taken so far is 0.4035305976867676 seconds

Doing depth 3
We had 12 inferral cache hits and 1774 partitioning cache hits
The partitioning cache has 84 tilings in it right now
The inferral cache has 260 tilings in it right now
There are 168 tilings in the search tree
Time taken so far is 3.796602964401245 seconds

Doing depth 4
We had 352 inferral cache hits and 25774 partitioning cache hits
The partitioning cache has 272 tilings in it right now
The inferral cache has 1910 tilings in it right now
There are 979 tilings in the search tree
Time taken so far is 44.27910327911377 seconds

Now processing 0132_1032
Doing depth 1
We had 0 inferral cache hits and 0 partitioning cache hits
The partitioning cache has 0 tilings in it right now
The inferral cache has 8 tilings in it right now
There are 7 tilings in the search tree
Time taken so far is 0.040468454360961914 seconds

Doing depth 2
We had 5 inferral cache hits and 112 partitioning cache hits
The partitioning cache has 8 tilings in it right now
The inferral cache has 53 tilings in it right now
There are 31 tilings in the search tree
Time taken so far is 0.4258911609649658 seconds

Doing depth 3
We had 13 inferral cache hits and 1804 partitioning cache hits
The partitioning cache has 97 tilings in it right now
The inferral cache has 257 tilings in it right now
There are 175 tilings in the search tree
Time taken so far is 4.374548673629761 seconds

Doing depth 4
We had 350 inferral cache hits and 30964 partitioning cache hits
The partitioning cache has 470 tilings in it right now
The inferral cache has 1853 tilings in it right now
There are 1118 tilings in the search tree
Time taken so far is 51.16650652885437 seconds

Now processing 0132_1203
Doing depth 1
We had 0 inferral cache hits and 0 partitioning cache hits
The partitioning cache has 0 tilings in it right now
The inferral cache has 10 tilings in it right now
There are 7 tilings in the search tree
Time taken so far is 0.02952265739440918 seconds

Doing depth 2
We had 4 inferral cache hits and 116 partitioning cache hits
The partitioning cache has 8 tilings in it right now
The inferral cache has 59 tilings in it right now
There are 31 tilings in the search tree
Time taken so far is 0.4135560989379883 seconds

Doing depth 3
We had 12 inferral cache hits and 1856 partitioning cache hits
The partitioning cache has 93 tilings in it right now
The inferral cache has 289 tilings in it right now
There are 179 tilings in the search tree
Time taken so far is 4.1360509395599365 seconds

Doing depth 4
We had 401 inferral cache hits and 36808 partitioning cache hits
The partitioning cache has 435 tilings in it right now
The inferral cache has 2322 tilings in it right now
There are 1232 tilings in the search tree
Time taken so far is 56.4178147315979 seconds

Now processing 0132_1230
Doing depth 1
We had 0 inferral cache hits and 0 partitioning cache hits
The partitioning cache has 0 tilings in it right now
The inferral cache has 9 tilings in it right now
There are 7 tilings in the search tree
Time taken so far is 0.04234170913696289 seconds

Doing depth 2
We had 4 inferral cache hits and 118 partitioning cache hits
The partitioning cache has 7 tilings in it right now
The inferral cache has 55 tilings in it right now
There are 33 tilings in the search tree
Time taken so far is 0.42844605445861816 seconds

Doing depth 3
We had 11 inferral cache hits and 1814 partitioning cache hits
The partitioning cache has 87 tilings in it right now
The inferral cache has 247 tilings in it right now
There are 171 tilings in the search tree
Time taken so far is 3.738053798675537 seconds

Doing depth 4
We had 319 inferral cache hits and 25684 partitioning cache hits
The partitioning cache has 355 tilings in it right now
The inferral cache has 1592 tilings in it right now
There are 930 tilings in the search tree
Time taken so far is 38.35137462615967 seconds

Now processing 0132_1320
Doing depth 1
We had 0 inferral cache hits and 0 partitioning cache hits
The partitioning cache has 0 tilings in it right now
The inferral cache has 9 tilings in it right now
There are 7 tilings in the search tree
Time taken so far is 0.03192329406738281 seconds

Doing depth 2
We had 4 inferral cache hits and 118 partitioning cache hits
The partitioning cache has 9 tilings in it right now
The inferral cache has 54 tilings in it right now
There are 33 tilings in the search tree
Time taken so far is 0.41652393341064453 seconds

Doing depth 3
We had 12 inferral cache hits and 1871 partitioning cache hits
The partitioning cache has 94 tilings in it right now
The inferral cache has 265 tilings in it right now
There are 183 tilings in the search tree
Time taken so far is 4.1719207763671875 seconds

Doing depth 4
We had 395 inferral cache hits and 37943 partitioning cache hits
The partitioning cache has 451 tilings in it right now
The inferral cache has 2093 tilings in it right now
There are 1195 tilings in the search tree
Time taken so far is 56.533435106277466 seconds

Now processing 0132_2301
Doing depth 1
We had 0 inferral cache hits and 0 partitioning cache hits
The partitioning cache has 0 tilings in it right now
The inferral cache has 8 tilings in it right now
There are 7 tilings in the search tree
Time taken so far is 0.04142951965332031 seconds

Doing depth 2
We had 5 inferral cache hits and 112 partitioning cache hits
The partitioning cache has 8 tilings in it right now
The inferral cache has 53 tilings in it right now
There are 31 tilings in the search tree
Time taken so far is 0.4599893093109131 seconds

Doing depth 3
We had 13 inferral cache hits and 1804 partitioning cache hits
The partitioning cache has 83 tilings in it right now
The inferral cache has 272 tilings in it right now
There are 175 tilings in the search tree
Time taken so far is 4.44150710105896 seconds

Doing depth 4
We had 346 inferral cache hits and 32412 partitioning cache hits
The partitioning cache has 428 tilings in it right now
The inferral cache has 2033 tilings in it right now
There are 1073 tilings in the search tree
Time taken so far is 45.32068419456482 seconds

Now processing 0132_3120
Doing depth 1
We had 0 inferral cache hits and 0 partitioning cache hits
The partitioning cache has 0 tilings in it right now
The inferral cache has 10 tilings in it right now
There are 7 tilings in the search tree
Time taken so far is 0.034954071044921875 seconds

Doing depth 2
We had 4 inferral cache hits and 122 partitioning cache hits
The partitioning cache has 8 tilings in it right now
The inferral cache has 58 tilings in it right now
There are 34 tilings in the search tree
Time taken so far is 0.4717409610748291 seconds

Doing depth 3
We had 12 inferral cache hits and 1900 partitioning cache hits
The partitioning cache has 90 tilings in it right now
The inferral cache has 276 tilings in it right now
There are 182 tilings in the search tree
Time taken so far is 3.7003705501556396 seconds

Doing depth 4
We had 361 inferral cache hits and 34459 partitioning cache hits
The partitioning cache has 402 tilings in it right now
The inferral cache has 2052 tilings in it right now
There are 1090 tilings in the search tree
Time taken so far is 48.81267714500427 seconds

Now processing 0213_0321
Doing depth 1
We had 0 inferral cache hits and 0 partitioning cache hits
The partitioning cache has 0 tilings in it right now
The inferral cache has 10 tilings in it right now
There are 7 tilings in the search tree
Time taken so far is 0.034487009048461914 seconds

Doing depth 2
We had 4 inferral cache hits and 122 partitioning cache hits
The partitioning cache has 8 tilings in it right now
The inferral cache has 56 tilings in it right now
There are 34 tilings in the search tree
Time taken so far is 0.47382664680480957 seconds

Doing depth 3
We had 12 inferral cache hits and 1928 partitioning cache hits
The partitioning cache has 97 tilings in it right now
The inferral cache has 255 tilings in it right now
There are 182 tilings in the search tree
Time taken so far is 4.160455942153931 seconds

Doing depth 4
We had 381 inferral cache hits and 33159 partitioning cache hits
The partitioning cache has 440 tilings in it right now
The inferral cache has 1757 tilings in it right now
There are 1116 tilings in the search tree
Time taken so far is 50.43587136268616 seconds

Now processing 0213_1230
Doing depth 1
We had 0 inferral cache hits and 0 partitioning cache hits
The partitioning cache has 0 tilings in it right now
The inferral cache has 10 tilings in it right now
There are 7 tilings in the search tree
Time taken so far is 0.0468897819519043 seconds

Doing depth 2
We had 4 inferral cache hits and 120 partitioning cache hits
The partitioning cache has 8 tilings in it right now
The inferral cache has 54 tilings in it right now
There are 34 tilings in the search tree
Time taken so far is 0.43460726737976074 seconds

Doing depth 3
We had 12 inferral cache hits and 1920 partitioning cache hits
The partitioning cache has 90 tilings in it right now
The inferral cache has 262 tilings in it right now
There are 182 tilings in the search tree
Time taken so far is 3.9628779888153076 seconds

Doing depth 4
We had 384 inferral cache hits and 32440 partitioning cache hits
The partitioning cache has 385 tilings in it right now
The inferral cache has 2171 tilings in it right now
There are 1164 tilings in the search tree
Time taken so far is 55.52022123336792 seconds

Now processing 0213_1320
Doing depth 1
We had 0 inferral cache hits and 0 partitioning cache hits
The partitioning cache has 0 tilings in it right now
The inferral cache has 10 tilings in it right now
There are 7 tilings in the search tree
Time taken so far is 0.032243967056274414 seconds

Doing depth 2
We had 4 inferral cache hits and 120 partitioning cache hits
The partitioning cache has 8 tilings in it right now
The inferral cache has 57 tilings in it right now
There are 34 tilings in the search tree
Time taken so far is 0.46681714057922363 seconds

Doing depth 3
We had 12 inferral cache hits and 1980 partitioning cache hits
The partitioning cache has 94 tilings in it right now
The inferral cache has 296 tilings in it right now
There are 194 tilings in the search tree
Time taken so far is 5.013643264770508 seconds

Doing depth 4
We had 395 inferral cache hits and 50475 partitioning cache hits
The partitioning cache has 567 tilings in it right now
The inferral cache has 2706 tilings in it right now
There are 1472 tilings in the search tree
Time taken so far is 75.5473382472992 seconds

Now processing 0213_2301
Doing depth 1
We had 0 inferral cache hits and 0 partitioning cache hits
The partitioning cache has 0 tilings in it right now
The inferral cache has 10 tilings in it right now
There are 7 tilings in the search tree
Time taken so far is 0.02795553207397461 seconds

Doing depth 2
We had 4 inferral cache hits and 116 partitioning cache hits
The partitioning cache has 8 tilings in it right now
The inferral cache has 58 tilings in it right now
There are 31 tilings in the search tree
Time taken so far is 0.405134916305542 seconds

Doing depth 3
We had 12 inferral cache hits and 1904 partitioning cache hits
The partitioning cache has 82 tilings in it right now
The inferral cache has 292 tilings in it right now
There are 183 tilings in the search tree
Time taken so far is 4.2473859786987305 seconds

Doing depth 4
We had 335 inferral cache hits and 40213 partitioning cache hits
The partitioning cache has 449 tilings in it right now
The inferral cache has 2460 tilings in it right now
There are 1287 tilings in the search tree
Time taken so far is 59.22834491729736 seconds

Now processing 0213_3120
Doing depth 1
We had 0 inferral cache hits and 0 partitioning cache hits
The partitioning cache has 0 tilings in it right now
The inferral cache has 10 tilings in it right now
There are 7 tilings in the search tree
Time taken so far is 0.053002357482910156 seconds

Doing depth 2
We had 4 inferral cache hits and 126 partitioning cache hits
The partitioning cache has 8 tilings in it right now
The inferral cache has 58 tilings in it right now
There are 36 tilings in the search tree
Time taken so far is 0.47351646423339844 seconds

Doing depth 3
We had 12 inferral cache hits and 2024 partitioning cache hits
The partitioning cache has 100 tilings in it right now
The inferral cache has 282 tilings in it right now
There are 196 tilings in the search tree
Time taken so far is 4.530632734298706 seconds

Doing depth 4
We had 397 inferral cache hits and 40434 partitioning cache hits
The partitioning cache has 535 tilings in it right now
The inferral cache has 2462 tilings in it right now
There are 1302 tilings in the search tree
Time taken so far is 61.9591908454895 seconds

Now processing 0231_0312
Doing depth 1
We had 0 inferral cache hits and 0 partitioning cache hits
The partitioning cache has 0 tilings in it right now
The inferral cache has 8 tilings in it right now
There are 7 tilings in the search tree
Time taken so far is 0.03121161460876465 seconds

Doing depth 2
We had 5 inferral cache hits and 118 partitioning cache hits
The partitioning cache has 10 tilings in it right now
The inferral cache has 55 tilings in it right now
There are 34 tilings in the search tree
Time taken so far is 0.43004798889160156 seconds

Doing depth 3
We had 13 inferral cache hits and 2080 partitioning cache hits
The partitioning cache has 110 tilings in it right now
The inferral cache has 284 tilings in it right now
There are 200 tilings in the search tree
Time taken so far is 4.811158895492554 seconds

Doing depth 4
We had 486 inferral cache hits and 51433 partitioning cache hits
The partitioning cache has 667 tilings in it right now
The inferral cache has 2342 tilings in it right now
There are 1479 tilings in the search tree
Time taken so far is 73.89413619041443 seconds

Now processing 0231_0321
Doing depth 1
We had 0 inferral cache hits and 0 partitioning cache hits
The partitioning cache has 0 tilings in it right now
The inferral cache has 8 tilings in it right now
There are 7 tilings in the search tree
Time taken so far is 0.031763553619384766 seconds

Doing depth 2
We had 5 inferral cache hits and 118 partitioning cache hits
The partitioning cache has 10 tilings in it right now
The inferral cache has 51 tilings in it right now
There are 34 tilings in the search tree
Time taken so far is 0.4562695026397705 seconds

Doing depth 3
We had 13 inferral cache hits and 1972 partitioning cache hits
The partitioning cache has 103 tilings in it right now
The inferral cache has 249 tilings in it right now
There are 189 tilings in the search tree
Time taken so far is 4.087177991867065 seconds

Doing depth 4
We had 438 inferral cache hits and 40410 partitioning cache hits
The partitioning cache has 519 tilings in it right now
The inferral cache has 1768 tilings in it right now
There are 1214 tilings in the search tree
Time taken so far is 56.69788432121277 seconds

Now processing 0231_1203
Doing depth 1
We had 0 inferral cache hits and 0 partitioning cache hits
The partitioning cache has 0 tilings in it right now
The inferral cache has 10 tilings in it right now
There are 7 tilings in the search tree
Time taken so far is 0.030205249786376953 seconds

Doing depth 2
We had 4 inferral cache hits and 116 partitioning cache hits
The partitioning cache has 8 tilings in it right now
The inferral cache has 62 tilings in it right now
There are 31 tilings in the search tree
Time taken so far is 0.4097285270690918 seconds

Doing depth 3
We had 12 inferral cache hits and 1944 partitioning cache hits
The partitioning cache has 90 tilings in it right now
The inferral cache has 309 tilings in it right now
There are 191 tilings in the search tree
Time taken so far is 4.773630857467651 seconds

Doing depth 4
We had 385 inferral cache hits and 55582 partitioning cache hits
The partitioning cache has 557 tilings in it right now
The inferral cache has 2911 tilings in it right now
There are 1654 tilings in the search tree
Time taken so far is 96.0682578086853 seconds

Now processing 0231_1230
Doing depth 1
We had 0 inferral cache hits and 0 partitioning cache hits
The partitioning cache has 0 tilings in it right now
The inferral cache has 9 tilings in it right now
There are 7 tilings in the search tree
Time taken so far is 0.029315948486328125 seconds

Doing depth 2
We had 4 inferral cache hits and 118 partitioning cache hits
The partitioning cache has 8 tilings in it right now
The inferral cache has 54 tilings in it right now
There are 33 tilings in the search tree
Time taken so far is 0.45458149909973145 seconds

Doing depth 3
We had 12 inferral cache hits and 1928 partitioning cache hits
The partitioning cache has 94 tilings in it right now
The inferral cache has 252 tilings in it right now
There are 183 tilings in the search tree
Time taken so far is 4.309958219528198 seconds

Doing depth 4
We had 375 inferral cache hits and 39572 partitioning cache hits
The partitioning cache has 449 tilings in it right now
The inferral cache has 1782 tilings in it right now
There are 1173 tilings in the search tree
Time taken so far is 55.63067078590393 seconds

Now processing 0231_2013
Doing depth 1
We had 0 inferral cache hits and 0 partitioning cache hits
The partitioning cache has 0 tilings in it right now
The inferral cache has 10 tilings in it right now
There are 7 tilings in the search tree
Time taken so far is 0.0279388427734375 seconds

Doing depth 2
We had 4 inferral cache hits and 116 partitioning cache hits
The partitioning cache has 8 tilings in it right now
The inferral cache has 62 tilings in it right now
There are 31 tilings in the search tree
Time taken so far is 0.44448328018188477 seconds

Doing depth 3
We had 12 inferral cache hits and 1944 partitioning cache hits
The partitioning cache has 88 tilings in it right now
The inferral cache has 324 tilings in it right now
There are 191 tilings in the search tree
Time taken so far is 4.160425424575806 seconds

Doing depth 4
We had 482 inferral cache hits and 65376 partitioning cache hits
The partitioning cache has 493 tilings in it right now
The inferral cache has 3037 tilings in it right now
There are 1775 tilings in the search tree
Time taken so far is 86.45128607749939 seconds

Now processing 0231_2031
Doing depth 1
We had 0 inferral cache hits and 0 partitioning cache hits
The partitioning cache has 0 tilings in it right now
The inferral cache has 8 tilings in it right now
There are 7 tilings in the search tree
Time taken so far is 0.02727198600769043 seconds

Doing depth 2
We had 5 inferral cache hits and 112 partitioning cache hits
The partitioning cache has 9 tilings in it right now
The inferral cache has 55 tilings in it right now
There are 31 tilings in the search tree
Time taken so far is 0.3750114440917969 seconds

Doing depth 3
We had 13 inferral cache hits and 2040 partitioning cache hits
The partitioning cache has 101 tilings in it right now
The inferral cache has 338 tilings in it right now
There are 219 tilings in the search tree
Time taken so far is 4.9285454750061035 seconds

Doing depth 4
We had 507 inferral cache hits and 71478 partitioning cache hits
The partitioning cache has 794 tilings in it right now
The inferral cache has 3358 tilings in it right now
There are 2018 tilings in the search tree
Time taken so far is 109.24629282951355 seconds

Now processing 0231_2130
Doing depth 1
We had 0 inferral cache hits and 0 partitioning cache hits
The partitioning cache has 0 tilings in it right now
The inferral cache has 9 tilings in it right now
There are 7 tilings in the search tree
Time taken so far is 0.051023006439208984 seconds

Doing depth 2
We had 4 inferral cache hits and 118 partitioning cache hits
The partitioning cache has 8 tilings in it right now
The inferral cache has 59 tilings in it right now
There are 33 tilings in the search tree
Time taken so far is 0.5148077011108398 seconds

Doing depth 3
We had 12 inferral cache hits and 1958 partitioning cache hits
The partitioning cache has 94 tilings in it right now
The inferral cache has 313 tilings in it right now
There are 195 tilings in the search tree
Time taken so far is 4.902253150939941 seconds

Doing depth 4
We had 452 inferral cache hits and 50906 partitioning cache hits
The partitioning cache has 566 tilings in it right now
The inferral cache has 2829 tilings in it right now
There are 1513 tilings in the search tree
Time taken so far is 72.25931906700134 seconds

Now processing 0231_2301
Doing depth 1
We had 0 inferral cache hits and 0 partitioning cache hits
The partitioning cache has 0 tilings in it right now
The inferral cache has 8 tilings in it right now
There are 7 tilings in the search tree
Time taken so far is 0.03583717346191406 seconds

Doing depth 2
We had 5 inferral cache hits and 112 partitioning cache hits
The partitioning cache has 7 tilings in it right now
The inferral cache has 54 tilings in it right now
There are 31 tilings in the search tree
Time taken so far is 0.4209911823272705 seconds

Doing depth 3
We had 12 inferral cache hits and 1896 partitioning cache hits
The partitioning cache has 91 tilings in it right now
The inferral cache has 287 tilings in it right now
There are 187 tilings in the search tree
Time taken so far is 4.290176868438721 seconds

Doing depth 4
We had 410 inferral cache hits and 42107 partitioning cache hits
The partitioning cache has 527 tilings in it right now
The inferral cache has 2282 tilings in it right now
There are 1334 tilings in the search tree
Time taken so far is 62.06352639198303 seconds

Now processing 0231_3012
Doing depth 1
We had 0 inferral cache hits and 0 partitioning cache hits
The partitioning cache has 0 tilings in it right now
The inferral cache has 9 tilings in it right now
There are 7 tilings in the search tree
Time taken so far is 0.0450897216796875 seconds

Doing depth 2
We had 4 inferral cache hits and 120 partitioning cache hits
The partitioning cache has 8 tilings in it right now
The inferral cache has 57 tilings in it right now
There are 33 tilings in the search tree
Time taken so far is 0.4814901351928711 seconds

Doing depth 3
We had 12 inferral cache hits and 1909 partitioning cache hits
The partitioning cache has 92 tilings in it right now
The inferral cache has 278 tilings in it right now
There are 184 tilings in the search tree
Time taken so far is 4.2672247886657715 seconds

Doing depth 4
We had 393 inferral cache hits and 38139 partitioning cache hits
The partitioning cache has 460 tilings in it right now
The inferral cache has 2247 tilings in it right now
There are 1211 tilings in the search tree
Time taken so far is 55.818843841552734 seconds

Now processing 0321_1032
Doing depth 1
We had 0 inferral cache hits and 0 partitioning cache hits
The partitioning cache has 0 tilings in it right now
The inferral cache has 8 tilings in it right now
There are 7 tilings in the search tree
Time taken so far is 0.03656291961669922 seconds

Doing depth 2
We had 5 inferral cache hits and 112 partitioning cache hits
The partitioning cache has 8 tilings in it right now
The inferral cache has 53 tilings in it right now
There are 31 tilings in the search tree
Time taken so far is 0.41988325119018555 seconds

Doing depth 3
We had 13 inferral cache hits and 1832 partitioning cache hits
The partitioning cache has 98 tilings in it right now
The inferral cache has 243 tilings in it right now
There are 175 tilings in the search tree
Time taken so far is 3.436732769012451 seconds

Doing depth 4
We had 427 inferral cache hits and 31154 partitioning cache hits
The partitioning cache has 451 tilings in it right now
The inferral cache has 1574 tilings in it right now
There are 1037 tilings in the search tree
Time taken so far is 42.85420870780945 seconds

Now processing 0321_2103
Doing depth 1
We had 0 inferral cache hits and 0 partitioning cache hits
The partitioning cache has 0 tilings in it right now
The inferral cache has 10 tilings in it right now
There are 7 tilings in the search tree
Time taken so far is 0.03832721710205078 seconds

Doing depth 2
We had 4 inferral cache hits and 116 partitioning cache hits
The partitioning cache has 8 tilings in it right now
The inferral cache has 54 tilings in it right now
There are 31 tilings in the search tree
Time taken so far is 0.4015653133392334 seconds

Doing depth 3
We had 12 inferral cache hits and 1824 partitioning cache hits
The partitioning cache has 96 tilings in it right now
The inferral cache has 238 tilings in it right now
There are 167 tilings in the search tree
Time taken so far is 3.489961862564087 seconds

Doing depth 4
We had 348 inferral cache hits and 26129 partitioning cache hits
The partitioning cache has 357 tilings in it right now
The inferral cache has 1536 tilings in it right now
There are 917 tilings in the search tree
Time taken so far is 36.481603145599365 seconds

Now processing 1032_1302
Doing depth 1
We had 0 inferral cache hits and 0 partitioning cache hits
The partitioning cache has 0 tilings in it right now
The inferral cache has 6 tilings in it right now
There are 7 tilings in the search tree
Time taken so far is 0.03851675987243652 seconds

Doing depth 2
We had 8 inferral cache hits and 100 partitioning cache hits
The partitioning cache has 10 tilings in it right now
The inferral cache has 46 tilings in it right now
There are 31 tilings in the search tree
Time taken so far is 0.38112354278564453 seconds

Doing depth 3
We had 16 inferral cache hits and 1954 partitioning cache hits
The partitioning cache has 120 tilings in it right now
The inferral cache has 282 tilings in it right now
There are 207 tilings in the search tree
Time taken so far is 4.645269393920898 seconds

Doing depth 4
We had 587 inferral cache hits and 59379 partitioning cache hits
The partitioning cache has 920 tilings in it right now
The inferral cache has 2465 tilings in it right now
There are 1672 tilings in the search tree
Time taken so far is 82.77994227409363 seconds

Now processing 1032_2301
Doing depth 1
We had 0 inferral cache hits and 0 partitioning cache hits
The partitioning cache has 0 tilings in it right now
The inferral cache has 6 tilings in it right now
There are 7 tilings in the search tree
Time taken so far is 0.038948774337768555 seconds

Doing depth 2
We had 8 inferral cache hits and 100 partitioning cache hits
The partitioning cache has 8 tilings in it right now
The inferral cache has 50 tilings in it right now
There are 31 tilings in the search tree
Time taken so far is 0.3915693759918213 seconds

Doing depth 3
We had 16 inferral cache hits and 1832 partitioning cache hits
The partitioning cache has 92 tilings in it right now
The inferral cache has 266 tilings in it right now
There are 183 tilings in the search tree
Time taken so far is 3.958366870880127 seconds

Doing depth 4
We had 430 inferral cache hits and 40757 partitioning cache hits
The partitioning cache has 519 tilings in it right now
The inferral cache has 2130 tilings in it right now
There are 1214 tilings in the search tree
Time taken so far is 49.37881684303284 seconds

