/users/home/henningu/ATRAP/non-regular-insertion-encodable-bases/logs_length2
Now processing 0123_0132
Doing depth 1
We had 0 inferral cache hits and 14 partitioning cache hits
The partitioning cache has 0 tilings in it right now
The inferral cache has 4 tilings in it right now
There are 4 tilings in the search tree
Time taken so far is 0.05023550987243652 seconds

Doing depth 2
We had 0 inferral cache hits and 56 partitioning cache hits
The partitioning cache has 2 tilings in it right now
The inferral cache has 8 tilings in it right now
There are 10 tilings in the search tree
Time taken so far is 0.1258070468902588 seconds

Doing depth 3
We had 1 inferral cache hits and 119 partitioning cache hits
The partitioning cache has 1 tilings in it right now
The inferral cache has 15 tilings in it right now
There are 17 tilings in the search tree
Time taken so far is 0.26112842559814453 seconds

Doing depth 4
We had 1 inferral cache hits and 153 partitioning cache hits
The partitioning cache has 0 tilings in it right now
The inferral cache has 19 tilings in it right now
There are 20 tilings in the search tree
Time taken so far is 0.5383832454681396 seconds

Doing depth 5
We had 1 inferral cache hits and 243 partitioning cache hits
The partitioning cache has 8 tilings in it right now
The inferral cache has 27 tilings in it right now
There are 30 tilings in the search tree
Time taken so far is 0.9931602478027344 seconds

Doing depth 6
We had 9 inferral cache hits and 505 partitioning cache hits
The partitioning cache has 6 tilings in it right now
The inferral cache has 39 tilings in it right now
There are 48 tilings in the search tree
Time taken so far is 4.3805460929870605 seconds

Doing depth 7
We had 9 inferral cache hits and 769 partitioning cache hits
The partitioning cache has 2 tilings in it right now
The inferral cache has 71 tilings in it right now
There are 69 tilings in the search tree
Time taken so far is 16.783103466033936 seconds

Doing depth 8
We had 9 inferral cache hits and 1430 partitioning cache hits
The partitioning cache has 41 tilings in it right now
The inferral cache has 117 tilings in it right now
There are 135 tilings in the search tree
Time taken so far is 30.18190312385559 seconds

Now processing 0123_0213
Doing depth 1
We had 0 inferral cache hits and 14 partitioning cache hits
The partitioning cache has 0 tilings in it right now
The inferral cache has 4 tilings in it right now
There are 4 tilings in the search tree
Time taken so far is 0.025542259216308594 seconds

Doing depth 2
We had 0 inferral cache hits and 56 partitioning cache hits
The partitioning cache has 2 tilings in it right now
The inferral cache has 8 tilings in it right now
There are 10 tilings in the search tree
Time taken so far is 0.09917593002319336 seconds

Doing depth 3
We had 1 inferral cache hits and 119 partitioning cache hits
The partitioning cache has 1 tilings in it right now
The inferral cache has 16 tilings in it right now
There are 17 tilings in the search tree
Time taken so far is 0.23725485801696777 seconds

Doing depth 4
We had 1 inferral cache hits and 153 partitioning cache hits
The partitioning cache has 0 tilings in it right now
The inferral cache has 20 tilings in it right now
There are 20 tilings in the search tree
Time taken so far is 0.5019028186798096 seconds

Doing depth 5
We had 1 inferral cache hits and 243 partitioning cache hits
The partitioning cache has 8 tilings in it right now
The inferral cache has 28 tilings in it right now
There are 29 tilings in the search tree
Time taken so far is 1.0198590755462646 seconds

Doing depth 6
We had 9 inferral cache hits and 505 partitioning cache hits
The partitioning cache has 6 tilings in it right now
The inferral cache has 41 tilings in it right now
There are 45 tilings in the search tree
Time taken so far is 5.19931173324585 seconds

Doing depth 7
We had 9 inferral cache hits and 769 partitioning cache hits
The partitioning cache has 2 tilings in it right now
The inferral cache has 73 tilings in it right now
There are 65 tilings in the search tree
Time taken so far is 20.707926511764526 seconds

Doing depth 8
We had 9 inferral cache hits and 1421 partitioning cache hits
The partitioning cache has 43 tilings in it right now
The inferral cache has 123 tilings in it right now
There are 129 tilings in the search tree
Time taken so far is 39.7044563293457 seconds

Now processing 0123_0231
Doing depth 1
We had 0 inferral cache hits and 14 partitioning cache hits
The partitioning cache has 0 tilings in it right now
The inferral cache has 4 tilings in it right now
There are 4 tilings in the search tree
Time taken so far is 0.024947404861450195 seconds

Doing depth 2
We had 0 inferral cache hits and 56 partitioning cache hits
The partitioning cache has 2 tilings in it right now
The inferral cache has 8 tilings in it right now
There are 10 tilings in the search tree
Time taken so far is 0.09516501426696777 seconds

Doing depth 3
We had 1 inferral cache hits and 119 partitioning cache hits
The partitioning cache has 1 tilings in it right now
The inferral cache has 15 tilings in it right now
There are 17 tilings in the search tree
Time taken so far is 0.2302253246307373 seconds

Doing depth 4
We had 1 inferral cache hits and 153 partitioning cache hits
The partitioning cache has 0 tilings in it right now
The inferral cache has 19 tilings in it right now
There are 20 tilings in the search tree
Time taken so far is 0.5107171535491943 seconds

Doing depth 5
We had 1 inferral cache hits and 243 partitioning cache hits
The partitioning cache has 8 tilings in it right now
The inferral cache has 27 tilings in it right now
There are 30 tilings in the search tree
Time taken so far is 0.9733293056488037 seconds

Doing depth 6
We had 9 inferral cache hits and 505 partitioning cache hits
The partitioning cache has 6 tilings in it right now
The inferral cache has 39 tilings in it right now
There are 48 tilings in the search tree
Time taken so far is 4.372182130813599 seconds

Doing depth 7
We had 9 inferral cache hits and 763 partitioning cache hits
The partitioning cache has 4 tilings in it right now
The inferral cache has 67 tilings in it right now
There are 68 tilings in the search tree
Time taken so far is 16.77011489868164 seconds

Doing depth 8
We had 9 inferral cache hits and 1505 partitioning cache hits
The partitioning cache has 44 tilings in it right now
The inferral cache has 123 tilings in it right now
There are 136 tilings in the search tree
Time taken so far is 31.44424533843994 seconds

Now processing 0123_1230
Doing depth 1
We had 0 inferral cache hits and 14 partitioning cache hits
The partitioning cache has 0 tilings in it right now
The inferral cache has 4 tilings in it right now
There are 4 tilings in the search tree
Time taken so far is 0.02302384376525879 seconds

Doing depth 2
We had 0 inferral cache hits and 56 partitioning cache hits
The partitioning cache has 2 tilings in it right now
The inferral cache has 8 tilings in it right now
There are 10 tilings in the search tree
Time taken so far is 0.0886392593383789 seconds

Doing depth 3
We had 1 inferral cache hits and 119 partitioning cache hits
The partitioning cache has 1 tilings in it right now
The inferral cache has 15 tilings in it right now
There are 17 tilings in the search tree
Time taken so far is 0.21430563926696777 seconds

Doing depth 4
We had 1 inferral cache hits and 153 partitioning cache hits
The partitioning cache has 0 tilings in it right now
The inferral cache has 19 tilings in it right now
There are 20 tilings in the search tree
Time taken so far is 0.4638364315032959 seconds

Doing depth 5
We had 1 inferral cache hits and 243 partitioning cache hits
The partitioning cache has 8 tilings in it right now
The inferral cache has 27 tilings in it right now
There are 28 tilings in the search tree
Time taken so far is 0.9092369079589844 seconds

Doing depth 6
We had 9 inferral cache hits and 505 partitioning cache hits
The partitioning cache has 6 tilings in it right now
The inferral cache has 39 tilings in it right now
There are 42 tilings in the search tree
Time taken so far is 4.059441089630127 seconds

Doing depth 7
We had 9 inferral cache hits and 763 partitioning cache hits
The partitioning cache has 2 tilings in it right now
The inferral cache has 69 tilings in it right now
There are 60 tilings in the search tree
Time taken so far is 14.42261791229248 seconds

Doing depth 8
We had 9 inferral cache hits and 1452 partitioning cache hits
The partitioning cache has 42 tilings in it right now
The inferral cache has 119 tilings in it right now
There are 130 tilings in the search tree
Time taken so far is 27.80686330795288 seconds

Now processing 0123_2301
Doing depth 1
We had 0 inferral cache hits and 14 partitioning cache hits
The partitioning cache has 0 tilings in it right now
The inferral cache has 4 tilings in it right now
There are 4 tilings in the search tree
Time taken so far is 0.020571231842041016 seconds

Doing depth 2
We had 0 inferral cache hits and 56 partitioning cache hits
The partitioning cache has 2 tilings in it right now
The inferral cache has 8 tilings in it right now
There are 8 tilings in the search tree
Time taken so far is 0.08714461326599121 seconds

Doing depth 3
We had 1 inferral cache hits and 119 partitioning cache hits
The partitioning cache has 1 tilings in it right now
The inferral cache has 15 tilings in it right now
There are 13 tilings in the search tree
Time taken so far is 0.2513418197631836 seconds

Doing depth 4
We had 1 inferral cache hits and 153 partitioning cache hits
The partitioning cache has 0 tilings in it right now
The inferral cache has 19 tilings in it right now
There are 15 tilings in the search tree
Time taken so far is 0.6605212688446045 seconds

Doing depth 5
We had 1 inferral cache hits and 243 partitioning cache hits
The partitioning cache has 7 tilings in it right now
The inferral cache has 27 tilings in it right now
There are 23 tilings in the search tree
Time taken so far is 1.0984740257263184 seconds

Doing depth 6
We had 7 inferral cache hits and 481 partitioning cache hits
The partitioning cache has 5 tilings in it right now
The inferral cache has 38 tilings in it right now
There are 37 tilings in the search tree
Time taken so far is 5.330511093139648 seconds

Doing depth 7
We had 7 inferral cache hits and 700 partitioning cache hits
The partitioning cache has 2 tilings in it right now
The inferral cache has 63 tilings in it right now
There are 52 tilings in the search tree
Time taken so far is 22.616679191589355 seconds

Doing depth 8
We had 8 inferral cache hits and 1358 partitioning cache hits
The partitioning cache has 36 tilings in it right now
The inferral cache has 113 tilings in it right now
There are 112 tilings in the search tree
Time taken so far is 37.42586970329285 seconds

Now processing 0132_0213
Doing depth 1
We had 0 inferral cache hits and 14 partitioning cache hits
The partitioning cache has 0 tilings in it right now
The inferral cache has 4 tilings in it right now
There are 4 tilings in the search tree
Time taken so far is 0.028580427169799805 seconds

Doing depth 2
We had 0 inferral cache hits and 56 partitioning cache hits
The partitioning cache has 2 tilings in it right now
The inferral cache has 8 tilings in it right now
There are 10 tilings in the search tree
Time taken so far is 0.1041877269744873 seconds

Doing depth 3
We had 1 inferral cache hits and 119 partitioning cache hits
The partitioning cache has 1 tilings in it right now
The inferral cache has 16 tilings in it right now
There are 17 tilings in the search tree
Time taken so far is 0.24343633651733398 seconds

Doing depth 4
We had 1 inferral cache hits and 153 partitioning cache hits
The partitioning cache has 0 tilings in it right now
The inferral cache has 20 tilings in it right now
There are 20 tilings in the search tree
Time taken so far is 0.5137209892272949 seconds

Doing depth 5
We had 1 inferral cache hits and 243 partitioning cache hits
The partitioning cache has 8 tilings in it right now
The inferral cache has 28 tilings in it right now
There are 29 tilings in the search tree
Time taken so far is 1.035449743270874 seconds

Doing depth 6
We had 9 inferral cache hits and 505 partitioning cache hits
The partitioning cache has 6 tilings in it right now
The inferral cache has 41 tilings in it right now
There are 45 tilings in the search tree
Time taken so far is 5.353401184082031 seconds

Doing depth 7
We had 9 inferral cache hits and 769 partitioning cache hits
The partitioning cache has 2 tilings in it right now
The inferral cache has 74 tilings in it right now
There are 65 tilings in the search tree
Time taken so far is 21.466089010238647 seconds

Doing depth 8
We had 9 inferral cache hits and 1428 partitioning cache hits
The partitioning cache has 41 tilings in it right now
The inferral cache has 128 tilings in it right now
There are 128 tilings in the search tree
Time taken so far is 41.04437017440796 seconds

Now processing 0132_0231
Doing depth 1
We had 0 inferral cache hits and 14 partitioning cache hits
The partitioning cache has 0 tilings in it right now
The inferral cache has 4 tilings in it right now
There are 4 tilings in the search tree
Time taken so far is 0.021161317825317383 seconds

Doing depth 2
We had 0 inferral cache hits and 56 partitioning cache hits
The partitioning cache has 2 tilings in it right now
The inferral cache has 8 tilings in it right now
There are 10 tilings in the search tree
Time taken so far is 0.08394765853881836 seconds

Doing depth 3
We had 1 inferral cache hits and 119 partitioning cache hits
The partitioning cache has 1 tilings in it right now
The inferral cache has 15 tilings in it right now
There are 17 tilings in the search tree
Time taken so far is 0.19735240936279297 seconds

Doing depth 4
We had 1 inferral cache hits and 153 partitioning cache hits
The partitioning cache has 0 tilings in it right now
The inferral cache has 19 tilings in it right now
There are 20 tilings in the search tree
Time taken so far is 0.42101311683654785 seconds

Doing depth 5
We had 1 inferral cache hits and 243 partitioning cache hits
The partitioning cache has 8 tilings in it right now
The inferral cache has 27 tilings in it right now
There are 32 tilings in the search tree
Time taken so far is 0.8481056690216064 seconds

Doing depth 6
We had 9 inferral cache hits and 505 partitioning cache hits
The partitioning cache has 6 tilings in it right now
The inferral cache has 39 tilings in it right now
There are 56 tilings in the search tree
Time taken so far is 4.290430545806885 seconds

Doing depth 7
We had 9 inferral cache hits and 763 partitioning cache hits
The partitioning cache has 4 tilings in it right now
The inferral cache has 67 tilings in it right now
There are 80 tilings in the search tree
Time taken so far is 16.555834531784058 seconds

Doing depth 8
We had 9 inferral cache hits and 1505 partitioning cache hits
The partitioning cache has 42 tilings in it right now
The inferral cache has 124 tilings in it right now
There are 157 tilings in the search tree
Time taken so far is 30.969109058380127 seconds

Now processing 0132_0321
Doing depth 1
We had 0 inferral cache hits and 14 partitioning cache hits
The partitioning cache has 0 tilings in it right now
The inferral cache has 4 tilings in it right now
There are 4 tilings in the search tree
Time taken so far is 0.0210878849029541 seconds

Doing depth 2
We had 0 inferral cache hits and 56 partitioning cache hits
The partitioning cache has 2 tilings in it right now
The inferral cache has 8 tilings in it right now
There are 10 tilings in the search tree
Time taken so far is 0.08233404159545898 seconds

Doing depth 3
We had 1 inferral cache hits and 119 partitioning cache hits
The partitioning cache has 1 tilings in it right now
The inferral cache has 15 tilings in it right now
There are 17 tilings in the search tree
Time taken so far is 0.19469952583312988 seconds

Doing depth 4
We had 1 inferral cache hits and 153 partitioning cache hits
The partitioning cache has 0 tilings in it right now
The inferral cache has 19 tilings in it right now
There are 20 tilings in the search tree
Time taken so far is 0.4109807014465332 seconds

Doing depth 5
We had 1 inferral cache hits and 243 partitioning cache hits
The partitioning cache has 8 tilings in it right now
The inferral cache has 27 tilings in it right now
There are 30 tilings in the search tree
Time taken so far is 0.8494307994842529 seconds

Doing depth 6
We had 9 inferral cache hits and 505 partitioning cache hits
The partitioning cache has 6 tilings in it right now
The inferral cache has 39 tilings in it right now
There are 48 tilings in the search tree
Time taken so far is 4.275330543518066 seconds

Doing depth 7
We had 9 inferral cache hits and 763 partitioning cache hits
The partitioning cache has 4 tilings in it right now
The inferral cache has 67 tilings in it right now
There are 68 tilings in the search tree
Time taken so far is 16.544753313064575 seconds

Doing depth 8
We had 9 inferral cache hits and 1505 partitioning cache hits
The partitioning cache has 44 tilings in it right now
The inferral cache has 125 tilings in it right now
There are 136 tilings in the search tree
Time taken so far is 31.215147018432617 seconds

Now processing 0132_1023
Doing depth 1
We had 0 inferral cache hits and 14 partitioning cache hits
The partitioning cache has 0 tilings in it right now
The inferral cache has 4 tilings in it right now
There are 4 tilings in the search tree
Time taken so far is 0.0173947811126709 seconds

Doing depth 2
We had 0 inferral cache hits and 56 partitioning cache hits
The partitioning cache has 2 tilings in it right now
The inferral cache has 8 tilings in it right now
There are 8 tilings in the search tree
Time taken so far is 0.07844710350036621 seconds

Doing depth 3
We had 1 inferral cache hits and 119 partitioning cache hits
The partitioning cache has 1 tilings in it right now
The inferral cache has 15 tilings in it right now
There are 13 tilings in the search tree
Time taken so far is 0.2090775966644287 seconds

Doing depth 4
We had 1 inferral cache hits and 153 partitioning cache hits
The partitioning cache has 0 tilings in it right now
The inferral cache has 19 tilings in it right now
There are 15 tilings in the search tree
Time taken so far is 0.5299007892608643 seconds

Doing depth 5
We had 1 inferral cache hits and 243 partitioning cache hits
The partitioning cache has 8 tilings in it right now
The inferral cache has 27 tilings in it right now
There are 25 tilings in the search tree
Time taken so far is 0.9662621021270752 seconds

Doing depth 6
We had 9 inferral cache hits and 505 partitioning cache hits
The partitioning cache has 6 tilings in it right now
The inferral cache has 38 tilings in it right now
There are 41 tilings in the search tree
Time taken so far is 5.051992177963257 seconds

Doing depth 7
We had 9 inferral cache hits and 763 partitioning cache hits
The partitioning cache has 5 tilings in it right now
The inferral cache has 69 tilings in it right now
There are 60 tilings in the search tree
Time taken so far is 20.583359241485596 seconds

Doing depth 8
We had 9 inferral cache hits and 1517 partitioning cache hits
The partitioning cache has 41 tilings in it right now
The inferral cache has 130 tilings in it right now
There are 143 tilings in the search tree
Time taken so far is 31.761502742767334 seconds

Now processing 0132_1032
Doing depth 1
We had 0 inferral cache hits and 14 partitioning cache hits
The partitioning cache has 0 tilings in it right now
The inferral cache has 4 tilings in it right now
There are 4 tilings in the search tree
Time taken so far is 0.016750574111938477 seconds

Doing depth 2
We had 0 inferral cache hits and 56 partitioning cache hits
The partitioning cache has 2 tilings in it right now
The inferral cache has 8 tilings in it right now
There are 8 tilings in the search tree
Time taken so far is 0.07468748092651367 seconds

Doing depth 3
We had 1 inferral cache hits and 119 partitioning cache hits
The partitioning cache has 1 tilings in it right now
The inferral cache has 15 tilings in it right now
There are 13 tilings in the search tree
Time taken so far is 0.2189643383026123 seconds

Doing depth 4
We had 1 inferral cache hits and 153 partitioning cache hits
The partitioning cache has 0 tilings in it right now
The inferral cache has 19 tilings in it right now
There are 15 tilings in the search tree
Time taken so far is 0.5485260486602783 seconds

Doing depth 5
We had 1 inferral cache hits and 243 partitioning cache hits
The partitioning cache has 8 tilings in it right now
The inferral cache has 27 tilings in it right now
There are 26 tilings in the search tree
Time taken so far is 0.9735965728759766 seconds

Doing depth 6
We had 9 inferral cache hits and 505 partitioning cache hits
The partitioning cache has 6 tilings in it right now
The inferral cache has 39 tilings in it right now
There are 44 tilings in the search tree
Time taken so far is 4.681833982467651 seconds

Doing depth 7
We had 9 inferral cache hits and 763 partitioning cache hits
The partitioning cache has 5 tilings in it right now
The inferral cache has 67 tilings in it right now
There are 62 tilings in the search tree
Time taken so far is 18.86367678642273 seconds

Doing depth 8
We had 9 inferral cache hits and 1493 partitioning cache hits
The partitioning cache has 42 tilings in it right now
The inferral cache has 122 tilings in it right now
There are 122 tilings in the search tree
Time taken so far is 35.105021476745605 seconds

Now processing 0132_1203
Doing depth 1
We had 0 inferral cache hits and 14 partitioning cache hits
The partitioning cache has 0 tilings in it right now
The inferral cache has 4 tilings in it right now
There are 4 tilings in the search tree
Time taken so far is 0.01786661148071289 seconds

Doing depth 2
We had 0 inferral cache hits and 56 partitioning cache hits
The partitioning cache has 2 tilings in it right now
The inferral cache has 8 tilings in it right now
There are 8 tilings in the search tree
Time taken so far is 0.07962393760681152 seconds

Doing depth 3
We had 1 inferral cache hits and 119 partitioning cache hits
The partitioning cache has 1 tilings in it right now
The inferral cache has 15 tilings in it right now
There are 13 tilings in the search tree
Time taken so far is 0.21205878257751465 seconds

Doing depth 4
We had 1 inferral cache hits and 153 partitioning cache hits
The partitioning cache has 0 tilings in it right now
The inferral cache has 19 tilings in it right now
There are 15 tilings in the search tree
Time taken so far is 0.5315291881561279 seconds

Doing depth 5
We had 1 inferral cache hits and 248 partitioning cache hits
The partitioning cache has 7 tilings in it right now
The inferral cache has 30 tilings in it right now
There are 24 tilings in the search tree
Time taken so far is 1.1230900287628174 seconds

Doing depth 6
We had 7 inferral cache hits and 510 partitioning cache hits
The partitioning cache has 5 tilings in it right now
The inferral cache has 50 tilings in it right now
There are 39 tilings in the search tree
Time taken so far is 7.11738920211792 seconds

Doing depth 7
We had 7 inferral cache hits and 729 partitioning cache hits
The partitioning cache has 3 tilings in it right now
The inferral cache has 75 tilings in it right now
There are 52 tilings in the search tree
Time taken so far is 30.754579544067383 seconds

Doing depth 8
We had 7 inferral cache hits and 1376 partitioning cache hits
The partitioning cache has 32 tilings in it right now
The inferral cache has 140 tilings in it right now
There are 101 tilings in the search tree
Time taken so far is 53.9669349193573 seconds

Now processing 0132_1230
Doing depth 1
We had 0 inferral cache hits and 14 partitioning cache hits
The partitioning cache has 0 tilings in it right now
The inferral cache has 4 tilings in it right now
There are 4 tilings in the search tree
Time taken so far is 0.018706083297729492 seconds

Doing depth 2
We had 0 inferral cache hits and 56 partitioning cache hits
The partitioning cache has 2 tilings in it right now
The inferral cache has 8 tilings in it right now
There are 10 tilings in the search tree
Time taken so far is 0.07747364044189453 seconds

Doing depth 3
We had 1 inferral cache hits and 119 partitioning cache hits
The partitioning cache has 1 tilings in it right now
The inferral cache has 15 tilings in it right now
There are 17 tilings in the search tree
Time taken so far is 0.18001127243041992 seconds

Doing depth 4
We had 1 inferral cache hits and 153 partitioning cache hits
The partitioning cache has 0 tilings in it right now
The inferral cache has 19 tilings in it right now
There are 20 tilings in the search tree
Time taken so far is 0.3640022277832031 seconds

Doing depth 5
We had 1 inferral cache hits and 243 partitioning cache hits
The partitioning cache has 7 tilings in it right now
The inferral cache has 27 tilings in it right now
There are 28 tilings in the search tree
Time taken so far is 0.7616279125213623 seconds

Doing depth 6
We had 7 inferral cache hits and 481 partitioning cache hits
The partitioning cache has 5 tilings in it right now
The inferral cache has 39 tilings in it right now
There are 40 tilings in the search tree
Time taken so far is 3.706610679626465 seconds

Doing depth 7
We had 7 inferral cache hits and 700 partitioning cache hits
The partitioning cache has 1 tilings in it right now
The inferral cache has 65 tilings in it right now
There are 54 tilings in the search tree
Time taken so far is 12.681877136230469 seconds

Doing depth 8
We had 7 inferral cache hits and 1291 partitioning cache hits
The partitioning cache has 36 tilings in it right now
The inferral cache has 107 tilings in it right now
There are 111 tilings in the search tree
Time taken so far is 24.7231125831604 seconds

Now processing 0132_1302
Doing depth 1
We had 0 inferral cache hits and 14 partitioning cache hits
The partitioning cache has 0 tilings in it right now
The inferral cache has 4 tilings in it right now
There are 4 tilings in the search tree
Time taken so far is 0.016965389251708984 seconds

Doing depth 2
We had 0 inferral cache hits and 56 partitioning cache hits
The partitioning cache has 2 tilings in it right now
The inferral cache has 8 tilings in it right now
There are 8 tilings in the search tree
Time taken so far is 0.0770101547241211 seconds

Doing depth 3
We had 1 inferral cache hits and 119 partitioning cache hits
The partitioning cache has 1 tilings in it right now
The inferral cache has 15 tilings in it right now
There are 13 tilings in the search tree
Time taken so far is 0.2080094814300537 seconds

Doing depth 4
We had 1 inferral cache hits and 153 partitioning cache hits
The partitioning cache has 0 tilings in it right now
The inferral cache has 19 tilings in it right now
There are 15 tilings in the search tree
Time taken so far is 0.5366218090057373 seconds

Doing depth 5
We had 1 inferral cache hits and 248 partitioning cache hits
The partitioning cache has 6 tilings in it right now
The inferral cache has 31 tilings in it right now
There are 24 tilings in the search tree
Time taken so far is 1.1131529808044434 seconds

Doing depth 6
We had 9 inferral cache hits and 595 partitioning cache hits
The partitioning cache has 7 tilings in it right now
The inferral cache has 62 tilings in it right now
There are 47 tilings in the search tree
Time taken so far is 6.478499889373779 seconds

Doing depth 7
We had 9 inferral cache hits and 813 partitioning cache hits
The partitioning cache has 5 tilings in it right now
The inferral cache has 87 tilings in it right now
There are 60 tilings in the search tree
Time taken so far is 23.393648624420166 seconds

Doing depth 8
We had 9 inferral cache hits and 1474 partitioning cache hits
The partitioning cache has 33 tilings in it right now
The inferral cache has 158 tilings in it right now
There are 112 tilings in the search tree
Time taken so far is 44.308836460113525 seconds

Now processing 0132_1320
Doing depth 1
We had 0 inferral cache hits and 14 partitioning cache hits
The partitioning cache has 0 tilings in it right now
The inferral cache has 4 tilings in it right now
There are 4 tilings in the search tree
Time taken so far is 0.01985311508178711 seconds

Doing depth 2
We had 0 inferral cache hits and 56 partitioning cache hits
The partitioning cache has 2 tilings in it right now
The inferral cache has 8 tilings in it right now
There are 10 tilings in the search tree
Time taken so far is 0.0818183422088623 seconds

Doing depth 3
We had 1 inferral cache hits and 119 partitioning cache hits
The partitioning cache has 1 tilings in it right now
The inferral cache has 15 tilings in it right now
There are 17 tilings in the search tree
Time taken so far is 0.18990349769592285 seconds

Doing depth 4
We had 1 inferral cache hits and 153 partitioning cache hits
The partitioning cache has 0 tilings in it right now
The inferral cache has 19 tilings in it right now
There are 20 tilings in the search tree
Time taken so far is 0.38928818702697754 seconds

Doing depth 5
We had 1 inferral cache hits and 243 partitioning cache hits
The partitioning cache has 8 tilings in it right now
The inferral cache has 27 tilings in it right now
There are 28 tilings in the search tree
Time taken so far is 0.8172721862792969 seconds

Doing depth 6
We had 9 inferral cache hits and 505 partitioning cache hits
The partitioning cache has 6 tilings in it right now
The inferral cache has 39 tilings in it right now
There are 42 tilings in the search tree
Time taken so far is 4.204628229141235 seconds

Doing depth 7
We had 9 inferral cache hits and 769 partitioning cache hits
The partitioning cache has 2 tilings in it right now
The inferral cache has 72 tilings in it right now
There are 61 tilings in the search tree
Time taken so far is 15.492636442184448 seconds

Doing depth 8
We had 9 inferral cache hits and 1458 partitioning cache hits
The partitioning cache has 44 tilings in it right now
The inferral cache has 123 tilings in it right now
There are 120 tilings in the search tree
Time taken so far is 29.519283294677734 seconds

Now processing 0132_2301
Doing depth 1
We had 0 inferral cache hits and 14 partitioning cache hits
The partitioning cache has 0 tilings in it right now
The inferral cache has 4 tilings in it right now
There are 4 tilings in the search tree
Time taken so far is 0.018068790435791016 seconds

Doing depth 2
We had 0 inferral cache hits and 56 partitioning cache hits
The partitioning cache has 2 tilings in it right now
The inferral cache has 8 tilings in it right now
There are 8 tilings in the search tree
Time taken so far is 0.07857060432434082 seconds

Doing depth 3
We had 1 inferral cache hits and 119 partitioning cache hits
The partitioning cache has 1 tilings in it right now
The inferral cache has 15 tilings in it right now
There are 13 tilings in the search tree
Time taken so far is 0.21003150939941406 seconds

Doing depth 4
We had 1 inferral cache hits and 153 partitioning cache hits
The partitioning cache has 0 tilings in it right now
The inferral cache has 19 tilings in it right now
There are 15 tilings in the search tree
Time taken so far is 0.5588634014129639 seconds

Doing depth 5
We had 1 inferral cache hits and 243 partitioning cache hits
The partitioning cache has 7 tilings in it right now
The inferral cache has 27 tilings in it right now
There are 23 tilings in the search tree
Time taken so far is 0.9989097118377686 seconds

Doing depth 6
We had 7 inferral cache hits and 481 partitioning cache hits
The partitioning cache has 5 tilings in it right now
The inferral cache has 38 tilings in it right now
There are 37 tilings in the search tree
Time taken so far is 5.2881669998168945 seconds

Doing depth 7
We had 7 inferral cache hits and 700 partitioning cache hits
The partitioning cache has 2 tilings in it right now
The inferral cache has 63 tilings in it right now
There are 52 tilings in the search tree
Time taken so far is 22.61935019493103 seconds

Doing depth 8
We had 8 inferral cache hits and 1358 partitioning cache hits
The partitioning cache has 36 tilings in it right now
The inferral cache has 114 tilings in it right now
There are 114 tilings in the search tree
Time taken so far is 37.33611083030701 seconds

Now processing 0132_3120
Doing depth 1
We had 0 inferral cache hits and 14 partitioning cache hits
The partitioning cache has 0 tilings in it right now
The inferral cache has 4 tilings in it right now
There are 4 tilings in the search tree
Time taken so far is 0.021461963653564453 seconds

Doing depth 2
We had 0 inferral cache hits and 56 partitioning cache hits
The partitioning cache has 2 tilings in it right now
The inferral cache has 8 tilings in it right now
There are 10 tilings in the search tree
Time taken so far is 0.0837259292602539 seconds

Doing depth 3
We had 1 inferral cache hits and 119 partitioning cache hits
The partitioning cache has 1 tilings in it right now
The inferral cache has 16 tilings in it right now
There are 17 tilings in the search tree
Time taken so far is 0.19249534606933594 seconds

Doing depth 4
We had 1 inferral cache hits and 153 partitioning cache hits
The partitioning cache has 0 tilings in it right now
The inferral cache has 20 tilings in it right now
There are 20 tilings in the search tree
Time taken so far is 0.4067189693450928 seconds

Doing depth 5
We had 1 inferral cache hits and 243 partitioning cache hits
The partitioning cache has 8 tilings in it right now
The inferral cache has 28 tilings in it right now
There are 28 tilings in the search tree
Time taken so far is 0.8824663162231445 seconds

Doing depth 6
We had 9 inferral cache hits and 505 partitioning cache hits
The partitioning cache has 6 tilings in it right now
The inferral cache has 41 tilings in it right now
There are 42 tilings in the search tree
Time taken so far is 5.232541561126709 seconds

Doing depth 7
We had 9 inferral cache hits and 763 partitioning cache hits
The partitioning cache has 2 tilings in it right now
The inferral cache has 72 tilings in it right now
There are 60 tilings in the search tree
Time taken so far is 20.941142082214355 seconds

Doing depth 8
We had 9 inferral cache hits and 1546 partitioning cache hits
The partitioning cache has 42 tilings in it right now
The inferral cache has 154 tilings in it right now
There are 131 tilings in the search tree
Time taken so far is 41.410547971725464 seconds

Now processing 0213_0231
Doing depth 1
We had 0 inferral cache hits and 14 partitioning cache hits
The partitioning cache has 0 tilings in it right now
The inferral cache has 4 tilings in it right now
There are 4 tilings in the search tree
Time taken so far is 0.012775897979736328 seconds

Doing depth 2
We had 0 inferral cache hits and 56 partitioning cache hits
The partitioning cache has 2 tilings in it right now
The inferral cache has 8 tilings in it right now
There are 10 tilings in the search tree
Time taken so far is 0.05783700942993164 seconds

Doing depth 3
We had 1 inferral cache hits and 119 partitioning cache hits
The partitioning cache has 1 tilings in it right now
The inferral cache has 16 tilings in it right now
There are 17 tilings in the search tree
Time taken so far is 0.1688988208770752 seconds

Doing depth 4
We had 1 inferral cache hits and 153 partitioning cache hits
The partitioning cache has 0 tilings in it right now
The inferral cache has 20 tilings in it right now
There are 20 tilings in the search tree
Time taken so far is 0.38783740997314453 seconds

Doing depth 5
We had 1 inferral cache hits and 243 partitioning cache hits
The partitioning cache has 8 tilings in it right now
The inferral cache has 28 tilings in it right now
There are 29 tilings in the search tree
Time taken so far is 0.8634445667266846 seconds

Doing depth 6
We had 9 inferral cache hits and 505 partitioning cache hits
The partitioning cache has 6 tilings in it right now
The inferral cache has 41 tilings in it right now
There are 45 tilings in the search tree
Time taken so far is 5.144057273864746 seconds

Doing depth 7
We had 9 inferral cache hits and 769 partitioning cache hits
The partitioning cache has 1 tilings in it right now
The inferral cache has 73 tilings in it right now
There are 65 tilings in the search tree
Time taken so far is 21.089251279830933 seconds

Doing depth 8
We had 9 inferral cache hits and 1435 partitioning cache hits
The partitioning cache has 45 tilings in it right now
The inferral cache has 125 tilings in it right now
There are 130 tilings in the search tree
Time taken so far is 42.4233980178833 seconds

Now processing 0213_0321
Doing depth 1
We had 0 inferral cache hits and 14 partitioning cache hits
The partitioning cache has 0 tilings in it right now
The inferral cache has 4 tilings in it right now
There are 4 tilings in the search tree
Time taken so far is 0.0219423770904541 seconds

Doing depth 2
We had 0 inferral cache hits and 56 partitioning cache hits
The partitioning cache has 2 tilings in it right now
The inferral cache has 8 tilings in it right now
There are 10 tilings in the search tree
Time taken so far is 0.0869293212890625 seconds

Doing depth 3
We had 1 inferral cache hits and 119 partitioning cache hits
The partitioning cache has 1 tilings in it right now
The inferral cache has 16 tilings in it right now
There are 17 tilings in the search tree
Time taken so far is 0.20167279243469238 seconds

Doing depth 4
We had 1 inferral cache hits and 153 partitioning cache hits
The partitioning cache has 0 tilings in it right now
The inferral cache has 20 tilings in it right now
There are 20 tilings in the search tree
Time taken so far is 0.4177587032318115 seconds

Doing depth 5
We had 1 inferral cache hits and 243 partitioning cache hits
The partitioning cache has 7 tilings in it right now
The inferral cache has 29 tilings in it right now
There are 29 tilings in the search tree
Time taken so far is 0.8969969749450684 seconds

Doing depth 6
We had 8 inferral cache hits and 511 partitioning cache hits
The partitioning cache has 6 tilings in it right now
The inferral cache has 43 tilings in it right now
There are 45 tilings in the search tree
Time taken so far is 4.951270341873169 seconds

Doing depth 7
We had 8 inferral cache hits and 775 partitioning cache hits
The partitioning cache has 2 tilings in it right now
The inferral cache has 76 tilings in it right now
There are 65 tilings in the search tree
Time taken so far is 17.832725763320923 seconds

Doing depth 8
We had 8 inferral cache hits and 1455 partitioning cache hits
The partitioning cache has 38 tilings in it right now
The inferral cache has 140 tilings in it right now
There are 128 tilings in the search tree
Time taken so far is 34.113486528396606 seconds

Now processing 0213_1032
Doing depth 1
We had 0 inferral cache hits and 14 partitioning cache hits
The partitioning cache has 0 tilings in it right now
The inferral cache has 4 tilings in it right now
There are 4 tilings in the search tree
Time taken so far is 0.016309738159179688 seconds

Doing depth 2
We had 0 inferral cache hits and 56 partitioning cache hits
The partitioning cache has 2 tilings in it right now
The inferral cache has 8 tilings in it right now
There are 8 tilings in the search tree
Time taken so far is 0.07573294639587402 seconds

Doing depth 3
We had 1 inferral cache hits and 119 partitioning cache hits
The partitioning cache has 1 tilings in it right now
The inferral cache has 15 tilings in it right now
There are 13 tilings in the search tree
Time taken so far is 0.20915007591247559 seconds

Doing depth 4
We had 1 inferral cache hits and 153 partitioning cache hits
The partitioning cache has 1 tilings in it right now
The inferral cache has 18 tilings in it right now
There are 15 tilings in the search tree
Time taken so far is 0.5681867599487305 seconds

Doing depth 5
We had 1 inferral cache hits and 244 partitioning cache hits
The partitioning cache has 7 tilings in it right now
The inferral cache has 27 tilings in it right now
There are 25 tilings in the search tree
Time taken so far is 1.0908138751983643 seconds

Doing depth 6
We had 8 inferral cache hits and 531 partitioning cache hits
The partitioning cache has 7 tilings in it right now
The inferral cache has 45 tilings in it right now
There are 45 tilings in the search tree
Time taken so far is 5.645584344863892 seconds

Doing depth 7
We had 12 inferral cache hits and 996 partitioning cache hits
The partitioning cache has 17 tilings in it right now
The inferral cache has 93 tilings in it right now
There are 91 tilings in the search tree
Time taken so far is 17.4308340549469 seconds

Doing depth 8
We had 57 inferral cache hits and 2676 partitioning cache hits
The partitioning cache has 65 tilings in it right now
The inferral cache has 243 tilings in it right now
There are 304 tilings in the search tree
Time taken so far is 52.27725052833557 seconds

Now processing 0213_1230
Doing depth 1
We had 0 inferral cache hits and 14 partitioning cache hits
The partitioning cache has 0 tilings in it right now
The inferral cache has 4 tilings in it right now
There are 4 tilings in the search tree
Time taken so far is 0.02042245864868164 seconds

Doing depth 2
We had 0 inferral cache hits and 56 partitioning cache hits
The partitioning cache has 2 tilings in it right now
The inferral cache has 8 tilings in it right now
There are 10 tilings in the search tree
Time taken so far is 0.08213543891906738 seconds

Doing depth 3
We had 1 inferral cache hits and 119 partitioning cache hits
The partitioning cache has 1 tilings in it right now
The inferral cache has 16 tilings in it right now
There are 17 tilings in the search tree
Time taken so far is 0.18877553939819336 seconds

Doing depth 4
We had 1 inferral cache hits and 153 partitioning cache hits
The partitioning cache has 0 tilings in it right now
The inferral cache has 20 tilings in it right now
There are 20 tilings in the search tree
Time taken so far is 0.3845634460449219 seconds

Doing depth 5
We had 1 inferral cache hits and 243 partitioning cache hits
The partitioning cache has 8 tilings in it right now
The inferral cache has 28 tilings in it right now
There are 28 tilings in the search tree
Time taken so far is 0.8853728771209717 seconds

Doing depth 6
We had 9 inferral cache hits and 505 partitioning cache hits
The partitioning cache has 6 tilings in it right now
The inferral cache has 41 tilings in it right now
There are 40 tilings in the search tree
Time taken so far is 5.227700233459473 seconds

Doing depth 7
We had 9 inferral cache hits and 769 partitioning cache hits
The partitioning cache has 1 tilings in it right now
The inferral cache has 75 tilings in it right now
There are 57 tilings in the search tree
Time taken so far is 21.186652421951294 seconds

Doing depth 8
We had 9 inferral cache hits and 1461 partitioning cache hits
The partitioning cache has 42 tilings in it right now
The inferral cache has 136 tilings in it right now
There are 116 tilings in the search tree
Time taken so far is 40.495490074157715 seconds

Now processing 0213_1302
Doing depth 1
We had 0 inferral cache hits and 14 partitioning cache hits
The partitioning cache has 0 tilings in it right now
The inferral cache has 4 tilings in it right now
There are 4 tilings in the search tree
Time taken so far is 0.01703357696533203 seconds

Doing depth 2
We had 0 inferral cache hits and 56 partitioning cache hits
The partitioning cache has 2 tilings in it right now
The inferral cache has 8 tilings in it right now
There are 8 tilings in the search tree
Time taken so far is 0.07664299011230469 seconds

Doing depth 3
We had 1 inferral cache hits and 119 partitioning cache hits
The partitioning cache has 1 tilings in it right now
The inferral cache has 15 tilings in it right now
There are 13 tilings in the search tree
Time taken so far is 0.20908451080322266 seconds

Doing depth 4
We had 1 inferral cache hits and 153 partitioning cache hits
The partitioning cache has 1 tilings in it right now
The inferral cache has 18 tilings in it right now
There are 15 tilings in the search tree
Time taken so far is 0.5374813079833984 seconds

Doing depth 5
We had 1 inferral cache hits and 249 partitioning cache hits
The partitioning cache has 6 tilings in it right now
The inferral cache has 30 tilings in it right now
There are 24 tilings in the search tree
Time taken so far is 1.0994784832000732 seconds

Doing depth 6
We had 7 inferral cache hits and 529 partitioning cache hits
The partitioning cache has 5 tilings in it right now
The inferral cache has 56 tilings in it right now
There are 43 tilings in the search tree
Time taken so far is 6.205955266952515 seconds

Doing depth 7
We had 11 inferral cache hits and 954 partitioning cache hits
The partitioning cache has 16 tilings in it right now
The inferral cache has 100 tilings in it right now
There are 80 tilings in the search tree
Time taken so far is 19.228386878967285 seconds

Doing depth 8
We had 49 inferral cache hits and 2586 partitioning cache hits
The partitioning cache has 56 tilings in it right now
The inferral cache has 265 tilings in it right now
There are 253 tilings in the search tree
Time taken so far is 52.89973855018616 seconds

Now processing 0213_1320
Doing depth 1
We had 0 inferral cache hits and 14 partitioning cache hits
The partitioning cache has 0 tilings in it right now
The inferral cache has 4 tilings in it right now
There are 4 tilings in the search tree
Time taken so far is 0.020908594131469727 seconds

Doing depth 2
We had 0 inferral cache hits and 56 partitioning cache hits
The partitioning cache has 2 tilings in it right now
The inferral cache has 8 tilings in it right now
There are 10 tilings in the search tree
Time taken so far is 0.08322429656982422 seconds

Doing depth 3
We had 1 inferral cache hits and 119 partitioning cache hits
The partitioning cache has 1 tilings in it right now
The inferral cache has 16 tilings in it right now
There are 17 tilings in the search tree
Time taken so far is 0.1905536651611328 seconds

Doing depth 4
We had 1 inferral cache hits and 153 partitioning cache hits
The partitioning cache has 0 tilings in it right now
The inferral cache has 20 tilings in it right now
There are 20 tilings in the search tree
Time taken so far is 0.41176390647888184 seconds

Doing depth 5
We had 1 inferral cache hits and 243 partitioning cache hits
The partitioning cache has 8 tilings in it right now
The inferral cache has 28 tilings in it right now
There are 28 tilings in the search tree
Time taken so far is 0.8874077796936035 seconds

Doing depth 6
We had 9 inferral cache hits and 505 partitioning cache hits
The partitioning cache has 6 tilings in it right now
The inferral cache has 41 tilings in it right now
There are 40 tilings in the search tree
Time taken so far is 5.206466436386108 seconds

Doing depth 7
We had 9 inferral cache hits and 763 partitioning cache hits
The partitioning cache has 2 tilings in it right now
The inferral cache has 71 tilings in it right now
There are 56 tilings in the search tree
Time taken so far is 21.001754760742188 seconds

Doing depth 8
We had 9 inferral cache hits and 1488 partitioning cache hits
The partitioning cache has 41 tilings in it right now
The inferral cache has 139 tilings in it right now
There are 117 tilings in the search tree
Time taken so far is 39.81922507286072 seconds

Now processing 0213_2301
Doing depth 1
We had 0 inferral cache hits and 14 partitioning cache hits
The partitioning cache has 0 tilings in it right now
The inferral cache has 4 tilings in it right now
There are 4 tilings in the search tree
Time taken so far is 0.017608165740966797 seconds

Doing depth 2
We had 0 inferral cache hits and 56 partitioning cache hits
The partitioning cache has 2 tilings in it right now
The inferral cache has 8 tilings in it right now
There are 8 tilings in the search tree
Time taken so far is 0.07803106307983398 seconds

Doing depth 3
We had 1 inferral cache hits and 119 partitioning cache hits
The partitioning cache has 1 tilings in it right now
The inferral cache has 15 tilings in it right now
There are 13 tilings in the search tree
Time taken so far is 0.21022701263427734 seconds

Doing depth 4
We had 1 inferral cache hits and 153 partitioning cache hits
The partitioning cache has 0 tilings in it right now
The inferral cache has 19 tilings in it right now
There are 15 tilings in the search tree
Time taken so far is 0.5424003601074219 seconds

Doing depth 5
We had 1 inferral cache hits and 243 partitioning cache hits
The partitioning cache has 7 tilings in it right now
The inferral cache has 28 tilings in it right now
There are 23 tilings in the search tree
Time taken so far is 1.0064232349395752 seconds

Doing depth 6
We had 9 inferral cache hits and 504 partitioning cache hits
The partitioning cache has 5 tilings in it right now
The inferral cache has 40 tilings in it right now
There are 37 tilings in the search tree
Time taken so far is 5.604325294494629 seconds

Doing depth 7
We had 10 inferral cache hits and 782 partitioning cache hits
The partitioning cache has 8 tilings in it right now
The inferral cache has 73 tilings in it right now
There are 57 tilings in the search tree
Time taken so far is 21.88042449951172 seconds

Doing depth 8
We had 44 inferral cache hits and 1973 partitioning cache hits
The partitioning cache has 49 tilings in it right now
The inferral cache has 204 tilings in it right now
There are 245 tilings in the search tree
Time taken so far is 37.255913496017456 seconds

Now processing 0213_3120
Doing depth 1
We had 0 inferral cache hits and 14 partitioning cache hits
The partitioning cache has 0 tilings in it right now
The inferral cache has 4 tilings in it right now
There are 4 tilings in the search tree
Time taken so far is 0.020914793014526367 seconds

Doing depth 2
We had 0 inferral cache hits and 56 partitioning cache hits
The partitioning cache has 2 tilings in it right now
The inferral cache has 8 tilings in it right now
There are 10 tilings in the search tree
Time taken so far is 0.08341288566589355 seconds

Doing depth 3
We had 1 inferral cache hits and 119 partitioning cache hits
The partitioning cache has 1 tilings in it right now
The inferral cache has 17 tilings in it right now
There are 17 tilings in the search tree
Time taken so far is 0.19418025016784668 seconds

Doing depth 4
We had 1 inferral cache hits and 153 partitioning cache hits
The partitioning cache has 0 tilings in it right now
The inferral cache has 21 tilings in it right now
There are 20 tilings in the search tree
Time taken so far is 0.389129638671875 seconds

Doing depth 5
We had 1 inferral cache hits and 243 partitioning cache hits
The partitioning cache has 6 tilings in it right now
The inferral cache has 31 tilings in it right now
There are 28 tilings in the search tree
Time taken so far is 0.947969913482666 seconds

Doing depth 6
We had 8 inferral cache hits and 510 partitioning cache hits
The partitioning cache has 5 tilings in it right now
The inferral cache has 47 tilings in it right now
There are 40 tilings in the search tree
Time taken so far is 6.525042772293091 seconds

Doing depth 7
We had 8 inferral cache hits and 767 partitioning cache hits
The partitioning cache has 0 tilings in it right now
The inferral cache has 79 tilings in it right now
There are 56 tilings in the search tree
Time taken so far is 26.09050726890564 seconds

Doing depth 8
We had 8 inferral cache hits and 1527 partitioning cache hits
The partitioning cache has 40 tilings in it right now
The inferral cache has 169 tilings in it right now
There are 126 tilings in the search tree
Time taken so far is 49.19555616378784 seconds

Now processing 0231_0312
Doing depth 1
We had 0 inferral cache hits and 14 partitioning cache hits
The partitioning cache has 0 tilings in it right now
The inferral cache has 4 tilings in it right now
There are 4 tilings in the search tree
Time taken so far is 0.019197702407836914 seconds

Doing depth 2
We had 0 inferral cache hits and 56 partitioning cache hits
The partitioning cache has 2 tilings in it right now
The inferral cache has 8 tilings in it right now
There are 10 tilings in the search tree
Time taken so far is 0.07977461814880371 seconds

Doing depth 3
We had 1 inferral cache hits and 119 partitioning cache hits
The partitioning cache has 1 tilings in it right now
The inferral cache has 16 tilings in it right now
There are 17 tilings in the search tree
Time taken so far is 0.19094133377075195 seconds

Doing depth 4
We had 1 inferral cache hits and 153 partitioning cache hits
The partitioning cache has 0 tilings in it right now
The inferral cache has 20 tilings in it right now
There are 20 tilings in the search tree
Time taken so far is 0.4087343215942383 seconds

Doing depth 5
We had 1 inferral cache hits and 243 partitioning cache hits
The partitioning cache has 8 tilings in it right now
The inferral cache has 28 tilings in it right now
There are 29 tilings in the search tree
Time taken so far is 0.8847866058349609 seconds

Doing depth 6
We had 9 inferral cache hits and 505 partitioning cache hits
The partitioning cache has 6 tilings in it right now
The inferral cache has 41 tilings in it right now
There are 45 tilings in the search tree
Time taken so far is 5.18123197555542 seconds

Doing depth 7
We had 9 inferral cache hits and 769 partitioning cache hits
The partitioning cache has 2 tilings in it right now
The inferral cache has 73 tilings in it right now
There are 65 tilings in the search tree
Time taken so far is 21.247368097305298 seconds

Doing depth 8
We had 9 inferral cache hits and 1428 partitioning cache hits
The partitioning cache has 42 tilings in it right now
The inferral cache has 127 tilings in it right now
There are 129 tilings in the search tree
Time taken so far is 40.59121108055115 seconds

Now processing 0231_0321
Doing depth 1
We had 0 inferral cache hits and 14 partitioning cache hits
The partitioning cache has 0 tilings in it right now
The inferral cache has 4 tilings in it right now
There are 4 tilings in the search tree
Time taken so far is 0.012847900390625 seconds

Doing depth 2
We had 0 inferral cache hits and 56 partitioning cache hits
The partitioning cache has 2 tilings in it right now
The inferral cache has 8 tilings in it right now
There are 10 tilings in the search tree
Time taken so far is 0.057761430740356445 seconds

Doing depth 3
We had 1 inferral cache hits and 119 partitioning cache hits
The partitioning cache has 1 tilings in it right now
The inferral cache has 15 tilings in it right now
There are 17 tilings in the search tree
Time taken so far is 0.16884493827819824 seconds

Doing depth 4
We had 1 inferral cache hits and 153 partitioning cache hits
The partitioning cache has 0 tilings in it right now
The inferral cache has 19 tilings in it right now
There are 20 tilings in the search tree
Time taken so far is 0.4173269271850586 seconds

Doing depth 5
We had 1 inferral cache hits and 243 partitioning cache hits
The partitioning cache has 8 tilings in it right now
The inferral cache has 27 tilings in it right now
There are 30 tilings in the search tree
Time taken so far is 0.8546648025512695 seconds

Doing depth 6
We had 9 inferral cache hits and 505 partitioning cache hits
The partitioning cache has 6 tilings in it right now
The inferral cache has 39 tilings in it right now
There are 48 tilings in the search tree
Time taken so far is 4.407779693603516 seconds

Doing depth 7
We had 9 inferral cache hits and 769 partitioning cache hits
The partitioning cache has 2 tilings in it right now
The inferral cache has 71 tilings in it right now
There are 69 tilings in the search tree
Time taken so far is 17.10979127883911 seconds

Doing depth 8
We had 9 inferral cache hits and 1430 partitioning cache hits
The partitioning cache has 41 tilings in it right now
The inferral cache has 117 tilings in it right now
There are 134 tilings in the search tree
Time taken so far is 30.797707080841064 seconds

Now processing 0231_1032
Doing depth 1
We had 0 inferral cache hits and 14 partitioning cache hits
The partitioning cache has 0 tilings in it right now
The inferral cache has 4 tilings in it right now
There are 4 tilings in the search tree
Time taken so far is 0.01052093505859375 seconds

Doing depth 2
We had 0 inferral cache hits and 56 partitioning cache hits
The partitioning cache has 2 tilings in it right now
The inferral cache has 8 tilings in it right now
There are 8 tilings in the search tree
Time taken so far is 0.05258440971374512 seconds

Doing depth 3
We had 1 inferral cache hits and 119 partitioning cache hits
The partitioning cache has 1 tilings in it right now
The inferral cache has 15 tilings in it right now
There are 13 tilings in the search tree
Time taken so far is 0.17821240425109863 seconds

Doing depth 4
We had 1 inferral cache hits and 153 partitioning cache hits
The partitioning cache has 0 tilings in it right now
The inferral cache has 19 tilings in it right now
There are 15 tilings in the search tree
Time taken so far is 0.4914276599884033 seconds

Doing depth 5
We had 1 inferral cache hits and 243 partitioning cache hits
The partitioning cache has 8 tilings in it right now
The inferral cache has 27 tilings in it right now
There are 25 tilings in the search tree
Time taken so far is 0.9395382404327393 seconds

Doing depth 6
We had 9 inferral cache hits and 505 partitioning cache hits
The partitioning cache has 6 tilings in it right now
The inferral cache has 39 tilings in it right now
There are 41 tilings in the search tree
Time taken so far is 4.928271770477295 seconds

Doing depth 7
We had 9 inferral cache hits and 763 partitioning cache hits
The partitioning cache has 2 tilings in it right now
The inferral cache has 70 tilings in it right now
There are 60 tilings in the search tree
Time taken so far is 19.942635774612427 seconds

Doing depth 8
We had 9 inferral cache hits and 1439 partitioning cache hits
The partitioning cache has 40 tilings in it right now
The inferral cache has 119 tilings in it right now
There are 123 tilings in the search tree
Time taken so far is 34.13742995262146 seconds

Now processing 0231_1203
Doing depth 1
We had 0 inferral cache hits and 14 partitioning cache hits
The partitioning cache has 0 tilings in it right now
The inferral cache has 4 tilings in it right now
There are 4 tilings in the search tree
Time taken so far is 0.010763406753540039 seconds

Doing depth 2
We had 0 inferral cache hits and 56 partitioning cache hits
The partitioning cache has 2 tilings in it right now
The inferral cache has 8 tilings in it right now
There are 8 tilings in the search tree
Time taken so far is 0.05348944664001465 seconds

Doing depth 3
We had 1 inferral cache hits and 119 partitioning cache hits
The partitioning cache has 1 tilings in it right now
The inferral cache has 15 tilings in it right now
There are 13 tilings in the search tree
Time taken so far is 0.18325209617614746 seconds

Doing depth 4
We had 1 inferral cache hits and 153 partitioning cache hits
The partitioning cache has 0 tilings in it right now
The inferral cache has 19 tilings in it right now
There are 15 tilings in the search tree
Time taken so far is 0.515338659286499 seconds

Doing depth 5
We had 1 inferral cache hits and 248 partitioning cache hits
The partitioning cache has 7 tilings in it right now
The inferral cache has 30 tilings in it right now
There are 24 tilings in the search tree
Time taken so far is 1.0102393627166748 seconds

Doing depth 6
We had 7 inferral cache hits and 510 partitioning cache hits
The partitioning cache has 5 tilings in it right now
The inferral cache has 48 tilings in it right now
There are 39 tilings in the search tree
Time taken so far is 6.425601005554199 seconds

Doing depth 7
We had 7 inferral cache hits and 729 partitioning cache hits
The partitioning cache has 2 tilings in it right now
The inferral cache has 73 tilings in it right now
There are 52 tilings in the search tree
Time taken so far is 25.537791967391968 seconds

Doing depth 8
We had 9 inferral cache hits and 1376 partitioning cache hits
The partitioning cache has 34 tilings in it right now
The inferral cache has 135 tilings in it right now
There are 105 tilings in the search tree
Time taken so far is 45.875537395477295 seconds

Now processing 0231_1230
Doing depth 1
We had 0 inferral cache hits and 14 partitioning cache hits
The partitioning cache has 0 tilings in it right now
The inferral cache has 4 tilings in it right now
There are 4 tilings in the search tree
Time taken so far is 0.028420448303222656 seconds

Doing depth 2
We had 0 inferral cache hits and 56 partitioning cache hits
The partitioning cache has 2 tilings in it right now
The inferral cache has 8 tilings in it right now
There are 10 tilings in the search tree
Time taken so far is 0.11316299438476562 seconds

Doing depth 3
We had 1 inferral cache hits and 119 partitioning cache hits
The partitioning cache has 1 tilings in it right now
The inferral cache has 15 tilings in it right now
There are 17 tilings in the search tree
Time taken so far is 0.2657496929168701 seconds

Doing depth 4
We had 1 inferral cache hits and 153 partitioning cache hits
The partitioning cache has 0 tilings in it right now
The inferral cache has 19 tilings in it right now
There are 20 tilings in the search tree
Time taken so far is 0.5092082023620605 seconds

Doing depth 5
We had 1 inferral cache hits and 243 partitioning cache hits
The partitioning cache has 8 tilings in it right now
The inferral cache has 27 tilings in it right now
There are 28 tilings in the search tree
Time taken so far is 1.0636928081512451 seconds

Doing depth 6
We had 9 inferral cache hits and 505 partitioning cache hits
The partitioning cache has 6 tilings in it right now
The inferral cache has 39 tilings in it right now
There are 40 tilings in the search tree
Time taken so far is 4.490885019302368 seconds

Doing depth 7
We had 9 inferral cache hits and 763 partitioning cache hits
The partitioning cache has 4 tilings in it right now
The inferral cache has 67 tilings in it right now
There are 56 tilings in the search tree
Time taken so far is 15.436934471130371 seconds

Doing depth 8
We had 9 inferral cache hits and 1505 partitioning cache hits
The partitioning cache has 44 tilings in it right now
The inferral cache has 123 tilings in it right now
There are 114 tilings in the search tree
Time taken so far is 32.5645637512207 seconds

Now processing 0231_1302
Doing depth 1
We had 0 inferral cache hits and 14 partitioning cache hits
The partitioning cache has 0 tilings in it right now
The inferral cache has 4 tilings in it right now
There are 4 tilings in the search tree
Time taken so far is 0.021194934844970703 seconds

Doing depth 2
We had 0 inferral cache hits and 56 partitioning cache hits
The partitioning cache has 2 tilings in it right now
The inferral cache has 8 tilings in it right now
There are 8 tilings in the search tree
Time taken so far is 0.09796953201293945 seconds

Doing depth 3
We had 1 inferral cache hits and 119 partitioning cache hits
The partitioning cache has 1 tilings in it right now
The inferral cache has 15 tilings in it right now
There are 13 tilings in the search tree
Time taken so far is 0.2528095245361328 seconds

Doing depth 4
We had 1 inferral cache hits and 153 partitioning cache hits
The partitioning cache has 0 tilings in it right now
The inferral cache has 19 tilings in it right now
There are 15 tilings in the search tree
Time taken so far is 0.635251522064209 seconds

Doing depth 5
We had 1 inferral cache hits and 248 partitioning cache hits
The partitioning cache has 7 tilings in it right now
The inferral cache has 30 tilings in it right now
There are 24 tilings in the search tree
Time taken so far is 1.3244121074676514 seconds

Doing depth 6
We had 7 inferral cache hits and 510 partitioning cache hits
The partitioning cache has 5 tilings in it right now
The inferral cache has 50 tilings in it right now
There are 39 tilings in the search tree
Time taken so far is 8.520484447479248 seconds

Doing depth 7
We had 7 inferral cache hits and 729 partitioning cache hits
The partitioning cache has 2 tilings in it right now
The inferral cache has 75 tilings in it right now
There are 52 tilings in the search tree
Time taken so far is 33.99791216850281 seconds

Doing depth 8
We had 7 inferral cache hits and 1390 partitioning cache hits
The partitioning cache has 33 tilings in it right now
The inferral cache has 140 tilings in it right now
There are 103 tilings in the search tree
Time taken so far is 60.95128321647644 seconds

Now processing 0231_1320
Doing depth 1
We had 0 inferral cache hits and 14 partitioning cache hits
The partitioning cache has 0 tilings in it right now
The inferral cache has 4 tilings in it right now
There are 4 tilings in the search tree
Time taken so far is 0.027042865753173828 seconds

Doing depth 2
We had 0 inferral cache hits and 56 partitioning cache hits
The partitioning cache has 2 tilings in it right now
The inferral cache has 8 tilings in it right now
There are 10 tilings in the search tree
Time taken so far is 0.12427806854248047 seconds

Doing depth 3
We had 1 inferral cache hits and 119 partitioning cache hits
The partitioning cache has 1 tilings in it right now
The inferral cache has 15 tilings in it right now
There are 17 tilings in the search tree
Time taken so far is 0.2623155117034912 seconds

Doing depth 4
We had 1 inferral cache hits and 153 partitioning cache hits
The partitioning cache has 0 tilings in it right now
The inferral cache has 19 tilings in it right now
There are 20 tilings in the search tree
Time taken so far is 0.5398623943328857 seconds

Doing depth 5
We had 1 inferral cache hits and 243 partitioning cache hits
The partitioning cache has 8 tilings in it right now
The inferral cache has 27 tilings in it right now
There are 28 tilings in the search tree
Time taken so far is 1.103416919708252 seconds

Doing depth 6
We had 9 inferral cache hits and 505 partitioning cache hits
The partitioning cache has 6 tilings in it right now
The inferral cache has 39 tilings in it right now
There are 40 tilings in the search tree
Time taken so far is 5.0710289478302 seconds

Doing depth 7
We had 9 inferral cache hits and 763 partitioning cache hits
The partitioning cache has 4 tilings in it right now
The inferral cache has 67 tilings in it right now
There are 56 tilings in the search tree
Time taken so far is 16.996705055236816 seconds

Doing depth 8
We had 9 inferral cache hits and 1493 partitioning cache hits
The partitioning cache has 40 tilings in it right now
The inferral cache has 125 tilings in it right now
There are 114 tilings in the search tree
Time taken so far is 31.45137906074524 seconds

Now processing 0231_2013
Doing depth 1
We had 0 inferral cache hits and 14 partitioning cache hits
The partitioning cache has 0 tilings in it right now
The inferral cache has 4 tilings in it right now
There are 4 tilings in the search tree
Time taken so far is 0.02396678924560547 seconds

Doing depth 2
We had 0 inferral cache hits and 56 partitioning cache hits
The partitioning cache has 2 tilings in it right now
The inferral cache has 8 tilings in it right now
There are 8 tilings in the search tree
Time taken so far is 0.10654211044311523 seconds

Doing depth 3
We had 1 inferral cache hits and 119 partitioning cache hits
The partitioning cache has 1 tilings in it right now
The inferral cache has 15 tilings in it right now
There are 13 tilings in the search tree
Time taken so far is 0.2864077091217041 seconds

Doing depth 4
We had 1 inferral cache hits and 153 partitioning cache hits
The partitioning cache has 0 tilings in it right now
The inferral cache has 19 tilings in it right now
There are 15 tilings in the search tree
Time taken so far is 0.7502646446228027 seconds

Doing depth 5
We had 1 inferral cache hits and 248 partitioning cache hits
The partitioning cache has 7 tilings in it right now
The inferral cache has 30 tilings in it right now
There are 24 tilings in the search tree
Time taken so far is 1.4969439506530762 seconds

Doing depth 6
We had 7 inferral cache hits and 510 partitioning cache hits
The partitioning cache has 5 tilings in it right now
The inferral cache has 50 tilings in it right now
There are 41 tilings in the search tree
Time taken so far is 8.459624528884888 seconds

Doing depth 7
We had 7 inferral cache hits and 735 partitioning cache hits
The partitioning cache has 3 tilings in it right now
The inferral cache has 78 tilings in it right now
There are 57 tilings in the search tree
Time taken so far is 32.77007222175598 seconds

Doing depth 8
We had 11 inferral cache hits and 1449 partitioning cache hits
The partitioning cache has 39 tilings in it right now
The inferral cache has 146 tilings in it right now
There are 130 tilings in the search tree
Time taken so far is 54.826879262924194 seconds

Now processing 0231_2031
Doing depth 1
We had 0 inferral cache hits and 14 partitioning cache hits
The partitioning cache has 0 tilings in it right now
The inferral cache has 4 tilings in it right now
There are 4 tilings in the search tree
Time taken so far is 0.018530607223510742 seconds

Doing depth 2
We had 0 inferral cache hits and 56 partitioning cache hits
The partitioning cache has 2 tilings in it right now
The inferral cache has 8 tilings in it right now
There are 8 tilings in the search tree
Time taken so far is 0.08097434043884277 seconds

Doing depth 3
We had 1 inferral cache hits and 119 partitioning cache hits
The partitioning cache has 1 tilings in it right now
The inferral cache has 15 tilings in it right now
There are 13 tilings in the search tree
Time taken so far is 0.2643167972564697 seconds

Doing depth 4
We had 1 inferral cache hits and 153 partitioning cache hits
The partitioning cache has 0 tilings in it right now
The inferral cache has 19 tilings in it right now
There are 15 tilings in the search tree
Time taken so far is 0.7241792678833008 seconds

Doing depth 5
We had 1 inferral cache hits and 248 partitioning cache hits
The partitioning cache has 7 tilings in it right now
The inferral cache has 30 tilings in it right now
There are 26 tilings in the search tree
Time taken so far is 1.3853273391723633 seconds

Doing depth 6
We had 7 inferral cache hits and 510 partitioning cache hits
The partitioning cache has 5 tilings in it right now
The inferral cache has 48 tilings in it right now
There are 42 tilings in the search tree
Time taken so far is 7.6058173179626465 seconds

Doing depth 7
We had 7 inferral cache hits and 729 partitioning cache hits
The partitioning cache has 1 tilings in it right now
The inferral cache has 73 tilings in it right now
There are 56 tilings in the search tree
Time taken so far is 31.637157440185547 seconds

Doing depth 8
We had 9 inferral cache hits and 1382 partitioning cache hits
The partitioning cache has 37 tilings in it right now
The inferral cache has 135 tilings in it right now
There are 119 tilings in the search tree
Time taken so far is 57.89194893836975 seconds

Now processing 0231_2130
Doing depth 1
We had 0 inferral cache hits and 14 partitioning cache hits
The partitioning cache has 0 tilings in it right now
The inferral cache has 4 tilings in it right now
There are 4 tilings in the search tree
Time taken so far is 0.028846263885498047 seconds

Doing depth 2
We had 0 inferral cache hits and 56 partitioning cache hits
The partitioning cache has 2 tilings in it right now
The inferral cache has 8 tilings in it right now
There are 10 tilings in the search tree
Time taken so far is 0.11248350143432617 seconds

Doing depth 3
We had 1 inferral cache hits and 119 partitioning cache hits
The partitioning cache has 1 tilings in it right now
The inferral cache has 16 tilings in it right now
There are 17 tilings in the search tree
Time taken so far is 0.24895405769348145 seconds

Doing depth 4
We had 1 inferral cache hits and 153 partitioning cache hits
The partitioning cache has 0 tilings in it right now
The inferral cache has 20 tilings in it right now
There are 20 tilings in the search tree
Time taken so far is 0.46654844284057617 seconds

Doing depth 5
We had 1 inferral cache hits and 243 partitioning cache hits
The partitioning cache has 8 tilings in it right now
The inferral cache has 28 tilings in it right now
There are 28 tilings in the search tree
Time taken so far is 1.073700189590454 seconds

Doing depth 6
We had 9 inferral cache hits and 505 partitioning cache hits
The partitioning cache has 6 tilings in it right now
The inferral cache has 41 tilings in it right now
There are 40 tilings in the search tree
Time taken so far is 6.215301275253296 seconds

Doing depth 7
We had 9 inferral cache hits and 763 partitioning cache hits
The partitioning cache has 2 tilings in it right now
The inferral cache has 71 tilings in it right now
There are 56 tilings in the search tree
Time taken so far is 25.214967012405396 seconds

Doing depth 8
We had 9 inferral cache hits and 1501 partitioning cache hits
The partitioning cache has 44 tilings in it right now
The inferral cache has 136 tilings in it right now
There are 118 tilings in the search tree
Time taken so far is 45.88016390800476 seconds

Now processing 0231_2301
Doing depth 1
We had 0 inferral cache hits and 14 partitioning cache hits
The partitioning cache has 0 tilings in it right now
The inferral cache has 4 tilings in it right now
There are 4 tilings in the search tree
Time taken so far is 0.02125072479248047 seconds

Doing depth 2
We had 0 inferral cache hits and 56 partitioning cache hits
The partitioning cache has 2 tilings in it right now
The inferral cache has 8 tilings in it right now
There are 8 tilings in the search tree
Time taken so far is 0.08867692947387695 seconds

Doing depth 3
We had 1 inferral cache hits and 119 partitioning cache hits
The partitioning cache has 1 tilings in it right now
The inferral cache has 15 tilings in it right now
There are 13 tilings in the search tree
Time taken so far is 0.24773049354553223 seconds

Doing depth 4
We had 1 inferral cache hits and 153 partitioning cache hits
The partitioning cache has 0 tilings in it right now
The inferral cache has 19 tilings in it right now
There are 15 tilings in the search tree
Time taken so far is 0.6483242511749268 seconds

Doing depth 5
We had 1 inferral cache hits and 243 partitioning cache hits
The partitioning cache has 7 tilings in it right now
The inferral cache has 27 tilings in it right now
There are 23 tilings in the search tree
Time taken so far is 1.1076264381408691 seconds

Doing depth 6
We had 7 inferral cache hits and 481 partitioning cache hits
The partitioning cache has 5 tilings in it right now
The inferral cache has 38 tilings in it right now
There are 37 tilings in the search tree
Time taken so far is 5.283967018127441 seconds

Doing depth 7
We had 7 inferral cache hits and 700 partitioning cache hits
The partitioning cache has 3 tilings in it right now
The inferral cache has 62 tilings in it right now
There are 52 tilings in the search tree
Time taken so far is 22.247397899627686 seconds

Doing depth 8
We had 9 inferral cache hits and 1380 partitioning cache hits
The partitioning cache has 36 tilings in it right now
The inferral cache has 116 tilings in it right now
There are 112 tilings in the search tree
Time taken so far is 38.06849694252014 seconds

Now processing 0231_3012
Doing depth 1
We had 0 inferral cache hits and 14 partitioning cache hits
The partitioning cache has 0 tilings in it right now
The inferral cache has 4 tilings in it right now
There are 4 tilings in the search tree
Time taken so far is 0.021247386932373047 seconds

Doing depth 2
We had 0 inferral cache hits and 56 partitioning cache hits
The partitioning cache has 2 tilings in it right now
The inferral cache has 8 tilings in it right now
There are 8 tilings in the search tree
Time taken so far is 0.09033942222595215 seconds

Doing depth 3
We had 1 inferral cache hits and 119 partitioning cache hits
The partitioning cache has 1 tilings in it right now
The inferral cache has 15 tilings in it right now
There are 13 tilings in the search tree
Time taken so far is 0.2466599941253662 seconds

Doing depth 4
We had 1 inferral cache hits and 153 partitioning cache hits
The partitioning cache has 0 tilings in it right now
The inferral cache has 19 tilings in it right now
There are 15 tilings in the search tree
Time taken so far is 0.6424734592437744 seconds

Doing depth 5
We had 1 inferral cache hits and 248 partitioning cache hits
The partitioning cache has 7 tilings in it right now
The inferral cache has 30 tilings in it right now
There are 24 tilings in the search tree
Time taken so far is 1.2716493606567383 seconds

Doing depth 6
We had 7 inferral cache hits and 510 partitioning cache hits
The partitioning cache has 5 tilings in it right now
The inferral cache has 50 tilings in it right now
There are 41 tilings in the search tree
Time taken so far is 7.032134532928467 seconds

Doing depth 7
We had 7 inferral cache hits and 735 partitioning cache hits
The partitioning cache has 2 tilings in it right now
The inferral cache has 78 tilings in it right now
There are 57 tilings in the search tree
Time taken so far is 30.312561750411987 seconds

Doing depth 8
We had 7 inferral cache hits and 1319 partitioning cache hits
The partitioning cache has 32 tilings in it right now
The inferral cache has 132 tilings in it right now
There are 107 tilings in the search tree
Time taken so far is 52.357189416885376 seconds

Now processing 0321_1032
Doing depth 1
We had 0 inferral cache hits and 14 partitioning cache hits
The partitioning cache has 0 tilings in it right now
The inferral cache has 4 tilings in it right now
There are 4 tilings in the search tree
Time taken so far is 0.020934581756591797 seconds

Doing depth 2
We had 0 inferral cache hits and 56 partitioning cache hits
The partitioning cache has 2 tilings in it right now
The inferral cache has 8 tilings in it right now
There are 8 tilings in the search tree
Time taken so far is 0.0899665355682373 seconds

Doing depth 3
We had 1 inferral cache hits and 119 partitioning cache hits
The partitioning cache has 1 tilings in it right now
The inferral cache has 15 tilings in it right now
There are 13 tilings in the search tree
Time taken so far is 0.24292707443237305 seconds

Doing depth 4
We had 1 inferral cache hits and 153 partitioning cache hits
The partitioning cache has 0 tilings in it right now
The inferral cache has 19 tilings in it right now
There are 15 tilings in the search tree
Time taken so far is 0.6189088821411133 seconds

Doing depth 5
We had 1 inferral cache hits and 243 partitioning cache hits
The partitioning cache has 8 tilings in it right now
The inferral cache has 27 tilings in it right now
There are 25 tilings in the search tree
Time taken so far is 1.0450353622436523 seconds

Doing depth 6
We had 9 inferral cache hits and 505 partitioning cache hits
The partitioning cache has 6 tilings in it right now
The inferral cache has 39 tilings in it right now
There are 43 tilings in the search tree
Time taken so far is 4.9018659591674805 seconds

Doing depth 7
We had 9 inferral cache hits and 763 partitioning cache hits
The partitioning cache has 2 tilings in it right now
The inferral cache has 70 tilings in it right now
There are 62 tilings in the search tree
Time taken so far is 19.315035104751587 seconds

Doing depth 8
We had 9 inferral cache hits and 1439 partitioning cache hits
The partitioning cache has 41 tilings in it right now
The inferral cache has 118 tilings in it right now
There are 122 tilings in the search tree
Time taken so far is 34.04183912277222 seconds

Now processing 0321_1302
Doing depth 1
We had 0 inferral cache hits and 14 partitioning cache hits
The partitioning cache has 0 tilings in it right now
The inferral cache has 4 tilings in it right now
There are 4 tilings in the search tree
Time taken so far is 0.021496057510375977 seconds

Doing depth 2
We had 0 inferral cache hits and 56 partitioning cache hits
The partitioning cache has 2 tilings in it right now
The inferral cache has 8 tilings in it right now
There are 8 tilings in the search tree
Time taken so far is 0.08894133567810059 seconds

Doing depth 3
We had 1 inferral cache hits and 119 partitioning cache hits
The partitioning cache has 1 tilings in it right now
The inferral cache has 15 tilings in it right now
There are 13 tilings in the search tree
Time taken so far is 0.24633383750915527 seconds

Doing depth 4
We had 1 inferral cache hits and 153 partitioning cache hits
The partitioning cache has 0 tilings in it right now
The inferral cache has 19 tilings in it right now
There are 15 tilings in the search tree
Time taken so far is 0.6323893070220947 seconds

Doing depth 5
We had 1 inferral cache hits and 248 partitioning cache hits
The partitioning cache has 7 tilings in it right now
The inferral cache has 30 tilings in it right now
There are 24 tilings in the search tree
Time taken so far is 1.236738920211792 seconds

Doing depth 6
We had 7 inferral cache hits and 510 partitioning cache hits
The partitioning cache has 5 tilings in it right now
The inferral cache has 50 tilings in it right now
There are 39 tilings in the search tree
Time taken so far is 7.213744163513184 seconds

Doing depth 7
We had 7 inferral cache hits and 729 partitioning cache hits
The partitioning cache has 2 tilings in it right now
The inferral cache has 75 tilings in it right now
There are 52 tilings in the search tree
Time taken so far is 30.68912410736084 seconds

Doing depth 8
We had 7 inferral cache hits and 1390 partitioning cache hits
The partitioning cache has 34 tilings in it right now
The inferral cache has 142 tilings in it right now
There are 107 tilings in the search tree
Time taken so far is 56.02565002441406 seconds

Now processing 0321_2103
Doing depth 1
We had 0 inferral cache hits and 14 partitioning cache hits
The partitioning cache has 0 tilings in it right now
The inferral cache has 4 tilings in it right now
There are 4 tilings in the search tree
Time taken so far is 0.02130293846130371 seconds

Doing depth 2
We had 0 inferral cache hits and 56 partitioning cache hits
The partitioning cache has 2 tilings in it right now
The inferral cache has 8 tilings in it right now
There are 8 tilings in the search tree
Time taken so far is 0.09008002281188965 seconds

Doing depth 3
We had 1 inferral cache hits and 119 partitioning cache hits
The partitioning cache has 1 tilings in it right now
The inferral cache has 15 tilings in it right now
There are 13 tilings in the search tree
Time taken so far is 0.25008058547973633 seconds

Doing depth 4
We had 1 inferral cache hits and 153 partitioning cache hits
The partitioning cache has 0 tilings in it right now
The inferral cache has 19 tilings in it right now
There are 15 tilings in the search tree
Time taken so far is 0.7086095809936523 seconds

Doing depth 5
We had 1 inferral cache hits and 248 partitioning cache hits
The partitioning cache has 7 tilings in it right now
The inferral cache has 30 tilings in it right now
There are 24 tilings in the search tree
Time taken so far is 1.3375892639160156 seconds

Doing depth 6
We had 7 inferral cache hits and 510 partitioning cache hits
The partitioning cache has 5 tilings in it right now
The inferral cache has 50 tilings in it right now
There are 39 tilings in the search tree
Time taken so far is 7.6217200756073 seconds

Doing depth 7
We had 7 inferral cache hits and 729 partitioning cache hits
The partitioning cache has 2 tilings in it right now
The inferral cache has 75 tilings in it right now
There are 52 tilings in the search tree
Time taken so far is 31.984748363494873 seconds

Doing depth 8
We had 7 inferral cache hits and 1383 partitioning cache hits
The partitioning cache has 29 tilings in it right now
The inferral cache has 146 tilings in it right now
There are 107 tilings in the search tree
Time taken so far is 54.435673236846924 seconds

Now processing 0321_2301
Doing depth 1
We had 0 inferral cache hits and 14 partitioning cache hits
The partitioning cache has 0 tilings in it right now
The inferral cache has 4 tilings in it right now
There are 4 tilings in the search tree
Time taken so far is 0.02083277702331543 seconds

Doing depth 2
We had 0 inferral cache hits and 56 partitioning cache hits
The partitioning cache has 2 tilings in it right now
The inferral cache has 8 tilings in it right now
There are 8 tilings in the search tree
Time taken so far is 0.08745145797729492 seconds

Doing depth 3
We had 1 inferral cache hits and 119 partitioning cache hits
The partitioning cache has 1 tilings in it right now
The inferral cache has 15 tilings in it right now
There are 13 tilings in the search tree
Time taken so far is 0.28757238388061523 seconds

Doing depth 4
We had 1 inferral cache hits and 153 partitioning cache hits
The partitioning cache has 0 tilings in it right now
The inferral cache has 19 tilings in it right now
There are 15 tilings in the search tree
Time taken so far is 0.6874196529388428 seconds

Doing depth 5
We had 1 inferral cache hits and 243 partitioning cache hits
The partitioning cache has 7 tilings in it right now
The inferral cache has 27 tilings in it right now
There are 23 tilings in the search tree
Time taken so far is 1.142716407775879 seconds

Doing depth 6
We had 7 inferral cache hits and 481 partitioning cache hits
The partitioning cache has 5 tilings in it right now
The inferral cache has 38 tilings in it right now
There are 36 tilings in the search tree
Time taken so far is 5.366010665893555 seconds

Doing depth 7
We had 7 inferral cache hits and 700 partitioning cache hits
The partitioning cache has 3 tilings in it right now
The inferral cache has 62 tilings in it right now
There are 50 tilings in the search tree
Time taken so far is 22.375710010528564 seconds

Doing depth 8
We had 7 inferral cache hits and 1332 partitioning cache hits
The partitioning cache has 33 tilings in it right now
The inferral cache has 112 tilings in it right now
There are 101 tilings in the search tree
Time taken so far is 36.56761169433594 seconds

Now processing 1032_1302
Doing depth 1
We had 0 inferral cache hits and 14 partitioning cache hits
The partitioning cache has 0 tilings in it right now
The inferral cache has 3 tilings in it right now
There are 4 tilings in the search tree
Time taken so far is 0.021243572235107422 seconds

Doing depth 2
We had 0 inferral cache hits and 56 partitioning cache hits
The partitioning cache has 2 tilings in it right now
The inferral cache has 7 tilings in it right now
There are 8 tilings in the search tree
Time taken so far is 0.09092140197753906 seconds

Doing depth 3
We had 1 inferral cache hits and 119 partitioning cache hits
The partitioning cache has 1 tilings in it right now
The inferral cache has 12 tilings in it right now
There are 13 tilings in the search tree
Time taken so far is 0.278684139251709 seconds

Doing depth 4
We had 1 inferral cache hits and 153 partitioning cache hits
The partitioning cache has 1 tilings in it right now
The inferral cache has 15 tilings in it right now
There are 15 tilings in the search tree
Time taken so far is 0.8053743839263916 seconds

Doing depth 5
We had 1 inferral cache hits and 249 partitioning cache hits
The partitioning cache has 7 tilings in it right now
The inferral cache has 26 tilings in it right now
There are 24 tilings in the search tree
Time taken so far is 1.4197137355804443 seconds

Doing depth 6
We had 7 inferral cache hits and 511 partitioning cache hits
The partitioning cache has 5 tilings in it right now
The inferral cache has 43 tilings in it right now
There are 39 tilings in the search tree
Time taken so far is 8.357213497161865 seconds

Doing depth 7
We had 7 inferral cache hits and 730 partitioning cache hits
The partitioning cache has 6 tilings in it right now
The inferral cache has 63 tilings in it right now
There are 52 tilings in the search tree
Time taken so far is 40.15921473503113 seconds

Doing depth 8
We had 7 inferral cache hits and 1410 partitioning cache hits
The partitioning cache has 36 tilings in it right now
The inferral cache has 131 tilings in it right now
There are 108 tilings in the search tree
Time taken so far is 66.99041748046875 seconds

Now processing 1032_2301
Doing depth 1
We had 0 inferral cache hits and 14 partitioning cache hits
The partitioning cache has 0 tilings in it right now
The inferral cache has 3 tilings in it right now
There are 4 tilings in the search tree
Time taken so far is 0.020068645477294922 seconds

Doing depth 2
We had 0 inferral cache hits and 56 partitioning cache hits
The partitioning cache has 2 tilings in it right now
The inferral cache has 7 tilings in it right now
There are 8 tilings in the search tree
Time taken so far is 0.08765792846679688 seconds

Doing depth 3
We had 1 inferral cache hits and 119 partitioning cache hits
The partitioning cache has 1 tilings in it right now
The inferral cache has 12 tilings in it right now
There are 13 tilings in the search tree
Time taken so far is 0.2801218032836914 seconds

Doing depth 4
We had 1 inferral cache hits and 153 partitioning cache hits
The partitioning cache has 0 tilings in it right now
The inferral cache has 16 tilings in it right now
There are 15 tilings in the search tree
Time taken so far is 0.8274834156036377 seconds

Doing depth 5
We had 1 inferral cache hits and 243 partitioning cache hits
The partitioning cache has 8 tilings in it right now
The inferral cache has 24 tilings in it right now
There are 23 tilings in the search tree
Time taken so far is 1.2980730533599854 seconds

Doing depth 6
We had 9 inferral cache hits and 505 partitioning cache hits
The partitioning cache has 6 tilings in it right now
The inferral cache has 35 tilings in it right now
There are 36 tilings in the search tree
Time taken so far is 6.010049343109131 seconds

Doing depth 7
We had 9 inferral cache hits and 763 partitioning cache hits
The partitioning cache has 4 tilings in it right now
The inferral cache has 65 tilings in it right now
There are 52 tilings in the search tree
Time taken so far is 27.049235582351685 seconds

Doing depth 8
We had 10 inferral cache hits and 1348 partitioning cache hits
The partitioning cache has 34 tilings in it right now
The inferral cache has 113 tilings in it right now
There are 104 tilings in the search tree
Time taken so far is 41.31786108016968 seconds

Now processing 1302_2031
Doing depth 1
We had 0 inferral cache hits and 14 partitioning cache hits
The partitioning cache has 0 tilings in it right now
The inferral cache has 3 tilings in it right now
There are 4 tilings in the search tree
Time taken so far is 0.02125382423400879 seconds

Doing depth 2
We had 0 inferral cache hits and 56 partitioning cache hits
The partitioning cache has 2 tilings in it right now
The inferral cache has 7 tilings in it right now
There are 8 tilings in the search tree
Time taken so far is 0.08991718292236328 seconds

Doing depth 3
We had 1 inferral cache hits and 119 partitioning cache hits
The partitioning cache has 1 tilings in it right now
The inferral cache has 12 tilings in it right now
There are 13 tilings in the search tree
Time taken so far is 0.27804136276245117 seconds

Doing depth 4
We had 1 inferral cache hits and 153 partitioning cache hits
The partitioning cache has 2 tilings in it right now
The inferral cache has 14 tilings in it right now
There are 15 tilings in the search tree
Time taken so far is 0.8444404602050781 seconds

Doing depth 5
We had 1 inferral cache hits and 255 partitioning cache hits
The partitioning cache has 6 tilings in it right now
The inferral cache has 26 tilings in it right now
There are 25 tilings in the search tree
Time taken so far is 1.647170066833496 seconds

Doing depth 6
We had 7 inferral cache hits and 505 partitioning cache hits
The partitioning cache has 4 tilings in it right now
The inferral cache has 44 tilings in it right now
There are 42 tilings in the search tree
Time taken so far is 11.514806747436523 seconds

Doing depth 7
We had 7 inferral cache hits and 685 partitioning cache hits
The partitioning cache has 8 tilings in it right now
The inferral cache has 58 tilings in it right now
There are 52 tilings in the search tree
Time taken so far is 55.9904305934906 seconds

Doing depth 8
We had 9 inferral cache hits and 1203 partitioning cache hits
The partitioning cache has 24 tilings in it right now
The inferral cache has 108 tilings in it right now
There are 94 tilings in the search tree
Time taken so far is 94.09794902801514 seconds

