/users/home/henningu/ATRAP/non-regular-insertion-encodable-bases/logs_length2
Now processing 0123_0132
Doing depth 1
We had 0 inferral cache hits and 14 partitioning cache hits
The partitioning cache has 0 tilings in it right now
The inferral cache has 6 tilings in it right now
There are 5 tilings in the search tree
Time taken so far is 0.05103254318237305 seconds

Doing depth 2
We had 0 inferral cache hits and 81 partitioning cache hits
The partitioning cache has 4 tilings in it right now
The inferral cache has 14 tilings in it right now
There are 15 tilings in the search tree
Time taken so far is 0.20496892929077148 seconds

Doing depth 3
We had 2 inferral cache hits and 223 partitioning cache hits
The partitioning cache has 2 tilings in it right now
The inferral cache has 37 tilings in it right now
There are 31 tilings in the search tree
Time taken so far is 0.7644069194793701 seconds

Doing depth 4
We had 2 inferral cache hits and 311 partitioning cache hits
The partitioning cache has 0 tilings in it right now
The inferral cache has 53 tilings in it right now
There are 40 tilings in the search tree
Time taken so far is 1.7814226150512695 seconds

Doing depth 5
We had 4 inferral cache hits and 669 partitioning cache hits
The partitioning cache has 29 tilings in it right now
The inferral cache has 89 tilings in it right now
There are 78 tilings in the search tree
Time taken so far is 4.279416084289551 seconds

Doing depth 6
We had 36 inferral cache hits and 1713 partitioning cache hits
The partitioning cache has 19 tilings in it right now
The inferral cache has 168 tilings in it right now
There are 153 tilings in the search tree
Time taken so far is 22.090932846069336 seconds

Doing depth 7
We had 36 inferral cache hits and 2844 partitioning cache hits
The partitioning cache has 8 tilings in it right now
The inferral cache has 369 tilings in it right now
There are 261 tilings in the search tree
Time taken so far is 77.4430525302887 seconds

Doing depth 8
We had 71 inferral cache hits and 7153 partitioning cache hits
The partitioning cache has 236 tilings in it right now
The inferral cache has 742 tilings in it right now
There are 676 tilings in the search tree
Time taken so far is 205.5754623413086 seconds

Now processing 0123_0213
Doing depth 1
We had 0 inferral cache hits and 14 partitioning cache hits
The partitioning cache has 0 tilings in it right now
The inferral cache has 6 tilings in it right now
There are 5 tilings in the search tree
Time taken so far is 0.0207517147064209 seconds

Doing depth 2
We had 0 inferral cache hits and 81 partitioning cache hits
The partitioning cache has 4 tilings in it right now
The inferral cache has 14 tilings in it right now
There are 16 tilings in the search tree
Time taken so far is 0.12441468238830566 seconds

Doing depth 3
We had 2 inferral cache hits and 223 partitioning cache hits
The partitioning cache has 2 tilings in it right now
The inferral cache has 38 tilings in it right now
There are 34 tilings in the search tree
Time taken so far is 0.46048974990844727 seconds

Doing depth 4
We had 2 inferral cache hits and 311 partitioning cache hits
The partitioning cache has 0 tilings in it right now
The inferral cache has 54 tilings in it right now
There are 44 tilings in the search tree
Time taken so far is 1.0751514434814453 seconds

Doing depth 5
We had 4 inferral cache hits and 659 partitioning cache hits
The partitioning cache has 30 tilings in it right now
The inferral cache has 84 tilings in it right now
There are 82 tilings in the search tree
Time taken so far is 3.419158697128296 seconds

Doing depth 6
We had 36 inferral cache hits and 1667 partitioning cache hits
The partitioning cache has 20 tilings in it right now
The inferral cache has 150 tilings in it right now
There are 157 tilings in the search tree
Time taken so far is 20.580909252166748 seconds

Doing depth 7
We had 36 inferral cache hits and 2885 partitioning cache hits
The partitioning cache has 8 tilings in it right now
The inferral cache has 371 tilings in it right now
There are 280 tilings in the search tree
Time taken so far is 78.29258465766907 seconds

Doing depth 8
We had 60 inferral cache hits and 6927 partitioning cache hits
The partitioning cache has 256 tilings in it right now
The inferral cache has 661 tilings in it right now
There are 661 tilings in the search tree
Time taken so far is 199.5376226902008 seconds

Now processing 0123_0231
Doing depth 1
We had 0 inferral cache hits and 14 partitioning cache hits
The partitioning cache has 0 tilings in it right now
The inferral cache has 6 tilings in it right now
There are 5 tilings in the search tree
Time taken so far is 0.030341386795043945 seconds

Doing depth 2
We had 0 inferral cache hits and 81 partitioning cache hits
The partitioning cache has 4 tilings in it right now
The inferral cache has 14 tilings in it right now
There are 15 tilings in the search tree
Time taken so far is 0.19086456298828125 seconds

Doing depth 3
We had 2 inferral cache hits and 223 partitioning cache hits
The partitioning cache has 2 tilings in it right now
The inferral cache has 37 tilings in it right now
There are 31 tilings in the search tree
Time taken so far is 0.5112807750701904 seconds

Doing depth 4
We had 2 inferral cache hits and 311 partitioning cache hits
The partitioning cache has 0 tilings in it right now
The inferral cache has 53 tilings in it right now
There are 40 tilings in the search tree
Time taken so far is 1.1418886184692383 seconds

Doing depth 5
We had 4 inferral cache hits and 679 partitioning cache hits
The partitioning cache has 26 tilings in it right now
The inferral cache has 96 tilings in it right now
There are 78 tilings in the search tree
Time taken so far is 3.3588759899139404 seconds

Doing depth 6
We had 39 inferral cache hits and 1907 partitioning cache hits
The partitioning cache has 24 tilings in it right now
The inferral cache has 206 tilings in it right now
There are 168 tilings in the search tree
Time taken so far is 23.63800358772278 seconds

Doing depth 7
We had 39 inferral cache hits and 2963 partitioning cache hits
The partitioning cache has 14 tilings in it right now
The inferral cache has 388 tilings in it right now
There are 263 tilings in the search tree
Time taken so far is 85.62614870071411 seconds

Doing depth 8
We had 88 inferral cache hits and 7540 partitioning cache hits
The partitioning cache has 223 tilings in it right now
The inferral cache has 840 tilings in it right now
There are 674 tilings in the search tree
Time taken so far is 226.5972077846527 seconds

Now processing 0123_1230
Doing depth 1
We had 0 inferral cache hits and 14 partitioning cache hits
The partitioning cache has 0 tilings in it right now
The inferral cache has 6 tilings in it right now
There are 5 tilings in the search tree
Time taken so far is 0.01761770248413086 seconds

Doing depth 2
We had 0 inferral cache hits and 81 partitioning cache hits
The partitioning cache has 4 tilings in it right now
The inferral cache has 14 tilings in it right now
There are 15 tilings in the search tree
Time taken so far is 0.10217905044555664 seconds

Doing depth 3
We had 2 inferral cache hits and 223 partitioning cache hits
The partitioning cache has 2 tilings in it right now
The inferral cache has 36 tilings in it right now
There are 31 tilings in the search tree
Time taken so far is 0.3906381130218506 seconds

Doing depth 4
We had 2 inferral cache hits and 311 partitioning cache hits
The partitioning cache has 0 tilings in it right now
The inferral cache has 52 tilings in it right now
There are 40 tilings in the search tree
Time taken so far is 1.000138521194458 seconds

Doing depth 5
We had 4 inferral cache hits and 669 partitioning cache hits
The partitioning cache has 28 tilings in it right now
The inferral cache has 88 tilings in it right now
There are 74 tilings in the search tree
Time taken so far is 2.9790306091308594 seconds

Doing depth 6
We had 37 inferral cache hits and 1856 partitioning cache hits
The partitioning cache has 26 tilings in it right now
The inferral cache has 172 tilings in it right now
There are 158 tilings in the search tree
Time taken so far is 21.9497287273407 seconds

Doing depth 7
We had 37 inferral cache hits and 2951 partitioning cache hits
The partitioning cache has 17 tilings in it right now
The inferral cache has 361 tilings in it right now
There are 258 tilings in the search tree
Time taken so far is 80.77968144416809 seconds

Doing depth 8
We had 73 inferral cache hits and 7439 partitioning cache hits
The partitioning cache has 236 tilings in it right now
The inferral cache has 743 tilings in it right now
There are 666 tilings in the search tree
Time taken so far is 200.24896144866943 seconds

Now processing 0123_2301
Doing depth 1
We had 0 inferral cache hits and 14 partitioning cache hits
The partitioning cache has 0 tilings in it right now
The inferral cache has 6 tilings in it right now
There are 5 tilings in the search tree
Time taken so far is 0.02861642837524414 seconds

Doing depth 2
We had 0 inferral cache hits and 81 partitioning cache hits
The partitioning cache has 4 tilings in it right now
The inferral cache has 14 tilings in it right now
There are 13 tilings in the search tree
Time taken so far is 0.1873152256011963 seconds

Doing depth 3
We had 2 inferral cache hits and 223 partitioning cache hits
The partitioning cache has 2 tilings in it right now
The inferral cache has 36 tilings in it right now
There are 27 tilings in the search tree
Time taken so far is 0.5069570541381836 seconds

Doing depth 4
We had 2 inferral cache hits and 311 partitioning cache hits
The partitioning cache has 0 tilings in it right now
The inferral cache has 52 tilings in it right now
There are 35 tilings in the search tree
Time taken so far is 1.3403396606445312 seconds

Doing depth 5
We had 4 inferral cache hits and 679 partitioning cache hits
The partitioning cache has 26 tilings in it right now
The inferral cache has 92 tilings in it right now
There are 69 tilings in the search tree
Time taken so far is 4.186298370361328 seconds

Doing depth 6
We had 35 inferral cache hits and 1917 partitioning cache hits
The partitioning cache has 32 tilings in it right now
The inferral cache has 189 tilings in it right now
There are 154 tilings in the search tree
Time taken so far is 27.148324966430664 seconds

Doing depth 7
We had 85 inferral cache hits and 4238 partitioning cache hits
The partitioning cache has 47 tilings in it right now
The inferral cache has 515 tilings in it right now
There are 399 tilings in the search tree
Time taken so far is 102.85956692695618 seconds

Doing depth 8
We had 289 inferral cache hits and 12158 partitioning cache hits
The partitioning cache has 290 tilings in it right now
The inferral cache has 1239 tilings in it right now
There are 1126 tilings in the search tree
Time taken so far is 257.46895813941956 seconds

Now processing 0132_0213
Doing depth 1
We had 0 inferral cache hits and 14 partitioning cache hits
The partitioning cache has 0 tilings in it right now
The inferral cache has 6 tilings in it right now
There are 5 tilings in the search tree
Time taken so far is 0.030976533889770508 seconds

Doing depth 2
We had 0 inferral cache hits and 81 partitioning cache hits
The partitioning cache has 4 tilings in it right now
The inferral cache has 14 tilings in it right now
There are 15 tilings in the search tree
Time taken so far is 0.23105406761169434 seconds

Doing depth 3
We had 2 inferral cache hits and 223 partitioning cache hits
The partitioning cache has 2 tilings in it right now
The inferral cache has 38 tilings in it right now
There are 31 tilings in the search tree
Time taken so far is 0.5352299213409424 seconds

Doing depth 4
We had 2 inferral cache hits and 311 partitioning cache hits
The partitioning cache has 1 tilings in it right now
The inferral cache has 53 tilings in it right now
There are 40 tilings in the search tree
Time taken so far is 1.3275933265686035 seconds

Doing depth 5
We had 4 inferral cache hits and 670 partitioning cache hits
The partitioning cache has 29 tilings in it right now
The inferral cache has 90 tilings in it right now
There are 76 tilings in the search tree
Time taken so far is 3.974968433380127 seconds

Doing depth 6
We had 38 inferral cache hits and 1702 partitioning cache hits
The partitioning cache has 19 tilings in it right now
The inferral cache has 175 tilings in it right now
There are 146 tilings in the search tree
Time taken so far is 26.49496555328369 seconds

Doing depth 7
We had 38 inferral cache hits and 2815 partitioning cache hits
The partitioning cache has 15 tilings in it right now
The inferral cache has 357 tilings in it right now
There are 247 tilings in the search tree
Time taken so far is 100.29606866836548 seconds

Doing depth 8
We had 69 inferral cache hits and 7197 partitioning cache hits
The partitioning cache has 247 tilings in it right now
The inferral cache has 767 tilings in it right now
There are 665 tilings in the search tree
Time taken so far is 247.10217452049255 seconds

Now processing 0132_0231
Doing depth 1
We had 0 inferral cache hits and 14 partitioning cache hits
The partitioning cache has 0 tilings in it right now
The inferral cache has 5 tilings in it right now
There are 5 tilings in the search tree
Time taken so far is 0.030140161514282227 seconds

Doing depth 2
We had 0 inferral cache hits and 81 partitioning cache hits
The partitioning cache has 4 tilings in it right now
The inferral cache has 13 tilings in it right now
There are 15 tilings in the search tree
Time taken so far is 0.20277619361877441 seconds

Doing depth 3
We had 2 inferral cache hits and 223 partitioning cache hits
The partitioning cache has 2 tilings in it right now
The inferral cache has 31 tilings in it right now
There are 31 tilings in the search tree
Time taken so far is 0.5915589332580566 seconds

Doing depth 4
We had 2 inferral cache hits and 311 partitioning cache hits
The partitioning cache has 3 tilings in it right now
The inferral cache has 45 tilings in it right now
There are 40 tilings in the search tree
Time taken so far is 1.3721778392791748 seconds

Doing depth 5
We had 3 inferral cache hits and 671 partitioning cache hits
The partitioning cache has 26 tilings in it right now
The inferral cache has 82 tilings in it right now
There are 80 tilings in the search tree
Time taken so far is 3.518798351287842 seconds

Doing depth 6
We had 30 inferral cache hits and 1648 partitioning cache hits
The partitioning cache has 19 tilings in it right now
The inferral cache has 153 tilings in it right now
There are 160 tilings in the search tree
Time taken so far is 21.673591375350952 seconds

Doing depth 7
We had 30 inferral cache hits and 2923 partitioning cache hits
The partitioning cache has 52 tilings in it right now
The inferral cache has 322 tilings in it right now
There are 285 tilings in the search tree
Time taken so far is 98.00021600723267 seconds

Doing depth 8
We had 70 inferral cache hits and 7075 partitioning cache hits
The partitioning cache has 185 tilings in it right now
The inferral cache has 639 tilings in it right now
There are 683 tilings in the search tree
Time taken so far is 238.246169090271 seconds

Now processing 0132_0321
Doing depth 1
We had 0 inferral cache hits and 14 partitioning cache hits
The partitioning cache has 0 tilings in it right now
The inferral cache has 5 tilings in it right now
There are 5 tilings in the search tree
Time taken so far is 0.017958402633666992 seconds

Doing depth 2
We had 0 inferral cache hits and 81 partitioning cache hits
The partitioning cache has 4 tilings in it right now
The inferral cache has 13 tilings in it right now
There are 15 tilings in the search tree
Time taken so far is 0.10646891593933105 seconds

Doing depth 3
We had 2 inferral cache hits and 223 partitioning cache hits
The partitioning cache has 2 tilings in it right now
The inferral cache has 33 tilings in it right now
There are 31 tilings in the search tree
Time taken so far is 0.5390357971191406 seconds

Doing depth 4
We had 2 inferral cache hits and 311 partitioning cache hits
The partitioning cache has 2 tilings in it right now
The inferral cache has 47 tilings in it right now
There are 40 tilings in the search tree
Time taken so far is 1.5203983783721924 seconds

Doing depth 5
We had 3 inferral cache hits and 687 partitioning cache hits
The partitioning cache has 28 tilings in it right now
The inferral cache has 84 tilings in it right now
There are 78 tilings in the search tree
Time taken so far is 4.1428139209747314 seconds

Doing depth 6
We had 38 inferral cache hits and 1750 partitioning cache hits
The partitioning cache has 18 tilings in it right now
The inferral cache has 160 tilings in it right now
There are 156 tilings in the search tree
Time taken so far is 29.861441612243652 seconds

Doing depth 7
We had 38 inferral cache hits and 2806 partitioning cache hits
The partitioning cache has 30 tilings in it right now
The inferral cache has 321 tilings in it right now
There are 252 tilings in the search tree
Time taken so far is 112.87310695648193 seconds

Doing depth 8
We had 76 inferral cache hits and 7165 partitioning cache hits
The partitioning cache has 232 tilings in it right now
The inferral cache has 686 tilings in it right now
There are 643 tilings in the search tree
Time taken so far is 259.77735328674316 seconds

Now processing 0132_1023
Doing depth 1
We had 0 inferral cache hits and 14 partitioning cache hits
The partitioning cache has 0 tilings in it right now
The inferral cache has 6 tilings in it right now
There are 5 tilings in the search tree
Time taken so far is 0.028065204620361328 seconds

Doing depth 2
We had 0 inferral cache hits and 81 partitioning cache hits
The partitioning cache has 4 tilings in it right now
The inferral cache has 14 tilings in it right now
There are 13 tilings in the search tree
Time taken so far is 0.1983509063720703 seconds

Doing depth 3
We had 2 inferral cache hits and 223 partitioning cache hits
The partitioning cache has 2 tilings in it right now
The inferral cache has 38 tilings in it right now
There are 27 tilings in the search tree
Time taken so far is 0.842857837677002 seconds

Doing depth 4
We had 2 inferral cache hits and 311 partitioning cache hits
The partitioning cache has 0 tilings in it right now
The inferral cache has 54 tilings in it right now
There are 35 tilings in the search tree
Time taken so far is 1.6439540386199951 seconds

Doing depth 5
We had 4 inferral cache hits and 823 partitioning cache hits
The partitioning cache has 26 tilings in it right now
The inferral cache has 156 tilings in it right now
There are 88 tilings in the search tree
Time taken so far is 5.5054967403411865 seconds

Doing depth 6
We had 30 inferral cache hits and 2095 partitioning cache hits
The partitioning cache has 17 tilings in it right now
The inferral cache has 331 tilings in it right now
There are 168 tilings in the search tree
Time taken so far is 28.045925855636597 seconds

Doing depth 7
We had 30 inferral cache hits and 3451 partitioning cache hits
The partitioning cache has 10 tilings in it right now
The inferral cache has 651 tilings in it right now
There are 296 tilings in the search tree
Time taken so far is 89.06599593162537 seconds

Doing depth 8
We had 52 inferral cache hits and 8394 partitioning cache hits
The partitioning cache has 215 tilings in it right now
The inferral cache has 1331 tilings in it right now
There are 774 tilings in the search tree
Time taken so far is 217.5082983970642 seconds

Now processing 0132_1032
Doing depth 1
We had 0 inferral cache hits and 14 partitioning cache hits
The partitioning cache has 0 tilings in it right now
The inferral cache has 5 tilings in it right now
There are 5 tilings in the search tree
Time taken so far is 0.016212940216064453 seconds

Doing depth 2
We had 0 inferral cache hits and 81 partitioning cache hits
The partitioning cache has 4 tilings in it right now
The inferral cache has 13 tilings in it right now
There are 13 tilings in the search tree
Time taken so far is 0.20319342613220215 seconds

Doing depth 3
We had 2 inferral cache hits and 223 partitioning cache hits
The partitioning cache has 2 tilings in it right now
The inferral cache has 32 tilings in it right now
There are 27 tilings in the search tree
Time taken so far is 0.8019411563873291 seconds

Doing depth 4
We had 2 inferral cache hits and 321 partitioning cache hits
The partitioning cache has 2 tilings in it right now
The inferral cache has 51 tilings in it right now
There are 37 tilings in the search tree
Time taken so far is 1.773984432220459 seconds

Doing depth 5
We had 6 inferral cache hits and 871 partitioning cache hits
The partitioning cache has 37 tilings in it right now
The inferral cache has 116 tilings in it right now
There are 109 tilings in the search tree
Time taken so far is 5.7881059646606445 seconds

Doing depth 6
We had 37 inferral cache hits and 1985 partitioning cache hits
The partitioning cache has 38 tilings in it right now
The inferral cache has 204 tilings in it right now
There are 197 tilings in the search tree
Time taken so far is 27.56931209564209 seconds

Doing depth 7
We had 71 inferral cache hits and 4933 partitioning cache hits
The partitioning cache has 99 tilings in it right now
The inferral cache has 639 tilings in it right now
There are 546 tilings in the search tree
Time taken so far is 126.48541688919067 seconds

Doing depth 8
We had 448 inferral cache hits and 20582 partitioning cache hits
The partitioning cache has 564 tilings in it right now
The inferral cache has 2348 tilings in it right now
There are 2879 tilings in the search tree
Time taken so far is 36672.69631886482 seconds

Now processing 0132_1203
Doing depth 1
We had 0 inferral cache hits and 14 partitioning cache hits
The partitioning cache has 0 tilings in it right now
The inferral cache has 6 tilings in it right now
There are 5 tilings in the search tree
Time taken so far is 0.02878093719482422 seconds

Doing depth 2
We had 0 inferral cache hits and 81 partitioning cache hits
The partitioning cache has 4 tilings in it right now
The inferral cache has 14 tilings in it right now
There are 13 tilings in the search tree
Time taken so far is 0.12458515167236328 seconds

Doing depth 3
We had 2 inferral cache hits and 223 partitioning cache hits
The partitioning cache has 2 tilings in it right now
The inferral cache has 37 tilings in it right now
There are 27 tilings in the search tree
Time taken so far is 0.5031538009643555 seconds

Doing depth 4
We had 2 inferral cache hits and 311 partitioning cache hits
The partitioning cache has 1 tilings in it right now
The inferral cache has 52 tilings in it right now
There are 35 tilings in the search tree
Time taken so far is 2.010843515396118 seconds

Doing depth 5
We had 4 inferral cache hits and 680 partitioning cache hits
The partitioning cache has 26 tilings in it right now
The inferral cache has 97 tilings in it right now
There are 71 tilings in the search tree
Time taken so far is 4.456634521484375 seconds

Doing depth 6
We had 33 inferral cache hits and 1815 partitioning cache hits
The partitioning cache has 19 tilings in it right now
The inferral cache has 217 tilings in it right now
There are 155 tilings in the search tree
Time taken so far is 26.352644681930542 seconds

Doing depth 7
We had 35 inferral cache hits and 3353 partitioning cache hits
The partitioning cache has 49 tilings in it right now
The inferral cache has 456 tilings in it right now
There are 322 tilings in the search tree
Time taken so far is 94.43420648574829 seconds

Doing depth 8
We had 156 inferral cache hits and 10801 partitioning cache hits
The partitioning cache has 297 tilings in it right now
The inferral cache has 1311 tilings in it right now
There are 1182 tilings in the search tree
Time taken so far is 255.4027659893036 seconds

Now processing 0132_1230
Doing depth 1
We had 0 inferral cache hits and 14 partitioning cache hits
The partitioning cache has 0 tilings in it right now
The inferral cache has 5 tilings in it right now
There are 5 tilings in the search tree
Time taken so far is 0.017888784408569336 seconds

Doing depth 2
We had 0 inferral cache hits and 81 partitioning cache hits
The partitioning cache has 3 tilings in it right now
The inferral cache has 14 tilings in it right now
There are 15 tilings in the search tree
Time taken so far is 0.10405206680297852 seconds

Doing depth 3
We had 1 inferral cache hits and 227 partitioning cache hits
The partitioning cache has 2 tilings in it right now
The inferral cache has 35 tilings in it right now
There are 31 tilings in the search tree
Time taken so far is 0.4457740783691406 seconds

Doing depth 4
We had 1 inferral cache hits and 315 partitioning cache hits
The partitioning cache has 1 tilings in it right now
The inferral cache has 50 tilings in it right now
There are 40 tilings in the search tree
Time taken so far is 1.0877883434295654 seconds

Doing depth 5
We had 2 inferral cache hits and 690 partitioning cache hits
The partitioning cache has 26 tilings in it right now
The inferral cache has 92 tilings in it right now
There are 77 tilings in the search tree
Time taken so far is 3.1818268299102783 seconds

Doing depth 6
We had 33 inferral cache hits and 1890 partitioning cache hits
The partitioning cache has 23 tilings in it right now
The inferral cache has 193 tilings in it right now
There are 172 tilings in the search tree
Time taken so far is 20.29001021385193 seconds

Doing depth 7
We had 46 inferral cache hits and 3127 partitioning cache hits
The partitioning cache has 41 tilings in it right now
The inferral cache has 406 tilings in it right now
There are 297 tilings in the search tree
Time taken so far is 69.4310975074768 seconds

Doing depth 8
We had 287 inferral cache hits and 9283 partitioning cache hits
The partitioning cache has 292 tilings in it right now
The inferral cache has 1030 tilings in it right now
There are 1080 tilings in the search tree
Time taken so far is 170.69200491905212 seconds

Now processing 0132_1302
Doing depth 1
We had 0 inferral cache hits and 14 partitioning cache hits
The partitioning cache has 0 tilings in it right now
The inferral cache has 5 tilings in it right now
There are 5 tilings in the search tree
Time taken so far is 0.015708208084106445 seconds

Doing depth 2
We had 0 inferral cache hits and 81 partitioning cache hits
The partitioning cache has 4 tilings in it right now
The inferral cache has 13 tilings in it right now
There are 13 tilings in the search tree
Time taken so far is 0.09963059425354004 seconds

Doing depth 3
We had 2 inferral cache hits and 223 partitioning cache hits
The partitioning cache has 2 tilings in it right now
The inferral cache has 32 tilings in it right now
There are 27 tilings in the search tree
Time taken so far is 0.4479060173034668 seconds

Doing depth 4
We had 2 inferral cache hits and 311 partitioning cache hits
The partitioning cache has 3 tilings in it right now
The inferral cache has 46 tilings in it right now
There are 35 tilings in the search tree
Time taken so far is 1.3553037643432617 seconds

Doing depth 5
We had 4 inferral cache hits and 724 partitioning cache hits
The partitioning cache has 24 tilings in it right now
The inferral cache has 102 tilings in it right now
There are 82 tilings in the search tree
Time taken so far is 4.5018630027771 seconds

Doing depth 6
We had 37 inferral cache hits and 2199 partitioning cache hits
The partitioning cache has 31 tilings in it right now
The inferral cache has 277 tilings in it right now
There are 216 tilings in the search tree
Time taken so far is 36.078651428222656 seconds

Doing depth 7
We had 77 inferral cache hits and 4721 partitioning cache hits
The partitioning cache has 83 tilings in it right now
The inferral cache has 614 tilings in it right now
There are 598 tilings in the search tree
Time taken so far is 154.75954031944275 seconds

Doing depth 8
We had 180 inferral cache hits and 12172 partitioning cache hits
The partitioning cache has 296 tilings in it right now
The inferral cache has 1547 tilings in it right now
There are 1517 tilings in the search tree
Time taken so far is 359.2854845523834 seconds

Now processing 0132_1320
Doing depth 1
We had 0 inferral cache hits and 14 partitioning cache hits
The partitioning cache has 0 tilings in it right now
The inferral cache has 5 tilings in it right now
There are 5 tilings in the search tree
Time taken so far is 0.0295865535736084 seconds

Doing depth 2
We had 0 inferral cache hits and 81 partitioning cache hits
The partitioning cache has 4 tilings in it right now
The inferral cache has 13 tilings in it right now
There are 15 tilings in the search tree
Time taken so far is 0.2007741928100586 seconds

Doing depth 3
We had 2 inferral cache hits and 223 partitioning cache hits
The partitioning cache has 2 tilings in it right now
The inferral cache has 33 tilings in it right now
There are 31 tilings in the search tree
Time taken so far is 0.8350160121917725 seconds

Doing depth 4
We had 2 inferral cache hits and 311 partitioning cache hits
The partitioning cache has 3 tilings in it right now
The inferral cache has 46 tilings in it right now
There are 40 tilings in the search tree
Time taken so far is 2.3931140899658203 seconds

Doing depth 5
We had 4 inferral cache hits and 692 partitioning cache hits
The partitioning cache has 27 tilings in it right now
The inferral cache has 89 tilings in it right now
There are 76 tilings in the search tree
Time taken so far is 5.471903085708618 seconds

Doing depth 6
We had 31 inferral cache hits and 1838 partitioning cache hits
The partitioning cache has 17 tilings in it right now
The inferral cache has 203 tilings in it right now
There are 153 tilings in the search tree
Time taken so far is 33.440983295440674 seconds

Doing depth 7
We had 35 inferral cache hits and 3079 partitioning cache hits
The partitioning cache has 25 tilings in it right now
The inferral cache has 405 tilings in it right now
There are 267 tilings in the search tree
Time taken so far is 127.67568707466125 seconds

Doing depth 8
We had 92 inferral cache hits and 7622 partitioning cache hits
The partitioning cache has 207 tilings in it right now
The inferral cache has 898 tilings in it right now
There are 674 tilings in the search tree
Time taken so far is 292.8334300518036 seconds

Now processing 0132_2301
Doing depth 1
We had 0 inferral cache hits and 14 partitioning cache hits
The partitioning cache has 0 tilings in it right now
The inferral cache has 5 tilings in it right now
There are 5 tilings in the search tree
Time taken so far is 0.015972137451171875 seconds

Doing depth 2
We had 0 inferral cache hits and 81 partitioning cache hits
The partitioning cache has 4 tilings in it right now
The inferral cache has 13 tilings in it right now
There are 13 tilings in the search tree
Time taken so far is 0.10034060478210449 seconds

Doing depth 3
We had 2 inferral cache hits and 223 partitioning cache hits
The partitioning cache has 2 tilings in it right now
The inferral cache has 32 tilings in it right now
There are 27 tilings in the search tree
Time taken so far is 0.46611547470092773 seconds

Doing depth 4
We had 2 inferral cache hits and 311 partitioning cache hits
The partitioning cache has 1 tilings in it right now
The inferral cache has 47 tilings in it right now
There are 35 tilings in the search tree
Time taken so far is 1.495649814605713 seconds

Doing depth 5
We had 3 inferral cache hits and 696 partitioning cache hits
The partitioning cache has 24 tilings in it right now
The inferral cache has 95 tilings in it right now
There are 71 tilings in the search tree
Time taken so far is 4.446551561355591 seconds

Doing depth 6
We had 35 inferral cache hits and 2025 partitioning cache hits
The partitioning cache has 30 tilings in it right now
The inferral cache has 220 tilings in it right now
There are 162 tilings in the search tree
Time taken so far is 27.92784285545349 seconds

Doing depth 7
We had 35 inferral cache hits and 3016 partitioning cache hits
The partitioning cache has 35 tilings in it right now
The inferral cache has 388 tilings in it right now
There are 247 tilings in the search tree
Time taken so far is 104.74229788780212 seconds

Doing depth 8
We had 82 inferral cache hits and 7621 partitioning cache hits
The partitioning cache has 203 tilings in it right now
The inferral cache has 860 tilings in it right now
There are 648 tilings in the search tree
Time taken so far is 231.50666522979736 seconds

Now processing 0132_3120
Doing depth 1
We had 0 inferral cache hits and 14 partitioning cache hits
The partitioning cache has 0 tilings in it right now
The inferral cache has 6 tilings in it right now
There are 5 tilings in the search tree
Time taken so far is 0.01791095733642578 seconds

Doing depth 2
We had 0 inferral cache hits and 81 partitioning cache hits
The partitioning cache has 4 tilings in it right now
The inferral cache has 14 tilings in it right now
There are 15 tilings in the search tree
Time taken so far is 0.13770031929016113 seconds

Doing depth 3
We had 2 inferral cache hits and 223 partitioning cache hits
The partitioning cache has 2 tilings in it right now
The inferral cache has 38 tilings in it right now
There are 31 tilings in the search tree
Time taken so far is 0.4282419681549072 seconds

Doing depth 4
We had 2 inferral cache hits and 311 partitioning cache hits
The partitioning cache has 0 tilings in it right now
The inferral cache has 54 tilings in it right now
There are 40 tilings in the search tree
Time taken so far is 1.0987777709960938 seconds

Doing depth 5
We had 4 inferral cache hits and 669 partitioning cache hits
The partitioning cache has 26 tilings in it right now
The inferral cache has 92 tilings in it right now
There are 72 tilings in the search tree
Time taken so far is 3.4537198543548584 seconds

Doing depth 6
We had 33 inferral cache hits and 1767 partitioning cache hits
The partitioning cache has 21 tilings in it right now
The inferral cache has 190 tilings in it right now
There are 144 tilings in the search tree
Time taken so far is 23.623699426651 seconds

Doing depth 7
We had 45 inferral cache hits and 3257 partitioning cache hits
The partitioning cache has 37 tilings in it right now
The inferral cache has 426 tilings in it right now
There are 312 tilings in the search tree
Time taken so far is 83.42303109169006 seconds

Doing depth 8
We had 155 inferral cache hits and 9919 partitioning cache hits
The partitioning cache has 304 tilings in it right now
The inferral cache has 1110 tilings in it right now
There are 998 tilings in the search tree
Time taken so far is 217.25600695610046 seconds

Now processing 0213_0231
Doing depth 1
We had 0 inferral cache hits and 14 partitioning cache hits
The partitioning cache has 0 tilings in it right now
The inferral cache has 6 tilings in it right now
There are 5 tilings in the search tree
Time taken so far is 0.03012251853942871 seconds

Doing depth 2
We had 0 inferral cache hits and 81 partitioning cache hits
The partitioning cache has 4 tilings in it right now
The inferral cache has 14 tilings in it right now
There are 15 tilings in the search tree
Time taken so far is 0.17157769203186035 seconds

Doing depth 3
We had 2 inferral cache hits and 223 partitioning cache hits
The partitioning cache has 2 tilings in it right now
The inferral cache has 38 tilings in it right now
There are 31 tilings in the search tree
Time taken so far is 0.4622328281402588 seconds

Doing depth 4
We had 2 inferral cache hits and 311 partitioning cache hits
The partitioning cache has 0 tilings in it right now
The inferral cache has 54 tilings in it right now
There are 40 tilings in the search tree
Time taken so far is 1.6891529560089111 seconds

Doing depth 5
We had 4 inferral cache hits and 691 partitioning cache hits
The partitioning cache has 28 tilings in it right now
The inferral cache has 99 tilings in it right now
There are 82 tilings in the search tree
Time taken so far is 4.539525032043457 seconds

Doing depth 6
We had 35 inferral cache hits and 1972 partitioning cache hits
The partitioning cache has 27 tilings in it right now
The inferral cache has 234 tilings in it right now
There are 187 tilings in the search tree
Time taken so far is 24.873907804489136 seconds

Doing depth 7
We had 78 inferral cache hits and 4600 partitioning cache hits
The partitioning cache has 51 tilings in it right now
The inferral cache has 629 tilings in it right now
There are 492 tilings in the search tree
Time taken so far is 104.17306685447693 seconds

Doing depth 8
We had 386 inferral cache hits and 18150 partitioning cache hits
The partitioning cache has 450 tilings in it right now
The inferral cache has 2226 tilings in it right now
There are 2215 tilings in the search tree
Time taken so far is 3295.316231250763 seconds

Now processing 0213_0321
Doing depth 1
We had 0 inferral cache hits and 14 partitioning cache hits
The partitioning cache has 0 tilings in it right now
The inferral cache has 6 tilings in it right now
There are 5 tilings in the search tree
Time taken so far is 0.018084287643432617 seconds

Doing depth 2
We had 0 inferral cache hits and 81 partitioning cache hits
The partitioning cache has 4 tilings in it right now
The inferral cache has 14 tilings in it right now
There are 15 tilings in the search tree
Time taken so far is 0.18799233436584473 seconds

Doing depth 3
We had 2 inferral cache hits and 223 partitioning cache hits
The partitioning cache has 2 tilings in it right now
The inferral cache has 37 tilings in it right now
There are 31 tilings in the search tree
Time taken so far is 0.5474905967712402 seconds

Doing depth 4
We had 2 inferral cache hits and 311 partitioning cache hits
The partitioning cache has 1 tilings in it right now
The inferral cache has 52 tilings in it right now
There are 40 tilings in the search tree
Time taken so far is 1.6226210594177246 seconds

Doing depth 5
We had 4 inferral cache hits and 670 partitioning cache hits
The partitioning cache has 28 tilings in it right now
The inferral cache has 88 tilings in it right now
There are 75 tilings in the search tree
Time taken so far is 3.676823854446411 seconds

Doing depth 6
We had 34 inferral cache hits and 1725 partitioning cache hits
The partitioning cache has 18 tilings in it right now
The inferral cache has 170 tilings in it right now
There are 148 tilings in the search tree
Time taken so far is 23.899718284606934 seconds

Doing depth 7
We had 34 inferral cache hits and 2855 partitioning cache hits
The partitioning cache has 21 tilings in it right now
The inferral cache has 353 tilings in it right now
There are 254 tilings in the search tree
Time taken so far is 94.92592287063599 seconds

Doing depth 8
We had 64 inferral cache hits and 7301 partitioning cache hits
The partitioning cache has 236 tilings in it right now
The inferral cache has 756 tilings in it right now
There are 653 tilings in the search tree
Time taken so far is 230.81749892234802 seconds

Now processing 0213_1032
Doing depth 1
We had 0 inferral cache hits and 14 partitioning cache hits
The partitioning cache has 0 tilings in it right now
The inferral cache has 6 tilings in it right now
There are 5 tilings in the search tree
Time taken so far is 0.027828216552734375 seconds

Doing depth 2
We had 0 inferral cache hits and 81 partitioning cache hits
The partitioning cache has 4 tilings in it right now
The inferral cache has 14 tilings in it right now
There are 13 tilings in the search tree
Time taken so far is 0.1951131820678711 seconds

Doing depth 3
We had 2 inferral cache hits and 223 partitioning cache hits
The partitioning cache has 2 tilings in it right now
The inferral cache has 36 tilings in it right now
There are 27 tilings in the search tree
Time taken so far is 0.534991979598999 seconds

Doing depth 4
We had 2 inferral cache hits and 311 partitioning cache hits
The partitioning cache has 2 tilings in it right now
The inferral cache has 50 tilings in it right now
There are 35 tilings in the search tree
Time taken so far is 1.308777093887329 seconds

Doing depth 5
We had 4 inferral cache hits and 681 partitioning cache hits
The partitioning cache has 26 tilings in it right now
The inferral cache has 92 tilings in it right now
There are 72 tilings in the search tree
Time taken so far is 4.645439386367798 seconds

Doing depth 6
We had 30 inferral cache hits and 1801 partitioning cache hits
The partitioning cache has 21 tilings in it right now
The inferral cache has 193 tilings in it right now
There are 152 tilings in the search tree
Time taken so far is 26.653884172439575 seconds

Doing depth 7
We had 47 inferral cache hits and 3851 partitioning cache hits
The partitioning cache has 69 tilings in it right now
The inferral cache has 481 tilings in it right now
There are 356 tilings in the search tree
Time taken so far is 91.99099779129028 seconds

Doing depth 8
We had 257 inferral cache hits and 14006 partitioning cache hits
The partitioning cache has 366 tilings in it right now
The inferral cache has 1569 tilings in it right now
There are 1415 tilings in the search tree
Time taken so far is 816.566832780838 seconds

Now processing 0213_1230
Doing depth 1
We had 0 inferral cache hits and 14 partitioning cache hits
The partitioning cache has 0 tilings in it right now
The inferral cache has 6 tilings in it right now
There are 5 tilings in the search tree
Time taken so far is 0.02014017105102539 seconds

Doing depth 2
We had 0 inferral cache hits and 81 partitioning cache hits
The partitioning cache has 4 tilings in it right now
The inferral cache has 14 tilings in it right now
There are 15 tilings in the search tree
Time taken so far is 0.10260868072509766 seconds

Doing depth 3
We had 2 inferral cache hits and 223 partitioning cache hits
The partitioning cache has 2 tilings in it right now
The inferral cache has 37 tilings in it right now
There are 31 tilings in the search tree
Time taken so far is 0.5470476150512695 seconds

Doing depth 4
We had 2 inferral cache hits and 311 partitioning cache hits
The partitioning cache has 1 tilings in it right now
The inferral cache has 52 tilings in it right now
There are 40 tilings in the search tree
Time taken so far is 1.6945769786834717 seconds

Doing depth 5
We had 4 inferral cache hits and 742 partitioning cache hits
The partitioning cache has 27 tilings in it right now
The inferral cache has 113 tilings in it right now
There are 82 tilings in the search tree
Time taken so far is 4.462209939956665 seconds

Doing depth 6
We had 67 inferral cache hits and 3201 partitioning cache hits
The partitioning cache has 52 tilings in it right now
The inferral cache has 469 tilings in it right now
There are 310 tilings in the search tree
Time taken so far is 29.17827868461609 seconds

Doing depth 7
We had 67 inferral cache hits and 4276 partitioning cache hits
The partitioning cache has 48 tilings in it right now
The inferral cache has 664 tilings in it right now
There are 410 tilings in the search tree
Time taken so far is 80.54615211486816 seconds

Doing depth 8
We had 109 inferral cache hits and 9846 partitioning cache hits
The partitioning cache has 278 tilings in it right now
The inferral cache has 1321 tilings in it right now
There are 948 tilings in the search tree
Time taken so far is 191.21575689315796 seconds

Now processing 0213_1302
Doing depth 1
We had 0 inferral cache hits and 14 partitioning cache hits
The partitioning cache has 0 tilings in it right now
The inferral cache has 6 tilings in it right now
There are 5 tilings in the search tree
Time taken so far is 0.02767181396484375 seconds

Doing depth 2
We had 0 inferral cache hits and 81 partitioning cache hits
The partitioning cache has 4 tilings in it right now
The inferral cache has 14 tilings in it right now
There are 13 tilings in the search tree
Time taken so far is 0.1934804916381836 seconds

Doing depth 3
We had 2 inferral cache hits and 223 partitioning cache hits
The partitioning cache has 2 tilings in it right now
The inferral cache has 36 tilings in it right now
There are 27 tilings in the search tree
Time taken so far is 0.7711005210876465 seconds

Doing depth 4
We had 2 inferral cache hits and 311 partitioning cache hits
The partitioning cache has 2 tilings in it right now
The inferral cache has 50 tilings in it right now
There are 35 tilings in the search tree
Time taken so far is 1.701197862625122 seconds

Doing depth 5
We had 4 inferral cache hits and 701 partitioning cache hits
The partitioning cache has 24 tilings in it right now
The inferral cache has 102 tilings in it right now
There are 73 tilings in the search tree
Time taken so far is 4.627008438110352 seconds

Doing depth 6
We had 29 inferral cache hits and 1897 partitioning cache hits
The partitioning cache has 17 tilings in it right now
The inferral cache has 237 tilings in it right now
There are 162 tilings in the search tree
Time taken so far is 30.277631998062134 seconds

Doing depth 7
We had 51 inferral cache hits and 3810 partitioning cache hits
The partitioning cache has 60 tilings in it right now
The inferral cache has 507 tilings in it right now
There are 344 tilings in the search tree
Time taken so far is 98.39737558364868 seconds

Doing depth 8
We had 262 inferral cache hits and 13921 partitioning cache hits
The partitioning cache has 320 tilings in it right now
The inferral cache has 1705 tilings in it right now
There are 1343 tilings in the search tree
Time taken so far is 863.8276798725128 seconds

Now processing 0213_1320
Doing depth 1
We had 0 inferral cache hits and 14 partitioning cache hits
The partitioning cache has 0 tilings in it right now
The inferral cache has 6 tilings in it right now
There are 5 tilings in the search tree
Time taken so far is 0.033711910247802734 seconds

Doing depth 2
We had 0 inferral cache hits and 81 partitioning cache hits
The partitioning cache has 4 tilings in it right now
The inferral cache has 14 tilings in it right now
There are 15 tilings in the search tree
Time taken so far is 0.4627089500427246 seconds

Doing depth 3
We had 2 inferral cache hits and 223 partitioning cache hits
The partitioning cache has 2 tilings in it right now
The inferral cache has 37 tilings in it right now
There are 31 tilings in the search tree
Time taken so far is 0.7696800231933594 seconds

Doing depth 4
We had 2 inferral cache hits and 311 partitioning cache hits
The partitioning cache has 2 tilings in it right now
The inferral cache has 51 tilings in it right now
There are 40 tilings in the search tree
Time taken so far is 1.7941696643829346 seconds

Doing depth 5
We had 4 inferral cache hits and 681 partitioning cache hits
The partitioning cache has 28 tilings in it right now
The inferral cache has 91 tilings in it right now
There are 74 tilings in the search tree
Time taken so far is 4.614794015884399 seconds

Doing depth 6
We had 32 inferral cache hits and 1785 partitioning cache hits
The partitioning cache has 18 tilings in it right now
The inferral cache has 199 tilings in it right now
There are 140 tilings in the search tree
Time taken so far is 29.488338470458984 seconds

Doing depth 7
We had 32 inferral cache hits and 2853 partitioning cache hits
The partitioning cache has 25 tilings in it right now
The inferral cache has 370 tilings in it right now
There are 230 tilings in the search tree
Time taken so far is 113.63825869560242 seconds

Doing depth 8
We had 63 inferral cache hits and 8053 partitioning cache hits
The partitioning cache has 222 tilings in it right now
The inferral cache has 1032 tilings in it right now
There are 696 tilings in the search tree
Time taken so far is 277.8812129497528 seconds

Now processing 0213_2301
Doing depth 1
We had 0 inferral cache hits and 14 partitioning cache hits
The partitioning cache has 0 tilings in it right now
The inferral cache has 6 tilings in it right now
There are 5 tilings in the search tree
Time taken so far is 0.0159912109375 seconds

Doing depth 2
We had 0 inferral cache hits and 81 partitioning cache hits
The partitioning cache has 4 tilings in it right now
The inferral cache has 14 tilings in it right now
There are 13 tilings in the search tree
Time taken so far is 0.15449905395507812 seconds

Doing depth 3
We had 2 inferral cache hits and 223 partitioning cache hits
The partitioning cache has 2 tilings in it right now
The inferral cache has 36 tilings in it right now
There are 27 tilings in the search tree
Time taken so far is 0.4728217124938965 seconds

Doing depth 4
We had 2 inferral cache hits and 311 partitioning cache hits
The partitioning cache has 0 tilings in it right now
The inferral cache has 52 tilings in it right now
There are 35 tilings in the search tree
Time taken so far is 1.27028489112854 seconds

Doing depth 5
We had 4 inferral cache hits and 679 partitioning cache hits
The partitioning cache has 26 tilings in it right now
The inferral cache has 94 tilings in it right now
There are 69 tilings in the search tree
Time taken so far is 3.7826590538024902 seconds

Doing depth 6
We had 31 inferral cache hits and 1716 partitioning cache hits
The partitioning cache has 18 tilings in it right now
The inferral cache has 173 tilings in it right now
There are 128 tilings in the search tree
Time taken so far is 28.25023317337036 seconds

Doing depth 7
We had 45 inferral cache hits and 3048 partitioning cache hits
The partitioning cache has 36 tilings in it right now
The inferral cache has 410 tilings in it right now
There are 253 tilings in the search tree
Time taken so far is 97.17612481117249 seconds

Doing depth 8
We had 360 inferral cache hits and 10722 partitioning cache hits
The partitioning cache has 290 tilings in it right now
The inferral cache has 1300 tilings in it right now
There are 1138 tilings in the search tree
Time taken so far is 241.50131678581238 seconds

Now processing 0213_3120
Doing depth 1
We had 0 inferral cache hits and 14 partitioning cache hits
The partitioning cache has 0 tilings in it right now
The inferral cache has 6 tilings in it right now
There are 5 tilings in the search tree
Time taken so far is 0.01981830596923828 seconds

Doing depth 2
We had 0 inferral cache hits and 81 partitioning cache hits
The partitioning cache has 4 tilings in it right now
The inferral cache has 14 tilings in it right now
There are 16 tilings in the search tree
Time taken so far is 0.1065068244934082 seconds

Doing depth 3
We had 2 inferral cache hits and 223 partitioning cache hits
The partitioning cache has 2 tilings in it right now
The inferral cache has 40 tilings in it right now
There are 34 tilings in the search tree
Time taken so far is 0.39128899574279785 seconds

Doing depth 4
We had 2 inferral cache hits and 311 partitioning cache hits
The partitioning cache has 0 tilings in it right now
The inferral cache has 56 tilings in it right now
There are 44 tilings in the search tree
Time taken so far is 0.9398365020751953 seconds

Doing depth 5
We had 4 inferral cache hits and 659 partitioning cache hits
The partitioning cache has 26 tilings in it right now
The inferral cache has 90 tilings in it right now
There are 74 tilings in the search tree
Time taken so far is 3.2032175064086914 seconds

Doing depth 6
We had 34 inferral cache hits and 1677 partitioning cache hits
The partitioning cache has 18 tilings in it right now
The inferral cache has 166 tilings in it right now
There are 132 tilings in the search tree
Time taken so far is 22.202624320983887 seconds

Doing depth 7
We had 34 inferral cache hits and 2821 partitioning cache hits
The partitioning cache has 12 tilings in it right now
The inferral cache has 364 tilings in it right now
There are 233 tilings in the search tree
Time taken so far is 82.00829672813416 seconds

Doing depth 8
We had 90 inferral cache hits and 8045 partitioning cache hits
The partitioning cache has 232 tilings in it right now
The inferral cache has 1012 tilings in it right now
There are 695 tilings in the search tree
Time taken so far is 211.70601058006287 seconds

Now processing 0231_0312
Doing depth 1
We had 0 inferral cache hits and 14 partitioning cache hits
The partitioning cache has 0 tilings in it right now
The inferral cache has 5 tilings in it right now
There are 5 tilings in the search tree
Time taken so far is 0.030132532119750977 seconds

Doing depth 2
We had 0 inferral cache hits and 81 partitioning cache hits
The partitioning cache has 4 tilings in it right now
The inferral cache has 13 tilings in it right now
There are 15 tilings in the search tree
Time taken so far is 0.20711159706115723 seconds

Doing depth 3
We had 2 inferral cache hits and 223 partitioning cache hits
The partitioning cache has 2 tilings in it right now
The inferral cache has 34 tilings in it right now
There are 31 tilings in the search tree
Time taken so far is 0.6224355697631836 seconds

Doing depth 4
We had 2 inferral cache hits and 311 partitioning cache hits
The partitioning cache has 3 tilings in it right now
The inferral cache has 47 tilings in it right now
There are 40 tilings in the search tree
Time taken so far is 1.4036993980407715 seconds

Doing depth 5
We had 4 inferral cache hits and 692 partitioning cache hits
The partitioning cache has 27 tilings in it right now
The inferral cache has 88 tilings in it right now
There are 79 tilings in the search tree
Time taken so far is 3.9245574474334717 seconds

Doing depth 6
We had 38 inferral cache hits and 1796 partitioning cache hits
The partitioning cache has 17 tilings in it right now
The inferral cache has 196 tilings in it right now
There are 162 tilings in the search tree
Time taken so far is 31.765668630599976 seconds

Doing depth 7
We had 38 inferral cache hits and 2807 partitioning cache hits
The partitioning cache has 27 tilings in it right now
The inferral cache has 346 tilings in it right now
There are 251 tilings in the search tree
Time taken so far is 129.55728578567505 seconds

Doing depth 8
We had 72 inferral cache hits and 7055 partitioning cache hits
The partitioning cache has 222 tilings in it right now
The inferral cache has 769 tilings in it right now
There are 642 tilings in the search tree
Time taken so far is 335.40405011177063 seconds

Now processing 0231_0321
Doing depth 1
We had 0 inferral cache hits and 14 partitioning cache hits
The partitioning cache has 0 tilings in it right now
The inferral cache has 5 tilings in it right now
There are 5 tilings in the search tree
Time taken so far is 0.029871225357055664 seconds

Doing depth 2
We had 0 inferral cache hits and 81 partitioning cache hits
The partitioning cache has 4 tilings in it right now
The inferral cache has 13 tilings in it right now
There are 15 tilings in the search tree
Time taken so far is 0.14087176322937012 seconds

Doing depth 3
We had 2 inferral cache hits and 223 partitioning cache hits
The partitioning cache has 2 tilings in it right now
The inferral cache has 33 tilings in it right now
There are 31 tilings in the search tree
Time taken so far is 0.4705798625946045 seconds

Doing depth 4
We had 2 inferral cache hits and 311 partitioning cache hits
The partitioning cache has 3 tilings in it right now
The inferral cache has 46 tilings in it right now
There are 40 tilings in the search tree
Time taken so far is 1.2554216384887695 seconds

Doing depth 5
We had 4 inferral cache hits and 692 partitioning cache hits
The partitioning cache has 27 tilings in it right now
The inferral cache has 87 tilings in it right now
There are 80 tilings in the search tree
Time taken so far is 4.254390478134155 seconds

Doing depth 6
We had 36 inferral cache hits and 1808 partitioning cache hits
The partitioning cache has 17 tilings in it right now
The inferral cache has 190 tilings in it right now
There are 165 tilings in the search tree
Time taken so far is 33.56220030784607 seconds

Doing depth 7
We had 36 inferral cache hits and 2837 partitioning cache hits
The partitioning cache has 27 tilings in it right now
The inferral cache has 345 tilings in it right now
There are 260 tilings in the search tree
Time taken so far is 132.02177000045776 seconds

Doing depth 8
We had 70 inferral cache hits and 7065 partitioning cache hits
The partitioning cache has 225 tilings in it right now
The inferral cache has 740 tilings in it right now
There are 648 tilings in the search tree
Time taken so far is 325.6812562942505 seconds

Now processing 0231_1032
Doing depth 1
We had 0 inferral cache hits and 14 partitioning cache hits
The partitioning cache has 0 tilings in it right now
The inferral cache has 5 tilings in it right now
There are 5 tilings in the search tree
Time taken so far is 0.02978229522705078 seconds

Doing depth 2
We had 0 inferral cache hits and 81 partitioning cache hits
The partitioning cache has 4 tilings in it right now
The inferral cache has 13 tilings in it right now
There are 13 tilings in the search tree
Time taken so far is 0.1281135082244873 seconds

Doing depth 3
We had 2 inferral cache hits and 223 partitioning cache hits
The partitioning cache has 2 tilings in it right now
The inferral cache has 32 tilings in it right now
There are 27 tilings in the search tree
Time taken so far is 0.4983184337615967 seconds

Doing depth 4
We had 2 inferral cache hits and 321 partitioning cache hits
The partitioning cache has 3 tilings in it right now
The inferral cache has 50 tilings in it right now
There are 37 tilings in the search tree
Time taken so far is 1.4723281860351562 seconds

Doing depth 5
We had 3 inferral cache hits and 725 partitioning cache hits
The partitioning cache has 24 tilings in it right now
The inferral cache has 104 tilings in it right now
There are 78 tilings in the search tree
Time taken so far is 4.749839544296265 seconds

Doing depth 6
We had 42 inferral cache hits and 1896 partitioning cache hits
The partitioning cache has 16 tilings in it right now
The inferral cache has 219 tilings in it right now
There are 158 tilings in the search tree
Time taken so far is 31.576849699020386 seconds

Doing depth 7
We had 45 inferral cache hits and 3032 partitioning cache hits
The partitioning cache has 26 tilings in it right now
The inferral cache has 428 tilings in it right now
There are 270 tilings in the search tree
Time taken so far is 113.89052486419678 seconds

Doing depth 8
We had 84 inferral cache hits and 7980 partitioning cache hits
The partitioning cache has 258 tilings in it right now
The inferral cache has 939 tilings in it right now
There are 770 tilings in the search tree
Time taken so far is 245.26547002792358 seconds

Now processing 0231_1203
Doing depth 1
We had 0 inferral cache hits and 14 partitioning cache hits
The partitioning cache has 0 tilings in it right now
The inferral cache has 6 tilings in it right now
There are 5 tilings in the search tree
Time taken so far is 0.028484106063842773 seconds

Doing depth 2
We had 0 inferral cache hits and 81 partitioning cache hits
The partitioning cache has 4 tilings in it right now
The inferral cache has 14 tilings in it right now
There are 13 tilings in the search tree
Time taken so far is 0.19721651077270508 seconds

Doing depth 3
We had 2 inferral cache hits and 223 partitioning cache hits
The partitioning cache has 2 tilings in it right now
The inferral cache has 36 tilings in it right now
There are 27 tilings in the search tree
Time taken so far is 0.6086995601654053 seconds

Doing depth 4
We had 2 inferral cache hits and 311 partitioning cache hits
The partitioning cache has 1 tilings in it right now
The inferral cache has 51 tilings in it right now
There are 35 tilings in the search tree
Time taken so far is 1.3959119319915771 seconds

Doing depth 5
We had 4 inferral cache hits and 762 partitioning cache hits
The partitioning cache has 26 tilings in it right now
The inferral cache has 117 tilings in it right now
There are 79 tilings in the search tree
Time taken so far is 4.731246471405029 seconds

Doing depth 6
We had 31 inferral cache hits and 2175 partitioning cache hits
The partitioning cache has 16 tilings in it right now
The inferral cache has 291 tilings in it right now
There are 173 tilings in the search tree
Time taken so far is 30.89484930038452 seconds

Doing depth 7
We had 31 inferral cache hits and 3110 partitioning cache hits
The partitioning cache has 17 tilings in it right now
The inferral cache has 445 tilings in it right now
There are 254 tilings in the search tree
Time taken so far is 97.69268918037415 seconds

Doing depth 8
We had 59 inferral cache hits and 8068 partitioning cache hits
The partitioning cache has 204 tilings in it right now
The inferral cache has 1035 tilings in it right now
There are 681 tilings in the search tree
Time taken so far is 231.60426092147827 seconds

Now processing 0231_1230
Doing depth 1
We had 0 inferral cache hits and 14 partitioning cache hits
The partitioning cache has 0 tilings in it right now
The inferral cache has 5 tilings in it right now
There are 5 tilings in the search tree
Time taken so far is 0.02948737144470215 seconds

Doing depth 2
We had 0 inferral cache hits and 81 partitioning cache hits
The partitioning cache has 4 tilings in it right now
The inferral cache has 13 tilings in it right now
There are 15 tilings in the search tree
Time taken so far is 0.12538909912109375 seconds

Doing depth 3
We had 2 inferral cache hits and 223 partitioning cache hits
The partitioning cache has 2 tilings in it right now
The inferral cache has 33 tilings in it right now
There are 31 tilings in the search tree
Time taken so far is 0.6372315883636475 seconds

Doing depth 4
We had 2 inferral cache hits and 311 partitioning cache hits
The partitioning cache has 3 tilings in it right now
The inferral cache has 47 tilings in it right now
There are 40 tilings in the search tree
Time taken so far is 1.6513750553131104 seconds

Doing depth 5
We had 4 inferral cache hits and 671 partitioning cache hits
The partitioning cache has 24 tilings in it right now
The inferral cache has 83 tilings in it right now
There are 74 tilings in the search tree
Time taken so far is 3.846846342086792 seconds

Doing depth 6
We had 26 inferral cache hits and 1594 partitioning cache hits
The partitioning cache has 17 tilings in it right now
The inferral cache has 160 tilings in it right now
There are 134 tilings in the search tree
Time taken so far is 22.921611309051514 seconds

Doing depth 7
We had 28 inferral cache hits and 2672 partitioning cache hits
The partitioning cache has 33 tilings in it right now
The inferral cache has 316 tilings in it right now
There are 228 tilings in the search tree
Time taken so far is 82.6952383518219 seconds

Doing depth 8
We had 56 inferral cache hits and 6645 partitioning cache hits
The partitioning cache has 189 tilings in it right now
The inferral cache has 649 tilings in it right now
There are 565 tilings in the search tree
Time taken so far is 210.59031414985657 seconds

Now processing 0231_1302
Doing depth 1
We had 0 inferral cache hits and 14 partitioning cache hits
The partitioning cache has 0 tilings in it right now
The inferral cache has 5 tilings in it right now
There are 5 tilings in the search tree
Time taken so far is 0.027729272842407227 seconds

Doing depth 2
We had 0 inferral cache hits and 81 partitioning cache hits
The partitioning cache has 4 tilings in it right now
The inferral cache has 13 tilings in it right now
There are 13 tilings in the search tree
Time taken so far is 0.19347429275512695 seconds

Doing depth 3
We had 2 inferral cache hits and 223 partitioning cache hits
The partitioning cache has 2 tilings in it right now
The inferral cache has 32 tilings in it right now
There are 27 tilings in the search tree
Time taken so far is 0.5809392929077148 seconds

Doing depth 4
We had 2 inferral cache hits and 311 partitioning cache hits
The partitioning cache has 3 tilings in it right now
The inferral cache has 45 tilings in it right now
There are 35 tilings in the search tree
Time taken so far is 1.4876985549926758 seconds

Doing depth 5
We had 4 inferral cache hits and 722 partitioning cache hits
The partitioning cache has 24 tilings in it right now
The inferral cache has 102 tilings in it right now
There are 77 tilings in the search tree
Time taken so far is 4.899350643157959 seconds

Doing depth 6
We had 30 inferral cache hits and 1910 partitioning cache hits
The partitioning cache has 15 tilings in it right now
The inferral cache has 250 tilings in it right now
There are 165 tilings in the search tree
Time taken so far is 42.09877562522888 seconds

Doing depth 7
We had 33 inferral cache hits and 2948 partitioning cache hits
The partitioning cache has 26 tilings in it right now
The inferral cache has 412 tilings in it right now
There are 250 tilings in the search tree
Time taken so far is 170.97411632537842 seconds

Doing depth 8
We had 100 inferral cache hits and 8961 partitioning cache hits
The partitioning cache has 206 tilings in it right now
The inferral cache has 1221 tilings in it right now
There are 1030 tilings in the search tree
Time taken so far is 411.6663637161255 seconds

Now processing 0231_1320
Doing depth 1
We had 0 inferral cache hits and 14 partitioning cache hits
The partitioning cache has 0 tilings in it right now
The inferral cache has 5 tilings in it right now
There are 5 tilings in the search tree
Time taken so far is 0.017185211181640625 seconds

Doing depth 2
We had 0 inferral cache hits and 81 partitioning cache hits
The partitioning cache has 4 tilings in it right now
The inferral cache has 13 tilings in it right now
There are 15 tilings in the search tree
Time taken so far is 0.13921499252319336 seconds

Doing depth 3
We had 2 inferral cache hits and 223 partitioning cache hits
The partitioning cache has 2 tilings in it right now
The inferral cache has 33 tilings in it right now
There are 31 tilings in the search tree
Time taken so far is 0.5381717681884766 seconds

Doing depth 4
We had 2 inferral cache hits and 311 partitioning cache hits
The partitioning cache has 2 tilings in it right now
The inferral cache has 49 tilings in it right now
There are 40 tilings in the search tree
Time taken so far is 1.6708226203918457 seconds

Doing depth 5
A proof tree has been found.
We had 3 inferral cache hits and 631 partitioning cache hits
The partitioning cache has 22 tilings in it right now
The inferral cache has 84 tilings in it right now
There are 74 tilings in the search tree
Time taken so far is 4.564298629760742 seconds

Now processing 0231_2013
Doing depth 1
We had 0 inferral cache hits and 14 partitioning cache hits
The partitioning cache has 0 tilings in it right now
The inferral cache has 6 tilings in it right now
There are 5 tilings in the search tree
Time taken so far is 0.015918970108032227 seconds

Doing depth 2
We had 0 inferral cache hits and 81 partitioning cache hits
The partitioning cache has 4 tilings in it right now
The inferral cache has 14 tilings in it right now
There are 13 tilings in the search tree
Time taken so far is 0.18641161918640137 seconds

Doing depth 3
We had 2 inferral cache hits and 223 partitioning cache hits
The partitioning cache has 2 tilings in it right now
The inferral cache has 38 tilings in it right now
There are 27 tilings in the search tree
Time taken so far is 0.748121976852417 seconds

Doing depth 4
We had 2 inferral cache hits and 311 partitioning cache hits
The partitioning cache has 0 tilings in it right now
The inferral cache has 54 tilings in it right now
There are 35 tilings in the search tree
Time taken so far is 1.6556227207183838 seconds

Doing depth 5
We had 4 inferral cache hits and 843 partitioning cache hits
The partitioning cache has 24 tilings in it right now
The inferral cache has 166 tilings in it right now
There are 89 tilings in the search tree
Time taken so far is 6.178994417190552 seconds

Doing depth 6
We had 26 inferral cache hits and 2211 partitioning cache hits
The partitioning cache has 15 tilings in it right now
The inferral cache has 395 tilings in it right now
There are 180 tilings in the search tree
Time taken so far is 34.0106475353241 seconds

Doing depth 7
We had 26 inferral cache hits and 3297 partitioning cache hits
The partitioning cache has 8 tilings in it right now
The inferral cache has 626 tilings in it right now
There are 279 tilings in the search tree
Time taken so far is 112.06307125091553 seconds

Doing depth 8
We had 66 inferral cache hits and 8315 partitioning cache hits
The partitioning cache has 186 tilings in it right now
The inferral cache has 1438 tilings in it right now
There are 740 tilings in the search tree
Time taken so far is 269.5486466884613 seconds

Now processing 0231_2031
Doing depth 1
We had 0 inferral cache hits and 14 partitioning cache hits
The partitioning cache has 0 tilings in it right now
The inferral cache has 5 tilings in it right now
There are 5 tilings in the search tree
Time taken so far is 0.028209686279296875 seconds

Doing depth 2
We had 0 inferral cache hits and 81 partitioning cache hits
The partitioning cache has 4 tilings in it right now
The inferral cache has 13 tilings in it right now
There are 13 tilings in the search tree
Time taken so far is 0.12463688850402832 seconds

Doing depth 3
We had 2 inferral cache hits and 223 partitioning cache hits
The partitioning cache has 2 tilings in it right now
The inferral cache has 32 tilings in it right now
There are 27 tilings in the search tree
Time taken so far is 0.47063136100769043 seconds

Doing depth 4
We had 2 inferral cache hits and 331 partitioning cache hits
The partitioning cache has 3 tilings in it right now
The inferral cache has 54 tilings in it right now
There are 39 tilings in the search tree
Time taken so far is 1.4816064834594727 seconds

Doing depth 5
We had 20 inferral cache hits and 994 partitioning cache hits
The partitioning cache has 42 tilings in it right now
The inferral cache has 143 tilings in it right now
There are 128 tilings in the search tree
Time taken so far is 5.4269118309021 seconds

Doing depth 6
We had 85 inferral cache hits and 2819 partitioning cache hits
The partitioning cache has 67 tilings in it right now
The inferral cache has 326 tilings in it right now
There are 295 tilings in the search tree
Time taken so far is 31.512717962265015 seconds

Doing depth 7
We had 231 inferral cache hits and 8004 partitioning cache hits
The partitioning cache has 180 tilings in it right now
The inferral cache has 978 tilings in it right now
There are 862 tilings in the search tree
Time taken so far is 148.3499574661255 seconds

Doing depth 8
We had 1132 inferral cache hits and 33601 partitioning cache hits
The partitioning cache has 935 tilings in it right now
The inferral cache has 3848 tilings in it right now
There are 4050 tilings in the search tree
Time taken so far is 7678.400094747543 seconds

Now processing 0231_2130
Doing depth 1
We had 0 inferral cache hits and 14 partitioning cache hits
The partitioning cache has 0 tilings in it right now
The inferral cache has 5 tilings in it right now
There are 5 tilings in the search tree
Time taken so far is 0.03118729591369629 seconds

Doing depth 2
We had 0 inferral cache hits and 81 partitioning cache hits
The partitioning cache has 4 tilings in it right now
The inferral cache has 13 tilings in it right now
There are 15 tilings in the search tree
Time taken so far is 0.15814995765686035 seconds

Doing depth 3
We had 2 inferral cache hits and 223 partitioning cache hits
The partitioning cache has 2 tilings in it right now
The inferral cache has 34 tilings in it right now
There are 31 tilings in the search tree
Time taken so far is 0.5051283836364746 seconds

Doing depth 4
We had 2 inferral cache hits and 321 partitioning cache hits
The partitioning cache has 3 tilings in it right now
The inferral cache has 52 tilings in it right now
There are 42 tilings in the search tree
Time taken so far is 1.4165832996368408 seconds

Doing depth 5
We had 13 inferral cache hits and 930 partitioning cache hits
The partitioning cache has 41 tilings in it right now
The inferral cache has 133 tilings in it right now
There are 121 tilings in the search tree
Time taken so far is 4.824887752532959 seconds

Doing depth 6
We had 39 inferral cache hits and 1850 partitioning cache hits
The partitioning cache has 32 tilings in it right now
The inferral cache has 205 tilings in it right now
There are 175 tilings in the search tree
Time taken so far is 25.135040760040283 seconds

Doing depth 7
We had 42 inferral cache hits and 3016 partitioning cache hits
The partitioning cache has 42 tilings in it right now
The inferral cache has 425 tilings in it right now
There are 287 tilings in the search tree
Time taken so far is 100.34132671356201 seconds

Doing depth 8
We had 206 inferral cache hits and 11220 partitioning cache hits
The partitioning cache has 420 tilings in it right now
The inferral cache has 1374 tilings in it right now
There are 1692 tilings in the search tree
Time taken so far is 276.37780928611755 seconds

Now processing 0231_2301
Doing depth 1
We had 0 inferral cache hits and 14 partitioning cache hits
The partitioning cache has 0 tilings in it right now
The inferral cache has 5 tilings in it right now
There are 5 tilings in the search tree
Time taken so far is 0.022229909896850586 seconds

Doing depth 2
We had 0 inferral cache hits and 81 partitioning cache hits
The partitioning cache has 4 tilings in it right now
The inferral cache has 13 tilings in it right now
There are 13 tilings in the search tree
Time taken so far is 0.140700101852417 seconds

Doing depth 3
We had 2 inferral cache hits and 223 partitioning cache hits
The partitioning cache has 2 tilings in it right now
The inferral cache has 32 tilings in it right now
There are 27 tilings in the search tree
Time taken so far is 0.5584144592285156 seconds

Doing depth 4
We had 2 inferral cache hits and 311 partitioning cache hits
The partitioning cache has 3 tilings in it right now
The inferral cache has 45 tilings in it right now
There are 35 tilings in the search tree
Time taken so far is 1.5343234539031982 seconds

Doing depth 5
We had 4 inferral cache hits and 714 partitioning cache hits
The partitioning cache has 26 tilings in it right now
The inferral cache has 95 tilings in it right now
There are 75 tilings in the search tree
Time taken so far is 4.813032150268555 seconds

Doing depth 6
We had 36 inferral cache hits and 1902 partitioning cache hits
The partitioning cache has 23 tilings in it right now
The inferral cache has 207 tilings in it right now
There are 164 tilings in the search tree
Time taken so far is 32.972434520721436 seconds

Doing depth 7
We had 66 inferral cache hits and 3425 partitioning cache hits
The partitioning cache has 48 tilings in it right now
The inferral cache has 409 tilings in it right now
There are 302 tilings in the search tree
Time taken so far is 132.7991065979004 seconds

Doing depth 8
We had 232 inferral cache hits and 10562 partitioning cache hits
The partitioning cache has 312 tilings in it right now
The inferral cache has 1150 tilings in it right now
There are 955 tilings in the search tree
Time taken so far is 333.2109191417694 seconds

Now processing 0231_3012
Doing depth 1
We had 0 inferral cache hits and 14 partitioning cache hits
The partitioning cache has 0 tilings in it right now
The inferral cache has 6 tilings in it right now
There are 5 tilings in the search tree
Time taken so far is 0.029147624969482422 seconds

Doing depth 2
We had 0 inferral cache hits and 81 partitioning cache hits
The partitioning cache has 4 tilings in it right now
The inferral cache has 14 tilings in it right now
There are 13 tilings in the search tree
Time taken so far is 0.2041478157043457 seconds

Doing depth 3
We had 2 inferral cache hits and 223 partitioning cache hits
The partitioning cache has 2 tilings in it right now
The inferral cache has 37 tilings in it right now
There are 27 tilings in the search tree
Time taken so far is 0.624885082244873 seconds

Doing depth 4
We had 2 inferral cache hits and 311 partitioning cache hits
The partitioning cache has 0 tilings in it right now
The inferral cache has 53 tilings in it right now
There are 35 tilings in the search tree
Time taken so far is 1.4176146984100342 seconds

Doing depth 5
We had 4 inferral cache hits and 701 partitioning cache hits
The partitioning cache has 25 tilings in it right now
The inferral cache has 106 tilings in it right now
There are 76 tilings in the search tree
Time taken so far is 4.795182228088379 seconds

Doing depth 6
We had 34 inferral cache hits and 2021 partitioning cache hits
The partitioning cache has 25 tilings in it right now
The inferral cache has 267 tilings in it right now
There are 181 tilings in the search tree
Time taken so far is 30.310678005218506 seconds

Doing depth 7
We had 82 inferral cache hits and 4432 partitioning cache hits
The partitioning cache has 72 tilings in it right now
The inferral cache has 637 tilings in it right now
There are 432 tilings in the search tree
Time taken so far is 112.45386981964111 seconds

Doing depth 8
We had 442 inferral cache hits and 16207 partitioning cache hits
The partitioning cache has 416 tilings in it right now
The inferral cache has 2015 tilings in it right now
There are 1671 tilings in the search tree
Time taken so far is 486.77918338775635 seconds

Now processing 0321_1032
Doing depth 1
We had 0 inferral cache hits and 14 partitioning cache hits
The partitioning cache has 0 tilings in it right now
The inferral cache has 5 tilings in it right now
There are 5 tilings in the search tree
Time taken so far is 0.027861595153808594 seconds

Doing depth 2
We had 0 inferral cache hits and 81 partitioning cache hits
The partitioning cache has 4 tilings in it right now
The inferral cache has 13 tilings in it right now
There are 13 tilings in the search tree
Time taken so far is 0.19825124740600586 seconds

Doing depth 3
We had 2 inferral cache hits and 223 partitioning cache hits
The partitioning cache has 2 tilings in it right now
The inferral cache has 32 tilings in it right now
There are 27 tilings in the search tree
Time taken so far is 0.707423210144043 seconds

Doing depth 4
We had 2 inferral cache hits and 311 partitioning cache hits
The partitioning cache has 2 tilings in it right now
The inferral cache has 46 tilings in it right now
There are 35 tilings in the search tree
Time taken so far is 1.7595880031585693 seconds

Doing depth 5
We had 4 inferral cache hits and 691 partitioning cache hits
The partitioning cache has 27 tilings in it right now
The inferral cache has 86 tilings in it right now
There are 73 tilings in the search tree
Time taken so far is 4.357021331787109 seconds

Doing depth 6
We had 35 inferral cache hits and 1741 partitioning cache hits
The partitioning cache has 18 tilings in it right now
The inferral cache has 160 tilings in it right now
There are 144 tilings in the search tree
Time taken so far is 29.791903257369995 seconds

Doing depth 7
We had 35 inferral cache hits and 2785 partitioning cache hits
The partitioning cache has 24 tilings in it right now
The inferral cache has 323 tilings in it right now
There are 234 tilings in the search tree
Time taken so far is 123.6155469417572 seconds

Doing depth 8
We had 81 inferral cache hits and 7332 partitioning cache hits
The partitioning cache has 230 tilings in it right now
The inferral cache has 727 tilings in it right now
There are 633 tilings in the search tree
Time taken so far is 290.4112455844879 seconds

Now processing 0321_2103
Doing depth 1
We had 0 inferral cache hits and 14 partitioning cache hits
The partitioning cache has 0 tilings in it right now
The inferral cache has 6 tilings in it right now
There are 5 tilings in the search tree
Time taken so far is 0.015976905822753906 seconds

Doing depth 2
We had 0 inferral cache hits and 81 partitioning cache hits
The partitioning cache has 4 tilings in it right now
The inferral cache has 14 tilings in it right now
There are 13 tilings in the search tree
Time taken so far is 0.17917108535766602 seconds

Doing depth 3
We had 2 inferral cache hits and 223 partitioning cache hits
The partitioning cache has 2 tilings in it right now
The inferral cache has 36 tilings in it right now
There are 27 tilings in the search tree
Time taken so far is 0.8155033588409424 seconds

Doing depth 4
We had 2 inferral cache hits and 311 partitioning cache hits
The partitioning cache has 0 tilings in it right now
The inferral cache has 52 tilings in it right now
There are 35 tilings in the search tree
Time taken so far is 1.607750415802002 seconds

Doing depth 5
We had 4 inferral cache hits and 679 partitioning cache hits
The partitioning cache has 26 tilings in it right now
The inferral cache has 92 tilings in it right now
There are 69 tilings in the search tree
Time taken so far is 4.349615573883057 seconds

Doing depth 6
We had 28 inferral cache hits and 1735 partitioning cache hits
The partitioning cache has 17 tilings in it right now
The inferral cache has 190 tilings in it right now
There are 134 tilings in the search tree
Time taken so far is 27.64751625061035 seconds

Doing depth 7
We had 28 inferral cache hits and 2728 partitioning cache hits
The partitioning cache has 8 tilings in it right now
The inferral cache has 361 tilings in it right now
There are 217 tilings in the search tree
Time taken so far is 106.83449506759644 seconds

Doing depth 8
We had 66 inferral cache hits and 7094 partitioning cache hits
The partitioning cache has 192 tilings in it right now
The inferral cache has 793 tilings in it right now
There are 613 tilings in the search tree
Time taken so far is 251.27053308486938 seconds

Now processing 1032_1302
Doing depth 1
We had 0 inferral cache hits and 14 partitioning cache hits
The partitioning cache has 0 tilings in it right now
The inferral cache has 4 tilings in it right now
There are 5 tilings in the search tree
Time taken so far is 0.027521848678588867 seconds

Doing depth 2
We had 0 inferral cache hits and 81 partitioning cache hits
The partitioning cache has 4 tilings in it right now
The inferral cache has 12 tilings in it right now
There are 13 tilings in the search tree
Time taken so far is 0.1992344856262207 seconds

Doing depth 3
We had 2 inferral cache hits and 223 partitioning cache hits
The partitioning cache has 2 tilings in it right now
The inferral cache has 26 tilings in it right now
There are 27 tilings in the search tree
Time taken so far is 0.6402404308319092 seconds

Doing depth 4
We had 2 inferral cache hits and 311 partitioning cache hits
The partitioning cache has 6 tilings in it right now
The inferral cache has 36 tilings in it right now
There are 35 tilings in the search tree
Time taken so far is 1.6823029518127441 seconds

Doing depth 5
We had 4 inferral cache hits and 725 partitioning cache hits
The partitioning cache has 24 tilings in it right now
The inferral cache has 84 tilings in it right now
There are 77 tilings in the search tree
Time taken so far is 5.46382474899292 seconds

Doing depth 6
We had 40 inferral cache hits and 1781 partitioning cache hits
The partitioning cache has 16 tilings in it right now
The inferral cache has 164 tilings in it right now
There are 156 tilings in the search tree
Time taken so far is 38.70223784446716 seconds

Doing depth 7
We had 40 inferral cache hits and 2723 partitioning cache hits
The partitioning cache has 52 tilings in it right now
The inferral cache has 274 tilings in it right now
There are 230 tilings in the search tree
Time taken so far is 169.6609182357788 seconds

Doing depth 8
We had 92 inferral cache hits and 7199 partitioning cache hits
The partitioning cache has 200 tilings in it right now
The inferral cache has 702 tilings in it right now
There are 624 tilings in the search tree
Time taken so far is 405.342298746109 seconds

Now processing 1032_2301
Doing depth 1
We had 0 inferral cache hits and 14 partitioning cache hits
The partitioning cache has 0 tilings in it right now
The inferral cache has 4 tilings in it right now
There are 5 tilings in the search tree
Time taken so far is 0.015380144119262695 seconds

Doing depth 2
We had 0 inferral cache hits and 81 partitioning cache hits
The partitioning cache has 4 tilings in it right now
The inferral cache has 12 tilings in it right now
There are 13 tilings in the search tree
Time taken so far is 0.17930245399475098 seconds

Doing depth 3
We had 2 inferral cache hits and 223 partitioning cache hits
The partitioning cache has 2 tilings in it right now
The inferral cache has 26 tilings in it right now
There are 27 tilings in the search tree
Time taken so far is 0.5649311542510986 seconds

Doing depth 4
We had 2 inferral cache hits and 311 partitioning cache hits
The partitioning cache has 0 tilings in it right now
The inferral cache has 42 tilings in it right now
There are 35 tilings in the search tree
Time taken so far is 1.6312315464019775 seconds

Doing depth 5
We had 2 inferral cache hits and 711 partitioning cache hits
The partitioning cache has 32 tilings in it right now
The inferral cache has 88 tilings in it right now
There are 73 tilings in the search tree
Time taken so far is 4.32948112487793 seconds

Doing depth 6
We had 42 inferral cache hits and 2277 partitioning cache hits
The partitioning cache has 50 tilings in it right now
The inferral cache has 214 tilings in it right now
There are 182 tilings in the search tree
Time taken so far is 27.795005559921265 seconds

Doing depth 7
We had 42 inferral cache hits and 3321 partitioning cache hits
The partitioning cache has 56 tilings in it right now
The inferral cache has 390 tilings in it right now
There are 266 tilings in the search tree
Time taken so far is 94.22091841697693 seconds

Doing depth 8
We had 91 inferral cache hits and 7365 partitioning cache hits
The partitioning cache has 215 tilings in it right now
The inferral cache has 742 tilings in it right now
There are 628 tilings in the search tree
Time taken so far is 190.34054613113403 seconds

Now processing 1302_2031
Doing depth 1
We had 0 inferral cache hits and 14 partitioning cache hits
The partitioning cache has 0 tilings in it right now
The inferral cache has 4 tilings in it right now
There are 5 tilings in the search tree
Time taken so far is 0.015554189682006836 seconds

Doing depth 2
We had 0 inferral cache hits and 81 partitioning cache hits
The partitioning cache has 4 tilings in it right now
The inferral cache has 12 tilings in it right now
There are 13 tilings in the search tree
Time taken so far is 0.18305397033691406 seconds

Doing depth 3
We had 2 inferral cache hits and 223 partitioning cache hits
The partitioning cache has 2 tilings in it right now
The inferral cache has 26 tilings in it right now
There are 27 tilings in the search tree
Time taken so far is 0.7400531768798828 seconds

Doing depth 4
We had 2 inferral cache hits and 311 partitioning cache hits
The partitioning cache has 8 tilings in it right now
The inferral cache has 34 tilings in it right now
There are 35 tilings in the search tree
Time taken so far is 2.1839325428009033 seconds

Doing depth 5
We had 4 inferral cache hits and 747 partitioning cache hits
The partitioning cache has 22 tilings in it right now
The inferral cache has 88 tilings in it right now
There are 81 tilings in the search tree
Time taken so far is 7.7147536277771 seconds

Doing depth 6
We had 44 inferral cache hits and 1851 partitioning cache hits
The partitioning cache has 14 tilings in it right now
The inferral cache has 186 tilings in it right now
There are 174 tilings in the search tree
Time taken so far is 49.63807916641235 seconds

Doing depth 7
We had 44 inferral cache hits and 2691 partitioning cache hits
The partitioning cache has 56 tilings in it right now
The inferral cache has 270 tilings in it right now
There are 234 tilings in the search tree
Time taken so far is 218.12199091911316 seconds

Doing depth 8
We had 108 inferral cache hits and 6771 partitioning cache hits
The partitioning cache has 152 tilings in it right now
The inferral cache has 694 tilings in it right now
There are 602 tilings in the search tree
Time taken so far is 505.56405568122864 seconds

