/users/home/henningu/ATRAP/non-regular-insertion-encodable-bases/logs_length2
Now processing 0123_0132
Doing depth 1
We had 0 inferral cache hits and 0 partitioning cache hits
The partitioning cache has 0 tilings in it right now
The inferral cache has 4 tilings in it right now
There are 4 tilings in the search tree
Time taken so far is 0.016799211502075195 seconds

Doing depth 2
We had 0 inferral cache hits and 17 partitioning cache hits
The partitioning cache has 2 tilings in it right now
The inferral cache has 8 tilings in it right now
There are 10 tilings in the search tree
Time taken so far is 0.07550978660583496 seconds

Doing depth 3
We had 1 inferral cache hits and 68 partitioning cache hits
The partitioning cache has 1 tilings in it right now
The inferral cache has 15 tilings in it right now
There are 17 tilings in the search tree
Time taken so far is 0.2124464511871338 seconds

Doing depth 4
We had 1 inferral cache hits and 95 partitioning cache hits
The partitioning cache has 0 tilings in it right now
The inferral cache has 19 tilings in it right now
There are 20 tilings in the search tree
Time taken so far is 0.49382448196411133 seconds

Doing depth 5
We had 1 inferral cache hits and 275 partitioning cache hits
The partitioning cache has 8 tilings in it right now
The inferral cache has 27 tilings in it right now
There are 30 tilings in the search tree
Time taken so far is 1.0023601055145264 seconds

Doing depth 6
We had 9 inferral cache hits and 862 partitioning cache hits
The partitioning cache has 6 tilings in it right now
The inferral cache has 39 tilings in it right now
There are 50 tilings in the search tree
Time taken so far is 4.401581048965454 seconds

Doing depth 7
We had 9 inferral cache hits and 1375 partitioning cache hits
The partitioning cache has 2 tilings in it right now
The inferral cache has 71 tilings in it right now
There are 71 tilings in the search tree
Time taken so far is 15.284744501113892 seconds

Doing depth 8
We had 9 inferral cache hits and 5737 partitioning cache hits
The partitioning cache has 41 tilings in it right now
The inferral cache has 117 tilings in it right now
There are 138 tilings in the search tree
Time taken so far is 37.45299482345581 seconds

Now processing 0123_0213
Doing depth 1
We had 0 inferral cache hits and 0 partitioning cache hits
The partitioning cache has 0 tilings in it right now
The inferral cache has 4 tilings in it right now
There are 4 tilings in the search tree
Time taken so far is 0.019153118133544922 seconds

Doing depth 2
We had 0 inferral cache hits and 17 partitioning cache hits
The partitioning cache has 2 tilings in it right now
The inferral cache has 8 tilings in it right now
There are 10 tilings in the search tree
Time taken so far is 0.08262181282043457 seconds

Doing depth 3
We had 1 inferral cache hits and 68 partitioning cache hits
The partitioning cache has 1 tilings in it right now
The inferral cache has 16 tilings in it right now
There are 17 tilings in the search tree
Time taken so far is 0.22151637077331543 seconds

Doing depth 4
We had 1 inferral cache hits and 95 partitioning cache hits
The partitioning cache has 0 tilings in it right now
The inferral cache has 20 tilings in it right now
There are 20 tilings in the search tree
Time taken so far is 0.4937777519226074 seconds

Doing depth 5
We had 1 inferral cache hits and 257 partitioning cache hits
The partitioning cache has 8 tilings in it right now
The inferral cache has 28 tilings in it right now
There are 29 tilings in the search tree
Time taken so far is 1.0105295181274414 seconds

Doing depth 6
We had 9 inferral cache hits and 804 partitioning cache hits
The partitioning cache has 6 tilings in it right now
The inferral cache has 41 tilings in it right now
There are 47 tilings in the search tree
Time taken so far is 3.754269599914551 seconds

Doing depth 7
We had 9 inferral cache hits and 1296 partitioning cache hits
The partitioning cache has 2 tilings in it right now
The inferral cache has 73 tilings in it right now
There are 67 tilings in the search tree
Time taken so far is 12.969914674758911 seconds

Doing depth 8
We had 9 inferral cache hits and 5010 partitioning cache hits
The partitioning cache has 42 tilings in it right now
The inferral cache has 123 tilings in it right now
There are 134 tilings in the search tree
Time taken so far is 34.409984827041626 seconds

Now processing 0123_0231
Doing depth 1
We had 0 inferral cache hits and 0 partitioning cache hits
The partitioning cache has 0 tilings in it right now
The inferral cache has 4 tilings in it right now
There are 4 tilings in the search tree
Time taken so far is 0.014512777328491211 seconds

Doing depth 2
We had 0 inferral cache hits and 17 partitioning cache hits
The partitioning cache has 2 tilings in it right now
The inferral cache has 8 tilings in it right now
There are 10 tilings in the search tree
Time taken so far is 0.07024383544921875 seconds

Doing depth 3
We had 1 inferral cache hits and 68 partitioning cache hits
The partitioning cache has 1 tilings in it right now
The inferral cache has 16 tilings in it right now
There are 17 tilings in the search tree
Time taken so far is 0.18540501594543457 seconds

Doing depth 4
We had 1 inferral cache hits and 95 partitioning cache hits
The partitioning cache has 0 tilings in it right now
The inferral cache has 20 tilings in it right now
There are 20 tilings in the search tree
Time taken so far is 0.4105856418609619 seconds

Doing depth 5
We had 1 inferral cache hits and 257 partitioning cache hits
The partitioning cache has 7 tilings in it right now
The inferral cache has 29 tilings in it right now
There are 29 tilings in the search tree
Time taken so far is 0.8916349411010742 seconds

Doing depth 6
We had 9 inferral cache hits and 803 partitioning cache hits
The partitioning cache has 5 tilings in it right now
The inferral cache has 43 tilings in it right now
There are 47 tilings in the search tree
Time taken so far is 3.6374683380126953 seconds

Doing depth 7
We had 9 inferral cache hits and 1293 partitioning cache hits
The partitioning cache has 2 tilings in it right now
The inferral cache has 75 tilings in it right now
There are 67 tilings in the search tree
Time taken so far is 12.746825933456421 seconds

Doing depth 8
We had 11 inferral cache hits and 4936 partitioning cache hits
The partitioning cache has 38 tilings in it right now
The inferral cache has 136 tilings in it right now
There are 132 tilings in the search tree
Time taken so far is 32.078145027160645 seconds

Now processing 0123_1230
Doing depth 1
We had 0 inferral cache hits and 0 partitioning cache hits
The partitioning cache has 0 tilings in it right now
The inferral cache has 4 tilings in it right now
There are 4 tilings in the search tree
Time taken so far is 0.011960506439208984 seconds

Doing depth 2
We had 0 inferral cache hits and 13 partitioning cache hits
The partitioning cache has 2 tilings in it right now
The inferral cache has 8 tilings in it right now
There are 8 tilings in the search tree
Time taken so far is 0.05834031105041504 seconds

Doing depth 3
We had 1 inferral cache hits and 46 partitioning cache hits
The partitioning cache has 1 tilings in it right now
The inferral cache has 15 tilings in it right now
There are 13 tilings in the search tree
Time taken so far is 0.12125992774963379 seconds

Doing depth 4
We had 1 inferral cache hits and 62 partitioning cache hits
The partitioning cache has 0 tilings in it right now
The inferral cache has 19 tilings in it right now
There are 15 tilings in the search tree
Time taken so far is 0.15555262565612793 seconds

Doing depth 5
We had 1 inferral cache hits and 185 partitioning cache hits
The partitioning cache has 6 tilings in it right now
The inferral cache has 31 tilings in it right now
There are 24 tilings in the search tree
Time taken so far is 0.4182159900665283 seconds

Doing depth 6
We had 8 inferral cache hits and 880 partitioning cache hits
The partitioning cache has 9 tilings in it right now
The inferral cache has 56 tilings in it right now
There are 47 tilings in the search tree
Time taken so far is 1.3618671894073486 seconds

Doing depth 7
We had 8 inferral cache hits and 1143 partitioning cache hits
The partitioning cache has 4 tilings in it right now
The inferral cache has 81 tilings in it right now
There are 59 tilings in the search tree
Time taken so far is 2.69095778465271 seconds

Doing depth 8
We had 9 inferral cache hits and 3608 partitioning cache hits
The partitioning cache has 37 tilings in it right now
The inferral cache has 153 tilings in it right now
There are 115 tilings in the search tree
Time taken so far is 13.160941362380981 seconds

Now processing 0123_2301
Doing depth 1
We had 0 inferral cache hits and 0 partitioning cache hits
The partitioning cache has 0 tilings in it right now
The inferral cache has 4 tilings in it right now
There are 4 tilings in the search tree
Time taken so far is 0.010591506958007812 seconds

Doing depth 2
We had 0 inferral cache hits and 13 partitioning cache hits
The partitioning cache has 2 tilings in it right now
The inferral cache has 8 tilings in it right now
There are 8 tilings in the search tree
Time taken so far is 0.051682472229003906 seconds

Doing depth 3
We had 1 inferral cache hits and 46 partitioning cache hits
The partitioning cache has 1 tilings in it right now
The inferral cache has 15 tilings in it right now
There are 13 tilings in the search tree
Time taken so far is 0.10738873481750488 seconds

Doing depth 4
We had 1 inferral cache hits and 62 partitioning cache hits
The partitioning cache has 0 tilings in it right now
The inferral cache has 19 tilings in it right now
There are 15 tilings in the search tree
Time taken so far is 0.13675642013549805 seconds

Doing depth 5
We had 1 inferral cache hits and 195 partitioning cache hits
The partitioning cache has 7 tilings in it right now
The inferral cache has 27 tilings in it right now
There are 23 tilings in the search tree
Time taken so far is 0.38242530822753906 seconds

Doing depth 6
We had 7 inferral cache hits and 561 partitioning cache hits
The partitioning cache has 5 tilings in it right now
The inferral cache has 38 tilings in it right now
There are 38 tilings in the search tree
Time taken so far is 0.9383180141448975 seconds

Doing depth 7
We had 7 inferral cache hits and 868 partitioning cache hits
The partitioning cache has 2 tilings in it right now
The inferral cache has 63 tilings in it right now
There are 53 tilings in the search tree
Time taken so far is 1.9990925788879395 seconds

Doing depth 8
We had 8 inferral cache hits and 3606 partitioning cache hits
The partitioning cache has 36 tilings in it right now
The inferral cache has 113 tilings in it right now
There are 116 tilings in the search tree
Time taken so far is 7.6725850105285645 seconds

Now processing 0132_0213
Doing depth 1
We had 0 inferral cache hits and 0 partitioning cache hits
The partitioning cache has 0 tilings in it right now
The inferral cache has 4 tilings in it right now
There are 4 tilings in the search tree
Time taken so far is 0.01905965805053711 seconds

Doing depth 2
We had 0 inferral cache hits and 17 partitioning cache hits
The partitioning cache has 2 tilings in it right now
The inferral cache has 8 tilings in it right now
There are 10 tilings in the search tree
Time taken so far is 0.08310556411743164 seconds

Doing depth 3
We had 1 inferral cache hits and 68 partitioning cache hits
The partitioning cache has 1 tilings in it right now
The inferral cache has 16 tilings in it right now
There are 17 tilings in the search tree
Time taken so far is 0.22217750549316406 seconds

Doing depth 4
We had 1 inferral cache hits and 95 partitioning cache hits
The partitioning cache has 0 tilings in it right now
The inferral cache has 20 tilings in it right now
There are 20 tilings in the search tree
Time taken so far is 0.49892687797546387 seconds

Doing depth 5
We had 1 inferral cache hits and 257 partitioning cache hits
The partitioning cache has 8 tilings in it right now
The inferral cache has 28 tilings in it right now
There are 29 tilings in the search tree
Time taken so far is 0.9971277713775635 seconds

Doing depth 6
We had 9 inferral cache hits and 804 partitioning cache hits
The partitioning cache has 6 tilings in it right now
The inferral cache has 41 tilings in it right now
There are 47 tilings in the search tree
Time taken so far is 3.763686418533325 seconds

Doing depth 7
We had 9 inferral cache hits and 1295 partitioning cache hits
The partitioning cache has 2 tilings in it right now
The inferral cache has 74 tilings in it right now
There are 67 tilings in the search tree
Time taken so far is 12.89399790763855 seconds

Doing depth 8
We had 9 inferral cache hits and 5018 partitioning cache hits
The partitioning cache has 40 tilings in it right now
The inferral cache has 128 tilings in it right now
There are 133 tilings in the search tree
Time taken so far is 33.047372817993164 seconds

Now processing 0132_0321
Doing depth 1
We had 0 inferral cache hits and 0 partitioning cache hits
The partitioning cache has 0 tilings in it right now
The inferral cache has 4 tilings in it right now
There are 4 tilings in the search tree
Time taken so far is 0.018407821655273438 seconds

Doing depth 2
We had 0 inferral cache hits and 17 partitioning cache hits
The partitioning cache has 2 tilings in it right now
The inferral cache has 8 tilings in it right now
There are 10 tilings in the search tree
Time taken so far is 0.08233499526977539 seconds

Doing depth 3
We had 1 inferral cache hits and 68 partitioning cache hits
The partitioning cache has 1 tilings in it right now
The inferral cache has 15 tilings in it right now
There are 17 tilings in the search tree
Time taken so far is 0.2223672866821289 seconds

Doing depth 4
We had 1 inferral cache hits and 95 partitioning cache hits
The partitioning cache has 0 tilings in it right now
The inferral cache has 19 tilings in it right now
There are 20 tilings in the search tree
Time taken so far is 0.5346965789794922 seconds

Doing depth 5
We had 1 inferral cache hits and 275 partitioning cache hits
The partitioning cache has 8 tilings in it right now
The inferral cache has 27 tilings in it right now
There are 30 tilings in the search tree
Time taken so far is 1.049452781677246 seconds

Doing depth 6
We had 9 inferral cache hits and 862 partitioning cache hits
The partitioning cache has 6 tilings in it right now
The inferral cache has 39 tilings in it right now
There are 50 tilings in the search tree
Time taken so far is 4.6995086669921875 seconds

Doing depth 7
We had 9 inferral cache hits and 1369 partitioning cache hits
The partitioning cache has 4 tilings in it right now
The inferral cache has 67 tilings in it right now
There are 70 tilings in the search tree
Time taken so far is 15.384361267089844 seconds

Doing depth 8
We had 9 inferral cache hits and 5822 partitioning cache hits
The partitioning cache has 44 tilings in it right now
The inferral cache has 125 tilings in it right now
There are 140 tilings in the search tree
Time taken so far is 35.85038471221924 seconds

Now processing 0132_1023
Doing depth 1
We had 0 inferral cache hits and 0 partitioning cache hits
The partitioning cache has 0 tilings in it right now
The inferral cache has 4 tilings in it right now
There are 4 tilings in the search tree
Time taken so far is 0.013294219970703125 seconds

Doing depth 2
We had 0 inferral cache hits and 13 partitioning cache hits
The partitioning cache has 2 tilings in it right now
The inferral cache has 8 tilings in it right now
There are 8 tilings in the search tree
Time taken so far is 0.058948516845703125 seconds

Doing depth 3
We had 1 inferral cache hits and 46 partitioning cache hits
The partitioning cache has 1 tilings in it right now
The inferral cache has 15 tilings in it right now
There are 13 tilings in the search tree
Time taken so far is 0.12209367752075195 seconds

Doing depth 4
We had 1 inferral cache hits and 62 partitioning cache hits
The partitioning cache has 0 tilings in it right now
The inferral cache has 19 tilings in it right now
There are 15 tilings in the search tree
Time taken so far is 0.15555572509765625 seconds

Doing depth 5
We had 1 inferral cache hits and 221 partitioning cache hits
The partitioning cache has 8 tilings in it right now
The inferral cache has 27 tilings in it right now
There are 25 tilings in the search tree
Time taken so far is 0.6269867420196533 seconds

Doing depth 6
We had 9 inferral cache hits and 682 partitioning cache hits
The partitioning cache has 6 tilings in it right now
The inferral cache has 38 tilings in it right now
There are 42 tilings in the search tree
Time taken so far is 2.747817039489746 seconds

Doing depth 7
We had 9 inferral cache hits and 1074 partitioning cache hits
The partitioning cache has 5 tilings in it right now
The inferral cache has 69 tilings in it right now
There are 61 tilings in the search tree
Time taken so far is 9.34854531288147 seconds

Doing depth 8
We had 9 inferral cache hits and 5191 partitioning cache hits
The partitioning cache has 38 tilings in it right now
The inferral cache has 130 tilings in it right now
There are 149 tilings in the search tree
Time taken so far is 26.206780672073364 seconds

Now processing 0132_1032
Doing depth 1
We had 0 inferral cache hits and 0 partitioning cache hits
The partitioning cache has 0 tilings in it right now
The inferral cache has 4 tilings in it right now
There are 4 tilings in the search tree
Time taken so far is 0.012317895889282227 seconds

Doing depth 2
We had 0 inferral cache hits and 13 partitioning cache hits
The partitioning cache has 2 tilings in it right now
The inferral cache has 8 tilings in it right now
There are 8 tilings in the search tree
Time taken so far is 0.05584859848022461 seconds

Doing depth 3
We had 1 inferral cache hits and 46 partitioning cache hits
The partitioning cache has 1 tilings in it right now
The inferral cache has 15 tilings in it right now
There are 13 tilings in the search tree
Time taken so far is 0.11732339859008789 seconds

Doing depth 4
We had 1 inferral cache hits and 62 partitioning cache hits
The partitioning cache has 0 tilings in it right now
The inferral cache has 19 tilings in it right now
There are 15 tilings in the search tree
Time taken so far is 0.15176153182983398 seconds

Doing depth 5
We had 1 inferral cache hits and 225 partitioning cache hits
The partitioning cache has 8 tilings in it right now
The inferral cache has 27 tilings in it right now
There are 26 tilings in the search tree
Time taken so far is 0.6897692680358887 seconds

Doing depth 6
We had 9 inferral cache hits and 722 partitioning cache hits
The partitioning cache has 6 tilings in it right now
The inferral cache has 39 tilings in it right now
There are 46 tilings in the search tree
Time taken so far is 4.475297451019287 seconds

Doing depth 7
We had 9 inferral cache hits and 1150 partitioning cache hits
The partitioning cache has 5 tilings in it right now
The inferral cache has 67 tilings in it right now
There are 64 tilings in the search tree
Time taken so far is 15.901461601257324 seconds

Doing depth 8
We had 9 inferral cache hits and 4777 partitioning cache hits
The partitioning cache has 42 tilings in it right now
The inferral cache has 122 tilings in it right now
There are 126 tilings in the search tree
Time taken so far is 33.66823959350586 seconds

Now processing 0132_1203
Doing depth 1
We had 0 inferral cache hits and 0 partitioning cache hits
The partitioning cache has 0 tilings in it right now
The inferral cache has 4 tilings in it right now
There are 4 tilings in the search tree
Time taken so far is 0.012858390808105469 seconds

Doing depth 2
We had 0 inferral cache hits and 13 partitioning cache hits
The partitioning cache has 2 tilings in it right now
The inferral cache has 8 tilings in it right now
There are 8 tilings in the search tree
Time taken so far is 0.060349225997924805 seconds

Doing depth 3
We had 1 inferral cache hits and 46 partitioning cache hits
The partitioning cache has 1 tilings in it right now
The inferral cache has 15 tilings in it right now
There are 13 tilings in the search tree
Time taken so far is 0.1256422996520996 seconds

Doing depth 4
We had 1 inferral cache hits and 62 partitioning cache hits
The partitioning cache has 0 tilings in it right now
The inferral cache has 19 tilings in it right now
There are 15 tilings in the search tree
Time taken so far is 0.15894556045532227 seconds

Doing depth 5
We had 1 inferral cache hits and 185 partitioning cache hits
The partitioning cache has 7 tilings in it right now
The inferral cache has 30 tilings in it right now
There are 24 tilings in the search tree
Time taken so far is 0.43764781951904297 seconds

Doing depth 6
We had 7 inferral cache hits and 522 partitioning cache hits
The partitioning cache has 5 tilings in it right now
The inferral cache has 50 tilings in it right now
There are 38 tilings in the search tree
Time taken so far is 1.1019654273986816 seconds

Doing depth 7
We had 7 inferral cache hits and 785 partitioning cache hits
The partitioning cache has 0 tilings in it right now
The inferral cache has 76 tilings in it right now
There are 50 tilings in the search tree
Time taken so far is 2.3225677013397217 seconds

Doing depth 8
We had 7 inferral cache hits and 3276 partitioning cache hits
The partitioning cache has 34 tilings in it right now
The inferral cache has 153 tilings in it right now
There are 113 tilings in the search tree
Time taken so far is 14.67392873764038 seconds

Now processing 0132_1230
Doing depth 1
We had 0 inferral cache hits and 0 partitioning cache hits
The partitioning cache has 0 tilings in it right now
The inferral cache has 4 tilings in it right now
There are 4 tilings in the search tree
Time taken so far is 0.010155439376831055 seconds

Doing depth 2
We had 0 inferral cache hits and 13 partitioning cache hits
The partitioning cache has 2 tilings in it right now
The inferral cache has 8 tilings in it right now
There are 8 tilings in the search tree
Time taken so far is 0.049422264099121094 seconds

Doing depth 3
We had 1 inferral cache hits and 46 partitioning cache hits
The partitioning cache has 1 tilings in it right now
The inferral cache has 15 tilings in it right now
There are 13 tilings in the search tree
Time taken so far is 0.10695838928222656 seconds

Doing depth 4
We had 1 inferral cache hits and 62 partitioning cache hits
The partitioning cache has 0 tilings in it right now
The inferral cache has 19 tilings in it right now
There are 15 tilings in the search tree
Time taken so far is 0.1350104808807373 seconds

Doing depth 5
We had 1 inferral cache hits and 185 partitioning cache hits
The partitioning cache has 6 tilings in it right now
The inferral cache has 31 tilings in it right now
There are 24 tilings in the search tree
Time taken so far is 0.36153507232666016 seconds

Doing depth 6
We had 6 inferral cache hits and 528 partitioning cache hits
The partitioning cache has 4 tilings in it right now
The inferral cache has 53 tilings in it right now
There are 38 tilings in the search tree
Time taken so far is 1.123868703842163 seconds

Doing depth 7
We had 6 inferral cache hits and 790 partitioning cache hits
The partitioning cache has 0 tilings in it right now
The inferral cache has 80 tilings in it right now
There are 50 tilings in the search tree
Time taken so far is 2.4756743907928467 seconds

Doing depth 8
We had 6 inferral cache hits and 3404 partitioning cache hits
The partitioning cache has 29 tilings in it right now
The inferral cache has 171 tilings in it right now
There are 118 tilings in the search tree
Time taken so far is 17.22602152824402 seconds

Now processing 0132_1320
Doing depth 1
We had 0 inferral cache hits and 0 partitioning cache hits
The partitioning cache has 0 tilings in it right now
The inferral cache has 4 tilings in it right now
There are 4 tilings in the search tree
Time taken so far is 0.012622356414794922 seconds

Doing depth 2
We had 0 inferral cache hits and 13 partitioning cache hits
The partitioning cache has 2 tilings in it right now
The inferral cache has 8 tilings in it right now
There are 8 tilings in the search tree
Time taken so far is 0.05816316604614258 seconds

Doing depth 3
We had 1 inferral cache hits and 46 partitioning cache hits
The partitioning cache has 1 tilings in it right now
The inferral cache has 15 tilings in it right now
There are 13 tilings in the search tree
Time taken so far is 0.11959624290466309 seconds

Doing depth 4
We had 1 inferral cache hits and 62 partitioning cache hits
The partitioning cache has 0 tilings in it right now
The inferral cache has 19 tilings in it right now
There are 15 tilings in the search tree
Time taken so far is 0.1550581455230713 seconds

Doing depth 5
We had 1 inferral cache hits and 186 partitioning cache hits
The partitioning cache has 6 tilings in it right now
The inferral cache has 31 tilings in it right now
There are 24 tilings in the search tree
Time taken so far is 0.5777466297149658 seconds

Doing depth 6
We had 10 inferral cache hits and 908 partitioning cache hits
The partitioning cache has 7 tilings in it right now
The inferral cache has 58 tilings in it right now
There are 51 tilings in the search tree
Time taken so far is 1.6117265224456787 seconds

Doing depth 7
We had 22 inferral cache hits and 4066 partitioning cache hits
The partitioning cache has 12 tilings in it right now
The inferral cache has 126 tilings in it right now
There are 126 tilings in the search tree
Time taken so far is 4.321229457855225 seconds

Doing depth 8
We had 51 inferral cache hits and 20515 partitioning cache hits
The partitioning cache has 50 tilings in it right now
The inferral cache has 289 tilings in it right now
There are 347 tilings in the search tree
Time taken so far is 23.49927592277527 seconds

Now processing 0132_2301
Doing depth 1
We had 0 inferral cache hits and 0 partitioning cache hits
The partitioning cache has 0 tilings in it right now
The inferral cache has 4 tilings in it right now
There are 4 tilings in the search tree
Time taken so far is 0.011026620864868164 seconds

Doing depth 2
We had 0 inferral cache hits and 13 partitioning cache hits
The partitioning cache has 2 tilings in it right now
The inferral cache has 8 tilings in it right now
There are 8 tilings in the search tree
Time taken so far is 0.052530527114868164 seconds

Doing depth 3
We had 1 inferral cache hits and 46 partitioning cache hits
The partitioning cache has 1 tilings in it right now
The inferral cache has 15 tilings in it right now
There are 13 tilings in the search tree
Time taken so far is 0.1084585189819336 seconds

Doing depth 4
We had 1 inferral cache hits and 62 partitioning cache hits
The partitioning cache has 0 tilings in it right now
The inferral cache has 19 tilings in it right now
There are 15 tilings in the search tree
Time taken so far is 0.13936829566955566 seconds

Doing depth 5
We had 1 inferral cache hits and 195 partitioning cache hits
The partitioning cache has 7 tilings in it right now
The inferral cache has 27 tilings in it right now
There are 23 tilings in the search tree
Time taken so far is 0.4293990135192871 seconds

Doing depth 6
We had 7 inferral cache hits and 561 partitioning cache hits
The partitioning cache has 5 tilings in it right now
The inferral cache has 38 tilings in it right now
There are 38 tilings in the search tree
Time taken so far is 1.0011076927185059 seconds

Doing depth 7
We had 7 inferral cache hits and 868 partitioning cache hits
The partitioning cache has 2 tilings in it right now
The inferral cache has 63 tilings in it right now
There are 53 tilings in the search tree
Time taken so far is 2.0805301666259766 seconds

Doing depth 8
We had 8 inferral cache hits and 3798 partitioning cache hits
The partitioning cache has 36 tilings in it right now
The inferral cache has 114 tilings in it right now
There are 118 tilings in the search tree
Time taken so far is 10.773701190948486 seconds

Now processing 0132_3120
Doing depth 1
We had 0 inferral cache hits and 0 partitioning cache hits
The partitioning cache has 0 tilings in it right now
The inferral cache has 4 tilings in it right now
There are 4 tilings in the search tree
Time taken so far is 0.00801706314086914 seconds

Doing depth 2
We had 0 inferral cache hits and 17 partitioning cache hits
The partitioning cache has 2 tilings in it right now
The inferral cache has 8 tilings in it right now
There are 10 tilings in the search tree
Time taken so far is 0.04121518135070801 seconds

Doing depth 3
We had 1 inferral cache hits and 68 partitioning cache hits
The partitioning cache has 1 tilings in it right now
The inferral cache has 16 tilings in it right now
There are 17 tilings in the search tree
Time taken so far is 0.14241695404052734 seconds

Doing depth 4
We had 1 inferral cache hits and 95 partitioning cache hits
The partitioning cache has 0 tilings in it right now
The inferral cache has 20 tilings in it right now
There are 20 tilings in the search tree
Time taken so far is 0.3693203926086426 seconds

Doing depth 5
We had 1 inferral cache hits and 230 partitioning cache hits
The partitioning cache has 8 tilings in it right now
The inferral cache has 28 tilings in it right now
There are 28 tilings in the search tree
Time taken so far is 0.6738119125366211 seconds

Doing depth 6
We had 9 inferral cache hits and 685 partitioning cache hits
The partitioning cache has 6 tilings in it right now
The inferral cache has 41 tilings in it right now
There are 44 tilings in the search tree
Time taken so far is 1.3617711067199707 seconds

Doing depth 7
We had 9 inferral cache hits and 1099 partitioning cache hits
The partitioning cache has 2 tilings in it right now
The inferral cache has 72 tilings in it right now
There are 62 tilings in the search tree
Time taken so far is 2.794039487838745 seconds

Doing depth 8
We had 9 inferral cache hits and 4587 partitioning cache hits
The partitioning cache has 41 tilings in it right now
The inferral cache has 154 tilings in it right now
There are 138 tilings in the search tree
Time taken so far is 12.849134922027588 seconds

Now processing 0213_0321
Doing depth 1
We had 0 inferral cache hits and 0 partitioning cache hits
The partitioning cache has 0 tilings in it right now
The inferral cache has 4 tilings in it right now
There are 4 tilings in the search tree
Time taken so far is 0.01877593994140625 seconds

Doing depth 2
We had 0 inferral cache hits and 17 partitioning cache hits
The partitioning cache has 2 tilings in it right now
The inferral cache has 8 tilings in it right now
There are 10 tilings in the search tree
Time taken so far is 0.0816640853881836 seconds

Doing depth 3
We had 1 inferral cache hits and 68 partitioning cache hits
The partitioning cache has 1 tilings in it right now
The inferral cache has 16 tilings in it right now
There are 17 tilings in the search tree
Time taken so far is 0.24315237998962402 seconds

Doing depth 4
We had 1 inferral cache hits and 95 partitioning cache hits
The partitioning cache has 0 tilings in it right now
The inferral cache has 20 tilings in it right now
There are 20 tilings in the search tree
Time taken so far is 0.5178406238555908 seconds

Doing depth 5
We had 1 inferral cache hits and 257 partitioning cache hits
The partitioning cache has 7 tilings in it right now
The inferral cache has 29 tilings in it right now
There are 29 tilings in the search tree
Time taken so far is 1.0225296020507812 seconds

Doing depth 6
We had 9 inferral cache hits and 803 partitioning cache hits
The partitioning cache has 5 tilings in it right now
The inferral cache has 43 tilings in it right now
There are 47 tilings in the search tree
Time taken so far is 3.9600887298583984 seconds

Doing depth 7
We had 9 inferral cache hits and 1293 partitioning cache hits
The partitioning cache has 2 tilings in it right now
The inferral cache has 76 tilings in it right now
There are 67 tilings in the search tree
Time taken so far is 13.163805961608887 seconds

Doing depth 8
We had 9 inferral cache hits and 4997 partitioning cache hits
The partitioning cache has 38 tilings in it right now
The inferral cache has 140 tilings in it right now
There are 130 tilings in the search tree
Time taken so far is 32.08270478248596 seconds

Now processing 0213_1230
Doing depth 1
We had 0 inferral cache hits and 0 partitioning cache hits
The partitioning cache has 0 tilings in it right now
The inferral cache has 4 tilings in it right now
There are 4 tilings in the search tree
Time taken so far is 0.012311697006225586 seconds

Doing depth 2
We had 0 inferral cache hits and 13 partitioning cache hits
The partitioning cache has 2 tilings in it right now
The inferral cache has 8 tilings in it right now
There are 8 tilings in the search tree
Time taken so far is 0.0565028190612793 seconds

Doing depth 3
We had 1 inferral cache hits and 46 partitioning cache hits
The partitioning cache has 1 tilings in it right now
The inferral cache has 15 tilings in it right now
There are 13 tilings in the search tree
Time taken so far is 0.1477339267730713 seconds

Doing depth 4
We had 1 inferral cache hits and 62 partitioning cache hits
The partitioning cache has 1 tilings in it right now
The inferral cache has 18 tilings in it right now
There are 15 tilings in the search tree
Time taken so far is 0.1850297451019287 seconds

Doing depth 5
We had 1 inferral cache hits and 210 partitioning cache hits
The partitioning cache has 5 tilings in it right now
The inferral cache has 39 tilings in it right now
There are 27 tilings in the search tree
Time taken so far is 0.5514745712280273 seconds

Doing depth 6
We had 15 inferral cache hits and 3718 partitioning cache hits
The partitioning cache has 18 tilings in it right now
The inferral cache has 125 tilings in it right now
There are 87 tilings in the search tree
Time taken so far is 3.0544116497039795 seconds

Doing depth 7
We had 15 inferral cache hits and 3921 partitioning cache hits
The partitioning cache has 18 tilings in it right now
The inferral cache has 144 tilings in it right now
There are 97 tilings in the search tree
Time taken so far is 4.201346158981323 seconds

Doing depth 8
We had 17 inferral cache hits and 7235 partitioning cache hits
The partitioning cache has 44 tilings in it right now
The inferral cache has 247 tilings in it right now
There are 163 tilings in the search tree
Time taken so far is 11.608914136886597 seconds

Now processing 0213_1320
Doing depth 1
We had 0 inferral cache hits and 0 partitioning cache hits
The partitioning cache has 0 tilings in it right now
The inferral cache has 4 tilings in it right now
There are 4 tilings in the search tree
Time taken so far is 0.012818336486816406 seconds

Doing depth 2
We had 0 inferral cache hits and 13 partitioning cache hits
The partitioning cache has 2 tilings in it right now
The inferral cache has 8 tilings in it right now
There are 8 tilings in the search tree
Time taken so far is 0.0609588623046875 seconds

Doing depth 3
We had 1 inferral cache hits and 46 partitioning cache hits
The partitioning cache has 1 tilings in it right now
The inferral cache has 15 tilings in it right now
There are 13 tilings in the search tree
Time taken so far is 0.12630987167358398 seconds

Doing depth 4
We had 1 inferral cache hits and 62 partitioning cache hits
The partitioning cache has 0 tilings in it right now
The inferral cache has 19 tilings in it right now
There are 15 tilings in the search tree
Time taken so far is 0.16300725936889648 seconds

Doing depth 5
We had 1 inferral cache hits and 236 partitioning cache hits
The partitioning cache has 7 tilings in it right now
The inferral cache has 32 tilings in it right now
There are 27 tilings in the search tree
Time taken so far is 0.5492031574249268 seconds

Doing depth 6
We had 11 inferral cache hits and 2074 partitioning cache hits
The partitioning cache has 12 tilings in it right now
The inferral cache has 73 tilings in it right now
There are 76 tilings in the search tree
Time taken so far is 2.7989730834960938 seconds

Doing depth 7
We had 25 inferral cache hits and 24203 partitioning cache hits
The partitioning cache has 26 tilings in it right now
The inferral cache has 195 tilings in it right now
There are 245 tilings in the search tree
Time taken so far is 17.640815258026123 seconds

Doing depth 8
We had 130 inferral cache hits and 651147 partitioning cache hits
The partitioning cache has 129 tilings in it right now
The inferral cache has 730 tilings in it right now
There are 1174 tilings in the search tree
Time taken so far is 225.72533655166626 seconds

Now processing 0213_2301
Doing depth 1
We had 0 inferral cache hits and 0 partitioning cache hits
The partitioning cache has 0 tilings in it right now
The inferral cache has 4 tilings in it right now
There are 4 tilings in the search tree
Time taken so far is 0.01342463493347168 seconds

Doing depth 2
We had 0 inferral cache hits and 13 partitioning cache hits
The partitioning cache has 2 tilings in it right now
The inferral cache has 8 tilings in it right now
There are 8 tilings in the search tree
Time taken so far is 0.06298279762268066 seconds

Doing depth 3
We had 1 inferral cache hits and 46 partitioning cache hits
The partitioning cache has 1 tilings in it right now
The inferral cache has 15 tilings in it right now
There are 13 tilings in the search tree
Time taken so far is 0.1289536952972412 seconds

Doing depth 4
We had 1 inferral cache hits and 62 partitioning cache hits
The partitioning cache has 0 tilings in it right now
The inferral cache has 19 tilings in it right now
There are 15 tilings in the search tree
Time taken so far is 0.16611599922180176 seconds

Doing depth 5
We had 1 inferral cache hits and 194 partitioning cache hits
The partitioning cache has 7 tilings in it right now
The inferral cache has 28 tilings in it right now
There are 23 tilings in the search tree
Time taken so far is 0.4015493392944336 seconds

Doing depth 6
We had 9 inferral cache hits and 621 partitioning cache hits
The partitioning cache has 5 tilings in it right now
The inferral cache has 40 tilings in it right now
There are 38 tilings in the search tree
Time taken so far is 0.9507639408111572 seconds

Doing depth 7
We had 10 inferral cache hits and 1031 partitioning cache hits
The partitioning cache has 8 tilings in it right now
The inferral cache has 73 tilings in it right now
There are 58 tilings in the search tree
Time taken so far is 2.3939449787139893 seconds

Doing depth 8
We had 39 inferral cache hits and 37751 partitioning cache hits
The partitioning cache has 45 tilings in it right now
The inferral cache has 204 tilings in it right now
There are 304 tilings in the search tree
Time taken so far is 16.46208667755127 seconds

Now processing 0213_3120
Doing depth 1
We had 0 inferral cache hits and 0 partitioning cache hits
The partitioning cache has 0 tilings in it right now
The inferral cache has 4 tilings in it right now
There are 4 tilings in the search tree
Time taken so far is 0.015408039093017578 seconds

Doing depth 2
We had 0 inferral cache hits and 17 partitioning cache hits
The partitioning cache has 2 tilings in it right now
The inferral cache has 8 tilings in it right now
There are 10 tilings in the search tree
Time taken so far is 0.07226824760437012 seconds

Doing depth 3
We had 1 inferral cache hits and 68 partitioning cache hits
The partitioning cache has 1 tilings in it right now
The inferral cache has 17 tilings in it right now
There are 17 tilings in the search tree
Time taken so far is 0.19066071510314941 seconds

Doing depth 4
We had 1 inferral cache hits and 95 partitioning cache hits
The partitioning cache has 0 tilings in it right now
The inferral cache has 21 tilings in it right now
There are 20 tilings in the search tree
Time taken so far is 0.42710256576538086 seconds

Doing depth 5
We had 1 inferral cache hits and 227 partitioning cache hits
The partitioning cache has 6 tilings in it right now
The inferral cache has 31 tilings in it right now
There are 28 tilings in the search tree
Time taken so far is 0.6339964866638184 seconds

Doing depth 6
We had 7 inferral cache hits and 677 partitioning cache hits
The partitioning cache has 6 tilings in it right now
The inferral cache has 47 tilings in it right now
There are 42 tilings in the search tree
Time taken so far is 1.551492691040039 seconds

Doing depth 7
We had 7 inferral cache hits and 1077 partitioning cache hits
The partitioning cache has 0 tilings in it right now
The inferral cache has 79 tilings in it right now
There are 58 tilings in the search tree
Time taken so far is 3.2294435501098633 seconds

Doing depth 8
We had 9 inferral cache hits and 3903 partitioning cache hits
The partitioning cache has 38 tilings in it right now
The inferral cache has 169 tilings in it right now
There are 130 tilings in the search tree
Time taken so far is 10.078386783599854 seconds

Now processing 0231_0312
Doing depth 1
We had 0 inferral cache hits and 0 partitioning cache hits
The partitioning cache has 0 tilings in it right now
The inferral cache has 4 tilings in it right now
There are 4 tilings in the search tree
Time taken so far is 0.01795482635498047 seconds

Doing depth 2
We had 0 inferral cache hits and 17 partitioning cache hits
The partitioning cache has 2 tilings in it right now
The inferral cache has 8 tilings in it right now
There are 10 tilings in the search tree
Time taken so far is 0.08124828338623047 seconds

Doing depth 3
We had 1 inferral cache hits and 68 partitioning cache hits
The partitioning cache has 1 tilings in it right now
The inferral cache has 16 tilings in it right now
There are 17 tilings in the search tree
Time taken so far is 0.22052502632141113 seconds

Doing depth 4
We had 1 inferral cache hits and 95 partitioning cache hits
The partitioning cache has 0 tilings in it right now
The inferral cache has 20 tilings in it right now
There are 20 tilings in the search tree
Time taken so far is 0.4990224838256836 seconds

Doing depth 5
We had 1 inferral cache hits and 257 partitioning cache hits
The partitioning cache has 8 tilings in it right now
The inferral cache has 28 tilings in it right now
There are 29 tilings in the search tree
Time taken so far is 0.992431640625 seconds

Doing depth 6
We had 9 inferral cache hits and 804 partitioning cache hits
The partitioning cache has 6 tilings in it right now
The inferral cache has 41 tilings in it right now
There are 47 tilings in the search tree
Time taken so far is 3.8897247314453125 seconds

Doing depth 7
We had 9 inferral cache hits and 1295 partitioning cache hits
The partitioning cache has 2 tilings in it right now
The inferral cache has 73 tilings in it right now
There are 67 tilings in the search tree
Time taken so far is 13.216228485107422 seconds

Doing depth 8
We had 9 inferral cache hits and 5242 partitioning cache hits
The partitioning cache has 41 tilings in it right now
The inferral cache has 127 tilings in it right now
There are 136 tilings in the search tree
Time taken so far is 33.992737770080566 seconds

Now processing 0231_0321
Doing depth 1
We had 0 inferral cache hits and 0 partitioning cache hits
The partitioning cache has 0 tilings in it right now
The inferral cache has 4 tilings in it right now
There are 4 tilings in the search tree
Time taken so far is 0.018709182739257812 seconds

Doing depth 2
We had 0 inferral cache hits and 17 partitioning cache hits
The partitioning cache has 2 tilings in it right now
The inferral cache has 8 tilings in it right now
There are 10 tilings in the search tree
Time taken so far is 0.08135294914245605 seconds

Doing depth 3
We had 1 inferral cache hits and 68 partitioning cache hits
The partitioning cache has 1 tilings in it right now
The inferral cache has 16 tilings in it right now
There are 17 tilings in the search tree
Time taken so far is 0.20226764678955078 seconds

Doing depth 4
We had 1 inferral cache hits and 95 partitioning cache hits
The partitioning cache has 0 tilings in it right now
The inferral cache has 20 tilings in it right now
There are 20 tilings in the search tree
Time taken so far is 0.43229174613952637 seconds

Doing depth 5
We had 1 inferral cache hits and 257 partitioning cache hits
The partitioning cache has 8 tilings in it right now
The inferral cache has 28 tilings in it right now
There are 29 tilings in the search tree
Time taken so far is 0.9374945163726807 seconds

Doing depth 6
We had 9 inferral cache hits and 804 partitioning cache hits
The partitioning cache has 6 tilings in it right now
The inferral cache has 41 tilings in it right now
There are 47 tilings in the search tree
Time taken so far is 3.7332959175109863 seconds

Doing depth 7
We had 9 inferral cache hits and 1295 partitioning cache hits
The partitioning cache has 2 tilings in it right now
The inferral cache has 74 tilings in it right now
There are 67 tilings in the search tree
Time taken so far is 12.921830654144287 seconds

Doing depth 8
We had 9 inferral cache hits and 5233 partitioning cache hits
The partitioning cache has 40 tilings in it right now
The inferral cache has 129 tilings in it right now
There are 137 tilings in the search tree
Time taken so far is 33.318084955215454 seconds

Now processing 0231_1203
Doing depth 1
We had 0 inferral cache hits and 0 partitioning cache hits
The partitioning cache has 0 tilings in it right now
The inferral cache has 4 tilings in it right now
There are 4 tilings in the search tree
Time taken so far is 0.012712717056274414 seconds

Doing depth 2
We had 0 inferral cache hits and 13 partitioning cache hits
The partitioning cache has 2 tilings in it right now
The inferral cache has 8 tilings in it right now
There are 8 tilings in the search tree
Time taken so far is 0.05723285675048828 seconds

Doing depth 3
We had 1 inferral cache hits and 46 partitioning cache hits
The partitioning cache has 1 tilings in it right now
The inferral cache has 15 tilings in it right now
There are 13 tilings in the search tree
Time taken so far is 0.11922574043273926 seconds

Doing depth 4
We had 1 inferral cache hits and 62 partitioning cache hits
The partitioning cache has 1 tilings in it right now
The inferral cache has 18 tilings in it right now
There are 15 tilings in the search tree
Time taken so far is 0.15223240852355957 seconds

Doing depth 5
We had 1 inferral cache hits and 210 partitioning cache hits
The partitioning cache has 6 tilings in it right now
The inferral cache has 37 tilings in it right now
There are 27 tilings in the search tree
Time taken so far is 0.6375236511230469 seconds

Doing depth 6
We had 6 inferral cache hits and 569 partitioning cache hits
The partitioning cache has 4 tilings in it right now
The inferral cache has 68 tilings in it right now
There are 44 tilings in the search tree
Time taken so far is 2.13554048538208 seconds

Doing depth 7
We had 6 inferral cache hits and 772 partitioning cache hits
The partitioning cache has 4 tilings in it right now
The inferral cache has 86 tilings in it right now
There are 54 tilings in the search tree
Time taken so far is 3.3599395751953125 seconds

Doing depth 8
We had 10 inferral cache hits and 4946 partitioning cache hits
The partitioning cache has 27 tilings in it right now
The inferral cache has 168 tilings in it right now
There are 127 tilings in the search tree
Time taken so far is 11.70679521560669 seconds

Now processing 0231_1230
Doing depth 1
We had 0 inferral cache hits and 0 partitioning cache hits
The partitioning cache has 0 tilings in it right now
The inferral cache has 4 tilings in it right now
There are 4 tilings in the search tree
Time taken so far is 0.011629819869995117 seconds

Doing depth 2
We had 0 inferral cache hits and 13 partitioning cache hits
The partitioning cache has 2 tilings in it right now
The inferral cache has 8 tilings in it right now
There are 8 tilings in the search tree
Time taken so far is 0.08836102485656738 seconds

Doing depth 3
We had 1 inferral cache hits and 46 partitioning cache hits
The partitioning cache has 1 tilings in it right now
The inferral cache has 15 tilings in it right now
There are 13 tilings in the search tree
Time taken so far is 0.14435029029846191 seconds

Doing depth 4
We had 1 inferral cache hits and 62 partitioning cache hits
The partitioning cache has 0 tilings in it right now
The inferral cache has 19 tilings in it right now
There are 15 tilings in the search tree
Time taken so far is 0.17976069450378418 seconds

Doing depth 5
We had 1 inferral cache hits and 254 partitioning cache hits
The partitioning cache has 6 tilings in it right now
The inferral cache has 31 tilings in it right now
There are 29 tilings in the search tree
Time taken so far is 0.8100426197052002 seconds

Doing depth 6
We had 9 inferral cache hits and 1506 partitioning cache hits
The partitioning cache has 6 tilings in it right now
The inferral cache has 64 tilings in it right now
There are 71 tilings in the search tree
Time taken so far is 6.308679819107056 seconds

Doing depth 7
We had 21 inferral cache hits and 29763 partitioning cache hits
The partitioning cache has 17 tilings in it right now
The inferral cache has 169 tilings in it right now
There are 257 tilings in the search tree
Time taken so far is 66.18945789337158 seconds

Doing depth 8
We had 126 inferral cache hits and 1710942 partitioning cache hits
The partitioning cache has 82 tilings in it right now
The inferral cache has 610 tilings in it right now
There are 1364 tilings in the search tree
Time taken so far is 2658.025481939316 seconds

Now processing 0231_2013
Doing depth 1
We had 0 inferral cache hits and 0 partitioning cache hits
The partitioning cache has 0 tilings in it right now
The inferral cache has 4 tilings in it right now
There are 4 tilings in the search tree
Time taken so far is 0.014013051986694336 seconds

Doing depth 2
We had 0 inferral cache hits and 13 partitioning cache hits
The partitioning cache has 2 tilings in it right now
The inferral cache has 8 tilings in it right now
There are 8 tilings in the search tree
Time taken so far is 0.06047630310058594 seconds

Doing depth 3
We had 1 inferral cache hits and 46 partitioning cache hits
The partitioning cache has 1 tilings in it right now
The inferral cache has 15 tilings in it right now
There are 13 tilings in the search tree
Time taken so far is 0.12455129623413086 seconds

Doing depth 4
We had 1 inferral cache hits and 62 partitioning cache hits
The partitioning cache has 1 tilings in it right now
The inferral cache has 18 tilings in it right now
There are 15 tilings in the search tree
Time taken so far is 0.1590735912322998 seconds

Doing depth 5
We had 1 inferral cache hits and 186 partitioning cache hits
The partitioning cache has 5 tilings in it right now
The inferral cache has 32 tilings in it right now
There are 24 tilings in the search tree
Time taken so far is 0.4196126461029053 seconds

Doing depth 6
We had 9 inferral cache hits and 865 partitioning cache hits
The partitioning cache has 9 tilings in it right now
The inferral cache has 70 tilings in it right now
There are 54 tilings in the search tree
Time taken so far is 2.7069027423858643 seconds

Doing depth 7
We had 13 inferral cache hits and 2899 partitioning cache hits
The partitioning cache has 18 tilings in it right now
The inferral cache has 109 tilings in it right now
There are 94 tilings in the search tree
Time taken so far is 13.653724193572998 seconds

Doing depth 8
We had 48 inferral cache hits and 21457 partitioning cache hits
The partitioning cache has 52 tilings in it right now
The inferral cache has 242 tilings in it right now
There are 249 tilings in the search tree
Time taken so far is 99.38589191436768 seconds

Now processing 0231_2031
Doing depth 1
We had 0 inferral cache hits and 0 partitioning cache hits
The partitioning cache has 0 tilings in it right now
The inferral cache has 4 tilings in it right now
There are 4 tilings in the search tree
Time taken so far is 0.013476371765136719 seconds

Doing depth 2
We had 0 inferral cache hits and 13 partitioning cache hits
The partitioning cache has 2 tilings in it right now
The inferral cache has 8 tilings in it right now
There are 8 tilings in the search tree
Time taken so far is 0.05869913101196289 seconds

Doing depth 3
We had 1 inferral cache hits and 46 partitioning cache hits
The partitioning cache has 1 tilings in it right now
The inferral cache has 15 tilings in it right now
There are 13 tilings in the search tree
Time taken so far is 0.12119269371032715 seconds

Doing depth 4
We had 1 inferral cache hits and 62 partitioning cache hits
The partitioning cache has 1 tilings in it right now
The inferral cache has 18 tilings in it right now
There are 15 tilings in the search tree
Time taken so far is 0.1571216583251953 seconds

Doing depth 5
We had 1 inferral cache hits and 186 partitioning cache hits
The partitioning cache has 7 tilings in it right now
The inferral cache has 29 tilings in it right now
There are 24 tilings in the search tree
Time taken so far is 0.46181607246398926 seconds

Doing depth 6
We had 7 inferral cache hits and 541 partitioning cache hits
The partitioning cache has 5 tilings in it right now
The inferral cache has 49 tilings in it right now
There are 38 tilings in the search tree
Time taken so far is 1.2892656326293945 seconds

Doing depth 7
We had 7 inferral cache hits and 827 partitioning cache hits
The partitioning cache has 5 tilings in it right now
The inferral cache has 70 tilings in it right now
There are 50 tilings in the search tree
Time taken so far is 3.0835390090942383 seconds

Doing depth 8
We had 7 inferral cache hits and 3016 partitioning cache hits
The partitioning cache has 35 tilings in it right now
The inferral cache has 135 tilings in it right now
There are 99 tilings in the search tree
Time taken so far is 11.78550100326538 seconds

Now processing 0231_2130
Doing depth 1
We had 0 inferral cache hits and 0 partitioning cache hits
The partitioning cache has 0 tilings in it right now
The inferral cache has 4 tilings in it right now
There are 4 tilings in the search tree
Time taken so far is 0.013221979141235352 seconds

Doing depth 2
We had 0 inferral cache hits and 13 partitioning cache hits
The partitioning cache has 2 tilings in it right now
The inferral cache has 8 tilings in it right now
There are 8 tilings in the search tree
Time taken so far is 0.062395572662353516 seconds

Doing depth 3
We had 1 inferral cache hits and 46 partitioning cache hits
The partitioning cache has 1 tilings in it right now
The inferral cache has 15 tilings in it right now
There are 13 tilings in the search tree
Time taken so far is 0.12923884391784668 seconds

Doing depth 4
We had 1 inferral cache hits and 62 partitioning cache hits
The partitioning cache has 1 tilings in it right now
The inferral cache has 18 tilings in it right now
There are 15 tilings in the search tree
Time taken so far is 0.1661696434020996 seconds

Doing depth 5
We had 1 inferral cache hits and 186 partitioning cache hits
The partitioning cache has 6 tilings in it right now
The inferral cache has 30 tilings in it right now
There are 24 tilings in the search tree
Time taken so far is 0.47515392303466797 seconds

Doing depth 6
We had 6 inferral cache hits and 592 partitioning cache hits
The partitioning cache has 5 tilings in it right now
The inferral cache has 56 tilings in it right now
There are 44 tilings in the search tree
Time taken so far is 2.246741771697998 seconds

Doing depth 7
We had 10 inferral cache hits and 2351 partitioning cache hits
The partitioning cache has 13 tilings in it right now
The inferral cache has 100 tilings in it right now
There are 91 tilings in the search tree
Time taken so far is 15.87866497039795 seconds

Doing depth 8
We had 45 inferral cache hits and 40876 partitioning cache hits
The partitioning cache has 50 tilings in it right now
The inferral cache has 268 tilings in it right now
There are 345 tilings in the search tree
Time taken so far is 430.0715579986572 seconds

Now processing 0231_2301
Doing depth 1
We had 0 inferral cache hits and 0 partitioning cache hits
The partitioning cache has 0 tilings in it right now
The inferral cache has 4 tilings in it right now
There are 4 tilings in the search tree
Time taken so far is 0.012783288955688477 seconds

Doing depth 2
We had 0 inferral cache hits and 13 partitioning cache hits
The partitioning cache has 2 tilings in it right now
The inferral cache has 8 tilings in it right now
There are 8 tilings in the search tree
Time taken so far is 0.058875322341918945 seconds

Doing depth 3
We had 1 inferral cache hits and 46 partitioning cache hits
The partitioning cache has 1 tilings in it right now
The inferral cache has 15 tilings in it right now
There are 13 tilings in the search tree
Time taken so far is 0.12180638313293457 seconds

Doing depth 4
We had 1 inferral cache hits and 62 partitioning cache hits
The partitioning cache has 0 tilings in it right now
The inferral cache has 19 tilings in it right now
There are 15 tilings in the search tree
Time taken so far is 0.15789794921875 seconds

Doing depth 5
We had 1 inferral cache hits and 199 partitioning cache hits
The partitioning cache has 6 tilings in it right now
The inferral cache has 27 tilings in it right now
There are 25 tilings in the search tree
Time taken so far is 0.5573227405548096 seconds

Doing depth 6
We had 6 inferral cache hits and 503 partitioning cache hits
The partitioning cache has 4 tilings in it right now
The inferral cache has 36 tilings in it right now
There are 36 tilings in the search tree
Time taken so far is 2.4794795513153076 seconds

Doing depth 7
We had 6 inferral cache hits and 734 partitioning cache hits
The partitioning cache has 2 tilings in it right now
The inferral cache has 57 tilings in it right now
There are 47 tilings in the search tree
Time taken so far is 7.01647162437439 seconds

Doing depth 8
We had 6 inferral cache hits and 3095 partitioning cache hits
The partitioning cache has 26 tilings in it right now
The inferral cache has 108 tilings in it right now
There are 108 tilings in the search tree
Time taken so far is 16.876105546951294 seconds

Now processing 0231_3012
Doing depth 1
We had 0 inferral cache hits and 0 partitioning cache hits
The partitioning cache has 0 tilings in it right now
The inferral cache has 4 tilings in it right now
There are 4 tilings in the search tree
Time taken so far is 0.017385244369506836 seconds

Doing depth 2
We had 0 inferral cache hits and 17 partitioning cache hits
The partitioning cache has 2 tilings in it right now
The inferral cache has 8 tilings in it right now
There are 10 tilings in the search tree
Time taken so far is 0.07529115676879883 seconds

Doing depth 3
We had 1 inferral cache hits and 68 partitioning cache hits
The partitioning cache has 1 tilings in it right now
The inferral cache has 16 tilings in it right now
There are 17 tilings in the search tree
Time taken so far is 0.19933772087097168 seconds

Doing depth 4
We had 1 inferral cache hits and 95 partitioning cache hits
The partitioning cache has 0 tilings in it right now
The inferral cache has 20 tilings in it right now
There are 20 tilings in the search tree
Time taken so far is 0.439563512802124 seconds

Doing depth 5
We had 1 inferral cache hits and 230 partitioning cache hits
The partitioning cache has 8 tilings in it right now
The inferral cache has 28 tilings in it right now
There are 28 tilings in the search tree
Time taken so far is 0.7718324661254883 seconds

Doing depth 6
We had 9 inferral cache hits and 685 partitioning cache hits
The partitioning cache has 6 tilings in it right now
The inferral cache has 41 tilings in it right now
There are 42 tilings in the search tree
Time taken so far is 1.5175034999847412 seconds

Doing depth 7
We had 9 inferral cache hits and 1105 partitioning cache hits
The partitioning cache has 1 tilings in it right now
The inferral cache has 75 tilings in it right now
There are 59 tilings in the search tree
Time taken so far is 3.0784811973571777 seconds

Doing depth 8
We had 9 inferral cache hits and 4059 partitioning cache hits
The partitioning cache has 40 tilings in it right now
The inferral cache has 139 tilings in it right now
There are 118 tilings in the search tree
Time taken so far is 14.730288743972778 seconds

Now processing 0321_1032
Doing depth 1
We had 0 inferral cache hits and 0 partitioning cache hits
The partitioning cache has 0 tilings in it right now
The inferral cache has 4 tilings in it right now
There are 4 tilings in the search tree
Time taken so far is 0.012961626052856445 seconds

Doing depth 2
We had 0 inferral cache hits and 13 partitioning cache hits
The partitioning cache has 2 tilings in it right now
The inferral cache has 8 tilings in it right now
There are 8 tilings in the search tree
Time taken so far is 0.06027054786682129 seconds

Doing depth 3
We had 1 inferral cache hits and 46 partitioning cache hits
The partitioning cache has 1 tilings in it right now
The inferral cache has 15 tilings in it right now
There are 13 tilings in the search tree
Time taken so far is 0.12381553649902344 seconds

Doing depth 4
We had 1 inferral cache hits and 62 partitioning cache hits
The partitioning cache has 0 tilings in it right now
The inferral cache has 19 tilings in it right now
There are 15 tilings in the search tree
Time taken so far is 0.1583716869354248 seconds

Doing depth 5
We had 1 inferral cache hits and 221 partitioning cache hits
The partitioning cache has 8 tilings in it right now
The inferral cache has 27 tilings in it right now
There are 25 tilings in the search tree
Time taken so far is 0.634676456451416 seconds

Doing depth 6
We had 9 inferral cache hits and 720 partitioning cache hits
The partitioning cache has 6 tilings in it right now
The inferral cache has 39 tilings in it right now
There are 45 tilings in the search tree
Time taken so far is 2.7612669467926025 seconds

Doing depth 7
We had 9 inferral cache hits and 1156 partitioning cache hits
The partitioning cache has 2 tilings in it right now
The inferral cache has 70 tilings in it right now
There are 64 tilings in the search tree
Time taken so far is 9.468230485916138 seconds

Doing depth 8
We had 9 inferral cache hits and 4858 partitioning cache hits
The partitioning cache has 41 tilings in it right now
The inferral cache has 118 tilings in it right now
There are 126 tilings in the search tree
Time taken so far is 23.658697605133057 seconds

Now processing 0321_2103
Doing depth 1
We had 0 inferral cache hits and 0 partitioning cache hits
The partitioning cache has 0 tilings in it right now
The inferral cache has 4 tilings in it right now
There are 4 tilings in the search tree
Time taken so far is 0.01356363296508789 seconds

Doing depth 2
We had 0 inferral cache hits and 13 partitioning cache hits
The partitioning cache has 2 tilings in it right now
The inferral cache has 8 tilings in it right now
There are 8 tilings in the search tree
Time taken so far is 0.0615842342376709 seconds

Doing depth 3
We had 1 inferral cache hits and 46 partitioning cache hits
The partitioning cache has 1 tilings in it right now
The inferral cache has 15 tilings in it right now
There are 13 tilings in the search tree
Time taken so far is 0.1255049705505371 seconds

Doing depth 4
We had 1 inferral cache hits and 62 partitioning cache hits
The partitioning cache has 0 tilings in it right now
The inferral cache has 19 tilings in it right now
There are 15 tilings in the search tree
Time taken so far is 0.1604163646697998 seconds

Doing depth 5
We had 1 inferral cache hits and 185 partitioning cache hits
The partitioning cache has 7 tilings in it right now
The inferral cache has 30 tilings in it right now
There are 24 tilings in the search tree
Time taken so far is 0.4238009452819824 seconds

Doing depth 6
We had 7 inferral cache hits and 522 partitioning cache hits
The partitioning cache has 5 tilings in it right now
The inferral cache has 50 tilings in it right now
There are 39 tilings in the search tree
Time taken so far is 1.1369514465332031 seconds

Doing depth 7
We had 7 inferral cache hits and 785 partitioning cache hits
The partitioning cache has 2 tilings in it right now
The inferral cache has 75 tilings in it right now
There are 52 tilings in the search tree
Time taken so far is 2.301224708557129 seconds

Doing depth 8
We had 7 inferral cache hits and 3095 partitioning cache hits
The partitioning cache has 29 tilings in it right now
The inferral cache has 146 tilings in it right now
There are 109 tilings in the search tree
Time taken so far is 8.968306064605713 seconds

Now processing 1032_1302
Doing depth 1
We had 0 inferral cache hits and 0 partitioning cache hits
The partitioning cache has 0 tilings in it right now
The inferral cache has 3 tilings in it right now
There are 4 tilings in the search tree
Time taken so far is 0.012584209442138672 seconds

Doing depth 2
We had 0 inferral cache hits and 13 partitioning cache hits
The partitioning cache has 2 tilings in it right now
The inferral cache has 7 tilings in it right now
There are 8 tilings in the search tree
Time taken so far is 0.06186079978942871 seconds

Doing depth 3
We had 1 inferral cache hits and 46 partitioning cache hits
The partitioning cache has 1 tilings in it right now
The inferral cache has 12 tilings in it right now
There are 13 tilings in the search tree
Time taken so far is 0.1289360523223877 seconds

Doing depth 4
We had 1 inferral cache hits and 62 partitioning cache hits
The partitioning cache has 1 tilings in it right now
The inferral cache has 15 tilings in it right now
There are 15 tilings in the search tree
Time taken so far is 0.16334795951843262 seconds

Doing depth 5
We had 1 inferral cache hits and 212 partitioning cache hits
The partitioning cache has 7 tilings in it right now
The inferral cache has 25 tilings in it right now
There are 26 tilings in the search tree
Time taken so far is 0.5647139549255371 seconds

Doing depth 6
We had 8 inferral cache hits and 679 partitioning cache hits
The partitioning cache has 5 tilings in it right now
The inferral cache has 40 tilings in it right now
There are 45 tilings in the search tree
Time taken so far is 2.97961688041687 seconds

Doing depth 7
We had 8 inferral cache hits and 1066 partitioning cache hits
The partitioning cache has 8 tilings in it right now
The inferral cache has 60 tilings in it right now
There are 61 tilings in the search tree
Time taken so far is 10.693545818328857 seconds

Doing depth 8
We had 10 inferral cache hits and 4151 partitioning cache hits
The partitioning cache has 33 tilings in it right now
The inferral cache has 110 tilings in it right now
There are 121 tilings in the search tree
Time taken so far is 23.5395348072052 seconds

Now processing 1032_2301
Doing depth 1
We had 0 inferral cache hits and 0 partitioning cache hits
The partitioning cache has 0 tilings in it right now
The inferral cache has 3 tilings in it right now
There are 4 tilings in the search tree
Time taken so far is 0.012874364852905273 seconds

Doing depth 2
We had 0 inferral cache hits and 13 partitioning cache hits
The partitioning cache has 2 tilings in it right now
The inferral cache has 7 tilings in it right now
There are 8 tilings in the search tree
Time taken so far is 0.06303930282592773 seconds

Doing depth 3
We had 1 inferral cache hits and 46 partitioning cache hits
The partitioning cache has 1 tilings in it right now
The inferral cache has 12 tilings in it right now
There are 13 tilings in the search tree
Time taken so far is 0.13214325904846191 seconds

Doing depth 4
We had 1 inferral cache hits and 62 partitioning cache hits
The partitioning cache has 0 tilings in it right now
The inferral cache has 16 tilings in it right now
There are 15 tilings in the search tree
Time taken so far is 0.16814422607421875 seconds

Doing depth 5
We had 1 inferral cache hits and 194 partitioning cache hits
The partitioning cache has 8 tilings in it right now
The inferral cache has 24 tilings in it right now
There are 23 tilings in the search tree
Time taken so far is 0.3967316150665283 seconds

Doing depth 6
We had 9 inferral cache hits and 564 partitioning cache hits
The partitioning cache has 6 tilings in it right now
The inferral cache has 35 tilings in it right now
There are 36 tilings in the search tree
Time taken so far is 0.8430311679840088 seconds

Doing depth 7
We had 9 inferral cache hits and 888 partitioning cache hits
The partitioning cache has 4 tilings in it right now
The inferral cache has 65 tilings in it right now
There are 52 tilings in the search tree
Time taken so far is 2.234276294708252 seconds

Doing depth 8
We had 10 inferral cache hits and 3225 partitioning cache hits
The partitioning cache has 34 tilings in it right now
The inferral cache has 113 tilings in it right now
There are 106 tilings in the search tree
Time taken so far is 11.678406953811646 seconds

