/users/home/henningu/ATRAP/non-regular-insertion-encodable-bases/logs_length2
Now processing 0123_0132
Doing depth 1
We had 0 inferral cache hits and 14 partitioning cache hits
The partitioning cache has 0 tilings in it right now
The inferral cache has 10 tilings in it right now
There are 7 tilings in the search tree
Time taken so far is 0.03575634956359863 seconds

Doing depth 2
We had 4 inferral cache hits and 259 partitioning cache hits
The partitioning cache has 8 tilings in it right now
The inferral cache has 86 tilings in it right now
There are 50 tilings in the search tree
Time taken so far is 0.7335188388824463 seconds

Doing depth 3
We had 46 inferral cache hits and 3949 partitioning cache hits
The partitioning cache has 166 tilings in it right now
The inferral cache has 1272 tilings in it right now
There are 630 tilings in the search tree
Time taken so far is 19.91711711883545 seconds

Doing depth 4
We had 1706 inferral cache hits and 96141 partitioning cache hits
The partitioning cache has 3649 tilings in it right now
The inferral cache has 29617 tilings in it right now
There are 12957 tilings in the search tree
Time taken so far is 965.3857774734497 seconds

Now processing 0123_0213
Doing depth 1
We had 0 inferral cache hits and 14 partitioning cache hits
The partitioning cache has 0 tilings in it right now
The inferral cache has 10 tilings in it right now
There are 7 tilings in the search tree
Time taken so far is 0.0567326545715332 seconds

Doing depth 2
We had 4 inferral cache hits and 259 partitioning cache hits
The partitioning cache has 8 tilings in it right now
The inferral cache has 86 tilings in it right now
There are 52 tilings in the search tree
Time taken so far is 0.7849347591400146 seconds

Doing depth 3
We had 48 inferral cache hits and 3991 partitioning cache hits
The partitioning cache has 162 tilings in it right now
The inferral cache has 1298 tilings in it right now
There are 650 tilings in the search tree
Time taken so far is 19.714338302612305 seconds

Doing depth 4
We had 1815 inferral cache hits and 101327 partitioning cache hits
The partitioning cache has 3624 tilings in it right now
The inferral cache has 32167 tilings in it right now
There are 13704 tilings in the search tree
Time taken so far is 1081.5929379463196 seconds

Now processing 0123_0231
Doing depth 1
We had 0 inferral cache hits and 14 partitioning cache hits
The partitioning cache has 0 tilings in it right now
The inferral cache has 10 tilings in it right now
There are 7 tilings in the search tree
Time taken so far is 0.05885505676269531 seconds

Doing depth 2
We had 4 inferral cache hits and 259 partitioning cache hits
The partitioning cache has 8 tilings in it right now
The inferral cache has 91 tilings in it right now
There are 50 tilings in the search tree
Time taken so far is 0.7368357181549072 seconds

Doing depth 3
We had 47 inferral cache hits and 3985 partitioning cache hits
The partitioning cache has 167 tilings in it right now
The inferral cache has 1365 tilings in it right now
There are 632 tilings in the search tree
Time taken so far is 20.906001806259155 seconds

Doing depth 4
We had 1789 inferral cache hits and 98620 partitioning cache hits
The partitioning cache has 3600 tilings in it right now
The inferral cache has 32135 tilings in it right now
There are 12945 tilings in the search tree
Time taken so far is 995.7671208381653 seconds

Now processing 0123_1230
Doing depth 1
We had 0 inferral cache hits and 14 partitioning cache hits
The partitioning cache has 0 tilings in it right now
The inferral cache has 10 tilings in it right now
There are 7 tilings in the search tree
Time taken so far is 0.050521135330200195 seconds

Doing depth 2
We had 5 inferral cache hits and 255 partitioning cache hits
The partitioning cache has 8 tilings in it right now
The inferral cache has 83 tilings in it right now
There are 50 tilings in the search tree
Time taken so far is 0.7097883224487305 seconds

Doing depth 3
We had 51 inferral cache hits and 3897 partitioning cache hits
The partitioning cache has 166 tilings in it right now
The inferral cache has 1268 tilings in it right now
There are 618 tilings in the search tree
Time taken so far is 19.3791823387146 seconds

Doing depth 4
We had 1658 inferral cache hits and 92604 partitioning cache hits
The partitioning cache has 3500 tilings in it right now
The inferral cache has 29405 tilings in it right now
There are 12086 tilings in the search tree
Time taken so far is 880.0063171386719 seconds

Now processing 0123_2301
Doing depth 1
We had 0 inferral cache hits and 14 partitioning cache hits
The partitioning cache has 0 tilings in it right now
The inferral cache has 10 tilings in it right now
There are 7 tilings in the search tree
Time taken so far is 0.04105353355407715 seconds

Doing depth 2
We had 4 inferral cache hits and 259 partitioning cache hits
The partitioning cache has 8 tilings in it right now
The inferral cache has 86 tilings in it right now
There are 47 tilings in the search tree
Time taken so far is 0.6451358795166016 seconds

Doing depth 3
We had 45 inferral cache hits and 3923 partitioning cache hits
The partitioning cache has 177 tilings in it right now
The inferral cache has 1284 tilings in it right now
There are 611 tilings in the search tree
Time taken so far is 17.417020797729492 seconds

Doing depth 4
We had 1619 inferral cache hits and 87640 partitioning cache hits
The partitioning cache has 3477 tilings in it right now
The inferral cache has 27805 tilings in it right now
There are 11226 tilings in the search tree
Time taken so far is 768.8952553272247 seconds

Now processing 0132_0213
Doing depth 1
We had 0 inferral cache hits and 14 partitioning cache hits
The partitioning cache has 0 tilings in it right now
The inferral cache has 10 tilings in it right now
There are 7 tilings in the search tree
Time taken so far is 0.050829172134399414 seconds

Doing depth 2
We had 4 inferral cache hits and 259 partitioning cache hits
The partitioning cache has 8 tilings in it right now
The inferral cache has 90 tilings in it right now
There are 50 tilings in the search tree
Time taken so far is 0.6995744705200195 seconds

Doing depth 3
We had 51 inferral cache hits and 4001 partitioning cache hits
The partitioning cache has 174 tilings in it right now
The inferral cache has 1362 tilings in it right now
There are 640 tilings in the search tree
Time taken so far is 22.016488790512085 seconds

Doing depth 4
We had 1780 inferral cache hits and 99541 partitioning cache hits
The partitioning cache has 3869 tilings in it right now
The inferral cache has 32249 tilings in it right now
There are 13220 tilings in the search tree
Time taken so far is 1049.268108844757 seconds

Now processing 0132_0231
Doing depth 1
We had 0 inferral cache hits and 14 partitioning cache hits
The partitioning cache has 0 tilings in it right now
The inferral cache has 8 tilings in it right now
There are 7 tilings in the search tree
Time taken so far is 0.04836153984069824 seconds

Doing depth 2
We had 6 inferral cache hits and 251 partitioning cache hits
The partitioning cache has 13 tilings in it right now
The inferral cache has 81 tilings in it right now
There are 50 tilings in the search tree
Time taken so far is 0.7363622188568115 seconds

Doing depth 3
We had 56 inferral cache hits and 3923 partitioning cache hits
The partitioning cache has 207 tilings in it right now
The inferral cache has 1267 tilings in it right now
There are 632 tilings in the search tree
Time taken so far is 20.769325733184814 seconds

Doing depth 4
We had 1103 inferral cache hits and 62282 partitioning cache hits
The partitioning cache has 2710 tilings in it right now
The inferral cache has 19102 tilings in it right now
There are 8392 tilings in the search tree
Time taken so far is 645.6036868095398 seconds

Now processing 0132_0321
Doing depth 1
We had 0 inferral cache hits and 14 partitioning cache hits
The partitioning cache has 0 tilings in it right now
The inferral cache has 8 tilings in it right now
There are 7 tilings in the search tree
Time taken so far is 0.04745030403137207 seconds

Doing depth 2
We had 5 inferral cache hits and 255 partitioning cache hits
The partitioning cache has 12 tilings in it right now
The inferral cache has 81 tilings in it right now
There are 50 tilings in the search tree
Time taken so far is 0.6674418449401855 seconds

Doing depth 3
We had 50 inferral cache hits and 3934 partitioning cache hits
The partitioning cache has 205 tilings in it right now
The inferral cache has 1281 tilings in it right now
There are 628 tilings in the search tree
Time taken so far is 17.182353019714355 seconds

Doing depth 4
We had 1816 inferral cache hits and 93019 partitioning cache hits
The partitioning cache has 4080 tilings in it right now
The inferral cache has 29203 tilings in it right now
There are 12448 tilings in the search tree
Time taken so far is 868.2720050811768 seconds

Now processing 0132_1023
Doing depth 1
We had 0 inferral cache hits and 14 partitioning cache hits
The partitioning cache has 0 tilings in it right now
The inferral cache has 10 tilings in it right now
There are 7 tilings in the search tree
Time taken so far is 0.047135114669799805 seconds

Doing depth 2
We had 4 inferral cache hits and 259 partitioning cache hits
The partitioning cache has 8 tilings in it right now
The inferral cache has 86 tilings in it right now
There are 47 tilings in the search tree
Time taken so far is 0.8257315158843994 seconds

Doing depth 3
We had 44 inferral cache hits and 3987 partitioning cache hits
The partitioning cache has 152 tilings in it right now
The inferral cache has 1384 tilings in it right now
There are 624 tilings in the search tree
Time taken so far is 18.763180255889893 seconds

Doing depth 4
We had 1625 inferral cache hits and 94460 partitioning cache hits
The partitioning cache has 2812 tilings in it right now
The inferral cache has 31685 tilings in it right now
There are 12422 tilings in the search tree
Time taken so far is 926.4336235523224 seconds

Now processing 0132_1032
Doing depth 1
We had 0 inferral cache hits and 14 partitioning cache hits
The partitioning cache has 0 tilings in it right now
The inferral cache has 8 tilings in it right now
There are 7 tilings in the search tree
Time taken so far is 0.047516822814941406 seconds

Doing depth 2
We had 5 inferral cache hits and 255 partitioning cache hits
The partitioning cache has 8 tilings in it right now
The inferral cache has 87 tilings in it right now
There are 47 tilings in the search tree
Time taken so far is 0.8386960029602051 seconds

Doing depth 3
We had 49 inferral cache hits and 3937 partitioning cache hits
The partitioning cache has 187 tilings in it right now
The inferral cache has 1249 tilings in it right now
There are 624 tilings in the search tree
Time taken so far is 18.876126766204834 seconds

Doing depth 4
We had 1872 inferral cache hits and 90931 partitioning cache hits
The partitioning cache has 3804 tilings in it right now
The inferral cache has 26191 tilings in it right now
There are 11931 tilings in the search tree
Time taken so far is 902.4191379547119 seconds

Now processing 0132_1203
Doing depth 1
We had 0 inferral cache hits and 14 partitioning cache hits
The partitioning cache has 0 tilings in it right now
The inferral cache has 10 tilings in it right now
There are 7 tilings in the search tree
Time taken so far is 0.041060447692871094 seconds

Doing depth 2
We had 4 inferral cache hits and 259 partitioning cache hits
The partitioning cache has 8 tilings in it right now
The inferral cache has 95 tilings in it right now
There are 47 tilings in the search tree
Time taken so far is 0.6838915348052979 seconds

Doing depth 3
We had 46 inferral cache hits and 4019 partitioning cache hits
The partitioning cache has 174 tilings in it right now
The inferral cache has 1437 tilings in it right now
There are 631 tilings in the search tree
Time taken so far is 18.04882788658142 seconds

Doing depth 4
We had 1844 inferral cache hits and 97392 partitioning cache hits
The partitioning cache has 3595 tilings in it right now
The inferral cache has 32480 tilings in it right now
There are 12574 tilings in the search tree
Time taken so far is 891.1113867759705 seconds

Now processing 0132_1230
Doing depth 1
We had 0 inferral cache hits and 14 partitioning cache hits
The partitioning cache has 0 tilings in it right now
The inferral cache has 9 tilings in it right now
There are 7 tilings in the search tree
Time taken so far is 0.02405548095703125 seconds

Doing depth 2
We had 4 inferral cache hits and 259 partitioning cache hits
The partitioning cache has 8 tilings in it right now
The inferral cache has 86 tilings in it right now
There are 49 tilings in the search tree
Time taken so far is 0.5643706321716309 seconds

Doing depth 3
We had 47 inferral cache hits and 3944 partitioning cache hits
The partitioning cache has 168 tilings in it right now
The inferral cache has 1317 tilings in it right now
There are 621 tilings in the search tree
Time taken so far is 18.328713178634644 seconds

Doing depth 4
We had 1671 inferral cache hits and 91282 partitioning cache hits
The partitioning cache has 3329 tilings in it right now
The inferral cache has 29150 tilings in it right now
There are 11833 tilings in the search tree
Time taken so far is 870.0362973213196 seconds

Now processing 0132_1320
Doing depth 1
We had 0 inferral cache hits and 14 partitioning cache hits
The partitioning cache has 0 tilings in it right now
The inferral cache has 9 tilings in it right now
There are 7 tilings in the search tree
Time taken so far is 0.045859575271606445 seconds

Doing depth 2
We had 4 inferral cache hits and 259 partitioning cache hits
The partitioning cache has 12 tilings in it right now
The inferral cache has 85 tilings in it right now
There are 49 tilings in the search tree
Time taken so far is 0.6857948303222656 seconds

Doing depth 3
We had 45 inferral cache hits and 4026 partitioning cache hits
The partitioning cache has 193 tilings in it right now
The inferral cache has 1382 tilings in it right now
There are 632 tilings in the search tree
Time taken so far is 21.147406816482544 seconds

Doing depth 4
We had 1788 inferral cache hits and 96759 partitioning cache hits
The partitioning cache has 3627 tilings in it right now
The inferral cache has 31539 tilings in it right now
There are 12398 tilings in the search tree
Time taken so far is 920.4423553943634 seconds

Now processing 0132_2301
Doing depth 1
We had 0 inferral cache hits and 14 partitioning cache hits
The partitioning cache has 0 tilings in it right now
The inferral cache has 8 tilings in it right now
There are 7 tilings in the search tree
Time taken so far is 0.047264814376831055 seconds

Doing depth 2
We had 5 inferral cache hits and 255 partitioning cache hits
The partitioning cache has 10 tilings in it right now
The inferral cache has 83 tilings in it right now
There are 47 tilings in the search tree
Time taken so far is 0.7566783428192139 seconds

Doing depth 3
We had 45 inferral cache hits and 3955 partitioning cache hits
The partitioning cache has 171 tilings in it right now
The inferral cache has 1392 tilings in it right now
There are 617 tilings in the search tree
Time taken so far is 17.507535219192505 seconds

Doing depth 4
We had 1588 inferral cache hits and 85532 partitioning cache hits
The partitioning cache has 3217 tilings in it right now
The inferral cache has 27905 tilings in it right now
There are 10950 tilings in the search tree
Time taken so far is 718.461701631546 seconds

Now processing 0132_3120
Doing depth 1
We had 0 inferral cache hits and 14 partitioning cache hits
The partitioning cache has 0 tilings in it right now
The inferral cache has 10 tilings in it right now
There are 7 tilings in the search tree
Time taken so far is 0.049929141998291016 seconds

Doing depth 2
We had 4 inferral cache hits and 259 partitioning cache hits
The partitioning cache has 8 tilings in it right now
The inferral cache has 90 tilings in it right now
There are 50 tilings in the search tree
Time taken so far is 0.6569552421569824 seconds

Doing depth 3
We had 50 inferral cache hits and 4011 partitioning cache hits
The partitioning cache has 160 tilings in it right now
The inferral cache has 1478 tilings in it right now
There are 642 tilings in the search tree
Time taken so far is 18.849552631378174 seconds

Doing depth 4
We had 1708 inferral cache hits and 99125 partitioning cache hits
The partitioning cache has 3332 tilings in it right now
The inferral cache has 34637 tilings in it right now
There are 12836 tilings in the search tree
Time taken so far is 938.5981101989746 seconds

Now processing 0213_0321
Doing depth 1
We had 0 inferral cache hits and 14 partitioning cache hits
The partitioning cache has 0 tilings in it right now
The inferral cache has 10 tilings in it right now
There are 7 tilings in the search tree
Time taken so far is 0.05503368377685547 seconds

Doing depth 2
We had 4 inferral cache hits and 259 partitioning cache hits
The partitioning cache has 8 tilings in it right now
The inferral cache has 88 tilings in it right now
There are 50 tilings in the search tree
Time taken so far is 0.7764673233032227 seconds

Doing depth 3
We had 54 inferral cache hits and 3960 partitioning cache hits
The partitioning cache has 179 tilings in it right now
The inferral cache has 1349 tilings in it right now
There are 636 tilings in the search tree
Time taken so far is 19.50502038002014 seconds

Doing depth 4
We had 1872 inferral cache hits and 97637 partitioning cache hits
The partitioning cache has 3831 tilings in it right now
The inferral cache has 31926 tilings in it right now
There are 12907 tilings in the search tree
Time taken so far is 978.5360403060913 seconds

Now processing 0213_1032
Doing depth 1
We had 0 inferral cache hits and 14 partitioning cache hits
The partitioning cache has 0 tilings in it right now
The inferral cache has 10 tilings in it right now
There are 7 tilings in the search tree
Time taken so far is 0.025511741638183594 seconds

Doing depth 2
We had 4 inferral cache hits and 259 partitioning cache hits
The partitioning cache has 8 tilings in it right now
The inferral cache has 86 tilings in it right now
There are 47 tilings in the search tree
Time taken so far is 0.5425777435302734 seconds

Doing depth 3
We had 48 inferral cache hits and 3988 partitioning cache hits
The partitioning cache has 162 tilings in it right now
The inferral cache has 1324 tilings in it right now
There are 629 tilings in the search tree
Time taken so far is 16.898120403289795 seconds

Doing depth 4
We had 147 inferral cache hits and 15751 partitioning cache hits
The partitioning cache has 491 tilings in it right now
The inferral cache has 3794 tilings in it right now
There are 1833 tilings in the search tree
Time taken so far is 107.71217751502991 seconds

Now processing 0213_1230
Doing depth 1
We had 0 inferral cache hits and 14 partitioning cache hits
The partitioning cache has 0 tilings in it right now
The inferral cache has 10 tilings in it right now
There are 7 tilings in the search tree
Time taken so far is 0.024072647094726562 seconds

Doing depth 2
We had 4 inferral cache hits and 259 partitioning cache hits
The partitioning cache has 8 tilings in it right now
The inferral cache has 86 tilings in it right now
There are 50 tilings in the search tree
Time taken so far is 0.543020486831665 seconds

Doing depth 3
We had 49 inferral cache hits and 3985 partitioning cache hits
The partitioning cache has 171 tilings in it right now
The inferral cache has 1346 tilings in it right now
There are 634 tilings in the search tree
Time taken so far is 17.194156885147095 seconds

Doing depth 4
We had 1831 inferral cache hits and 96978 partitioning cache hits
The partitioning cache has 3272 tilings in it right now
The inferral cache has 32103 tilings in it right now
There are 12535 tilings in the search tree
Time taken so far is 835.9366683959961 seconds

Now processing 0213_1320
Doing depth 1
We had 0 inferral cache hits and 14 partitioning cache hits
The partitioning cache has 0 tilings in it right now
The inferral cache has 10 tilings in it right now
There are 7 tilings in the search tree
Time taken so far is 0.04683184623718262 seconds

Doing depth 2
We had 4 inferral cache hits and 259 partitioning cache hits
The partitioning cache has 10 tilings in it right now
The inferral cache has 90 tilings in it right now
There are 50 tilings in the search tree
Time taken so far is 0.696749210357666 seconds

Doing depth 3
We had 51 inferral cache hits and 4047 partitioning cache hits
The partitioning cache has 186 tilings in it right now
The inferral cache has 1435 tilings in it right now
There are 650 tilings in the search tree
Time taken so far is 18.643189907073975 seconds

Doing depth 4
We had 1875 inferral cache hits and 103335 partitioning cache hits
The partitioning cache has 3796 tilings in it right now
The inferral cache has 34130 tilings in it right now
There are 13338 tilings in the search tree
Time taken so far is 886.4688396453857 seconds

Now processing 0213_2301
Doing depth 1
We had 0 inferral cache hits and 14 partitioning cache hits
The partitioning cache has 0 tilings in it right now
The inferral cache has 10 tilings in it right now
There are 7 tilings in the search tree
Time taken so far is 0.041670799255371094 seconds

Doing depth 2
We had 4 inferral cache hits and 259 partitioning cache hits
The partitioning cache has 8 tilings in it right now
The inferral cache has 90 tilings in it right now
There are 47 tilings in the search tree
Time taken so far is 0.7174537181854248 seconds

Doing depth 3
We had 47 inferral cache hits and 3995 partitioning cache hits
The partitioning cache has 183 tilings in it right now
The inferral cache has 1380 tilings in it right now
There are 627 tilings in the search tree
Time taken so far is 16.98789954185486 seconds

Doing depth 4
We had 1676 inferral cache hits and 92037 partitioning cache hits
The partitioning cache has 3322 tilings in it right now
The inferral cache has 30398 tilings in it right now
There are 11667 tilings in the search tree
Time taken so far is 731.1665897369385 seconds

Now processing 0213_3120
Doing depth 1
We had 0 inferral cache hits and 14 partitioning cache hits
The partitioning cache has 0 tilings in it right now
The inferral cache has 10 tilings in it right now
There are 7 tilings in the search tree
Time taken so far is 0.055090904235839844 seconds

Doing depth 2
We had 4 inferral cache hits and 259 partitioning cache hits
The partitioning cache has 8 tilings in it right now
The inferral cache has 90 tilings in it right now
There are 52 tilings in the search tree
Time taken so far is 0.7065701484680176 seconds

Doing depth 3
We had 53 inferral cache hits and 4046 partitioning cache hits
The partitioning cache has 179 tilings in it right now
The inferral cache has 1478 tilings in it right now
There are 656 tilings in the search tree
Time taken so far is 16.952853202819824 seconds

Doing depth 4
We had 1897 inferral cache hits and 107328 partitioning cache hits
The partitioning cache has 3853 tilings in it right now
The inferral cache has 38133 tilings in it right now
There are 14137 tilings in the search tree
Time taken so far is 939.3489599227905 seconds

Now processing 0231_0312
Doing depth 1
We had 0 inferral cache hits and 14 partitioning cache hits
The partitioning cache has 0 tilings in it right now
The inferral cache has 8 tilings in it right now
There are 7 tilings in the search tree
Time taken so far is 0.05095076560974121 seconds

Doing depth 2
We had 5 inferral cache hits and 255 partitioning cache hits
The partitioning cache has 12 tilings in it right now
The inferral cache has 87 tilings in it right now
There are 50 tilings in the search tree
Time taken so far is 0.7002105712890625 seconds

Doing depth 3
We had 50 inferral cache hits and 4029 partitioning cache hits
The partitioning cache has 227 tilings in it right now
The inferral cache has 1356 tilings in it right now
There are 640 tilings in the search tree
Time taken so far is 18.775700092315674 seconds

Doing depth 4
We had 2138 inferral cache hits and 100279 partitioning cache hits
The partitioning cache has 4521 tilings in it right now
The inferral cache has 32422 tilings in it right now
There are 13171 tilings in the search tree
Time taken so far is 898.1713671684265 seconds

Now processing 0231_0321
Doing depth 1
We had 0 inferral cache hits and 14 partitioning cache hits
The partitioning cache has 0 tilings in it right now
The inferral cache has 8 tilings in it right now
There are 7 tilings in the search tree
Time taken so far is 0.025032997131347656 seconds

Doing depth 2
We had 5 inferral cache hits and 255 partitioning cache hits
The partitioning cache has 12 tilings in it right now
The inferral cache has 82 tilings in it right now
There are 50 tilings in the search tree
Time taken so far is 0.6224515438079834 seconds

Doing depth 3
We had 50 inferral cache hits and 3975 partitioning cache hits
The partitioning cache has 212 tilings in it right now
The inferral cache has 1286 tilings in it right now
There are 639 tilings in the search tree
Time taken so far is 17.930600881576538 seconds

Doing depth 4
We had 2065 inferral cache hits and 96012 partitioning cache hits
The partitioning cache has 4311 tilings in it right now
The inferral cache has 29602 tilings in it right now
There are 12771 tilings in the search tree
Time taken so far is 852.207670211792 seconds

Now processing 0231_1203
Doing depth 1
We had 0 inferral cache hits and 14 partitioning cache hits
The partitioning cache has 0 tilings in it right now
The inferral cache has 10 tilings in it right now
There are 7 tilings in the search tree
Time taken so far is 0.0411372184753418 seconds

Doing depth 2
We had 4 inferral cache hits and 259 partitioning cache hits
The partitioning cache has 8 tilings in it right now
The inferral cache has 98 tilings in it right now
There are 47 tilings in the search tree
Time taken so far is 0.7101993560791016 seconds

Doing depth 3
We had 46 inferral cache hits and 4059 partitioning cache hits
The partitioning cache has 168 tilings in it right now
The inferral cache has 1459 tilings in it right now
There are 635 tilings in the search tree
Time taken so far is 18.158479690551758 seconds

Doing depth 4
We had 1799 inferral cache hits and 97193 partitioning cache hits
The partitioning cache has 3436 tilings in it right now
The inferral cache has 31352 tilings in it right now
There are 12463 tilings in the search tree
Time taken so far is 843.2515966892242 seconds

Now processing 0231_1230
Doing depth 1
We had 0 inferral cache hits and 14 partitioning cache hits
The partitioning cache has 0 tilings in it right now
The inferral cache has 9 tilings in it right now
There are 7 tilings in the search tree
Time taken so far is 0.04634237289428711 seconds

Doing depth 2
We had 4 inferral cache hits and 259 partitioning cache hits
The partitioning cache has 9 tilings in it right now
The inferral cache has 87 tilings in it right now
There are 49 tilings in the search tree
Time taken so far is 0.7333967685699463 seconds

Doing depth 3
We had 49 inferral cache hits and 3927 partitioning cache hits
The partitioning cache has 180 tilings in it right now
The inferral cache has 1281 tilings in it right now
There are 622 tilings in the search tree
Time taken so far is 17.3125319480896 seconds

Doing depth 4
We had 1869 inferral cache hits and 92637 partitioning cache hits
The partitioning cache has 3737 tilings in it right now
The inferral cache has 28264 tilings in it right now
There are 12203 tilings in the search tree
Time taken so far is 825.2472817897797 seconds

Now processing 0231_2013
Doing depth 1
We had 0 inferral cache hits and 14 partitioning cache hits
The partitioning cache has 0 tilings in it right now
The inferral cache has 10 tilings in it right now
There are 7 tilings in the search tree
Time taken so far is 0.0433804988861084 seconds

Doing depth 2
We had 4 inferral cache hits and 259 partitioning cache hits
The partitioning cache has 8 tilings in it right now
The inferral cache has 98 tilings in it right now
There are 47 tilings in the search tree
Time taken so far is 0.7039637565612793 seconds

Doing depth 3
We had 46 inferral cache hits and 4058 partitioning cache hits
The partitioning cache has 162 tilings in it right now
The inferral cache has 1496 tilings in it right now
There are 641 tilings in the search tree
Time taken so far is 18.30028748512268 seconds

Doing depth 4
We had 1897 inferral cache hits and 98166 partitioning cache hits
The partitioning cache has 3303 tilings in it right now
The inferral cache has 32440 tilings in it right now
There are 12985 tilings in the search tree
Time taken so far is 859.323860168457 seconds

Now processing 0231_2031
Doing depth 1
We had 0 inferral cache hits and 14 partitioning cache hits
The partitioning cache has 0 tilings in it right now
The inferral cache has 8 tilings in it right now
There are 7 tilings in the search tree
Time taken so far is 0.04132843017578125 seconds

Doing depth 2
We had 5 inferral cache hits and 255 partitioning cache hits
The partitioning cache has 12 tilings in it right now
The inferral cache has 90 tilings in it right now
There are 47 tilings in the search tree
Time taken so far is 0.7069640159606934 seconds

Doing depth 3
We had 51 inferral cache hits and 4059 partitioning cache hits
The partitioning cache has 218 tilings in it right now
The inferral cache has 1322 tilings in it right now
There are 648 tilings in the search tree
Time taken so far is 18.231364727020264 seconds

Doing depth 4
We had 2398 inferral cache hits and 100496 partitioning cache hits
The partitioning cache has 4110 tilings in it right now
The inferral cache has 29642 tilings in it right now
There are 13130 tilings in the search tree
Time taken so far is 889.5746355056763 seconds

Now processing 0231_2130
Doing depth 1
We had 0 inferral cache hits and 14 partitioning cache hits
The partitioning cache has 0 tilings in it right now
The inferral cache has 9 tilings in it right now
There are 7 tilings in the search tree
Time taken so far is 0.04555773735046387 seconds

Doing depth 2
We had 4 inferral cache hits and 259 partitioning cache hits
The partitioning cache has 9 tilings in it right now
The inferral cache has 93 tilings in it right now
There are 49 tilings in the search tree
Time taken so far is 0.7022395133972168 seconds

Doing depth 3
We had 47 inferral cache hits and 4055 partitioning cache hits
The partitioning cache has 181 tilings in it right now
The inferral cache has 1444 tilings in it right now
There are 642 tilings in the search tree
Time taken so far is 17.825737953186035 seconds

Doing depth 4
We had 1961 inferral cache hits and 102240 partitioning cache hits
The partitioning cache has 3646 tilings in it right now
The inferral cache has 33602 tilings in it right now
There are 13065 tilings in the search tree
Time taken so far is 845.7908937931061 seconds

Now processing 0231_2301
Doing depth 1
We had 0 inferral cache hits and 14 partitioning cache hits
The partitioning cache has 0 tilings in it right now
The inferral cache has 8 tilings in it right now
There are 7 tilings in the search tree
Time taken so far is 0.04092693328857422 seconds

Doing depth 2
We had 5 inferral cache hits and 255 partitioning cache hits
The partitioning cache has 10 tilings in it right now
The inferral cache has 84 tilings in it right now
There are 47 tilings in the search tree
Time taken so far is 0.6714775562286377 seconds

Doing depth 3
We had 47 inferral cache hits and 3985 partitioning cache hits
The partitioning cache has 201 tilings in it right now
The inferral cache has 1326 tilings in it right now
There are 622 tilings in the search tree
Time taken so far is 16.555206060409546 seconds

Doing depth 4
We had 1925 inferral cache hits and 89222 partitioning cache hits
The partitioning cache has 3702 tilings in it right now
The inferral cache has 27714 tilings in it right now
There are 11531 tilings in the search tree
Time taken so far is 730.5671410560608 seconds

Now processing 0231_3012
Doing depth 1
We had 0 inferral cache hits and 14 partitioning cache hits
The partitioning cache has 0 tilings in it right now
The inferral cache has 9 tilings in it right now
There are 7 tilings in the search tree
Time taken so far is 0.04814648628234863 seconds

Doing depth 2
We had 4 inferral cache hits and 259 partitioning cache hits
The partitioning cache has 8 tilings in it right now
The inferral cache has 91 tilings in it right now
There are 49 tilings in the search tree
Time taken so far is 0.6456234455108643 seconds

Doing depth 3
We had 47 inferral cache hits and 3985 partitioning cache hits
The partitioning cache has 175 tilings in it right now
The inferral cache has 1415 tilings in it right now
There are 627 tilings in the search tree
Time taken so far is 17.607728481292725 seconds

Doing depth 4
We had 1784 inferral cache hits and 92585 partitioning cache hits
The partitioning cache has 3453 tilings in it right now
The inferral cache has 30748 tilings in it right now
There are 11818 tilings in the search tree
Time taken so far is 774.6070482730865 seconds

Now processing 0321_1032
Doing depth 1
We had 0 inferral cache hits and 14 partitioning cache hits
The partitioning cache has 0 tilings in it right now
The inferral cache has 8 tilings in it right now
There are 7 tilings in the search tree
Time taken so far is 0.03924369812011719 seconds

Doing depth 2
We had 5 inferral cache hits and 255 partitioning cache hits
The partitioning cache has 8 tilings in it right now
The inferral cache has 85 tilings in it right now
There are 47 tilings in the search tree
Time taken so far is 0.6612391471862793 seconds

Doing depth 3
We had 46 inferral cache hits and 3919 partitioning cache hits
The partitioning cache has 193 tilings in it right now
The inferral cache has 1285 tilings in it right now
There are 611 tilings in the search tree
Time taken so far is 17.93317222595215 seconds

Doing depth 4
We had 1804 inferral cache hits and 89503 partitioning cache hits
The partitioning cache has 3922 tilings in it right now
The inferral cache has 27900 tilings in it right now
There are 11665 tilings in the search tree
Time taken so far is 777.1482231616974 seconds

Now processing 0321_2103
Doing depth 1
We had 0 inferral cache hits and 14 partitioning cache hits
The partitioning cache has 0 tilings in it right now
The inferral cache has 10 tilings in it right now
There are 7 tilings in the search tree
Time taken so far is 0.04186439514160156 seconds

Doing depth 2
We had 4 inferral cache hits and 259 partitioning cache hits
The partitioning cache has 8 tilings in it right now
The inferral cache has 86 tilings in it right now
There are 47 tilings in the search tree
Time taken so far is 0.6769754886627197 seconds

Doing depth 3
We had 47 inferral cache hits and 3865 partitioning cache hits
The partitioning cache has 179 tilings in it right now
The inferral cache has 1272 tilings in it right now
There are 601 tilings in the search tree
Time taken so far is 18.15986132621765 seconds

Doing depth 4
We had 1675 inferral cache hits and 84827 partitioning cache hits
The partitioning cache has 3258 tilings in it right now
The inferral cache has 27615 tilings in it right now
There are 10779 tilings in the search tree
Time taken so far is 745.5437116622925 seconds

Now processing 1032_1302
Doing depth 1
We had 0 inferral cache hits and 14 partitioning cache hits
The partitioning cache has 0 tilings in it right now
The inferral cache has 6 tilings in it right now
There are 7 tilings in the search tree
Time taken so far is 0.04028797149658203 seconds

Doing depth 2
We had 8 inferral cache hits and 243 partitioning cache hits
The partitioning cache has 14 tilings in it right now
The inferral cache has 78 tilings in it right now
There are 47 tilings in the search tree
Time taken so far is 0.6620850563049316 seconds

Doing depth 3
We had 58 inferral cache hits and 3899 partitioning cache hits
The partitioning cache has 268 tilings in it right now
The inferral cache has 1192 tilings in it right now
There are 619 tilings in the search tree
Time taken so far is 18.77057695388794 seconds

Doing depth 4
We had 2422 inferral cache hits and 90000 partitioning cache hits
The partitioning cache has 5106 tilings in it right now
The inferral cache has 25454 tilings in it right now
There are 11740 tilings in the search tree
Time taken so far is 797.6312539577484 seconds

Now processing 1032_2301
Doing depth 1
We had 0 inferral cache hits and 14 partitioning cache hits
The partitioning cache has 0 tilings in it right now
The inferral cache has 6 tilings in it right now
There are 7 tilings in the search tree
Time taken so far is 0.04081869125366211 seconds

Doing depth 2
We had 8 inferral cache hits and 243 partitioning cache hits
The partitioning cache has 8 tilings in it right now
The inferral cache has 82 tilings in it right now
There are 47 tilings in the search tree
Time taken so far is 0.6212935447692871 seconds

Doing depth 3
We had 53 inferral cache hits and 3876 partitioning cache hits
The partitioning cache has 196 tilings in it right now
The inferral cache has 1318 tilings in it right now
There are 611 tilings in the search tree
Time taken so far is 15.758724927902222 seconds

Doing depth 4
We had 1721 inferral cache hits and 79394 partitioning cache hits
The partitioning cache has 3145 tilings in it right now
The inferral cache has 25014 tilings in it right now
There are 10258 tilings in the search tree
Time taken so far is 606.7230560779572 seconds

