/users/home/henningu/ATRAP/non-regular-insertion-encodable-bases/logs_length2
Now processing 0123_0132
Doing depth 1
We had 0 inferral cache hits and 14 partitioning cache hits
The partitioning cache has 0 tilings in it right now
The inferral cache has 6 tilings in it right now
There are 5 tilings in the search tree
Time taken so far is 0.02832651138305664 seconds

Doing depth 2
We had 0 inferral cache hits and 81 partitioning cache hits
The partitioning cache has 4 tilings in it right now
The inferral cache has 14 tilings in it right now
There are 15 tilings in the search tree
Time taken so far is 0.11541318893432617 seconds

Doing depth 3
We had 2 inferral cache hits and 223 partitioning cache hits
The partitioning cache has 2 tilings in it right now
The inferral cache has 37 tilings in it right now
There are 31 tilings in the search tree
Time taken so far is 0.3994913101196289 seconds

Doing depth 4
We had 2 inferral cache hits and 311 partitioning cache hits
The partitioning cache has 0 tilings in it right now
The inferral cache has 53 tilings in it right now
There are 40 tilings in the search tree
Time taken so far is 1.07383131980896 seconds

Doing depth 5
We had 4 inferral cache hits and 669 partitioning cache hits
The partitioning cache has 29 tilings in it right now
The inferral cache has 89 tilings in it right now
There are 78 tilings in the search tree
Time taken so far is 3.0077435970306396 seconds

Doing depth 6
We had 36 inferral cache hits and 1713 partitioning cache hits
The partitioning cache has 19 tilings in it right now
The inferral cache has 168 tilings in it right now
There are 153 tilings in the search tree
Time taken so far is 18.318417072296143 seconds

Doing depth 7
We had 36 inferral cache hits and 2844 partitioning cache hits
The partitioning cache has 8 tilings in it right now
The inferral cache has 369 tilings in it right now
There are 261 tilings in the search tree
Time taken so far is 66.88042879104614 seconds

Doing depth 8
We had 71 inferral cache hits and 7153 partitioning cache hits
The partitioning cache has 235 tilings in it right now
The inferral cache has 742 tilings in it right now
There are 676 tilings in the search tree
Time taken so far is 177.57508778572083 seconds

Now processing 0123_0213
Doing depth 1
We had 0 inferral cache hits and 14 partitioning cache hits
The partitioning cache has 0 tilings in it right now
The inferral cache has 6 tilings in it right now
There are 5 tilings in the search tree
Time taken so far is 0.020237207412719727 seconds

Doing depth 2
We had 0 inferral cache hits and 81 partitioning cache hits
The partitioning cache has 4 tilings in it right now
The inferral cache has 14 tilings in it right now
There are 16 tilings in the search tree
Time taken so far is 0.09964752197265625 seconds

Doing depth 3
We had 2 inferral cache hits and 223 partitioning cache hits
The partitioning cache has 2 tilings in it right now
The inferral cache has 38 tilings in it right now
There are 34 tilings in the search tree
Time taken so far is 0.3757140636444092 seconds

Doing depth 4
We had 2 inferral cache hits and 311 partitioning cache hits
The partitioning cache has 0 tilings in it right now
The inferral cache has 54 tilings in it right now
There are 44 tilings in the search tree
Time taken so far is 1.0060181617736816 seconds

Doing depth 5
We had 4 inferral cache hits and 659 partitioning cache hits
The partitioning cache has 30 tilings in it right now
The inferral cache has 84 tilings in it right now
There are 82 tilings in the search tree
Time taken so far is 2.9012234210968018 seconds

Doing depth 6
We had 36 inferral cache hits and 1667 partitioning cache hits
The partitioning cache has 20 tilings in it right now
The inferral cache has 150 tilings in it right now
There are 157 tilings in the search tree
Time taken so far is 17.697334051132202 seconds

Doing depth 7
We had 36 inferral cache hits and 2885 partitioning cache hits
The partitioning cache has 8 tilings in it right now
The inferral cache has 371 tilings in it right now
There are 280 tilings in the search tree
Time taken so far is 66.67066192626953 seconds

Doing depth 8
We had 60 inferral cache hits and 6927 partitioning cache hits
The partitioning cache has 252 tilings in it right now
The inferral cache has 661 tilings in it right now
There are 661 tilings in the search tree
Time taken so far is 179.85246658325195 seconds

Now processing 0123_0231
Doing depth 1
We had 0 inferral cache hits and 14 partitioning cache hits
The partitioning cache has 0 tilings in it right now
The inferral cache has 6 tilings in it right now
There are 5 tilings in the search tree
Time taken so far is 0.03036022186279297 seconds

Doing depth 2
We had 0 inferral cache hits and 81 partitioning cache hits
The partitioning cache has 4 tilings in it right now
The inferral cache has 14 tilings in it right now
There are 15 tilings in the search tree
Time taken so far is 0.12439417839050293 seconds

Doing depth 3
We had 2 inferral cache hits and 223 partitioning cache hits
The partitioning cache has 2 tilings in it right now
The inferral cache has 37 tilings in it right now
There are 31 tilings in the search tree
Time taken so far is 0.41573548316955566 seconds

Doing depth 4
We had 2 inferral cache hits and 311 partitioning cache hits
The partitioning cache has 0 tilings in it right now
The inferral cache has 53 tilings in it right now
There are 40 tilings in the search tree
Time taken so far is 1.1718003749847412 seconds

Doing depth 5
We had 4 inferral cache hits and 669 partitioning cache hits
The partitioning cache has 28 tilings in it right now
The inferral cache has 89 tilings in it right now
There are 75 tilings in the search tree
Time taken so far is 3.3428096771240234 seconds

Doing depth 6
We had 33 inferral cache hits and 1731 partitioning cache hits
The partitioning cache has 19 tilings in it right now
The inferral cache has 171 tilings in it right now
There are 148 tilings in the search tree
Time taken so far is 21.148637056350708 seconds

Doing depth 7
We had 33 inferral cache hits and 2862 partitioning cache hits
The partitioning cache has 12 tilings in it right now
The inferral cache has 366 tilings in it right now
There are 255 tilings in the search tree
Time taken so far is 79.1091160774231 seconds

Doing depth 8
We had 70 inferral cache hits and 7362 partitioning cache hits
The partitioning cache has 230 tilings in it right now
The inferral cache has 765 tilings in it right now
There are 655 tilings in the search tree
Time taken so far is 202.72869849205017 seconds

Now processing 0123_1230
Doing depth 1
We had 0 inferral cache hits and 14 partitioning cache hits
The partitioning cache has 0 tilings in it right now
The inferral cache has 6 tilings in it right now
There are 5 tilings in the search tree
Time taken so far is 0.017345666885375977 seconds

Doing depth 2
We had 0 inferral cache hits and 81 partitioning cache hits
The partitioning cache has 4 tilings in it right now
The inferral cache has 14 tilings in it right now
There are 15 tilings in the search tree
Time taken so far is 0.09176445007324219 seconds

Doing depth 3
We had 2 inferral cache hits and 223 partitioning cache hits
The partitioning cache has 2 tilings in it right now
The inferral cache has 36 tilings in it right now
There are 31 tilings in the search tree
Time taken so far is 0.372128963470459 seconds

Doing depth 4
We had 2 inferral cache hits and 311 partitioning cache hits
The partitioning cache has 0 tilings in it right now
The inferral cache has 52 tilings in it right now
There are 40 tilings in the search tree
Time taken so far is 1.0015380382537842 seconds

Doing depth 5
We had 4 inferral cache hits and 669 partitioning cache hits
The partitioning cache has 28 tilings in it right now
The inferral cache has 88 tilings in it right now
There are 74 tilings in the search tree
Time taken so far is 2.936795949935913 seconds

Doing depth 6
We had 35 inferral cache hits and 1866 partitioning cache hits
The partitioning cache has 26 tilings in it right now
The inferral cache has 172 tilings in it right now
There are 158 tilings in the search tree
Time taken so far is 19.124120950698853 seconds

Doing depth 7
We had 35 inferral cache hits and 2961 partitioning cache hits
The partitioning cache has 17 tilings in it right now
The inferral cache has 361 tilings in it right now
There are 258 tilings in the search tree
Time taken so far is 68.27817583084106 seconds

Doing depth 8
We had 71 inferral cache hits and 7449 partitioning cache hits
The partitioning cache has 236 tilings in it right now
The inferral cache has 743 tilings in it right now
There are 666 tilings in the search tree
Time taken so far is 177.5482099056244 seconds

Now processing 0123_2301
Doing depth 1
We had 0 inferral cache hits and 14 partitioning cache hits
The partitioning cache has 0 tilings in it right now
The inferral cache has 6 tilings in it right now
There are 5 tilings in the search tree
Time taken so far is 0.024344682693481445 seconds

Doing depth 2
We had 0 inferral cache hits and 81 partitioning cache hits
The partitioning cache has 4 tilings in it right now
The inferral cache has 14 tilings in it right now
There are 13 tilings in the search tree
Time taken so far is 0.11838006973266602 seconds

Doing depth 3
We had 2 inferral cache hits and 223 partitioning cache hits
The partitioning cache has 2 tilings in it right now
The inferral cache has 36 tilings in it right now
There are 27 tilings in the search tree
Time taken so far is 0.4299027919769287 seconds

Doing depth 4
We had 2 inferral cache hits and 311 partitioning cache hits
The partitioning cache has 0 tilings in it right now
The inferral cache has 52 tilings in it right now
There are 35 tilings in the search tree
Time taken so far is 1.2611274719238281 seconds

Doing depth 5
We had 4 inferral cache hits and 679 partitioning cache hits
The partitioning cache has 26 tilings in it right now
The inferral cache has 92 tilings in it right now
There are 69 tilings in the search tree
Time taken so far is 3.5892417430877686 seconds

Doing depth 6
We had 39 inferral cache hits and 1894 partitioning cache hits
The partitioning cache has 29 tilings in it right now
The inferral cache has 189 tilings in it right now
There are 154 tilings in the search tree
Time taken so far is 23.310086250305176 seconds

Doing depth 7
We had 82 inferral cache hits and 4254 partitioning cache hits
The partitioning cache has 49 tilings in it right now
The inferral cache has 515 tilings in it right now
There are 399 tilings in the search tree
Time taken so far is 91.1687650680542 seconds

Doing depth 8
We had 291 inferral cache hits and 12144 partitioning cache hits
The partitioning cache has 285 tilings in it right now
The inferral cache has 1239 tilings in it right now
There are 1126 tilings in the search tree
Time taken so far is 229.5265347957611 seconds

Now processing 0132_0213
Doing depth 1
We had 0 inferral cache hits and 14 partitioning cache hits
The partitioning cache has 0 tilings in it right now
The inferral cache has 6 tilings in it right now
There are 5 tilings in the search tree
Time taken so far is 0.017271995544433594 seconds

Doing depth 2
We had 0 inferral cache hits and 81 partitioning cache hits
The partitioning cache has 4 tilings in it right now
The inferral cache has 14 tilings in it right now
There are 15 tilings in the search tree
Time taken so far is 0.09254145622253418 seconds

Doing depth 3
We had 2 inferral cache hits and 223 partitioning cache hits
The partitioning cache has 2 tilings in it right now
The inferral cache has 38 tilings in it right now
There are 31 tilings in the search tree
Time taken so far is 0.3911430835723877 seconds

Doing depth 4
We had 2 inferral cache hits and 311 partitioning cache hits
The partitioning cache has 1 tilings in it right now
The inferral cache has 53 tilings in it right now
There are 40 tilings in the search tree
Time taken so far is 1.0325794219970703 seconds

Doing depth 5
We had 4 inferral cache hits and 670 partitioning cache hits
The partitioning cache has 29 tilings in it right now
The inferral cache has 90 tilings in it right now
There are 76 tilings in the search tree
Time taken so far is 3.1424198150634766 seconds

Doing depth 6
We had 37 inferral cache hits and 1708 partitioning cache hits
The partitioning cache has 19 tilings in it right now
The inferral cache has 175 tilings in it right now
There are 146 tilings in the search tree
Time taken so far is 21.933473587036133 seconds

Doing depth 7
We had 37 inferral cache hits and 2827 partitioning cache hits
The partitioning cache has 16 tilings in it right now
The inferral cache has 357 tilings in it right now
There are 247 tilings in the search tree
Time taken so far is 85.41613483428955 seconds

Doing depth 8
We had 65 inferral cache hits and 7230 partitioning cache hits
The partitioning cache has 243 tilings in it right now
The inferral cache has 767 tilings in it right now
There are 665 tilings in the search tree
Time taken so far is 221.75352454185486 seconds

Now processing 0132_0231
Doing depth 1
We had 0 inferral cache hits and 14 partitioning cache hits
The partitioning cache has 0 tilings in it right now
The inferral cache has 5 tilings in it right now
There are 5 tilings in the search tree
Time taken so far is 0.01683211326599121 seconds

Doing depth 2
We had 0 inferral cache hits and 81 partitioning cache hits
The partitioning cache has 4 tilings in it right now
The inferral cache has 13 tilings in it right now
There are 15 tilings in the search tree
Time taken so far is 0.09239006042480469 seconds

Doing depth 3
We had 2 inferral cache hits and 223 partitioning cache hits
The partitioning cache has 2 tilings in it right now
The inferral cache has 34 tilings in it right now
There are 31 tilings in the search tree
Time taken so far is 0.4249608516693115 seconds

Doing depth 4
We had 2 inferral cache hits and 311 partitioning cache hits
The partitioning cache has 2 tilings in it right now
The inferral cache has 48 tilings in it right now
There are 40 tilings in the search tree
Time taken so far is 1.2046127319335938 seconds

Doing depth 5
We had 4 inferral cache hits and 681 partitioning cache hits
The partitioning cache has 28 tilings in it right now
The inferral cache has 84 tilings in it right now
There are 77 tilings in the search tree
Time taken so far is 3.483548641204834 seconds

Doing depth 6
We had 39 inferral cache hits and 1743 partitioning cache hits
The partitioning cache has 18 tilings in it right now
The inferral cache has 173 tilings in it right now
There are 153 tilings in the search tree
Time taken so far is 25.49105167388916 seconds

Doing depth 7
We had 39 inferral cache hits and 2811 partitioning cache hits
The partitioning cache has 23 tilings in it right now
The inferral cache has 338 tilings in it right now
There are 249 tilings in the search tree
Time taken so far is 104.0266330242157 seconds

Doing depth 8
We had 77 inferral cache hits and 7256 partitioning cache hits
The partitioning cache has 243 tilings in it right now
The inferral cache has 736 tilings in it right now
There are 650 tilings in the search tree
Time taken so far is 258.90955805778503 seconds

Now processing 0132_0321
Doing depth 1
We had 0 inferral cache hits and 14 partitioning cache hits
The partitioning cache has 0 tilings in it right now
The inferral cache has 5 tilings in it right now
There are 5 tilings in the search tree
Time taken so far is 0.016681432723999023 seconds

Doing depth 2
We had 0 inferral cache hits and 81 partitioning cache hits
The partitioning cache has 4 tilings in it right now
The inferral cache has 13 tilings in it right now
There are 15 tilings in the search tree
Time taken so far is 0.0928659439086914 seconds

Doing depth 3
We had 2 inferral cache hits and 223 partitioning cache hits
The partitioning cache has 2 tilings in it right now
The inferral cache has 33 tilings in it right now
There are 31 tilings in the search tree
Time taken so far is 0.4242124557495117 seconds

Doing depth 4
We had 2 inferral cache hits and 311 partitioning cache hits
The partitioning cache has 2 tilings in it right now
The inferral cache has 47 tilings in it right now
There are 40 tilings in the search tree
Time taken so far is 1.2131273746490479 seconds

Doing depth 5
We had 4 inferral cache hits and 681 partitioning cache hits
The partitioning cache has 27 tilings in it right now
The inferral cache has 84 tilings in it right now
There are 78 tilings in the search tree
Time taken so far is 3.4876368045806885 seconds

Doing depth 6
We had 39 inferral cache hits and 1743 partitioning cache hits
The partitioning cache has 18 tilings in it right now
The inferral cache has 160 tilings in it right now
There are 156 tilings in the search tree
Time taken so far is 23.986761808395386 seconds

Doing depth 7
We had 39 inferral cache hits and 2799 partitioning cache hits
The partitioning cache has 30 tilings in it right now
The inferral cache has 321 tilings in it right now
There are 252 tilings in the search tree
Time taken so far is 95.36107516288757 seconds

Doing depth 8
We had 77 inferral cache hits and 7158 partitioning cache hits
The partitioning cache has 232 tilings in it right now
The inferral cache has 686 tilings in it right now
There are 643 tilings in the search tree
Time taken so far is 226.86753058433533 seconds

Now processing 0132_1023
Doing depth 1
We had 0 inferral cache hits and 14 partitioning cache hits
The partitioning cache has 0 tilings in it right now
The inferral cache has 6 tilings in it right now
There are 5 tilings in the search tree
Time taken so far is 0.014461755752563477 seconds

Doing depth 2
We had 0 inferral cache hits and 81 partitioning cache hits
The partitioning cache has 4 tilings in it right now
The inferral cache has 14 tilings in it right now
There are 13 tilings in the search tree
Time taken so far is 0.08352136611938477 seconds

Doing depth 3
We had 2 inferral cache hits and 223 partitioning cache hits
The partitioning cache has 2 tilings in it right now
The inferral cache has 38 tilings in it right now
There are 27 tilings in the search tree
Time taken so far is 0.3933229446411133 seconds

Doing depth 4
We had 2 inferral cache hits and 311 partitioning cache hits
The partitioning cache has 0 tilings in it right now
The inferral cache has 54 tilings in it right now
There are 35 tilings in the search tree
Time taken so far is 1.2819702625274658 seconds

Doing depth 5
We had 4 inferral cache hits and 823 partitioning cache hits
The partitioning cache has 26 tilings in it right now
The inferral cache has 156 tilings in it right now
There are 88 tilings in the search tree
Time taken so far is 4.772851467132568 seconds

Doing depth 6
We had 30 inferral cache hits and 2095 partitioning cache hits
The partitioning cache has 17 tilings in it right now
The inferral cache has 331 tilings in it right now
There are 168 tilings in the search tree
Time taken so far is 24.933468103408813 seconds

Doing depth 7
We had 30 inferral cache hits and 3451 partitioning cache hits
The partitioning cache has 10 tilings in it right now
The inferral cache has 651 tilings in it right now
There are 296 tilings in the search tree
Time taken so far is 78.70234441757202 seconds

Doing depth 8
We had 53 inferral cache hits and 8387 partitioning cache hits
The partitioning cache has 207 tilings in it right now
The inferral cache has 1331 tilings in it right now
There are 774 tilings in the search tree
Time taken so far is 188.28714752197266 seconds

Now processing 0132_1032
Doing depth 1
We had 0 inferral cache hits and 14 partitioning cache hits
The partitioning cache has 0 tilings in it right now
The inferral cache has 5 tilings in it right now
There are 5 tilings in the search tree
Time taken so far is 0.014892101287841797 seconds

Doing depth 2
We had 0 inferral cache hits and 81 partitioning cache hits
The partitioning cache has 4 tilings in it right now
The inferral cache has 13 tilings in it right now
There are 13 tilings in the search tree
Time taken so far is 0.08623909950256348 seconds

Doing depth 3
We had 2 inferral cache hits and 223 partitioning cache hits
The partitioning cache has 2 tilings in it right now
The inferral cache has 32 tilings in it right now
There are 27 tilings in the search tree
Time taken so far is 0.42673635482788086 seconds

Doing depth 4
We had 2 inferral cache hits and 321 partitioning cache hits
The partitioning cache has 2 tilings in it right now
The inferral cache has 51 tilings in it right now
There are 37 tilings in the search tree
Time taken so far is 1.349884271621704 seconds

Doing depth 5
We had 12 inferral cache hits and 839 partitioning cache hits
The partitioning cache has 32 tilings in it right now
The inferral cache has 116 tilings in it right now
There are 109 tilings in the search tree
Time taken so far is 3.9552183151245117 seconds

Doing depth 6
We had 42 inferral cache hits and 1958 partitioning cache hits
The partitioning cache has 32 tilings in it right now
The inferral cache has 204 tilings in it right now
There are 197 tilings in the search tree
Time taken so far is 23.027610063552856 seconds

Doing depth 7
We had 83 inferral cache hits and 4852 partitioning cache hits
The partitioning cache has 83 tilings in it right now
The inferral cache has 639 tilings in it right now
There are 546 tilings in the search tree
Time taken so far is 104.78575611114502 seconds

Doing depth 8
We had 493 inferral cache hits and 20221 partitioning cache hits
The partitioning cache has 479 tilings in it right now
The inferral cache has 2348 tilings in it right now
There are 2879 tilings in the search tree
Time taken so far is 2334.3830201625824 seconds

Now processing 0132_1203
Doing depth 1
We had 0 inferral cache hits and 14 partitioning cache hits
The partitioning cache has 0 tilings in it right now
The inferral cache has 6 tilings in it right now
There are 5 tilings in the search tree
Time taken so far is 0.014054536819458008 seconds

Doing depth 2
We had 0 inferral cache hits and 81 partitioning cache hits
The partitioning cache has 4 tilings in it right now
The inferral cache has 14 tilings in it right now
There are 13 tilings in the search tree
Time taken so far is 0.08296799659729004 seconds

Doing depth 3
We had 2 inferral cache hits and 223 partitioning cache hits
The partitioning cache has 2 tilings in it right now
The inferral cache has 38 tilings in it right now
There are 27 tilings in the search tree
Time taken so far is 0.3875234127044678 seconds

Doing depth 4
We had 2 inferral cache hits and 311 partitioning cache hits
The partitioning cache has 0 tilings in it right now
The inferral cache has 56 tilings in it right now
There are 35 tilings in the search tree
Time taken so far is 1.1235337257385254 seconds

Doing depth 5
We had 4 inferral cache hits and 713 partitioning cache hits
The partitioning cache has 28 tilings in it right now
The inferral cache has 113 tilings in it right now
There are 77 tilings in the search tree
Time taken so far is 3.1327762603759766 seconds

Doing depth 6
We had 47 inferral cache hits and 2343 partitioning cache hits
The partitioning cache has 41 tilings in it right now
The inferral cache has 338 tilings in it right now
There are 219 tilings in the search tree
Time taken so far is 23.633877277374268 seconds

Doing depth 7
We had 242 inferral cache hits and 9055 partitioning cache hits
The partitioning cache has 155 tilings in it right now
The inferral cache has 1521 tilings in it right now
There are 1102 tilings in the search tree
Time taken so far is 114.66319012641907 seconds

Doing depth 8
We had 1517 inferral cache hits and 43661 partitioning cache hits
The partitioning cache has 1020 tilings in it right now
The inferral cache has 6397 tilings in it right now
There are 5559 tilings in the search tree
Time taken so far is 1174.593468427658 seconds

Now processing 0132_1230
Doing depth 1
We had 0 inferral cache hits and 14 partitioning cache hits
The partitioning cache has 0 tilings in it right now
The inferral cache has 6 tilings in it right now
There are 5 tilings in the search tree
Time taken so far is 0.014292478561401367 seconds

Doing depth 2
We had 0 inferral cache hits and 81 partitioning cache hits
The partitioning cache has 4 tilings in it right now
The inferral cache has 14 tilings in it right now
There are 13 tilings in the search tree
Time taken so far is 0.08282184600830078 seconds

Doing depth 3
We had 2 inferral cache hits and 223 partitioning cache hits
The partitioning cache has 2 tilings in it right now
The inferral cache has 37 tilings in it right now
There are 27 tilings in the search tree
Time taken so far is 0.38323545455932617 seconds

Doing depth 4
We had 2 inferral cache hits and 311 partitioning cache hits
The partitioning cache has 0 tilings in it right now
The inferral cache has 53 tilings in it right now
There are 35 tilings in the search tree
Time taken so far is 1.116913080215454 seconds

Doing depth 5
We had 4 inferral cache hits and 679 partitioning cache hits
The partitioning cache has 26 tilings in it right now
The inferral cache has 95 tilings in it right now
There are 72 tilings in the search tree
Time taken so far is 3.2311575412750244 seconds

Doing depth 6
We had 34 inferral cache hits and 1734 partitioning cache hits
The partitioning cache has 15 tilings in it right now
The inferral cache has 197 tilings in it right now
There are 141 tilings in the search tree
Time taken so far is 24.219290733337402 seconds

Doing depth 7
We had 34 inferral cache hits and 2725 partitioning cache hits
The partitioning cache has 7 tilings in it right now
The inferral cache has 371 tilings in it right now
There are 226 tilings in the search tree
Time taken so far is 91.33681511878967 seconds

Doing depth 8
We had 70 inferral cache hits and 7265 partitioning cache hits
The partitioning cache has 215 tilings in it right now
The inferral cache has 837 tilings in it right now
There are 640 tilings in the search tree
Time taken so far is 221.96148872375488 seconds

Now processing 0132_1320
Doing depth 1
We had 0 inferral cache hits and 14 partitioning cache hits
The partitioning cache has 0 tilings in it right now
The inferral cache has 6 tilings in it right now
There are 5 tilings in the search tree
Time taken so far is 0.02427220344543457 seconds

Doing depth 2
We had 0 inferral cache hits and 81 partitioning cache hits
The partitioning cache has 4 tilings in it right now
The inferral cache has 14 tilings in it right now
There are 13 tilings in the search tree
Time taken so far is 0.11525106430053711 seconds

Doing depth 3
We had 2 inferral cache hits and 223 partitioning cache hits
The partitioning cache has 2 tilings in it right now
The inferral cache has 36 tilings in it right now
There are 27 tilings in the search tree
Time taken so far is 0.42276930809020996 seconds

Doing depth 4
We had 2 inferral cache hits and 311 partitioning cache hits
The partitioning cache has 1 tilings in it right now
The inferral cache has 52 tilings in it right now
There are 35 tilings in the search tree
Time taken so far is 1.2288601398468018 seconds

Doing depth 5
We had 3 inferral cache hits and 698 partitioning cache hits
The partitioning cache has 27 tilings in it right now
The inferral cache has 97 tilings in it right now
There are 74 tilings in the search tree
Time taken so far is 3.440706729888916 seconds

Doing depth 6
We had 39 inferral cache hits and 2098 partitioning cache hits
The partitioning cache has 29 tilings in it right now
The inferral cache has 238 tilings in it right now
There are 183 tilings in the search tree
Time taken so far is 24.471723794937134 seconds

Doing depth 7
We had 107 inferral cache hits and 5841 partitioning cache hits
The partitioning cache has 88 tilings in it right now
The inferral cache has 800 tilings in it right now
There are 619 tilings in the search tree
Time taken so far is 100.95141792297363 seconds

Doing depth 8
We had 539 inferral cache hits and 23620 partitioning cache hits
The partitioning cache has 470 tilings in it right now
The inferral cache has 2955 tilings in it right now
There are 2904 tilings in the search tree
Time taken so far is 332.7706515789032 seconds

Now processing 0132_2301
Doing depth 1
We had 0 inferral cache hits and 14 partitioning cache hits
The partitioning cache has 0 tilings in it right now
The inferral cache has 5 tilings in it right now
There are 5 tilings in the search tree
Time taken so far is 0.013585567474365234 seconds

Doing depth 2
We had 0 inferral cache hits and 81 partitioning cache hits
The partitioning cache has 4 tilings in it right now
The inferral cache has 13 tilings in it right now
There are 13 tilings in the search tree
Time taken so far is 0.08485174179077148 seconds

Doing depth 3
We had 2 inferral cache hits and 223 partitioning cache hits
The partitioning cache has 2 tilings in it right now
The inferral cache has 32 tilings in it right now
There are 27 tilings in the search tree
Time taken so far is 0.4291417598724365 seconds

Doing depth 4
We had 2 inferral cache hits and 311 partitioning cache hits
The partitioning cache has 1 tilings in it right now
The inferral cache has 47 tilings in it right now
There are 35 tilings in the search tree
Time taken so far is 1.3481009006500244 seconds

Doing depth 5
We had 3 inferral cache hits and 696 partitioning cache hits
The partitioning cache has 24 tilings in it right now
The inferral cache has 95 tilings in it right now
There are 71 tilings in the search tree
Time taken so far is 4.0129475593566895 seconds

Doing depth 6
We had 37 inferral cache hits and 2014 partitioning cache hits
The partitioning cache has 31 tilings in it right now
The inferral cache has 220 tilings in it right now
There are 162 tilings in the search tree
Time taken so far is 25.015878438949585 seconds

Doing depth 7
We had 37 inferral cache hits and 3006 partitioning cache hits
The partitioning cache has 35 tilings in it right now
The inferral cache has 388 tilings in it right now
There are 247 tilings in the search tree
Time taken so far is 86.55608081817627 seconds

Doing depth 8
We had 91 inferral cache hits and 7562 partitioning cache hits
The partitioning cache has 199 tilings in it right now
The inferral cache has 860 tilings in it right now
There are 648 tilings in the search tree
Time taken so far is 201.99041056632996 seconds

Now processing 0132_3120
Doing depth 1
We had 0 inferral cache hits and 14 partitioning cache hits
The partitioning cache has 0 tilings in it right now
The inferral cache has 6 tilings in it right now
There are 5 tilings in the search tree
Time taken so far is 0.017731904983520508 seconds

Doing depth 2
We had 0 inferral cache hits and 81 partitioning cache hits
The partitioning cache has 4 tilings in it right now
The inferral cache has 14 tilings in it right now
There are 15 tilings in the search tree
Time taken so far is 0.08857274055480957 seconds

Doing depth 3
We had 2 inferral cache hits and 223 partitioning cache hits
The partitioning cache has 2 tilings in it right now
The inferral cache has 38 tilings in it right now
There are 31 tilings in the search tree
Time taken so far is 0.3686530590057373 seconds

Doing depth 4
We had 2 inferral cache hits and 311 partitioning cache hits
The partitioning cache has 0 tilings in it right now
The inferral cache has 54 tilings in it right now
There are 40 tilings in the search tree
Time taken so far is 1.001065731048584 seconds

Doing depth 5
We had 4 inferral cache hits and 669 partitioning cache hits
The partitioning cache has 26 tilings in it right now
The inferral cache has 92 tilings in it right now
There are 72 tilings in the search tree
Time taken so far is 3.1092169284820557 seconds

Doing depth 6
We had 34 inferral cache hits and 1762 partitioning cache hits
The partitioning cache has 22 tilings in it right now
The inferral cache has 190 tilings in it right now
There are 144 tilings in the search tree
Time taken so far is 20.41526699066162 seconds

Doing depth 7
We had 43 inferral cache hits and 3260 partitioning cache hits
The partitioning cache has 37 tilings in it right now
The inferral cache has 426 tilings in it right now
There are 312 tilings in the search tree
Time taken so far is 72.94002938270569 seconds

Doing depth 8
We had 157 inferral cache hits and 9908 partitioning cache hits
The partitioning cache has 295 tilings in it right now
The inferral cache has 1110 tilings in it right now
There are 998 tilings in the search tree
Time taken so far is 189.41123008728027 seconds

Now processing 0213_0231
Doing depth 1
We had 0 inferral cache hits and 14 partitioning cache hits
The partitioning cache has 0 tilings in it right now
The inferral cache has 6 tilings in it right now
There are 5 tilings in the search tree
Time taken so far is 0.017675399780273438 seconds

Doing depth 2
We had 0 inferral cache hits and 81 partitioning cache hits
The partitioning cache has 4 tilings in it right now
The inferral cache has 14 tilings in it right now
There are 15 tilings in the search tree
Time taken so far is 0.08971667289733887 seconds

Doing depth 3
We had 2 inferral cache hits and 223 partitioning cache hits
The partitioning cache has 2 tilings in it right now
The inferral cache has 35 tilings in it right now
There are 31 tilings in the search tree
Time taken so far is 0.37520718574523926 seconds

Doing depth 4
We had 2 inferral cache hits and 311 partitioning cache hits
The partitioning cache has 2 tilings in it right now
The inferral cache has 49 tilings in it right now
There are 40 tilings in the search tree
Time taken so far is 1.1511197090148926 seconds

Doing depth 5
We had 4 inferral cache hits and 671 partitioning cache hits
The partitioning cache has 25 tilings in it right now
The inferral cache has 86 tilings in it right now
There are 81 tilings in the search tree
Time taken so far is 3.3689095973968506 seconds

Doing depth 6
We had 27 inferral cache hits and 1635 partitioning cache hits
The partitioning cache has 17 tilings in it right now
The inferral cache has 170 tilings in it right now
There are 148 tilings in the search tree
Time taken so far is 21.31645703315735 seconds

Doing depth 7
We had 27 inferral cache hits and 2852 partitioning cache hits
The partitioning cache has 49 tilings in it right now
The inferral cache has 326 tilings in it right now
There are 253 tilings in the search tree
Time taken so far is 86.51852226257324 seconds

Doing depth 8
We had 74 inferral cache hits and 7428 partitioning cache hits
The partitioning cache has 184 tilings in it right now
The inferral cache has 712 tilings in it right now
There are 648 tilings in the search tree
Time taken so far is 226.31306076049805 seconds

Now processing 0213_0321
Doing depth 1
We had 0 inferral cache hits and 14 partitioning cache hits
The partitioning cache has 0 tilings in it right now
The inferral cache has 6 tilings in it right now
There are 5 tilings in the search tree
Time taken so far is 0.01718449592590332 seconds

Doing depth 2
We had 0 inferral cache hits and 81 partitioning cache hits
The partitioning cache has 4 tilings in it right now
The inferral cache has 14 tilings in it right now
There are 15 tilings in the search tree
Time taken so far is 0.08898067474365234 seconds

Doing depth 3
We had 2 inferral cache hits and 223 partitioning cache hits
The partitioning cache has 2 tilings in it right now
The inferral cache has 37 tilings in it right now
There are 31 tilings in the search tree
Time taken so far is 0.37427186965942383 seconds

Doing depth 4
We had 2 inferral cache hits and 311 partitioning cache hits
The partitioning cache has 1 tilings in it right now
The inferral cache has 52 tilings in it right now
There are 40 tilings in the search tree
Time taken so far is 1.0225822925567627 seconds

Doing depth 5
We had 4 inferral cache hits and 670 partitioning cache hits
The partitioning cache has 28 tilings in it right now
The inferral cache has 88 tilings in it right now
There are 75 tilings in the search tree
Time taken so far is 3.176802635192871 seconds

Doing depth 6
We had 33 inferral cache hits and 1732 partitioning cache hits
The partitioning cache has 19 tilings in it right now
The inferral cache has 170 tilings in it right now
There are 148 tilings in the search tree
Time taken so far is 22.884773015975952 seconds

Doing depth 7
We had 33 inferral cache hits and 2863 partitioning cache hits
The partitioning cache has 21 tilings in it right now
The inferral cache has 353 tilings in it right now
There are 254 tilings in the search tree
Time taken so far is 90.92638516426086 seconds

Doing depth 8
We had 63 inferral cache hits and 7309 partitioning cache hits
The partitioning cache has 232 tilings in it right now
The inferral cache has 756 tilings in it right now
There are 653 tilings in the search tree
Time taken so far is 222.69077134132385 seconds

Now processing 0213_1032
Doing depth 1
We had 0 inferral cache hits and 14 partitioning cache hits
The partitioning cache has 0 tilings in it right now
The inferral cache has 6 tilings in it right now
There are 5 tilings in the search tree
Time taken so far is 0.014768600463867188 seconds

Doing depth 2
We had 0 inferral cache hits and 81 partitioning cache hits
The partitioning cache has 4 tilings in it right now
The inferral cache has 14 tilings in it right now
There are 13 tilings in the search tree
Time taken so far is 0.08274126052856445 seconds

Doing depth 3
We had 2 inferral cache hits and 223 partitioning cache hits
The partitioning cache has 2 tilings in it right now
The inferral cache has 36 tilings in it right now
There are 27 tilings in the search tree
Time taken so far is 0.5413713455200195 seconds

Doing depth 4
We had 2 inferral cache hits and 311 partitioning cache hits
The partitioning cache has 2 tilings in it right now
The inferral cache has 50 tilings in it right now
There are 35 tilings in the search tree
Time taken so far is 1.4383502006530762 seconds

Doing depth 5
We had 4 inferral cache hits and 681 partitioning cache hits
The partitioning cache has 26 tilings in it right now
The inferral cache has 92 tilings in it right now
There are 72 tilings in the search tree
Time taken so far is 3.9370014667510986 seconds

Doing depth 6
We had 31 inferral cache hits and 1794 partitioning cache hits
The partitioning cache has 20 tilings in it right now
The inferral cache has 193 tilings in it right now
There are 152 tilings in the search tree
Time taken so far is 23.751673460006714 seconds

Doing depth 7
We had 51 inferral cache hits and 3822 partitioning cache hits
The partitioning cache has 62 tilings in it right now
The inferral cache has 481 tilings in it right now
There are 356 tilings in the search tree
Time taken so far is 81.16412949562073 seconds

Doing depth 8
We had 272 inferral cache hits and 13880 partitioning cache hits
The partitioning cache has 329 tilings in it right now
The inferral cache has 1569 tilings in it right now
There are 1415 tilings in the search tree
Time taken so far is 444.59182262420654 seconds

Now processing 0213_1230
Doing depth 1
We had 0 inferral cache hits and 14 partitioning cache hits
The partitioning cache has 0 tilings in it right now
The inferral cache has 6 tilings in it right now
There are 5 tilings in the search tree
Time taken so far is 0.015432357788085938 seconds

Doing depth 2
We had 0 inferral cache hits and 81 partitioning cache hits
The partitioning cache has 4 tilings in it right now
The inferral cache has 14 tilings in it right now
There are 15 tilings in the search tree
Time taken so far is 0.0871286392211914 seconds

Doing depth 3
We had 2 inferral cache hits and 223 partitioning cache hits
The partitioning cache has 2 tilings in it right now
The inferral cache has 37 tilings in it right now
There are 31 tilings in the search tree
Time taken so far is 0.5908067226409912 seconds

Doing depth 4
We had 2 inferral cache hits and 311 partitioning cache hits
The partitioning cache has 1 tilings in it right now
The inferral cache has 52 tilings in it right now
There are 40 tilings in the search tree
Time taken so far is 1.2636914253234863 seconds

Doing depth 5
We had 4 inferral cache hits and 742 partitioning cache hits
The partitioning cache has 27 tilings in it right now
The inferral cache has 113 tilings in it right now
There are 82 tilings in the search tree
Time taken so far is 3.609633684158325 seconds

Doing depth 6
We had 73 inferral cache hits and 3159 partitioning cache hits
The partitioning cache has 45 tilings in it right now
The inferral cache has 469 tilings in it right now
There are 310 tilings in the search tree
Time taken so far is 25.248008251190186 seconds

Doing depth 7
We had 73 inferral cache hits and 4234 partitioning cache hits
The partitioning cache has 41 tilings in it right now
The inferral cache has 664 tilings in it right now
There are 410 tilings in the search tree
Time taken so far is 72.66022253036499 seconds

Doing depth 8
We had 118 inferral cache hits and 9780 partitioning cache hits
The partitioning cache has 261 tilings in it right now
The inferral cache has 1321 tilings in it right now
There are 948 tilings in the search tree
Time taken so far is 173.2779049873352 seconds

Now processing 0213_1320
Doing depth 1
We had 0 inferral cache hits and 14 partitioning cache hits
The partitioning cache has 0 tilings in it right now
The inferral cache has 6 tilings in it right now
There are 5 tilings in the search tree
Time taken so far is 0.014880895614624023 seconds

Doing depth 2
We had 0 inferral cache hits and 81 partitioning cache hits
The partitioning cache has 4 tilings in it right now
The inferral cache has 14 tilings in it right now
There are 15 tilings in the search tree
Time taken so far is 0.07684206962585449 seconds

Doing depth 3
We had 2 inferral cache hits and 223 partitioning cache hits
The partitioning cache has 2 tilings in it right now
The inferral cache has 36 tilings in it right now
There are 31 tilings in the search tree
Time taken so far is 0.3191084861755371 seconds

Doing depth 4
We had 2 inferral cache hits and 311 partitioning cache hits
The partitioning cache has 2 tilings in it right now
The inferral cache has 50 tilings in it right now
There are 40 tilings in the search tree
Time taken so far is 0.9287521839141846 seconds

Doing depth 5
We had 4 inferral cache hits and 683 partitioning cache hits
The partitioning cache has 29 tilings in it right now
The inferral cache has 89 tilings in it right now
There are 77 tilings in the search tree
Time taken so far is 2.953798294067383 seconds

Doing depth 6
We had 41 inferral cache hits and 2038 partitioning cache hits
The partitioning cache has 31 tilings in it right now
The inferral cache has 209 tilings in it right now
There are 198 tilings in the search tree
Time taken so far is 21.473588943481445 seconds

Doing depth 7
We had 77 inferral cache hits and 4709 partitioning cache hits
The partitioning cache has 91 tilings in it right now
The inferral cache has 609 tilings in it right now
There are 541 tilings in the search tree
Time taken so far is 92.1103777885437 seconds

Doing depth 8
We had 460 inferral cache hits and 19365 partitioning cache hits
The partitioning cache has 514 tilings in it right now
The inferral cache has 2357 tilings in it right now
There are 2729 tilings in the search tree
Time taken so far is 293.5552988052368 seconds

Now processing 0213_2301
Doing depth 1
We had 0 inferral cache hits and 14 partitioning cache hits
The partitioning cache has 0 tilings in it right now
The inferral cache has 6 tilings in it right now
There are 5 tilings in the search tree
Time taken so far is 0.014056205749511719 seconds

Doing depth 2
We had 0 inferral cache hits and 81 partitioning cache hits
The partitioning cache has 4 tilings in it right now
The inferral cache has 14 tilings in it right now
There are 13 tilings in the search tree
Time taken so far is 0.08428788185119629 seconds

Doing depth 3
We had 2 inferral cache hits and 223 partitioning cache hits
The partitioning cache has 2 tilings in it right now
The inferral cache has 36 tilings in it right now
There are 27 tilings in the search tree
Time taken so far is 0.3978602886199951 seconds

Doing depth 4
We had 2 inferral cache hits and 311 partitioning cache hits
The partitioning cache has 0 tilings in it right now
The inferral cache has 52 tilings in it right now
There are 35 tilings in the search tree
Time taken so far is 1.2062268257141113 seconds

Doing depth 5
We had 4 inferral cache hits and 679 partitioning cache hits
The partitioning cache has 26 tilings in it right now
The inferral cache has 94 tilings in it right now
There are 69 tilings in the search tree
Time taken so far is 3.450734853744507 seconds

Doing depth 6
We had 32 inferral cache hits and 1709 partitioning cache hits
The partitioning cache has 17 tilings in it right now
The inferral cache has 173 tilings in it right now
There are 128 tilings in the search tree
Time taken so far is 24.371077060699463 seconds

Doing depth 7
We had 44 inferral cache hits and 3054 partitioning cache hits
The partitioning cache has 36 tilings in it right now
The inferral cache has 410 tilings in it right now
There are 253 tilings in the search tree
Time taken so far is 89.37314534187317 seconds

Doing depth 8
We had 352 inferral cache hits and 10780 partitioning cache hits
The partitioning cache has 274 tilings in it right now
The inferral cache has 1300 tilings in it right now
There are 1138 tilings in the search tree
Time taken so far is 221.22508811950684 seconds

Now processing 0213_3120
Doing depth 1
We had 0 inferral cache hits and 14 partitioning cache hits
The partitioning cache has 0 tilings in it right now
The inferral cache has 6 tilings in it right now
There are 5 tilings in the search tree
Time taken so far is 0.019532442092895508 seconds

Doing depth 2
We had 0 inferral cache hits and 81 partitioning cache hits
The partitioning cache has 4 tilings in it right now
The inferral cache has 14 tilings in it right now
There are 16 tilings in the search tree
Time taken so far is 0.0950171947479248 seconds

Doing depth 3
We had 2 inferral cache hits and 223 partitioning cache hits
The partitioning cache has 2 tilings in it right now
The inferral cache has 40 tilings in it right now
There are 34 tilings in the search tree
Time taken so far is 0.3502790927886963 seconds

Doing depth 4
We had 2 inferral cache hits and 311 partitioning cache hits
The partitioning cache has 0 tilings in it right now
The inferral cache has 56 tilings in it right now
There are 44 tilings in the search tree
Time taken so far is 0.8573610782623291 seconds

Doing depth 5
We had 4 inferral cache hits and 659 partitioning cache hits
The partitioning cache has 26 tilings in it right now
The inferral cache has 90 tilings in it right now
There are 74 tilings in the search tree
Time taken so far is 2.886415958404541 seconds

Doing depth 6
We had 34 inferral cache hits and 1677 partitioning cache hits
The partitioning cache has 18 tilings in it right now
The inferral cache has 166 tilings in it right now
There are 132 tilings in the search tree
Time taken so far is 20.20631170272827 seconds

Doing depth 7
We had 34 inferral cache hits and 2821 partitioning cache hits
The partitioning cache has 12 tilings in it right now
The inferral cache has 364 tilings in it right now
There are 233 tilings in the search tree
Time taken so far is 74.1181845664978 seconds

Doing depth 8
We had 82 inferral cache hits and 8101 partitioning cache hits
The partitioning cache has 228 tilings in it right now
The inferral cache has 1012 tilings in it right now
There are 695 tilings in the search tree
Time taken so far is 197.28330397605896 seconds

Now processing 0231_0312
Doing depth 1
We had 0 inferral cache hits and 14 partitioning cache hits
The partitioning cache has 0 tilings in it right now
The inferral cache has 5 tilings in it right now
There are 5 tilings in the search tree
Time taken so far is 0.02910757064819336 seconds

Doing depth 2
We had 0 inferral cache hits and 81 partitioning cache hits
The partitioning cache has 4 tilings in it right now
The inferral cache has 13 tilings in it right now
There are 15 tilings in the search tree
Time taken so far is 0.12253499031066895 seconds

Doing depth 3
We had 2 inferral cache hits and 223 partitioning cache hits
The partitioning cache has 2 tilings in it right now
The inferral cache has 34 tilings in it right now
There are 31 tilings in the search tree
Time taken so far is 0.4414048194885254 seconds

Doing depth 4
We had 2 inferral cache hits and 311 partitioning cache hits
The partitioning cache has 3 tilings in it right now
The inferral cache has 47 tilings in it right now
There are 40 tilings in the search tree
Time taken so far is 1.330808162689209 seconds

Doing depth 5
We had 4 inferral cache hits and 692 partitioning cache hits
The partitioning cache has 27 tilings in it right now
The inferral cache has 88 tilings in it right now
There are 79 tilings in the search tree
Time taken so far is 4.0933098793029785 seconds

Doing depth 6
We had 34 inferral cache hits and 1820 partitioning cache hits
The partitioning cache has 17 tilings in it right now
The inferral cache has 196 tilings in it right now
There are 162 tilings in the search tree
Time taken so far is 29.902561902999878 seconds

Doing depth 7
We had 34 inferral cache hits and 2831 partitioning cache hits
The partitioning cache has 27 tilings in it right now
The inferral cache has 346 tilings in it right now
There are 251 tilings in the search tree
Time taken so far is 123.2755241394043 seconds

Doing depth 8
We had 63 inferral cache hits and 7114 partitioning cache hits
The partitioning cache has 220 tilings in it right now
The inferral cache has 769 tilings in it right now
There are 642 tilings in the search tree
Time taken so far is 304.26864790916443 seconds

Now processing 0231_0321
Doing depth 1
We had 0 inferral cache hits and 14 partitioning cache hits
The partitioning cache has 0 tilings in it right now
The inferral cache has 5 tilings in it right now
There are 5 tilings in the search tree
Time taken so far is 0.016573190689086914 seconds

Doing depth 2
We had 0 inferral cache hits and 81 partitioning cache hits
The partitioning cache has 4 tilings in it right now
The inferral cache has 13 tilings in it right now
There are 15 tilings in the search tree
Time taken so far is 0.09203886985778809 seconds

Doing depth 3
We had 2 inferral cache hits and 223 partitioning cache hits
The partitioning cache has 2 tilings in it right now
The inferral cache has 33 tilings in it right now
There are 31 tilings in the search tree
Time taken so far is 0.42023181915283203 seconds

Doing depth 4
We had 2 inferral cache hits and 321 partitioning cache hits
The partitioning cache has 3 tilings in it right now
The inferral cache has 50 tilings in it right now
There are 42 tilings in the search tree
Time taken so far is 1.2564899921417236 seconds

Doing depth 5
We had 12 inferral cache hits and 806 partitioning cache hits
The partitioning cache has 38 tilings in it right now
The inferral cache has 100 tilings in it right now
There are 98 tilings in the search tree
Time taken so far is 3.916304111480713 seconds

Doing depth 6
We had 76 inferral cache hits and 2481 partitioning cache hits
The partitioning cache has 53 tilings in it right now
The inferral cache has 233 tilings in it right now
There are 255 tilings in the search tree
Time taken so far is 26.066088676452637 seconds

Doing depth 7
We had 194 inferral cache hits and 6088 partitioning cache hits
The partitioning cache has 119 tilings in it right now
The inferral cache has 685 tilings in it right now
There are 671 tilings in the search tree
Time taken so far is 110.97215485572815 seconds

Doing depth 8
We had 673 inferral cache hits and 19976 partitioning cache hits
The partitioning cache has 695 tilings in it right now
The inferral cache has 1963 tilings in it right now
There are 2228 tilings in the search tree
Time taken so far is 321.58535718917847 seconds

Now processing 0231_1203
Doing depth 1
We had 0 inferral cache hits and 14 partitioning cache hits
The partitioning cache has 0 tilings in it right now
The inferral cache has 6 tilings in it right now
There are 5 tilings in the search tree
Time taken so far is 0.013224363327026367 seconds

Doing depth 2
We had 0 inferral cache hits and 81 partitioning cache hits
The partitioning cache has 4 tilings in it right now
The inferral cache has 14 tilings in it right now
There are 13 tilings in the search tree
Time taken so far is 0.08049201965332031 seconds

Doing depth 3
We had 2 inferral cache hits and 223 partitioning cache hits
The partitioning cache has 2 tilings in it right now
The inferral cache has 36 tilings in it right now
There are 27 tilings in the search tree
Time taken so far is 0.3901047706604004 seconds

Doing depth 4
We had 2 inferral cache hits and 311 partitioning cache hits
The partitioning cache has 1 tilings in it right now
The inferral cache has 51 tilings in it right now
There are 35 tilings in the search tree
Time taken so far is 1.1639471054077148 seconds

Doing depth 5
We had 4 inferral cache hits and 762 partitioning cache hits
The partitioning cache has 26 tilings in it right now
The inferral cache has 117 tilings in it right now
There are 79 tilings in the search tree
Time taken so far is 4.1185302734375 seconds

Doing depth 6
We had 31 inferral cache hits and 2175 partitioning cache hits
The partitioning cache has 16 tilings in it right now
The inferral cache has 291 tilings in it right now
There are 173 tilings in the search tree
Time taken so far is 28.02076244354248 seconds

Doing depth 7
We had 31 inferral cache hits and 3110 partitioning cache hits
The partitioning cache has 17 tilings in it right now
The inferral cache has 445 tilings in it right now
There are 254 tilings in the search tree
Time taken so far is 88.75512194633484 seconds

Doing depth 8
We had 64 inferral cache hits and 8033 partitioning cache hits
The partitioning cache has 199 tilings in it right now
The inferral cache has 1035 tilings in it right now
There are 681 tilings in the search tree
Time taken so far is 212.20176362991333 seconds

Now processing 0231_1230
Doing depth 1
We had 0 inferral cache hits and 14 partitioning cache hits
The partitioning cache has 0 tilings in it right now
The inferral cache has 6 tilings in it right now
There are 5 tilings in the search tree
Time taken so far is 0.013150930404663086 seconds

Doing depth 2
We had 0 inferral cache hits and 81 partitioning cache hits
The partitioning cache has 4 tilings in it right now
The inferral cache has 14 tilings in it right now
There are 13 tilings in the search tree
Time taken so far is 0.07999897003173828 seconds

Doing depth 3
We had 2 inferral cache hits and 223 partitioning cache hits
The partitioning cache has 2 tilings in it right now
The inferral cache has 36 tilings in it right now
There are 27 tilings in the search tree
Time taken so far is 0.5526015758514404 seconds

Doing depth 4
We had 2 inferral cache hits and 311 partitioning cache hits
The partitioning cache has 0 tilings in it right now
The inferral cache has 52 tilings in it right now
There are 35 tilings in the search tree
Time taken so far is 1.3900115489959717 seconds

Doing depth 5
We had 4 inferral cache hits and 691 partitioning cache hits
The partitioning cache has 27 tilings in it right now
The inferral cache has 95 tilings in it right now
There are 80 tilings in the search tree
Time taken so far is 3.615543842315674 seconds

Doing depth 6
We had 38 inferral cache hits and 1952 partitioning cache hits
The partitioning cache has 24 tilings in it right now
The inferral cache has 214 tilings in it right now
There are 190 tilings in the search tree
Time taken so far is 22.549198865890503 seconds

Doing depth 7
We had 77 inferral cache hits and 4568 partitioning cache hits
The partitioning cache has 53 tilings in it right now
The inferral cache has 595 tilings in it right now
There are 509 tilings in the search tree
Time taken so far is 96.8531973361969 seconds

Doing depth 8
We had 393 inferral cache hits and 18112 partitioning cache hits
The partitioning cache has 388 tilings in it right now
The inferral cache has 2118 tilings in it right now
There are 2388 tilings in the search tree
Time taken so far is 3418.400893688202 seconds

Now processing 0231_1302
Doing depth 1
We had 0 inferral cache hits and 14 partitioning cache hits
The partitioning cache has 0 tilings in it right now
The inferral cache has 5 tilings in it right now
There are 5 tilings in the search tree
Time taken so far is 0.013667583465576172 seconds

Doing depth 2
We had 0 inferral cache hits and 81 partitioning cache hits
The partitioning cache has 4 tilings in it right now
The inferral cache has 13 tilings in it right now
There are 13 tilings in the search tree
Time taken so far is 0.08347558975219727 seconds

Doing depth 3
We had 2 inferral cache hits and 223 partitioning cache hits
The partitioning cache has 2 tilings in it right now
The inferral cache has 32 tilings in it right now
There are 27 tilings in the search tree
Time taken so far is 0.4253685474395752 seconds

Doing depth 4
We had 2 inferral cache hits and 311 partitioning cache hits
The partitioning cache has 3 tilings in it right now
The inferral cache has 45 tilings in it right now
There are 35 tilings in the search tree
Time taken so far is 1.315600872039795 seconds

Doing depth 5
We had 4 inferral cache hits and 724 partitioning cache hits
The partitioning cache has 24 tilings in it right now
The inferral cache has 97 tilings in it right now
There are 81 tilings in the search tree
Time taken so far is 3.917494058609009 seconds

Doing depth 6
We had 33 inferral cache hits and 2052 partitioning cache hits
The partitioning cache has 23 tilings in it right now
The inferral cache has 236 tilings in it right now
There are 199 tilings in the search tree
Time taken so far is 32.97315311431885 seconds

Doing depth 7
We had 73 inferral cache hits and 4792 partitioning cache hits
The partitioning cache has 74 tilings in it right now
The inferral cache has 614 tilings in it right now
There are 582 tilings in the search tree
Time taken so far is 147.60646200180054 seconds

Doing depth 8
We had 579 inferral cache hits and 20277 partitioning cache hits
The partitioning cache has 448 tilings in it right now
The inferral cache has 2401 tilings in it right now
There are 3228 tilings in the search tree
Time taken so far is 1425.0394940376282 seconds

Now processing 0231_2013
Doing depth 1
We had 0 inferral cache hits and 14 partitioning cache hits
The partitioning cache has 0 tilings in it right now
The inferral cache has 6 tilings in it right now
There are 5 tilings in the search tree
Time taken so far is 0.024361610412597656 seconds

Doing depth 2
We had 0 inferral cache hits and 81 partitioning cache hits
The partitioning cache has 4 tilings in it right now
The inferral cache has 14 tilings in it right now
There are 13 tilings in the search tree
Time taken so far is 0.11428689956665039 seconds

Doing depth 3
We had 2 inferral cache hits and 223 partitioning cache hits
The partitioning cache has 2 tilings in it right now
The inferral cache has 36 tilings in it right now
There are 27 tilings in the search tree
Time taken so far is 0.427675724029541 seconds

Doing depth 4
We had 2 inferral cache hits and 311 partitioning cache hits
The partitioning cache has 2 tilings in it right now
The inferral cache has 50 tilings in it right now
There are 35 tilings in the search tree
Time taken so far is 1.244063377380371 seconds

Doing depth 5
We had 4 inferral cache hits and 681 partitioning cache hits
The partitioning cache has 22 tilings in it right now
The inferral cache has 96 tilings in it right now
There are 69 tilings in the search tree
Time taken so far is 3.4874653816223145 seconds

Doing depth 6
We had 41 inferral cache hits and 2072 partitioning cache hits
The partitioning cache has 33 tilings in it right now
The inferral cache has 252 tilings in it right now
There are 179 tilings in the search tree
Time taken so far is 24.88152527809143 seconds

Doing depth 7
We had 74 inferral cache hits and 3825 partitioning cache hits
The partitioning cache has 77 tilings in it right now
The inferral cache has 484 tilings in it right now
There are 348 tilings in the search tree
Time taken so far is 77.41900873184204 seconds

Doing depth 8
We had 298 inferral cache hits and 11669 partitioning cache hits
The partitioning cache has 344 tilings in it right now
The inferral cache has 1238 tilings in it right now
There are 1084 tilings in the search tree
Time taken so far is 952.9724221229553 seconds

Now processing 0231_2031
Doing depth 1
We had 0 inferral cache hits and 14 partitioning cache hits
The partitioning cache has 0 tilings in it right now
The inferral cache has 5 tilings in it right now
There are 5 tilings in the search tree
Time taken so far is 0.015756845474243164 seconds

Doing depth 2
We had 0 inferral cache hits and 81 partitioning cache hits
The partitioning cache has 4 tilings in it right now
The inferral cache has 13 tilings in it right now
There are 13 tilings in the search tree
Time taken so far is 0.08910059928894043 seconds

Doing depth 3
We had 2 inferral cache hits and 223 partitioning cache hits
The partitioning cache has 2 tilings in it right now
The inferral cache has 32 tilings in it right now
There are 27 tilings in the search tree
Time taken so far is 0.41838502883911133 seconds

Doing depth 4
We had 2 inferral cache hits and 311 partitioning cache hits
The partitioning cache has 4 tilings in it right now
The inferral cache has 45 tilings in it right now
There are 35 tilings in the search tree
Time taken so far is 1.2876405715942383 seconds

Doing depth 5
We had 4 inferral cache hits and 692 partitioning cache hits
The partitioning cache has 24 tilings in it right now
The inferral cache has 90 tilings in it right now
There are 74 tilings in the search tree
Time taken so far is 4.134290933609009 seconds

Doing depth 6
We had 28 inferral cache hits and 1675 partitioning cache hits
The partitioning cache has 17 tilings in it right now
The inferral cache has 182 tilings in it right now
There are 138 tilings in the search tree
Time taken so far is 29.291473150253296 seconds

Doing depth 7
We had 30 inferral cache hits and 2753 partitioning cache hits
The partitioning cache has 44 tilings in it right now
The inferral cache has 323 tilings in it right now
There are 225 tilings in the search tree
Time taken so far is 121.05492234230042 seconds

Doing depth 8
We had 61 inferral cache hits and 7142 partitioning cache hits
The partitioning cache has 183 tilings in it right now
The inferral cache has 779 tilings in it right now
There are 584 tilings in the search tree
Time taken so far is 298.0896134376526 seconds

Now processing 0231_2130
Doing depth 1
We had 0 inferral cache hits and 14 partitioning cache hits
The partitioning cache has 0 tilings in it right now
The inferral cache has 6 tilings in it right now
There are 5 tilings in the search tree
Time taken so far is 0.01441645622253418 seconds

Doing depth 2
We had 0 inferral cache hits and 81 partitioning cache hits
The partitioning cache has 4 tilings in it right now
The inferral cache has 14 tilings in it right now
There are 13 tilings in the search tree
Time taken so far is 0.08229923248291016 seconds

Doing depth 3
We had 2 inferral cache hits and 223 partitioning cache hits
The partitioning cache has 2 tilings in it right now
The inferral cache has 37 tilings in it right now
There are 27 tilings in the search tree
Time taken so far is 0.38806867599487305 seconds

Doing depth 4
We had 2 inferral cache hits and 311 partitioning cache hits
The partitioning cache has 1 tilings in it right now
The inferral cache has 52 tilings in it right now
There are 35 tilings in the search tree
Time taken so far is 1.2714860439300537 seconds

Doing depth 5
We had 4 inferral cache hits and 690 partitioning cache hits
The partitioning cache has 26 tilings in it right now
The inferral cache has 97 tilings in it right now
There are 74 tilings in the search tree
Time taken so far is 3.9184117317199707 seconds

Doing depth 6
We had 34 inferral cache hits and 1855 partitioning cache hits
The partitioning cache has 16 tilings in it right now
The inferral cache has 224 tilings in it right now
There are 157 tilings in the search tree
Time taken so far is 27.872365713119507 seconds

Doing depth 7
We had 43 inferral cache hits and 3319 partitioning cache hits
The partitioning cache has 33 tilings in it right now
The inferral cache has 446 tilings in it right now
There are 295 tilings in the search tree
Time taken so far is 105.08867120742798 seconds

Doing depth 8
We had 186 inferral cache hits and 10562 partitioning cache hits
The partitioning cache has 242 tilings in it right now
The inferral cache has 1266 tilings in it right now
There are 1036 tilings in the search tree
Time taken so far is 493.38707089424133 seconds

Now processing 0231_2301
Doing depth 1
We had 0 inferral cache hits and 14 partitioning cache hits
The partitioning cache has 0 tilings in it right now
The inferral cache has 5 tilings in it right now
There are 5 tilings in the search tree
Time taken so far is 0.013436555862426758 seconds

Doing depth 2
We had 0 inferral cache hits and 81 partitioning cache hits
The partitioning cache has 3 tilings in it right now
The inferral cache has 14 tilings in it right now
There are 13 tilings in the search tree
Time taken so far is 0.08433842658996582 seconds

Doing depth 3
We had 2 inferral cache hits and 222 partitioning cache hits
The partitioning cache has 1 tilings in it right now
The inferral cache has 34 tilings in it right now
There are 27 tilings in the search tree
Time taken so far is 0.4167194366455078 seconds

Doing depth 4
We had 2 inferral cache hits and 309 partitioning cache hits
The partitioning cache has 1 tilings in it right now
The inferral cache has 49 tilings in it right now
There are 35 tilings in the search tree
Time taken so far is 1.2010071277618408 seconds

Doing depth 5
We had 3 inferral cache hits and 694 partitioning cache hits
The partitioning cache has 24 tilings in it right now
The inferral cache has 94 tilings in it right now
There are 77 tilings in the search tree
Time taken so far is 3.659846782684326 seconds

Doing depth 6
We had 33 inferral cache hits and 1837 partitioning cache hits
The partitioning cache has 22 tilings in it right now
The inferral cache has 190 tilings in it right now
There are 161 tilings in the search tree
Time taken so far is 24.13970375061035 seconds

Doing depth 7
We had 46 inferral cache hits and 3050 partitioning cache hits
The partitioning cache has 44 tilings in it right now
The inferral cache has 391 tilings in it right now
There are 279 tilings in the search tree
Time taken so far is 87.67515254020691 seconds

Doing depth 8
We had 256 inferral cache hits and 8986 partitioning cache hits
The partitioning cache has 267 tilings in it right now
The inferral cache has 986 tilings in it right now
There are 1036 tilings in the search tree
Time taken so far is 210.92264413833618 seconds

Now processing 0231_3012
Doing depth 1
We had 0 inferral cache hits and 14 partitioning cache hits
The partitioning cache has 0 tilings in it right now
The inferral cache has 5 tilings in it right now
There are 5 tilings in the search tree
Time taken so far is 0.017583847045898438 seconds

Doing depth 2
We had 0 inferral cache hits and 81 partitioning cache hits
The partitioning cache has 4 tilings in it right now
The inferral cache has 13 tilings in it right now
There are 15 tilings in the search tree
Time taken so far is 0.0912938117980957 seconds

Doing depth 3
We had 2 inferral cache hits and 223 partitioning cache hits
The partitioning cache has 2 tilings in it right now
The inferral cache has 34 tilings in it right now
There are 31 tilings in the search tree
Time taken so far is 0.40892457962036133 seconds

Doing depth 4
We had 2 inferral cache hits and 311 partitioning cache hits
The partitioning cache has 2 tilings in it right now
The inferral cache has 48 tilings in it right now
There are 40 tilings in the search tree
Time taken so far is 1.1952695846557617 seconds

Doing depth 5
We had 4 inferral cache hits and 681 partitioning cache hits
The partitioning cache has 28 tilings in it right now
The inferral cache has 88 tilings in it right now
There are 76 tilings in the search tree
Time taken so far is 3.3641748428344727 seconds

Doing depth 6
We had 43 inferral cache hits and 2018 partitioning cache hits
The partitioning cache has 33 tilings in it right now
The inferral cache has 200 tilings in it right now
There are 171 tilings in the search tree
Time taken so far is 23.92014169692993 seconds

Doing depth 7
We had 49 inferral cache hits and 3237 partitioning cache hits
The partitioning cache has 40 tilings in it right now
The inferral cache has 413 tilings in it right now
There are 286 tilings in the search tree
Time taken so far is 83.58382034301758 seconds

Doing depth 8
We had 182 inferral cache hits and 8345 partitioning cache hits
The partitioning cache has 286 tilings in it right now
The inferral cache has 888 tilings in it right now
There are 973 tilings in the search tree
Time taken so far is 200.65097856521606 seconds

Now processing 0321_1032
Doing depth 1
We had 0 inferral cache hits and 14 partitioning cache hits
The partitioning cache has 0 tilings in it right now
The inferral cache has 5 tilings in it right now
There are 5 tilings in the search tree
Time taken so far is 0.024987220764160156 seconds

Doing depth 2
We had 0 inferral cache hits and 81 partitioning cache hits
The partitioning cache has 4 tilings in it right now
The inferral cache has 13 tilings in it right now
There are 13 tilings in the search tree
Time taken so far is 0.11780881881713867 seconds

Doing depth 3
We had 2 inferral cache hits and 223 partitioning cache hits
The partitioning cache has 2 tilings in it right now
The inferral cache has 32 tilings in it right now
There are 27 tilings in the search tree
Time taken so far is 0.5692455768585205 seconds

Doing depth 4
We had 2 inferral cache hits and 311 partitioning cache hits
The partitioning cache has 2 tilings in it right now
The inferral cache has 46 tilings in it right now
There are 35 tilings in the search tree
Time taken so far is 1.5147628784179688 seconds

Doing depth 5
We had 4 inferral cache hits and 691 partitioning cache hits
The partitioning cache has 27 tilings in it right now
The inferral cache has 86 tilings in it right now
There are 73 tilings in the search tree
Time taken so far is 3.892719268798828 seconds

Doing depth 6
We had 36 inferral cache hits and 1735 partitioning cache hits
The partitioning cache has 18 tilings in it right now
The inferral cache has 160 tilings in it right now
There are 144 tilings in the search tree
Time taken so far is 26.952322959899902 seconds

Doing depth 7
We had 36 inferral cache hits and 2779 partitioning cache hits
The partitioning cache has 24 tilings in it right now
The inferral cache has 323 tilings in it right now
There are 234 tilings in the search tree
Time taken so far is 109.36796140670776 seconds

Doing depth 8
We had 84 inferral cache hits and 7312 partitioning cache hits
The partitioning cache has 230 tilings in it right now
The inferral cache has 727 tilings in it right now
There are 633 tilings in the search tree
Time taken so far is 262.2244508266449 seconds

Now processing 0321_2103
Doing depth 1
We had 0 inferral cache hits and 14 partitioning cache hits
The partitioning cache has 0 tilings in it right now
The inferral cache has 6 tilings in it right now
There are 5 tilings in the search tree
Time taken so far is 0.013996124267578125 seconds

Doing depth 2
We had 0 inferral cache hits and 81 partitioning cache hits
The partitioning cache has 4 tilings in it right now
The inferral cache has 14 tilings in it right now
There are 13 tilings in the search tree
Time taken so far is 0.08219099044799805 seconds

Doing depth 3
We had 2 inferral cache hits and 223 partitioning cache hits
The partitioning cache has 2 tilings in it right now
The inferral cache has 36 tilings in it right now
There are 27 tilings in the search tree
Time taken so far is 0.3927328586578369 seconds

Doing depth 4
We had 2 inferral cache hits and 311 partitioning cache hits
The partitioning cache has 0 tilings in it right now
The inferral cache has 52 tilings in it right now
There are 35 tilings in the search tree
Time taken so far is 1.3238811492919922 seconds

Doing depth 5
We had 4 inferral cache hits and 679 partitioning cache hits
The partitioning cache has 26 tilings in it right now
The inferral cache has 92 tilings in it right now
There are 69 tilings in the search tree
Time taken so far is 3.6427252292633057 seconds

Doing depth 6
We had 28 inferral cache hits and 1735 partitioning cache hits
The partitioning cache has 17 tilings in it right now
The inferral cache has 190 tilings in it right now
There are 134 tilings in the search tree
Time taken so far is 25.722582578659058 seconds

Doing depth 7
We had 28 inferral cache hits and 2728 partitioning cache hits
The partitioning cache has 8 tilings in it right now
The inferral cache has 361 tilings in it right now
There are 217 tilings in the search tree
Time taken so far is 102.02024006843567 seconds

Doing depth 8
We had 66 inferral cache hits and 7094 partitioning cache hits
The partitioning cache has 192 tilings in it right now
The inferral cache has 793 tilings in it right now
There are 613 tilings in the search tree
Time taken so far is 238.0199728012085 seconds

Now processing 1032_1302
Doing depth 1
We had 0 inferral cache hits and 14 partitioning cache hits
The partitioning cache has 0 tilings in it right now
The inferral cache has 4 tilings in it right now
There are 5 tilings in the search tree
Time taken so far is 0.014309167861938477 seconds

Doing depth 2
We had 0 inferral cache hits and 81 partitioning cache hits
The partitioning cache has 4 tilings in it right now
The inferral cache has 12 tilings in it right now
There are 13 tilings in the search tree
Time taken so far is 0.08666539192199707 seconds

Doing depth 3
We had 2 inferral cache hits and 223 partitioning cache hits
The partitioning cache has 2 tilings in it right now
The inferral cache has 26 tilings in it right now
There are 27 tilings in the search tree
Time taken so far is 0.4579896926879883 seconds

Doing depth 4
We had 2 inferral cache hits and 311 partitioning cache hits
The partitioning cache has 6 tilings in it right now
The inferral cache has 38 tilings in it right now
There are 35 tilings in the search tree
Time taken so far is 1.4788858890533447 seconds

Doing depth 5
We had 3 inferral cache hits and 689 partitioning cache hits
The partitioning cache has 23 tilings in it right now
The inferral cache has 75 tilings in it right now
There are 73 tilings in the search tree
Time taken so far is 3.7664856910705566 seconds

Doing depth 6
We had 31 inferral cache hits and 1615 partitioning cache hits
The partitioning cache has 20 tilings in it right now
The inferral cache has 139 tilings in it right now
There are 141 tilings in the search tree
Time taken so far is 28.3751437664032 seconds

Doing depth 7
We had 31 inferral cache hits and 2852 partitioning cache hits
The partitioning cache has 66 tilings in it right now
The inferral cache has 285 tilings in it right now
There are 247 tilings in the search tree
Time taken so far is 124.42871117591858 seconds

Doing depth 8
We had 93 inferral cache hits and 7126 partitioning cache hits
The partitioning cache has 168 tilings in it right now
The inferral cache has 601 tilings in it right now
There are 617 tilings in the search tree
Time taken so far is 285.0346074104309 seconds

Now processing 1032_2301
Doing depth 1
We had 0 inferral cache hits and 14 partitioning cache hits
The partitioning cache has 0 tilings in it right now
The inferral cache has 4 tilings in it right now
There are 5 tilings in the search tree
Time taken so far is 0.014275550842285156 seconds

Doing depth 2
We had 0 inferral cache hits and 81 partitioning cache hits
The partitioning cache has 4 tilings in it right now
The inferral cache has 12 tilings in it right now
There are 13 tilings in the search tree
Time taken so far is 0.08860468864440918 seconds

Doing depth 3
We had 2 inferral cache hits and 223 partitioning cache hits
The partitioning cache has 2 tilings in it right now
The inferral cache has 26 tilings in it right now
There are 27 tilings in the search tree
Time taken so far is 0.471635103225708 seconds

Doing depth 4
We had 2 inferral cache hits and 311 partitioning cache hits
The partitioning cache has 0 tilings in it right now
The inferral cache has 42 tilings in it right now
There are 35 tilings in the search tree
Time taken so far is 1.671867847442627 seconds

Doing depth 5
We had 2 inferral cache hits and 711 partitioning cache hits
The partitioning cache has 32 tilings in it right now
The inferral cache has 88 tilings in it right now
There are 73 tilings in the search tree
Time taken so far is 4.1955084800720215 seconds

Doing depth 6
We had 44 inferral cache hits and 2263 partitioning cache hits
The partitioning cache has 48 tilings in it right now
The inferral cache has 214 tilings in it right now
There are 182 tilings in the search tree
Time taken so far is 25.042974948883057 seconds

Doing depth 7
We had 44 inferral cache hits and 3305 partitioning cache hits
The partitioning cache has 56 tilings in it right now
The inferral cache has 390 tilings in it right now
There are 266 tilings in the search tree
Time taken so far is 84.57488441467285 seconds

Doing depth 8
We had 93 inferral cache hits and 7349 partitioning cache hits
The partitioning cache has 215 tilings in it right now
The inferral cache has 742 tilings in it right now
There are 628 tilings in the search tree
Time taken so far is 172.46376085281372 seconds

