/users/home/henningu/ATRAP/non-regular-insertion-encodable-bases/logs_length2
Now processing 0123_0132
Doing depth 1
We had 0 inferral cache hits and 14 partitioning cache hits
The partitioning cache has 0 tilings in it right now
The inferral cache has 4 tilings in it right now
There are 4 tilings in the search tree
Time taken so far is 0.019652843475341797 seconds

Doing depth 2
We had 0 inferral cache hits and 56 partitioning cache hits
The partitioning cache has 2 tilings in it right now
The inferral cache has 8 tilings in it right now
There are 10 tilings in the search tree
Time taken so far is 0.07478141784667969 seconds

Doing depth 3
We had 1 inferral cache hits and 119 partitioning cache hits
The partitioning cache has 1 tilings in it right now
The inferral cache has 15 tilings in it right now
There are 17 tilings in the search tree
Time taken so far is 0.19451570510864258 seconds

Doing depth 4
We had 1 inferral cache hits and 153 partitioning cache hits
The partitioning cache has 0 tilings in it right now
The inferral cache has 19 tilings in it right now
There are 20 tilings in the search tree
Time taken so far is 0.4855058193206787 seconds

Doing depth 5
We had 1 inferral cache hits and 243 partitioning cache hits
The partitioning cache has 8 tilings in it right now
The inferral cache has 27 tilings in it right now
There are 30 tilings in the search tree
Time taken so far is 0.9241054058074951 seconds

Doing depth 6
We had 9 inferral cache hits and 505 partitioning cache hits
The partitioning cache has 6 tilings in it right now
The inferral cache has 39 tilings in it right now
There are 48 tilings in the search tree
Time taken so far is 4.3403000831604 seconds

Doing depth 7
We had 9 inferral cache hits and 769 partitioning cache hits
The partitioning cache has 2 tilings in it right now
The inferral cache has 71 tilings in it right now
There are 69 tilings in the search tree
Time taken so far is 17.293896913528442 seconds

Doing depth 8
We had 9 inferral cache hits and 1430 partitioning cache hits
The partitioning cache has 41 tilings in it right now
The inferral cache has 117 tilings in it right now
There are 135 tilings in the search tree
Time taken so far is 30.801146030426025 seconds

Doing depth 9
We had 45 inferral cache hits and 3171 partitioning cache hits
The partitioning cache has 43 tilings in it right now
The inferral cache has 201 tilings in it right now
There are 271 tilings in the search tree
Time taken so far is 192.19965529441833 seconds

Now processing 0123_0213
Doing depth 1
We had 0 inferral cache hits and 14 partitioning cache hits
The partitioning cache has 0 tilings in it right now
The inferral cache has 4 tilings in it right now
There are 4 tilings in the search tree
Time taken so far is 0.020873308181762695 seconds

Doing depth 2
We had 0 inferral cache hits and 56 partitioning cache hits
The partitioning cache has 2 tilings in it right now
The inferral cache has 8 tilings in it right now
There are 10 tilings in the search tree
Time taken so far is 0.08206534385681152 seconds

Doing depth 3
We had 1 inferral cache hits and 119 partitioning cache hits
The partitioning cache has 1 tilings in it right now
The inferral cache has 16 tilings in it right now
There are 17 tilings in the search tree
Time taken so far is 0.20733880996704102 seconds

Doing depth 4
We had 1 inferral cache hits and 153 partitioning cache hits
The partitioning cache has 0 tilings in it right now
The inferral cache has 20 tilings in it right now
There are 20 tilings in the search tree
Time taken so far is 0.5379037857055664 seconds

Doing depth 5
We had 1 inferral cache hits and 243 partitioning cache hits
The partitioning cache has 8 tilings in it right now
The inferral cache has 28 tilings in it right now
There are 29 tilings in the search tree
Time taken so far is 1.0229098796844482 seconds

Doing depth 6
We had 9 inferral cache hits and 505 partitioning cache hits
The partitioning cache has 6 tilings in it right now
The inferral cache has 41 tilings in it right now
There are 45 tilings in the search tree
Time taken so far is 5.350804090499878 seconds

Doing depth 7
We had 9 inferral cache hits and 769 partitioning cache hits
The partitioning cache has 2 tilings in it right now
The inferral cache has 73 tilings in it right now
There are 65 tilings in the search tree
Time taken so far is 21.448402166366577 seconds

Doing depth 8
We had 9 inferral cache hits and 1421 partitioning cache hits
The partitioning cache has 42 tilings in it right now
The inferral cache has 123 tilings in it right now
There are 129 tilings in the search tree
Time taken so far is 41.14266800880432 seconds

Doing depth 9
We had 50 inferral cache hits and 3189 partitioning cache hits
The partitioning cache has 37 tilings in it right now
The inferral cache has 218 tilings in it right now
There are 249 tilings in the search tree
Time taken so far is 279.0285894870758 seconds

Now processing 0123_0231
Doing depth 1
We had 0 inferral cache hits and 14 partitioning cache hits
The partitioning cache has 0 tilings in it right now
The inferral cache has 4 tilings in it right now
There are 4 tilings in the search tree
Time taken so far is 0.020943403244018555 seconds

Doing depth 2
We had 0 inferral cache hits and 56 partitioning cache hits
The partitioning cache has 2 tilings in it right now
The inferral cache has 8 tilings in it right now
There are 10 tilings in the search tree
Time taken so far is 0.07806658744812012 seconds

Doing depth 3
We had 1 inferral cache hits and 119 partitioning cache hits
The partitioning cache has 1 tilings in it right now
The inferral cache has 15 tilings in it right now
There are 17 tilings in the search tree
Time taken so far is 0.1987309455871582 seconds

Doing depth 4
We had 1 inferral cache hits and 153 partitioning cache hits
The partitioning cache has 0 tilings in it right now
The inferral cache has 19 tilings in it right now
There are 20 tilings in the search tree
Time taken so far is 0.476001501083374 seconds

Doing depth 5
We had 1 inferral cache hits and 243 partitioning cache hits
The partitioning cache has 8 tilings in it right now
The inferral cache has 27 tilings in it right now
There are 30 tilings in the search tree
Time taken so far is 0.9121835231781006 seconds

Doing depth 6
We had 9 inferral cache hits and 505 partitioning cache hits
The partitioning cache has 6 tilings in it right now
The inferral cache has 39 tilings in it right now
There are 48 tilings in the search tree
Time taken so far is 4.2718048095703125 seconds

Doing depth 7
We had 9 inferral cache hits and 763 partitioning cache hits
The partitioning cache has 4 tilings in it right now
The inferral cache has 67 tilings in it right now
There are 68 tilings in the search tree
Time taken so far is 16.394086122512817 seconds

Doing depth 8
We had 9 inferral cache hits and 1505 partitioning cache hits
The partitioning cache has 44 tilings in it right now
The inferral cache has 123 tilings in it right now
There are 136 tilings in the search tree
Time taken so far is 31.12187957763672 seconds

Doing depth 9
We had 47 inferral cache hits and 3303 partitioning cache hits
The partitioning cache has 39 tilings in it right now
The inferral cache has 208 tilings in it right now
There are 265 tilings in the search tree
Time taken so far is 197.76449418067932 seconds

Now processing 0123_1230
Doing depth 1
We had 0 inferral cache hits and 14 partitioning cache hits
The partitioning cache has 0 tilings in it right now
The inferral cache has 4 tilings in it right now
There are 4 tilings in the search tree
Time taken so far is 0.018673181533813477 seconds

Doing depth 2
We had 0 inferral cache hits and 56 partitioning cache hits
The partitioning cache has 2 tilings in it right now
The inferral cache has 8 tilings in it right now
There are 10 tilings in the search tree
Time taken so far is 0.07512378692626953 seconds

Doing depth 3
We had 1 inferral cache hits and 119 partitioning cache hits
The partitioning cache has 1 tilings in it right now
The inferral cache has 15 tilings in it right now
There are 17 tilings in the search tree
Time taken so far is 0.1871182918548584 seconds

Doing depth 4
We had 1 inferral cache hits and 153 partitioning cache hits
The partitioning cache has 0 tilings in it right now
The inferral cache has 19 tilings in it right now
There are 20 tilings in the search tree
Time taken so far is 0.4286623001098633 seconds

Doing depth 5
We had 1 inferral cache hits and 243 partitioning cache hits
The partitioning cache has 8 tilings in it right now
The inferral cache has 27 tilings in it right now
There are 28 tilings in the search tree
Time taken so far is 0.8566176891326904 seconds

Doing depth 6
We had 9 inferral cache hits and 505 partitioning cache hits
The partitioning cache has 6 tilings in it right now
The inferral cache has 39 tilings in it right now
There are 42 tilings in the search tree
Time taken so far is 4.07452130317688 seconds

Doing depth 7
We had 9 inferral cache hits and 763 partitioning cache hits
The partitioning cache has 2 tilings in it right now
The inferral cache has 69 tilings in it right now
There are 60 tilings in the search tree
Time taken so far is 14.733640432357788 seconds

Doing depth 8
We had 9 inferral cache hits and 1452 partitioning cache hits
The partitioning cache has 42 tilings in it right now
The inferral cache has 119 tilings in it right now
There are 130 tilings in the search tree
Time taken so far is 28.206573724746704 seconds

Doing depth 9
We had 44 inferral cache hits and 3158 partitioning cache hits
The partitioning cache has 35 tilings in it right now
The inferral cache has 196 tilings in it right now
There are 252 tilings in the search tree
Time taken so far is 167.6869215965271 seconds

Now processing 0123_2301
Doing depth 1
We had 0 inferral cache hits and 14 partitioning cache hits
The partitioning cache has 0 tilings in it right now
The inferral cache has 4 tilings in it right now
There are 4 tilings in the search tree
Time taken so far is 0.016477584838867188 seconds

Doing depth 2
We had 0 inferral cache hits and 56 partitioning cache hits
The partitioning cache has 2 tilings in it right now
The inferral cache has 8 tilings in it right now
There are 8 tilings in the search tree
Time taken so far is 0.07172417640686035 seconds

Doing depth 3
We had 1 inferral cache hits and 119 partitioning cache hits
The partitioning cache has 1 tilings in it right now
The inferral cache has 15 tilings in it right now
There are 13 tilings in the search tree
Time taken so far is 0.21852874755859375 seconds

Doing depth 4
We had 1 inferral cache hits and 153 partitioning cache hits
The partitioning cache has 0 tilings in it right now
The inferral cache has 19 tilings in it right now
There are 15 tilings in the search tree
Time taken so far is 0.6450822353363037 seconds

Doing depth 5
We had 1 inferral cache hits and 243 partitioning cache hits
The partitioning cache has 7 tilings in it right now
The inferral cache has 27 tilings in it right now
There are 23 tilings in the search tree
Time taken so far is 1.022268533706665 seconds

Doing depth 6
We had 7 inferral cache hits and 481 partitioning cache hits
The partitioning cache has 5 tilings in it right now
The inferral cache has 38 tilings in it right now
There are 37 tilings in the search tree
Time taken so far is 5.371209144592285 seconds

Doing depth 7
We had 7 inferral cache hits and 700 partitioning cache hits
The partitioning cache has 2 tilings in it right now
The inferral cache has 63 tilings in it right now
There are 52 tilings in the search tree
Time taken so far is 22.48575472831726 seconds

Doing depth 8
We had 8 inferral cache hits and 1358 partitioning cache hits
The partitioning cache has 36 tilings in it right now
The inferral cache has 113 tilings in it right now
There are 112 tilings in the search tree
Time taken so far is 36.64518761634827 seconds

Doing depth 9
We had 38 inferral cache hits and 2866 partitioning cache hits
The partitioning cache has 28 tilings in it right now
The inferral cache has 186 tilings in it right now
There are 188 tilings in the search tree
Time taken so far is 220.3329393863678 seconds

Now processing 0132_0213
Doing depth 1
We had 0 inferral cache hits and 14 partitioning cache hits
The partitioning cache has 0 tilings in it right now
The inferral cache has 4 tilings in it right now
There are 4 tilings in the search tree
Time taken so far is 0.020509719848632812 seconds

Doing depth 2
We had 0 inferral cache hits and 56 partitioning cache hits
The partitioning cache has 2 tilings in it right now
The inferral cache has 8 tilings in it right now
There are 10 tilings in the search tree
Time taken so far is 0.07780194282531738 seconds

Doing depth 3
We had 1 inferral cache hits and 119 partitioning cache hits
The partitioning cache has 1 tilings in it right now
The inferral cache has 16 tilings in it right now
There are 17 tilings in the search tree
Time taken so far is 0.20043659210205078 seconds

Doing depth 4
We had 1 inferral cache hits and 153 partitioning cache hits
The partitioning cache has 0 tilings in it right now
The inferral cache has 20 tilings in it right now
There are 20 tilings in the search tree
Time taken so far is 0.4793550968170166 seconds

Doing depth 5
We had 1 inferral cache hits and 243 partitioning cache hits
The partitioning cache has 8 tilings in it right now
The inferral cache has 28 tilings in it right now
There are 29 tilings in the search tree
Time taken so far is 1.008683681488037 seconds

Doing depth 6
We had 9 inferral cache hits and 505 partitioning cache hits
The partitioning cache has 6 tilings in it right now
The inferral cache has 41 tilings in it right now
There are 45 tilings in the search tree
Time taken so far is 5.338623046875 seconds

Doing depth 7
We had 9 inferral cache hits and 769 partitioning cache hits
The partitioning cache has 2 tilings in it right now
The inferral cache has 74 tilings in it right now
There are 65 tilings in the search tree
Time taken so far is 21.698761463165283 seconds

Doing depth 8
We had 9 inferral cache hits and 1428 partitioning cache hits
The partitioning cache has 40 tilings in it right now
The inferral cache has 128 tilings in it right now
There are 128 tilings in the search tree
Time taken so far is 40.53227710723877 seconds

Doing depth 9
We had 49 inferral cache hits and 3260 partitioning cache hits
The partitioning cache has 36 tilings in it right now
The inferral cache has 234 tilings in it right now
There are 266 tilings in the search tree
Time taken so far is 294.44015860557556 seconds

Now processing 0132_0321
Doing depth 1
We had 0 inferral cache hits and 14 partitioning cache hits
The partitioning cache has 0 tilings in it right now
The inferral cache has 4 tilings in it right now
There are 4 tilings in the search tree
Time taken so far is 0.019815921783447266 seconds

Doing depth 2
We had 0 inferral cache hits and 56 partitioning cache hits
The partitioning cache has 2 tilings in it right now
The inferral cache has 8 tilings in it right now
There are 10 tilings in the search tree
Time taken so far is 0.07611203193664551 seconds

Doing depth 3
We had 1 inferral cache hits and 119 partitioning cache hits
The partitioning cache has 1 tilings in it right now
The inferral cache has 15 tilings in it right now
There are 17 tilings in the search tree
Time taken so far is 0.19504284858703613 seconds

Doing depth 4
We had 1 inferral cache hits and 153 partitioning cache hits
The partitioning cache has 0 tilings in it right now
The inferral cache has 19 tilings in it right now
There are 20 tilings in the search tree
Time taken so far is 0.46972203254699707 seconds

Doing depth 5
We had 1 inferral cache hits and 243 partitioning cache hits
The partitioning cache has 8 tilings in it right now
The inferral cache has 27 tilings in it right now
There are 30 tilings in the search tree
Time taken so far is 0.9015035629272461 seconds

Doing depth 6
We had 9 inferral cache hits and 505 partitioning cache hits
The partitioning cache has 6 tilings in it right now
The inferral cache has 39 tilings in it right now
There are 48 tilings in the search tree
Time taken so far is 4.149839162826538 seconds

Doing depth 7
We had 9 inferral cache hits and 763 partitioning cache hits
The partitioning cache has 4 tilings in it right now
The inferral cache has 67 tilings in it right now
There are 68 tilings in the search tree
Time taken so far is 16.481557846069336 seconds

Doing depth 8
We had 9 inferral cache hits and 1505 partitioning cache hits
The partitioning cache has 44 tilings in it right now
The inferral cache has 125 tilings in it right now
There are 136 tilings in the search tree
Time taken so far is 30.783474683761597 seconds

Doing depth 9
We had 45 inferral cache hits and 3317 partitioning cache hits
The partitioning cache has 39 tilings in it right now
The inferral cache has 222 tilings in it right now
There are 265 tilings in the search tree
Time taken so far is 201.0776116847992 seconds

Now processing 0132_1023
Doing depth 1
We had 0 inferral cache hits and 14 partitioning cache hits
The partitioning cache has 0 tilings in it right now
The inferral cache has 4 tilings in it right now
There are 4 tilings in the search tree
Time taken so far is 0.01550602912902832 seconds

Doing depth 2
We had 0 inferral cache hits and 56 partitioning cache hits
The partitioning cache has 2 tilings in it right now
The inferral cache has 8 tilings in it right now
There are 8 tilings in the search tree
Time taken so far is 0.07270216941833496 seconds

Doing depth 3
We had 1 inferral cache hits and 119 partitioning cache hits
The partitioning cache has 1 tilings in it right now
The inferral cache has 15 tilings in it right now
There are 13 tilings in the search tree
Time taken so far is 0.21939420700073242 seconds

Doing depth 4
We had 1 inferral cache hits and 153 partitioning cache hits
The partitioning cache has 0 tilings in it right now
The inferral cache has 19 tilings in it right now
There are 15 tilings in the search tree
Time taken so far is 0.6365475654602051 seconds

Doing depth 5
We had 1 inferral cache hits and 243 partitioning cache hits
The partitioning cache has 8 tilings in it right now
The inferral cache has 27 tilings in it right now
There are 25 tilings in the search tree
Time taken so far is 1.0662720203399658 seconds

Doing depth 6
We had 9 inferral cache hits and 505 partitioning cache hits
The partitioning cache has 6 tilings in it right now
The inferral cache has 38 tilings in it right now
There are 41 tilings in the search tree
Time taken so far is 5.2004663944244385 seconds

Doing depth 7
We had 9 inferral cache hits and 763 partitioning cache hits
The partitioning cache has 5 tilings in it right now
The inferral cache has 69 tilings in it right now
There are 60 tilings in the search tree
Time taken so far is 21.13006830215454 seconds

Doing depth 8
We had 9 inferral cache hits and 1517 partitioning cache hits
The partitioning cache has 38 tilings in it right now
The inferral cache has 130 tilings in it right now
There are 143 tilings in the search tree
Time taken so far is 32.18141436576843 seconds

Doing depth 9
We had 49 inferral cache hits and 3592 partitioning cache hits
The partitioning cache has 39 tilings in it right now
The inferral cache has 268 tilings in it right now
There are 320 tilings in the search tree
Time taken so far is 140.93026041984558 seconds

Now processing 0132_1032
Doing depth 1
We had 0 inferral cache hits and 14 partitioning cache hits
The partitioning cache has 0 tilings in it right now
The inferral cache has 4 tilings in it right now
There are 4 tilings in the search tree
Time taken so far is 0.01552891731262207 seconds

Doing depth 2
We had 0 inferral cache hits and 56 partitioning cache hits
The partitioning cache has 2 tilings in it right now
The inferral cache has 8 tilings in it right now
There are 8 tilings in the search tree
Time taken so far is 0.07000184059143066 seconds

Doing depth 3
We had 1 inferral cache hits and 119 partitioning cache hits
The partitioning cache has 1 tilings in it right now
The inferral cache has 15 tilings in it right now
There are 13 tilings in the search tree
Time taken so far is 0.2138807773590088 seconds

Doing depth 4
We had 1 inferral cache hits and 153 partitioning cache hits
The partitioning cache has 0 tilings in it right now
The inferral cache has 19 tilings in it right now
There are 15 tilings in the search tree
Time taken so far is 0.6168513298034668 seconds

Doing depth 5
We had 1 inferral cache hits and 243 partitioning cache hits
The partitioning cache has 8 tilings in it right now
The inferral cache has 27 tilings in it right now
There are 26 tilings in the search tree
Time taken so far is 1.0173687934875488 seconds

Doing depth 6
We had 9 inferral cache hits and 505 partitioning cache hits
The partitioning cache has 6 tilings in it right now
The inferral cache has 39 tilings in it right now
There are 44 tilings in the search tree
Time taken so far is 4.733546257019043 seconds

Doing depth 7
We had 9 inferral cache hits and 763 partitioning cache hits
The partitioning cache has 5 tilings in it right now
The inferral cache has 67 tilings in it right now
There are 62 tilings in the search tree
Time taken so far is 19.199529886245728 seconds

Doing depth 8
We had 9 inferral cache hits and 1493 partitioning cache hits
The partitioning cache has 42 tilings in it right now
The inferral cache has 122 tilings in it right now
There are 122 tilings in the search tree
Time taken so far is 35.69494605064392 seconds

Doing depth 9
We had 43 inferral cache hits and 3256 partitioning cache hits
The partitioning cache has 33 tilings in it right now
The inferral cache has 224 tilings in it right now
There are 212 tilings in the search tree
Time taken so far is 227.13745784759521 seconds

Now processing 0132_1203
Doing depth 1
We had 0 inferral cache hits and 14 partitioning cache hits
The partitioning cache has 0 tilings in it right now
The inferral cache has 4 tilings in it right now
There are 4 tilings in the search tree
Time taken so far is 0.01580023765563965 seconds

Doing depth 2
We had 0 inferral cache hits and 56 partitioning cache hits
The partitioning cache has 2 tilings in it right now
The inferral cache has 8 tilings in it right now
There are 8 tilings in the search tree
Time taken so far is 0.07372021675109863 seconds

Doing depth 3
We had 1 inferral cache hits and 119 partitioning cache hits
The partitioning cache has 1 tilings in it right now
The inferral cache has 15 tilings in it right now
There are 13 tilings in the search tree
Time taken so far is 0.2184891700744629 seconds

Doing depth 4
We had 1 inferral cache hits and 153 partitioning cache hits
The partitioning cache has 0 tilings in it right now
The inferral cache has 19 tilings in it right now
There are 15 tilings in the search tree
Time taken so far is 0.6274399757385254 seconds

Doing depth 5
We had 1 inferral cache hits and 248 partitioning cache hits
The partitioning cache has 7 tilings in it right now
The inferral cache has 30 tilings in it right now
There are 24 tilings in the search tree
Time taken so far is 1.1811559200286865 seconds

Doing depth 6
We had 7 inferral cache hits and 510 partitioning cache hits
The partitioning cache has 5 tilings in it right now
The inferral cache has 50 tilings in it right now
There are 39 tilings in the search tree
Time taken so far is 7.069358825683594 seconds

Doing depth 7
We had 7 inferral cache hits and 729 partitioning cache hits
The partitioning cache has 3 tilings in it right now
The inferral cache has 75 tilings in it right now
There are 52 tilings in the search tree
Time taken so far is 31.136428356170654 seconds

Doing depth 8
We had 7 inferral cache hits and 1376 partitioning cache hits
The partitioning cache has 32 tilings in it right now
The inferral cache has 140 tilings in it right now
There are 101 tilings in the search tree
Time taken so far is 54.395952463150024 seconds

Doing depth 9
We had 29 inferral cache hits and 3027 partitioning cache hits
The partitioning cache has 26 tilings in it right now
The inferral cache has 286 tilings in it right now
There are 193 tilings in the search tree
Time taken so far is 372.6155307292938 seconds

Now processing 0132_1230
Doing depth 1
We had 0 inferral cache hits and 14 partitioning cache hits
The partitioning cache has 0 tilings in it right now
The inferral cache has 4 tilings in it right now
There are 4 tilings in the search tree
Time taken so far is 0.019974470138549805 seconds

Doing depth 2
We had 0 inferral cache hits and 56 partitioning cache hits
The partitioning cache has 2 tilings in it right now
The inferral cache has 8 tilings in it right now
There are 10 tilings in the search tree
Time taken so far is 0.0805201530456543 seconds

Doing depth 3
We had 1 inferral cache hits and 119 partitioning cache hits
The partitioning cache has 1 tilings in it right now
The inferral cache has 15 tilings in it right now
There are 17 tilings in the search tree
Time taken so far is 0.19436311721801758 seconds

Doing depth 4
We had 1 inferral cache hits and 153 partitioning cache hits
The partitioning cache has 0 tilings in it right now
The inferral cache has 19 tilings in it right now
There are 20 tilings in the search tree
Time taken so far is 0.4261002540588379 seconds

Doing depth 5
We had 1 inferral cache hits and 243 partitioning cache hits
The partitioning cache has 7 tilings in it right now
The inferral cache has 27 tilings in it right now
There are 28 tilings in the search tree
Time taken so far is 0.8647122383117676 seconds

Doing depth 6
We had 7 inferral cache hits and 481 partitioning cache hits
The partitioning cache has 5 tilings in it right now
The inferral cache has 39 tilings in it right now
There are 40 tilings in the search tree
Time taken so far is 3.8687918186187744 seconds

Doing depth 7
We had 7 inferral cache hits and 700 partitioning cache hits
The partitioning cache has 1 tilings in it right now
The inferral cache has 65 tilings in it right now
There are 54 tilings in the search tree
Time taken so far is 13.114737749099731 seconds

Doing depth 8
We had 7 inferral cache hits and 1291 partitioning cache hits
The partitioning cache has 36 tilings in it right now
The inferral cache has 107 tilings in it right now
There are 111 tilings in the search tree
Time taken so far is 25.198473930358887 seconds

Doing depth 9
We had 38 inferral cache hits and 2761 partitioning cache hits
The partitioning cache has 29 tilings in it right now
The inferral cache has 171 tilings in it right now
There are 207 tilings in the search tree
Time taken so far is 141.10657668113708 seconds

Now processing 0132_1320
Doing depth 1
We had 0 inferral cache hits and 14 partitioning cache hits
The partitioning cache has 0 tilings in it right now
The inferral cache has 4 tilings in it right now
There are 4 tilings in the search tree
Time taken so far is 0.01725316047668457 seconds

Doing depth 2
We had 0 inferral cache hits and 56 partitioning cache hits
The partitioning cache has 2 tilings in it right now
The inferral cache has 8 tilings in it right now
There are 10 tilings in the search tree
Time taken so far is 0.07055091857910156 seconds

Doing depth 3
We had 1 inferral cache hits and 119 partitioning cache hits
The partitioning cache has 1 tilings in it right now
The inferral cache has 15 tilings in it right now
There are 17 tilings in the search tree
Time taken so far is 0.1832869052886963 seconds

Doing depth 4
We had 1 inferral cache hits and 153 partitioning cache hits
The partitioning cache has 0 tilings in it right now
The inferral cache has 19 tilings in it right now
There are 20 tilings in the search tree
Time taken so far is 0.4324831962585449 seconds

Doing depth 5
We had 1 inferral cache hits and 243 partitioning cache hits
The partitioning cache has 8 tilings in it right now
The inferral cache has 27 tilings in it right now
There are 28 tilings in the search tree
Time taken so far is 0.8617367744445801 seconds

Doing depth 6
We had 9 inferral cache hits and 505 partitioning cache hits
The partitioning cache has 6 tilings in it right now
The inferral cache has 39 tilings in it right now
There are 42 tilings in the search tree
Time taken so far is 4.2055583000183105 seconds

Doing depth 7
We had 9 inferral cache hits and 769 partitioning cache hits
The partitioning cache has 2 tilings in it right now
The inferral cache has 72 tilings in it right now
There are 61 tilings in the search tree
Time taken so far is 15.390596389770508 seconds

Doing depth 8
We had 9 inferral cache hits and 1458 partitioning cache hits
The partitioning cache has 44 tilings in it right now
The inferral cache has 123 tilings in it right now
There are 120 tilings in the search tree
Time taken so far is 29.353124141693115 seconds

Doing depth 9
We had 47 inferral cache hits and 3225 partitioning cache hits
The partitioning cache has 37 tilings in it right now
The inferral cache has 208 tilings in it right now
There are 235 tilings in the search tree
Time taken so far is 181.3673758506775 seconds

Now processing 0132_2301
Doing depth 1
We had 0 inferral cache hits and 14 partitioning cache hits
The partitioning cache has 0 tilings in it right now
The inferral cache has 4 tilings in it right now
There are 4 tilings in the search tree
Time taken so far is 0.01544046401977539 seconds

Doing depth 2
We had 0 inferral cache hits and 56 partitioning cache hits
The partitioning cache has 2 tilings in it right now
The inferral cache has 8 tilings in it right now
There are 8 tilings in the search tree
Time taken so far is 0.07045316696166992 seconds

Doing depth 3
We had 1 inferral cache hits and 119 partitioning cache hits
The partitioning cache has 1 tilings in it right now
The inferral cache has 15 tilings in it right now
There are 13 tilings in the search tree
Time taken so far is 0.2207794189453125 seconds

Doing depth 4
We had 1 inferral cache hits and 153 partitioning cache hits
The partitioning cache has 0 tilings in it right now
The inferral cache has 19 tilings in it right now
There are 15 tilings in the search tree
Time taken so far is 0.6462948322296143 seconds

Doing depth 5
We had 1 inferral cache hits and 243 partitioning cache hits
The partitioning cache has 7 tilings in it right now
The inferral cache has 27 tilings in it right now
There are 23 tilings in the search tree
Time taken so far is 1.0579657554626465 seconds

Doing depth 6
We had 7 inferral cache hits and 481 partitioning cache hits
The partitioning cache has 5 tilings in it right now
The inferral cache has 38 tilings in it right now
There are 37 tilings in the search tree
Time taken so far is 5.343828439712524 seconds

Doing depth 7
We had 7 inferral cache hits and 700 partitioning cache hits
The partitioning cache has 2 tilings in it right now
The inferral cache has 63 tilings in it right now
There are 52 tilings in the search tree
Time taken so far is 22.9001522064209 seconds

Doing depth 8
We had 8 inferral cache hits and 1358 partitioning cache hits
The partitioning cache has 36 tilings in it right now
The inferral cache has 114 tilings in it right now
There are 114 tilings in the search tree
Time taken so far is 37.449774980545044 seconds

Doing depth 9
We had 37 inferral cache hits and 2873 partitioning cache hits
The partitioning cache has 28 tilings in it right now
The inferral cache has 192 tilings in it right now
There are 198 tilings in the search tree
Time taken so far is 224.64307975769043 seconds

Now processing 0132_3120
Doing depth 1
We had 0 inferral cache hits and 14 partitioning cache hits
The partitioning cache has 0 tilings in it right now
The inferral cache has 4 tilings in it right now
There are 4 tilings in the search tree
Time taken so far is 0.020673036575317383 seconds

Doing depth 2
We had 0 inferral cache hits and 56 partitioning cache hits
The partitioning cache has 2 tilings in it right now
The inferral cache has 8 tilings in it right now
There are 10 tilings in the search tree
Time taken so far is 0.07808566093444824 seconds

Doing depth 3
We had 1 inferral cache hits and 119 partitioning cache hits
The partitioning cache has 1 tilings in it right now
The inferral cache has 16 tilings in it right now
There are 17 tilings in the search tree
Time taken so far is 0.1948544979095459 seconds

Doing depth 4
We had 1 inferral cache hits and 153 partitioning cache hits
The partitioning cache has 0 tilings in it right now
The inferral cache has 20 tilings in it right now
There are 20 tilings in the search tree
Time taken so far is 0.4396524429321289 seconds

Doing depth 5
We had 1 inferral cache hits and 243 partitioning cache hits
The partitioning cache has 8 tilings in it right now
The inferral cache has 28 tilings in it right now
There are 28 tilings in the search tree
Time taken so far is 0.9247801303863525 seconds

Doing depth 6
We had 9 inferral cache hits and 505 partitioning cache hits
The partitioning cache has 6 tilings in it right now
The inferral cache has 41 tilings in it right now
There are 42 tilings in the search tree
Time taken so far is 5.3285582065582275 seconds

Doing depth 7
We had 9 inferral cache hits and 763 partitioning cache hits
The partitioning cache has 2 tilings in it right now
The inferral cache has 72 tilings in it right now
There are 60 tilings in the search tree
Time taken so far is 21.362479209899902 seconds

Doing depth 8
We had 9 inferral cache hits and 1546 partitioning cache hits
The partitioning cache has 41 tilings in it right now
The inferral cache has 154 tilings in it right now
There are 131 tilings in the search tree
Time taken so far is 41.88023638725281 seconds

Doing depth 9
We had 60 inferral cache hits and 4030 partitioning cache hits
The partitioning cache has 39 tilings in it right now
The inferral cache has 382 tilings in it right now
There are 415 tilings in the search tree
Time taken so far is 278.64857745170593 seconds

Now processing 0213_0321
Doing depth 1
We had 0 inferral cache hits and 14 partitioning cache hits
The partitioning cache has 0 tilings in it right now
The inferral cache has 4 tilings in it right now
There are 4 tilings in the search tree
Time taken so far is 0.020755290985107422 seconds

Doing depth 2
We had 0 inferral cache hits and 56 partitioning cache hits
The partitioning cache has 2 tilings in it right now
The inferral cache has 8 tilings in it right now
There are 10 tilings in the search tree
Time taken so far is 0.07805776596069336 seconds

Doing depth 3
We had 1 inferral cache hits and 119 partitioning cache hits
The partitioning cache has 1 tilings in it right now
The inferral cache has 16 tilings in it right now
There are 17 tilings in the search tree
Time taken so far is 0.19885492324829102 seconds

Doing depth 4
We had 1 inferral cache hits and 153 partitioning cache hits
The partitioning cache has 0 tilings in it right now
The inferral cache has 20 tilings in it right now
There are 20 tilings in the search tree
Time taken so far is 0.47228384017944336 seconds

Doing depth 5
We had 1 inferral cache hits and 243 partitioning cache hits
The partitioning cache has 7 tilings in it right now
The inferral cache has 29 tilings in it right now
There are 29 tilings in the search tree
Time taken so far is 1.0196900367736816 seconds

Doing depth 6
We had 9 inferral cache hits and 504 partitioning cache hits
The partitioning cache has 5 tilings in it right now
The inferral cache has 43 tilings in it right now
There are 45 tilings in the search tree
Time taken so far is 5.026768445968628 seconds

Doing depth 7
We had 9 inferral cache hits and 767 partitioning cache hits
The partitioning cache has 2 tilings in it right now
The inferral cache has 76 tilings in it right now
There are 65 tilings in the search tree
Time taken so far is 18.324040412902832 seconds

Doing depth 8
We had 9 inferral cache hits and 1447 partitioning cache hits
The partitioning cache has 38 tilings in it right now
The inferral cache has 140 tilings in it right now
There are 128 tilings in the search tree
Time taken so far is 34.529006481170654 seconds

Doing depth 9
We had 46 inferral cache hits and 3412 partitioning cache hits
The partitioning cache has 35 tilings in it right now
The inferral cache has 281 tilings in it right now
There are 274 tilings in the search tree
Time taken so far is 222.22150230407715 seconds

Now processing 0213_1230
Doing depth 1
We had 0 inferral cache hits and 14 partitioning cache hits
The partitioning cache has 0 tilings in it right now
The inferral cache has 4 tilings in it right now
There are 4 tilings in the search tree
Time taken so far is 0.02054572105407715 seconds

Doing depth 2
We had 0 inferral cache hits and 56 partitioning cache hits
The partitioning cache has 2 tilings in it right now
The inferral cache has 8 tilings in it right now
There are 10 tilings in the search tree
Time taken so far is 0.07930970191955566 seconds

Doing depth 3
We had 1 inferral cache hits and 119 partitioning cache hits
The partitioning cache has 1 tilings in it right now
The inferral cache has 16 tilings in it right now
There are 17 tilings in the search tree
Time taken so far is 0.19660115242004395 seconds

Doing depth 4
We had 1 inferral cache hits and 153 partitioning cache hits
The partitioning cache has 0 tilings in it right now
The inferral cache has 20 tilings in it right now
There are 20 tilings in the search tree
Time taken so far is 0.44406771659851074 seconds

Doing depth 5
We had 1 inferral cache hits and 243 partitioning cache hits
The partitioning cache has 8 tilings in it right now
The inferral cache has 28 tilings in it right now
There are 28 tilings in the search tree
Time taken so far is 0.9556300640106201 seconds

Doing depth 6
We had 9 inferral cache hits and 505 partitioning cache hits
The partitioning cache has 6 tilings in it right now
The inferral cache has 41 tilings in it right now
There are 40 tilings in the search tree
Time taken so far is 5.430929183959961 seconds

Doing depth 7
We had 9 inferral cache hits and 769 partitioning cache hits
The partitioning cache has 1 tilings in it right now
The inferral cache has 75 tilings in it right now
There are 57 tilings in the search tree
Time taken so far is 22.20701241493225 seconds

Doing depth 8
We had 10 inferral cache hits and 1454 partitioning cache hits
The partitioning cache has 41 tilings in it right now
The inferral cache has 136 tilings in it right now
There are 116 tilings in the search tree
Time taken so far is 42.14555478096008 seconds

Doing depth 9
We had 51 inferral cache hits and 3442 partitioning cache hits
The partitioning cache has 34 tilings in it right now
The inferral cache has 272 tilings in it right now
There are 249 tilings in the search tree
Time taken so far is 278.3672411441803 seconds

Now processing 0213_1320
Doing depth 1
We had 0 inferral cache hits and 14 partitioning cache hits
The partitioning cache has 0 tilings in it right now
The inferral cache has 4 tilings in it right now
There are 4 tilings in the search tree
Time taken so far is 0.019490718841552734 seconds

Doing depth 2
We had 0 inferral cache hits and 56 partitioning cache hits
The partitioning cache has 2 tilings in it right now
The inferral cache has 8 tilings in it right now
There are 10 tilings in the search tree
Time taken so far is 0.07470345497131348 seconds

Doing depth 3
We had 1 inferral cache hits and 119 partitioning cache hits
The partitioning cache has 1 tilings in it right now
The inferral cache has 16 tilings in it right now
There are 17 tilings in the search tree
Time taken so far is 0.18836116790771484 seconds

Doing depth 4
We had 1 inferral cache hits and 153 partitioning cache hits
The partitioning cache has 0 tilings in it right now
The inferral cache has 20 tilings in it right now
There are 20 tilings in the search tree
Time taken so far is 0.42523837089538574 seconds

Doing depth 5
We had 1 inferral cache hits and 243 partitioning cache hits
The partitioning cache has 8 tilings in it right now
The inferral cache has 28 tilings in it right now
There are 28 tilings in the search tree
Time taken so far is 0.9062564373016357 seconds

Doing depth 6
We had 9 inferral cache hits and 505 partitioning cache hits
The partitioning cache has 6 tilings in it right now
The inferral cache has 41 tilings in it right now
There are 40 tilings in the search tree
Time taken so far is 5.125029802322388 seconds

Doing depth 7
We had 9 inferral cache hits and 763 partitioning cache hits
The partitioning cache has 2 tilings in it right now
The inferral cache has 71 tilings in it right now
There are 56 tilings in the search tree
Time taken so far is 20.63721513748169 seconds

Doing depth 8
We had 9 inferral cache hits and 1488 partitioning cache hits
The partitioning cache has 40 tilings in it right now
The inferral cache has 139 tilings in it right now
There are 117 tilings in the search tree
Time taken so far is 38.741766929626465 seconds

Doing depth 9
We had 50 inferral cache hits and 3735 partitioning cache hits
The partitioning cache has 40 tilings in it right now
The inferral cache has 315 tilings in it right now
There are 370 tilings in the search tree
Time taken so far is 237.79272866249084 seconds

Now processing 0213_2301
Doing depth 1
We had 0 inferral cache hits and 14 partitioning cache hits
The partitioning cache has 0 tilings in it right now
The inferral cache has 4 tilings in it right now
There are 4 tilings in the search tree
Time taken so far is 0.01540517807006836 seconds

Doing depth 2
We had 0 inferral cache hits and 56 partitioning cache hits
The partitioning cache has 2 tilings in it right now
The inferral cache has 8 tilings in it right now
There are 8 tilings in the search tree
Time taken so far is 0.06889510154724121 seconds

Doing depth 3
We had 1 inferral cache hits and 119 partitioning cache hits
The partitioning cache has 1 tilings in it right now
The inferral cache has 15 tilings in it right now
There are 13 tilings in the search tree
Time taken so far is 0.21880578994750977 seconds

Doing depth 4
We had 1 inferral cache hits and 153 partitioning cache hits
The partitioning cache has 0 tilings in it right now
The inferral cache has 19 tilings in it right now
There are 15 tilings in the search tree
Time taken so far is 0.6477079391479492 seconds

Doing depth 5
We had 1 inferral cache hits and 243 partitioning cache hits
The partitioning cache has 7 tilings in it right now
The inferral cache has 28 tilings in it right now
There are 23 tilings in the search tree
Time taken so far is 1.0971238613128662 seconds

Doing depth 6
We had 8 inferral cache hits and 511 partitioning cache hits
The partitioning cache has 6 tilings in it right now
The inferral cache has 40 tilings in it right now
There are 37 tilings in the search tree
Time taken so far is 5.833606958389282 seconds

Doing depth 7
We had 9 inferral cache hits and 790 partitioning cache hits
The partitioning cache has 8 tilings in it right now
The inferral cache has 73 tilings in it right now
There are 57 tilings in the search tree
Time taken so far is 22.445789337158203 seconds

Doing depth 8
We had 42 inferral cache hits and 1989 partitioning cache hits
The partitioning cache has 44 tilings in it right now
The inferral cache has 204 tilings in it right now
There are 245 tilings in the search tree
Time taken so far is 37.360820293426514 seconds

Doing depth 9
We had 88 inferral cache hits and 3603 partitioning cache hits
The partitioning cache has 48 tilings in it right now
The inferral cache has 330 tilings in it right now
There are 347 tilings in the search tree
Time taken so far is 193.34383487701416 seconds

Now processing 0213_3120
Doing depth 1
We had 0 inferral cache hits and 14 partitioning cache hits
The partitioning cache has 0 tilings in it right now
The inferral cache has 4 tilings in it right now
There are 4 tilings in the search tree
Time taken so far is 0.02039790153503418 seconds

Doing depth 2
We had 0 inferral cache hits and 56 partitioning cache hits
The partitioning cache has 2 tilings in it right now
The inferral cache has 8 tilings in it right now
There are 10 tilings in the search tree
Time taken so far is 0.07902121543884277 seconds

Doing depth 3
We had 1 inferral cache hits and 119 partitioning cache hits
The partitioning cache has 1 tilings in it right now
The inferral cache has 17 tilings in it right now
There are 17 tilings in the search tree
Time taken so far is 0.2709827423095703 seconds

Doing depth 4
We had 1 inferral cache hits and 153 partitioning cache hits
The partitioning cache has 0 tilings in it right now
The inferral cache has 21 tilings in it right now
There are 20 tilings in the search tree
Time taken so far is 0.5142543315887451 seconds

Doing depth 5
We had 1 inferral cache hits and 243 partitioning cache hits
The partitioning cache has 6 tilings in it right now
The inferral cache has 31 tilings in it right now
There are 28 tilings in the search tree
Time taken so far is 1.0562870502471924 seconds

Doing depth 6
We had 9 inferral cache hits and 503 partitioning cache hits
The partitioning cache has 4 tilings in it right now
The inferral cache has 47 tilings in it right now
There are 40 tilings in the search tree
Time taken so far is 6.628325939178467 seconds

Doing depth 7
We had 9 inferral cache hits and 759 partitioning cache hits
The partitioning cache has 0 tilings in it right now
The inferral cache has 79 tilings in it right now
There are 56 tilings in the search tree
Time taken so far is 26.698628425598145 seconds

Doing depth 8
We had 11 inferral cache hits and 1505 partitioning cache hits
The partitioning cache has 38 tilings in it right now
The inferral cache has 169 tilings in it right now
There are 126 tilings in the search tree
Time taken so far is 50.29115152359009 seconds

Doing depth 9
We had 59 inferral cache hits and 3834 partitioning cache hits
The partitioning cache has 58 tilings in it right now
The inferral cache has 346 tilings in it right now
There are 337 tilings in the search tree
Time taken so far is 364.3852128982544 seconds

Now processing 0231_0312
Doing depth 1
We had 0 inferral cache hits and 14 partitioning cache hits
The partitioning cache has 0 tilings in it right now
The inferral cache has 4 tilings in it right now
There are 4 tilings in the search tree
Time taken so far is 0.020990610122680664 seconds

Doing depth 2
We had 0 inferral cache hits and 56 partitioning cache hits
The partitioning cache has 2 tilings in it right now
The inferral cache has 8 tilings in it right now
There are 10 tilings in the search tree
Time taken so far is 0.07867097854614258 seconds

Doing depth 3
We had 1 inferral cache hits and 119 partitioning cache hits
The partitioning cache has 1 tilings in it right now
The inferral cache has 16 tilings in it right now
There are 17 tilings in the search tree
Time taken so far is 0.20252466201782227 seconds

Doing depth 4
We had 1 inferral cache hits and 153 partitioning cache hits
The partitioning cache has 0 tilings in it right now
The inferral cache has 20 tilings in it right now
There are 20 tilings in the search tree
Time taken so far is 0.5554633140563965 seconds

Doing depth 5
We had 1 inferral cache hits and 243 partitioning cache hits
The partitioning cache has 8 tilings in it right now
The inferral cache has 28 tilings in it right now
There are 29 tilings in the search tree
Time taken so far is 1.0144612789154053 seconds

Doing depth 6
We had 9 inferral cache hits and 505 partitioning cache hits
The partitioning cache has 6 tilings in it right now
The inferral cache has 41 tilings in it right now
There are 45 tilings in the search tree
Time taken so far is 5.357856512069702 seconds

Doing depth 7
We had 9 inferral cache hits and 769 partitioning cache hits
The partitioning cache has 2 tilings in it right now
The inferral cache has 73 tilings in it right now
There are 65 tilings in the search tree
Time taken so far is 21.85623335838318 seconds

Doing depth 8
We had 9 inferral cache hits and 1428 partitioning cache hits
The partitioning cache has 41 tilings in it right now
The inferral cache has 127 tilings in it right now
There are 129 tilings in the search tree
Time taken so far is 41.2343692779541 seconds

Doing depth 9
We had 43 inferral cache hits and 3085 partitioning cache hits
The partitioning cache has 39 tilings in it right now
The inferral cache has 209 tilings in it right now
There are 254 tilings in the search tree
Time taken so far is 294.4419934749603 seconds

Now processing 0231_0321
Doing depth 1
We had 0 inferral cache hits and 14 partitioning cache hits
The partitioning cache has 0 tilings in it right now
The inferral cache has 4 tilings in it right now
There are 4 tilings in the search tree
Time taken so far is 0.020806312561035156 seconds

Doing depth 2
We had 0 inferral cache hits and 56 partitioning cache hits
The partitioning cache has 2 tilings in it right now
The inferral cache has 8 tilings in it right now
There are 10 tilings in the search tree
Time taken so far is 0.08134746551513672 seconds

Doing depth 3
We had 1 inferral cache hits and 119 partitioning cache hits
The partitioning cache has 1 tilings in it right now
The inferral cache has 15 tilings in it right now
There are 17 tilings in the search tree
Time taken so far is 0.20695948600769043 seconds

Doing depth 4
We had 1 inferral cache hits and 153 partitioning cache hits
The partitioning cache has 0 tilings in it right now
The inferral cache has 19 tilings in it right now
There are 20 tilings in the search tree
Time taken so far is 0.48944997787475586 seconds

Doing depth 5
We had 1 inferral cache hits and 243 partitioning cache hits
The partitioning cache has 8 tilings in it right now
The inferral cache has 27 tilings in it right now
There are 30 tilings in the search tree
Time taken so far is 0.9312670230865479 seconds

Doing depth 6
We had 9 inferral cache hits and 505 partitioning cache hits
The partitioning cache has 6 tilings in it right now
The inferral cache has 39 tilings in it right now
There are 48 tilings in the search tree
Time taken so far is 4.48166561126709 seconds

Doing depth 7
We had 9 inferral cache hits and 769 partitioning cache hits
The partitioning cache has 2 tilings in it right now
The inferral cache has 71 tilings in it right now
There are 69 tilings in the search tree
Time taken so far is 17.348198890686035 seconds

Doing depth 8
We had 9 inferral cache hits and 1430 partitioning cache hits
The partitioning cache has 41 tilings in it right now
The inferral cache has 117 tilings in it right now
There are 134 tilings in the search tree
Time taken so far is 31.11405611038208 seconds

Doing depth 9
We had 45 inferral cache hits and 3171 partitioning cache hits
The partitioning cache has 43 tilings in it right now
The inferral cache has 201 tilings in it right now
There are 269 tilings in the search tree
Time taken so far is 200.0335350036621 seconds

Now processing 0231_1203
Doing depth 1
We had 0 inferral cache hits and 14 partitioning cache hits
The partitioning cache has 0 tilings in it right now
The inferral cache has 4 tilings in it right now
There are 4 tilings in the search tree
Time taken so far is 0.016937255859375 seconds

Doing depth 2
We had 0 inferral cache hits and 56 partitioning cache hits
The partitioning cache has 2 tilings in it right now
The inferral cache has 8 tilings in it right now
There are 8 tilings in the search tree
Time taken so far is 0.0726320743560791 seconds

Doing depth 3
We had 1 inferral cache hits and 119 partitioning cache hits
The partitioning cache has 1 tilings in it right now
The inferral cache has 15 tilings in it right now
There are 13 tilings in the search tree
Time taken so far is 0.2229914665222168 seconds

Doing depth 4
We had 1 inferral cache hits and 153 partitioning cache hits
The partitioning cache has 0 tilings in it right now
The inferral cache has 19 tilings in it right now
There are 15 tilings in the search tree
Time taken so far is 0.6573729515075684 seconds

Doing depth 5
We had 1 inferral cache hits and 248 partitioning cache hits
The partitioning cache has 7 tilings in it right now
The inferral cache has 30 tilings in it right now
There are 24 tilings in the search tree
Time taken so far is 1.1364989280700684 seconds

Doing depth 6
We had 7 inferral cache hits and 510 partitioning cache hits
The partitioning cache has 5 tilings in it right now
The inferral cache has 48 tilings in it right now
There are 39 tilings in the search tree
Time taken so far is 5.901027679443359 seconds

Doing depth 7
We had 7 inferral cache hits and 729 partitioning cache hits
The partitioning cache has 2 tilings in it right now
The inferral cache has 73 tilings in it right now
There are 52 tilings in the search tree
Time taken so far is 22.7566237449646 seconds

Doing depth 8
We had 7 inferral cache hits and 1390 partitioning cache hits
The partitioning cache has 34 tilings in it right now
The inferral cache has 135 tilings in it right now
There are 105 tilings in the search tree
Time taken so far is 41.27971172332764 seconds

Doing depth 9
We had 45 inferral cache hits and 3005 partitioning cache hits
The partitioning cache has 26 tilings in it right now
The inferral cache has 246 tilings in it right now
There are 199 tilings in the search tree
Time taken so far is 260.5322527885437 seconds

Now processing 0231_1230
Doing depth 1
We had 0 inferral cache hits and 14 partitioning cache hits
The partitioning cache has 0 tilings in it right now
The inferral cache has 4 tilings in it right now
There are 4 tilings in the search tree
Time taken so far is 0.019039392471313477 seconds

Doing depth 2
We had 0 inferral cache hits and 56 partitioning cache hits
The partitioning cache has 2 tilings in it right now
The inferral cache has 8 tilings in it right now
There are 10 tilings in the search tree
Time taken so far is 0.07502245903015137 seconds

Doing depth 3
We had 1 inferral cache hits and 119 partitioning cache hits
The partitioning cache has 1 tilings in it right now
The inferral cache has 15 tilings in it right now
There are 17 tilings in the search tree
Time taken so far is 0.18421483039855957 seconds

Doing depth 4
We had 1 inferral cache hits and 153 partitioning cache hits
The partitioning cache has 0 tilings in it right now
The inferral cache has 19 tilings in it right now
There are 20 tilings in the search tree
Time taken so far is 0.4011108875274658 seconds

Doing depth 5
We had 1 inferral cache hits and 243 partitioning cache hits
The partitioning cache has 8 tilings in it right now
The inferral cache has 27 tilings in it right now
There are 28 tilings in the search tree
Time taken so far is 0.8110063076019287 seconds

Doing depth 6
We had 9 inferral cache hits and 505 partitioning cache hits
The partitioning cache has 6 tilings in it right now
The inferral cache has 39 tilings in it right now
There are 40 tilings in the search tree
Time taken so far is 3.781339645385742 seconds

Doing depth 7
We had 9 inferral cache hits and 763 partitioning cache hits
The partitioning cache has 4 tilings in it right now
The inferral cache has 67 tilings in it right now
There are 56 tilings in the search tree
Time taken so far is 13.461644411087036 seconds

Doing depth 8
We had 9 inferral cache hits and 1505 partitioning cache hits
The partitioning cache has 44 tilings in it right now
The inferral cache has 123 tilings in it right now
There are 114 tilings in the search tree
Time taken so far is 28.04310917854309 seconds

Doing depth 9
We had 47 inferral cache hits and 3303 partitioning cache hits
The partitioning cache has 36 tilings in it right now
The inferral cache has 209 tilings in it right now
There are 202 tilings in the search tree
Time taken so far is 183.32846331596375 seconds

Now processing 0231_2013
Doing depth 1
We had 0 inferral cache hits and 14 partitioning cache hits
The partitioning cache has 0 tilings in it right now
The inferral cache has 4 tilings in it right now
There are 4 tilings in the search tree
Time taken so far is 0.01549077033996582 seconds

Doing depth 2
We had 0 inferral cache hits and 56 partitioning cache hits
The partitioning cache has 2 tilings in it right now
The inferral cache has 8 tilings in it right now
There are 8 tilings in the search tree
Time taken so far is 0.06972169876098633 seconds

Doing depth 3
We had 1 inferral cache hits and 119 partitioning cache hits
The partitioning cache has 1 tilings in it right now
The inferral cache has 15 tilings in it right now
There are 13 tilings in the search tree
Time taken so far is 0.21514344215393066 seconds

Doing depth 4
We had 1 inferral cache hits and 153 partitioning cache hits
The partitioning cache has 0 tilings in it right now
The inferral cache has 19 tilings in it right now
There are 15 tilings in the search tree
Time taken so far is 0.7005126476287842 seconds

Doing depth 5
We had 1 inferral cache hits and 248 partitioning cache hits
The partitioning cache has 7 tilings in it right now
The inferral cache has 30 tilings in it right now
There are 24 tilings in the search tree
Time taken so far is 1.264082908630371 seconds

Doing depth 6
We had 7 inferral cache hits and 510 partitioning cache hits
The partitioning cache has 5 tilings in it right now
The inferral cache has 50 tilings in it right now
There are 41 tilings in the search tree
Time taken so far is 7.426284313201904 seconds

Doing depth 7
We had 7 inferral cache hits and 735 partitioning cache hits
The partitioning cache has 3 tilings in it right now
The inferral cache has 78 tilings in it right now
There are 57 tilings in the search tree
Time taken so far is 31.58928680419922 seconds

Doing depth 8
We had 11 inferral cache hits and 1448 partitioning cache hits
The partitioning cache has 38 tilings in it right now
The inferral cache has 146 tilings in it right now
There are 130 tilings in the search tree
Time taken so far is 53.28723406791687 seconds

Doing depth 9
We had 45 inferral cache hits and 3122 partitioning cache hits
The partitioning cache has 50 tilings in it right now
The inferral cache has 254 tilings in it right now
There are 253 tilings in the search tree
Time taken so far is 331.16551971435547 seconds

Now processing 0231_2031
Doing depth 1
We had 0 inferral cache hits and 14 partitioning cache hits
The partitioning cache has 0 tilings in it right now
The inferral cache has 4 tilings in it right now
There are 4 tilings in the search tree
Time taken so far is 0.015624284744262695 seconds

Doing depth 2
We had 0 inferral cache hits and 56 partitioning cache hits
The partitioning cache has 2 tilings in it right now
The inferral cache has 8 tilings in it right now
There are 8 tilings in the search tree
Time taken so far is 0.07404518127441406 seconds

Doing depth 3
We had 1 inferral cache hits and 119 partitioning cache hits
The partitioning cache has 1 tilings in it right now
The inferral cache has 15 tilings in it right now
There are 13 tilings in the search tree
Time taken so far is 0.21817255020141602 seconds

Doing depth 4
We had 1 inferral cache hits and 153 partitioning cache hits
The partitioning cache has 0 tilings in it right now
The inferral cache has 19 tilings in it right now
There are 15 tilings in the search tree
Time taken so far is 0.6185376644134521 seconds

Doing depth 5
We had 1 inferral cache hits and 248 partitioning cache hits
The partitioning cache has 7 tilings in it right now
The inferral cache has 30 tilings in it right now
There are 26 tilings in the search tree
Time taken so far is 1.1779110431671143 seconds

Doing depth 6
We had 7 inferral cache hits and 510 partitioning cache hits
The partitioning cache has 5 tilings in it right now
The inferral cache has 48 tilings in it right now
There are 42 tilings in the search tree
Time taken so far is 7.101215839385986 seconds

Doing depth 7
We had 7 inferral cache hits and 729 partitioning cache hits
The partitioning cache has 1 tilings in it right now
The inferral cache has 73 tilings in it right now
There are 56 tilings in the search tree
Time taken so far is 30.928264379501343 seconds

Doing depth 8
We had 8 inferral cache hits and 1389 partitioning cache hits
The partitioning cache has 37 tilings in it right now
The inferral cache has 135 tilings in it right now
There are 119 tilings in the search tree
Time taken so far is 55.083738803863525 seconds

Doing depth 9
We had 48 inferral cache hits and 3123 partitioning cache hits
The partitioning cache has 28 tilings in it right now
The inferral cache has 249 tilings in it right now
There are 241 tilings in the search tree
Time taken so far is 381.13655185699463 seconds

Now processing 0231_2130
Doing depth 1
We had 0 inferral cache hits and 14 partitioning cache hits
The partitioning cache has 0 tilings in it right now
The inferral cache has 4 tilings in it right now
There are 4 tilings in the search tree
Time taken so far is 0.02054595947265625 seconds

Doing depth 2
We had 0 inferral cache hits and 56 partitioning cache hits
The partitioning cache has 2 tilings in it right now
The inferral cache has 8 tilings in it right now
There are 10 tilings in the search tree
Time taken so far is 0.08245015144348145 seconds

Doing depth 3
We had 1 inferral cache hits and 119 partitioning cache hits
The partitioning cache has 1 tilings in it right now
The inferral cache has 16 tilings in it right now
There are 17 tilings in the search tree
Time taken so far is 0.19607067108154297 seconds

Doing depth 4
We had 1 inferral cache hits and 153 partitioning cache hits
The partitioning cache has 0 tilings in it right now
The inferral cache has 20 tilings in it right now
There are 20 tilings in the search tree
Time taken so far is 0.42613673210144043 seconds

Doing depth 5
We had 1 inferral cache hits and 243 partitioning cache hits
The partitioning cache has 8 tilings in it right now
The inferral cache has 28 tilings in it right now
There are 28 tilings in the search tree
Time taken so far is 0.9290080070495605 seconds

Doing depth 6
We had 9 inferral cache hits and 505 partitioning cache hits
The partitioning cache has 6 tilings in it right now
The inferral cache has 41 tilings in it right now
There are 40 tilings in the search tree
Time taken so far is 5.281048059463501 seconds

Doing depth 7
We had 9 inferral cache hits and 763 partitioning cache hits
The partitioning cache has 2 tilings in it right now
The inferral cache has 71 tilings in it right now
There are 56 tilings in the search tree
Time taken so far is 22.132697343826294 seconds

Doing depth 8
We had 9 inferral cache hits and 1501 partitioning cache hits
The partitioning cache has 43 tilings in it right now
The inferral cache has 136 tilings in it right now
There are 118 tilings in the search tree
Time taken so far is 40.39339518547058 seconds

Doing depth 9
We had 52 inferral cache hits and 3490 partitioning cache hits
The partitioning cache has 36 tilings in it right now
The inferral cache has 265 tilings in it right now
There are 237 tilings in the search tree
Time taken so far is 266.5316867828369 seconds

Now processing 0231_2301
Doing depth 1
We had 0 inferral cache hits and 14 partitioning cache hits
The partitioning cache has 0 tilings in it right now
The inferral cache has 4 tilings in it right now
There are 4 tilings in the search tree
Time taken so far is 0.014920473098754883 seconds

Doing depth 2
We had 0 inferral cache hits and 56 partitioning cache hits
The partitioning cache has 2 tilings in it right now
The inferral cache has 8 tilings in it right now
There are 8 tilings in the search tree
Time taken so far is 0.0666043758392334 seconds

Doing depth 3
We had 1 inferral cache hits and 119 partitioning cache hits
The partitioning cache has 1 tilings in it right now
The inferral cache has 15 tilings in it right now
There are 13 tilings in the search tree
Time taken so far is 0.211716890335083 seconds

Doing depth 4
We had 1 inferral cache hits and 153 partitioning cache hits
The partitioning cache has 0 tilings in it right now
The inferral cache has 19 tilings in it right now
There are 15 tilings in the search tree
Time taken so far is 0.6312549114227295 seconds

Doing depth 5
We had 1 inferral cache hits and 243 partitioning cache hits
The partitioning cache has 7 tilings in it right now
The inferral cache has 27 tilings in it right now
There are 23 tilings in the search tree
Time taken so far is 1.0234708786010742 seconds

Doing depth 6
We had 7 inferral cache hits and 481 partitioning cache hits
The partitioning cache has 5 tilings in it right now
The inferral cache has 38 tilings in it right now
There are 37 tilings in the search tree
Time taken so far is 5.154168367385864 seconds

Doing depth 7
We had 7 inferral cache hits and 700 partitioning cache hits
The partitioning cache has 3 tilings in it right now
The inferral cache has 62 tilings in it right now
There are 52 tilings in the search tree
Time taken so far is 22.66594123840332 seconds

Doing depth 8
We had 9 inferral cache hits and 1380 partitioning cache hits
The partitioning cache has 36 tilings in it right now
The inferral cache has 116 tilings in it right now
There are 112 tilings in the search tree
Time taken so far is 38.33082294464111 seconds

Doing depth 9
We had 48 inferral cache hits and 3032 partitioning cache hits
The partitioning cache has 31 tilings in it right now
The inferral cache has 211 tilings in it right now
There are 215 tilings in the search tree
Time taken so far is 243.73333024978638 seconds

Now processing 0231_3012
Doing depth 1
We had 0 inferral cache hits and 14 partitioning cache hits
The partitioning cache has 0 tilings in it right now
The inferral cache has 4 tilings in it right now
There are 4 tilings in the search tree
Time taken so far is 0.015814542770385742 seconds

Doing depth 2
We had 0 inferral cache hits and 56 partitioning cache hits
The partitioning cache has 2 tilings in it right now
The inferral cache has 8 tilings in it right now
There are 8 tilings in the search tree
Time taken so far is 0.07279658317565918 seconds

Doing depth 3
We had 1 inferral cache hits and 119 partitioning cache hits
The partitioning cache has 1 tilings in it right now
The inferral cache has 15 tilings in it right now
There are 13 tilings in the search tree
Time taken so far is 0.2169046401977539 seconds

Doing depth 4
We had 1 inferral cache hits and 153 partitioning cache hits
The partitioning cache has 0 tilings in it right now
The inferral cache has 19 tilings in it right now
There are 15 tilings in the search tree
Time taken so far is 0.6248095035552979 seconds

Doing depth 5
We had 1 inferral cache hits and 248 partitioning cache hits
The partitioning cache has 7 tilings in it right now
The inferral cache has 30 tilings in it right now
There are 24 tilings in the search tree
Time taken so far is 1.171546459197998 seconds

Doing depth 6
We had 7 inferral cache hits and 510 partitioning cache hits
The partitioning cache has 5 tilings in it right now
The inferral cache has 50 tilings in it right now
There are 41 tilings in the search tree
Time taken so far is 7.370229482650757 seconds

Doing depth 7
We had 7 inferral cache hits and 735 partitioning cache hits
The partitioning cache has 2 tilings in it right now
The inferral cache has 78 tilings in it right now
There are 57 tilings in the search tree
Time taken so far is 31.625487565994263 seconds

Doing depth 8
We had 7 inferral cache hits and 1319 partitioning cache hits
The partitioning cache has 31 tilings in it right now
The inferral cache has 132 tilings in it right now
There are 107 tilings in the search tree
Time taken so far is 53.68245029449463 seconds

Doing depth 9
We had 39 inferral cache hits and 2874 partitioning cache hits
The partitioning cache has 36 tilings in it right now
The inferral cache has 224 tilings in it right now
There are 207 tilings in the search tree
Time taken so far is 355.9015259742737 seconds

Now processing 0321_1032
Doing depth 1
We had 0 inferral cache hits and 14 partitioning cache hits
The partitioning cache has 0 tilings in it right now
The inferral cache has 4 tilings in it right now
There are 4 tilings in the search tree
Time taken so far is 0.01544952392578125 seconds

Doing depth 2
We had 0 inferral cache hits and 56 partitioning cache hits
The partitioning cache has 2 tilings in it right now
The inferral cache has 8 tilings in it right now
There are 8 tilings in the search tree
Time taken so far is 0.06990814208984375 seconds

Doing depth 3
We had 1 inferral cache hits and 119 partitioning cache hits
The partitioning cache has 1 tilings in it right now
The inferral cache has 15 tilings in it right now
There are 13 tilings in the search tree
Time taken so far is 0.2120039463043213 seconds

Doing depth 4
We had 1 inferral cache hits and 153 partitioning cache hits
The partitioning cache has 0 tilings in it right now
The inferral cache has 19 tilings in it right now
There are 15 tilings in the search tree
Time taken so far is 0.604332447052002 seconds

Doing depth 5
We had 1 inferral cache hits and 243 partitioning cache hits
The partitioning cache has 8 tilings in it right now
The inferral cache has 27 tilings in it right now
There are 25 tilings in the search tree
Time taken so far is 1.0768818855285645 seconds

Doing depth 6
We had 9 inferral cache hits and 505 partitioning cache hits
The partitioning cache has 6 tilings in it right now
The inferral cache has 39 tilings in it right now
There are 43 tilings in the search tree
Time taken so far is 4.9764485359191895 seconds

Doing depth 7
We had 9 inferral cache hits and 763 partitioning cache hits
The partitioning cache has 2 tilings in it right now
The inferral cache has 70 tilings in it right now
There are 62 tilings in the search tree
Time taken so far is 19.765525341033936 seconds

Doing depth 8
We had 9 inferral cache hits and 1439 partitioning cache hits
The partitioning cache has 41 tilings in it right now
The inferral cache has 118 tilings in it right now
There are 122 tilings in the search tree
Time taken so far is 34.61380434036255 seconds

Doing depth 9
We had 43 inferral cache hits and 3130 partitioning cache hits
The partitioning cache has 36 tilings in it right now
The inferral cache has 208 tilings in it right now
There are 208 tilings in the search tree
Time taken so far is 217.43898367881775 seconds

Now processing 0321_2103
Doing depth 1
We had 0 inferral cache hits and 14 partitioning cache hits
The partitioning cache has 0 tilings in it right now
The inferral cache has 4 tilings in it right now
There are 4 tilings in the search tree
Time taken so far is 0.015965938568115234 seconds

Doing depth 2
We had 0 inferral cache hits and 56 partitioning cache hits
The partitioning cache has 2 tilings in it right now
The inferral cache has 8 tilings in it right now
There are 8 tilings in the search tree
Time taken so far is 0.07178735733032227 seconds

Doing depth 3
We had 1 inferral cache hits and 119 partitioning cache hits
The partitioning cache has 1 tilings in it right now
The inferral cache has 15 tilings in it right now
There are 13 tilings in the search tree
Time taken so far is 0.2244560718536377 seconds

Doing depth 4
We had 1 inferral cache hits and 153 partitioning cache hits
The partitioning cache has 0 tilings in it right now
The inferral cache has 19 tilings in it right now
There are 15 tilings in the search tree
Time taken so far is 0.6684925556182861 seconds

Doing depth 5
We had 1 inferral cache hits and 248 partitioning cache hits
The partitioning cache has 7 tilings in it right now
The inferral cache has 30 tilings in it right now
There are 24 tilings in the search tree
Time taken so far is 1.3292794227600098 seconds

Doing depth 6
We had 7 inferral cache hits and 510 partitioning cache hits
The partitioning cache has 5 tilings in it right now
The inferral cache has 50 tilings in it right now
There are 39 tilings in the search tree
Time taken so far is 7.845205068588257 seconds

Doing depth 7
We had 7 inferral cache hits and 729 partitioning cache hits
The partitioning cache has 2 tilings in it right now
The inferral cache has 75 tilings in it right now
There are 52 tilings in the search tree
Time taken so far is 33.04098415374756 seconds

Doing depth 8
We had 7 inferral cache hits and 1383 partitioning cache hits
The partitioning cache has 29 tilings in it right now
The inferral cache has 146 tilings in it right now
There are 107 tilings in the search tree
Time taken so far is 56.06880307197571 seconds

Doing depth 9
We had 34 inferral cache hits and 3307 partitioning cache hits
The partitioning cache has 38 tilings in it right now
The inferral cache has 306 tilings in it right now
There are 230 tilings in the search tree
Time taken so far is 313.0305941104889 seconds

Now processing 1032_1302
Doing depth 1
We had 0 inferral cache hits and 14 partitioning cache hits
The partitioning cache has 0 tilings in it right now
The inferral cache has 3 tilings in it right now
There are 4 tilings in the search tree
Time taken so far is 0.015062808990478516 seconds

Doing depth 2
We had 0 inferral cache hits and 56 partitioning cache hits
The partitioning cache has 2 tilings in it right now
The inferral cache has 7 tilings in it right now
There are 8 tilings in the search tree
Time taken so far is 0.07214188575744629 seconds

Doing depth 3
We had 1 inferral cache hits and 119 partitioning cache hits
The partitioning cache has 1 tilings in it right now
The inferral cache has 12 tilings in it right now
There are 13 tilings in the search tree
Time taken so far is 0.24962782859802246 seconds

Doing depth 4
We had 1 inferral cache hits and 153 partitioning cache hits
The partitioning cache has 1 tilings in it right now
The inferral cache has 15 tilings in it right now
There are 15 tilings in the search tree
Time taken so far is 0.7930312156677246 seconds

Doing depth 5
We had 1 inferral cache hits and 249 partitioning cache hits
The partitioning cache has 7 tilings in it right now
The inferral cache has 26 tilings in it right now
There are 24 tilings in the search tree
Time taken so far is 1.3451519012451172 seconds

Doing depth 6
We had 7 inferral cache hits and 511 partitioning cache hits
The partitioning cache has 5 tilings in it right now
The inferral cache has 43 tilings in it right now
There are 39 tilings in the search tree
Time taken so far is 8.61276888847351 seconds

Doing depth 7
We had 7 inferral cache hits and 730 partitioning cache hits
The partitioning cache has 6 tilings in it right now
The inferral cache has 63 tilings in it right now
There are 52 tilings in the search tree
Time taken so far is 41.05172634124756 seconds

Doing depth 8
We had 7 inferral cache hits and 1410 partitioning cache hits
The partitioning cache has 36 tilings in it right now
The inferral cache has 131 tilings in it right now
There are 108 tilings in the search tree
Time taken so far is 68.55861353874207 seconds

Doing depth 9
We had 44 inferral cache hits and 3120 partitioning cache hits
The partitioning cache has 30 tilings in it right now
The inferral cache has 248 tilings in it right now
There are 194 tilings in the search tree
Time taken so far is 511.41175532341003 seconds

Now processing 1032_2301
Doing depth 1
We had 0 inferral cache hits and 14 partitioning cache hits
The partitioning cache has 0 tilings in it right now
The inferral cache has 3 tilings in it right now
There are 4 tilings in the search tree
Time taken so far is 0.015393972396850586 seconds

Doing depth 2
We had 0 inferral cache hits and 56 partitioning cache hits
The partitioning cache has 2 tilings in it right now
The inferral cache has 7 tilings in it right now
There are 8 tilings in the search tree
Time taken so far is 0.07593250274658203 seconds

Doing depth 3
We had 1 inferral cache hits and 119 partitioning cache hits
The partitioning cache has 1 tilings in it right now
The inferral cache has 12 tilings in it right now
There are 13 tilings in the search tree
Time taken so far is 0.26258254051208496 seconds

Doing depth 4
We had 1 inferral cache hits and 153 partitioning cache hits
The partitioning cache has 0 tilings in it right now
The inferral cache has 16 tilings in it right now
There are 15 tilings in the search tree
Time taken so far is 0.8385074138641357 seconds

Doing depth 5
We had 1 inferral cache hits and 243 partitioning cache hits
The partitioning cache has 8 tilings in it right now
The inferral cache has 24 tilings in it right now
There are 23 tilings in the search tree
Time taken so far is 1.2531733512878418 seconds

Doing depth 6
We had 9 inferral cache hits and 505 partitioning cache hits
The partitioning cache has 6 tilings in it right now
The inferral cache has 35 tilings in it right now
There are 36 tilings in the search tree
Time taken so far is 5.813323497772217 seconds

Doing depth 7
We had 9 inferral cache hits and 763 partitioning cache hits
The partitioning cache has 4 tilings in it right now
The inferral cache has 65 tilings in it right now
There are 52 tilings in the search tree
Time taken so far is 27.146018266677856 seconds

Doing depth 8
We had 10 inferral cache hits and 1348 partitioning cache hits
The partitioning cache has 34 tilings in it right now
The inferral cache has 113 tilings in it right now
There are 104 tilings in the search tree
Time taken so far is 41.58250856399536 seconds

Doing depth 9
We had 43 inferral cache hits and 2735 partitioning cache hits
The partitioning cache has 28 tilings in it right now
The inferral cache has 177 tilings in it right now
There are 168 tilings in the search tree
Time taken so far is 247.25514006614685 seconds

