/users/home/henningu/ATRAP/non-regular-insertion-encodable-bases/logs_length2
Now processing 0123_0132
Doing depth 1
We had 0 inferral cache hits and 9 partitioning cache hits
The partitioning cache has 0 tilings in it right now
The inferral cache has 14 tilings in it right now
There are 11 tilings in the search tree
Time taken so far is 0.048700809478759766 seconds

Doing depth 2
We had 9 inferral cache hits and 108 partitioning cache hits
The partitioning cache has 0 tilings in it right now
The inferral cache has 85 tilings in it right now
There are 64 tilings in the search tree
Time taken so far is 0.6421554088592529 seconds

Doing depth 3
We had 97 inferral cache hits and 706 partitioning cache hits
The partitioning cache has 0 tilings in it right now
The inferral cache has 387 tilings in it right now
There are 322 tilings in the search tree
Time taken so far is 6.491636276245117 seconds

Doing depth 4
We had 769 inferral cache hits and 3718 partitioning cache hits
The partitioning cache has 0 tilings in it right now
The inferral cache has 2099 tilings in it right now
There are 1640 tilings in the search tree
Time taken so far is 91.53738951683044 seconds

Now processing 0123_0213
Doing depth 1
We had 0 inferral cache hits and 9 partitioning cache hits
The partitioning cache has 0 tilings in it right now
The inferral cache has 14 tilings in it right now
There are 11 tilings in the search tree
Time taken so far is 0.06856012344360352 seconds

Doing depth 2
We had 9 inferral cache hits and 108 partitioning cache hits
The partitioning cache has 0 tilings in it right now
The inferral cache has 85 tilings in it right now
There are 66 tilings in the search tree
Time taken so far is 0.6471371650695801 seconds

Doing depth 3
We had 97 inferral cache hits and 706 partitioning cache hits
The partitioning cache has 0 tilings in it right now
The inferral cache has 413 tilings in it right now
There are 350 tilings in the search tree
Time taken so far is 5.9912331104278564 seconds

Doing depth 4
We had 855 inferral cache hits and 3932 partitioning cache hits
The partitioning cache has 0 tilings in it right now
The inferral cache has 2474 tilings in it right now
There are 1906 tilings in the search tree
Time taken so far is 99.07424354553223 seconds

Now processing 0123_0231
Doing depth 1
We had 0 inferral cache hits and 9 partitioning cache hits
The partitioning cache has 0 tilings in it right now
The inferral cache has 14 tilings in it right now
There are 11 tilings in the search tree
Time taken so far is 0.07560610771179199 seconds

Doing depth 2
We had 9 inferral cache hits and 108 partitioning cache hits
The partitioning cache has 0 tilings in it right now
The inferral cache has 88 tilings in it right now
There are 64 tilings in the search tree
Time taken so far is 0.7109630107879639 seconds

Doing depth 3
We had 95 inferral cache hits and 706 partitioning cache hits
The partitioning cache has 0 tilings in it right now
The inferral cache has 431 tilings in it right now
There are 344 tilings in the search tree
Time taken so far is 7.576061010360718 seconds

Doing depth 4
We had 911 inferral cache hits and 4138 partitioning cache hits
The partitioning cache has 0 tilings in it right now
The inferral cache has 2810 tilings in it right now
There are 2016 tilings in the search tree
Time taken so far is 108.12227773666382 seconds

Now processing 0123_1230
Doing depth 1
We had 0 inferral cache hits and 9 partitioning cache hits
The partitioning cache has 0 tilings in it right now
The inferral cache has 14 tilings in it right now
There are 11 tilings in the search tree
Time taken so far is 0.059954166412353516 seconds

Doing depth 2
We had 10 inferral cache hits and 108 partitioning cache hits
The partitioning cache has 0 tilings in it right now
The inferral cache has 82 tilings in it right now
There are 64 tilings in the search tree
Time taken so far is 0.5807406902313232 seconds

Doing depth 3
We had 95 inferral cache hits and 706 partitioning cache hits
The partitioning cache has 0 tilings in it right now
The inferral cache has 379 tilings in it right now
There are 316 tilings in the search tree
Time taken so far is 7.069188117980957 seconds

Doing depth 4
We had 755 inferral cache hits and 3718 partitioning cache hits
The partitioning cache has 0 tilings in it right now
The inferral cache has 2070 tilings in it right now
There are 1551 tilings in the search tree
Time taken so far is 90.87113833427429 seconds

Now processing 0123_2301
Doing depth 1
We had 0 inferral cache hits and 9 partitioning cache hits
The partitioning cache has 0 tilings in it right now
The inferral cache has 14 tilings in it right now
There are 11 tilings in the search tree
Time taken so far is 0.05528450012207031 seconds

Doing depth 2
We had 9 inferral cache hits and 108 partitioning cache hits
The partitioning cache has 0 tilings in it right now
The inferral cache has 85 tilings in it right now
There are 62 tilings in the search tree
Time taken so far is 0.6066610813140869 seconds

Doing depth 3
We had 95 inferral cache hits and 706 partitioning cache hits
The partitioning cache has 0 tilings in it right now
The inferral cache has 421 tilings in it right now
There are 326 tilings in the search tree
Time taken so far is 6.8925793170928955 seconds

Doing depth 4
We had 795 inferral cache hits and 3984 partitioning cache hits
The partitioning cache has 0 tilings in it right now
The inferral cache has 2625 tilings in it right now
There are 1788 tilings in the search tree
Time taken so far is 105.18422508239746 seconds

Now processing 0132_0213
Doing depth 1
We had 0 inferral cache hits and 9 partitioning cache hits
The partitioning cache has 0 tilings in it right now
The inferral cache has 14 tilings in it right now
There are 11 tilings in the search tree
Time taken so far is 0.07400250434875488 seconds

Doing depth 2
We had 9 inferral cache hits and 108 partitioning cache hits
The partitioning cache has 0 tilings in it right now
The inferral cache has 89 tilings in it right now
There are 64 tilings in the search tree
Time taken so far is 0.7236120700836182 seconds

Doing depth 3
We had 97 inferral cache hits and 706 partitioning cache hits
The partitioning cache has 0 tilings in it right now
The inferral cache has 443 tilings in it right now
There are 354 tilings in the search tree
Time taken so far is 8.343322038650513 seconds

Doing depth 4
We had 992 inferral cache hits and 4168 partitioning cache hits
The partitioning cache has 0 tilings in it right now
The inferral cache has 3023 tilings in it right now
There are 2222 tilings in the search tree
Time taken so far is 113.06623196601868 seconds

Now processing 0132_0321
Doing depth 1
We had 0 inferral cache hits and 9 partitioning cache hits
The partitioning cache has 0 tilings in it right now
The inferral cache has 12 tilings in it right now
There are 11 tilings in the search tree
Time taken so far is 0.06651186943054199 seconds

Doing depth 2
We had 10 inferral cache hits and 108 partitioning cache hits
The partitioning cache has 0 tilings in it right now
The inferral cache has 82 tilings in it right now
There are 64 tilings in the search tree
Time taken so far is 0.5874848365783691 seconds

Doing depth 3
We had 102 inferral cache hits and 706 partitioning cache hits
The partitioning cache has 0 tilings in it right now
The inferral cache has 387 tilings in it right now
There are 336 tilings in the search tree
Time taken so far is 7.542268753051758 seconds

Doing depth 4
We had 905 inferral cache hits and 3958 partitioning cache hits
The partitioning cache has 0 tilings in it right now
The inferral cache has 2304 tilings in it right now
There are 1826 tilings in the search tree
Time taken so far is 106.54943013191223 seconds

Now processing 0132_1023
Doing depth 1
We had 0 inferral cache hits and 9 partitioning cache hits
The partitioning cache has 0 tilings in it right now
The inferral cache has 14 tilings in it right now
There are 11 tilings in the search tree
Time taken so far is 0.058621883392333984 seconds

Doing depth 2
We had 9 inferral cache hits and 108 partitioning cache hits
The partitioning cache has 0 tilings in it right now
The inferral cache has 85 tilings in it right now
There are 62 tilings in the search tree
Time taken so far is 0.5757591724395752 seconds

Doing depth 3
We had 97 inferral cache hits and 706 partitioning cache hits
The partitioning cache has 0 tilings in it right now
The inferral cache has 429 tilings in it right now
There are 327 tilings in the search tree
Time taken so far is 6.562470436096191 seconds

Doing depth 4
We had 908 inferral cache hits and 3984 partitioning cache hits
The partitioning cache has 0 tilings in it right now
The inferral cache has 3139 tilings in it right now
There are 1975 tilings in the search tree
Time taken so far is 110.97565221786499 seconds

Now processing 0132_1032
Doing depth 1
We had 0 inferral cache hits and 9 partitioning cache hits
The partitioning cache has 0 tilings in it right now
The inferral cache has 12 tilings in it right now
There are 11 tilings in the search tree
Time taken so far is 0.03314661979675293 seconds

Doing depth 2
We had 10 inferral cache hits and 108 partitioning cache hits
The partitioning cache has 0 tilings in it right now
The inferral cache has 84 tilings in it right now
There are 62 tilings in the search tree
Time taken so far is 0.44727587699890137 seconds

Doing depth 3
We had 102 inferral cache hits and 706 partitioning cache hits
The partitioning cache has 0 tilings in it right now
The inferral cache has 429 tilings in it right now
There are 342 tilings in the search tree
Time taken so far is 6.0785181522369385 seconds

Doing depth 4
We had 998 inferral cache hits and 4224 partitioning cache hits
The partitioning cache has 0 tilings in it right now
The inferral cache has 3071 tilings in it right now
There are 2205 tilings in the search tree
Time taken so far is 119.54122042655945 seconds

Now processing 0132_1203
Doing depth 1
We had 0 inferral cache hits and 9 partitioning cache hits
The partitioning cache has 0 tilings in it right now
The inferral cache has 14 tilings in it right now
There are 11 tilings in the search tree
Time taken so far is 0.05220603942871094 seconds

Doing depth 2
We had 9 inferral cache hits and 108 partitioning cache hits
The partitioning cache has 0 tilings in it right now
The inferral cache has 90 tilings in it right now
There are 62 tilings in the search tree
Time taken so far is 0.5760092735290527 seconds

Doing depth 3
We had 97 inferral cache hits and 706 partitioning cache hits
The partitioning cache has 0 tilings in it right now
The inferral cache has 470 tilings in it right now
There are 350 tilings in the search tree
Time taken so far is 6.360948324203491 seconds

Doing depth 4
We had 1058 inferral cache hits and 4404 partitioning cache hits
The partitioning cache has 0 tilings in it right now
The inferral cache has 3732 tilings in it right now
There are 2430 tilings in the search tree
Time taken so far is 126.41728043556213 seconds

Now processing 0132_1230
Doing depth 1
We had 0 inferral cache hits and 9 partitioning cache hits
The partitioning cache has 0 tilings in it right now
The inferral cache has 13 tilings in it right now
There are 11 tilings in the search tree
Time taken so far is 0.054264068603515625 seconds

Doing depth 2
We had 9 inferral cache hits and 108 partitioning cache hits
The partitioning cache has 0 tilings in it right now
The inferral cache has 86 tilings in it right now
There are 63 tilings in the search tree
Time taken so far is 0.7276642322540283 seconds

Doing depth 3
We had 95 inferral cache hits and 706 partitioning cache hits
The partitioning cache has 0 tilings in it right now
The inferral cache has 417 tilings in it right now
There are 329 tilings in the search tree
Time taken so far is 6.61967921257019 seconds

Doing depth 4
We had 841 inferral cache hits and 3971 partitioning cache hits
The partitioning cache has 0 tilings in it right now
The inferral cache has 2616 tilings in it right now
There are 1838 tilings in the search tree
Time taken so far is 104.26734805107117 seconds

Now processing 0132_1320
Doing depth 1
We had 0 inferral cache hits and 9 partitioning cache hits
The partitioning cache has 0 tilings in it right now
The inferral cache has 13 tilings in it right now
There are 11 tilings in the search tree
Time taken so far is 0.061548709869384766 seconds

Doing depth 2
We had 9 inferral cache hits and 108 partitioning cache hits
The partitioning cache has 0 tilings in it right now
The inferral cache has 85 tilings in it right now
There are 63 tilings in the search tree
Time taken so far is 0.6471736431121826 seconds

Doing depth 3
We had 98 inferral cache hits and 706 partitioning cache hits
The partitioning cache has 0 tilings in it right now
The inferral cache has 444 tilings in it right now
There are 353 tilings in the search tree
Time taken so far is 7.157658576965332 seconds

Doing depth 4
We had 1084 inferral cache hits and 4391 partitioning cache hits
The partitioning cache has 0 tilings in it right now
The inferral cache has 3442 tilings in it right now
There are 2357 tilings in the search tree
Time taken so far is 126.3972384929657 seconds

Now processing 0132_2301
Doing depth 1
We had 0 inferral cache hits and 9 partitioning cache hits
The partitioning cache has 0 tilings in it right now
The inferral cache has 12 tilings in it right now
There are 11 tilings in the search tree
Time taken so far is 0.05762648582458496 seconds

Doing depth 2
We had 10 inferral cache hits and 108 partitioning cache hits
The partitioning cache has 0 tilings in it right now
The inferral cache has 84 tilings in it right now
There are 62 tilings in the search tree
Time taken so far is 0.5784754753112793 seconds

Doing depth 3
We had 102 inferral cache hits and 706 partitioning cache hits
The partitioning cache has 0 tilings in it right now
The inferral cache has 444 tilings in it right now
There are 342 tilings in the search tree
Time taken so far is 7.042922496795654 seconds

Doing depth 4
We had 1002 inferral cache hits and 4224 partitioning cache hits
The partitioning cache has 0 tilings in it right now
The inferral cache has 3247 tilings in it right now
There are 2110 tilings in the search tree
Time taken so far is 121.23615264892578 seconds

Now processing 0132_3120
Doing depth 1
We had 0 inferral cache hits and 9 partitioning cache hits
The partitioning cache has 0 tilings in it right now
The inferral cache has 14 tilings in it right now
There are 11 tilings in the search tree
Time taken so far is 0.04098176956176758 seconds

Doing depth 2
We had 9 inferral cache hits and 108 partitioning cache hits
The partitioning cache has 0 tilings in it right now
The inferral cache has 89 tilings in it right now
There are 64 tilings in the search tree
Time taken so far is 0.5312113761901855 seconds

Doing depth 3
We had 95 inferral cache hits and 706 partitioning cache hits
The partitioning cache has 0 tilings in it right now
The inferral cache has 454 tilings in it right now
There are 348 tilings in the search tree
Time taken so far is 7.010741233825684 seconds

Doing depth 4
We had 931 inferral cache hits and 4224 partitioning cache hits
The partitioning cache has 0 tilings in it right now
The inferral cache has 3210 tilings in it right now
There are 2119 tilings in the search tree
Time taken so far is 114.76431703567505 seconds

Now processing 0213_0321
Doing depth 1
We had 0 inferral cache hits and 9 partitioning cache hits
The partitioning cache has 0 tilings in it right now
The inferral cache has 14 tilings in it right now
There are 11 tilings in the search tree
Time taken so far is 0.05984210968017578 seconds

Doing depth 2
We had 9 inferral cache hits and 108 partitioning cache hits
The partitioning cache has 0 tilings in it right now
The inferral cache has 87 tilings in it right now
There are 64 tilings in the search tree
Time taken so far is 0.6070156097412109 seconds

Doing depth 3
We had 97 inferral cache hits and 706 partitioning cache hits
The partitioning cache has 0 tilings in it right now
The inferral cache has 432 tilings in it right now
There are 352 tilings in the search tree
Time taken so far is 6.898116827011108 seconds

Doing depth 4
We had 968 inferral cache hits and 4172 partitioning cache hits
The partitioning cache has 0 tilings in it right now
The inferral cache has 2863 tilings in it right now
There are 2124 tilings in the search tree
Time taken so far is 114.75893139839172 seconds

Now processing 0213_1230
Doing depth 1
We had 0 inferral cache hits and 9 partitioning cache hits
The partitioning cache has 0 tilings in it right now
The inferral cache has 14 tilings in it right now
There are 11 tilings in the search tree
Time taken so far is 0.06374597549438477 seconds

Doing depth 2
We had 9 inferral cache hits and 108 partitioning cache hits
The partitioning cache has 0 tilings in it right now
The inferral cache has 85 tilings in it right now
There are 64 tilings in the search tree
Time taken so far is 0.5922086238861084 seconds

Doing depth 3
We had 96 inferral cache hits and 706 partitioning cache hits
The partitioning cache has 0 tilings in it right now
The inferral cache has 440 tilings in it right now
There are 348 tilings in the search tree
Time taken so far is 6.730239629745483 seconds

Doing depth 4
We had 1081 inferral cache hits and 4224 partitioning cache hits
The partitioning cache has 0 tilings in it right now
The inferral cache has 3739 tilings in it right now
There are 2398 tilings in the search tree
Time taken so far is 119.16683721542358 seconds

Now processing 0213_1320
Doing depth 1
We had 0 inferral cache hits and 9 partitioning cache hits
The partitioning cache has 0 tilings in it right now
The inferral cache has 14 tilings in it right now
There are 11 tilings in the search tree
Time taken so far is 0.06493854522705078 seconds

Doing depth 2
We had 9 inferral cache hits and 108 partitioning cache hits
The partitioning cache has 0 tilings in it right now
The inferral cache has 88 tilings in it right now
There are 64 tilings in the search tree
Time taken so far is 0.5895023345947266 seconds

Doing depth 3
We had 97 inferral cache hits and 706 partitioning cache hits
The partitioning cache has 0 tilings in it right now
The inferral cache has 486 tilings in it right now
There are 372 tilings in the search tree
Time taken so far is 7.491246938705444 seconds

Doing depth 4
We had 1196 inferral cache hits and 4738 partitioning cache hits
The partitioning cache has 0 tilings in it right now
The inferral cache has 4438 tilings in it right now
There are 2915 tilings in the search tree
Time taken so far is 144.34549355506897 seconds

Now processing 0213_2301
Doing depth 1
We had 0 inferral cache hits and 9 partitioning cache hits
The partitioning cache has 0 tilings in it right now
The inferral cache has 14 tilings in it right now
There are 11 tilings in the search tree
Time taken so far is 0.05787467956542969 seconds

Doing depth 2
We had 9 inferral cache hits and 108 partitioning cache hits
The partitioning cache has 0 tilings in it right now
The inferral cache has 89 tilings in it right now
There are 62 tilings in the search tree
Time taken so far is 0.6321165561676025 seconds

Doing depth 3
We had 97 inferral cache hits and 706 partitioning cache hits
The partitioning cache has 0 tilings in it right now
The inferral cache has 477 tilings in it right now
There are 358 tilings in the search tree
Time taken so far is 7.156335115432739 seconds

Doing depth 4
We had 1033 inferral cache hits and 4464 partitioning cache hits
The partitioning cache has 0 tilings in it right now
The inferral cache has 3963 tilings in it right now
There are 2574 tilings in the search tree
Time taken so far is 130.62716364860535 seconds

Now processing 0213_3120
Doing depth 1
We had 0 inferral cache hits and 9 partitioning cache hits
The partitioning cache has 0 tilings in it right now
The inferral cache has 14 tilings in it right now
There are 11 tilings in the search tree
Time taken so far is 0.061602115631103516 seconds

Doing depth 2
We had 9 inferral cache hits and 108 partitioning cache hits
The partitioning cache has 0 tilings in it right now
The inferral cache has 89 tilings in it right now
There are 66 tilings in the search tree
Time taken so far is 0.5924913883209229 seconds

Doing depth 3
We had 93 inferral cache hits and 706 partitioning cache hits
The partitioning cache has 0 tilings in it right now
The inferral cache has 469 tilings in it right now
There are 370 tilings in the search tree
Time taken so far is 7.016751289367676 seconds

Doing depth 4
We had 1174 inferral cache hits and 4464 partitioning cache hits
The partitioning cache has 0 tilings in it right now
The inferral cache has 4091 tilings in it right now
There are 2616 tilings in the search tree
Time taken so far is 130.22836136817932 seconds

Now processing 0231_0312
Doing depth 1
We had 0 inferral cache hits and 9 partitioning cache hits
The partitioning cache has 0 tilings in it right now
The inferral cache has 12 tilings in it right now
There are 11 tilings in the search tree
Time taken so far is 0.06540393829345703 seconds

Doing depth 2
We had 10 inferral cache hits and 108 partitioning cache hits
The partitioning cache has 0 tilings in it right now
The inferral cache has 86 tilings in it right now
There are 64 tilings in the search tree
Time taken so far is 0.6983599662780762 seconds

Doing depth 3
We had 101 inferral cache hits and 706 partitioning cache hits
The partitioning cache has 0 tilings in it right now
The inferral cache has 472 tilings in it right now
There are 386 tilings in the search tree
Time taken so far is 9.20543360710144 seconds

Doing depth 4
We had 1369 inferral cache hits and 4875 partitioning cache hits
The partitioning cache has 0 tilings in it right now
The inferral cache has 3974 tilings in it right now
There are 2920 tilings in the search tree
Time taken so far is 151.04326128959656 seconds

Now processing 0231_0321
Doing depth 1
We had 0 inferral cache hits and 9 partitioning cache hits
The partitioning cache has 0 tilings in it right now
The inferral cache has 12 tilings in it right now
There are 11 tilings in the search tree
Time taken so far is 0.0652306079864502 seconds

Doing depth 2
We had 10 inferral cache hits and 108 partitioning cache hits
The partitioning cache has 0 tilings in it right now
The inferral cache has 82 tilings in it right now
There are 64 tilings in the search tree
Time taken so far is 0.6947085857391357 seconds

Doing depth 3
We had 102 inferral cache hits and 706 partitioning cache hits
The partitioning cache has 0 tilings in it right now
The inferral cache has 425 tilings in it right now
There are 363 tilings in the search tree
Time taken so far is 8.808561325073242 seconds

Doing depth 4
We had 1179 inferral cache hits and 4485 partitioning cache hits
The partitioning cache has 0 tilings in it right now
The inferral cache has 3162 tilings in it right now
There are 2473 tilings in the search tree
Time taken so far is 135.4909746646881 seconds

Now processing 0231_1203
Doing depth 1
We had 0 inferral cache hits and 9 partitioning cache hits
The partitioning cache has 0 tilings in it right now
The inferral cache has 14 tilings in it right now
There are 11 tilings in the search tree
Time taken so far is 0.05879807472229004 seconds

Doing depth 2
We had 9 inferral cache hits and 108 partitioning cache hits
The partitioning cache has 0 tilings in it right now
The inferral cache has 93 tilings in it right now
There are 62 tilings in the search tree
Time taken so far is 0.6431498527526855 seconds

Doing depth 3
We had 97 inferral cache hits and 706 partitioning cache hits
The partitioning cache has 0 tilings in it right now
The inferral cache has 502 tilings in it right now
There are 374 tilings in the search tree
Time taken so far is 7.528128147125244 seconds

Doing depth 4
We had 1275 inferral cache hits and 4676 partitioning cache hits
The partitioning cache has 0 tilings in it right now
The inferral cache has 4739 tilings in it right now
There are 3152 tilings in the search tree
Time taken so far is 154.6026930809021 seconds

Now processing 0231_1230
Doing depth 1
We had 0 inferral cache hits and 9 partitioning cache hits
The partitioning cache has 0 tilings in it right now
The inferral cache has 13 tilings in it right now
There are 11 tilings in the search tree
Time taken so far is 0.06205940246582031 seconds

Doing depth 2
We had 9 inferral cache hits and 108 partitioning cache hits
The partitioning cache has 0 tilings in it right now
The inferral cache has 85 tilings in it right now
There are 63 tilings in the search tree
Time taken so far is 0.7025887966156006 seconds

Doing depth 3
We had 97 inferral cache hits and 706 partitioning cache hits
The partitioning cache has 0 tilings in it right now
The inferral cache has 427 tilings in it right now
There are 348 tilings in the search tree
Time taken so far is 7.176617622375488 seconds

Doing depth 4
We had 1024 inferral cache hits and 4305 partitioning cache hits
The partitioning cache has 0 tilings in it right now
The inferral cache has 3006 tilings in it right now
There are 2279 tilings in the search tree
Time taken so far is 121.4552149772644 seconds

Now processing 0231_2013
Doing depth 1
We had 0 inferral cache hits and 9 partitioning cache hits
The partitioning cache has 0 tilings in it right now
The inferral cache has 14 tilings in it right now
There are 11 tilings in the search tree
Time taken so far is 0.05759596824645996 seconds

Doing depth 2
We had 9 inferral cache hits and 108 partitioning cache hits
The partitioning cache has 0 tilings in it right now
The inferral cache has 93 tilings in it right now
There are 62 tilings in the search tree
Time taken so far is 0.6446783542633057 seconds

Doing depth 3
We had 95 inferral cache hits and 706 partitioning cache hits
The partitioning cache has 0 tilings in it right now
The inferral cache has 517 tilings in it right now
There are 374 tilings in the search tree
Time taken so far is 7.1891021728515625 seconds

Doing depth 4
We had 1384 inferral cache hits and 5004 partitioning cache hits
The partitioning cache has 0 tilings in it right now
The inferral cache has 5196 tilings in it right now
There are 3407 tilings in the search tree
Time taken so far is 162.1336545944214 seconds

Now processing 0231_2031
Doing depth 1
We had 0 inferral cache hits and 9 partitioning cache hits
The partitioning cache has 0 tilings in it right now
The inferral cache has 12 tilings in it right now
There are 11 tilings in the search tree
Time taken so far is 0.05084109306335449 seconds

Doing depth 2
We had 10 inferral cache hits and 108 partitioning cache hits
The partitioning cache has 0 tilings in it right now
The inferral cache has 86 tilings in it right now
There are 62 tilings in the search tree
Time taken so far is 0.5572178363800049 seconds

Doing depth 3
We had 102 inferral cache hits and 706 partitioning cache hits
The partitioning cache has 0 tilings in it right now
The inferral cache has 546 tilings in it right now
There are 421 tilings in the search tree
Time taken so far is 8.651529550552368 seconds

Doing depth 4
We had 1636 inferral cache hits and 5698 partitioning cache hits
The partitioning cache has 0 tilings in it right now
The inferral cache has 5853 tilings in it right now
There are 4153 tilings in the search tree
Time taken so far is 204.54000282287598 seconds

Now processing 0231_2130
Doing depth 1
We had 0 inferral cache hits and 9 partitioning cache hits
The partitioning cache has 0 tilings in it right now
The inferral cache has 13 tilings in it right now
There are 11 tilings in the search tree
Time taken so far is 0.057082176208496094 seconds

Doing depth 2
We had 9 inferral cache hits and 108 partitioning cache hits
The partitioning cache has 0 tilings in it right now
The inferral cache has 90 tilings in it right now
There are 63 tilings in the search tree
Time taken so far is 0.5957317352294922 seconds

Doing depth 3
We had 99 inferral cache hits and 706 partitioning cache hits
The partitioning cache has 0 tilings in it right now
The inferral cache has 504 tilings in it right now
There are 377 tilings in the search tree
Time taken so far is 8.971142053604126 seconds

Doing depth 4
We had 1305 inferral cache hits and 4811 partitioning cache hits
The partitioning cache has 0 tilings in it right now
The inferral cache has 4640 tilings in it right now
There are 2993 tilings in the search tree
Time taken so far is 153.57598280906677 seconds

Now processing 0231_2301
Doing depth 1
We had 0 inferral cache hits and 9 partitioning cache hits
The partitioning cache has 0 tilings in it right now
The inferral cache has 12 tilings in it right now
There are 11 tilings in the search tree
Time taken so far is 0.05319380760192871 seconds

Doing depth 2
We had 10 inferral cache hits and 108 partitioning cache hits
The partitioning cache has 0 tilings in it right now
The inferral cache has 85 tilings in it right now
There are 62 tilings in the search tree
Time taken so far is 0.5619156360626221 seconds

Doing depth 3
We had 98 inferral cache hits and 706 partitioning cache hits
The partitioning cache has 0 tilings in it right now
The inferral cache has 474 tilings in it right now
There are 366 tilings in the search tree
Time taken so far is 8.6566321849823 seconds

Doing depth 4
We had 1182 inferral cache hits and 4665 partitioning cache hits
The partitioning cache has 0 tilings in it right now
The inferral cache has 3828 tilings in it right now
There are 2678 tilings in the search tree
Time taken so far is 143.86982107162476 seconds

Now processing 0231_3012
Doing depth 1
We had 0 inferral cache hits and 9 partitioning cache hits
The partitioning cache has 0 tilings in it right now
The inferral cache has 13 tilings in it right now
There are 11 tilings in the search tree
Time taken so far is 0.05882620811462402 seconds

Doing depth 2
We had 9 inferral cache hits and 108 partitioning cache hits
The partitioning cache has 0 tilings in it right now
The inferral cache has 88 tilings in it right now
There are 63 tilings in the search tree
Time taken so far is 0.5762317180633545 seconds

Doing depth 3
We had 98 inferral cache hits and 706 partitioning cache hits
The partitioning cache has 0 tilings in it right now
The inferral cache has 457 tilings in it right now
There are 354 tilings in the search tree
Time taken so far is 6.79368257522583 seconds

Doing depth 4
We had 1134 inferral cache hits and 4464 partitioning cache hits
The partitioning cache has 0 tilings in it right now
The inferral cache has 3753 tilings in it right now
There are 2459 tilings in the search tree
Time taken so far is 131.77937817573547 seconds

Now processing 0321_1032
Doing depth 1
We had 0 inferral cache hits and 9 partitioning cache hits
The partitioning cache has 0 tilings in it right now
The inferral cache has 12 tilings in it right now
There are 11 tilings in the search tree
Time taken so far is 0.06635713577270508 seconds

Doing depth 2
We had 10 inferral cache hits and 108 partitioning cache hits
The partitioning cache has 0 tilings in it right now
The inferral cache has 84 tilings in it right now
There are 62 tilings in the search tree
Time taken so far is 0.6796941757202148 seconds

Doing depth 3
We had 101 inferral cache hits and 706 partitioning cache hits
The partitioning cache has 0 tilings in it right now
The inferral cache has 415 tilings in it right now
There are 342 tilings in the search tree
Time taken so far is 8.765418767929077 seconds

Doing depth 4
We had 1017 inferral cache hits and 4224 partitioning cache hits
The partitioning cache has 0 tilings in it right now
The inferral cache has 2648 tilings in it right now
There are 2029 tilings in the search tree
Time taken so far is 117.41174626350403 seconds

Now processing 0321_2103
Doing depth 1
We had 0 inferral cache hits and 9 partitioning cache hits
The partitioning cache has 0 tilings in it right now
The inferral cache has 14 tilings in it right now
There are 11 tilings in the search tree
Time taken so far is 0.06041407585144043 seconds

Doing depth 2
We had 9 inferral cache hits and 108 partitioning cache hits
The partitioning cache has 0 tilings in it right now
The inferral cache has 85 tilings in it right now
There are 62 tilings in the search tree
Time taken so far is 0.6560602188110352 seconds

Doing depth 3
We had 97 inferral cache hits and 706 partitioning cache hits
The partitioning cache has 0 tilings in it right now
The inferral cache has 407 tilings in it right now
There are 326 tilings in the search tree
Time taken so far is 7.922452926635742 seconds

Doing depth 4
We had 858 inferral cache hits and 3984 partitioning cache hits
The partitioning cache has 0 tilings in it right now
The inferral cache has 2503 tilings in it right now
There are 1795 tilings in the search tree
Time taken so far is 107.53404331207275 seconds

Now processing 1032_1302
Doing depth 1
We had 0 inferral cache hits and 9 partitioning cache hits
The partitioning cache has 0 tilings in it right now
The inferral cache has 10 tilings in it right now
There are 11 tilings in the search tree
Time taken so far is 0.052515506744384766 seconds

Doing depth 2
We had 13 inferral cache hits and 108 partitioning cache hits
The partitioning cache has 0 tilings in it right now
The inferral cache has 77 tilings in it right now
There are 62 tilings in the search tree
Time taken so far is 0.5415213108062744 seconds

Doing depth 3
We had 109 inferral cache hits and 706 partitioning cache hits
The partitioning cache has 0 tilings in it right now
The inferral cache has 481 tilings in it right now
There are 406 tilings in the search tree
Time taken so far is 8.399652004241943 seconds

Doing depth 4
We had 1638 inferral cache hits and 5278 partitioning cache hits
The partitioning cache has 0 tilings in it right now
The inferral cache has 4216 tilings in it right now
There are 3299 tilings in the search tree
Time taken so far is 150.19767570495605 seconds

Now processing 1032_2301
Doing depth 1
We had 0 inferral cache hits and 9 partitioning cache hits
The partitioning cache has 0 tilings in it right now
The inferral cache has 10 tilings in it right now
There are 11 tilings in the search tree
Time taken so far is 0.05076313018798828 seconds

Doing depth 2
We had 13 inferral cache hits and 108 partitioning cache hits
The partitioning cache has 0 tilings in it right now
The inferral cache has 81 tilings in it right now
There are 62 tilings in the search tree
Time taken so far is 0.5191051959991455 seconds

Doing depth 3
We had 109 inferral cache hits and 706 partitioning cache hits
The partitioning cache has 0 tilings in it right now
The inferral cache has 441 tilings in it right now
There are 358 tilings in the search tree
Time taken so far is 6.220749378204346 seconds

Doing depth 4
We had 1214 inferral cache hits and 4464 partitioning cache hits
The partitioning cache has 0 tilings in it right now
The inferral cache has 3551 tilings in it right now
There are 2362 tilings in the search tree
Time taken so far is 111.17563128471375 seconds

