/users/home/henningu/ATRAP/non-regular-insertion-encodable-bases/logs_length2
Now processing 0123_0132
Doing depth 1
We had 0 inferral cache hits and 14 partitioning cache hits
The partitioning cache has 0 tilings in it right now
The inferral cache has 4 tilings in it right now
There are 4 tilings in the search tree
Time taken so far is 0.02183079719543457 seconds

Doing depth 2
We had 0 inferral cache hits and 56 partitioning cache hits
The partitioning cache has 2 tilings in it right now
The inferral cache has 8 tilings in it right now
There are 10 tilings in the search tree
Time taken so far is 0.08111858367919922 seconds

Doing depth 3
We had 1 inferral cache hits and 119 partitioning cache hits
The partitioning cache has 1 tilings in it right now
The inferral cache has 15 tilings in it right now
There are 17 tilings in the search tree
Time taken so far is 0.20132780075073242 seconds

Doing depth 4
We had 1 inferral cache hits and 153 partitioning cache hits
The partitioning cache has 0 tilings in it right now
The inferral cache has 19 tilings in it right now
There are 20 tilings in the search tree
Time taken so far is 0.47311878204345703 seconds

Doing depth 5
We had 1 inferral cache hits and 243 partitioning cache hits
The partitioning cache has 8 tilings in it right now
The inferral cache has 27 tilings in it right now
There are 30 tilings in the search tree
Time taken so far is 0.9380226135253906 seconds

Doing depth 6
We had 9 inferral cache hits and 505 partitioning cache hits
The partitioning cache has 6 tilings in it right now
The inferral cache has 39 tilings in it right now
There are 48 tilings in the search tree
Time taken so far is 4.853268623352051 seconds

Doing depth 7
We had 9 inferral cache hits and 769 partitioning cache hits
The partitioning cache has 2 tilings in it right now
The inferral cache has 71 tilings in it right now
There are 69 tilings in the search tree
Time taken so far is 18.832417726516724 seconds

Doing depth 8
We had 9 inferral cache hits and 1430 partitioning cache hits
The partitioning cache has 41 tilings in it right now
The inferral cache has 117 tilings in it right now
There are 135 tilings in the search tree
Time taken so far is 34.32254362106323 seconds

Now processing 0123_0213
Doing depth 1
We had 0 inferral cache hits and 14 partitioning cache hits
The partitioning cache has 0 tilings in it right now
The inferral cache has 4 tilings in it right now
There are 4 tilings in the search tree
Time taken so far is 0.019899368286132812 seconds

Doing depth 2
We had 0 inferral cache hits and 56 partitioning cache hits
The partitioning cache has 2 tilings in it right now
The inferral cache has 8 tilings in it right now
There are 10 tilings in the search tree
Time taken so far is 0.07795262336730957 seconds

Doing depth 3
We had 1 inferral cache hits and 119 partitioning cache hits
The partitioning cache has 1 tilings in it right now
The inferral cache has 16 tilings in it right now
There are 17 tilings in the search tree
Time taken so far is 0.20172405242919922 seconds

Doing depth 4
We had 1 inferral cache hits and 153 partitioning cache hits
The partitioning cache has 0 tilings in it right now
The inferral cache has 20 tilings in it right now
There are 20 tilings in the search tree
Time taken so far is 0.49549365043640137 seconds

Doing depth 5
We had 1 inferral cache hits and 243 partitioning cache hits
The partitioning cache has 8 tilings in it right now
The inferral cache has 28 tilings in it right now
There are 29 tilings in the search tree
Time taken so far is 1.0560319423675537 seconds

Doing depth 6
We had 9 inferral cache hits and 505 partitioning cache hits
The partitioning cache has 6 tilings in it right now
The inferral cache has 41 tilings in it right now
There are 45 tilings in the search tree
Time taken so far is 5.859043836593628 seconds

Doing depth 7
We had 9 inferral cache hits and 769 partitioning cache hits
The partitioning cache has 2 tilings in it right now
The inferral cache has 73 tilings in it right now
There are 65 tilings in the search tree
Time taken so far is 23.33415389060974 seconds

Doing depth 8
We had 9 inferral cache hits and 1421 partitioning cache hits
The partitioning cache has 42 tilings in it right now
The inferral cache has 123 tilings in it right now
There are 129 tilings in the search tree
Time taken so far is 45.273271322250366 seconds

Now processing 0123_0231
Doing depth 1
We had 0 inferral cache hits and 14 partitioning cache hits
The partitioning cache has 0 tilings in it right now
The inferral cache has 4 tilings in it right now
There are 4 tilings in the search tree
Time taken so far is 0.018271446228027344 seconds

Doing depth 2
We had 0 inferral cache hits and 56 partitioning cache hits
The partitioning cache has 2 tilings in it right now
The inferral cache has 8 tilings in it right now
There are 10 tilings in the search tree
Time taken so far is 0.07275056838989258 seconds

Doing depth 3
We had 1 inferral cache hits and 119 partitioning cache hits
The partitioning cache has 1 tilings in it right now
The inferral cache has 16 tilings in it right now
There are 17 tilings in the search tree
Time taken so far is 0.22535133361816406 seconds

Doing depth 4
We had 1 inferral cache hits and 153 partitioning cache hits
The partitioning cache has 0 tilings in it right now
The inferral cache has 20 tilings in it right now
There are 20 tilings in the search tree
Time taken so far is 0.48886632919311523 seconds

Doing depth 5
We had 1 inferral cache hits and 243 partitioning cache hits
The partitioning cache has 7 tilings in it right now
The inferral cache has 29 tilings in it right now
There are 29 tilings in the search tree
Time taken so far is 1.0654213428497314 seconds

Doing depth 6
We had 9 inferral cache hits and 504 partitioning cache hits
The partitioning cache has 5 tilings in it right now
The inferral cache has 43 tilings in it right now
There are 45 tilings in the search tree
Time taken so far is 5.645886182785034 seconds

Doing depth 7
We had 9 inferral cache hits and 767 partitioning cache hits
The partitioning cache has 2 tilings in it right now
The inferral cache has 75 tilings in it right now
There are 65 tilings in the search tree
Time taken so far is 20.30880045890808 seconds

Doing depth 8
We had 11 inferral cache hits and 1454 partitioning cache hits
The partitioning cache has 38 tilings in it right now
The inferral cache has 136 tilings in it right now
There are 130 tilings in the search tree
Time taken so far is 39.58770394325256 seconds

Now processing 0123_1230
Doing depth 1
We had 0 inferral cache hits and 14 partitioning cache hits
The partitioning cache has 0 tilings in it right now
The inferral cache has 4 tilings in it right now
There are 4 tilings in the search tree
Time taken so far is 0.014190912246704102 seconds

Doing depth 2
We had 0 inferral cache hits and 56 partitioning cache hits
The partitioning cache has 2 tilings in it right now
The inferral cache has 8 tilings in it right now
There are 8 tilings in the search tree
Time taken so far is 0.06444478034973145 seconds

Doing depth 3
We had 1 inferral cache hits and 119 partitioning cache hits
The partitioning cache has 1 tilings in it right now
The inferral cache has 15 tilings in it right now
There are 13 tilings in the search tree
Time taken so far is 0.20462536811828613 seconds

Doing depth 4
We had 1 inferral cache hits and 153 partitioning cache hits
The partitioning cache has 0 tilings in it right now
The inferral cache has 19 tilings in it right now
There are 15 tilings in the search tree
Time taken so far is 0.6173114776611328 seconds

Doing depth 5
We had 1 inferral cache hits and 248 partitioning cache hits
The partitioning cache has 6 tilings in it right now
The inferral cache has 31 tilings in it right now
There are 24 tilings in the search tree
Time taken so far is 1.2571625709533691 seconds

Doing depth 6
We had 10 inferral cache hits and 583 partitioning cache hits
The partitioning cache has 8 tilings in it right now
The inferral cache has 56 tilings in it right now
There are 46 tilings in the search tree
Time taken so far is 7.589405536651611 seconds

Doing depth 7
We had 10 inferral cache hits and 801 partitioning cache hits
The partitioning cache has 4 tilings in it right now
The inferral cache has 81 tilings in it right now
There are 58 tilings in the search tree
Time taken so far is 30.625178575515747 seconds

Doing depth 8
We had 10 inferral cache hits and 1488 partitioning cache hits
The partitioning cache has 37 tilings in it right now
The inferral cache has 153 tilings in it right now
There are 114 tilings in the search tree
Time taken so far is 58.37964177131653 seconds

Now processing 0123_2301
Doing depth 1
We had 0 inferral cache hits and 14 partitioning cache hits
The partitioning cache has 0 tilings in it right now
The inferral cache has 4 tilings in it right now
There are 4 tilings in the search tree
Time taken so far is 0.013635635375976562 seconds

Doing depth 2
We had 0 inferral cache hits and 56 partitioning cache hits
The partitioning cache has 2 tilings in it right now
The inferral cache has 8 tilings in it right now
There are 8 tilings in the search tree
Time taken so far is 0.06439661979675293 seconds

Doing depth 3
We had 1 inferral cache hits and 119 partitioning cache hits
The partitioning cache has 1 tilings in it right now
The inferral cache has 15 tilings in it right now
There are 13 tilings in the search tree
Time taken so far is 0.20859456062316895 seconds

Doing depth 4
We had 1 inferral cache hits and 153 partitioning cache hits
The partitioning cache has 0 tilings in it right now
The inferral cache has 19 tilings in it right now
There are 15 tilings in the search tree
Time taken so far is 0.6212403774261475 seconds

Doing depth 5
We had 1 inferral cache hits and 243 partitioning cache hits
The partitioning cache has 7 tilings in it right now
The inferral cache has 27 tilings in it right now
There are 23 tilings in the search tree
Time taken so far is 1.1366963386535645 seconds

Doing depth 6
We had 7 inferral cache hits and 481 partitioning cache hits
The partitioning cache has 5 tilings in it right now
The inferral cache has 38 tilings in it right now
There are 37 tilings in the search tree
Time taken so far is 5.991882801055908 seconds

Doing depth 7
We had 7 inferral cache hits and 700 partitioning cache hits
The partitioning cache has 2 tilings in it right now
The inferral cache has 63 tilings in it right now
There are 52 tilings in the search tree
Time taken so far is 25.237805604934692 seconds

Doing depth 8
We had 8 inferral cache hits and 1358 partitioning cache hits
The partitioning cache has 36 tilings in it right now
The inferral cache has 113 tilings in it right now
There are 112 tilings in the search tree
Time taken so far is 42.44893169403076 seconds

Now processing 0132_0213
Doing depth 1
We had 0 inferral cache hits and 14 partitioning cache hits
The partitioning cache has 0 tilings in it right now
The inferral cache has 4 tilings in it right now
There are 4 tilings in the search tree
Time taken so far is 0.0173494815826416 seconds

Doing depth 2
We had 0 inferral cache hits and 56 partitioning cache hits
The partitioning cache has 2 tilings in it right now
The inferral cache has 8 tilings in it right now
There are 10 tilings in the search tree
Time taken so far is 0.07035112380981445 seconds

Doing depth 3
We had 1 inferral cache hits and 119 partitioning cache hits
The partitioning cache has 1 tilings in it right now
The inferral cache has 16 tilings in it right now
There are 17 tilings in the search tree
Time taken so far is 0.19174551963806152 seconds

Doing depth 4
We had 1 inferral cache hits and 153 partitioning cache hits
The partitioning cache has 0 tilings in it right now
The inferral cache has 20 tilings in it right now
There are 20 tilings in the search tree
Time taken so far is 0.46117687225341797 seconds

Doing depth 5
We had 1 inferral cache hits and 243 partitioning cache hits
The partitioning cache has 8 tilings in it right now
The inferral cache has 28 tilings in it right now
There are 29 tilings in the search tree
Time taken so far is 1.036818265914917 seconds

Doing depth 6
We had 9 inferral cache hits and 505 partitioning cache hits
The partitioning cache has 6 tilings in it right now
The inferral cache has 41 tilings in it right now
There are 45 tilings in the search tree
Time taken so far is 5.972974538803101 seconds

Doing depth 7
We had 9 inferral cache hits and 769 partitioning cache hits
The partitioning cache has 2 tilings in it right now
The inferral cache has 74 tilings in it right now
There are 65 tilings in the search tree
Time taken so far is 24.362852811813354 seconds

Doing depth 8
We had 9 inferral cache hits and 1428 partitioning cache hits
The partitioning cache has 40 tilings in it right now
The inferral cache has 128 tilings in it right now
There are 128 tilings in the search tree
Time taken so far is 47.25820994377136 seconds

Now processing 0132_0231
Doing depth 1
We had 0 inferral cache hits and 14 partitioning cache hits
The partitioning cache has 0 tilings in it right now
The inferral cache has 4 tilings in it right now
There are 4 tilings in the search tree
Time taken so far is 0.018410205841064453 seconds

Doing depth 2
We had 0 inferral cache hits and 56 partitioning cache hits
The partitioning cache has 2 tilings in it right now
The inferral cache has 8 tilings in it right now
There are 10 tilings in the search tree
Time taken so far is 0.07338166236877441 seconds

Doing depth 3
We had 1 inferral cache hits and 119 partitioning cache hits
The partitioning cache has 1 tilings in it right now
The inferral cache has 16 tilings in it right now
There are 17 tilings in the search tree
Time taken so far is 0.19677019119262695 seconds

Doing depth 4
We had 1 inferral cache hits and 153 partitioning cache hits
The partitioning cache has 0 tilings in it right now
The inferral cache has 20 tilings in it right now
There are 20 tilings in the search tree
Time taken so far is 0.46681761741638184 seconds

Doing depth 5
We had 1 inferral cache hits and 243 partitioning cache hits
The partitioning cache has 8 tilings in it right now
The inferral cache has 28 tilings in it right now
There are 29 tilings in the search tree
Time taken so far is 1.0418369770050049 seconds

Doing depth 6
We had 9 inferral cache hits and 505 partitioning cache hits
The partitioning cache has 6 tilings in it right now
The inferral cache has 41 tilings in it right now
There are 45 tilings in the search tree
Time taken so far is 6.034047603607178 seconds

Doing depth 7
We had 9 inferral cache hits and 769 partitioning cache hits
The partitioning cache has 1 tilings in it right now
The inferral cache has 74 tilings in it right now
There are 65 tilings in the search tree
Time taken so far is 24.39127802848816 seconds

Doing depth 8
We had 9 inferral cache hits and 1442 partitioning cache hits
The partitioning cache has 42 tilings in it right now
The inferral cache has 130 tilings in it right now
There are 130 tilings in the search tree
Time taken so far is 50.333415269851685 seconds

Now processing 0132_0321
Doing depth 1
We had 0 inferral cache hits and 14 partitioning cache hits
The partitioning cache has 0 tilings in it right now
The inferral cache has 4 tilings in it right now
There are 4 tilings in the search tree
Time taken so far is 0.021982192993164062 seconds

Doing depth 2
We had 0 inferral cache hits and 56 partitioning cache hits
The partitioning cache has 2 tilings in it right now
The inferral cache has 8 tilings in it right now
There are 10 tilings in the search tree
Time taken so far is 0.08318686485290527 seconds

Doing depth 3
We had 1 inferral cache hits and 119 partitioning cache hits
The partitioning cache has 1 tilings in it right now
The inferral cache has 15 tilings in it right now
There are 17 tilings in the search tree
Time taken so far is 0.24356579780578613 seconds

Doing depth 4
We had 1 inferral cache hits and 153 partitioning cache hits
The partitioning cache has 0 tilings in it right now
The inferral cache has 19 tilings in it right now
There are 20 tilings in the search tree
Time taken so far is 0.5133001804351807 seconds

Doing depth 5
We had 1 inferral cache hits and 243 partitioning cache hits
The partitioning cache has 8 tilings in it right now
The inferral cache has 27 tilings in it right now
There are 30 tilings in the search tree
Time taken so far is 1.076474666595459 seconds

Doing depth 6
We had 9 inferral cache hits and 505 partitioning cache hits
The partitioning cache has 6 tilings in it right now
The inferral cache has 39 tilings in it right now
There are 48 tilings in the search tree
Time taken so far is 5.05715274810791 seconds

Doing depth 7
We had 9 inferral cache hits and 763 partitioning cache hits
The partitioning cache has 4 tilings in it right now
The inferral cache has 67 tilings in it right now
There are 68 tilings in the search tree
Time taken so far is 19.20881724357605 seconds

Doing depth 8
We had 9 inferral cache hits and 1505 partitioning cache hits
The partitioning cache has 44 tilings in it right now
The inferral cache has 125 tilings in it right now
There are 136 tilings in the search tree
Time taken so far is 36.87332248687744 seconds

Now processing 0132_1023
Doing depth 1
We had 0 inferral cache hits and 14 partitioning cache hits
The partitioning cache has 0 tilings in it right now
The inferral cache has 4 tilings in it right now
There are 4 tilings in the search tree
Time taken so far is 0.01412343978881836 seconds

Doing depth 2
We had 0 inferral cache hits and 56 partitioning cache hits
The partitioning cache has 2 tilings in it right now
The inferral cache has 8 tilings in it right now
There are 8 tilings in the search tree
Time taken so far is 0.06312179565429688 seconds

Doing depth 3
We had 1 inferral cache hits and 119 partitioning cache hits
The partitioning cache has 1 tilings in it right now
The inferral cache has 15 tilings in it right now
There are 13 tilings in the search tree
Time taken so far is 0.24108004570007324 seconds

Doing depth 4
We had 1 inferral cache hits and 153 partitioning cache hits
The partitioning cache has 0 tilings in it right now
The inferral cache has 19 tilings in it right now
There are 15 tilings in the search tree
Time taken so far is 0.6378762722015381 seconds

Doing depth 5
We had 1 inferral cache hits and 243 partitioning cache hits
The partitioning cache has 8 tilings in it right now
The inferral cache has 27 tilings in it right now
There are 25 tilings in the search tree
Time taken so far is 1.1618571281433105 seconds

Doing depth 6
We had 9 inferral cache hits and 505 partitioning cache hits
The partitioning cache has 6 tilings in it right now
The inferral cache has 38 tilings in it right now
There are 41 tilings in the search tree
Time taken so far is 5.773903846740723 seconds

Doing depth 7
We had 9 inferral cache hits and 763 partitioning cache hits
The partitioning cache has 5 tilings in it right now
The inferral cache has 69 tilings in it right now
There are 60 tilings in the search tree
Time taken so far is 23.156912088394165 seconds

Doing depth 8
We had 9 inferral cache hits and 1517 partitioning cache hits
The partitioning cache has 38 tilings in it right now
The inferral cache has 130 tilings in it right now
There are 143 tilings in the search tree
Time taken so far is 35.66966891288757 seconds

Now processing 0132_1032
Doing depth 1
We had 0 inferral cache hits and 14 partitioning cache hits
The partitioning cache has 0 tilings in it right now
The inferral cache has 4 tilings in it right now
There are 4 tilings in the search tree
Time taken so far is 0.015465974807739258 seconds

Doing depth 2
We had 0 inferral cache hits and 56 partitioning cache hits
The partitioning cache has 2 tilings in it right now
The inferral cache has 8 tilings in it right now
There are 8 tilings in the search tree
Time taken so far is 0.06947112083435059 seconds

Doing depth 3
We had 1 inferral cache hits and 119 partitioning cache hits
The partitioning cache has 1 tilings in it right now
The inferral cache has 15 tilings in it right now
There are 13 tilings in the search tree
Time taken so far is 0.24765682220458984 seconds

Doing depth 4
We had 1 inferral cache hits and 153 partitioning cache hits
The partitioning cache has 0 tilings in it right now
The inferral cache has 19 tilings in it right now
There are 15 tilings in the search tree
Time taken so far is 0.6335031986236572 seconds

Doing depth 5
We had 1 inferral cache hits and 243 partitioning cache hits
The partitioning cache has 8 tilings in it right now
The inferral cache has 27 tilings in it right now
There are 26 tilings in the search tree
Time taken so far is 1.1060142517089844 seconds

Doing depth 6
We had 9 inferral cache hits and 505 partitioning cache hits
The partitioning cache has 6 tilings in it right now
The inferral cache has 39 tilings in it right now
There are 44 tilings in the search tree
Time taken so far is 5.407469272613525 seconds

Doing depth 7
We had 9 inferral cache hits and 763 partitioning cache hits
The partitioning cache has 5 tilings in it right now
The inferral cache has 67 tilings in it right now
There are 62 tilings in the search tree
Time taken so far is 21.74381113052368 seconds

Doing depth 8
We had 9 inferral cache hits and 1493 partitioning cache hits
The partitioning cache has 42 tilings in it right now
The inferral cache has 122 tilings in it right now
There are 122 tilings in the search tree
Time taken so far is 41.18756890296936 seconds

Now processing 0132_1203
Doing depth 1
We had 0 inferral cache hits and 14 partitioning cache hits
The partitioning cache has 0 tilings in it right now
The inferral cache has 4 tilings in it right now
There are 4 tilings in the search tree
Time taken so far is 0.014157772064208984 seconds

Doing depth 2
We had 0 inferral cache hits and 56 partitioning cache hits
The partitioning cache has 2 tilings in it right now
The inferral cache has 8 tilings in it right now
There are 8 tilings in the search tree
Time taken so far is 0.06542229652404785 seconds

Doing depth 3
We had 1 inferral cache hits and 119 partitioning cache hits
The partitioning cache has 1 tilings in it right now
The inferral cache has 15 tilings in it right now
There are 13 tilings in the search tree
Time taken so far is 0.20656538009643555 seconds

Doing depth 4
We had 1 inferral cache hits and 153 partitioning cache hits
The partitioning cache has 0 tilings in it right now
The inferral cache has 19 tilings in it right now
There are 15 tilings in the search tree
Time taken so far is 0.5902717113494873 seconds

Doing depth 5
We had 1 inferral cache hits and 248 partitioning cache hits
The partitioning cache has 7 tilings in it right now
The inferral cache has 30 tilings in it right now
There are 24 tilings in the search tree
Time taken so far is 1.27290678024292 seconds

Doing depth 6
We had 7 inferral cache hits and 510 partitioning cache hits
The partitioning cache has 5 tilings in it right now
The inferral cache has 50 tilings in it right now
There are 38 tilings in the search tree
Time taken so far is 7.781459093093872 seconds

Doing depth 7
We had 7 inferral cache hits and 729 partitioning cache hits
The partitioning cache has 0 tilings in it right now
The inferral cache has 76 tilings in it right now
There are 50 tilings in the search tree
Time taken so far is 33.42085862159729 seconds

Doing depth 8
We had 7 inferral cache hits and 1423 partitioning cache hits
The partitioning cache has 34 tilings in it right now
The inferral cache has 153 tilings in it right now
There are 110 tilings in the search tree
Time taken so far is 59.693373680114746 seconds

Now processing 0132_1230
Doing depth 1
We had 0 inferral cache hits and 14 partitioning cache hits
The partitioning cache has 0 tilings in it right now
The inferral cache has 4 tilings in it right now
There are 4 tilings in the search tree
Time taken so far is 0.014359712600708008 seconds

Doing depth 2
We had 0 inferral cache hits and 56 partitioning cache hits
The partitioning cache has 2 tilings in it right now
The inferral cache has 8 tilings in it right now
There are 8 tilings in the search tree
Time taken so far is 0.06664204597473145 seconds

Doing depth 3
We had 1 inferral cache hits and 119 partitioning cache hits
The partitioning cache has 1 tilings in it right now
The inferral cache has 15 tilings in it right now
There are 13 tilings in the search tree
Time taken so far is 0.20831918716430664 seconds

Doing depth 4
We had 1 inferral cache hits and 153 partitioning cache hits
The partitioning cache has 0 tilings in it right now
The inferral cache has 19 tilings in it right now
There are 15 tilings in the search tree
Time taken so far is 0.6338732242584229 seconds

Doing depth 5
We had 1 inferral cache hits and 248 partitioning cache hits
The partitioning cache has 6 tilings in it right now
The inferral cache has 31 tilings in it right now
There are 24 tilings in the search tree
Time taken so far is 1.2988369464874268 seconds

Doing depth 6
We had 7 inferral cache hits and 509 partitioning cache hits
The partitioning cache has 3 tilings in it right now
The inferral cache has 53 tilings in it right now
There are 38 tilings in the search tree
Time taken so far is 7.669195890426636 seconds

Doing depth 7
We had 7 inferral cache hits and 726 partitioning cache hits
The partitioning cache has 0 tilings in it right now
The inferral cache has 80 tilings in it right now
There are 50 tilings in the search tree
Time taken so far is 31.5464985370636 seconds

Doing depth 8
We had 7 inferral cache hits and 1459 partitioning cache hits
The partitioning cache has 29 tilings in it right now
The inferral cache has 171 tilings in it right now
There are 117 tilings in the search tree
Time taken so far is 58.77070498466492 seconds

Now processing 0132_1320
Doing depth 1
We had 0 inferral cache hits and 14 partitioning cache hits
The partitioning cache has 0 tilings in it right now
The inferral cache has 4 tilings in it right now
There are 4 tilings in the search tree
Time taken so far is 0.013820171356201172 seconds

Doing depth 2
We had 0 inferral cache hits and 56 partitioning cache hits
The partitioning cache has 2 tilings in it right now
The inferral cache has 8 tilings in it right now
There are 8 tilings in the search tree
Time taken so far is 0.06570625305175781 seconds

Doing depth 3
We had 1 inferral cache hits and 119 partitioning cache hits
The partitioning cache has 1 tilings in it right now
The inferral cache has 15 tilings in it right now
There are 13 tilings in the search tree
Time taken so far is 0.2517716884613037 seconds

Doing depth 4
We had 1 inferral cache hits and 153 partitioning cache hits
The partitioning cache has 0 tilings in it right now
The inferral cache has 19 tilings in it right now
There are 15 tilings in the search tree
Time taken so far is 0.6511397361755371 seconds

Doing depth 5
We had 1 inferral cache hits and 248 partitioning cache hits
The partitioning cache has 6 tilings in it right now
The inferral cache has 31 tilings in it right now
There are 24 tilings in the search tree
Time taken so far is 1.3503577709197998 seconds

Doing depth 6
We had 8 inferral cache hits and 596 partitioning cache hits
The partitioning cache has 9 tilings in it right now
The inferral cache has 58 tilings in it right now
There are 50 tilings in the search tree
Time taken so far is 8.065584421157837 seconds

Doing depth 7
We had 22 inferral cache hits and 1197 partitioning cache hits
The partitioning cache has 11 tilings in it right now
The inferral cache has 126 tilings in it right now
There are 120 tilings in the search tree
Time taken so far is 32.87023687362671 seconds

Doing depth 8
We had 53 inferral cache hits and 2855 partitioning cache hits
The partitioning cache has 49 tilings in it right now
The inferral cache has 289 tilings in it right now
There are 316 tilings in the search tree
Time taken so far is 63.0183219909668 seconds

Now processing 0132_2301
Doing depth 1
We had 0 inferral cache hits and 14 partitioning cache hits
The partitioning cache has 0 tilings in it right now
The inferral cache has 4 tilings in it right now
There are 4 tilings in the search tree
Time taken so far is 0.013242006301879883 seconds

Doing depth 2
We had 0 inferral cache hits and 56 partitioning cache hits
The partitioning cache has 2 tilings in it right now
The inferral cache has 8 tilings in it right now
There are 8 tilings in the search tree
Time taken so far is 0.06213259696960449 seconds

Doing depth 3
We had 1 inferral cache hits and 119 partitioning cache hits
The partitioning cache has 1 tilings in it right now
The inferral cache has 15 tilings in it right now
There are 13 tilings in the search tree
Time taken so far is 0.20734739303588867 seconds

Doing depth 4
We had 1 inferral cache hits and 153 partitioning cache hits
The partitioning cache has 0 tilings in it right now
The inferral cache has 19 tilings in it right now
There are 15 tilings in the search tree
Time taken so far is 0.6224634647369385 seconds

Doing depth 5
We had 1 inferral cache hits and 243 partitioning cache hits
The partitioning cache has 7 tilings in it right now
The inferral cache has 27 tilings in it right now
There are 23 tilings in the search tree
Time taken so far is 1.170346736907959 seconds

Doing depth 6
We had 7 inferral cache hits and 481 partitioning cache hits
The partitioning cache has 5 tilings in it right now
The inferral cache has 38 tilings in it right now
There are 37 tilings in the search tree
Time taken so far is 6.09431266784668 seconds

Doing depth 7
We had 7 inferral cache hits and 700 partitioning cache hits
The partitioning cache has 2 tilings in it right now
The inferral cache has 63 tilings in it right now
There are 52 tilings in the search tree
Time taken so far is 25.89362382888794 seconds

Doing depth 8
We had 8 inferral cache hits and 1358 partitioning cache hits
The partitioning cache has 36 tilings in it right now
The inferral cache has 114 tilings in it right now
There are 114 tilings in the search tree
Time taken so far is 43.71046805381775 seconds

Now processing 0132_3120
Doing depth 1
We had 0 inferral cache hits and 14 partitioning cache hits
The partitioning cache has 0 tilings in it right now
The inferral cache has 4 tilings in it right now
There are 4 tilings in the search tree
Time taken so far is 0.017887115478515625 seconds

Doing depth 2
We had 0 inferral cache hits and 56 partitioning cache hits
The partitioning cache has 2 tilings in it right now
The inferral cache has 8 tilings in it right now
There are 10 tilings in the search tree
Time taken so far is 0.07393717765808105 seconds

Doing depth 3
We had 1 inferral cache hits and 119 partitioning cache hits
The partitioning cache has 1 tilings in it right now
The inferral cache has 16 tilings in it right now
There are 17 tilings in the search tree
Time taken so far is 0.18944096565246582 seconds

Doing depth 4
We had 1 inferral cache hits and 153 partitioning cache hits
The partitioning cache has 0 tilings in it right now
The inferral cache has 20 tilings in it right now
There are 20 tilings in the search tree
Time taken so far is 0.47362613677978516 seconds

Doing depth 5
We had 1 inferral cache hits and 243 partitioning cache hits
The partitioning cache has 8 tilings in it right now
The inferral cache has 28 tilings in it right now
There are 28 tilings in the search tree
Time taken so far is 1.0379745960235596 seconds

Doing depth 6
We had 9 inferral cache hits and 505 partitioning cache hits
The partitioning cache has 6 tilings in it right now
The inferral cache has 41 tilings in it right now
There are 42 tilings in the search tree
Time taken so far is 5.988330364227295 seconds

Doing depth 7
We had 9 inferral cache hits and 763 partitioning cache hits
The partitioning cache has 2 tilings in it right now
The inferral cache has 72 tilings in it right now
There are 60 tilings in the search tree
Time taken so far is 23.630640506744385 seconds

Doing depth 8
We had 9 inferral cache hits and 1546 partitioning cache hits
The partitioning cache has 41 tilings in it right now
The inferral cache has 154 tilings in it right now
There are 131 tilings in the search tree
Time taken so far is 47.79642415046692 seconds

Now processing 0213_0231
Doing depth 1
We had 0 inferral cache hits and 14 partitioning cache hits
The partitioning cache has 0 tilings in it right now
The inferral cache has 4 tilings in it right now
There are 4 tilings in the search tree
Time taken so far is 0.01822662353515625 seconds

Doing depth 2
We had 0 inferral cache hits and 56 partitioning cache hits
The partitioning cache has 2 tilings in it right now
The inferral cache has 8 tilings in it right now
There are 10 tilings in the search tree
Time taken so far is 0.07367062568664551 seconds

Doing depth 3
We had 1 inferral cache hits and 119 partitioning cache hits
The partitioning cache has 1 tilings in it right now
The inferral cache has 14 tilings in it right now
There are 17 tilings in the search tree
Time taken so far is 0.19697046279907227 seconds

Doing depth 4
We had 1 inferral cache hits and 153 partitioning cache hits
The partitioning cache has 1 tilings in it right now
The inferral cache has 17 tilings in it right now
There are 20 tilings in the search tree
Time taken so far is 0.46476030349731445 seconds

Doing depth 5
We had 1 inferral cache hits and 244 partitioning cache hits
The partitioning cache has 8 tilings in it right now
The inferral cache has 27 tilings in it right now
There are 29 tilings in the search tree
Time taken so far is 1.0731773376464844 seconds

Doing depth 6
We had 8 inferral cache hits and 511 partitioning cache hits
The partitioning cache has 5 tilings in it right now
The inferral cache has 41 tilings in it right now
There are 45 tilings in the search tree
Time taken so far is 4.5667102336883545 seconds

Doing depth 7
We had 8 inferral cache hits and 850 partitioning cache hits
The partitioning cache has 21 tilings in it right now
The inferral cache has 74 tilings in it right now
There are 71 tilings in the search tree
Time taken so far is 16.844062089920044 seconds

Doing depth 8
We had 22 inferral cache hits and 1800 partitioning cache hits
The partitioning cache has 28 tilings in it right now
The inferral cache has 126 tilings in it right now
There are 137 tilings in the search tree
Time taken so far is 36.033807039260864 seconds

Now processing 0213_0321
Doing depth 1
We had 0 inferral cache hits and 14 partitioning cache hits
The partitioning cache has 0 tilings in it right now
The inferral cache has 4 tilings in it right now
There are 4 tilings in the search tree
Time taken so far is 0.019490957260131836 seconds

Doing depth 2
We had 0 inferral cache hits and 56 partitioning cache hits
The partitioning cache has 2 tilings in it right now
The inferral cache has 8 tilings in it right now
There are 10 tilings in the search tree
Time taken so far is 0.12123513221740723 seconds

Doing depth 3
We had 1 inferral cache hits and 119 partitioning cache hits
The partitioning cache has 1 tilings in it right now
The inferral cache has 16 tilings in it right now
There are 17 tilings in the search tree
Time taken so far is 0.23810195922851562 seconds

Doing depth 4
We had 1 inferral cache hits and 153 partitioning cache hits
The partitioning cache has 0 tilings in it right now
The inferral cache has 20 tilings in it right now
There are 20 tilings in the search tree
Time taken so far is 0.5027849674224854 seconds

Doing depth 5
We had 1 inferral cache hits and 243 partitioning cache hits
The partitioning cache has 7 tilings in it right now
The inferral cache has 29 tilings in it right now
There are 29 tilings in the search tree
Time taken so far is 1.0608301162719727 seconds

Doing depth 6
We had 9 inferral cache hits and 504 partitioning cache hits
The partitioning cache has 5 tilings in it right now
The inferral cache has 43 tilings in it right now
There are 45 tilings in the search tree
Time taken so far is 5.798246145248413 seconds

Doing depth 7
We had 9 inferral cache hits and 767 partitioning cache hits
The partitioning cache has 2 tilings in it right now
The inferral cache has 76 tilings in it right now
There are 65 tilings in the search tree
Time taken so far is 20.509308099746704 seconds

Doing depth 8
We had 9 inferral cache hits and 1447 partitioning cache hits
The partitioning cache has 38 tilings in it right now
The inferral cache has 140 tilings in it right now
There are 128 tilings in the search tree
Time taken so far is 39.70732355117798 seconds

Now processing 0213_1032
Doing depth 1
We had 0 inferral cache hits and 14 partitioning cache hits
The partitioning cache has 0 tilings in it right now
The inferral cache has 4 tilings in it right now
There are 4 tilings in the search tree
Time taken so far is 0.013756513595581055 seconds

Doing depth 2
We had 0 inferral cache hits and 56 partitioning cache hits
The partitioning cache has 2 tilings in it right now
The inferral cache has 8 tilings in it right now
There are 8 tilings in the search tree
Time taken so far is 0.0630948543548584 seconds

Doing depth 3
We had 1 inferral cache hits and 119 partitioning cache hits
The partitioning cache has 1 tilings in it right now
The inferral cache has 15 tilings in it right now
There are 13 tilings in the search tree
Time taken so far is 0.2074894905090332 seconds

Doing depth 4
We had 1 inferral cache hits and 153 partitioning cache hits
The partitioning cache has 1 tilings in it right now
The inferral cache has 18 tilings in it right now
There are 15 tilings in the search tree
Time taken so far is 0.676976203918457 seconds

Doing depth 5
We had 1 inferral cache hits and 244 partitioning cache hits
The partitioning cache has 7 tilings in it right now
The inferral cache has 27 tilings in it right now
There are 25 tilings in the search tree
Time taken so far is 1.2024800777435303 seconds

Doing depth 6
We had 8 inferral cache hits and 531 partitioning cache hits
The partitioning cache has 7 tilings in it right now
The inferral cache has 45 tilings in it right now
There are 45 tilings in the search tree
Time taken so far is 6.310631036758423 seconds

Doing depth 7
We had 12 inferral cache hits and 996 partitioning cache hits
The partitioning cache has 15 tilings in it right now
The inferral cache has 93 tilings in it right now
There are 91 tilings in the search tree
Time taken so far is 19.310062170028687 seconds

Doing depth 8
We had 53 inferral cache hits and 2708 partitioning cache hits
The partitioning cache has 57 tilings in it right now
The inferral cache has 243 tilings in it right now
There are 304 tilings in the search tree
Time taken so far is 59.96557569503784 seconds

Now processing 0213_1230
Doing depth 1
We had 0 inferral cache hits and 14 partitioning cache hits
The partitioning cache has 0 tilings in it right now
The inferral cache has 4 tilings in it right now
There are 4 tilings in the search tree
Time taken so far is 0.01362299919128418 seconds

Doing depth 2
We had 0 inferral cache hits and 56 partitioning cache hits
The partitioning cache has 2 tilings in it right now
The inferral cache has 8 tilings in it right now
There are 8 tilings in the search tree
Time taken so far is 0.06382155418395996 seconds

Doing depth 3
We had 1 inferral cache hits and 119 partitioning cache hits
The partitioning cache has 1 tilings in it right now
The inferral cache has 15 tilings in it right now
There are 13 tilings in the search tree
Time taken so far is 0.20674395561218262 seconds

Doing depth 4
We had 1 inferral cache hits and 153 partitioning cache hits
The partitioning cache has 1 tilings in it right now
The inferral cache has 18 tilings in it right now
There are 15 tilings in the search tree
Time taken so far is 0.6017727851867676 seconds

Doing depth 5
We had 1 inferral cache hits and 273 partitioning cache hits
The partitioning cache has 5 tilings in it right now
The inferral cache has 39 tilings in it right now
There are 27 tilings in the search tree
Time taken so far is 1.4546170234680176 seconds

Doing depth 6
We had 21 inferral cache hits and 927 partitioning cache hits
The partitioning cache has 15 tilings in it right now
The inferral cache has 125 tilings in it right now
There are 85 tilings in the search tree
Time taken so far is 8.544499635696411 seconds

Doing depth 7
We had 21 inferral cache hits and 1102 partitioning cache hits
The partitioning cache has 15 tilings in it right now
The inferral cache has 144 tilings in it right now
There are 95 tilings in the search tree
Time taken so far is 25.206982135772705 seconds

Doing depth 8
We had 23 inferral cache hits and 1888 partitioning cache hits
The partitioning cache has 41 tilings in it right now
The inferral cache has 247 tilings in it right now
There are 161 tilings in the search tree
Time taken so far is 39.82186698913574 seconds

Now processing 0213_1320
Doing depth 1
We had 0 inferral cache hits and 14 partitioning cache hits
The partitioning cache has 0 tilings in it right now
The inferral cache has 4 tilings in it right now
There are 4 tilings in the search tree
Time taken so far is 0.012137651443481445 seconds

Doing depth 2
We had 0 inferral cache hits and 56 partitioning cache hits
The partitioning cache has 2 tilings in it right now
The inferral cache has 8 tilings in it right now
There are 8 tilings in the search tree
Time taken so far is 0.05754566192626953 seconds

Doing depth 3
We had 1 inferral cache hits and 119 partitioning cache hits
The partitioning cache has 1 tilings in it right now
The inferral cache has 15 tilings in it right now
There are 13 tilings in the search tree
Time taken so far is 0.18177509307861328 seconds

Doing depth 4
We had 1 inferral cache hits and 153 partitioning cache hits
The partitioning cache has 0 tilings in it right now
The inferral cache has 19 tilings in it right now
There are 15 tilings in the search tree
Time taken so far is 0.5753962993621826 seconds

Doing depth 5
We had 1 inferral cache hits and 254 partitioning cache hits
The partitioning cache has 7 tilings in it right now
The inferral cache has 32 tilings in it right now
There are 27 tilings in the search tree
Time taken so far is 1.1396641731262207 seconds

Doing depth 6
We had 10 inferral cache hits and 687 partitioning cache hits
The partitioning cache has 11 tilings in it right now
The inferral cache has 73 tilings in it right now
There are 71 tilings in the search tree
Time taken so far is 6.505388498306274 seconds

Doing depth 7
We had 25 inferral cache hits and 1600 partitioning cache hits
The partitioning cache has 26 tilings in it right now
The inferral cache has 195 tilings in it right now
There are 199 tilings in the search tree
Time taken so far is 28.987768411636353 seconds

Doing depth 8
We had 143 inferral cache hits and 6008 partitioning cache hits
The partitioning cache has 121 tilings in it right now
The inferral cache has 730 tilings in it right now
There are 879 tilings in the search tree
Time taken so far is 86.18508839607239 seconds

Now processing 0213_2301
Doing depth 1
We had 0 inferral cache hits and 14 partitioning cache hits
The partitioning cache has 0 tilings in it right now
The inferral cache has 4 tilings in it right now
There are 4 tilings in the search tree
Time taken so far is 0.013312339782714844 seconds

Doing depth 2
We had 0 inferral cache hits and 56 partitioning cache hits
The partitioning cache has 2 tilings in it right now
The inferral cache has 8 tilings in it right now
There are 8 tilings in the search tree
Time taken so far is 0.06281781196594238 seconds

Doing depth 3
We had 1 inferral cache hits and 119 partitioning cache hits
The partitioning cache has 1 tilings in it right now
The inferral cache has 15 tilings in it right now
There are 13 tilings in the search tree
Time taken so far is 0.20787763595581055 seconds

Doing depth 4
We had 1 inferral cache hits and 153 partitioning cache hits
The partitioning cache has 0 tilings in it right now
The inferral cache has 19 tilings in it right now
There are 15 tilings in the search tree
Time taken so far is 0.6691868305206299 seconds

Doing depth 5
We had 1 inferral cache hits and 243 partitioning cache hits
The partitioning cache has 7 tilings in it right now
The inferral cache has 28 tilings in it right now
There are 23 tilings in the search tree
Time taken so far is 1.419032335281372 seconds

Doing depth 6
We had 9 inferral cache hits and 504 partitioning cache hits
The partitioning cache has 5 tilings in it right now
The inferral cache has 40 tilings in it right now
There are 37 tilings in the search tree
Time taken so far is 6.717710733413696 seconds

Doing depth 7
We had 10 inferral cache hits and 782 partitioning cache hits
The partitioning cache has 8 tilings in it right now
The inferral cache has 73 tilings in it right now
There are 57 tilings in the search tree
Time taken so far is 25.571553230285645 seconds

Doing depth 8
We had 44 inferral cache hits and 1972 partitioning cache hits
The partitioning cache has 43 tilings in it right now
The inferral cache has 204 tilings in it right now
There are 245 tilings in the search tree
Time taken so far is 43.15347409248352 seconds

Now processing 0213_3120
Doing depth 1
We had 0 inferral cache hits and 14 partitioning cache hits
The partitioning cache has 0 tilings in it right now
The inferral cache has 4 tilings in it right now
There are 4 tilings in the search tree
Time taken so far is 0.017117738723754883 seconds

Doing depth 2
We had 0 inferral cache hits and 56 partitioning cache hits
The partitioning cache has 2 tilings in it right now
The inferral cache has 8 tilings in it right now
There are 10 tilings in the search tree
Time taken so far is 0.06977534294128418 seconds

Doing depth 3
We had 1 inferral cache hits and 119 partitioning cache hits
The partitioning cache has 1 tilings in it right now
The inferral cache has 17 tilings in it right now
There are 17 tilings in the search tree
Time taken so far is 0.18771743774414062 seconds

Doing depth 4
We had 1 inferral cache hits and 153 partitioning cache hits
The partitioning cache has 0 tilings in it right now
The inferral cache has 21 tilings in it right now
There are 20 tilings in the search tree
Time taken so far is 0.42852330207824707 seconds

Doing depth 5
We had 1 inferral cache hits and 243 partitioning cache hits
The partitioning cache has 6 tilings in it right now
The inferral cache has 31 tilings in it right now
There are 28 tilings in the search tree
Time taken so far is 1.0910186767578125 seconds

Doing depth 6
We had 9 inferral cache hits and 503 partitioning cache hits
The partitioning cache has 4 tilings in it right now
The inferral cache has 47 tilings in it right now
There are 40 tilings in the search tree
Time taken so far is 7.3866002559661865 seconds

Doing depth 7
We had 9 inferral cache hits and 759 partitioning cache hits
The partitioning cache has 0 tilings in it right now
The inferral cache has 79 tilings in it right now
There are 56 tilings in the search tree
Time taken so far is 29.071398973464966 seconds

Doing depth 8
We had 10 inferral cache hits and 1512 partitioning cache hits
The partitioning cache has 38 tilings in it right now
The inferral cache has 169 tilings in it right now
There are 126 tilings in the search tree
Time taken so far is 55.60865807533264 seconds

Now processing 0231_0312
Doing depth 1
We had 0 inferral cache hits and 14 partitioning cache hits
The partitioning cache has 0 tilings in it right now
The inferral cache has 4 tilings in it right now
There are 4 tilings in the search tree
Time taken so far is 0.02223491668701172 seconds

Doing depth 2
We had 0 inferral cache hits and 56 partitioning cache hits
The partitioning cache has 2 tilings in it right now
The inferral cache has 8 tilings in it right now
There are 10 tilings in the search tree
Time taken so far is 0.08569812774658203 seconds

Doing depth 3
We had 1 inferral cache hits and 119 partitioning cache hits
The partitioning cache has 1 tilings in it right now
The inferral cache has 16 tilings in it right now
There are 17 tilings in the search tree
Time taken so far is 0.2130587100982666 seconds

Doing depth 4
We had 1 inferral cache hits and 153 partitioning cache hits
The partitioning cache has 0 tilings in it right now
The inferral cache has 20 tilings in it right now
There are 20 tilings in the search tree
Time taken so far is 0.4845085144042969 seconds

Doing depth 5
We had 1 inferral cache hits and 243 partitioning cache hits
The partitioning cache has 8 tilings in it right now
The inferral cache has 28 tilings in it right now
There are 29 tilings in the search tree
Time taken so far is 1.033332347869873 seconds

Doing depth 6
We had 9 inferral cache hits and 505 partitioning cache hits
The partitioning cache has 6 tilings in it right now
The inferral cache has 41 tilings in it right now
There are 45 tilings in the search tree
Time taken so far is 6.017000913619995 seconds

Doing depth 7
We had 9 inferral cache hits and 769 partitioning cache hits
The partitioning cache has 2 tilings in it right now
The inferral cache has 73 tilings in it right now
There are 65 tilings in the search tree
Time taken so far is 24.508679151535034 seconds

Doing depth 8
We had 9 inferral cache hits and 1428 partitioning cache hits
The partitioning cache has 41 tilings in it right now
The inferral cache has 127 tilings in it right now
There are 129 tilings in the search tree
Time taken so far is 48.050312995910645 seconds

Now processing 0231_0321
Doing depth 1
We had 0 inferral cache hits and 14 partitioning cache hits
The partitioning cache has 0 tilings in it right now
The inferral cache has 4 tilings in it right now
There are 4 tilings in the search tree
Time taken so far is 0.018105268478393555 seconds

Doing depth 2
We had 0 inferral cache hits and 56 partitioning cache hits
The partitioning cache has 2 tilings in it right now
The inferral cache has 8 tilings in it right now
There are 10 tilings in the search tree
Time taken so far is 0.07285571098327637 seconds

Doing depth 3
We had 1 inferral cache hits and 119 partitioning cache hits
The partitioning cache has 1 tilings in it right now
The inferral cache has 16 tilings in it right now
There are 17 tilings in the search tree
Time taken so far is 0.1938309669494629 seconds

Doing depth 4
We had 1 inferral cache hits and 153 partitioning cache hits
The partitioning cache has 0 tilings in it right now
The inferral cache has 20 tilings in it right now
There are 20 tilings in the search tree
Time taken so far is 0.5297427177429199 seconds

Doing depth 5
We had 1 inferral cache hits and 243 partitioning cache hits
The partitioning cache has 8 tilings in it right now
The inferral cache has 28 tilings in it right now
There are 29 tilings in the search tree
Time taken so far is 1.0586795806884766 seconds

Doing depth 6
We had 9 inferral cache hits and 505 partitioning cache hits
The partitioning cache has 6 tilings in it right now
The inferral cache has 41 tilings in it right now
There are 45 tilings in the search tree
Time taken so far is 6.0316760540008545 seconds

Doing depth 7
We had 9 inferral cache hits and 769 partitioning cache hits
The partitioning cache has 2 tilings in it right now
The inferral cache has 74 tilings in it right now
There are 65 tilings in the search tree
Time taken so far is 23.999270915985107 seconds

Doing depth 8
We had 9 inferral cache hits and 1428 partitioning cache hits
The partitioning cache has 40 tilings in it right now
The inferral cache has 129 tilings in it right now
There are 130 tilings in the search tree
Time taken so far is 47.423611640930176 seconds

Now processing 0231_1203
Doing depth 1
We had 0 inferral cache hits and 14 partitioning cache hits
The partitioning cache has 0 tilings in it right now
The inferral cache has 4 tilings in it right now
There are 4 tilings in the search tree
Time taken so far is 0.012568950653076172 seconds

Doing depth 2
We had 0 inferral cache hits and 56 partitioning cache hits
The partitioning cache has 2 tilings in it right now
The inferral cache has 8 tilings in it right now
There are 8 tilings in the search tree
Time taken so far is 0.05975937843322754 seconds

Doing depth 3
We had 1 inferral cache hits and 119 partitioning cache hits
The partitioning cache has 1 tilings in it right now
The inferral cache has 15 tilings in it right now
There are 13 tilings in the search tree
Time taken so far is 0.203110933303833 seconds

Doing depth 4
We had 1 inferral cache hits and 153 partitioning cache hits
The partitioning cache has 1 tilings in it right now
The inferral cache has 18 tilings in it right now
There are 15 tilings in the search tree
Time taken so far is 0.6164422035217285 seconds

Doing depth 5
We had 1 inferral cache hits and 273 partitioning cache hits
The partitioning cache has 6 tilings in it right now
The inferral cache has 37 tilings in it right now
There are 27 tilings in the search tree
Time taken so far is 1.4905211925506592 seconds

Doing depth 6
We had 6 inferral cache hits and 562 partitioning cache hits
The partitioning cache has 4 tilings in it right now
The inferral cache has 68 tilings in it right now
There are 44 tilings in the search tree
Time taken so far is 8.749617576599121 seconds

Doing depth 7
We had 6 inferral cache hits and 737 partitioning cache hits
The partitioning cache has 4 tilings in it right now
The inferral cache has 86 tilings in it right now
There are 54 tilings in the search tree
Time taken so far is 26.032318115234375 seconds

Doing depth 8
We had 10 inferral cache hits and 1423 partitioning cache hits
The partitioning cache has 27 tilings in it right now
The inferral cache has 168 tilings in it right now
There are 120 tilings in the search tree
Time taken so far is 40.28924489021301 seconds

Now processing 0231_1230
Doing depth 1
We had 0 inferral cache hits and 14 partitioning cache hits
The partitioning cache has 0 tilings in it right now
The inferral cache has 4 tilings in it right now
There are 4 tilings in the search tree
Time taken so far is 0.012992382049560547 seconds

Doing depth 2
We had 0 inferral cache hits and 56 partitioning cache hits
The partitioning cache has 2 tilings in it right now
The inferral cache has 8 tilings in it right now
There are 8 tilings in the search tree
Time taken so far is 0.06354403495788574 seconds

Doing depth 3
We had 1 inferral cache hits and 119 partitioning cache hits
The partitioning cache has 1 tilings in it right now
The inferral cache has 15 tilings in it right now
There are 13 tilings in the search tree
Time taken so far is 0.20577740669250488 seconds

Doing depth 4
We had 1 inferral cache hits and 153 partitioning cache hits
The partitioning cache has 0 tilings in it right now
The inferral cache has 19 tilings in it right now
There are 15 tilings in the search tree
Time taken so far is 0.5972456932067871 seconds

Doing depth 5
We had 1 inferral cache hits and 254 partitioning cache hits
The partitioning cache has 6 tilings in it right now
The inferral cache has 31 tilings in it right now
There are 29 tilings in the search tree
Time taken so far is 1.1761600971221924 seconds

Doing depth 6
We had 9 inferral cache hits and 600 partitioning cache hits
The partitioning cache has 7 tilings in it right now
The inferral cache has 64 tilings in it right now
There are 64 tilings in the search tree
Time taken so far is 6.439992666244507 seconds

Doing depth 7
We had 26 inferral cache hits and 1529 partitioning cache hits
The partitioning cache has 16 tilings in it right now
The inferral cache has 169 tilings in it right now
There are 194 tilings in the search tree
Time taken so far is 31.233007669448853 seconds

Doing depth 8
We had 140 inferral cache hits and 5715 partitioning cache hits
The partitioning cache has 75 tilings in it right now
The inferral cache has 614 tilings in it right now
There are 941 tilings in the search tree
Time taken so far is 119.01468825340271 seconds

Now processing 0231_1302
Doing depth 1
We had 0 inferral cache hits and 14 partitioning cache hits
The partitioning cache has 0 tilings in it right now
The inferral cache has 4 tilings in it right now
There are 4 tilings in the search tree
Time taken so far is 0.01248025894165039 seconds

Doing depth 2
We had 0 inferral cache hits and 56 partitioning cache hits
The partitioning cache has 2 tilings in it right now
The inferral cache has 8 tilings in it right now
There are 8 tilings in the search tree
Time taken so far is 0.05802106857299805 seconds

Doing depth 3
We had 1 inferral cache hits and 119 partitioning cache hits
The partitioning cache has 1 tilings in it right now
The inferral cache has 15 tilings in it right now
There are 13 tilings in the search tree
Time taken so far is 0.19743061065673828 seconds

Doing depth 4
We had 1 inferral cache hits and 153 partitioning cache hits
The partitioning cache has 0 tilings in it right now
The inferral cache has 19 tilings in it right now
There are 15 tilings in the search tree
Time taken so far is 0.594475507736206 seconds

Doing depth 5
We had 1 inferral cache hits and 254 partitioning cache hits
The partitioning cache has 6 tilings in it right now
The inferral cache has 31 tilings in it right now
There are 29 tilings in the search tree
Time taken so far is 1.1146509647369385 seconds

Doing depth 6
We had 7 inferral cache hits and 613 partitioning cache hits
The partitioning cache has 7 tilings in it right now
The inferral cache has 64 tilings in it right now
There are 68 tilings in the search tree
Time taken so far is 6.938830137252808 seconds

Doing depth 7
We had 27 inferral cache hits and 1533 partitioning cache hits
The partitioning cache has 13 tilings in it right now
The inferral cache has 175 tilings in it right now
There are 238 tilings in the search tree
Time taken so far is 32.329160928726196 seconds

Doing depth 8
We had 141 inferral cache hits and 5722 partitioning cache hits
The partitioning cache has 76 tilings in it right now
The inferral cache has 624 tilings in it right now
There are 1312 tilings in the search tree
Time taken so far is 156.12920808792114 seconds

Now processing 0231_2013
Doing depth 1
We had 0 inferral cache hits and 14 partitioning cache hits
The partitioning cache has 0 tilings in it right now
The inferral cache has 4 tilings in it right now
There are 4 tilings in the search tree
Time taken so far is 0.012828350067138672 seconds

Doing depth 2
We had 0 inferral cache hits and 56 partitioning cache hits
The partitioning cache has 2 tilings in it right now
The inferral cache has 8 tilings in it right now
There are 8 tilings in the search tree
Time taken so far is 0.06001996994018555 seconds

Doing depth 3
We had 1 inferral cache hits and 119 partitioning cache hits
The partitioning cache has 1 tilings in it right now
The inferral cache has 15 tilings in it right now
There are 13 tilings in the search tree
Time taken so far is 0.20447492599487305 seconds

Doing depth 4
We had 1 inferral cache hits and 153 partitioning cache hits
The partitioning cache has 1 tilings in it right now
The inferral cache has 18 tilings in it right now
There are 15 tilings in the search tree
Time taken so far is 0.6162338256835938 seconds

Doing depth 5
We had 1 inferral cache hits and 249 partitioning cache hits
The partitioning cache has 5 tilings in it right now
The inferral cache has 32 tilings in it right now
There are 24 tilings in the search tree
Time taken so far is 1.5714492797851562 seconds

Doing depth 6
We had 9 inferral cache hits and 620 partitioning cache hits
The partitioning cache has 9 tilings in it right now
The inferral cache has 70 tilings in it right now
There are 52 tilings in the search tree
Time taken so far is 8.21972393989563 seconds

Doing depth 7
We had 14 inferral cache hits and 1016 partitioning cache hits
The partitioning cache has 17 tilings in it right now
The inferral cache has 109 tilings in it right now
There are 86 tilings in the search tree
Time taken so far is 22.23172688484192 seconds

Doing depth 8
We had 54 inferral cache hits and 2333 partitioning cache hits
The partitioning cache has 47 tilings in it right now
The inferral cache has 242 tilings in it right now
There are 221 tilings in the search tree
Time taken so far is 52.344574213027954 seconds

Now processing 0231_2031
Doing depth 1
We had 0 inferral cache hits and 14 partitioning cache hits
The partitioning cache has 0 tilings in it right now
The inferral cache has 4 tilings in it right now
There are 4 tilings in the search tree
Time taken so far is 0.014368772506713867 seconds

Doing depth 2
We had 0 inferral cache hits and 56 partitioning cache hits
The partitioning cache has 2 tilings in it right now
The inferral cache has 8 tilings in it right now
There are 8 tilings in the search tree
Time taken so far is 0.06653714179992676 seconds

Doing depth 3
We had 1 inferral cache hits and 119 partitioning cache hits
The partitioning cache has 1 tilings in it right now
The inferral cache has 15 tilings in it right now
There are 13 tilings in the search tree
Time taken so far is 0.29600024223327637 seconds

Doing depth 4
We had 1 inferral cache hits and 153 partitioning cache hits
The partitioning cache has 1 tilings in it right now
The inferral cache has 18 tilings in it right now
There are 15 tilings in the search tree
Time taken so far is 0.6911158561706543 seconds

Doing depth 5
We had 1 inferral cache hits and 249 partitioning cache hits
The partitioning cache has 7 tilings in it right now
The inferral cache has 29 tilings in it right now
There are 24 tilings in the search tree
Time taken so far is 1.4683454036712646 seconds

Doing depth 6
We had 7 inferral cache hits and 511 partitioning cache hits
The partitioning cache has 5 tilings in it right now
The inferral cache has 49 tilings in it right now
There are 38 tilings in the search tree
Time taken so far is 10.121687650680542 seconds

Doing depth 7
We had 7 inferral cache hits and 730 partitioning cache hits
The partitioning cache has 5 tilings in it right now
The inferral cache has 70 tilings in it right now
There are 50 tilings in the search tree
Time taken so far is 46.97288489341736 seconds

Doing depth 8
We had 7 inferral cache hits and 1357 partitioning cache hits
The partitioning cache has 35 tilings in it right now
The inferral cache has 135 tilings in it right now
There are 99 tilings in the search tree
Time taken so far is 85.99048137664795 seconds

Now processing 0231_2130
Doing depth 1
We had 0 inferral cache hits and 14 partitioning cache hits
The partitioning cache has 0 tilings in it right now
The inferral cache has 4 tilings in it right now
There are 4 tilings in the search tree
Time taken so far is 0.0162351131439209 seconds

Doing depth 2
We had 0 inferral cache hits and 56 partitioning cache hits
The partitioning cache has 2 tilings in it right now
The inferral cache has 8 tilings in it right now
There are 8 tilings in the search tree
Time taken so far is 0.07323884963989258 seconds

Doing depth 3
We had 1 inferral cache hits and 119 partitioning cache hits
The partitioning cache has 1 tilings in it right now
The inferral cache has 15 tilings in it right now
There are 13 tilings in the search tree
Time taken so far is 0.22163629531860352 seconds

Doing depth 4
We had 1 inferral cache hits and 153 partitioning cache hits
The partitioning cache has 1 tilings in it right now
The inferral cache has 18 tilings in it right now
There are 15 tilings in the search tree
Time taken so far is 0.6391453742980957 seconds

Doing depth 5
We had 1 inferral cache hits and 249 partitioning cache hits
The partitioning cache has 6 tilings in it right now
The inferral cache has 30 tilings in it right now
There are 24 tilings in the search tree
Time taken so far is 1.3902428150177002 seconds

Doing depth 6
We had 6 inferral cache hits and 536 partitioning cache hits
The partitioning cache has 5 tilings in it right now
The inferral cache has 56 tilings in it right now
There are 44 tilings in the search tree
Time taken so far is 9.003071069717407 seconds

Doing depth 7
We had 10 inferral cache hits and 960 partitioning cache hits
The partitioning cache has 11 tilings in it right now
The inferral cache has 100 tilings in it right now
There are 84 tilings in the search tree
Time taken so far is 32.48327279090881 seconds

Doing depth 8
We had 46 inferral cache hits and 2617 partitioning cache hits
The partitioning cache has 41 tilings in it right now
The inferral cache has 268 tilings in it right now
There are 282 tilings in the search tree
Time taken so far is 85.08755588531494 seconds

Now processing 0231_2301
Doing depth 1
We had 0 inferral cache hits and 14 partitioning cache hits
The partitioning cache has 0 tilings in it right now
The inferral cache has 4 tilings in it right now
There are 4 tilings in the search tree
Time taken so far is 0.01214146614074707 seconds

Doing depth 2
We had 0 inferral cache hits and 56 partitioning cache hits
The partitioning cache has 2 tilings in it right now
The inferral cache has 8 tilings in it right now
There are 8 tilings in the search tree
Time taken so far is 0.05932760238647461 seconds

Doing depth 3
We had 1 inferral cache hits and 119 partitioning cache hits
The partitioning cache has 1 tilings in it right now
The inferral cache has 15 tilings in it right now
There are 13 tilings in the search tree
Time taken so far is 0.20251035690307617 seconds

Doing depth 4
We had 1 inferral cache hits and 153 partitioning cache hits
The partitioning cache has 0 tilings in it right now
The inferral cache has 19 tilings in it right now
There are 15 tilings in the search tree
Time taken so far is 0.6105940341949463 seconds

Doing depth 5
We had 1 inferral cache hits and 243 partitioning cache hits
The partitioning cache has 6 tilings in it right now
The inferral cache has 27 tilings in it right now
There are 25 tilings in the search tree
Time taken so far is 1.2646913528442383 seconds

Doing depth 6
We had 6 inferral cache hits and 447 partitioning cache hits
The partitioning cache has 4 tilings in it right now
The inferral cache has 36 tilings in it right now
There are 36 tilings in the search tree
Time taken so far is 7.2651777267456055 seconds

Doing depth 7
We had 6 inferral cache hits and 627 partitioning cache hits
The partitioning cache has 2 tilings in it right now
The inferral cache has 57 tilings in it right now
There are 47 tilings in the search tree
Time taken so far is 32.04432392120361 seconds

Doing depth 8
We had 6 inferral cache hits and 1178 partitioning cache hits
The partitioning cache has 26 tilings in it right now
The inferral cache has 108 tilings in it right now
There are 103 tilings in the search tree
Time taken so far is 57.11618757247925 seconds

Now processing 0231_3012
Doing depth 1
We had 0 inferral cache hits and 14 partitioning cache hits
The partitioning cache has 0 tilings in it right now
The inferral cache has 4 tilings in it right now
There are 4 tilings in the search tree
Time taken so far is 0.015312433242797852 seconds

Doing depth 2
We had 0 inferral cache hits and 56 partitioning cache hits
The partitioning cache has 2 tilings in it right now
The inferral cache has 8 tilings in it right now
There are 10 tilings in the search tree
Time taken so far is 0.06369519233703613 seconds

Doing depth 3
We had 1 inferral cache hits and 119 partitioning cache hits
The partitioning cache has 1 tilings in it right now
The inferral cache has 16 tilings in it right now
There are 17 tilings in the search tree
Time taken so far is 0.17433881759643555 seconds

Doing depth 4
We had 1 inferral cache hits and 153 partitioning cache hits
The partitioning cache has 0 tilings in it right now
The inferral cache has 20 tilings in it right now
There are 20 tilings in the search tree
Time taken so far is 0.4130697250366211 seconds

Doing depth 5
We had 1 inferral cache hits and 243 partitioning cache hits
The partitioning cache has 8 tilings in it right now
The inferral cache has 28 tilings in it right now
There are 28 tilings in the search tree
Time taken so far is 1.005685806274414 seconds

Doing depth 6
We had 9 inferral cache hits and 505 partitioning cache hits
The partitioning cache has 6 tilings in it right now
The inferral cache has 41 tilings in it right now
There are 40 tilings in the search tree
Time taken so far is 6.2777931690216064 seconds

Doing depth 7
We had 9 inferral cache hits and 769 partitioning cache hits
The partitioning cache has 1 tilings in it right now
The inferral cache has 75 tilings in it right now
There are 57 tilings in the search tree
Time taken so far is 24.780194520950317 seconds

Doing depth 8
We had 9 inferral cache hits and 1461 partitioning cache hits
The partitioning cache has 40 tilings in it right now
The inferral cache has 139 tilings in it right now
There are 116 tilings in the search tree
Time taken so far is 46.562947034835815 seconds

Now processing 0321_1032
Doing depth 1
We had 0 inferral cache hits and 14 partitioning cache hits
The partitioning cache has 0 tilings in it right now
The inferral cache has 4 tilings in it right now
There are 4 tilings in the search tree
Time taken so far is 0.013713836669921875 seconds

Doing depth 2
We had 0 inferral cache hits and 56 partitioning cache hits
The partitioning cache has 2 tilings in it right now
The inferral cache has 8 tilings in it right now
There are 8 tilings in the search tree
Time taken so far is 0.06310796737670898 seconds

Doing depth 3
We had 1 inferral cache hits and 119 partitioning cache hits
The partitioning cache has 1 tilings in it right now
The inferral cache has 15 tilings in it right now
There are 13 tilings in the search tree
Time taken so far is 0.20167899131774902 seconds

Doing depth 4
We had 1 inferral cache hits and 153 partitioning cache hits
The partitioning cache has 0 tilings in it right now
The inferral cache has 19 tilings in it right now
There are 15 tilings in the search tree
Time taken so far is 0.5848815441131592 seconds

Doing depth 5
We had 1 inferral cache hits and 243 partitioning cache hits
The partitioning cache has 8 tilings in it right now
The inferral cache has 27 tilings in it right now
There are 25 tilings in the search tree
Time taken so far is 1.1108272075653076 seconds

Doing depth 6
We had 9 inferral cache hits and 505 partitioning cache hits
The partitioning cache has 6 tilings in it right now
The inferral cache has 39 tilings in it right now
There are 43 tilings in the search tree
Time taken so far is 5.601628303527832 seconds

Doing depth 7
We had 9 inferral cache hits and 763 partitioning cache hits
The partitioning cache has 2 tilings in it right now
The inferral cache has 70 tilings in it right now
There are 62 tilings in the search tree
Time taken so far is 22.428595304489136 seconds

Doing depth 8
We had 9 inferral cache hits and 1439 partitioning cache hits
The partitioning cache has 41 tilings in it right now
The inferral cache has 118 tilings in it right now
There are 122 tilings in the search tree
Time taken so far is 40.531997203826904 seconds

Now processing 0321_2103
Doing depth 1
We had 0 inferral cache hits and 14 partitioning cache hits
The partitioning cache has 0 tilings in it right now
The inferral cache has 4 tilings in it right now
There are 4 tilings in the search tree
Time taken so far is 0.01421213150024414 seconds

Doing depth 2
We had 0 inferral cache hits and 56 partitioning cache hits
The partitioning cache has 2 tilings in it right now
The inferral cache has 8 tilings in it right now
There are 8 tilings in the search tree
Time taken so far is 0.06461668014526367 seconds

Doing depth 3
We had 1 inferral cache hits and 119 partitioning cache hits
The partitioning cache has 1 tilings in it right now
The inferral cache has 15 tilings in it right now
There are 13 tilings in the search tree
Time taken so far is 0.28039979934692383 seconds

Doing depth 4
We had 1 inferral cache hits and 153 partitioning cache hits
The partitioning cache has 0 tilings in it right now
The inferral cache has 19 tilings in it right now
There are 15 tilings in the search tree
Time taken so far is 0.7077414989471436 seconds

Doing depth 5
We had 1 inferral cache hits and 248 partitioning cache hits
The partitioning cache has 7 tilings in it right now
The inferral cache has 30 tilings in it right now
There are 24 tilings in the search tree
Time taken so far is 1.4106075763702393 seconds

Doing depth 6
We had 7 inferral cache hits and 510 partitioning cache hits
The partitioning cache has 5 tilings in it right now
The inferral cache has 50 tilings in it right now
There are 39 tilings in the search tree
Time taken so far is 8.656272649765015 seconds

Doing depth 7
We had 7 inferral cache hits and 729 partitioning cache hits
The partitioning cache has 2 tilings in it right now
The inferral cache has 75 tilings in it right now
There are 52 tilings in the search tree
Time taken so far is 36.75376081466675 seconds

Doing depth 8
We had 7 inferral cache hits and 1383 partitioning cache hits
The partitioning cache has 29 tilings in it right now
The inferral cache has 146 tilings in it right now
There are 107 tilings in the search tree
Time taken so far is 63.14695119857788 seconds

Now processing 1032_1302
Doing depth 1
We had 0 inferral cache hits and 14 partitioning cache hits
The partitioning cache has 0 tilings in it right now
The inferral cache has 3 tilings in it right now
There are 4 tilings in the search tree
Time taken so far is 0.015950441360473633 seconds

Doing depth 2
We had 0 inferral cache hits and 56 partitioning cache hits
The partitioning cache has 2 tilings in it right now
The inferral cache has 7 tilings in it right now
There are 8 tilings in the search tree
Time taken so far is 0.07438039779663086 seconds

Doing depth 3
We had 1 inferral cache hits and 119 partitioning cache hits
The partitioning cache has 1 tilings in it right now
The inferral cache has 12 tilings in it right now
There are 13 tilings in the search tree
Time taken so far is 0.2513582706451416 seconds

Doing depth 4
We had 1 inferral cache hits and 153 partitioning cache hits
The partitioning cache has 1 tilings in it right now
The inferral cache has 15 tilings in it right now
There are 15 tilings in the search tree
Time taken so far is 0.8106997013092041 seconds

Doing depth 5
We had 1 inferral cache hits and 249 partitioning cache hits
The partitioning cache has 7 tilings in it right now
The inferral cache has 25 tilings in it right now
There are 26 tilings in the search tree
Time taken so far is 1.4399757385253906 seconds

Doing depth 6
We had 8 inferral cache hits and 505 partitioning cache hits
The partitioning cache has 5 tilings in it right now
The inferral cache has 40 tilings in it right now
There are 44 tilings in the search tree
Time taken so far is 9.494450092315674 seconds

Doing depth 7
We had 8 inferral cache hits and 724 partitioning cache hits
The partitioning cache has 8 tilings in it right now
The inferral cache has 60 tilings in it right now
There are 60 tilings in the search tree
Time taken so far is 45.45105862617493 seconds

Doing depth 8
We had 10 inferral cache hits and 1358 partitioning cache hits
The partitioning cache has 33 tilings in it right now
The inferral cache has 110 tilings in it right now
There are 118 tilings in the search tree
Time taken so far is 75.6490707397461 seconds

Now processing 1032_2301
Doing depth 1
We had 0 inferral cache hits and 14 partitioning cache hits
The partitioning cache has 0 tilings in it right now
The inferral cache has 3 tilings in it right now
There are 4 tilings in the search tree
Time taken so far is 0.013100147247314453 seconds

Doing depth 2
We had 0 inferral cache hits and 56 partitioning cache hits
The partitioning cache has 2 tilings in it right now
The inferral cache has 7 tilings in it right now
There are 8 tilings in the search tree
Time taken so far is 0.0662088394165039 seconds

Doing depth 3
We had 1 inferral cache hits and 119 partitioning cache hits
The partitioning cache has 1 tilings in it right now
The inferral cache has 12 tilings in it right now
There are 13 tilings in the search tree
Time taken so far is 0.24643397331237793 seconds

Doing depth 4
We had 1 inferral cache hits and 153 partitioning cache hits
The partitioning cache has 0 tilings in it right now
The inferral cache has 16 tilings in it right now
There are 15 tilings in the search tree
Time taken so far is 0.895721435546875 seconds

Doing depth 5
We had 1 inferral cache hits and 243 partitioning cache hits
The partitioning cache has 8 tilings in it right now
The inferral cache has 24 tilings in it right now
There are 23 tilings in the search tree
Time taken so far is 1.3721318244934082 seconds

Doing depth 6
We had 9 inferral cache hits and 505 partitioning cache hits
The partitioning cache has 6 tilings in it right now
The inferral cache has 35 tilings in it right now
There are 36 tilings in the search tree
Time taken so far is 6.854767084121704 seconds

Doing depth 7
We had 9 inferral cache hits and 763 partitioning cache hits
The partitioning cache has 4 tilings in it right now
The inferral cache has 65 tilings in it right now
There are 52 tilings in the search tree
Time taken so far is 30.65303111076355 seconds

Doing depth 8
We had 10 inferral cache hits and 1348 partitioning cache hits
The partitioning cache has 34 tilings in it right now
The inferral cache has 113 tilings in it right now
There are 104 tilings in the search tree
Time taken so far is 48.018611907958984 seconds

