/users/home/henningu/ATRAP/non-regular-insertion-encodable-bases/logs_length2
Now processing 0123_0132
Doing depth 1
We had 0 inferral cache hits and 9 partitioning cache hits
The partitioning cache has 0 tilings in it right now
The inferral cache has 14 tilings in it right now
There are 11 tilings in the search tree
Time taken so far is 0.043988943099975586 seconds

Doing depth 2
We had 9 inferral cache hits and 108 partitioning cache hits
The partitioning cache has 0 tilings in it right now
The inferral cache has 117 tilings in it right now
There are 80 tilings in the search tree
Time taken so far is 0.7591814994812012 seconds

Doing depth 3
We had 125 inferral cache hits and 914 partitioning cache hits
The partitioning cache has 0 tilings in it right now
The inferral cache has 1515 tilings in it right now
There are 876 tilings in the search tree
Time taken so far is 17.378929615020752 seconds

Doing depth 4
We had 3304 inferral cache hits and 12784 partitioning cache hits
The partitioning cache has 0 tilings in it right now
The inferral cache has 33922 tilings in it right now
There are 16500 tilings in the search tree
Time taken so far is 758.0375332832336 seconds

Now processing 0123_0213
Doing depth 1
We had 0 inferral cache hits and 9 partitioning cache hits
The partitioning cache has 0 tilings in it right now
The inferral cache has 14 tilings in it right now
There are 11 tilings in the search tree
Time taken so far is 0.04738759994506836 seconds

Doing depth 2
We had 9 inferral cache hits and 108 partitioning cache hits
The partitioning cache has 0 tilings in it right now
The inferral cache has 117 tilings in it right now
There are 82 tilings in the search tree
Time taken so far is 0.798306941986084 seconds

Doing depth 3
We had 125 inferral cache hits and 914 partitioning cache hits
The partitioning cache has 0 tilings in it right now
The inferral cache has 1545 tilings in it right now
There are 904 tilings in the search tree
Time taken so far is 19.34487509727478 seconds

Doing depth 4
We had 3422 inferral cache hits and 12874 partitioning cache hits
The partitioning cache has 0 tilings in it right now
The inferral cache has 36588 tilings in it right now
There are 17174 tilings in the search tree
Time taken so far is 830.9461770057678 seconds

Now processing 0123_0231
Doing depth 1
We had 0 inferral cache hits and 9 partitioning cache hits
The partitioning cache has 0 tilings in it right now
The inferral cache has 14 tilings in it right now
There are 11 tilings in the search tree
Time taken so far is 0.04126286506652832 seconds

Doing depth 2
We had 9 inferral cache hits and 108 partitioning cache hits
The partitioning cache has 0 tilings in it right now
The inferral cache has 122 tilings in it right now
There are 80 tilings in the search tree
Time taken so far is 0.7214024066925049 seconds

Doing depth 3
We had 124 inferral cache hits and 914 partitioning cache hits
The partitioning cache has 0 tilings in it right now
The inferral cache has 1632 tilings in it right now
There are 902 tilings in the search tree
Time taken so far is 17.10106348991394 seconds

Doing depth 4
We had 3665 inferral cache hits and 13140 partitioning cache hits
The partitioning cache has 0 tilings in it right now
The inferral cache has 37369 tilings in it right now
There are 17371 tilings in the search tree
Time taken so far is 762.1359314918518 seconds

Now processing 0123_1230
Doing depth 1
We had 0 inferral cache hits and 9 partitioning cache hits
The partitioning cache has 0 tilings in it right now
The inferral cache has 14 tilings in it right now
There are 11 tilings in the search tree
Time taken so far is 0.040772438049316406 seconds

Doing depth 2
We had 10 inferral cache hits and 108 partitioning cache hits
The partitioning cache has 0 tilings in it right now
The inferral cache has 114 tilings in it right now
There are 80 tilings in the search tree
Time taken so far is 0.7032549381256104 seconds

Doing depth 3
We had 128 inferral cache hits and 914 partitioning cache hits
The partitioning cache has 0 tilings in it right now
The inferral cache has 1515 tilings in it right now
There are 864 tilings in the search tree
Time taken so far is 17.47489905357361 seconds

Doing depth 4
We had 3311 inferral cache hits and 12750 partitioning cache hits
The partitioning cache has 0 tilings in it right now
The inferral cache has 33918 tilings in it right now
There are 15900 tilings in the search tree
Time taken so far is 706.0585534572601 seconds

Now processing 0123_2301
Doing depth 1
We had 0 inferral cache hits and 9 partitioning cache hits
The partitioning cache has 0 tilings in it right now
The inferral cache has 14 tilings in it right now
There are 11 tilings in the search tree
Time taken so far is 0.05557847023010254 seconds

Doing depth 2
We had 9 inferral cache hits and 108 partitioning cache hits
The partitioning cache has 0 tilings in it right now
The inferral cache has 117 tilings in it right now
There are 78 tilings in the search tree
Time taken so far is 0.7571227550506592 seconds

Doing depth 3
We had 123 inferral cache hits and 914 partitioning cache hits
The partitioning cache has 0 tilings in it right now
The inferral cache has 1539 tilings in it right now
There are 866 tilings in the search tree
Time taken so far is 16.91005253791809 seconds

Doing depth 4
We had 3239 inferral cache hits and 12832 partitioning cache hits
The partitioning cache has 0 tilings in it right now
The inferral cache has 32627 tilings in it right now
There are 15287 tilings in the search tree
Time taken so far is 640.6113007068634 seconds

Now processing 0132_0213
Doing depth 1
We had 0 inferral cache hits and 9 partitioning cache hits
The partitioning cache has 0 tilings in it right now
The inferral cache has 14 tilings in it right now
There are 11 tilings in the search tree
Time taken so far is 0.04238557815551758 seconds

Doing depth 2
We had 9 inferral cache hits and 108 partitioning cache hits
The partitioning cache has 0 tilings in it right now
The inferral cache has 121 tilings in it right now
There are 80 tilings in the search tree
Time taken so far is 0.7549300193786621 seconds

Doing depth 3
We had 126 inferral cache hits and 914 partitioning cache hits
The partitioning cache has 0 tilings in it right now
The inferral cache has 1625 tilings in it right now
There are 906 tilings in the search tree
Time taken so far is 17.516793251037598 seconds

Doing depth 4
We had 3772 inferral cache hits and 13054 partitioning cache hits
The partitioning cache has 0 tilings in it right now
The inferral cache has 37942 tilings in it right now
There are 17606 tilings in the search tree
Time taken so far is 791.6507377624512 seconds

Now processing 0132_0321
Doing depth 1
We had 0 inferral cache hits and 9 partitioning cache hits
The partitioning cache has 0 tilings in it right now
The inferral cache has 12 tilings in it right now
There are 11 tilings in the search tree
Time taken so far is 0.04128623008728027 seconds

Doing depth 2
We had 10 inferral cache hits and 108 partitioning cache hits
The partitioning cache has 0 tilings in it right now
The inferral cache has 112 tilings in it right now
There are 80 tilings in the search tree
Time taken so far is 0.7109267711639404 seconds

Doing depth 3
We had 130 inferral cache hits and 914 partitioning cache hits
The partitioning cache has 0 tilings in it right now
The inferral cache has 1536 tilings in it right now
There are 886 tilings in the search tree
Time taken so far is 18.151277542114258 seconds

Doing depth 4
We had 3483 inferral cache hits and 12780 partitioning cache hits
The partitioning cache has 0 tilings in it right now
The inferral cache has 33788 tilings in it right now
There are 16375 tilings in the search tree
Time taken so far is 738.1770970821381 seconds

Now processing 0132_1023
Doing depth 1
We had 0 inferral cache hits and 9 partitioning cache hits
The partitioning cache has 0 tilings in it right now
The inferral cache has 14 tilings in it right now
There are 11 tilings in the search tree
Time taken so far is 0.03608965873718262 seconds

Doing depth 2
We had 9 inferral cache hits and 108 partitioning cache hits
The partitioning cache has 0 tilings in it right now
The inferral cache has 117 tilings in it right now
There are 78 tilings in the search tree
Time taken so far is 0.7082622051239014 seconds

Doing depth 3
We had 125 inferral cache hits and 914 partitioning cache hits
The partitioning cache has 0 tilings in it right now
The inferral cache has 1655 tilings in it right now
There are 887 tilings in the search tree
Time taken so far is 18.277968645095825 seconds

Doing depth 4
We had 3647 inferral cache hits and 13114 partitioning cache hits
The partitioning cache has 0 tilings in it right now
The inferral cache has 38599 tilings in it right now
There are 17217 tilings in the search tree
Time taken so far is 744.6650986671448 seconds

Now processing 0132_1032
Doing depth 1
We had 0 inferral cache hits and 9 partitioning cache hits
The partitioning cache has 0 tilings in it right now
The inferral cache has 12 tilings in it right now
There are 11 tilings in the search tree
Time taken so far is 0.03564000129699707 seconds

Doing depth 2
We had 10 inferral cache hits and 108 partitioning cache hits
The partitioning cache has 0 tilings in it right now
The inferral cache has 118 tilings in it right now
There are 78 tilings in the search tree
Time taken so far is 0.7061636447906494 seconds

Doing depth 3
We had 126 inferral cache hits and 914 partitioning cache hits
The partitioning cache has 0 tilings in it right now
The inferral cache has 1516 tilings in it right now
There are 890 tilings in the search tree
Time taken so far is 18.405037879943848 seconds

Doing depth 4
We had 3827 inferral cache hits and 12810 partitioning cache hits
The partitioning cache has 0 tilings in it right now
The inferral cache has 31452 tilings in it right now
There are 16299 tilings in the search tree
Time taken so far is 714.8798608779907 seconds

Now processing 0132_1203
Doing depth 1
We had 0 inferral cache hits and 9 partitioning cache hits
The partitioning cache has 0 tilings in it right now
The inferral cache has 14 tilings in it right now
There are 11 tilings in the search tree
Time taken so far is 0.03631019592285156 seconds

Doing depth 2
We had 9 inferral cache hits and 108 partitioning cache hits
The partitioning cache has 0 tilings in it right now
The inferral cache has 126 tilings in it right now
There are 78 tilings in the search tree
Time taken so far is 0.7335333824157715 seconds

Doing depth 3
We had 124 inferral cache hits and 914 partitioning cache hits
The partitioning cache has 0 tilings in it right now
The inferral cache has 1716 tilings in it right now
There are 910 tilings in the search tree
Time taken so far is 19.237091779708862 seconds

Doing depth 4
We had 4122 inferral cache hits and 13335 partitioning cache hits
The partitioning cache has 0 tilings in it right now
The inferral cache has 39456 tilings in it right now
There are 17887 tilings in the search tree
Time taken so far is 790.0712194442749 seconds

Now processing 0132_1230
Doing depth 1
We had 0 inferral cache hits and 9 partitioning cache hits
The partitioning cache has 0 tilings in it right now
The inferral cache has 13 tilings in it right now
There are 11 tilings in the search tree
Time taken so far is 0.03805804252624512 seconds

Doing depth 2
We had 9 inferral cache hits and 108 partitioning cache hits
The partitioning cache has 0 tilings in it right now
The inferral cache has 117 tilings in it right now
There are 79 tilings in the search tree
Time taken so far is 0.6930832862854004 seconds

Doing depth 3
We had 125 inferral cache hits and 914 partitioning cache hits
The partitioning cache has 0 tilings in it right now
The inferral cache has 1575 tilings in it right now
There are 875 tilings in the search tree
Time taken so far is 16.408297777175903 seconds

Doing depth 4
We had 3381 inferral cache hits and 12973 partitioning cache hits
The partitioning cache has 0 tilings in it right now
The inferral cache has 34250 tilings in it right now
There are 15948 tilings in the search tree
Time taken so far is 690.8974008560181 seconds

Now processing 0132_1320
Doing depth 1
We had 0 inferral cache hits and 9 partitioning cache hits
The partitioning cache has 0 tilings in it right now
The inferral cache has 13 tilings in it right now
There are 11 tilings in the search tree
Time taken so far is 0.03684210777282715 seconds

Doing depth 2
We had 9 inferral cache hits and 108 partitioning cache hits
The partitioning cache has 0 tilings in it right now
The inferral cache has 116 tilings in it right now
There are 79 tilings in the search tree
Time taken so far is 0.6902303695678711 seconds

Doing depth 3
We had 125 inferral cache hits and 914 partitioning cache hits
The partitioning cache has 0 tilings in it right now
The inferral cache has 1657 tilings in it right now
There are 906 tilings in the search tree
Time taken so far is 18.172761917114258 seconds

Doing depth 4
We had 3706 inferral cache hits and 13112 partitioning cache hits
The partitioning cache has 0 tilings in it right now
The inferral cache has 37547 tilings in it right now
There are 17331 tilings in the search tree
Time taken so far is 736.9977476596832 seconds

Now processing 0132_2301
Doing depth 1
We had 0 inferral cache hits and 9 partitioning cache hits
The partitioning cache has 0 tilings in it right now
The inferral cache has 12 tilings in it right now
There are 11 tilings in the search tree
Time taken so far is 0.036228179931640625 seconds

Doing depth 2
We had 10 inferral cache hits and 108 partitioning cache hits
The partitioning cache has 0 tilings in it right now
The inferral cache has 114 tilings in it right now
There are 78 tilings in the search tree
Time taken so far is 0.6870541572570801 seconds

Doing depth 3
We had 124 inferral cache hits and 914 partitioning cache hits
The partitioning cache has 0 tilings in it right now
The inferral cache has 1655 tilings in it right now
There are 880 tilings in the search tree
Time taken so far is 16.22179651260376 seconds

Doing depth 4
We had 3371 inferral cache hits and 12866 partitioning cache hits
The partitioning cache has 0 tilings in it right now
The inferral cache has 32651 tilings in it right now
There are 14912 tilings in the search tree
Time taken so far is 621.3795390129089 seconds

Now processing 0132_3120
Doing depth 1
We had 0 inferral cache hits and 9 partitioning cache hits
The partitioning cache has 0 tilings in it right now
The inferral cache has 14 tilings in it right now
There are 11 tilings in the search tree
Time taken so far is 0.039414167404174805 seconds

Doing depth 2
We had 9 inferral cache hits and 108 partitioning cache hits
The partitioning cache has 0 tilings in it right now
The inferral cache has 121 tilings in it right now
There are 80 tilings in the search tree
Time taken so far is 0.7036778926849365 seconds

Doing depth 3
We had 128 inferral cache hits and 914 partitioning cache hits
The partitioning cache has 0 tilings in it right now
The inferral cache has 1741 tilings in it right now
There are 904 tilings in the search tree
Time taken so far is 17.591542720794678 seconds

Doing depth 4
We had 3542 inferral cache hits and 13196 partitioning cache hits
The partitioning cache has 0 tilings in it right now
The inferral cache has 40826 tilings in it right now
There are 17742 tilings in the search tree
Time taken so far is 735.8977274894714 seconds

Now processing 0213_0321
Doing depth 1
We had 0 inferral cache hits and 9 partitioning cache hits
The partitioning cache has 0 tilings in it right now
The inferral cache has 14 tilings in it right now
There are 11 tilings in the search tree
Time taken so far is 0.041103363037109375 seconds

Doing depth 2
We had 9 inferral cache hits and 108 partitioning cache hits
The partitioning cache has 0 tilings in it right now
The inferral cache has 119 tilings in it right now
There are 80 tilings in the search tree
Time taken so far is 0.7275583744049072 seconds

Doing depth 3
We had 128 inferral cache hits and 914 partitioning cache hits
The partitioning cache has 0 tilings in it right now
The inferral cache has 1612 tilings in it right now
There are 902 tilings in the search tree
Time taken so far is 17.064105987548828 seconds

Doing depth 4
We had 3653 inferral cache hits and 13208 partitioning cache hits
The partitioning cache has 0 tilings in it right now
The inferral cache has 37956 tilings in it right now
There are 17707 tilings in the search tree
Time taken so far is 779.9023311138153 seconds

Now processing 0213_1230
Doing depth 1
We had 0 inferral cache hits and 9 partitioning cache hits
The partitioning cache has 0 tilings in it right now
The inferral cache has 14 tilings in it right now
There are 11 tilings in the search tree
Time taken so far is 0.04068326950073242 seconds

Doing depth 2
We had 9 inferral cache hits and 108 partitioning cache hits
The partitioning cache has 0 tilings in it right now
The inferral cache has 117 tilings in it right now
There are 80 tilings in the search tree
Time taken so far is 0.7537500858306885 seconds

Doing depth 3
We had 126 inferral cache hits and 914 partitioning cache hits
The partitioning cache has 0 tilings in it right now
The inferral cache has 1615 tilings in it right now
There are 900 tilings in the search tree
Time taken so far is 17.946403980255127 seconds

Doing depth 4
We had 3878 inferral cache hits and 13228 partitioning cache hits
The partitioning cache has 0 tilings in it right now
The inferral cache has 38332 tilings in it right now
There are 17348 tilings in the search tree
Time taken so far is 811.5473256111145 seconds

Now processing 0213_1320
Doing depth 1
We had 0 inferral cache hits and 9 partitioning cache hits
The partitioning cache has 0 tilings in it right now
The inferral cache has 14 tilings in it right now
There are 11 tilings in the search tree
Time taken so far is 0.04413604736328125 seconds

Doing depth 2
We had 9 inferral cache hits and 108 partitioning cache hits
The partitioning cache has 0 tilings in it right now
The inferral cache has 121 tilings in it right now
There are 80 tilings in the search tree
Time taken so far is 0.7925825119018555 seconds

Doing depth 3
We had 125 inferral cache hits and 914 partitioning cache hits
The partitioning cache has 0 tilings in it right now
The inferral cache has 1720 tilings in it right now
There are 934 tilings in the search tree
Time taken so far is 21.014108657836914 seconds

Doing depth 4
We had 4240 inferral cache hits and 13689 partitioning cache hits
The partitioning cache has 0 tilings in it right now
The inferral cache has 42400 tilings in it right now
There are 19636 tilings in the search tree
Time taken so far is 928.852837562561 seconds

Now processing 0213_2301
Doing depth 1
We had 0 inferral cache hits and 9 partitioning cache hits
The partitioning cache has 0 tilings in it right now
The inferral cache has 14 tilings in it right now
There are 11 tilings in the search tree
Time taken so far is 0.030088186264038086 seconds

Doing depth 2
We had 9 inferral cache hits and 108 partitioning cache hits
The partitioning cache has 0 tilings in it right now
The inferral cache has 121 tilings in it right now
There are 78 tilings in the search tree
Time taken so far is 0.6169743537902832 seconds

Doing depth 3
We had 124 inferral cache hits and 914 partitioning cache hits
The partitioning cache has 0 tilings in it right now
The inferral cache has 1651 tilings in it right now
There are 898 tilings in the search tree
Time taken so far is 17.986219882965088 seconds

Doing depth 4
We had 3712 inferral cache hits and 13192 partitioning cache hits
The partitioning cache has 0 tilings in it right now
The inferral cache has 36631 tilings in it right now
There are 16739 tilings in the search tree
Time taken so far is 709.5464267730713 seconds

Now processing 0213_3120
Doing depth 1
We had 0 inferral cache hits and 9 partitioning cache hits
The partitioning cache has 0 tilings in it right now
The inferral cache has 14 tilings in it right now
There are 11 tilings in the search tree
Time taken so far is 0.04379868507385254 seconds

Doing depth 2
We had 9 inferral cache hits and 108 partitioning cache hits
The partitioning cache has 0 tilings in it right now
The inferral cache has 121 tilings in it right now
There are 82 tilings in the search tree
Time taken so far is 0.7569296360015869 seconds

Doing depth 3
We had 131 inferral cache hits and 914 partitioning cache hits
The partitioning cache has 0 tilings in it right now
The inferral cache has 1749 tilings in it right now
There are 926 tilings in the search tree
Time taken so far is 19.639584064483643 seconds

Doing depth 4
We had 3982 inferral cache hits and 13616 partitioning cache hits
The partitioning cache has 0 tilings in it right now
The inferral cache has 45486 tilings in it right now
There are 19837 tilings in the search tree
Time taken so far is 912.1520600318909 seconds

Now processing 0231_0312
Doing depth 1
We had 0 inferral cache hits and 9 partitioning cache hits
The partitioning cache has 0 tilings in it right now
The inferral cache has 12 tilings in it right now
There are 11 tilings in the search tree
Time taken so far is 0.04164600372314453 seconds

Doing depth 2
We had 10 inferral cache hits and 108 partitioning cache hits
The partitioning cache has 0 tilings in it right now
The inferral cache has 118 tilings in it right now
There are 80 tilings in the search tree
Time taken so far is 2.062946319580078 seconds

Doing depth 3
We had 130 inferral cache hits and 914 partitioning cache hits
The partitioning cache has 0 tilings in it right now
The inferral cache has 1651 tilings in it right now
There are 938 tilings in the search tree
Time taken so far is 22.391038179397583 seconds

Doing depth 4
We had 4563 inferral cache hits and 13645 partitioning cache hits
The partitioning cache has 0 tilings in it right now
The inferral cache has 39325 tilings in it right now
There are 18676 tilings in the search tree
Time taken so far is 891.915857553482 seconds

Now processing 0231_0321
Doing depth 1
We had 0 inferral cache hits and 9 partitioning cache hits
The partitioning cache has 0 tilings in it right now
The inferral cache has 12 tilings in it right now
There are 11 tilings in the search tree
Time taken so far is 0.03403973579406738 seconds

Doing depth 2
We had 10 inferral cache hits and 108 partitioning cache hits
The partitioning cache has 0 tilings in it right now
The inferral cache has 113 tilings in it right now
There are 80 tilings in the search tree
Time taken so far is 0.6412830352783203 seconds

Doing depth 3
We had 127 inferral cache hits and 914 partitioning cache hits
The partitioning cache has 0 tilings in it right now
The inferral cache has 1557 tilings in it right now
There are 913 tilings in the search tree
Time taken so far is 18.616260766983032 seconds

Doing depth 4
We had 4125 inferral cache hits and 13251 partitioning cache hits
The partitioning cache has 0 tilings in it right now
The inferral cache has 35502 tilings in it right now
There are 17516 tilings in the search tree
Time taken so far is 748.4613082408905 seconds

Now processing 0231_1203
Doing depth 1
We had 0 inferral cache hits and 9 partitioning cache hits
The partitioning cache has 0 tilings in it right now
The inferral cache has 14 tilings in it right now
There are 11 tilings in the search tree
Time taken so far is 0.03593039512634277 seconds

Doing depth 2
We had 9 inferral cache hits and 108 partitioning cache hits
The partitioning cache has 0 tilings in it right now
The inferral cache has 129 tilings in it right now
There are 78 tilings in the search tree
Time taken so far is 0.6938059329986572 seconds

Doing depth 3
We had 123 inferral cache hits and 914 partitioning cache hits
The partitioning cache has 0 tilings in it right now
The inferral cache has 1758 tilings in it right now
There are 934 tilings in the search tree
Time taken so far is 17.136945247650146 seconds

Doing depth 4
We had 4316 inferral cache hits and 13311 partitioning cache hits
The partitioning cache has 0 tilings in it right now
The inferral cache has 39017 tilings in it right now
There are 18449 tilings in the search tree
Time taken so far is 738.492753982544 seconds

Now processing 0231_1230
Doing depth 1
We had 0 inferral cache hits and 9 partitioning cache hits
The partitioning cache has 0 tilings in it right now
The inferral cache has 13 tilings in it right now
There are 11 tilings in the search tree
Time taken so far is 0.03214144706726074 seconds

Doing depth 2
We had 9 inferral cache hits and 108 partitioning cache hits
The partitioning cache has 0 tilings in it right now
The inferral cache has 118 tilings in it right now
There are 79 tilings in the search tree
Time taken so far is 0.6312243938446045 seconds

Doing depth 3
We had 126 inferral cache hits and 914 partitioning cache hits
The partitioning cache has 0 tilings in it right now
The inferral cache has 1552 tilings in it right now
There are 888 tilings in the search tree
Time taken so far is 18.567147254943848 seconds

Doing depth 4
We had 3692 inferral cache hits and 12726 partitioning cache hits
The partitioning cache has 0 tilings in it right now
The inferral cache has 33713 tilings in it right now
There are 16662 tilings in the search tree
Time taken so far is 703.9922103881836 seconds

Now processing 0231_2013
Doing depth 1
We had 0 inferral cache hits and 9 partitioning cache hits
The partitioning cache has 0 tilings in it right now
The inferral cache has 14 tilings in it right now
There are 11 tilings in the search tree
Time taken so far is 0.026859521865844727 seconds

Doing depth 2
We had 9 inferral cache hits and 108 partitioning cache hits
The partitioning cache has 0 tilings in it right now
The inferral cache has 129 tilings in it right now
There are 78 tilings in the search tree
Time taken so far is 0.5484557151794434 seconds

Doing depth 3
We had 124 inferral cache hits and 914 partitioning cache hits
The partitioning cache has 0 tilings in it right now
The inferral cache has 1795 tilings in it right now
There are 940 tilings in the search tree
Time taken so far is 17.487250804901123 seconds

Doing depth 4
We had 4481 inferral cache hits and 13920 partitioning cache hits
The partitioning cache has 0 tilings in it right now
The inferral cache has 41379 tilings in it right now
There are 19312 tilings in the search tree
Time taken so far is 765.5862636566162 seconds

Now processing 0231_2031
Doing depth 1
We had 0 inferral cache hits and 9 partitioning cache hits
The partitioning cache has 0 tilings in it right now
The inferral cache has 12 tilings in it right now
There are 11 tilings in the search tree
Time taken so far is 0.026643753051757812 seconds

Doing depth 2
We had 10 inferral cache hits and 108 partitioning cache hits
The partitioning cache has 0 tilings in it right now
The inferral cache has 121 tilings in it right now
There are 78 tilings in the search tree
Time taken so far is 0.5652291774749756 seconds

Doing depth 3
We had 130 inferral cache hits and 914 partitioning cache hits
The partitioning cache has 0 tilings in it right now
The inferral cache has 1657 tilings in it right now
There are 978 tilings in the search tree
Time taken so far is 18.309351921081543 seconds

Doing depth 4
We had 5226 inferral cache hits and 14179 partitioning cache hits
The partitioning cache has 0 tilings in it right now
The inferral cache has 37865 tilings in it right now
There are 19773 tilings in the search tree
Time taken so far is 864.0139224529266 seconds

Now processing 0231_2130
Doing depth 1
We had 0 inferral cache hits and 9 partitioning cache hits
The partitioning cache has 0 tilings in it right now
The inferral cache has 13 tilings in it right now
There are 11 tilings in the search tree
Time taken so far is 0.03810477256774902 seconds

Doing depth 2
We had 9 inferral cache hits and 108 partitioning cache hits
The partitioning cache has 0 tilings in it right now
The inferral cache has 124 tilings in it right now
There are 79 tilings in the search tree
Time taken so far is 0.6962490081787109 seconds

Doing depth 3
We had 124 inferral cache hits and 914 partitioning cache hits
The partitioning cache has 0 tilings in it right now
The inferral cache has 1741 tilings in it right now
There are 934 tilings in the search tree
Time taken so far is 16.99817728996277 seconds

Doing depth 4
We had 4598 inferral cache hits and 14013 partitioning cache hits
The partitioning cache has 0 tilings in it right now
The inferral cache has 41589 tilings in it right now
There are 19103 tilings in the search tree
Time taken so far is 782.4269063472748 seconds

Now processing 0231_2301
Doing depth 1
We had 0 inferral cache hits and 9 partitioning cache hits
The partitioning cache has 0 tilings in it right now
The inferral cache has 12 tilings in it right now
There are 11 tilings in the search tree
Time taken so far is 0.0289914608001709 seconds

Doing depth 2
We had 10 inferral cache hits and 108 partitioning cache hits
The partitioning cache has 0 tilings in it right now
The inferral cache has 115 tilings in it right now
There are 78 tilings in the search tree
Time taken so far is 0.5966365337371826 seconds

Doing depth 3
We had 127 inferral cache hits and 914 partitioning cache hits
The partitioning cache has 0 tilings in it right now
The inferral cache has 1611 tilings in it right now
There are 905 tilings in the search tree
Time taken so far is 16.046247005462646 seconds

Doing depth 4
We had 3906 inferral cache hits and 13116 partitioning cache hits
The partitioning cache has 0 tilings in it right now
The inferral cache has 33757 tilings in it right now
There are 16417 tilings in the search tree
Time taken so far is 662.6320383548737 seconds

Now processing 0231_3012
Doing depth 1
We had 0 inferral cache hits and 9 partitioning cache hits
The partitioning cache has 0 tilings in it right now
The inferral cache has 13 tilings in it right now
There are 11 tilings in the search tree
Time taken so far is 0.030948162078857422 seconds

Doing depth 2
We had 9 inferral cache hits and 108 partitioning cache hits
The partitioning cache has 0 tilings in it right now
The inferral cache has 122 tilings in it right now
There are 79 tilings in the search tree
Time taken so far is 0.6024339199066162 seconds

Doing depth 3
We had 122 inferral cache hits and 914 partitioning cache hits
The partitioning cache has 0 tilings in it right now
The inferral cache has 1690 tilings in it right now
There are 901 tilings in the search tree
Time taken so far is 17.442400693893433 seconds

Doing depth 4
We had 4027 inferral cache hits and 13421 partitioning cache hits
The partitioning cache has 0 tilings in it right now
The inferral cache has 37501 tilings in it right now
There are 16883 tilings in the search tree
Time taken so far is 686.0774195194244 seconds

Now processing 0321_1032
Doing depth 1
We had 0 inferral cache hits and 9 partitioning cache hits
The partitioning cache has 0 tilings in it right now
The inferral cache has 12 tilings in it right now
There are 11 tilings in the search tree
Time taken so far is 0.026534080505371094 seconds

Doing depth 2
We had 10 inferral cache hits and 108 partitioning cache hits
The partitioning cache has 0 tilings in it right now
The inferral cache has 116 tilings in it right now
There are 78 tilings in the search tree
Time taken so far is 0.5354828834533691 seconds

Doing depth 3
We had 123 inferral cache hits and 914 partitioning cache hits
The partitioning cache has 0 tilings in it right now
The inferral cache has 1548 tilings in it right now
There are 874 tilings in the search tree
Time taken so far is 14.629818201065063 seconds

Doing depth 4
We had 3546 inferral cache hits and 12896 partitioning cache hits
The partitioning cache has 0 tilings in it right now
The inferral cache has 32724 tilings in it right now
There are 15660 tilings in the search tree
Time taken so far is 674.3967227935791 seconds

Now processing 0321_2103
Doing depth 1
We had 0 inferral cache hits and 9 partitioning cache hits
The partitioning cache has 0 tilings in it right now
The inferral cache has 14 tilings in it right now
There are 11 tilings in the search tree
Time taken so far is 0.029124736785888672 seconds

Doing depth 2
We had 9 inferral cache hits and 108 partitioning cache hits
The partitioning cache has 0 tilings in it right now
The inferral cache has 117 tilings in it right now
There are 78 tilings in the search tree
Time taken so far is 0.5925259590148926 seconds

Doing depth 3
We had 125 inferral cache hits and 914 partitioning cache hits
The partitioning cache has 0 tilings in it right now
The inferral cache has 1523 tilings in it right now
There are 852 tilings in the search tree
Time taken so far is 16.30562663078308 seconds

Doing depth 4
We had 3337 inferral cache hits and 12386 partitioning cache hits
The partitioning cache has 0 tilings in it right now
The inferral cache has 32496 tilings in it right now
There are 14735 tilings in the search tree
Time taken so far is 590.9462823867798 seconds

Now processing 1032_1302
Doing depth 1
We had 0 inferral cache hits and 9 partitioning cache hits
The partitioning cache has 0 tilings in it right now
The inferral cache has 10 tilings in it right now
There are 11 tilings in the search tree
Time taken so far is 0.035689592361450195 seconds

Doing depth 2
We had 13 inferral cache hits and 108 partitioning cache hits
The partitioning cache has 0 tilings in it right now
The inferral cache has 109 tilings in it right now
There are 78 tilings in the search tree
Time taken so far is 0.6842012405395508 seconds

Doing depth 3
We had 135 inferral cache hits and 914 partitioning cache hits
The partitioning cache has 0 tilings in it right now
The inferral cache has 1515 tilings in it right now
There are 933 tilings in the search tree
Time taken so far is 18.20920705795288 seconds

Doing depth 4
We had 5363 inferral cache hits and 14130 partitioning cache hits
The partitioning cache has 0 tilings in it right now
The inferral cache has 32911 tilings in it right now
There are 17861 tilings in the search tree
Time taken so far is 755.5276896953583 seconds

Now processing 1032_2301
Doing depth 1
We had 0 inferral cache hits and 9 partitioning cache hits
The partitioning cache has 0 tilings in it right now
The inferral cache has 10 tilings in it right now
There are 11 tilings in the search tree
Time taken so far is 0.0346832275390625 seconds

Doing depth 2
We had 13 inferral cache hits and 108 partitioning cache hits
The partitioning cache has 0 tilings in it right now
The inferral cache has 113 tilings in it right now
There are 78 tilings in the search tree
Time taken so far is 0.6563305854797363 seconds

Doing depth 3
We had 131 inferral cache hits and 914 partitioning cache hits
The partitioning cache has 0 tilings in it right now
The inferral cache has 1589 tilings in it right now
There are 882 tilings in the search tree
Time taken so far is 16.374911069869995 seconds

Doing depth 4
We had 3570 inferral cache hits and 13016 partitioning cache hits
The partitioning cache has 0 tilings in it right now
The inferral cache has 30151 tilings in it right now
There are 14330 tilings in the search tree
Time taken so far is 555.4200940132141 seconds

