/users/home/henningu/ATRAP/non-regular-insertion-encodable-bases/logs_length2
Now processing 0123_0132
Doing depth 1
We had 0 inferral cache hits and 0 partitioning cache hits
The partitioning cache has 0 tilings in it right now
The inferral cache has 6 tilings in it right now
There are 5 tilings in the search tree
Time taken so far is 0.018469810485839844 seconds

Doing depth 2
We had 0 inferral cache hits and 28 partitioning cache hits
The partitioning cache has 4 tilings in it right now
The inferral cache has 14 tilings in it right now
There are 15 tilings in the search tree
Time taken so far is 0.09917211532592773 seconds

Doing depth 3
We had 2 inferral cache hits and 122 partitioning cache hits
The partitioning cache has 2 tilings in it right now
The inferral cache has 37 tilings in it right now
There are 31 tilings in the search tree
Time taken so far is 0.3266294002532959 seconds

Doing depth 4
We had 2 inferral cache hits and 182 partitioning cache hits
The partitioning cache has 0 tilings in it right now
The inferral cache has 53 tilings in it right now
There are 40 tilings in the search tree
Time taken so far is 0.69921875 seconds

Doing depth 5
We had 4 inferral cache hits and 742 partitioning cache hits
The partitioning cache has 29 tilings in it right now
The inferral cache has 89 tilings in it right now
There are 78 tilings in the search tree
Time taken so far is 2.258035898208618 seconds

Doing depth 6
We had 36 inferral cache hits and 2347 partitioning cache hits
The partitioning cache has 19 tilings in it right now
The inferral cache has 168 tilings in it right now
There are 155 tilings in the search tree
Time taken so far is 14.104464292526245 seconds

Now processing 0123_0213
Doing depth 1
We had 0 inferral cache hits and 0 partitioning cache hits
The partitioning cache has 0 tilings in it right now
The inferral cache has 6 tilings in it right now
There are 5 tilings in the search tree
Time taken so far is 0.024567127227783203 seconds

Doing depth 2
We had 0 inferral cache hits and 30 partitioning cache hits
The partitioning cache has 4 tilings in it right now
The inferral cache has 14 tilings in it right now
There are 16 tilings in the search tree
Time taken so far is 0.11042237281799316 seconds

Doing depth 3
We had 2 inferral cache hits and 136 partitioning cache hits
The partitioning cache has 2 tilings in it right now
The inferral cache has 38 tilings in it right now
There are 34 tilings in the search tree
Time taken so far is 0.38409852981567383 seconds

Doing depth 4
We had 2 inferral cache hits and 204 partitioning cache hits
The partitioning cache has 0 tilings in it right now
The inferral cache has 54 tilings in it right now
There are 44 tilings in the search tree
Time taken so far is 0.9149551391601562 seconds

Doing depth 5
We had 4 inferral cache hits and 812 partitioning cache hits
The partitioning cache has 30 tilings in it right now
The inferral cache has 84 tilings in it right now
There are 83 tilings in the search tree
Time taken so far is 2.574906587600708 seconds

Doing depth 6
We had 36 inferral cache hits and 2606 partitioning cache hits
The partitioning cache has 20 tilings in it right now
The inferral cache has 150 tilings in it right now
There are 159 tilings in the search tree
Time taken so far is 13.950631856918335 seconds

Now processing 0123_0231
Doing depth 1
We had 0 inferral cache hits and 0 partitioning cache hits
The partitioning cache has 0 tilings in it right now
The inferral cache has 6 tilings in it right now
There are 5 tilings in the search tree
Time taken so far is 0.022600173950195312 seconds

Doing depth 2
We had 0 inferral cache hits and 28 partitioning cache hits
The partitioning cache has 4 tilings in it right now
The inferral cache has 14 tilings in it right now
There are 15 tilings in the search tree
Time taken so far is 0.10950398445129395 seconds

Doing depth 3
We had 2 inferral cache hits and 122 partitioning cache hits
The partitioning cache has 2 tilings in it right now
The inferral cache has 37 tilings in it right now
There are 31 tilings in the search tree
Time taken so far is 0.3342723846435547 seconds

Doing depth 4
We had 2 inferral cache hits and 182 partitioning cache hits
The partitioning cache has 0 tilings in it right now
The inferral cache has 53 tilings in it right now
There are 40 tilings in the search tree
Time taken so far is 0.7337102890014648 seconds

Doing depth 5
We had 4 inferral cache hits and 728 partitioning cache hits
The partitioning cache has 26 tilings in it right now
The inferral cache has 96 tilings in it right now
There are 78 tilings in the search tree
Time taken so far is 2.4345932006835938 seconds

Doing depth 6
We had 40 inferral cache hits and 2583 partitioning cache hits
The partitioning cache has 23 tilings in it right now
The inferral cache has 206 tilings in it right now
There are 170 tilings in the search tree
Time taken so far is 13.185336351394653 seconds

Now processing 0123_1230
Doing depth 1
We had 0 inferral cache hits and 0 partitioning cache hits
The partitioning cache has 0 tilings in it right now
The inferral cache has 6 tilings in it right now
There are 5 tilings in the search tree
Time taken so far is 0.028187274932861328 seconds

Doing depth 2
We had 0 inferral cache hits and 28 partitioning cache hits
The partitioning cache has 4 tilings in it right now
The inferral cache has 14 tilings in it right now
There are 15 tilings in the search tree
Time taken so far is 0.11388421058654785 seconds

Doing depth 3
We had 2 inferral cache hits and 122 partitioning cache hits
The partitioning cache has 2 tilings in it right now
The inferral cache has 36 tilings in it right now
There are 31 tilings in the search tree
Time taken so far is 0.2827942371368408 seconds

Doing depth 4
We had 2 inferral cache hits and 182 partitioning cache hits
The partitioning cache has 0 tilings in it right now
The inferral cache has 52 tilings in it right now
There are 40 tilings in the search tree
Time taken so far is 0.5775954723358154 seconds

Doing depth 5
We had 4 inferral cache hits and 727 partitioning cache hits
The partitioning cache has 28 tilings in it right now
The inferral cache has 88 tilings in it right now
There are 74 tilings in the search tree
Time taken so far is 1.8381989002227783 seconds

Doing depth 6
We had 40 inferral cache hits and 2649 partitioning cache hits
The partitioning cache has 25 tilings in it right now
The inferral cache has 172 tilings in it right now
There are 160 tilings in the search tree
Time taken so far is 6.971479415893555 seconds

Now processing 0123_2301
Doing depth 1
We had 0 inferral cache hits and 0 partitioning cache hits
The partitioning cache has 0 tilings in it right now
The inferral cache has 6 tilings in it right now
There are 5 tilings in the search tree
Time taken so far is 0.012424468994140625 seconds

Doing depth 2
We had 0 inferral cache hits and 26 partitioning cache hits
The partitioning cache has 4 tilings in it right now
The inferral cache has 14 tilings in it right now
There are 13 tilings in the search tree
Time taken so far is 0.07236838340759277 seconds

Doing depth 3
We had 2 inferral cache hits and 108 partitioning cache hits
The partitioning cache has 2 tilings in it right now
The inferral cache has 36 tilings in it right now
There are 27 tilings in the search tree
Time taken so far is 0.2395176887512207 seconds

Doing depth 4
We had 2 inferral cache hits and 160 partitioning cache hits
The partitioning cache has 0 tilings in it right now
The inferral cache has 52 tilings in it right now
There are 35 tilings in the search tree
Time taken so far is 0.36793065071105957 seconds

Doing depth 5
We had 4 inferral cache hits and 670 partitioning cache hits
The partitioning cache has 26 tilings in it right now
The inferral cache has 92 tilings in it right now
There are 69 tilings in the search tree
Time taken so far is 1.3389227390289307 seconds

Doing depth 6
We had 37 inferral cache hits and 2678 partitioning cache hits
The partitioning cache has 31 tilings in it right now
The inferral cache has 189 tilings in it right now
There are 156 tilings in the search tree
Time taken so far is 4.015152931213379 seconds

Now processing 0132_0213
Doing depth 1
We had 0 inferral cache hits and 0 partitioning cache hits
The partitioning cache has 0 tilings in it right now
The inferral cache has 6 tilings in it right now
There are 5 tilings in the search tree
Time taken so far is 0.013077735900878906 seconds

Doing depth 2
We had 0 inferral cache hits and 28 partitioning cache hits
The partitioning cache has 4 tilings in it right now
The inferral cache has 14 tilings in it right now
There are 15 tilings in the search tree
Time taken so far is 0.08487272262573242 seconds

Doing depth 3
We had 2 inferral cache hits and 122 partitioning cache hits
The partitioning cache has 2 tilings in it right now
The inferral cache has 38 tilings in it right now
There are 31 tilings in the search tree
Time taken so far is 0.2670326232910156 seconds

Doing depth 4
We had 2 inferral cache hits and 182 partitioning cache hits
The partitioning cache has 1 tilings in it right now
The inferral cache has 53 tilings in it right now
There are 40 tilings in the search tree
Time taken so far is 0.5764906406402588 seconds

Doing depth 5
We had 4 inferral cache hits and 720 partitioning cache hits
The partitioning cache has 29 tilings in it right now
The inferral cache has 90 tilings in it right now
There are 76 tilings in the search tree
Time taken so far is 1.9450843334197998 seconds

Doing depth 6
We had 34 inferral cache hits and 2266 partitioning cache hits
The partitioning cache has 19 tilings in it right now
The inferral cache has 175 tilings in it right now
There are 148 tilings in the search tree
Time taken so far is 10.629777908325195 seconds

Now processing 0132_0321
Doing depth 1
We had 0 inferral cache hits and 0 partitioning cache hits
The partitioning cache has 0 tilings in it right now
The inferral cache has 5 tilings in it right now
There are 5 tilings in the search tree
Time taken so far is 0.014047861099243164 seconds

Doing depth 2
We had 0 inferral cache hits and 28 partitioning cache hits
The partitioning cache has 4 tilings in it right now
The inferral cache has 13 tilings in it right now
There are 15 tilings in the search tree
Time taken so far is 0.08448338508605957 seconds

Doing depth 3
We had 2 inferral cache hits and 122 partitioning cache hits
The partitioning cache has 2 tilings in it right now
The inferral cache has 33 tilings in it right now
There are 31 tilings in the search tree
Time taken so far is 0.2936437129974365 seconds

Doing depth 4
We had 2 inferral cache hits and 182 partitioning cache hits
The partitioning cache has 2 tilings in it right now
The inferral cache has 47 tilings in it right now
There are 40 tilings in the search tree
Time taken so far is 0.6467757225036621 seconds

Doing depth 5
We had 4 inferral cache hits and 728 partitioning cache hits
The partitioning cache has 27 tilings in it right now
The inferral cache has 84 tilings in it right now
There are 78 tilings in the search tree
Time taken so far is 2.16701340675354 seconds

Doing depth 6
We had 38 inferral cache hits and 2279 partitioning cache hits
The partitioning cache has 17 tilings in it right now
The inferral cache has 160 tilings in it right now
There are 158 tilings in the search tree
Time taken so far is 12.969155073165894 seconds

Now processing 0132_1023
Doing depth 1
We had 0 inferral cache hits and 0 partitioning cache hits
The partitioning cache has 0 tilings in it right now
The inferral cache has 6 tilings in it right now
There are 5 tilings in the search tree
Time taken so far is 0.012976646423339844 seconds

Doing depth 2
We had 0 inferral cache hits and 26 partitioning cache hits
The partitioning cache has 4 tilings in it right now
The inferral cache has 14 tilings in it right now
There are 13 tilings in the search tree
Time taken so far is 0.07908344268798828 seconds

Doing depth 3
We had 2 inferral cache hits and 108 partitioning cache hits
The partitioning cache has 2 tilings in it right now
The inferral cache has 38 tilings in it right now
There are 27 tilings in the search tree
Time taken so far is 0.22877168655395508 seconds

Doing depth 4
We had 2 inferral cache hits and 160 partitioning cache hits
The partitioning cache has 0 tilings in it right now
The inferral cache has 54 tilings in it right now
There are 35 tilings in the search tree
Time taken so far is 0.3778347969055176 seconds

Doing depth 5
We had 4 inferral cache hits and 824 partitioning cache hits
The partitioning cache has 26 tilings in it right now
The inferral cache has 156 tilings in it right now
There are 88 tilings in the search tree
Time taken so far is 3.4052462577819824 seconds

Doing depth 6
We had 30 inferral cache hits and 2431 partitioning cache hits
The partitioning cache has 17 tilings in it right now
The inferral cache has 331 tilings in it right now
There are 169 tilings in the search tree
Time taken so far is 13.045951843261719 seconds

Now processing 0132_1032
Doing depth 1
We had 0 inferral cache hits and 0 partitioning cache hits
The partitioning cache has 0 tilings in it right now
The inferral cache has 5 tilings in it right now
There are 5 tilings in the search tree
Time taken so far is 0.01191401481628418 seconds

Doing depth 2
We had 0 inferral cache hits and 26 partitioning cache hits
The partitioning cache has 4 tilings in it right now
The inferral cache has 13 tilings in it right now
There are 13 tilings in the search tree
Time taken so far is 0.07422184944152832 seconds

Doing depth 3
We had 2 inferral cache hits and 108 partitioning cache hits
The partitioning cache has 2 tilings in it right now
The inferral cache has 32 tilings in it right now
There are 27 tilings in the search tree
Time taken so far is 0.2563602924346924 seconds

Doing depth 4
We had 2 inferral cache hits and 170 partitioning cache hits
The partitioning cache has 2 tilings in it right now
The inferral cache has 51 tilings in it right now
There are 37 tilings in the search tree
Time taken so far is 0.44228267669677734 seconds

Doing depth 5
We had 9 inferral cache hits and 1770 partitioning cache hits
The partitioning cache has 33 tilings in it right now
The inferral cache has 116 tilings in it right now
There are 119 tilings in the search tree
Time taken so far is 3.2614355087280273 seconds

Doing depth 6
We had 88 inferral cache hits and 31928 partitioning cache hits
The partitioning cache has 57 tilings in it right now
The inferral cache has 349 tilings in it right now
There are 451 tilings in the search tree
Time taken so far is 33.12383413314819 seconds

Now processing 0132_1203
Doing depth 1
We had 0 inferral cache hits and 0 partitioning cache hits
The partitioning cache has 0 tilings in it right now
The inferral cache has 6 tilings in it right now
There are 5 tilings in the search tree
Time taken so far is 0.02613663673400879 seconds

Doing depth 2
We had 0 inferral cache hits and 26 partitioning cache hits
The partitioning cache has 4 tilings in it right now
The inferral cache has 14 tilings in it right now
There are 13 tilings in the search tree
Time taken so far is 0.12118053436279297 seconds

Doing depth 3
We had 2 inferral cache hits and 108 partitioning cache hits
The partitioning cache has 2 tilings in it right now
The inferral cache has 37 tilings in it right now
There are 27 tilings in the search tree
Time taken so far is 0.2608973979949951 seconds

Doing depth 4
We had 2 inferral cache hits and 160 partitioning cache hits
The partitioning cache has 1 tilings in it right now
The inferral cache has 52 tilings in it right now
There are 35 tilings in the search tree
Time taken so far is 0.3871891498565674 seconds

Doing depth 5
We had 4 inferral cache hits and 676 partitioning cache hits
The partitioning cache has 26 tilings in it right now
The inferral cache has 97 tilings in it right now
There are 71 tilings in the search tree
Time taken so far is 1.5223162174224854 seconds

Doing depth 6
We had 31 inferral cache hits and 2215 partitioning cache hits
The partitioning cache has 19 tilings in it right now
The inferral cache has 217 tilings in it right now
There are 157 tilings in the search tree
Time taken so far is 7.232839584350586 seconds

Now processing 0132_1230
Doing depth 1
We had 0 inferral cache hits and 0 partitioning cache hits
The partitioning cache has 0 tilings in it right now
The inferral cache has 5 tilings in it right now
There are 5 tilings in the search tree
Time taken so far is 0.023296117782592773 seconds

Doing depth 2
We had 0 inferral cache hits and 28 partitioning cache hits
The partitioning cache has 3 tilings in it right now
The inferral cache has 14 tilings in it right now
There are 15 tilings in the search tree
Time taken so far is 0.11117339134216309 seconds

Doing depth 3
We had 1 inferral cache hits and 126 partitioning cache hits
The partitioning cache has 2 tilings in it right now
The inferral cache has 35 tilings in it right now
There are 31 tilings in the search tree
Time taken so far is 0.3331766128540039 seconds

Doing depth 4
We had 1 inferral cache hits and 186 partitioning cache hits
The partitioning cache has 1 tilings in it right now
The inferral cache has 50 tilings in it right now
There are 40 tilings in the search tree
Time taken so far is 0.6908695697784424 seconds

Doing depth 5
We had 3 inferral cache hits and 732 partitioning cache hits
The partitioning cache has 25 tilings in it right now
The inferral cache has 92 tilings in it right now
There are 77 tilings in the search tree
Time taken so far is 2.1906063556671143 seconds

Doing depth 6
We had 37 inferral cache hits and 2704 partitioning cache hits
The partitioning cache has 24 tilings in it right now
The inferral cache has 193 tilings in it right now
There are 174 tilings in the search tree
Time taken so far is 7.909274101257324 seconds

Now processing 0132_1320
Doing depth 1
We had 0 inferral cache hits and 0 partitioning cache hits
The partitioning cache has 0 tilings in it right now
The inferral cache has 5 tilings in it right now
There are 5 tilings in the search tree
Time taken so far is 0.02231287956237793 seconds

Doing depth 2
We had 0 inferral cache hits and 28 partitioning cache hits
The partitioning cache has 4 tilings in it right now
The inferral cache has 13 tilings in it right now
There are 15 tilings in the search tree
Time taken so far is 0.10860943794250488 seconds

Doing depth 3
We had 2 inferral cache hits and 122 partitioning cache hits
The partitioning cache has 2 tilings in it right now
The inferral cache has 33 tilings in it right now
There are 31 tilings in the search tree
Time taken so far is 0.3117976188659668 seconds

Doing depth 4
We had 2 inferral cache hits and 182 partitioning cache hits
The partitioning cache has 3 tilings in it right now
The inferral cache has 46 tilings in it right now
There are 40 tilings in the search tree
Time taken so far is 0.5919921398162842 seconds

Doing depth 5
We had 4 inferral cache hits and 695 partitioning cache hits
The partitioning cache has 27 tilings in it right now
The inferral cache has 89 tilings in it right now
There are 76 tilings in the search tree
Time taken so far is 1.6512260437011719 seconds

Doing depth 6
We had 32 inferral cache hits and 2225 partitioning cache hits
The partitioning cache has 17 tilings in it right now
The inferral cache has 203 tilings in it right now
There are 155 tilings in the search tree
Time taken so far is 5.029532194137573 seconds

Now processing 0132_2301
Doing depth 1
We had 0 inferral cache hits and 0 partitioning cache hits
The partitioning cache has 0 tilings in it right now
The inferral cache has 5 tilings in it right now
There are 5 tilings in the search tree
Time taken so far is 0.021773099899291992 seconds

Doing depth 2
We had 0 inferral cache hits and 26 partitioning cache hits
The partitioning cache has 4 tilings in it right now
The inferral cache has 13 tilings in it right now
There are 13 tilings in the search tree
Time taken so far is 0.10756683349609375 seconds

Doing depth 3
We had 2 inferral cache hits and 108 partitioning cache hits
The partitioning cache has 2 tilings in it right now
The inferral cache has 32 tilings in it right now
There are 27 tilings in the search tree
Time taken so far is 0.24950075149536133 seconds

Doing depth 4
We had 2 inferral cache hits and 160 partitioning cache hits
The partitioning cache has 1 tilings in it right now
The inferral cache has 47 tilings in it right now
There are 35 tilings in the search tree
Time taken so far is 0.3768119812011719 seconds

Doing depth 5
We had 3 inferral cache hits and 672 partitioning cache hits
The partitioning cache has 24 tilings in it right now
The inferral cache has 95 tilings in it right now
There are 71 tilings in the search tree
Time taken so far is 1.3274195194244385 seconds

Doing depth 6
We had 33 inferral cache hits and 2666 partitioning cache hits
The partitioning cache has 32 tilings in it right now
The inferral cache has 220 tilings in it right now
There are 163 tilings in the search tree
Time taken so far is 4.268614053726196 seconds

Now processing 0132_3120
Doing depth 1
We had 0 inferral cache hits and 0 partitioning cache hits
The partitioning cache has 0 tilings in it right now
The inferral cache has 6 tilings in it right now
There are 5 tilings in the search tree
Time taken so far is 0.025226593017578125 seconds

Doing depth 2
We had 0 inferral cache hits and 28 partitioning cache hits
The partitioning cache has 4 tilings in it right now
The inferral cache has 14 tilings in it right now
There are 15 tilings in the search tree
Time taken so far is 0.10726356506347656 seconds

Doing depth 3
We had 2 inferral cache hits and 122 partitioning cache hits
The partitioning cache has 2 tilings in it right now
The inferral cache has 38 tilings in it right now
There are 31 tilings in the search tree
Time taken so far is 0.3300516605377197 seconds

Doing depth 4
We had 2 inferral cache hits and 182 partitioning cache hits
The partitioning cache has 0 tilings in it right now
The inferral cache has 54 tilings in it right now
There are 40 tilings in the search tree
Time taken so far is 0.6717410087585449 seconds

Doing depth 5
We had 4 inferral cache hits and 698 partitioning cache hits
The partitioning cache has 26 tilings in it right now
The inferral cache has 92 tilings in it right now
There are 72 tilings in the search tree
Time taken so far is 1.7256536483764648 seconds

Doing depth 6
We had 32 inferral cache hits and 2252 partitioning cache hits
The partitioning cache has 22 tilings in it right now
The inferral cache has 190 tilings in it right now
There are 146 tilings in the search tree
Time taken so far is 5.574108600616455 seconds

Now processing 0213_0321
Doing depth 1
We had 0 inferral cache hits and 0 partitioning cache hits
The partitioning cache has 0 tilings in it right now
The inferral cache has 6 tilings in it right now
There are 5 tilings in the search tree
Time taken so far is 0.029781341552734375 seconds

Doing depth 2
We had 0 inferral cache hits and 28 partitioning cache hits
The partitioning cache has 4 tilings in it right now
The inferral cache has 14 tilings in it right now
There are 15 tilings in the search tree
Time taken so far is 0.15952634811401367 seconds

Doing depth 3
We had 2 inferral cache hits and 122 partitioning cache hits
The partitioning cache has 2 tilings in it right now
The inferral cache has 37 tilings in it right now
There are 31 tilings in the search tree
Time taken so far is 0.39204955101013184 seconds

Doing depth 4
We had 2 inferral cache hits and 182 partitioning cache hits
The partitioning cache has 1 tilings in it right now
The inferral cache has 52 tilings in it right now
There are 40 tilings in the search tree
Time taken so far is 0.8005776405334473 seconds

Doing depth 5
We had 4 inferral cache hits and 719 partitioning cache hits
The partitioning cache has 28 tilings in it right now
The inferral cache has 88 tilings in it right now
There are 75 tilings in the search tree
Time taken so far is 2.736272096633911 seconds

Doing depth 6
We had 34 inferral cache hits and 2275 partitioning cache hits
The partitioning cache has 18 tilings in it right now
The inferral cache has 170 tilings in it right now
There are 150 tilings in the search tree
Time taken so far is 12.467561483383179 seconds

Now processing 0213_1230
Doing depth 1
We had 0 inferral cache hits and 0 partitioning cache hits
The partitioning cache has 0 tilings in it right now
The inferral cache has 6 tilings in it right now
There are 5 tilings in the search tree
Time taken so far is 0.014707326889038086 seconds

Doing depth 2
We had 0 inferral cache hits and 28 partitioning cache hits
The partitioning cache has 4 tilings in it right now
The inferral cache has 14 tilings in it right now
There are 15 tilings in the search tree
Time taken so far is 0.08447146415710449 seconds

Doing depth 3
We had 2 inferral cache hits and 122 partitioning cache hits
The partitioning cache has 2 tilings in it right now
The inferral cache has 37 tilings in it right now
There are 31 tilings in the search tree
Time taken so far is 0.28645849227905273 seconds

Doing depth 4
We had 2 inferral cache hits and 182 partitioning cache hits
The partitioning cache has 1 tilings in it right now
The inferral cache has 52 tilings in it right now
There are 40 tilings in the search tree
Time taken so far is 0.6452264785766602 seconds

Doing depth 5
We had 4 inferral cache hits and 797 partitioning cache hits
The partitioning cache has 27 tilings in it right now
The inferral cache has 113 tilings in it right now
There are 82 tilings in the search tree
Time taken so far is 2.332376003265381 seconds

Doing depth 6
We had 61 inferral cache hits and 10501 partitioning cache hits
The partitioning cache has 57 tilings in it right now
The inferral cache has 469 tilings in it right now
There are 322 tilings in the search tree
Time taken so far is 15.775959491729736 seconds

Now processing 0213_1320
Doing depth 1
We had 0 inferral cache hits and 0 partitioning cache hits
The partitioning cache has 0 tilings in it right now
The inferral cache has 6 tilings in it right now
There are 5 tilings in the search tree
Time taken so far is 0.014148950576782227 seconds

Doing depth 2
We had 0 inferral cache hits and 28 partitioning cache hits
The partitioning cache has 4 tilings in it right now
The inferral cache has 14 tilings in it right now
There are 15 tilings in the search tree
Time taken so far is 0.07936263084411621 seconds

Doing depth 3
We had 2 inferral cache hits and 122 partitioning cache hits
The partitioning cache has 2 tilings in it right now
The inferral cache has 37 tilings in it right now
There are 31 tilings in the search tree
Time taken so far is 0.27054786682128906 seconds

Doing depth 4
We had 2 inferral cache hits and 182 partitioning cache hits
The partitioning cache has 2 tilings in it right now
The inferral cache has 51 tilings in it right now
There are 40 tilings in the search tree
Time taken so far is 0.6019315719604492 seconds

Doing depth 5
We had 4 inferral cache hits and 696 partitioning cache hits
The partitioning cache has 28 tilings in it right now
The inferral cache has 91 tilings in it right now
There are 74 tilings in the search tree
Time taken so far is 1.741908311843872 seconds

Doing depth 6
We had 32 inferral cache hits and 2163 partitioning cache hits
The partitioning cache has 18 tilings in it right now
The inferral cache has 199 tilings in it right now
There are 142 tilings in the search tree
Time taken so far is 4.983272075653076 seconds

Now processing 0213_2301
Doing depth 1
We had 0 inferral cache hits and 0 partitioning cache hits
The partitioning cache has 0 tilings in it right now
The inferral cache has 6 tilings in it right now
There are 5 tilings in the search tree
Time taken so far is 0.012290477752685547 seconds

Doing depth 2
We had 0 inferral cache hits and 26 partitioning cache hits
The partitioning cache has 4 tilings in it right now
The inferral cache has 14 tilings in it right now
There are 13 tilings in the search tree
Time taken so far is 0.07028722763061523 seconds

Doing depth 3
We had 2 inferral cache hits and 108 partitioning cache hits
The partitioning cache has 2 tilings in it right now
The inferral cache has 36 tilings in it right now
There are 27 tilings in the search tree
Time taken so far is 0.20488882064819336 seconds

Doing depth 4
We had 2 inferral cache hits and 160 partitioning cache hits
The partitioning cache has 0 tilings in it right now
The inferral cache has 52 tilings in it right now
There are 35 tilings in the search tree
Time taken so far is 0.33364295959472656 seconds

Doing depth 5
We had 4 inferral cache hits and 668 partitioning cache hits
The partitioning cache has 26 tilings in it right now
The inferral cache has 94 tilings in it right now
There are 69 tilings in the search tree
Time taken so far is 1.21734619140625 seconds

Doing depth 6
We had 31 inferral cache hits and 2066 partitioning cache hits
The partitioning cache has 18 tilings in it right now
The inferral cache has 173 tilings in it right now
There are 129 tilings in the search tree
Time taken so far is 3.7969138622283936 seconds

Now processing 0213_3120
Doing depth 1
We had 0 inferral cache hits and 0 partitioning cache hits
The partitioning cache has 0 tilings in it right now
The inferral cache has 6 tilings in it right now
There are 5 tilings in the search tree
Time taken so far is 0.03017711639404297 seconds

Doing depth 2
We had 0 inferral cache hits and 30 partitioning cache hits
The partitioning cache has 4 tilings in it right now
The inferral cache has 14 tilings in it right now
There are 16 tilings in the search tree
Time taken so far is 0.13560128211975098 seconds

Doing depth 3
We had 2 inferral cache hits and 136 partitioning cache hits
The partitioning cache has 2 tilings in it right now
The inferral cache has 40 tilings in it right now
There are 34 tilings in the search tree
Time taken so far is 0.5121583938598633 seconds

Doing depth 4
We had 2 inferral cache hits and 204 partitioning cache hits
The partitioning cache has 0 tilings in it right now
The inferral cache has 56 tilings in it right now
There are 44 tilings in the search tree
Time taken so far is 1.1597380638122559 seconds

Doing depth 5
We had 4 inferral cache hits and 732 partitioning cache hits
The partitioning cache has 26 tilings in it right now
The inferral cache has 90 tilings in it right now
There are 74 tilings in the search tree
Time taken so far is 2.5640716552734375 seconds

Doing depth 6
We had 36 inferral cache hits and 2242 partitioning cache hits
The partitioning cache has 16 tilings in it right now
The inferral cache has 166 tilings in it right now
There are 134 tilings in the search tree
Time taken so far is 5.880947828292847 seconds

Now processing 0231_0312
Doing depth 1
We had 0 inferral cache hits and 0 partitioning cache hits
The partitioning cache has 0 tilings in it right now
The inferral cache has 5 tilings in it right now
There are 5 tilings in the search tree
Time taken so far is 0.016114234924316406 seconds

Doing depth 2
We had 0 inferral cache hits and 28 partitioning cache hits
The partitioning cache has 4 tilings in it right now
The inferral cache has 13 tilings in it right now
There are 15 tilings in the search tree
Time taken so far is 0.09802913665771484 seconds

Doing depth 3
We had 2 inferral cache hits and 122 partitioning cache hits
The partitioning cache has 2 tilings in it right now
The inferral cache has 34 tilings in it right now
There are 31 tilings in the search tree
Time taken so far is 0.39092493057250977 seconds

Doing depth 4
We had 2 inferral cache hits and 182 partitioning cache hits
The partitioning cache has 3 tilings in it right now
The inferral cache has 47 tilings in it right now
There are 40 tilings in the search tree
Time taken so far is 0.8172152042388916 seconds

Doing depth 5
We had 4 inferral cache hits and 707 partitioning cache hits
The partitioning cache has 27 tilings in it right now
The inferral cache has 88 tilings in it right now
There are 79 tilings in the search tree
Time taken so far is 2.806687116622925 seconds

Doing depth 6
We had 33 inferral cache hits and 2270 partitioning cache hits
The partitioning cache has 17 tilings in it right now
The inferral cache has 196 tilings in it right now
There are 164 tilings in the search tree
Time taken so far is 13.792726755142212 seconds

Now processing 0231_0321
Doing depth 1
We had 0 inferral cache hits and 0 partitioning cache hits
The partitioning cache has 0 tilings in it right now
The inferral cache has 5 tilings in it right now
There are 5 tilings in the search tree
Time taken so far is 0.014723539352416992 seconds

Doing depth 2
We had 0 inferral cache hits and 28 partitioning cache hits
The partitioning cache has 4 tilings in it right now
The inferral cache has 13 tilings in it right now
There are 15 tilings in the search tree
Time taken so far is 0.08818554878234863 seconds

Doing depth 3
We had 2 inferral cache hits and 122 partitioning cache hits
The partitioning cache has 2 tilings in it right now
The inferral cache has 33 tilings in it right now
There are 31 tilings in the search tree
Time taken so far is 0.3130495548248291 seconds

Doing depth 4
We had 2 inferral cache hits and 182 partitioning cache hits
The partitioning cache has 3 tilings in it right now
The inferral cache has 46 tilings in it right now
There are 40 tilings in the search tree
Time taken so far is 0.7194089889526367 seconds

Doing depth 5
We had 4 inferral cache hits and 725 partitioning cache hits
The partitioning cache has 27 tilings in it right now
The inferral cache has 87 tilings in it right now
There are 80 tilings in the search tree
Time taken so far is 2.5770301818847656 seconds

Doing depth 6
We had 34 inferral cache hits and 2317 partitioning cache hits
The partitioning cache has 17 tilings in it right now
The inferral cache has 190 tilings in it right now
There are 167 tilings in the search tree
Time taken so far is 12.424396276473999 seconds

Now processing 0231_1203
Doing depth 1
We had 0 inferral cache hits and 0 partitioning cache hits
The partitioning cache has 0 tilings in it right now
The inferral cache has 6 tilings in it right now
There are 5 tilings in the search tree
Time taken so far is 0.022855520248413086 seconds

Doing depth 2
We had 0 inferral cache hits and 26 partitioning cache hits
The partitioning cache has 4 tilings in it right now
The inferral cache has 14 tilings in it right now
There are 13 tilings in the search tree
Time taken so far is 0.10259532928466797 seconds

Doing depth 3
We had 2 inferral cache hits and 108 partitioning cache hits
The partitioning cache has 2 tilings in it right now
The inferral cache has 36 tilings in it right now
There are 27 tilings in the search tree
Time taken so far is 0.2481708526611328 seconds

Doing depth 4
We had 2 inferral cache hits and 160 partitioning cache hits
The partitioning cache has 1 tilings in it right now
The inferral cache has 51 tilings in it right now
There are 35 tilings in the search tree
Time taken so far is 0.38775062561035156 seconds

Doing depth 5
We had 4 inferral cache hits and 738 partitioning cache hits
The partitioning cache has 26 tilings in it right now
The inferral cache has 117 tilings in it right now
There are 79 tilings in the search tree
Time taken so far is 1.9265930652618408 seconds

Doing depth 6
We had 29 inferral cache hits and 2463 partitioning cache hits
The partitioning cache has 16 tilings in it right now
The inferral cache has 291 tilings in it right now
There are 174 tilings in the search tree
Time taken so far is 7.618385076522827 seconds

Now processing 0231_1230
Doing depth 1
We had 0 inferral cache hits and 0 partitioning cache hits
The partitioning cache has 0 tilings in it right now
The inferral cache has 5 tilings in it right now
There are 5 tilings in the search tree
Time taken so far is 0.028411149978637695 seconds

Doing depth 2
We had 0 inferral cache hits and 28 partitioning cache hits
The partitioning cache has 4 tilings in it right now
The inferral cache has 13 tilings in it right now
There are 15 tilings in the search tree
Time taken so far is 0.12364578247070312 seconds

Doing depth 3
We had 2 inferral cache hits and 122 partitioning cache hits
The partitioning cache has 2 tilings in it right now
The inferral cache has 33 tilings in it right now
There are 31 tilings in the search tree
Time taken so far is 0.40099334716796875 seconds

Doing depth 4
We had 2 inferral cache hits and 182 partitioning cache hits
The partitioning cache has 3 tilings in it right now
The inferral cache has 47 tilings in it right now
There are 40 tilings in the search tree
Time taken so far is 0.7668576240539551 seconds

Doing depth 5
We had 4 inferral cache hits and 718 partitioning cache hits
The partitioning cache has 24 tilings in it right now
The inferral cache has 83 tilings in it right now
There are 74 tilings in the search tree
Time taken so far is 2.3016226291656494 seconds

Doing depth 6
We had 26 inferral cache hits and 2070 partitioning cache hits
The partitioning cache has 17 tilings in it right now
The inferral cache has 160 tilings in it right now
There are 136 tilings in the search tree
Time taken so far is 8.45209288597107 seconds

Now processing 0231_2013
Doing depth 1
We had 0 inferral cache hits and 0 partitioning cache hits
The partitioning cache has 0 tilings in it right now
The inferral cache has 6 tilings in it right now
There are 5 tilings in the search tree
Time taken so far is 0.022719383239746094 seconds

Doing depth 2
We had 0 inferral cache hits and 26 partitioning cache hits
The partitioning cache has 4 tilings in it right now
The inferral cache has 14 tilings in it right now
There are 13 tilings in the search tree
Time taken so far is 0.10805296897888184 seconds

Doing depth 3
We had 2 inferral cache hits and 108 partitioning cache hits
The partitioning cache has 2 tilings in it right now
The inferral cache has 38 tilings in it right now
There are 27 tilings in the search tree
Time taken so far is 0.2605128288269043 seconds

Doing depth 4
We had 2 inferral cache hits and 160 partitioning cache hits
The partitioning cache has 0 tilings in it right now
The inferral cache has 54 tilings in it right now
There are 35 tilings in the search tree
Time taken so far is 0.40552568435668945 seconds

Doing depth 5
We had 4 inferral cache hits and 806 partitioning cache hits
The partitioning cache has 24 tilings in it right now
The inferral cache has 166 tilings in it right now
There are 89 tilings in the search tree
Time taken so far is 3.3876137733459473 seconds

Doing depth 6
We had 26 inferral cache hits and 2444 partitioning cache hits
The partitioning cache has 15 tilings in it right now
The inferral cache has 395 tilings in it right now
There are 181 tilings in the search tree
Time taken so far is 10.788201093673706 seconds

Now processing 0231_2031
Doing depth 1
We had 0 inferral cache hits and 0 partitioning cache hits
The partitioning cache has 0 tilings in it right now
The inferral cache has 5 tilings in it right now
There are 5 tilings in the search tree
Time taken so far is 0.010727643966674805 seconds

Doing depth 2
We had 0 inferral cache hits and 26 partitioning cache hits
The partitioning cache has 4 tilings in it right now
The inferral cache has 13 tilings in it right now
There are 13 tilings in the search tree
Time taken so far is 0.06697392463684082 seconds

Doing depth 3
We had 2 inferral cache hits and 108 partitioning cache hits
The partitioning cache has 2 tilings in it right now
The inferral cache has 32 tilings in it right now
There are 27 tilings in the search tree
Time taken so far is 0.2532665729522705 seconds

Doing depth 4
We had 2 inferral cache hits and 180 partitioning cache hits
The partitioning cache has 3 tilings in it right now
The inferral cache has 54 tilings in it right now
There are 39 tilings in the search tree
Time taken so far is 0.49239635467529297 seconds

Doing depth 5
We had 16 inferral cache hits and 2597 partitioning cache hits
The partitioning cache has 41 tilings in it right now
The inferral cache has 143 tilings in it right now
There are 140 tilings in the search tree
Time taken so far is 4.038843870162964 seconds

Doing depth 6
We had 128 inferral cache hits and 39085 partitioning cache hits
The partitioning cache has 91 tilings in it right now
The inferral cache has 466 tilings in it right now
There are 559 tilings in the search tree
Time taken so far is 38.59061121940613 seconds

Now processing 0231_2130
Doing depth 1
We had 0 inferral cache hits and 0 partitioning cache hits
The partitioning cache has 0 tilings in it right now
The inferral cache has 5 tilings in it right now
There are 5 tilings in the search tree
Time taken so far is 0.03021407127380371 seconds

Doing depth 2
We had 0 inferral cache hits and 28 partitioning cache hits
The partitioning cache has 4 tilings in it right now
The inferral cache has 13 tilings in it right now
There are 15 tilings in the search tree
Time taken so far is 0.1389179229736328 seconds

Doing depth 3
We had 2 inferral cache hits and 122 partitioning cache hits
The partitioning cache has 2 tilings in it right now
The inferral cache has 34 tilings in it right now
There are 31 tilings in the search tree
Time taken so far is 0.3579902648925781 seconds

Doing depth 4
We had 2 inferral cache hits and 192 partitioning cache hits
The partitioning cache has 3 tilings in it right now
The inferral cache has 52 tilings in it right now
There are 42 tilings in the search tree
Time taken so far is 0.8266236782073975 seconds

Doing depth 5
We had 14 inferral cache hits and 2458 partitioning cache hits
The partitioning cache has 39 tilings in it right now
The inferral cache has 133 tilings in it right now
There are 124 tilings in the search tree
Time taken so far is 3.606149196624756 seconds

Doing depth 6
We had 40 inferral cache hits and 3747 partitioning cache hits
The partitioning cache has 30 tilings in it right now
The inferral cache has 205 tilings in it right now
There are 179 tilings in the search tree
Time taken so far is 6.689533472061157 seconds

Now processing 0231_2301
Doing depth 1
We had 0 inferral cache hits and 0 partitioning cache hits
The partitioning cache has 0 tilings in it right now
The inferral cache has 5 tilings in it right now
There are 5 tilings in the search tree
Time taken so far is 0.012532711029052734 seconds

Doing depth 2
We had 0 inferral cache hits and 26 partitioning cache hits
The partitioning cache has 4 tilings in it right now
The inferral cache has 13 tilings in it right now
There are 13 tilings in the search tree
Time taken so far is 0.07526636123657227 seconds

Doing depth 3
We had 2 inferral cache hits and 108 partitioning cache hits
The partitioning cache has 2 tilings in it right now
The inferral cache has 32 tilings in it right now
There are 27 tilings in the search tree
Time taken so far is 0.24181270599365234 seconds

Doing depth 4
We had 2 inferral cache hits and 160 partitioning cache hits
The partitioning cache has 3 tilings in it right now
The inferral cache has 45 tilings in it right now
There are 35 tilings in the search tree
Time taken so far is 0.35524439811706543 seconds

Doing depth 5
We had 4 inferral cache hits and 676 partitioning cache hits
The partitioning cache has 26 tilings in it right now
The inferral cache has 95 tilings in it right now
There are 75 tilings in the search tree
Time taken so far is 1.3498830795288086 seconds

Doing depth 6
We had 37 inferral cache hits and 2611 partitioning cache hits
The partitioning cache has 23 tilings in it right now
The inferral cache has 207 tilings in it right now
There are 171 tilings in the search tree
Time taken so far is 5.1052985191345215 seconds

Now processing 0231_3012
Doing depth 1
We had 0 inferral cache hits and 0 partitioning cache hits
The partitioning cache has 0 tilings in it right now
The inferral cache has 6 tilings in it right now
There are 5 tilings in the search tree
Time taken so far is 0.01041269302368164 seconds

Doing depth 2
We had 0 inferral cache hits and 26 partitioning cache hits
The partitioning cache has 4 tilings in it right now
The inferral cache has 14 tilings in it right now
There are 13 tilings in the search tree
Time taken so far is 0.05947732925415039 seconds

Doing depth 3
We had 2 inferral cache hits and 108 partitioning cache hits
The partitioning cache has 2 tilings in it right now
The inferral cache has 37 tilings in it right now
There are 27 tilings in the search tree
Time taken so far is 0.1726841926574707 seconds

Doing depth 4
We had 2 inferral cache hits and 160 partitioning cache hits
The partitioning cache has 0 tilings in it right now
The inferral cache has 53 tilings in it right now
There are 35 tilings in the search tree
Time taken so far is 0.28391289710998535 seconds

Doing depth 5
We had 4 inferral cache hits and 687 partitioning cache hits
The partitioning cache has 25 tilings in it right now
The inferral cache has 106 tilings in it right now
There are 76 tilings in the search tree
Time taken so far is 1.5126299858093262 seconds

Doing depth 6
We had 33 inferral cache hits and 2956 partitioning cache hits
The partitioning cache has 25 tilings in it right now
The inferral cache has 267 tilings in it right now
There are 186 tilings in the search tree
Time taken so far is 9.40583872795105 seconds

Now processing 0321_1032
Doing depth 1
We had 0 inferral cache hits and 0 partitioning cache hits
The partitioning cache has 0 tilings in it right now
The inferral cache has 5 tilings in it right now
There are 5 tilings in the search tree
Time taken so far is 0.017827987670898438 seconds

Doing depth 2
We had 0 inferral cache hits and 26 partitioning cache hits
The partitioning cache has 4 tilings in it right now
The inferral cache has 13 tilings in it right now
There are 13 tilings in the search tree
Time taken so far is 0.0889739990234375 seconds

Doing depth 3
We had 2 inferral cache hits and 108 partitioning cache hits
The partitioning cache has 2 tilings in it right now
The inferral cache has 32 tilings in it right now
There are 27 tilings in the search tree
Time taken so far is 0.2221076488494873 seconds

Doing depth 4
We had 2 inferral cache hits and 160 partitioning cache hits
The partitioning cache has 2 tilings in it right now
The inferral cache has 46 tilings in it right now
There are 35 tilings in the search tree
Time taken so far is 0.351118803024292 seconds

Doing depth 5
We had 4 inferral cache hits and 673 partitioning cache hits
The partitioning cache has 27 tilings in it right now
The inferral cache has 86 tilings in it right now
There are 73 tilings in the search tree
Time taken so far is 1.8456943035125732 seconds

Doing depth 6
We had 36 inferral cache hits and 2054 partitioning cache hits
The partitioning cache has 18 tilings in it right now
The inferral cache has 160 tilings in it right now
There are 146 tilings in the search tree
Time taken so far is 6.9999003410339355 seconds

Now processing 0321_2103
Doing depth 1
We had 0 inferral cache hits and 0 partitioning cache hits
The partitioning cache has 0 tilings in it right now
The inferral cache has 6 tilings in it right now
There are 5 tilings in the search tree
Time taken so far is 0.02294182777404785 seconds

Doing depth 2
We had 0 inferral cache hits and 26 partitioning cache hits
The partitioning cache has 4 tilings in it right now
The inferral cache has 14 tilings in it right now
There are 13 tilings in the search tree
Time taken so far is 0.10946249961853027 seconds

Doing depth 3
We had 2 inferral cache hits and 108 partitioning cache hits
The partitioning cache has 2 tilings in it right now
The inferral cache has 36 tilings in it right now
There are 27 tilings in the search tree
Time taken so far is 0.32445430755615234 seconds

Doing depth 4
We had 2 inferral cache hits and 160 partitioning cache hits
The partitioning cache has 0 tilings in it right now
The inferral cache has 52 tilings in it right now
There are 35 tilings in the search tree
Time taken so far is 0.48981499671936035 seconds

Doing depth 5
We had 4 inferral cache hits and 674 partitioning cache hits
The partitioning cache has 26 tilings in it right now
The inferral cache has 92 tilings in it right now
There are 69 tilings in the search tree
Time taken so far is 1.7042169570922852 seconds

Doing depth 6
We had 28 inferral cache hits and 2011 partitioning cache hits
The partitioning cache has 17 tilings in it right now
The inferral cache has 190 tilings in it right now
There are 134 tilings in the search tree
Time taken so far is 4.908729076385498 seconds

Now processing 1032_1302
Doing depth 1
We had 0 inferral cache hits and 0 partitioning cache hits
The partitioning cache has 0 tilings in it right now
The inferral cache has 4 tilings in it right now
There are 5 tilings in the search tree
Time taken so far is 0.012782812118530273 seconds

Doing depth 2
We had 0 inferral cache hits and 26 partitioning cache hits
The partitioning cache has 4 tilings in it right now
The inferral cache has 12 tilings in it right now
There are 13 tilings in the search tree
Time taken so far is 0.0812215805053711 seconds

Doing depth 3
We had 2 inferral cache hits and 108 partitioning cache hits
The partitioning cache has 2 tilings in it right now
The inferral cache has 26 tilings in it right now
There are 27 tilings in the search tree
Time taken so far is 0.2415909767150879 seconds

Doing depth 4
We had 2 inferral cache hits and 160 partitioning cache hits
The partitioning cache has 6 tilings in it right now
The inferral cache has 36 tilings in it right now
There are 35 tilings in the search tree
Time taken so far is 0.3902573585510254 seconds

Doing depth 5
We had 4 inferral cache hits and 660 partitioning cache hits
The partitioning cache has 24 tilings in it right now
The inferral cache has 84 tilings in it right now
There are 77 tilings in the search tree
Time taken so far is 2.1534976959228516 seconds

Doing depth 6
We had 40 inferral cache hits and 1989 partitioning cache hits
The partitioning cache has 16 tilings in it right now
The inferral cache has 164 tilings in it right now
There are 156 tilings in the search tree
Time taken so far is 5.96254301071167 seconds

Now processing 1032_2301
Doing depth 1
We had 0 inferral cache hits and 0 partitioning cache hits
The partitioning cache has 0 tilings in it right now
The inferral cache has 4 tilings in it right now
There are 5 tilings in the search tree
Time taken so far is 0.009967803955078125 seconds

Doing depth 2
We had 0 inferral cache hits and 26 partitioning cache hits
The partitioning cache has 4 tilings in it right now
The inferral cache has 12 tilings in it right now
There are 13 tilings in the search tree
Time taken so far is 0.06978511810302734 seconds

Doing depth 3
We had 2 inferral cache hits and 108 partitioning cache hits
The partitioning cache has 2 tilings in it right now
The inferral cache has 26 tilings in it right now
There are 27 tilings in the search tree
Time taken so far is 0.21737360954284668 seconds

Doing depth 4
We had 2 inferral cache hits and 160 partitioning cache hits
The partitioning cache has 0 tilings in it right now
The inferral cache has 42 tilings in it right now
There are 35 tilings in the search tree
Time taken so far is 0.34569334983825684 seconds

Doing depth 5
We had 2 inferral cache hits and 672 partitioning cache hits
The partitioning cache has 32 tilings in it right now
The inferral cache has 88 tilings in it right now
There are 73 tilings in the search tree
Time taken so far is 1.359785556793213 seconds

Doing depth 6
We had 42 inferral cache hits and 3160 partitioning cache hits
The partitioning cache has 50 tilings in it right now
The inferral cache has 214 tilings in it right now
There are 182 tilings in the search tree
Time taken so far is 4.62556266784668 seconds

