/users/home/henningu/ATRAP/non-regular-insertion-encodable-bases/logs_length2
Now processing 0123_0132
Doing depth 1
We had 0 inferral cache hits and 14 partitioning cache hits
The partitioning cache has 0 tilings in it right now
The inferral cache has 10 tilings in it right now
There are 7 tilings in the search tree
Time taken so far is 0.0393366813659668 seconds

Doing depth 2
We had 4 inferral cache hits and 195 partitioning cache hits
The partitioning cache has 8 tilings in it right now
The inferral cache has 54 tilings in it right now
There are 34 tilings in the search tree
Time taken so far is 0.41460323333740234 seconds

Doing depth 3
We had 12 inferral cache hits and 1175 partitioning cache hits
The partitioning cache has 88 tilings in it right now
The inferral cache has 226 tilings in it right now
There are 168 tilings in the search tree
Time taken so far is 3.4719486236572266 seconds

Doing depth 4
We had 332 inferral cache hits and 6911 partitioning cache hits
The partitioning cache has 274 tilings in it right now
The inferral cache has 1284 tilings in it right now
There are 858 tilings in the search tree
Time taken so far is 34.646448850631714 seconds

Now processing 0123_0213
Doing depth 1
We had 0 inferral cache hits and 14 partitioning cache hits
The partitioning cache has 0 tilings in it right now
The inferral cache has 10 tilings in it right now
There are 7 tilings in the search tree
Time taken so far is 0.04405021667480469 seconds

Doing depth 2
We had 4 inferral cache hits and 195 partitioning cache hits
The partitioning cache has 8 tilings in it right now
The inferral cache has 54 tilings in it right now
There are 36 tilings in the search tree
Time taken so far is 0.3966500759124756 seconds

Doing depth 3
We had 12 inferral cache hits and 1215 partitioning cache hits
The partitioning cache has 86 tilings in it right now
The inferral cache has 244 tilings in it right now
There are 184 tilings in the search tree
Time taken so far is 3.6872475147247314 seconds

Doing depth 4
We had 364 inferral cache hits and 7929 partitioning cache hits
The partitioning cache has 315 tilings in it right now
The inferral cache has 1524 tilings in it right now
There are 1019 tilings in the search tree
Time taken so far is 42.3104612827301 seconds

Now processing 0123_0231
Doing depth 1
We had 0 inferral cache hits and 14 partitioning cache hits
The partitioning cache has 0 tilings in it right now
The inferral cache has 10 tilings in it right now
There are 7 tilings in the search tree
Time taken so far is 0.025651931762695312 seconds

Doing depth 2
We had 4 inferral cache hits and 195 partitioning cache hits
The partitioning cache has 8 tilings in it right now
The inferral cache has 57 tilings in it right now
There are 34 tilings in the search tree
Time taken so far is 0.34963321685791016 seconds

Doing depth 3
We had 12 inferral cache hits and 1235 partitioning cache hits
The partitioning cache has 88 tilings in it right now
The inferral cache has 258 tilings in it right now
There are 178 tilings in the search tree
Time taken so far is 3.7021453380584717 seconds

Doing depth 4
We had 346 inferral cache hits and 8802 partitioning cache hits
The partitioning cache has 394 tilings in it right now
The inferral cache has 1739 tilings in it right now
There are 1037 tilings in the search tree
Time taken so far is 46.18801975250244 seconds

Now processing 0123_1230
Doing depth 1
We had 0 inferral cache hits and 14 partitioning cache hits
The partitioning cache has 0 tilings in it right now
The inferral cache has 10 tilings in it right now
There are 7 tilings in the search tree
Time taken so far is 0.025218725204467773 seconds

Doing depth 2
We had 5 inferral cache hits and 191 partitioning cache hits
The partitioning cache has 8 tilings in it right now
The inferral cache has 51 tilings in it right now
There are 34 tilings in the search tree
Time taken so far is 0.3319272994995117 seconds

Doing depth 3
We had 13 inferral cache hits and 1171 partitioning cache hits
The partitioning cache has 88 tilings in it right now
The inferral cache has 217 tilings in it right now
There are 166 tilings in the search tree
Time taken so far is 3.2523891925811768 seconds

Doing depth 4
We had 331 inferral cache hits and 6933 partitioning cache hits
The partitioning cache has 289 tilings in it right now
The inferral cache has 1252 tilings in it right now
There are 797 tilings in the search tree
Time taken so far is 33.777127742767334 seconds

Now processing 0123_2301
Doing depth 1
We had 0 inferral cache hits and 14 partitioning cache hits
The partitioning cache has 0 tilings in it right now
The inferral cache has 10 tilings in it right now
There are 7 tilings in the search tree
Time taken so far is 0.021140098571777344 seconds

Doing depth 2
We had 4 inferral cache hits and 195 partitioning cache hits
The partitioning cache has 8 tilings in it right now
The inferral cache has 54 tilings in it right now
There are 31 tilings in the search tree
Time taken so far is 0.3240022659301758 seconds

Doing depth 3
We had 12 inferral cache hits and 1215 partitioning cache hits
The partitioning cache has 82 tilings in it right now
The inferral cache has 252 tilings in it right now
There are 167 tilings in the search tree
Time taken so far is 3.446737766265869 seconds

Doing depth 4
We had 316 inferral cache hits and 8145 partitioning cache hits
The partitioning cache has 316 tilings in it right now
The inferral cache has 1634 tilings in it right now
There are 908 tilings in the search tree
Time taken so far is 41.409610986709595 seconds

Now processing 0132_0213
Doing depth 1
We had 0 inferral cache hits and 14 partitioning cache hits
The partitioning cache has 0 tilings in it right now
The inferral cache has 10 tilings in it right now
There are 7 tilings in the search tree
Time taken so far is 0.03374814987182617 seconds

Doing depth 2
We had 4 inferral cache hits and 195 partitioning cache hits
The partitioning cache has 8 tilings in it right now
The inferral cache has 58 tilings in it right now
There are 34 tilings in the search tree
Time taken so far is 0.36487460136413574 seconds

Doing depth 3
We had 12 inferral cache hits and 1255 partitioning cache hits
The partitioning cache has 96 tilings in it right now
The inferral cache has 266 tilings in it right now
There are 184 tilings in the search tree
Time taken so far is 3.918513059616089 seconds

Doing depth 4
We had 387 inferral cache hits and 8833 partitioning cache hits
The partitioning cache has 402 tilings in it right now
The inferral cache has 1844 tilings in it right now
There are 1160 tilings in the search tree
Time taken so far is 48.904277324676514 seconds

Now processing 0132_0231
Doing depth 1
We had 0 inferral cache hits and 14 partitioning cache hits
The partitioning cache has 0 tilings in it right now
The inferral cache has 8 tilings in it right now
There are 7 tilings in the search tree
Time taken so far is 0.02483224868774414 seconds

Doing depth 2
We had 5 inferral cache hits and 191 partitioning cache hits
The partitioning cache has 11 tilings in it right now
The inferral cache has 50 tilings in it right now
There are 34 tilings in the search tree
Time taken so far is 0.3414115905761719 seconds

Doing depth 3
We had 13 inferral cache hits and 1254 partitioning cache hits
The partitioning cache has 101 tilings in it right now
The inferral cache has 242 tilings in it right now
There are 185 tilings in the search tree
Time taken so far is 3.9402902126312256 seconds

Doing depth 4
We had 398 inferral cache hits and 8887 partitioning cache hits
The partitioning cache has 470 tilings in it right now
The inferral cache has 1670 tilings in it right now
There are 1128 tilings in the search tree
Time taken so far is 49.946067810058594 seconds

Now processing 0132_0321
Doing depth 1
We had 0 inferral cache hits and 14 partitioning cache hits
The partitioning cache has 0 tilings in it right now
The inferral cache has 8 tilings in it right now
There are 7 tilings in the search tree
Time taken so far is 0.024542570114135742 seconds

Doing depth 2
We had 5 inferral cache hits and 191 partitioning cache hits
The partitioning cache has 10 tilings in it right now
The inferral cache has 51 tilings in it right now
There are 34 tilings in the search tree
Time taken so far is 0.333176851272583 seconds

Doing depth 3
We had 13 inferral cache hits and 1213 partitioning cache hits
The partitioning cache has 100 tilings in it right now
The inferral cache has 223 tilings in it right now
There are 174 tilings in the search tree
Time taken so far is 3.588282585144043 seconds

Doing depth 4
We had 371 inferral cache hits and 7775 partitioning cache hits
The partitioning cache has 417 tilings in it right now
The inferral cache has 1374 tilings in it right now
There are 932 tilings in the search tree
Time taken so far is 40.74703645706177 seconds

Now processing 0132_1023
Doing depth 1
We had 0 inferral cache hits and 14 partitioning cache hits
The partitioning cache has 0 tilings in it right now
The inferral cache has 10 tilings in it right now
There are 7 tilings in the search tree
Time taken so far is 0.02063465118408203 seconds

Doing depth 2
We had 4 inferral cache hits and 195 partitioning cache hits
The partitioning cache has 8 tilings in it right now
The inferral cache has 54 tilings in it right now
There are 31 tilings in the search tree
Time taken so far is 0.3263564109802246 seconds

Doing depth 3
We had 12 inferral cache hits and 1215 partitioning cache hits
The partitioning cache has 84 tilings in it right now
The inferral cache has 260 tilings in it right now
There are 168 tilings in the search tree
Time taken so far is 3.5270566940307617 seconds

Doing depth 4
We had 350 inferral cache hits and 8478 partitioning cache hits
The partitioning cache has 278 tilings in it right now
The inferral cache has 1910 tilings in it right now
There are 967 tilings in the search tree
Time taken so far is 44.383238554000854 seconds

Now processing 0132_1032
Doing depth 1
We had 0 inferral cache hits and 14 partitioning cache hits
The partitioning cache has 0 tilings in it right now
The inferral cache has 8 tilings in it right now
There are 7 tilings in the search tree
Time taken so far is 0.020802974700927734 seconds

Doing depth 2
We had 5 inferral cache hits and 191 partitioning cache hits
The partitioning cache has 8 tilings in it right now
The inferral cache has 53 tilings in it right now
There are 31 tilings in the search tree
Time taken so far is 0.3249640464782715 seconds

Doing depth 3
We had 13 inferral cache hits and 1251 partitioning cache hits
The partitioning cache has 97 tilings in it right now
The inferral cache has 257 tilings in it right now
There are 175 tilings in the search tree
Time taken so far is 3.8975720405578613 seconds

Doing depth 4
We had 364 inferral cache hits and 9134 partitioning cache hits
The partitioning cache has 460 tilings in it right now
The inferral cache has 1853 tilings in it right now
There are 1113 tilings in the search tree
Time taken so far is 49.97280812263489 seconds

Now processing 0132_1203
Doing depth 1
We had 0 inferral cache hits and 14 partitioning cache hits
The partitioning cache has 0 tilings in it right now
The inferral cache has 10 tilings in it right now
There are 7 tilings in the search tree
Time taken so far is 0.027988195419311523 seconds

Doing depth 2
We had 4 inferral cache hits and 195 partitioning cache hits
The partitioning cache has 8 tilings in it right now
The inferral cache has 59 tilings in it right now
There are 31 tilings in the search tree
Time taken so far is 0.36419010162353516 seconds

Doing depth 3
We had 12 inferral cache hits and 1275 partitioning cache hits
The partitioning cache has 93 tilings in it right now
The inferral cache has 289 tilings in it right now
There are 179 tilings in the search tree
Time taken so far is 4.054385662078857 seconds

Doing depth 4
We had 413 inferral cache hits and 10455 partitioning cache hits
The partitioning cache has 454 tilings in it right now
The inferral cache has 2407 tilings in it right now
There are 1270 tilings in the search tree
Time taken so far is 60.26981997489929 seconds

Now processing 0132_1230
Doing depth 1
We had 0 inferral cache hits and 14 partitioning cache hits
The partitioning cache has 0 tilings in it right now
The inferral cache has 9 tilings in it right now
There are 7 tilings in the search tree
Time taken so far is 0.03392362594604492 seconds

Doing depth 2
We had 4 inferral cache hits and 195 partitioning cache hits
The partitioning cache has 7 tilings in it right now
The inferral cache has 55 tilings in it right now
There are 33 tilings in the search tree
Time taken so far is 0.35428476333618164 seconds

Doing depth 3
We had 11 inferral cache hits and 1219 partitioning cache hits
The partitioning cache has 87 tilings in it right now
The inferral cache has 247 tilings in it right now
There are 171 tilings in the search tree
Time taken so far is 3.527585744857788 seconds

Doing depth 4
We had 341 inferral cache hits and 8019 partitioning cache hits
The partitioning cache has 336 tilings in it right now
The inferral cache has 1592 tilings in it right now
There are 928 tilings in the search tree
Time taken so far is 40.7474639415741 seconds

Now processing 0132_1320
Doing depth 1
We had 0 inferral cache hits and 14 partitioning cache hits
The partitioning cache has 0 tilings in it right now
The inferral cache has 9 tilings in it right now
There are 7 tilings in the search tree
Time taken so far is 0.030818939208984375 seconds

Doing depth 2
We had 4 inferral cache hits and 195 partitioning cache hits
The partitioning cache has 9 tilings in it right now
The inferral cache has 54 tilings in it right now
There are 33 tilings in the search tree
Time taken so far is 0.3643193244934082 seconds

Doing depth 3
We had 12 inferral cache hits and 1276 partitioning cache hits
The partitioning cache has 94 tilings in it right now
The inferral cache has 265 tilings in it right now
There are 183 tilings in the search tree
Time taken so far is 3.9885809421539307 seconds

Doing depth 4
We had 380 inferral cache hits and 10172 partitioning cache hits
The partitioning cache has 463 tilings in it right now
The inferral cache has 2093 tilings in it right now
There are 1191 tilings in the search tree
Time taken so far is 57.79340672492981 seconds

Now processing 0132_2301
Doing depth 1
We had 0 inferral cache hits and 14 partitioning cache hits
The partitioning cache has 0 tilings in it right now
The inferral cache has 8 tilings in it right now
There are 7 tilings in the search tree
Time taken so far is 0.0319828987121582 seconds

Doing depth 2
We had 5 inferral cache hits and 191 partitioning cache hits
The partitioning cache has 8 tilings in it right now
The inferral cache has 53 tilings in it right now
There are 31 tilings in the search tree
Time taken so far is 0.34825634956359863 seconds

Doing depth 3
We had 13 inferral cache hits and 1251 partitioning cache hits
The partitioning cache has 83 tilings in it right now
The inferral cache has 272 tilings in it right now
There are 175 tilings in the search tree
Time taken so far is 3.903578519821167 seconds

Doing depth 4
We had 367 inferral cache hits and 9405 partitioning cache hits
The partitioning cache has 410 tilings in it right now
The inferral cache has 2033 tilings in it right now
There are 1072 tilings in the search tree
Time taken so far is 49.22658038139343 seconds

Now processing 0132_3120
Doing depth 1
We had 0 inferral cache hits and 14 partitioning cache hits
The partitioning cache has 0 tilings in it right now
The inferral cache has 10 tilings in it right now
There are 7 tilings in the search tree
Time taken so far is 0.03486204147338867 seconds

Doing depth 2
We had 4 inferral cache hits and 195 partitioning cache hits
The partitioning cache has 8 tilings in it right now
The inferral cache has 58 tilings in it right now
There are 34 tilings in the search tree
Time taken so far is 0.3591330051422119 seconds

Doing depth 3
We had 12 inferral cache hits and 1255 partitioning cache hits
The partitioning cache has 90 tilings in it right now
The inferral cache has 276 tilings in it right now
There are 182 tilings in the search tree
Time taken so far is 3.7508816719055176 seconds

Doing depth 4
We had 339 inferral cache hits and 9333 partitioning cache hits
The partitioning cache has 418 tilings in it right now
The inferral cache has 2052 tilings in it right now
There are 1089 tilings in the search tree
Time taken so far is 50.71694827079773 seconds

Now processing 0213_0231
Doing depth 1
We had 0 inferral cache hits and 14 partitioning cache hits
The partitioning cache has 0 tilings in it right now
The inferral cache has 10 tilings in it right now
There are 7 tilings in the search tree
Time taken so far is 0.025572538375854492 seconds

Doing depth 2
We had 4 inferral cache hits and 195 partitioning cache hits
The partitioning cache has 8 tilings in it right now
The inferral cache has 58 tilings in it right now
There are 34 tilings in the search tree
Time taken so far is 0.3658003807067871 seconds

Doing depth 3
We had 12 inferral cache hits and 1295 partitioning cache hits
The partitioning cache has 91 tilings in it right now
The inferral cache has 279 tilings in it right now
There are 202 tilings in the search tree
Time taken so far is 4.311948537826538 seconds

Doing depth 4
We had 381 inferral cache hits and 10180 partitioning cache hits
The partitioning cache has 437 tilings in it right now
The inferral cache has 2141 tilings in it right now
There are 1396 tilings in the search tree
Time taken so far is 62.411320209503174 seconds

Now processing 0213_0321
Doing depth 1
We had 0 inferral cache hits and 14 partitioning cache hits
The partitioning cache has 0 tilings in it right now
The inferral cache has 10 tilings in it right now
There are 7 tilings in the search tree
Time taken so far is 0.03302478790283203 seconds

Doing depth 2
We had 4 inferral cache hits and 195 partitioning cache hits
The partitioning cache has 8 tilings in it right now
The inferral cache has 56 tilings in it right now
There are 34 tilings in the search tree
Time taken so far is 0.36589813232421875 seconds

Doing depth 3
We had 12 inferral cache hits and 1255 partitioning cache hits
The partitioning cache has 97 tilings in it right now
The inferral cache has 255 tilings in it right now
There are 182 tilings in the search tree
Time taken so far is 3.78823184967041 seconds

Doing depth 4
We had 388 inferral cache hits and 9000 partitioning cache hits
The partitioning cache has 431 tilings in it right now
The inferral cache has 1757 tilings in it right now
There are 1111 tilings in the search tree
Time taken so far is 48.91104483604431 seconds

Now processing 0213_1032
Doing depth 1
We had 0 inferral cache hits and 14 partitioning cache hits
The partitioning cache has 0 tilings in it right now
The inferral cache has 10 tilings in it right now
There are 7 tilings in the search tree
Time taken so far is 0.020899295806884766 seconds

Doing depth 2
We had 4 inferral cache hits and 195 partitioning cache hits
The partitioning cache has 8 tilings in it right now
The inferral cache has 54 tilings in it right now
There are 31 tilings in the search tree
Time taken so far is 0.3332223892211914 seconds

Doing depth 3
We had 12 inferral cache hits and 1295 partitioning cache hits
The partitioning cache has 86 tilings in it right now
The inferral cache has 276 tilings in it right now
There are 185 tilings in the search tree
Time taken so far is 4.104427099227905 seconds

Doing depth 4
We had 408 inferral cache hits and 10969 partitioning cache hits
The partitioning cache has 386 tilings in it right now
The inferral cache has 2354 tilings in it right now
There are 1316 tilings in the search tree
Time taken so far is 62.3547739982605 seconds

Now processing 0213_1230
Doing depth 1
We had 0 inferral cache hits and 14 partitioning cache hits
The partitioning cache has 0 tilings in it right now
The inferral cache has 10 tilings in it right now
There are 7 tilings in the search tree
Time taken so far is 0.024287700653076172 seconds

Doing depth 2
We had 4 inferral cache hits and 195 partitioning cache hits
The partitioning cache has 8 tilings in it right now
The inferral cache has 54 tilings in it right now
There are 34 tilings in the search tree
Time taken so far is 0.3351144790649414 seconds

Doing depth 3
We had 12 inferral cache hits and 1255 partitioning cache hits
The partitioning cache has 90 tilings in it right now
The inferral cache has 262 tilings in it right now
There are 182 tilings in the search tree
Time taken so far is 3.906508684158325 seconds

Doing depth 4
We had 386 inferral cache hits and 10045 partitioning cache hits
The partitioning cache has 386 tilings in it right now
The inferral cache has 2171 tilings in it right now
There are 1158 tilings in the search tree
Time taken so far is 55.10555553436279 seconds

Now processing 0213_1320
Doing depth 1
We had 0 inferral cache hits and 14 partitioning cache hits
The partitioning cache has 0 tilings in it right now
The inferral cache has 10 tilings in it right now
There are 7 tilings in the search tree
Time taken so far is 0.04179692268371582 seconds

Doing depth 2
We had 4 inferral cache hits and 195 partitioning cache hits
The partitioning cache has 8 tilings in it right now
The inferral cache has 57 tilings in it right now
There are 34 tilings in the search tree
Time taken so far is 0.38326382637023926 seconds

Doing depth 3
We had 12 inferral cache hits and 1315 partitioning cache hits
The partitioning cache has 94 tilings in it right now
The inferral cache has 296 tilings in it right now
There are 194 tilings in the search tree
Time taken so far is 4.325831174850464 seconds

Doing depth 4
We had 419 inferral cache hits and 11559 partitioning cache hits
The partitioning cache has 516 tilings in it right now
The inferral cache has 2623 tilings in it right now
There are 1422 tilings in the search tree
Time taken so far is 70.42780470848083 seconds

Now processing 0213_2301
Doing depth 1
We had 0 inferral cache hits and 14 partitioning cache hits
The partitioning cache has 0 tilings in it right now
The inferral cache has 10 tilings in it right now
There are 7 tilings in the search tree
Time taken so far is 0.026288509368896484 seconds

Doing depth 2
We had 4 inferral cache hits and 195 partitioning cache hits
The partitioning cache has 8 tilings in it right now
The inferral cache has 58 tilings in it right now
There are 31 tilings in the search tree
Time taken so far is 0.340423583984375 seconds

Doing depth 3
We had 12 inferral cache hits and 1295 partitioning cache hits
The partitioning cache has 82 tilings in it right now
The inferral cache has 292 tilings in it right now
There are 183 tilings in the search tree
Time taken so far is 3.9862723350524902 seconds

Doing depth 4
We had 346 inferral cache hits and 11136 partitioning cache hits
The partitioning cache has 438 tilings in it right now
The inferral cache has 2460 tilings in it right now
There are 1286 tilings in the search tree
Time taken so far is 61.12454867362976 seconds

Now processing 0213_3120
Doing depth 1
We had 0 inferral cache hits and 14 partitioning cache hits
The partitioning cache has 0 tilings in it right now
The inferral cache has 10 tilings in it right now
There are 7 tilings in the search tree
Time taken so far is 0.0527806282043457 seconds

Doing depth 2
We had 4 inferral cache hits and 195 partitioning cache hits
The partitioning cache has 8 tilings in it right now
The inferral cache has 58 tilings in it right now
There are 36 tilings in the search tree
Time taken so far is 0.4323723316192627 seconds

Doing depth 3
We had 12 inferral cache hits and 1295 partitioning cache hits
The partitioning cache has 100 tilings in it right now
The inferral cache has 282 tilings in it right now
There are 196 tilings in the search tree
Time taken so far is 4.111260414123535 seconds

Doing depth 4
We had 421 inferral cache hits and 10790 partitioning cache hits
The partitioning cache has 516 tilings in it right now
The inferral cache has 2462 tilings in it right now
There are 1300 tilings in the search tree
Time taken so far is 62.61265206336975 seconds

Now processing 0231_0312
Doing depth 1
We had 0 inferral cache hits and 14 partitioning cache hits
The partitioning cache has 0 tilings in it right now
The inferral cache has 8 tilings in it right now
There are 7 tilings in the search tree
Time taken so far is 0.024805545806884766 seconds

Doing depth 2
We had 5 inferral cache hits and 191 partitioning cache hits
The partitioning cache has 10 tilings in it right now
The inferral cache has 55 tilings in it right now
There are 34 tilings in the search tree
Time taken so far is 0.44661402702331543 seconds

Doing depth 3
We had 13 inferral cache hits and 1333 partitioning cache hits
The partitioning cache has 110 tilings in it right now
The inferral cache has 284 tilings in it right now
There are 200 tilings in the search tree
Time taken so far is 4.550547361373901 seconds

Doing depth 4
We had 499 inferral cache hits and 11296 partitioning cache hits
The partitioning cache has 653 tilings in it right now
The inferral cache has 2342 tilings in it right now
There are 1464 tilings in the search tree
Time taken so far is 68.76850056648254 seconds

Now processing 0231_0321
Doing depth 1
We had 0 inferral cache hits and 14 partitioning cache hits
The partitioning cache has 0 tilings in it right now
The inferral cache has 8 tilings in it right now
There are 7 tilings in the search tree
Time taken so far is 0.0308840274810791 seconds

Doing depth 2
We had 5 inferral cache hits and 191 partitioning cache hits
The partitioning cache has 10 tilings in it right now
The inferral cache has 51 tilings in it right now
There are 34 tilings in the search tree
Time taken so far is 0.37729954719543457 seconds

Doing depth 3
We had 13 inferral cache hits and 1273 partitioning cache hits
The partitioning cache has 103 tilings in it right now
The inferral cache has 249 tilings in it right now
There are 189 tilings in the search tree
Time taken so far is 4.3088908195495605 seconds

Doing depth 4
We had 430 inferral cache hits and 9477 partitioning cache hits
The partitioning cache has 517 tilings in it right now
The inferral cache has 1768 tilings in it right now
There are 1202 tilings in the search tree
Time taken so far is 55.972622871398926 seconds

Now processing 0231_1203
Doing depth 1
We had 0 inferral cache hits and 14 partitioning cache hits
The partitioning cache has 0 tilings in it right now
The inferral cache has 10 tilings in it right now
There are 7 tilings in the search tree
Time taken so far is 0.02069711685180664 seconds

Doing depth 2
We had 4 inferral cache hits and 195 partitioning cache hits
The partitioning cache has 8 tilings in it right now
The inferral cache has 62 tilings in it right now
There are 31 tilings in the search tree
Time taken so far is 0.33391761779785156 seconds

Doing depth 3
We had 12 inferral cache hits and 1335 partitioning cache hits
The partitioning cache has 90 tilings in it right now
The inferral cache has 309 tilings in it right now
There are 191 tilings in the search tree
Time taken so far is 4.375429630279541 seconds

Doing depth 4
We had 410 inferral cache hits and 12698 partitioning cache hits
The partitioning cache has 533 tilings in it right now
The inferral cache has 2911 tilings in it right now
There are 1590 tilings in the search tree
Time taken so far is 83.49750876426697 seconds

Now processing 0231_1230
Doing depth 1
We had 0 inferral cache hits and 14 partitioning cache hits
The partitioning cache has 0 tilings in it right now
The inferral cache has 9 tilings in it right now
There are 7 tilings in the search tree
Time taken so far is 0.022803306579589844 seconds

Doing depth 2
We had 4 inferral cache hits and 195 partitioning cache hits
The partitioning cache has 8 tilings in it right now
The inferral cache has 54 tilings in it right now
There are 33 tilings in the search tree
Time taken so far is 0.33988523483276367 seconds

Doing depth 3
We had 12 inferral cache hits and 1255 partitioning cache hits
The partitioning cache has 94 tilings in it right now
The inferral cache has 252 tilings in it right now
There are 182 tilings in the search tree
Time taken so far is 4.016646146774292 seconds

Doing depth 4
We had 386 inferral cache hits and 9373 partitioning cache hits
The partitioning cache has 452 tilings in it right now
The inferral cache has 1794 tilings in it right now
There are 1172 tilings in the search tree
Time taken so far is 52.585307121276855 seconds

Now processing 0231_1302
Doing depth 1
We had 0 inferral cache hits and 14 partitioning cache hits
The partitioning cache has 0 tilings in it right now
The inferral cache has 8 tilings in it right now
There are 7 tilings in the search tree
Time taken so far is 0.020511150360107422 seconds

Doing depth 2
We had 5 inferral cache hits and 191 partitioning cache hits
The partitioning cache has 8 tilings in it right now
The inferral cache has 57 tilings in it right now
There are 31 tilings in the search tree
Time taken so far is 0.3325459957122803 seconds

Doing depth 3
We had 13 inferral cache hits and 1471 partitioning cache hits
The partitioning cache has 101 tilings in it right now
The inferral cache has 350 tilings in it right now
There are 219 tilings in the search tree
Time taken so far is 5.36779522895813 seconds

Doing depth 4
We had 607 inferral cache hits and 17495 partitioning cache hits
The partitioning cache has 810 tilings in it right now
The inferral cache has 4058 tilings in it right now
There are 2181 tilings in the search tree
Time taken so far is 117.02341938018799 seconds

Now processing 0231_2013
Doing depth 1
We had 0 inferral cache hits and 14 partitioning cache hits
The partitioning cache has 0 tilings in it right now
The inferral cache has 10 tilings in it right now
There are 7 tilings in the search tree
Time taken so far is 0.02162909507751465 seconds

Doing depth 2
We had 4 inferral cache hits and 195 partitioning cache hits
The partitioning cache has 8 tilings in it right now
The inferral cache has 62 tilings in it right now
There are 31 tilings in the search tree
Time taken so far is 0.34230804443359375 seconds

Doing depth 3
We had 12 inferral cache hits and 1335 partitioning cache hits
The partitioning cache has 88 tilings in it right now
The inferral cache has 324 tilings in it right now
There are 191 tilings in the search tree
Time taken so far is 4.294560194015503 seconds

Doing depth 4
We had 447 inferral cache hits and 13030 partitioning cache hits
The partitioning cache has 525 tilings in it right now
The inferral cache has 3093 tilings in it right now
There are 1699 tilings in the search tree
Time taken so far is 78.21850943565369 seconds

Now processing 0231_2031
Doing depth 1
We had 0 inferral cache hits and 14 partitioning cache hits
The partitioning cache has 0 tilings in it right now
The inferral cache has 8 tilings in it right now
There are 7 tilings in the search tree
Time taken so far is 0.026024341583251953 seconds

Doing depth 2
We had 5 inferral cache hits and 191 partitioning cache hits
The partitioning cache has 9 tilings in it right now
The inferral cache has 55 tilings in it right now
There are 31 tilings in the search tree
Time taken so far is 0.33806300163269043 seconds

Doing depth 3
We had 13 inferral cache hits and 1432 partitioning cache hits
The partitioning cache has 101 tilings in it right now
The inferral cache has 338 tilings in it right now
There are 219 tilings in the search tree
Time taken so far is 5.05976414680481 seconds

Doing depth 4
We had 516 inferral cache hits and 15174 partitioning cache hits
The partitioning cache has 799 tilings in it right now
The inferral cache has 3361 tilings in it right now
There are 1993 tilings in the search tree
Time taken so far is 99.50525546073914 seconds

Now processing 0231_2130
Doing depth 1
We had 0 inferral cache hits and 14 partitioning cache hits
The partitioning cache has 0 tilings in it right now
The inferral cache has 9 tilings in it right now
There are 7 tilings in the search tree
Time taken so far is 0.02295088768005371 seconds

Doing depth 2
We had 4 inferral cache hits and 195 partitioning cache hits
The partitioning cache has 8 tilings in it right now
The inferral cache has 59 tilings in it right now
There are 33 tilings in the search tree
Time taken so far is 0.33690404891967773 seconds

Doing depth 3
We had 12 inferral cache hits and 1335 partitioning cache hits
The partitioning cache has 94 tilings in it right now
The inferral cache has 313 tilings in it right now
There are 195 tilings in the search tree
Time taken so far is 4.389688014984131 seconds

Doing depth 4
We had 456 inferral cache hits and 12597 partitioning cache hits
The partitioning cache has 592 tilings in it right now
The inferral cache has 2895 tilings in it right now
There are 1538 tilings in the search tree
Time taken so far is 74.66489791870117 seconds

Now processing 0231_2301
Doing depth 1
We had 0 inferral cache hits and 14 partitioning cache hits
The partitioning cache has 0 tilings in it right now
The inferral cache has 8 tilings in it right now
There are 7 tilings in the search tree
Time taken so far is 0.02103567123413086 seconds

Doing depth 2
We had 5 inferral cache hits and 191 partitioning cache hits
The partitioning cache has 7 tilings in it right now
The inferral cache has 54 tilings in it right now
There are 31 tilings in the search tree
Time taken so far is 0.33532071113586426 seconds

Doing depth 3
We had 12 inferral cache hits and 1315 partitioning cache hits
The partitioning cache has 91 tilings in it right now
The inferral cache has 287 tilings in it right now
There are 187 tilings in the search tree
Time taken so far is 4.37463116645813 seconds

Doing depth 4
We had 386 inferral cache hits and 11088 partitioning cache hits
The partitioning cache has 536 tilings in it right now
The inferral cache has 2250 tilings in it right now
There are 1303 tilings in the search tree
Time taken so far is 63.376749753952026 seconds

Now processing 0231_3012
Doing depth 1
We had 0 inferral cache hits and 14 partitioning cache hits
The partitioning cache has 0 tilings in it right now
The inferral cache has 9 tilings in it right now
There are 7 tilings in the search tree
Time taken so far is 0.02268195152282715 seconds

Doing depth 2
We had 4 inferral cache hits and 195 partitioning cache hits
The partitioning cache has 8 tilings in it right now
The inferral cache has 57 tilings in it right now
There are 33 tilings in the search tree
Time taken so far is 0.3353893756866455 seconds

Doing depth 3
We had 12 inferral cache hits and 1275 partitioning cache hits
The partitioning cache has 92 tilings in it right now
The inferral cache has 278 tilings in it right now
There are 184 tilings in the search tree
Time taken so far is 3.918442964553833 seconds

Doing depth 4
We had 414 inferral cache hits and 10176 partitioning cache hits
The partitioning cache has 447 tilings in it right now
The inferral cache has 2247 tilings in it right now
There are 1202 tilings in the search tree
Time taken so far is 57.20663046836853 seconds

Now processing 0321_1032
Doing depth 1
We had 0 inferral cache hits and 14 partitioning cache hits
The partitioning cache has 0 tilings in it right now
The inferral cache has 8 tilings in it right now
There are 7 tilings in the search tree
Time taken so far is 0.020303010940551758 seconds

Doing depth 2
We had 5 inferral cache hits and 191 partitioning cache hits
The partitioning cache has 8 tilings in it right now
The inferral cache has 53 tilings in it right now
There are 31 tilings in the search tree
Time taken so far is 0.3249990940093994 seconds

Doing depth 3
We had 13 inferral cache hits and 1251 partitioning cache hits
The partitioning cache has 98 tilings in it right now
The inferral cache has 243 tilings in it right now
There are 175 tilings in the search tree
Time taken so far is 3.816039800643921 seconds

Doing depth 4
We had 419 inferral cache hits and 8585 partitioning cache hits
The partitioning cache has 457 tilings in it right now
The inferral cache has 1574 tilings in it right now
There are 1033 tilings in the search tree
Time taken so far is 46.371936559677124 seconds

Now processing 0321_2103
Doing depth 1
We had 0 inferral cache hits and 14 partitioning cache hits
The partitioning cache has 0 tilings in it right now
The inferral cache has 10 tilings in it right now
There are 7 tilings in the search tree
Time taken so far is 0.020906448364257812 seconds

Doing depth 2
We had 4 inferral cache hits and 195 partitioning cache hits
The partitioning cache has 8 tilings in it right now
The inferral cache has 54 tilings in it right now
There are 31 tilings in the search tree
Time taken so far is 0.32545995712280273 seconds

Doing depth 3
We had 12 inferral cache hits and 1215 partitioning cache hits
The partitioning cache has 96 tilings in it right now
The inferral cache has 238 tilings in it right now
There are 167 tilings in the search tree
Time taken so far is 3.5549280643463135 seconds

Doing depth 4
We had 345 inferral cache hits and 7970 partitioning cache hits
The partitioning cache has 361 tilings in it right now
The inferral cache has 1536 tilings in it right now
There are 915 tilings in the search tree
Time taken so far is 42.87651586532593 seconds

Now processing 1032_1302
Doing depth 1
We had 0 inferral cache hits and 14 partitioning cache hits
The partitioning cache has 0 tilings in it right now
The inferral cache has 6 tilings in it right now
There are 7 tilings in the search tree
Time taken so far is 0.019753456115722656 seconds

Doing depth 2
We had 8 inferral cache hits and 179 partitioning cache hits
The partitioning cache has 10 tilings in it right now
The inferral cache has 46 tilings in it right now
There are 31 tilings in the search tree
Time taken so far is 0.3014044761657715 seconds

Doing depth 3
We had 16 inferral cache hits and 1401 partitioning cache hits
The partitioning cache has 120 tilings in it right now
The inferral cache has 282 tilings in it right now
There are 207 tilings in the search tree
Time taken so far is 4.887805700302124 seconds

Doing depth 4
We had 618 inferral cache hits and 13169 partitioning cache hits
The partitioning cache has 906 tilings in it right now
The inferral cache has 2501 tilings in it right now
There are 1676 tilings in the search tree
Time taken so far is 81.04488492012024 seconds

Now processing 1032_2301
Doing depth 1
We had 0 inferral cache hits and 14 partitioning cache hits
The partitioning cache has 0 tilings in it right now
The inferral cache has 6 tilings in it right now
There are 7 tilings in the search tree
Time taken so far is 0.0193479061126709 seconds

Doing depth 2
We had 8 inferral cache hits and 179 partitioning cache hits
The partitioning cache has 8 tilings in it right now
The inferral cache has 50 tilings in it right now
There are 31 tilings in the search tree
Time taken so far is 0.289276123046875 seconds

Doing depth 3
We had 16 inferral cache hits and 1279 partitioning cache hits
The partitioning cache has 92 tilings in it right now
The inferral cache has 266 tilings in it right now
There are 183 tilings in the search tree
Time taken so far is 3.8796896934509277 seconds

Doing depth 4
We had 439 inferral cache hits and 10370 partitioning cache hits
The partitioning cache has 520 tilings in it right now
The inferral cache has 2130 tilings in it right now
There are 1214 tilings in the search tree
Time taken so far is 55.08171105384827 seconds

