/users/home/henningu/ATRAP/non-regular-insertion-encodable-bases/logs5
-----------------------------------------------------------------
Now processing 0123_0132_0213_1203_3012

Attempt 0 with the following strategies:
Batch: all_cell_insertions, all_row_placements, all_column_placements, all_321_boundaries
Equivalent: all_equivalent_row_placements, all_equivalent_column_placements
Inferral: empty_cell_inferral, row_and_column_separation, subclass_inferral
Recursive: components, reversibly_deletable_cells
Verification: subset_verified, is_empty
Doing depth 1
Doing depth 2
Doing depth 3
Doing depth 4
Ran out of time, without finding a proof tree

Attempt 1 with the following strategies:
Batch: all_cell_insertions, all_row_placements, all_column_placements, all_321_boundaries
Equivalent: all_equivalent_row_placements, all_equivalent_column_placements
Inferral: empty_cell_inferral, row_and_column_separation, subclass_inferral
Recursive: splittings
Verification: subset_verified, is_empty
Doing depth 1
Doing depth 2
Doing depth 3
Ran out of time, without finding a proof tree

Attempt 2 with the following strategies:
Batch: all_cell_insertions, all_321_boundaries
Equivalent: all_point_placements
Inferral: empty_cell_inferral, row_and_column_separation, subclass_inferral
Recursive: components, reversibly_deletable_cells
Verification: subset_verified, is_empty
Doing depth 1
Doing depth 2
Doing depth 3
Doing depth 4
Ran out of time, without finding a proof tree

Attempt 3 with the following strategies:
Batch: all_cell_insertions, all_321_boundaries
Equivalent: all_point_placements
Inferral: empty_cell_inferral, row_and_column_separation, subclass_inferral
Recursive: splittings
Verification: subset_verified, is_empty
Doing depth 1
Doing depth 2
Doing depth 3
Ran out of time, without finding a proof tree

Attempt 4 with the following strategies:
Batch: all_cell_insertions, all_lrm_and_rlm_placements
Equivalent: all_point_placements
Inferral: empty_cell_inferral, row_and_column_separation, subclass_inferral
Recursive: components, reversibly_deletable_cells
Verification: subset_verified, is_empty
Doing depth 1
Doing depth 2
Doing depth 3
Doing depth 4
Doing depth 5
Ran out of time, without finding a proof tree

Attempt 5 with the following strategies:
Batch: all_cell_insertions, all_lrm_and_rlm_placements
Equivalent: all_point_placements
Inferral: empty_cell_inferral, row_and_column_separation, subclass_inferral
Recursive: splittings
Verification: subset_verified, is_empty
Doing depth 1
Doing depth 2
Doing depth 3
Doing depth 4
Doing depth 5
Ran out of time, without finding a proof tree

Attempt 6 with the following strategies:
Batch: all_cell_insertions, all_row_placements, all_column_placements, all_lrm_and_rlm_placements
Equivalent: all_equivalent_row_placements, all_equivalent_column_placements
Inferral: empty_cell_inferral, row_and_column_separation, subclass_inferral
Recursive: components, reversibly_deletable_cells
Verification: subset_verified, is_empty
Doing depth 1
Doing depth 2
Doing depth 3
Doing depth 4
Doing depth 5
Ran out of time, without finding a proof tree

Attempt 7 with the following strategies:
Batch: all_cell_insertions, all_row_placements, all_column_placements, all_lrm_and_rlm_placements
Equivalent: all_equivalent_row_placements, all_equivalent_column_placements
Inferral: empty_cell_inferral, row_and_column_separation, subclass_inferral
Recursive: splittings
Verification: subset_verified, is_empty
Doing depth 1
Doing depth 2
Doing depth 3
Doing depth 4
Doing depth 5
Ran out of time, without finding a proof tree

Attempt 8 with the following strategies:
Batch: all_cell_insertions
Equivalent: all_point_placements
Inferral: empty_cell_inferral, row_and_column_separation, subclass_inferral
Recursive: components, reversibly_deletable_cells
Verification: subset_verified, is_empty
Doing depth 1
Doing depth 2
Doing depth 3
Doing depth 4
Doing depth 5
Ran out of time, without finding a proof tree

Attempt 9 with the following strategies:
Batch: all_cell_insertions
Equivalent: all_point_placements
Inferral: empty_cell_inferral, row_and_column_separation, subclass_inferral
Recursive: splittings
Verification: subset_verified, is_empty
Doing depth 1
Doing depth 2
Doing depth 3
Doing depth 4
Doing depth 5
Ran out of time, without finding a proof tree

Attempt 10 with the following strategies:
Batch: all_cell_insertions
Equivalent: all_point_placements, point_separation
Inferral: empty_cell_inferral, row_and_column_separation, subclass_inferral
Recursive: components, reversibly_deletable_cells
Verification: subset_verified, is_empty
Doing depth 1
Doing depth 2
Doing depth 3
Doing depth 4
Doing depth 5
Ran out of time, without finding a proof tree

Attempt 11 with the following strategies:
Batch: all_cell_insertions
Equivalent: all_point_placements
Inferral: empty_cell_inferral, row_and_column_separation, subclass_inferral
Recursive: splittings
Verification: subset_verified, is_empty
Doing depth 1
Doing depth 2
Doing depth 3
Doing depth 4
Doing depth 5
A proof tree has been found.
