/users/home/henningu/ATRAP/non-regular-insertion-encodable-bases/logs_length4
Now processing 0123_0132_0213_1023
Doing depth 1
We had 0 inferral cache hits and 9 partitioning cache hits
The partitioning cache has 0 tilings in it right now
The inferral cache has 14 tilings in it right now
There are 11 tilings in the search tree
Time taken so far is 0.04864048957824707 seconds

Doing depth 2
We had 9 inferral cache hits and 108 partitioning cache hits
The partitioning cache has 0 tilings in it right now
The inferral cache has 89 tilings in it right now
There are 62 tilings in the search tree
Time taken so far is 0.6448371410369873 seconds

Doing depth 3
We had 95 inferral cache hits and 706 partitioning cache hits
The partitioning cache has 0 tilings in it right now
The inferral cache has 437 tilings in it right now
There are 323 tilings in the search tree
Time taken so far is 7.600234270095825 seconds

Doing depth 4
We had 802 inferral cache hits and 3924 partitioning cache hits
The partitioning cache has 0 tilings in it right now
The inferral cache has 2565 tilings in it right now
There are 1734 tilings in the search tree
Time taken so far is 107.78096461296082 seconds

Now processing 0123_0132_0213_1230
Doing depth 1
We had 0 inferral cache hits and 9 partitioning cache hits
The partitioning cache has 0 tilings in it right now
The inferral cache has 14 tilings in it right now
There are 11 tilings in the search tree
Time taken so far is 0.05969572067260742 seconds

Doing depth 2
We had 9 inferral cache hits and 108 partitioning cache hits
The partitioning cache has 0 tilings in it right now
The inferral cache has 89 tilings in it right now
There are 63 tilings in the search tree
Time taken so far is 0.600663423538208 seconds

Doing depth 3
We had 98 inferral cache hits and 706 partitioning cache hits
The partitioning cache has 0 tilings in it right now
The inferral cache has 448 tilings in it right now
There are 333 tilings in the search tree
Time taken so far is 7.495799779891968 seconds

Doing depth 4
We had 949 inferral cache hits and 4044 partitioning cache hits
The partitioning cache has 0 tilings in it right now
The inferral cache has 2899 tilings in it right now
There are 1866 tilings in the search tree
Time taken so far is 109.78939366340637 seconds

Now processing 0123_0132_0213_2301
Doing depth 1
We had 0 inferral cache hits and 9 partitioning cache hits
The partitioning cache has 0 tilings in it right now
The inferral cache has 14 tilings in it right now
There are 11 tilings in the search tree
Time taken so far is 0.06110739707946777 seconds

Doing depth 2
We had 9 inferral cache hits and 108 partitioning cache hits
The partitioning cache has 0 tilings in it right now
The inferral cache has 95 tilings in it right now
There are 62 tilings in the search tree
Time taken so far is 0.6062781810760498 seconds

Doing depth 3
We had 89 inferral cache hits and 706 partitioning cache hits
The partitioning cache has 0 tilings in it right now
The inferral cache has 525 tilings in it right now
There are 356 tilings in the search tree
Time taken so far is 7.480710029602051 seconds

Doing depth 4
We had 983 inferral cache hits and 4284 partitioning cache hits
The partitioning cache has 0 tilings in it right now
The inferral cache has 3737 tilings in it right now
There are 2185 tilings in the search tree
Time taken so far is 121.83499240875244 seconds

Now processing 0123_0132_0231_1203
Doing depth 1
We had 0 inferral cache hits and 9 partitioning cache hits
The partitioning cache has 0 tilings in it right now
The inferral cache has 14 tilings in it right now
There are 11 tilings in the search tree
Time taken so far is 0.0602872371673584 seconds

Doing depth 2
We had 9 inferral cache hits and 108 partitioning cache hits
The partitioning cache has 0 tilings in it right now
The inferral cache has 96 tilings in it right now
There are 62 tilings in the search tree
Time taken so far is 0.6125996112823486 seconds

Doing depth 3
We had 94 inferral cache hits and 706 partitioning cache hits
The partitioning cache has 0 tilings in it right now
The inferral cache has 523 tilings in it right now
There are 368 tilings in the search tree
Time taken so far is 8.302966833114624 seconds

Doing depth 4
We had 1187 inferral cache hits and 4481 partitioning cache hits
The partitioning cache has 0 tilings in it right now
The inferral cache has 3804 tilings in it right now
There are 2418 tilings in the search tree
Time taken so far is 133.00105738639832 seconds

Now processing 0123_0132_0231_2301
Doing depth 1
We had 0 inferral cache hits and 9 partitioning cache hits
The partitioning cache has 0 tilings in it right now
The inferral cache has 14 tilings in it right now
There are 11 tilings in the search tree
Time taken so far is 0.05622148513793945 seconds

Doing depth 2
We had 9 inferral cache hits and 108 partitioning cache hits
The partitioning cache has 0 tilings in it right now
The inferral cache has 95 tilings in it right now
There are 62 tilings in the search tree
Time taken so far is 0.6209845542907715 seconds

Doing depth 3
We had 91 inferral cache hits and 706 partitioning cache hits
The partitioning cache has 0 tilings in it right now
The inferral cache has 533 tilings in it right now
There are 370 tilings in the search tree
Time taken so far is 8.08673095703125 seconds

Doing depth 4
We had 1201 inferral cache hits and 4677 partitioning cache hits
The partitioning cache has 0 tilings in it right now
The inferral cache has 3901 tilings in it right now
There are 2439 tilings in the search tree
Time taken so far is 129.16050148010254 seconds

Now processing 0123_0132_1023_1230
Doing depth 1
We had 0 inferral cache hits and 9 partitioning cache hits
The partitioning cache has 0 tilings in it right now
The inferral cache has 14 tilings in it right now
There are 11 tilings in the search tree
Time taken so far is 0.0611419677734375 seconds

Doing depth 2
We had 9 inferral cache hits and 108 partitioning cache hits
The partitioning cache has 0 tilings in it right now
The inferral cache has 87 tilings in it right now
There are 62 tilings in the search tree
Time taken so far is 0.667870044708252 seconds

Doing depth 3
We had 104 inferral cache hits and 706 partitioning cache hits
The partitioning cache has 0 tilings in it right now
The inferral cache has 432 tilings in it right now
There are 322 tilings in the search tree
Time taken so far is 6.638806343078613 seconds

Doing depth 4
We had 946 inferral cache hits and 3924 partitioning cache hits
The partitioning cache has 0 tilings in it right now
The inferral cache has 2725 tilings in it right now
There are 1725 tilings in the search tree
Time taken so far is 109.75838828086853 seconds

Now processing 0123_0132_1023_2301
Doing depth 1
We had 0 inferral cache hits and 9 partitioning cache hits
The partitioning cache has 0 tilings in it right now
The inferral cache has 14 tilings in it right now
There are 11 tilings in the search tree
Time taken so far is 0.06613373756408691 seconds

Doing depth 2
We had 9 inferral cache hits and 108 partitioning cache hits
The partitioning cache has 0 tilings in it right now
The inferral cache has 93 tilings in it right now
There are 62 tilings in the search tree
Time taken so far is 0.6743869781494141 seconds

Doing depth 3
We had 93 inferral cache hits and 706 partitioning cache hits
The partitioning cache has 0 tilings in it right now
The inferral cache has 509 tilings in it right now
There are 346 tilings in the search tree
Time taken so far is 7.056624412536621 seconds

Doing depth 4
We had 1082 inferral cache hits and 4134 partitioning cache hits
The partitioning cache has 0 tilings in it right now
The inferral cache has 3491 tilings in it right now
There are 1995 tilings in the search tree
Time taken so far is 117.00545382499695 seconds

Now processing 0123_0132_1203_1230
Doing depth 1
We had 0 inferral cache hits and 9 partitioning cache hits
The partitioning cache has 0 tilings in it right now
The inferral cache has 14 tilings in it right now
There are 11 tilings in the search tree
Time taken so far is 0.0685880184173584 seconds

Doing depth 2
We had 9 inferral cache hits and 108 partitioning cache hits
The partitioning cache has 0 tilings in it right now
The inferral cache has 90 tilings in it right now
There are 62 tilings in the search tree
Time taken so far is 0.6604735851287842 seconds

Doing depth 3
We had 99 inferral cache hits and 706 partitioning cache hits
The partitioning cache has 0 tilings in it right now
The inferral cache has 475 tilings in it right now
There are 349 tilings in the search tree
Time taken so far is 6.63531494140625 seconds

Doing depth 4
We had 1104 inferral cache hits and 4314 partitioning cache hits
The partitioning cache has 0 tilings in it right now
The inferral cache has 3435 tilings in it right now
There are 2227 tilings in the search tree
Time taken so far is 122.83018207550049 seconds

Now processing 0123_0132_1203_2013
Doing depth 1
We had 0 inferral cache hits and 9 partitioning cache hits
The partitioning cache has 0 tilings in it right now
The inferral cache has 14 tilings in it right now
There are 11 tilings in the search tree
Time taken so far is 0.0636146068572998 seconds

Doing depth 2
We had 9 inferral cache hits and 108 partitioning cache hits
The partitioning cache has 0 tilings in it right now
The inferral cache has 93 tilings in it right now
There are 62 tilings in the search tree
Time taken so far is 0.6299219131469727 seconds

Doing depth 3
We had 103 inferral cache hits and 706 partitioning cache hits
The partitioning cache has 0 tilings in it right now
The inferral cache has 503 tilings in it right now
There are 375 tilings in the search tree
Time taken so far is 8.03292465209961 seconds

Doing depth 4
We had 1398 inferral cache hits and 4755 partitioning cache hits
The partitioning cache has 0 tilings in it right now
The inferral cache has 4127 tilings in it right now
There are 2732 tilings in the search tree
Time taken so far is 145.99389147758484 seconds

Now processing 0123_0132_1203_3012
Doing depth 1
We had 0 inferral cache hits and 9 partitioning cache hits
The partitioning cache has 0 tilings in it right now
The inferral cache has 14 tilings in it right now
There are 11 tilings in the search tree
Time taken so far is 0.06830739974975586 seconds

Doing depth 2
We had 9 inferral cache hits and 108 partitioning cache hits
The partitioning cache has 0 tilings in it right now
The inferral cache has 91 tilings in it right now
There are 62 tilings in the search tree
Time taken so far is 0.728813886642456 seconds

Doing depth 3
We had 105 inferral cache hits and 706 partitioning cache hits
The partitioning cache has 0 tilings in it right now
The inferral cache has 482 tilings in it right now
There are 346 tilings in the search tree
Time taken so far is 7.881695747375488 seconds

Doing depth 4
We had 1115 inferral cache hits and 4223 partitioning cache hits
The partitioning cache has 0 tilings in it right now
The inferral cache has 3574 tilings in it right now
There are 2177 tilings in the search tree
Time taken so far is 125.65656113624573 seconds

Now processing 0123_0132_1230_2301
Doing depth 1
We had 0 inferral cache hits and 9 partitioning cache hits
The partitioning cache has 0 tilings in it right now
The inferral cache has 14 tilings in it right now
There are 11 tilings in the search tree
Time taken so far is 0.06803774833679199 seconds

Doing depth 2
We had 9 inferral cache hits and 108 partitioning cache hits
The partitioning cache has 0 tilings in it right now
The inferral cache has 92 tilings in it right now
There are 62 tilings in the search tree
Time taken so far is 0.7374804019927979 seconds

Doing depth 3
We had 95 inferral cache hits and 706 partitioning cache hits
The partitioning cache has 0 tilings in it right now
The inferral cache has 490 tilings in it right now
There are 354 tilings in the search tree
Time taken so far is 6.590240240097046 seconds

Doing depth 4
We had 1057 inferral cache hits and 4404 partitioning cache hits
The partitioning cache has 0 tilings in it right now
The inferral cache has 3376 tilings in it right now
There are 2149 tilings in the search tree
Time taken so far is 121.72292423248291 seconds

Now processing 0123_0132_1230_3012
Doing depth 1
We had 0 inferral cache hits and 9 partitioning cache hits
The partitioning cache has 0 tilings in it right now
The inferral cache has 14 tilings in it right now
There are 11 tilings in the search tree
Time taken so far is 0.06288003921508789 seconds

Doing depth 2
We had 10 inferral cache hits and 108 partitioning cache hits
The partitioning cache has 0 tilings in it right now
The inferral cache has 88 tilings in it right now
There are 62 tilings in the search tree
Time taken so far is 0.5713396072387695 seconds

Doing depth 3
We had 94 inferral cache hits and 706 partitioning cache hits
The partitioning cache has 0 tilings in it right now
The inferral cache has 445 tilings in it right now
There are 334 tilings in the search tree
Time taken so far is 6.918926954269409 seconds

Doing depth 4
We had 867 inferral cache hits and 4104 partitioning cache hits
The partitioning cache has 0 tilings in it right now
The inferral cache has 2934 tilings in it right now
There are 1941 tilings in the search tree
Time taken so far is 114.25601482391357 seconds

Now processing 0123_0213_0231_0312
Doing depth 1
We had 0 inferral cache hits and 9 partitioning cache hits
The partitioning cache has 0 tilings in it right now
The inferral cache has 14 tilings in it right now
There are 11 tilings in the search tree
Time taken so far is 0.06435704231262207 seconds

Doing depth 2
We had 9 inferral cache hits and 108 partitioning cache hits
The partitioning cache has 0 tilings in it right now
The inferral cache has 93 tilings in it right now
There are 64 tilings in the search tree
Time taken so far is 0.6314024925231934 seconds

Doing depth 3
We had 102 inferral cache hits and 706 partitioning cache hits
The partitioning cache has 0 tilings in it right now
The inferral cache has 523 tilings in it right now
There are 387 tilings in the search tree
Time taken so far is 7.595802545547485 seconds

Doing depth 4
We had 1478 inferral cache hits and 4939 partitioning cache hits
The partitioning cache has 0 tilings in it right now
The inferral cache has 4528 tilings in it right now
There are 2994 tilings in the search tree
Time taken so far is 151.3596556186676 seconds

Now processing 0123_0213_0231_1230
Doing depth 1
We had 0 inferral cache hits and 9 partitioning cache hits
The partitioning cache has 0 tilings in it right now
The inferral cache has 14 tilings in it right now
There are 11 tilings in the search tree
Time taken so far is 0.05986189842224121 seconds

Doing depth 2
We had 9 inferral cache hits and 108 partitioning cache hits
The partitioning cache has 0 tilings in it right now
The inferral cache has 90 tilings in it right now
There are 63 tilings in the search tree
Time taken so far is 0.6054012775421143 seconds

Doing depth 3
We had 105 inferral cache hits and 706 partitioning cache hits
The partitioning cache has 0 tilings in it right now
The inferral cache has 485 tilings in it right now
There are 357 tilings in the search tree
Time taken so far is 6.429726839065552 seconds

Doing depth 4
We had 1237 inferral cache hits and 4406 partitioning cache hits
The partitioning cache has 0 tilings in it right now
The inferral cache has 3742 tilings in it right now
There are 2375 tilings in the search tree
Time taken so far is 122.58512091636658 seconds

Now processing 0123_0213_0231_2013
Doing depth 1
We had 0 inferral cache hits and 9 partitioning cache hits
The partitioning cache has 0 tilings in it right now
The inferral cache has 14 tilings in it right now
There are 11 tilings in the search tree
Time taken so far is 0.06341791152954102 seconds

Doing depth 2
We had 9 inferral cache hits and 108 partitioning cache hits
The partitioning cache has 0 tilings in it right now
The inferral cache has 97 tilings in it right now
There are 62 tilings in the search tree
Time taken so far is 0.7744455337524414 seconds

Doing depth 3
We had 103 inferral cache hits and 706 partitioning cache hits
The partitioning cache has 0 tilings in it right now
The inferral cache has 541 tilings in it right now
There are 375 tilings in the search tree
Time taken so far is 7.73121452331543 seconds

Doing depth 4
We had 1322 inferral cache hits and 4712 partitioning cache hits
The partitioning cache has 0 tilings in it right now
The inferral cache has 4519 tilings in it right now
There are 2892 tilings in the search tree
Time taken so far is 142.84792399406433 seconds

Now processing 0123_0213_0231_2301
Doing depth 1
We had 0 inferral cache hits and 9 partitioning cache hits
The partitioning cache has 0 tilings in it right now
The inferral cache has 14 tilings in it right now
There are 11 tilings in the search tree
Time taken so far is 0.06803226470947266 seconds

Doing depth 2
We had 9 inferral cache hits and 108 partitioning cache hits
The partitioning cache has 0 tilings in it right now
The inferral cache has 94 tilings in it right now
There are 62 tilings in the search tree
Time taken so far is 0.6832559108734131 seconds

Doing depth 3
We had 95 inferral cache hits and 706 partitioning cache hits
The partitioning cache has 0 tilings in it right now
The inferral cache has 551 tilings in it right now
There are 380 tilings in the search tree
Time taken so far is 8.109819650650024 seconds

Doing depth 4
We had 1365 inferral cache hits and 4738 partitioning cache hits
The partitioning cache has 0 tilings in it right now
The inferral cache has 4758 tilings in it right now
There are 2776 tilings in the search tree
Time taken so far is 136.4567153453827 seconds

Now processing 0123_0213_0231_3012
Doing depth 1
We had 0 inferral cache hits and 9 partitioning cache hits
The partitioning cache has 0 tilings in it right now
The inferral cache has 14 tilings in it right now
There are 11 tilings in the search tree
Time taken so far is 0.27066993713378906 seconds

Doing depth 2
We had 9 inferral cache hits and 108 partitioning cache hits
The partitioning cache has 0 tilings in it right now
The inferral cache has 91 tilings in it right now
There are 63 tilings in the search tree
Time taken so far is 0.7954311370849609 seconds

Doing depth 3
We had 109 inferral cache hits and 706 partitioning cache hits
The partitioning cache has 0 tilings in it right now
The inferral cache has 505 tilings in it right now
There are 357 tilings in the search tree
Time taken so far is 7.500128984451294 seconds

Doing depth 4
We had 1326 inferral cache hits and 4376 partitioning cache hits
The partitioning cache has 0 tilings in it right now
The inferral cache has 4028 tilings in it right now
There are 2387 tilings in the search tree
Time taken so far is 125.11398124694824 seconds

Now processing 0123_0213_1230_2301
Doing depth 1
We had 0 inferral cache hits and 9 partitioning cache hits
The partitioning cache has 0 tilings in it right now
The inferral cache has 14 tilings in it right now
There are 11 tilings in the search tree
Time taken so far is 0.0569460391998291 seconds

Doing depth 2
We had 9 inferral cache hits and 108 partitioning cache hits
The partitioning cache has 0 tilings in it right now
The inferral cache has 89 tilings in it right now
There are 62 tilings in the search tree
Time taken so far is 0.6224801540374756 seconds

Doing depth 3
We had 102 inferral cache hits and 706 partitioning cache hits
The partitioning cache has 0 tilings in it right now
The inferral cache has 508 tilings in it right now
There are 362 tilings in the search tree
Time taken so far is 8.80752968788147 seconds

Doing depth 4
We had 1405 inferral cache hits and 4419 partitioning cache hits
The partitioning cache has 0 tilings in it right now
The inferral cache has 4195 tilings in it right now
There are 2421 tilings in the search tree
Time taken so far is 132.28544187545776 seconds

Now processing 0123_0213_1230_3012
Doing depth 1
We had 0 inferral cache hits and 9 partitioning cache hits
The partitioning cache has 0 tilings in it right now
The inferral cache has 14 tilings in it right now
There are 11 tilings in the search tree
Time taken so far is 0.056021928787231445 seconds

Doing depth 2
We had 9 inferral cache hits and 108 partitioning cache hits
The partitioning cache has 0 tilings in it right now
The inferral cache has 85 tilings in it right now
There are 62 tilings in the search tree
Time taken so far is 0.5741946697235107 seconds

Doing depth 3
We had 109 inferral cache hits and 706 partitioning cache hits
The partitioning cache has 0 tilings in it right now
The inferral cache has 457 tilings in it right now
There are 332 tilings in the search tree
Time taken so far is 7.551271200180054 seconds

Doing depth 4
We had 1329 inferral cache hits and 4074 partitioning cache hits
The partitioning cache has 0 tilings in it right now
The inferral cache has 3467 tilings in it right now
There are 1977 tilings in the search tree
Time taken so far is 116.89721035957336 seconds

Now processing 0123_0231_1203_1230
Doing depth 1
We had 0 inferral cache hits and 9 partitioning cache hits
The partitioning cache has 0 tilings in it right now
The inferral cache has 14 tilings in it right now
There are 11 tilings in the search tree
Time taken so far is 0.0705423355102539 seconds

Doing depth 2
We had 9 inferral cache hits and 108 partitioning cache hits
The partitioning cache has 0 tilings in it right now
The inferral cache has 91 tilings in it right now
There are 62 tilings in the search tree
Time taken so far is 0.6642611026763916 seconds

Doing depth 3
We had 99 inferral cache hits and 706 partitioning cache hits
The partitioning cache has 0 tilings in it right now
The inferral cache has 503 tilings in it right now
There are 370 tilings in the search tree
Time taken so far is 7.753058433532715 seconds

Doing depth 4
We had 1258 inferral cache hits and 4509 partitioning cache hits
The partitioning cache has 0 tilings in it right now
The inferral cache has 3834 tilings in it right now
There are 2483 tilings in the search tree
Time taken so far is 131.50638937950134 seconds

Now processing 0123_0231_1230_2013
Doing depth 1
We had 0 inferral cache hits and 9 partitioning cache hits
The partitioning cache has 0 tilings in it right now
The inferral cache has 14 tilings in it right now
There are 11 tilings in the search tree
Time taken so far is 0.06370162963867188 seconds

Doing depth 2
We had 9 inferral cache hits and 108 partitioning cache hits
The partitioning cache has 0 tilings in it right now
The inferral cache has 94 tilings in it right now
There are 62 tilings in the search tree
Time taken so far is 0.5964422225952148 seconds

Doing depth 3
We had 102 inferral cache hits and 706 partitioning cache hits
The partitioning cache has 0 tilings in it right now
The inferral cache has 527 tilings in it right now
There are 370 tilings in the search tree
Time taken so far is 7.539887189865112 seconds

Doing depth 4
We had 1372 inferral cache hits and 4628 partitioning cache hits
The partitioning cache has 0 tilings in it right now
The inferral cache has 4388 tilings in it right now
There are 2708 tilings in the search tree
Time taken so far is 139.5303008556366 seconds

Now processing 0123_0231_1230_2301
Doing depth 1
We had 0 inferral cache hits and 9 partitioning cache hits
The partitioning cache has 0 tilings in it right now
The inferral cache has 14 tilings in it right now
There are 11 tilings in the search tree
Time taken so far is 0.05434584617614746 seconds

Doing depth 2
We had 9 inferral cache hits and 108 partitioning cache hits
The partitioning cache has 0 tilings in it right now
The inferral cache has 91 tilings in it right now
There are 62 tilings in the search tree
Time taken so far is 0.6382553577423096 seconds

Doing depth 3
We had 101 inferral cache hits and 706 partitioning cache hits
The partitioning cache has 0 tilings in it right now
The inferral cache has 509 tilings in it right now
There are 368 tilings in the search tree
Time taken so far is 7.814507007598877 seconds

Doing depth 4
We had 1305 inferral cache hits and 4734 partitioning cache hits
The partitioning cache has 0 tilings in it right now
The inferral cache has 4144 tilings in it right now
There are 2661 tilings in the search tree
Time taken so far is 136.3041226863861 seconds

Now processing 0123_1230_2301_3012
Doing depth 1
We had 0 inferral cache hits and 9 partitioning cache hits
The partitioning cache has 0 tilings in it right now
The inferral cache has 14 tilings in it right now
There are 11 tilings in the search tree
Time taken so far is 0.05465555191040039 seconds

Doing depth 2
We had 13 inferral cache hits and 108 partitioning cache hits
The partitioning cache has 0 tilings in it right now
The inferral cache has 85 tilings in it right now
There are 62 tilings in the search tree
Time taken so far is 0.5423054695129395 seconds

Doing depth 3
We had 101 inferral cache hits and 706 partitioning cache hits
The partitioning cache has 0 tilings in it right now
The inferral cache has 465 tilings in it right now
There are 358 tilings in the search tree
Time taken so far is 7.308148145675659 seconds

Doing depth 4
We had 1183 inferral cache hits and 4464 partitioning cache hits
The partitioning cache has 0 tilings in it right now
The inferral cache has 3017 tilings in it right now
There are 2186 tilings in the search tree
Time taken so far is 125.92806673049927 seconds

Now processing 0132_0213_0231_2301
Doing depth 1
We had 0 inferral cache hits and 9 partitioning cache hits
The partitioning cache has 0 tilings in it right now
The inferral cache has 14 tilings in it right now
There are 11 tilings in the search tree
Time taken so far is 0.07412290573120117 seconds

Doing depth 2
We had 9 inferral cache hits and 108 partitioning cache hits
The partitioning cache has 0 tilings in it right now
The inferral cache has 93 tilings in it right now
There are 62 tilings in the search tree
Time taken so far is 0.7167098522186279 seconds

Doing depth 3
We had 97 inferral cache hits and 706 partitioning cache hits
The partitioning cache has 0 tilings in it right now
The inferral cache has 564 tilings in it right now
There are 396 tilings in the search tree
Time taken so far is 9.83978271484375 seconds

Doing depth 4
We had 1482 inferral cache hits and 4918 partitioning cache hits
The partitioning cache has 0 tilings in it right now
The inferral cache has 5100 tilings in it right now
There are 3007 tilings in the search tree
Time taken so far is 153.49287009239197 seconds

Now processing 0132_0213_0231_3120
Doing depth 1
We had 0 inferral cache hits and 9 partitioning cache hits
The partitioning cache has 0 tilings in it right now
The inferral cache has 14 tilings in it right now
There are 11 tilings in the search tree
Time taken so far is 0.07272505760192871 seconds

Doing depth 2
We had 9 inferral cache hits and 108 partitioning cache hits
The partitioning cache has 0 tilings in it right now
The inferral cache has 93 tilings in it right now
There are 64 tilings in the search tree
Time taken so far is 0.6909801959991455 seconds

Doing depth 3
We had 96 inferral cache hits and 706 partitioning cache hits
The partitioning cache has 0 tilings in it right now
The inferral cache has 572 tilings in it right now
There are 402 tilings in the search tree
Time taken so far is 9.40122103691101 seconds

Doing depth 4
We had 1444 inferral cache hits and 5080 partitioning cache hits
The partitioning cache has 0 tilings in it right now
The inferral cache has 6107 tilings in it right now
There are 3474 tilings in the search tree
Time taken so far is 157.3900442123413 seconds

Now processing 0132_0213_0321_3120
Doing depth 1
We had 0 inferral cache hits and 9 partitioning cache hits
The partitioning cache has 0 tilings in it right now
The inferral cache has 14 tilings in it right now
There are 11 tilings in the search tree
Time taken so far is 0.06187582015991211 seconds

Doing depth 2
We had 9 inferral cache hits and 108 partitioning cache hits
The partitioning cache has 0 tilings in it right now
The inferral cache has 93 tilings in it right now
There are 64 tilings in the search tree
Time taken so far is 1.1405518054962158 seconds

Doing depth 3
We had 95 inferral cache hits and 706 partitioning cache hits
The partitioning cache has 0 tilings in it right now
The inferral cache has 555 tilings in it right now
There are 394 tilings in the search tree
Time taken so far is 9.198172807693481 seconds

Doing depth 4
We had 1484 inferral cache hits and 4914 partitioning cache hits
The partitioning cache has 0 tilings in it right now
The inferral cache has 5838 tilings in it right now
There are 3193 tilings in the search tree
Time taken so far is 150.8943214416504 seconds

Now processing 0132_0213_1023_1230
Doing depth 1
We had 0 inferral cache hits and 9 partitioning cache hits
The partitioning cache has 0 tilings in it right now
The inferral cache has 14 tilings in it right now
There are 11 tilings in the search tree
Time taken so far is 0.053345441818237305 seconds

Doing depth 2
We had 9 inferral cache hits and 108 partitioning cache hits
The partitioning cache has 0 tilings in it right now
The inferral cache has 91 tilings in it right now
There are 62 tilings in the search tree
Time taken so far is 0.6034862995147705 seconds

Doing depth 3
We had 108 inferral cache hits and 706 partitioning cache hits
The partitioning cache has 0 tilings in it right now
The inferral cache has 509 tilings in it right now
There are 346 tilings in the search tree
Time taken so far is 8.721226453781128 seconds

Doing depth 4
We had 1089 inferral cache hits and 4284 partitioning cache hits
The partitioning cache has 0 tilings in it right now
The inferral cache has 3568 tilings in it right now
There are 2054 tilings in the search tree
Time taken so far is 120.30239057540894 seconds

Now processing 0132_0213_1023_2301
Doing depth 1
We had 0 inferral cache hits and 9 partitioning cache hits
The partitioning cache has 0 tilings in it right now
The inferral cache has 14 tilings in it right now
There are 11 tilings in the search tree
Time taken so far is 0.07523679733276367 seconds

Doing depth 2
We had 9 inferral cache hits and 108 partitioning cache hits
The partitioning cache has 0 tilings in it right now
The inferral cache has 93 tilings in it right now
There are 62 tilings in the search tree
Time taken so far is 0.729489803314209 seconds

Doing depth 3
We had 103 inferral cache hits and 706 partitioning cache hits
The partitioning cache has 0 tilings in it right now
The inferral cache has 581 tilings in it right now
There are 374 tilings in the search tree
Time taken so far is 9.355136394500732 seconds

Doing depth 4
We had 1332 inferral cache hits and 4404 partitioning cache hits
The partitioning cache has 0 tilings in it right now
The inferral cache has 4517 tilings in it right now
There are 2389 tilings in the search tree
Time taken so far is 135.09785866737366 seconds

Now processing 0132_0213_1203_1230
Doing depth 1
We had 0 inferral cache hits and 9 partitioning cache hits
The partitioning cache has 0 tilings in it right now
The inferral cache has 14 tilings in it right now
There are 11 tilings in the search tree
Time taken so far is 0.053885459899902344 seconds

Doing depth 2
We had 9 inferral cache hits and 108 partitioning cache hits
The partitioning cache has 0 tilings in it right now
The inferral cache has 92 tilings in it right now
There are 62 tilings in the search tree
Time taken so far is 0.6030941009521484 seconds

Doing depth 3
We had 99 inferral cache hits and 706 partitioning cache hits
The partitioning cache has 0 tilings in it right now
The inferral cache has 525 tilings in it right now
There are 369 tilings in the search tree
Time taken so far is 6.863438367843628 seconds

Doing depth 4
We had 1330 inferral cache hits and 4734 partitioning cache hits
The partitioning cache has 0 tilings in it right now
The inferral cache has 4339 tilings in it right now
There are 2648 tilings in the search tree
Time taken so far is 132.97283029556274 seconds

Now processing 0132_0213_1203_2013
Doing depth 1
We had 0 inferral cache hits and 9 partitioning cache hits
The partitioning cache has 0 tilings in it right now
The inferral cache has 14 tilings in it right now
There are 11 tilings in the search tree
Time taken so far is 0.061882734298706055 seconds

Doing depth 2
We had 9 inferral cache hits and 108 partitioning cache hits
The partitioning cache has 0 tilings in it right now
The inferral cache has 91 tilings in it right now
There are 62 tilings in the search tree
Time taken so far is 0.6294457912445068 seconds

Doing depth 3
We had 113 inferral cache hits and 706 partitioning cache hits
The partitioning cache has 0 tilings in it right now
The inferral cache has 533 tilings in it right now
There are 387 tilings in the search tree
Time taken so far is 8.992680072784424 seconds

Doing depth 4
We had 1640 inferral cache hits and 4939 partitioning cache hits
The partitioning cache has 0 tilings in it right now
The inferral cache has 4841 tilings in it right now
There are 3053 tilings in the search tree
Time taken so far is 154.06881260871887 seconds

Now processing 0132_0213_1203_3012
Doing depth 1
We had 0 inferral cache hits and 9 partitioning cache hits
The partitioning cache has 0 tilings in it right now
The inferral cache has 14 tilings in it right now
There are 11 tilings in the search tree
Time taken so far is 0.05940532684326172 seconds

Doing depth 2
We had 9 inferral cache hits and 108 partitioning cache hits
The partitioning cache has 0 tilings in it right now
The inferral cache has 93 tilings in it right now
There are 62 tilings in the search tree
Time taken so far is 0.5833930969238281 seconds

Doing depth 3
We had 109 inferral cache hits and 706 partitioning cache hits
The partitioning cache has 0 tilings in it right now
The inferral cache has 545 tilings in it right now
There are 372 tilings in the search tree
Time taken so far is 6.602904319763184 seconds

Doing depth 4
We had 1414 inferral cache hits and 4704 partitioning cache hits
The partitioning cache has 0 tilings in it right now
The inferral cache has 4552 tilings in it right now
There are 2605 tilings in the search tree
Time taken so far is 113.98590970039368 seconds

Now processing 0132_0213_1230_2301
Doing depth 1
We had 0 inferral cache hits and 9 partitioning cache hits
The partitioning cache has 0 tilings in it right now
The inferral cache has 14 tilings in it right now
There are 11 tilings in the search tree
Time taken so far is 0.05687737464904785 seconds

Doing depth 2
We had 9 inferral cache hits and 108 partitioning cache hits
The partitioning cache has 0 tilings in it right now
The inferral cache has 94 tilings in it right now
There are 62 tilings in the search tree
Time taken so far is 0.58544921875 seconds

Doing depth 3
We had 100 inferral cache hits and 706 partitioning cache hits
The partitioning cache has 0 tilings in it right now
The inferral cache has 568 tilings in it right now
There are 382 tilings in the search tree
Time taken so far is 6.77751088142395 seconds

Doing depth 4
We had 1445 inferral cache hits and 4824 partitioning cache hits
The partitioning cache has 0 tilings in it right now
The inferral cache has 5033 tilings in it right now
There are 2760 tilings in the search tree
Time taken so far is 117.75593638420105 seconds

Now processing 0132_0213_1230_3012
Doing depth 1
We had 0 inferral cache hits and 9 partitioning cache hits
The partitioning cache has 0 tilings in it right now
The inferral cache has 14 tilings in it right now
There are 11 tilings in the search tree
Time taken so far is 0.06307482719421387 seconds

Doing depth 2
We had 9 inferral cache hits and 108 partitioning cache hits
The partitioning cache has 0 tilings in it right now
The inferral cache has 91 tilings in it right now
There are 62 tilings in the search tree
Time taken so far is 0.5775701999664307 seconds

Doing depth 3
We had 96 inferral cache hits and 706 partitioning cache hits
The partitioning cache has 0 tilings in it right now
The inferral cache has 525 tilings in it right now
There are 360 tilings in the search tree
Time taken so far is 6.308631420135498 seconds

Doing depth 4
We had 1264 inferral cache hits and 4494 partitioning cache hits
The partitioning cache has 0 tilings in it right now
The inferral cache has 4197 tilings in it right now
There are 2307 tilings in the search tree
Time taken so far is 102.21516966819763 seconds

Now processing 0132_0213_2301_3120
Doing depth 1
We had 0 inferral cache hits and 9 partitioning cache hits
The partitioning cache has 0 tilings in it right now
The inferral cache has 14 tilings in it right now
There are 11 tilings in the search tree
Time taken so far is 0.05446219444274902 seconds

Doing depth 2
We had 9 inferral cache hits and 108 partitioning cache hits
The partitioning cache has 0 tilings in it right now
The inferral cache has 93 tilings in it right now
There are 62 tilings in the search tree
Time taken so far is 0.5005121231079102 seconds

Doing depth 3
We had 97 inferral cache hits and 706 partitioning cache hits
The partitioning cache has 0 tilings in it right now
The inferral cache has 615 tilings in it right now
There are 404 tilings in the search tree
Time taken so far is 6.79355263710022 seconds

Doing depth 4
We had 2260 inferral cache hits and 5154 partitioning cache hits
The partitioning cache has 0 tilings in it right now
The inferral cache has 7977 tilings in it right now
There are 3940 tilings in the search tree
Time taken so far is 135.2849850654602 seconds

Now processing 0132_0231_0312_0321
Doing depth 1
We had 0 inferral cache hits and 9 partitioning cache hits
The partitioning cache has 0 tilings in it right now
The inferral cache has 12 tilings in it right now
There are 11 tilings in the search tree
Time taken so far is 0.06006193161010742 seconds

Doing depth 2
We had 10 inferral cache hits and 108 partitioning cache hits
The partitioning cache has 0 tilings in it right now
The inferral cache has 85 tilings in it right now
There are 64 tilings in the search tree
Time taken so far is 0.519451379776001 seconds

Doing depth 3
We had 113 inferral cache hits and 706 partitioning cache hits
The partitioning cache has 0 tilings in it right now
The inferral cache has 470 tilings in it right now
There are 366 tilings in the search tree
Time taken so far is 6.754340171813965 seconds

Doing depth 4
We had 1296 inferral cache hits and 4324 partitioning cache hits
The partitioning cache has 0 tilings in it right now
The inferral cache has 3527 tilings in it right now
There are 2323 tilings in the search tree
Time taken so far is 119.8160810470581 seconds

Now processing 0132_0231_0312_3120
Doing depth 1
We had 0 inferral cache hits and 9 partitioning cache hits
The partitioning cache has 0 tilings in it right now
The inferral cache has 14 tilings in it right now
There are 11 tilings in the search tree
Time taken so far is 0.062422990798950195 seconds

Doing depth 2
We had 9 inferral cache hits and 108 partitioning cache hits
The partitioning cache has 0 tilings in it right now
The inferral cache has 91 tilings in it right now
There are 64 tilings in the search tree
Time taken so far is 0.5996794700622559 seconds

Doing depth 3
We had 98 inferral cache hits and 706 partitioning cache hits
The partitioning cache has 0 tilings in it right now
The inferral cache has 572 tilings in it right now
There are 404 tilings in the search tree
Time taken so far is 7.042457103729248 seconds

Doing depth 4
We had 1553 inferral cache hits and 5143 partitioning cache hits
The partitioning cache has 0 tilings in it right now
The inferral cache has 6094 tilings in it right now
There are 3530 tilings in the search tree
Time taken so far is 137.04584527015686 seconds

Now processing 0132_0231_0321_1032
Doing depth 1
We had 0 inferral cache hits and 9 partitioning cache hits
The partitioning cache has 0 tilings in it right now
The inferral cache has 12 tilings in it right now
There are 11 tilings in the search tree
Time taken so far is 0.033010244369506836 seconds

Doing depth 2
We had 10 inferral cache hits and 108 partitioning cache hits
The partitioning cache has 0 tilings in it right now
The inferral cache has 88 tilings in it right now
There are 62 tilings in the search tree
Time taken so far is 0.47672247886657715 seconds

Doing depth 3
We had 105 inferral cache hits and 706 partitioning cache hits
The partitioning cache has 0 tilings in it right now
The inferral cache has 464 tilings in it right now
There are 362 tilings in the search tree
Time taken so far is 6.767590284347534 seconds

Doing depth 4
We had 1136 inferral cache hits and 4455 partitioning cache hits
The partitioning cache has 0 tilings in it right now
The inferral cache has 3256 tilings in it right now
There are 2312 tilings in the search tree
Time taken so far is 120.86747026443481 seconds

Now processing 0132_0231_0321_3021
Doing depth 1
We had 0 inferral cache hits and 9 partitioning cache hits
The partitioning cache has 0 tilings in it right now
The inferral cache has 13 tilings in it right now
There are 11 tilings in the search tree
Time taken so far is 0.0687110424041748 seconds

Doing depth 2
We had 9 inferral cache hits and 108 partitioning cache hits
The partitioning cache has 0 tilings in it right now
The inferral cache has 90 tilings in it right now
There are 63 tilings in the search tree
Time taken so far is 0.6978869438171387 seconds

Doing depth 3
We had 99 inferral cache hits and 706 partitioning cache hits
The partitioning cache has 0 tilings in it right now
The inferral cache has 518 tilings in it right now
There are 379 tilings in the search tree
Time taken so far is 6.9032886028289795 seconds

Doing depth 4
We had 1201 inferral cache hits and 4678 partitioning cache hits
The partitioning cache has 0 tilings in it right now
The inferral cache has 4175 tilings in it right now
There are 2734 tilings in the search tree
Time taken so far is 125.53927874565125 seconds

Now processing 0132_0231_0321_3120
Doing depth 1
We had 0 inferral cache hits and 9 partitioning cache hits
The partitioning cache has 0 tilings in it right now
The inferral cache has 14 tilings in it right now
There are 11 tilings in the search tree
Time taken so far is 0.03569173812866211 seconds

Doing depth 2
We had 9 inferral cache hits and 108 partitioning cache hits
The partitioning cache has 0 tilings in it right now
The inferral cache has 92 tilings in it right now
There are 64 tilings in the search tree
Time taken so far is 0.48712754249572754 seconds

Doing depth 3
We had 93 inferral cache hits and 706 partitioning cache hits
The partitioning cache has 0 tilings in it right now
The inferral cache has 549 tilings in it right now
There are 387 tilings in the search tree
Time taken so far is 6.712562084197998 seconds

Doing depth 4
We had 1362 inferral cache hits and 4841 partitioning cache hits
The partitioning cache has 0 tilings in it right now
The inferral cache has 5284 tilings in it right now
There are 2978 tilings in the search tree
Time taken so far is 122.74137306213379 seconds

Now processing 0132_0231_1023_1203
Doing depth 1
We had 0 inferral cache hits and 9 partitioning cache hits
The partitioning cache has 0 tilings in it right now
The inferral cache has 14 tilings in it right now
There are 11 tilings in the search tree
Time taken so far is 0.03279733657836914 seconds

Doing depth 2
We had 9 inferral cache hits and 108 partitioning cache hits
The partitioning cache has 0 tilings in it right now
The inferral cache has 95 tilings in it right now
There are 62 tilings in the search tree
Time taken so far is 0.47299909591674805 seconds

Doing depth 3
We had 93 inferral cache hits and 706 partitioning cache hits
The partitioning cache has 0 tilings in it right now
The inferral cache has 566 tilings in it right now
There are 391 tilings in the search tree
Time taken so far is 6.820865154266357 seconds

Doing depth 4
We had 1204 inferral cache hits and 4646 partitioning cache hits
The partitioning cache has 0 tilings in it right now
The inferral cache has 4485 tilings in it right now
There are 2754 tilings in the search tree
Time taken so far is 118.3609869480133 seconds

Now processing 0132_0231_1023_1230
Doing depth 1
We had 0 inferral cache hits and 9 partitioning cache hits
The partitioning cache has 0 tilings in it right now
The inferral cache has 14 tilings in it right now
There are 11 tilings in the search tree
Time taken so far is 0.03174424171447754 seconds

Doing depth 2
We had 9 inferral cache hits and 108 partitioning cache hits
The partitioning cache has 0 tilings in it right now
The inferral cache has 93 tilings in it right now
There are 62 tilings in the search tree
Time taken so far is 0.45352816581726074 seconds

Doing depth 3
We had 87 inferral cache hits and 706 partitioning cache hits
The partitioning cache has 0 tilings in it right now
The inferral cache has 533 tilings in it right now
There are 374 tilings in the search tree
Time taken so far is 6.153062582015991 seconds

Doing depth 4
We had 1126 inferral cache hits and 4676 partitioning cache hits
The partitioning cache has 0 tilings in it right now
The inferral cache has 3990 tilings in it right now
There are 2532 tilings in the search tree
Time taken so far is 103.1341199874878 seconds

Now processing 0132_0231_1023_2013
Doing depth 1
We had 0 inferral cache hits and 9 partitioning cache hits
The partitioning cache has 0 tilings in it right now
The inferral cache has 14 tilings in it right now
There are 11 tilings in the search tree
Time taken so far is 0.032633304595947266 seconds

Doing depth 2
We had 9 inferral cache hits and 108 partitioning cache hits
The partitioning cache has 0 tilings in it right now
The inferral cache has 95 tilings in it right now
There are 62 tilings in the search tree
Time taken so far is 0.4703202247619629 seconds

Doing depth 3
We had 99 inferral cache hits and 706 partitioning cache hits
The partitioning cache has 0 tilings in it right now
The inferral cache has 557 tilings in it right now
There are 378 tilings in the search tree
Time taken so far is 6.659393787384033 seconds

Doing depth 4
We had 1347 inferral cache hits and 4944 partitioning cache hits
The partitioning cache has 0 tilings in it right now
The inferral cache has 4845 tilings in it right now
There are 2833 tilings in the search tree
Time taken so far is 125.9697961807251 seconds

Now processing 0132_0231_1023_2301
Doing depth 1
We had 0 inferral cache hits and 9 partitioning cache hits
The partitioning cache has 0 tilings in it right now
The inferral cache has 14 tilings in it right now
There are 11 tilings in the search tree
Time taken so far is 0.05560946464538574 seconds

Doing depth 2
We had 9 inferral cache hits and 108 partitioning cache hits
The partitioning cache has 0 tilings in it right now
The inferral cache has 95 tilings in it right now
There are 62 tilings in the search tree
Time taken so far is 0.5828959941864014 seconds

Doing depth 3
We had 96 inferral cache hits and 706 partitioning cache hits
The partitioning cache has 0 tilings in it right now
The inferral cache has 594 tilings in it right now
There are 390 tilings in the search tree
Time taken so far is 6.842867136001587 seconds

Doing depth 4
We had 1441 inferral cache hits and 4853 partitioning cache hits
The partitioning cache has 0 tilings in it right now
The inferral cache has 5130 tilings in it right now
There are 2805 tilings in the search tree
Time taken so far is 118.49885106086731 seconds

Now processing 0132_0231_1023_3012
Doing depth 1
We had 0 inferral cache hits and 9 partitioning cache hits
The partitioning cache has 0 tilings in it right now
The inferral cache has 14 tilings in it right now
There are 11 tilings in the search tree
Time taken so far is 0.06175565719604492 seconds

Doing depth 2
We had 9 inferral cache hits and 108 partitioning cache hits
The partitioning cache has 0 tilings in it right now
The inferral cache has 94 tilings in it right now
There are 62 tilings in the search tree
Time taken so far is 0.5790426731109619 seconds

Doing depth 3
We had 90 inferral cache hits and 706 partitioning cache hits
The partitioning cache has 0 tilings in it right now
The inferral cache has 551 tilings in it right now
There are 368 tilings in the search tree
Time taken so far is 6.49065375328064 seconds

Doing depth 4
We had 1204 inferral cache hits and 4733 partitioning cache hits
The partitioning cache has 0 tilings in it right now
The inferral cache has 4525 tilings in it right now
There are 2518 tilings in the search tree
Time taken so far is 111.8274028301239 seconds

Now processing 0132_0231_1032_3021
Doing depth 1
We had 0 inferral cache hits and 9 partitioning cache hits
The partitioning cache has 0 tilings in it right now
The inferral cache has 13 tilings in it right now
There are 11 tilings in the search tree
Time taken so far is 0.06027102470397949 seconds

Doing depth 2
We had 10 inferral cache hits and 108 partitioning cache hits
The partitioning cache has 0 tilings in it right now
The inferral cache has 91 tilings in it right now
There are 62 tilings in the search tree
Time taken so far is 0.5762894153594971 seconds

Doing depth 3
We had 104 inferral cache hits and 706 partitioning cache hits
The partitioning cache has 0 tilings in it right now
The inferral cache has 546 tilings in it right now
There are 390 tilings in the search tree
Time taken so far is 7.021014928817749 seconds

Doing depth 4
We had 1425 inferral cache hits and 4991 partitioning cache hits
The partitioning cache has 0 tilings in it right now
The inferral cache has 4877 tilings in it right now
There are 3070 tilings in the search tree
Time taken so far is 135.28609132766724 seconds

Now processing 0132_0231_1032_3120
Doing depth 1
We had 0 inferral cache hits and 9 partitioning cache hits
The partitioning cache has 0 tilings in it right now
The inferral cache has 14 tilings in it right now
There are 11 tilings in the search tree
Time taken so far is 0.03182411193847656 seconds

Doing depth 2
We had 10 inferral cache hits and 108 partitioning cache hits
The partitioning cache has 0 tilings in it right now
The inferral cache has 95 tilings in it right now
There are 62 tilings in the search tree
Time taken so far is 0.4569406509399414 seconds

Doing depth 3
We had 88 inferral cache hits and 706 partitioning cache hits
The partitioning cache has 0 tilings in it right now
The inferral cache has 596 tilings in it right now
There are 398 tilings in the search tree
Time taken so far is 7.05827784538269 seconds

Doing depth 4
We had 1332 inferral cache hits and 5098 partitioning cache hits
The partitioning cache has 0 tilings in it right now
The inferral cache has 6623 tilings in it right now
There are 3712 tilings in the search tree
Time taken so far is 142.72840690612793 seconds

Now processing 0132_0231_1203_1230
Doing depth 1
We had 0 inferral cache hits and 9 partitioning cache hits
The partitioning cache has 0 tilings in it right now
The inferral cache has 14 tilings in it right now
There are 11 tilings in the search tree
Time taken so far is 0.05118417739868164 seconds

Doing depth 2
We had 9 inferral cache hits and 108 partitioning cache hits
The partitioning cache has 0 tilings in it right now
The inferral cache has 94 tilings in it right now
There are 62 tilings in the search tree
Time taken so far is 0.4767730236053467 seconds

Doing depth 3
We had 94 inferral cache hits and 706 partitioning cache hits
The partitioning cache has 0 tilings in it right now
The inferral cache has 534 tilings in it right now
There are 389 tilings in the search tree
Time taken so far is 6.442399263381958 seconds

Doing depth 4
We had 1332 inferral cache hits and 4916 partitioning cache hits
The partitioning cache has 0 tilings in it right now
The inferral cache has 4494 tilings in it right now
There are 3028 tilings in the search tree
Time taken so far is 117.69939947128296 seconds

Now processing 0132_0231_1203_2013
Doing depth 1
We had 0 inferral cache hits and 9 partitioning cache hits
The partitioning cache has 0 tilings in it right now
The inferral cache has 14 tilings in it right now
There are 11 tilings in the search tree
Time taken so far is 0.056981563568115234 seconds

Doing depth 2
We had 9 inferral cache hits and 108 partitioning cache hits
The partitioning cache has 0 tilings in it right now
The inferral cache has 96 tilings in it right now
There are 62 tilings in the search tree
Time taken so far is 0.5843493938446045 seconds

Doing depth 3
We had 101 inferral cache hits and 706 partitioning cache hits
The partitioning cache has 0 tilings in it right now
The inferral cache has 602 tilings in it right now
There are 418 tilings in the search tree
Time taken so far is 7.228867292404175 seconds

Doing depth 4
We had 1741 inferral cache hits and 5156 partitioning cache hits
The partitioning cache has 0 tilings in it right now
The inferral cache has 5778 tilings in it right now
There are 3504 tilings in the search tree
Time taken so far is 137.23860573768616 seconds

Now processing 0132_0231_1203_2301
Doing depth 1
We had 0 inferral cache hits and 9 partitioning cache hits
The partitioning cache has 0 tilings in it right now
The inferral cache has 14 tilings in it right now
There are 11 tilings in the search tree
Time taken so far is 0.05010724067687988 seconds

Doing depth 2
We had 9 inferral cache hits and 108 partitioning cache hits
The partitioning cache has 0 tilings in it right now
The inferral cache has 99 tilings in it right now
There are 62 tilings in the search tree
Time taken so far is 0.4904136657714844 seconds

Doing depth 3
We had 89 inferral cache hits and 706 partitioning cache hits
The partitioning cache has 0 tilings in it right now
The inferral cache has 613 tilings in it right now
There are 414 tilings in the search tree
Time taken so far is 7.096637010574341 seconds

Doing depth 4
We had 1629 inferral cache hits and 5277 partitioning cache hits
The partitioning cache has 0 tilings in it right now
The inferral cache has 5930 tilings in it right now
There are 3509 tilings in the search tree
Time taken so far is 135.08168959617615 seconds

Now processing 0132_0231_1203_3012
Doing depth 1
We had 0 inferral cache hits and 9 partitioning cache hits
The partitioning cache has 0 tilings in it right now
The inferral cache has 14 tilings in it right now
There are 11 tilings in the search tree
Time taken so far is 0.03167080879211426 seconds

Doing depth 2
We had 9 inferral cache hits and 108 partitioning cache hits
The partitioning cache has 0 tilings in it right now
The inferral cache has 96 tilings in it right now
There are 62 tilings in the search tree
Time taken so far is 0.4567604064941406 seconds

Doing depth 3
We had 101 inferral cache hits and 706 partitioning cache hits
The partitioning cache has 0 tilings in it right now
The inferral cache has 581 tilings in it right now
There are 392 tilings in the search tree
Time taken so far is 6.667154788970947 seconds

Doing depth 4
We had 1569 inferral cache hits and 4973 partitioning cache hits
The partitioning cache has 0 tilings in it right now
The inferral cache has 5512 tilings in it right now
There are 3121 tilings in the search tree
Time taken so far is 124.80230116844177 seconds

Now processing 0132_0231_1230_2013
Doing depth 1
We had 0 inferral cache hits and 9 partitioning cache hits
The partitioning cache has 0 tilings in it right now
The inferral cache has 14 tilings in it right now
There are 11 tilings in the search tree
Time taken so far is 0.03176474571228027 seconds

Doing depth 2
We had 9 inferral cache hits and 108 partitioning cache hits
The partitioning cache has 0 tilings in it right now
The inferral cache has 93 tilings in it right now
There are 62 tilings in the search tree
Time taken so far is 0.4507303237915039 seconds

Doing depth 3
We had 98 inferral cache hits and 706 partitioning cache hits
The partitioning cache has 0 tilings in it right now
The inferral cache has 550 tilings in it right now
There are 390 tilings in the search tree
Time taken so far is 6.4247376918792725 seconds

Doing depth 4
We had 1470 inferral cache hits and 4871 partitioning cache hits
The partitioning cache has 0 tilings in it right now
The inferral cache has 4736 tilings in it right now
There are 2971 tilings in the search tree
Time taken so far is 117.62507367134094 seconds

Now processing 0132_0231_1230_2301
Doing depth 1
We had 0 inferral cache hits and 9 partitioning cache hits
The partitioning cache has 0 tilings in it right now
The inferral cache has 13 tilings in it right now
There are 11 tilings in the search tree
Time taken so far is 0.031838417053222656 seconds

Doing depth 2
We had 9 inferral cache hits and 108 partitioning cache hits
The partitioning cache has 0 tilings in it right now
The inferral cache has 91 tilings in it right now
There are 62 tilings in the search tree
Time taken so far is 0.45707225799560547 seconds

Doing depth 3
We had 102 inferral cache hits and 706 partitioning cache hits
The partitioning cache has 0 tilings in it right now
The inferral cache has 518 tilings in it right now
There are 377 tilings in the search tree
Time taken so far is 6.3807783126831055 seconds

Doing depth 4
We had 1406 inferral cache hits and 4875 partitioning cache hits
The partitioning cache has 0 tilings in it right now
The inferral cache has 4137 tilings in it right now
There are 2730 tilings in the search tree
Time taken so far is 113.76330041885376 seconds

Now processing 0132_0231_1230_3012
Doing depth 1
We had 0 inferral cache hits and 9 partitioning cache hits
The partitioning cache has 0 tilings in it right now
The inferral cache has 14 tilings in it right now
There are 11 tilings in the search tree
Time taken so far is 0.031709909439086914 seconds

Doing depth 2
We had 9 inferral cache hits and 108 partitioning cache hits
The partitioning cache has 0 tilings in it right now
The inferral cache has 91 tilings in it right now
There are 62 tilings in the search tree
Time taken so far is 0.4405198097229004 seconds

Doing depth 3
We had 96 inferral cache hits and 706 partitioning cache hits
The partitioning cache has 0 tilings in it right now
The inferral cache has 504 tilings in it right now
There are 363 tilings in the search tree
Time taken so far is 6.015655517578125 seconds

Doing depth 4
We had 1159 inferral cache hits and 4601 partitioning cache hits
The partitioning cache has 0 tilings in it right now
The inferral cache has 3685 tilings in it right now
There are 2384 tilings in the search tree
Time taken so far is 101.22142100334167 seconds

Now processing 0132_0231_1302_3012
Doing depth 1
We had 0 inferral cache hits and 9 partitioning cache hits
The partitioning cache has 0 tilings in it right now
The inferral cache has 13 tilings in it right now
There are 11 tilings in the search tree
Time taken so far is 0.05547833442687988 seconds

Doing depth 2
We had 9 inferral cache hits and 108 partitioning cache hits
The partitioning cache has 0 tilings in it right now
The inferral cache has 97 tilings in it right now
There are 62 tilings in the search tree
Time taken so far is 0.5873746871948242 seconds

Doing depth 3
We had 103 inferral cache hits and 706 partitioning cache hits
The partitioning cache has 0 tilings in it right now
The inferral cache has 671 tilings in it right now
There are 444 tilings in the search tree
Time taken so far is 7.868769645690918 seconds

Doing depth 4
We had 2102 inferral cache hits and 6068 partitioning cache hits
The partitioning cache has 0 tilings in it right now
The inferral cache has 7606 tilings in it right now
There are 4211 tilings in the search tree
Time taken so far is 163.92589616775513 seconds

Now processing 0132_0231_1320_3021
Doing depth 1
We had 0 inferral cache hits and 9 partitioning cache hits
The partitioning cache has 0 tilings in it right now
The inferral cache has 14 tilings in it right now
There are 11 tilings in the search tree
Time taken so far is 0.05930733680725098 seconds

Doing depth 2
We had 9 inferral cache hits and 108 partitioning cache hits
The partitioning cache has 0 tilings in it right now
The inferral cache has 94 tilings in it right now
There are 62 tilings in the search tree
Time taken so far is 0.5594038963317871 seconds

Doing depth 3
We had 102 inferral cache hits and 706 partitioning cache hits
The partitioning cache has 0 tilings in it right now
The inferral cache has 598 tilings in it right now
There are 410 tilings in the search tree
Time taken so far is 7.149691820144653 seconds

Doing depth 4
We had 1760 inferral cache hits and 5351 partitioning cache hits
The partitioning cache has 0 tilings in it right now
The inferral cache has 6426 tilings in it right now
There are 3682 tilings in the search tree
Time taken so far is 142.07041096687317 seconds

Now processing 0132_0231_2013_2301
Doing depth 1
We had 0 inferral cache hits and 9 partitioning cache hits
The partitioning cache has 0 tilings in it right now
The inferral cache has 14 tilings in it right now
There are 11 tilings in the search tree
Time taken so far is 0.05001950263977051 seconds

Doing depth 2
We had 9 inferral cache hits and 108 partitioning cache hits
The partitioning cache has 0 tilings in it right now
The inferral cache has 95 tilings in it right now
There are 62 tilings in the search tree
Time taken so far is 0.603262186050415 seconds

Doing depth 3
We had 98 inferral cache hits and 706 partitioning cache hits
The partitioning cache has 0 tilings in it right now
The inferral cache has 601 tilings in it right now
There are 409 tilings in the search tree
Time taken so far is 6.997981309890747 seconds

Doing depth 4
We had 1699 inferral cache hits and 5319 partitioning cache hits
The partitioning cache has 0 tilings in it right now
The inferral cache has 5792 tilings in it right now
There are 3319 tilings in the search tree
Time taken so far is 132.35507130622864 seconds

Now processing 0132_0231_2013_3012
Doing depth 1
We had 0 inferral cache hits and 9 partitioning cache hits
The partitioning cache has 0 tilings in it right now
The inferral cache has 14 tilings in it right now
There are 11 tilings in the search tree
Time taken so far is 0.032842159271240234 seconds

Doing depth 2
We had 9 inferral cache hits and 108 partitioning cache hits
The partitioning cache has 0 tilings in it right now
The inferral cache has 94 tilings in it right now
There are 62 tilings in the search tree
Time taken so far is 0.455136775970459 seconds

Doing depth 3
We had 94 inferral cache hits and 706 partitioning cache hits
The partitioning cache has 0 tilings in it right now
The inferral cache has 560 tilings in it right now
There are 384 tilings in the search tree
Time taken so far is 6.578647613525391 seconds

Doing depth 4
We had 1456 inferral cache hits and 5034 partitioning cache hits
The partitioning cache has 0 tilings in it right now
The inferral cache has 5145 tilings in it right now
There are 3039 tilings in the search tree
Time taken so far is 123.31144118309021 seconds

Now processing 0132_0231_2301_3012
Doing depth 1
We had 0 inferral cache hits and 9 partitioning cache hits
The partitioning cache has 0 tilings in it right now
The inferral cache has 13 tilings in it right now
There are 11 tilings in the search tree
Time taken so far is 0.03157377243041992 seconds

Doing depth 2
We had 9 inferral cache hits and 108 partitioning cache hits
The partitioning cache has 0 tilings in it right now
The inferral cache has 93 tilings in it right now
There are 62 tilings in the search tree
Time taken so far is 0.45718955993652344 seconds

Doing depth 3
We had 96 inferral cache hits and 706 partitioning cache hits
The partitioning cache has 0 tilings in it right now
The inferral cache has 541 tilings in it right now
There are 385 tilings in the search tree
Time taken so far is 6.603039026260376 seconds

Doing depth 4
We had 1408 inferral cache hits and 4974 partitioning cache hits
The partitioning cache has 0 tilings in it right now
The inferral cache has 4420 tilings in it right now
There are 2678 tilings in the search tree
Time taken so far is 117.67227983474731 seconds

Now processing 0132_0231_2301_3021
Doing depth 1
We had 0 inferral cache hits and 9 partitioning cache hits
The partitioning cache has 0 tilings in it right now
The inferral cache has 13 tilings in it right now
There are 11 tilings in the search tree
Time taken so far is 0.03188180923461914 seconds

Doing depth 2
We had 9 inferral cache hits and 108 partitioning cache hits
The partitioning cache has 0 tilings in it right now
The inferral cache has 91 tilings in it right now
There are 62 tilings in the search tree
Time taken so far is 0.5429515838623047 seconds

Doing depth 3
We had 97 inferral cache hits and 706 partitioning cache hits
The partitioning cache has 0 tilings in it right now
The inferral cache has 591 tilings in it right now
There are 409 tilings in the search tree
Time taken so far is 6.936491966247559 seconds

Doing depth 4
We had 1793 inferral cache hits and 5381 partitioning cache hits
The partitioning cache has 0 tilings in it right now
The inferral cache has 5515 tilings in it right now
There are 3193 tilings in the search tree
Time taken so far is 131.82470178604126 seconds

Now processing 0132_0231_3021_3120
Doing depth 1
We had 0 inferral cache hits and 9 partitioning cache hits
The partitioning cache has 0 tilings in it right now
The inferral cache has 14 tilings in it right now
There are 11 tilings in the search tree
Time taken so far is 0.033284902572631836 seconds

Doing depth 2
We had 9 inferral cache hits and 108 partitioning cache hits
The partitioning cache has 0 tilings in it right now
The inferral cache has 91 tilings in it right now
There are 63 tilings in the search tree
Time taken so far is 0.4578819274902344 seconds

Doing depth 3
We had 96 inferral cache hits and 706 partitioning cache hits
The partitioning cache has 0 tilings in it right now
The inferral cache has 567 tilings in it right now
There are 403 tilings in the search tree
Time taken so far is 6.803914785385132 seconds

Doing depth 4
We had 1645 inferral cache hits and 5261 partitioning cache hits
The partitioning cache has 0 tilings in it right now
The inferral cache has 5936 tilings in it right now
There are 3578 tilings in the search tree
Time taken so far is 135.0482883453369 seconds

Now processing 0132_0321_1032_3120
Doing depth 1
We had 0 inferral cache hits and 9 partitioning cache hits
The partitioning cache has 0 tilings in it right now
The inferral cache has 14 tilings in it right now
There are 11 tilings in the search tree
Time taken so far is 0.06161999702453613 seconds

Doing depth 2
We had 9 inferral cache hits and 108 partitioning cache hits
The partitioning cache has 0 tilings in it right now
The inferral cache has 95 tilings in it right now
There are 62 tilings in the search tree
Time taken so far is 0.5892181396484375 seconds

Doing depth 3
We had 86 inferral cache hits and 706 partitioning cache hits
The partitioning cache has 0 tilings in it right now
The inferral cache has 572 tilings in it right now
There are 382 tilings in the search tree
Time taken so far is 6.93734884262085 seconds

Doing depth 4
We had 1221 inferral cache hits and 4824 partitioning cache hits
The partitioning cache has 0 tilings in it right now
The inferral cache has 5615 tilings in it right now
There are 3064 tilings in the search tree
Time taken so far is 127.2188332080841 seconds

Now processing 0132_0321_1320_3021
Doing depth 1
We had 0 inferral cache hits and 9 partitioning cache hits
The partitioning cache has 0 tilings in it right now
The inferral cache has 14 tilings in it right now
There are 11 tilings in the search tree
Time taken so far is 0.03139448165893555 seconds

Doing depth 2
We had 10 inferral cache hits and 108 partitioning cache hits
The partitioning cache has 0 tilings in it right now
The inferral cache has 91 tilings in it right now
There are 62 tilings in the search tree
Time taken so far is 0.43404293060302734 seconds

Doing depth 3
We had 104 inferral cache hits and 706 partitioning cache hits
The partitioning cache has 0 tilings in it right now
The inferral cache has 536 tilings in it right now
There are 378 tilings in the search tree
Time taken so far is 6.616207599639893 seconds

Doing depth 4
We had 1432 inferral cache hits and 4706 partitioning cache hits
The partitioning cache has 0 tilings in it right now
The inferral cache has 4920 tilings in it right now
There are 3094 tilings in the search tree
Time taken so far is 128.13727140426636 seconds

Now processing 0132_0321_2301_3120
Doing depth 1
We had 0 inferral cache hits and 9 partitioning cache hits
The partitioning cache has 0 tilings in it right now
The inferral cache has 14 tilings in it right now
There are 11 tilings in the search tree
Time taken so far is 0.03202199935913086 seconds

Doing depth 2
We had 9 inferral cache hits and 108 partitioning cache hits
The partitioning cache has 0 tilings in it right now
The inferral cache has 93 tilings in it right now
There are 62 tilings in the search tree
Time taken so far is 0.5580837726593018 seconds

Doing depth 3
We had 88 inferral cache hits and 706 partitioning cache hits
The partitioning cache has 0 tilings in it right now
The inferral cache has 595 tilings in it right now
There are 390 tilings in the search tree
Time taken so far is 6.659978151321411 seconds

Doing depth 4
We had 1550 inferral cache hits and 4944 partitioning cache hits
The partitioning cache has 0 tilings in it right now
The inferral cache has 6208 tilings in it right now
There are 3170 tilings in the search tree
Time taken so far is 118.23031449317932 seconds

Now processing 0132_1023_1230_2301
Doing depth 1
We had 0 inferral cache hits and 9 partitioning cache hits
The partitioning cache has 0 tilings in it right now
The inferral cache has 14 tilings in it right now
There are 11 tilings in the search tree
Time taken so far is 0.15147662162780762 seconds

Doing depth 2
We had 9 inferral cache hits and 108 partitioning cache hits
The partitioning cache has 0 tilings in it right now
The inferral cache has 93 tilings in it right now
There are 62 tilings in the search tree
Time taken so far is 0.572329044342041 seconds

Doing depth 3
We had 92 inferral cache hits and 706 partitioning cache hits
The partitioning cache has 0 tilings in it right now
The inferral cache has 568 tilings in it right now
There are 374 tilings in the search tree
Time taken so far is 6.481146812438965 seconds

Doing depth 4
We had 1288 inferral cache hits and 4704 partitioning cache hits
The partitioning cache has 0 tilings in it right now
The inferral cache has 4584 tilings in it right now
There are 2490 tilings in the search tree
Time taken so far is 107.84574294090271 seconds

Now processing 0132_1023_1230_3012
Doing depth 1
We had 0 inferral cache hits and 9 partitioning cache hits
The partitioning cache has 0 tilings in it right now
The inferral cache has 14 tilings in it right now
There are 11 tilings in the search tree
Time taken so far is 0.032250165939331055 seconds

Doing depth 2
We had 9 inferral cache hits and 108 partitioning cache hits
The partitioning cache has 0 tilings in it right now
The inferral cache has 93 tilings in it right now
There are 62 tilings in the search tree
Time taken so far is 0.44461965560913086 seconds

Doing depth 3
We had 85 inferral cache hits and 706 partitioning cache hits
The partitioning cache has 0 tilings in it right now
The inferral cache has 539 tilings in it right now
There are 358 tilings in the search tree
Time taken so far is 6.055403709411621 seconds

Doing depth 4
We had 1014 inferral cache hits and 4464 partitioning cache hits
The partitioning cache has 0 tilings in it right now
The inferral cache has 4023 tilings in it right now
There are 2245 tilings in the search tree
Time taken so far is 98.16981148719788 seconds

Now processing 0132_1032_1320_3021
Doing depth 1
We had 0 inferral cache hits and 9 partitioning cache hits
The partitioning cache has 0 tilings in it right now
The inferral cache has 14 tilings in it right now
There are 11 tilings in the search tree
Time taken so far is 0.058831214904785156 seconds

Doing depth 2
We had 9 inferral cache hits and 108 partitioning cache hits
The partitioning cache has 0 tilings in it right now
The inferral cache has 95 tilings in it right now
There are 62 tilings in the search tree
Time taken so far is 0.5625855922698975 seconds

Doing depth 3
We had 89 inferral cache hits and 706 partitioning cache hits
The partitioning cache has 0 tilings in it right now
The inferral cache has 597 tilings in it right now
There are 414 tilings in the search tree
Time taken so far is 7.24870228767395 seconds

Doing depth 4
We had 1609 inferral cache hits and 5216 partitioning cache hits
The partitioning cache has 0 tilings in it right now
The inferral cache has 6211 tilings in it right now
There are 3808 tilings in the search tree
Time taken so far is 145.4400749206543 seconds

Now processing 0132_1203_1230_2013
Doing depth 1
We had 0 inferral cache hits and 9 partitioning cache hits
The partitioning cache has 0 tilings in it right now
The inferral cache has 14 tilings in it right now
There are 11 tilings in the search tree
Time taken so far is 0.05129837989807129 seconds

Doing depth 2
We had 9 inferral cache hits and 108 partitioning cache hits
The partitioning cache has 0 tilings in it right now
The inferral cache has 93 tilings in it right now
There are 62 tilings in the search tree
Time taken so far is 0.6094925403594971 seconds

Doing depth 3
We had 96 inferral cache hits and 706 partitioning cache hits
The partitioning cache has 0 tilings in it right now
The inferral cache has 574 tilings in it right now
There are 399 tilings in the search tree
Time taken so far is 6.752535581588745 seconds

Doing depth 4
We had 1627 inferral cache hits and 5290 partitioning cache hits
The partitioning cache has 0 tilings in it right now
The inferral cache has 5333 tilings in it right now
There are 3193 tilings in the search tree
Time taken so far is 128.6088001728058 seconds

Now processing 0132_1203_1230_2301
Doing depth 1
We had 0 inferral cache hits and 9 partitioning cache hits
The partitioning cache has 0 tilings in it right now
The inferral cache has 14 tilings in it right now
There are 11 tilings in the search tree
Time taken so far is 0.04803109169006348 seconds

Doing depth 2
We had 9 inferral cache hits and 108 partitioning cache hits
The partitioning cache has 0 tilings in it right now
The inferral cache has 94 tilings in it right now
There are 62 tilings in the search tree
Time taken so far is 0.47945737838745117 seconds

Doing depth 3
We had 97 inferral cache hits and 706 partitioning cache hits
The partitioning cache has 0 tilings in it right now
The inferral cache has 561 tilings in it right now
There are 384 tilings in the search tree
Time taken so far is 6.678359746932983 seconds

Doing depth 4
We had 1424 inferral cache hits and 4974 partitioning cache hits
The partitioning cache has 0 tilings in it right now
The inferral cache has 5292 tilings in it right now
There are 3043 tilings in the search tree
Time taken so far is 123.94649457931519 seconds

Now processing 0132_1203_1230_3012
Doing depth 1
We had 0 inferral cache hits and 9 partitioning cache hits
The partitioning cache has 0 tilings in it right now
The inferral cache has 14 tilings in it right now
There are 11 tilings in the search tree
Time taken so far is 0.03206157684326172 seconds

Doing depth 2
We had 9 inferral cache hits and 108 partitioning cache hits
The partitioning cache has 0 tilings in it right now
The inferral cache has 93 tilings in it right now
There are 62 tilings in the search tree
Time taken so far is 0.44874143600463867 seconds

Doing depth 3
We had 97 inferral cache hits and 706 partitioning cache hits
The partitioning cache has 0 tilings in it right now
The inferral cache has 549 tilings in it right now
There are 374 tilings in the search tree
Time taken so far is 6.312533378601074 seconds

Doing depth 4
We had 1409 inferral cache hits and 4824 partitioning cache hits
The partitioning cache has 0 tilings in it right now
The inferral cache has 5029 tilings in it right now
There are 2833 tilings in the search tree
Time taken so far is 114.29907035827637 seconds

Now processing 0132_1203_2013_2301
Doing depth 1
We had 0 inferral cache hits and 9 partitioning cache hits
The partitioning cache has 0 tilings in it right now
The inferral cache has 14 tilings in it right now
There are 11 tilings in the search tree
Time taken so far is 0.031679630279541016 seconds

Doing depth 2
We had 9 inferral cache hits and 108 partitioning cache hits
The partitioning cache has 0 tilings in it right now
The inferral cache has 97 tilings in it right now
There are 62 tilings in the search tree
Time taken so far is 0.4639739990234375 seconds

Doing depth 3
We had 92 inferral cache hits and 706 partitioning cache hits
The partitioning cache has 0 tilings in it right now
The inferral cache has 623 tilings in it right now
There are 422 tilings in the search tree
Time taken so far is 7.142308235168457 seconds

Doing depth 4
We had 1659 inferral cache hits and 5340 partitioning cache hits
The partitioning cache has 0 tilings in it right now
The inferral cache has 6291 tilings in it right now
There are 3703 tilings in the search tree
Time taken so far is 139.13198447227478 seconds

Now processing 0132_1203_2301_3012
Doing depth 1
We had 0 inferral cache hits and 9 partitioning cache hits
The partitioning cache has 0 tilings in it right now
The inferral cache has 14 tilings in it right now
There are 11 tilings in the search tree
Time taken so far is 0.031445980072021484 seconds

Doing depth 2
We had 9 inferral cache hits and 108 partitioning cache hits
The partitioning cache has 0 tilings in it right now
The inferral cache has 96 tilings in it right now
There are 62 tilings in the search tree
Time taken so far is 0.4569995403289795 seconds

Doing depth 3
We had 93 inferral cache hits and 706 partitioning cache hits
The partitioning cache has 0 tilings in it right now
The inferral cache has 590 tilings in it right now
There are 398 tilings in the search tree
Time taken so far is 6.840205907821655 seconds

Doing depth 4
We had 1534 inferral cache hits and 5123 partitioning cache hits
The partitioning cache has 0 tilings in it right now
The inferral cache has 5644 tilings in it right now
There are 3149 tilings in the search tree
Time taken so far is 127.08730983734131 seconds

Now processing 0132_1230_2301_3012
Doing depth 1
We had 0 inferral cache hits and 9 partitioning cache hits
The partitioning cache has 0 tilings in it right now
The inferral cache has 14 tilings in it right now
There are 11 tilings in the search tree
Time taken so far is 0.047835588455200195 seconds

Doing depth 2
We had 10 inferral cache hits and 108 partitioning cache hits
The partitioning cache has 0 tilings in it right now
The inferral cache has 94 tilings in it right now
There are 62 tilings in the search tree
Time taken so far is 0.468858003616333 seconds

Doing depth 3
We had 92 inferral cache hits and 706 partitioning cache hits
The partitioning cache has 0 tilings in it right now
The inferral cache has 528 tilings in it right now
There are 374 tilings in the search tree
Time taken so far is 6.4007568359375 seconds

Doing depth 4
We had 1237 inferral cache hits and 4704 partitioning cache hits
The partitioning cache has 0 tilings in it right now
The inferral cache has 3901 tilings in it right now
There are 2382 tilings in the search tree
Time taken so far is 108.73296189308167 seconds

Now processing 0132_1302_1320_2301
Doing depth 1
We had 0 inferral cache hits and 9 partitioning cache hits
The partitioning cache has 0 tilings in it right now
The inferral cache has 13 tilings in it right now
There are 11 tilings in the search tree
Time taken so far is 0.059337615966796875 seconds

Doing depth 2
We had 9 inferral cache hits and 108 partitioning cache hits
The partitioning cache has 0 tilings in it right now
The inferral cache has 95 tilings in it right now
There are 62 tilings in the search tree
Time taken so far is 0.5849001407623291 seconds

Doing depth 3
We had 97 inferral cache hits and 706 partitioning cache hits
The partitioning cache has 0 tilings in it right now
The inferral cache has 657 tilings in it right now
There are 441 tilings in the search tree
Time taken so far is 7.790458679199219 seconds

Doing depth 4
We had 1927 inferral cache hits and 5651 partitioning cache hits
The partitioning cache has 0 tilings in it right now
The inferral cache has 6701 tilings in it right now
There are 3832 tilings in the search tree
Time taken so far is 156.26450967788696 seconds

Now processing 0132_1302_2301_3120
Doing depth 1
We had 0 inferral cache hits and 9 partitioning cache hits
The partitioning cache has 0 tilings in it right now
The inferral cache has 14 tilings in it right now
There are 11 tilings in the search tree
Time taken so far is 0.048157453536987305 seconds

Doing depth 2
We had 9 inferral cache hits and 108 partitioning cache hits
The partitioning cache has 0 tilings in it right now
The inferral cache has 99 tilings in it right now
There are 62 tilings in the search tree
Time taken so far is 0.48392248153686523 seconds

Doing depth 3
We had 89 inferral cache hits and 706 partitioning cache hits
The partitioning cache has 0 tilings in it right now
The inferral cache has 703 tilings in it right now
There are 454 tilings in the search tree
Time taken so far is 7.623805046081543 seconds

Doing depth 4
We had 2149 inferral cache hits and 5814 partitioning cache hits
The partitioning cache has 0 tilings in it right now
The inferral cache has 7938 tilings in it right now
There are 4312 tilings in the search tree
Time taken so far is 153.1917440891266 seconds

