/users/home/henningu/ATRAP/non-regular-insertion-encodable-bases/logs_length1
Now processing 0123
Doing depth 1
We had 0 inferral cache hits and 14 partitioning cache hits
The partitioning cache has 0 tilings in it right now
The inferral cache has 4 tilings in it right now
There are 4 tilings in the search tree
Time taken so far is 0.020778417587280273 seconds

Doing depth 2
We had 0 inferral cache hits and 56 partitioning cache hits
The partitioning cache has 2 tilings in it right now
The inferral cache has 8 tilings in it right now
There are 10 tilings in the search tree
Time taken so far is 0.0785977840423584 seconds

Doing depth 3
We had 1 inferral cache hits and 119 partitioning cache hits
The partitioning cache has 1 tilings in it right now
The inferral cache has 15 tilings in it right now
There are 17 tilings in the search tree
Time taken so far is 0.19701433181762695 seconds

Doing depth 4
We had 1 inferral cache hits and 153 partitioning cache hits
The partitioning cache has 0 tilings in it right now
The inferral cache has 19 tilings in it right now
There are 20 tilings in the search tree
Time taken so far is 0.44486141204833984 seconds

Doing depth 5
We had 1 inferral cache hits and 243 partitioning cache hits
The partitioning cache has 8 tilings in it right now
The inferral cache has 27 tilings in it right now
There are 30 tilings in the search tree
Time taken so far is 0.9379470348358154 seconds

Doing depth 6
We had 9 inferral cache hits and 505 partitioning cache hits
The partitioning cache has 6 tilings in it right now
The inferral cache has 39 tilings in it right now
There are 48 tilings in the search tree
Time taken so far is 4.665832042694092 seconds

Doing depth 7
We had 9 inferral cache hits and 763 partitioning cache hits
The partitioning cache has 2 tilings in it right now
The inferral cache has 67 tilings in it right now
There are 68 tilings in the search tree
Time taken so far is 18.445611476898193 seconds

Doing depth 8
We had 9 inferral cache hits and 1519 partitioning cache hits
The partitioning cache has 50 tilings in it right now
The inferral cache has 123 tilings in it right now
There are 144 tilings in the search tree
Time taken so far is 38.78595566749573 seconds

Now processing 0132
Doing depth 1
We had 0 inferral cache hits and 14 partitioning cache hits
The partitioning cache has 0 tilings in it right now
The inferral cache has 4 tilings in it right now
There are 4 tilings in the search tree
Time taken so far is 0.015108585357666016 seconds

Doing depth 2
We had 0 inferral cache hits and 56 partitioning cache hits
The partitioning cache has 2 tilings in it right now
The inferral cache has 8 tilings in it right now
There are 10 tilings in the search tree
Time taken so far is 0.06364846229553223 seconds

Doing depth 3
We had 1 inferral cache hits and 119 partitioning cache hits
The partitioning cache has 1 tilings in it right now
The inferral cache has 15 tilings in it right now
There are 17 tilings in the search tree
Time taken so far is 0.16716289520263672 seconds

Doing depth 4
We had 1 inferral cache hits and 153 partitioning cache hits
The partitioning cache has 0 tilings in it right now
The inferral cache has 19 tilings in it right now
There are 20 tilings in the search tree
Time taken so far is 0.4025852680206299 seconds

Doing depth 5
We had 1 inferral cache hits and 243 partitioning cache hits
The partitioning cache has 8 tilings in it right now
The inferral cache has 27 tilings in it right now
There are 30 tilings in the search tree
Time taken so far is 0.8810908794403076 seconds

Doing depth 6
We had 9 inferral cache hits and 505 partitioning cache hits
The partitioning cache has 6 tilings in it right now
The inferral cache has 39 tilings in it right now
There are 48 tilings in the search tree
Time taken so far is 4.745933294296265 seconds

Doing depth 7
We had 9 inferral cache hits and 763 partitioning cache hits
The partitioning cache has 2 tilings in it right now
The inferral cache has 67 tilings in it right now
There are 68 tilings in the search tree
Time taken so far is 18.890429973602295 seconds

Doing depth 8
We had 9 inferral cache hits and 1519 partitioning cache hits
The partitioning cache has 50 tilings in it right now
The inferral cache has 124 tilings in it right now
There are 141 tilings in the search tree
Time taken so far is 39.656859159469604 seconds

Now processing 0213
Doing depth 1
We had 0 inferral cache hits and 14 partitioning cache hits
The partitioning cache has 0 tilings in it right now
The inferral cache has 4 tilings in it right now
There are 4 tilings in the search tree
Time taken so far is 0.015507936477661133 seconds

Doing depth 2
We had 0 inferral cache hits and 56 partitioning cache hits
The partitioning cache has 2 tilings in it right now
The inferral cache has 8 tilings in it right now
There are 10 tilings in the search tree
Time taken so far is 0.06479310989379883 seconds

Doing depth 3
We had 1 inferral cache hits and 119 partitioning cache hits
The partitioning cache has 1 tilings in it right now
The inferral cache has 15 tilings in it right now
There are 17 tilings in the search tree
Time taken so far is 0.20620965957641602 seconds

Doing depth 4
We had 1 inferral cache hits and 153 partitioning cache hits
The partitioning cache has 1 tilings in it right now
The inferral cache has 18 tilings in it right now
There are 20 tilings in the search tree
Time taken so far is 0.47467041015625 seconds

Doing depth 5
We had 1 inferral cache hits and 244 partitioning cache hits
The partitioning cache has 8 tilings in it right now
The inferral cache has 26 tilings in it right now
There are 29 tilings in the search tree
Time taken so far is 1.0008161067962646 seconds

Doing depth 6
We had 9 inferral cache hits and 506 partitioning cache hits
The partitioning cache has 6 tilings in it right now
The inferral cache has 38 tilings in it right now
There are 43 tilings in the search tree
Time taken so far is 6.083837270736694 seconds

Doing depth 7
We had 9 inferral cache hits and 764 partitioning cache hits
The partitioning cache has 6 tilings in it right now
The inferral cache has 61 tilings in it right now
There are 60 tilings in the search tree
Time taken so far is 26.31375479698181 seconds

Doing depth 8
We had 9 inferral cache hits and 1507 partitioning cache hits
The partitioning cache has 48 tilings in it right now
The inferral cache has 121 tilings in it right now
There are 135 tilings in the search tree
Time taken so far is 54.71535634994507 seconds

Now processing 0231
Doing depth 1
We had 0 inferral cache hits and 14 partitioning cache hits
The partitioning cache has 0 tilings in it right now
The inferral cache has 4 tilings in it right now
There are 4 tilings in the search tree
Time taken so far is 0.014649629592895508 seconds

Doing depth 2
We had 0 inferral cache hits and 56 partitioning cache hits
The partitioning cache has 2 tilings in it right now
The inferral cache has 8 tilings in it right now
There are 10 tilings in the search tree
Time taken so far is 0.062316179275512695 seconds

Doing depth 3
We had 1 inferral cache hits and 119 partitioning cache hits
The partitioning cache has 1 tilings in it right now
The inferral cache has 15 tilings in it right now
There are 17 tilings in the search tree
Time taken so far is 0.17706060409545898 seconds

Doing depth 4
We had 1 inferral cache hits and 153 partitioning cache hits
The partitioning cache has 1 tilings in it right now
The inferral cache has 18 tilings in it right now
There are 20 tilings in the search tree
Time taken so far is 0.4223513603210449 seconds

Doing depth 5
We had 1 inferral cache hits and 244 partitioning cache hits
The partitioning cache has 8 tilings in it right now
The inferral cache has 26 tilings in it right now
There are 29 tilings in the search tree
Time taken so far is 0.9813013076782227 seconds

Doing depth 6
We had 9 inferral cache hits and 506 partitioning cache hits
The partitioning cache has 6 tilings in it right now
The inferral cache has 38 tilings in it right now
There are 43 tilings in the search tree
Time taken so far is 6.170424222946167 seconds

Doing depth 7
We had 9 inferral cache hits and 764 partitioning cache hits
The partitioning cache has 6 tilings in it right now
The inferral cache has 61 tilings in it right now
There are 60 tilings in the search tree
Time taken so far is 26.926891803741455 seconds

Doing depth 8
We had 9 inferral cache hits and 1514 partitioning cache hits
The partitioning cache has 47 tilings in it right now
The inferral cache has 124 tilings in it right now
There are 136 tilings in the search tree
Time taken so far is 56.55188846588135 seconds

Now processing 0321
Doing depth 1
We had 0 inferral cache hits and 14 partitioning cache hits
The partitioning cache has 0 tilings in it right now
The inferral cache has 4 tilings in it right now
There are 4 tilings in the search tree
Time taken so far is 0.020512819290161133 seconds

Doing depth 2
We had 0 inferral cache hits and 56 partitioning cache hits
The partitioning cache has 2 tilings in it right now
The inferral cache has 8 tilings in it right now
There are 10 tilings in the search tree
Time taken so far is 0.08033537864685059 seconds

Doing depth 3
We had 1 inferral cache hits and 119 partitioning cache hits
The partitioning cache has 1 tilings in it right now
The inferral cache has 15 tilings in it right now
There are 17 tilings in the search tree
Time taken so far is 0.19753193855285645 seconds

Doing depth 4
We had 1 inferral cache hits and 153 partitioning cache hits
The partitioning cache has 0 tilings in it right now
The inferral cache has 19 tilings in it right now
There are 20 tilings in the search tree
Time taken so far is 0.44659876823425293 seconds

Doing depth 5
We had 1 inferral cache hits and 243 partitioning cache hits
The partitioning cache has 8 tilings in it right now
The inferral cache has 27 tilings in it right now
There are 30 tilings in the search tree
Time taken so far is 0.9328279495239258 seconds

Doing depth 6
We had 9 inferral cache hits and 505 partitioning cache hits
The partitioning cache has 6 tilings in it right now
The inferral cache has 39 tilings in it right now
There are 48 tilings in the search tree
Time taken so far is 4.8660805225372314 seconds

Doing depth 7
We had 9 inferral cache hits and 763 partitioning cache hits
The partitioning cache has 2 tilings in it right now
The inferral cache has 67 tilings in it right now
There are 68 tilings in the search tree
Time taken so far is 18.961307048797607 seconds

Doing depth 8
We had 9 inferral cache hits and 1519 partitioning cache hits
The partitioning cache has 50 tilings in it right now
The inferral cache has 124 tilings in it right now
There are 145 tilings in the search tree
Time taken so far is 40.10406517982483 seconds

Now processing 1032
Doing depth 1
We had 0 inferral cache hits and 14 partitioning cache hits
The partitioning cache has 0 tilings in it right now
The inferral cache has 3 tilings in it right now
There are 4 tilings in the search tree
Time taken so far is 0.011836051940917969 seconds

Doing depth 2
We had 0 inferral cache hits and 56 partitioning cache hits
The partitioning cache has 2 tilings in it right now
The inferral cache has 7 tilings in it right now
There are 8 tilings in the search tree
Time taken so far is 0.05688142776489258 seconds

Doing depth 3
We had 1 inferral cache hits and 119 partitioning cache hits
The partitioning cache has 1 tilings in it right now
The inferral cache has 12 tilings in it right now
There are 13 tilings in the search tree
Time taken so far is 0.19437742233276367 seconds

Doing depth 4
We had 1 inferral cache hits and 153 partitioning cache hits
The partitioning cache has 1 tilings in it right now
The inferral cache has 15 tilings in it right now
There are 15 tilings in the search tree
Time taken so far is 0.5854957103729248 seconds

Doing depth 5
We had 1 inferral cache hits and 244 partitioning cache hits
The partitioning cache has 8 tilings in it right now
The inferral cache has 23 tilings in it right now
There are 25 tilings in the search tree
Time taken so far is 1.0899829864501953 seconds

Doing depth 6
We had 9 inferral cache hits and 506 partitioning cache hits
The partitioning cache has 6 tilings in it right now
The inferral cache has 34 tilings in it right now
There are 40 tilings in the search tree
Time taken so far is 6.199709892272949 seconds

Doing depth 7
We had 9 inferral cache hits and 764 partitioning cache hits
The partitioning cache has 9 tilings in it right now
The inferral cache has 56 tilings in it right now
There are 58 tilings in the search tree
Time taken so far is 28.505794048309326 seconds

Doing depth 8
We had 9 inferral cache hits and 1514 partitioning cache hits
The partitioning cache has 48 tilings in it right now
The inferral cache has 108 tilings in it right now
There are 124 tilings in the search tree
Time taken so far is 51.02612543106079 seconds

Now processing 1302
Doing depth 1
We had 0 inferral cache hits and 14 partitioning cache hits
The partitioning cache has 0 tilings in it right now
The inferral cache has 3 tilings in it right now
There are 4 tilings in the search tree
Time taken so far is 0.011712074279785156 seconds

Doing depth 2
We had 0 inferral cache hits and 56 partitioning cache hits
The partitioning cache has 2 tilings in it right now
The inferral cache has 7 tilings in it right now
There are 8 tilings in the search tree
Time taken so far is 0.05721330642700195 seconds

Doing depth 3
We had 1 inferral cache hits and 119 partitioning cache hits
The partitioning cache has 1 tilings in it right now
The inferral cache has 12 tilings in it right now
There are 13 tilings in the search tree
Time taken so far is 0.19459295272827148 seconds

Doing depth 4
We had 1 inferral cache hits and 153 partitioning cache hits
The partitioning cache has 2 tilings in it right now
The inferral cache has 14 tilings in it right now
There are 15 tilings in the search tree
Time taken so far is 0.5868122577667236 seconds

Doing depth 5
We had 1 inferral cache hits and 250 partitioning cache hits
The partitioning cache has 7 tilings in it right now
The inferral cache has 24 tilings in it right now
There are 24 tilings in the search tree
Time taken so far is 1.2069506645202637 seconds

Doing depth 6
We had 8 inferral cache hits and 506 partitioning cache hits
The partitioning cache has 5 tilings in it right now
The inferral cache has 38 tilings in it right now
There are 38 tilings in the search tree
Time taken so far is 8.732242107391357 seconds

Doing depth 7
We had 8 inferral cache hits and 725 partitioning cache hits
The partitioning cache has 11 tilings in it right now
The inferral cache has 52 tilings in it right now
There are 50 tilings in the search tree
Time taken so far is 41.33335089683533 seconds

Doing depth 8
We had 10 inferral cache hits and 1403 partitioning cache hits
The partitioning cache has 39 tilings in it right now
The inferral cache has 110 tilings in it right now
There are 103 tilings in the search tree
Time taken so far is 78.77906799316406 seconds

