/users/home/henningu/ATRAP/non-regular-insertion-encodable-bases/logs_length1
Now processing 0123
Doing depth 1
We had 0 inferral cache hits and 14 partitioning cache hits
The partitioning cache has 0 tilings in it right now
The inferral cache has 10 tilings in it right now
There are 7 tilings in the search tree
Time taken so far is 0.0820016860961914 seconds

Doing depth 2
We had 4 inferral cache hits and 195 partitioning cache hits
The partitioning cache has 8 tilings in it right now
The inferral cache has 50 tilings in it right now
There are 36 tilings in the search tree
Time taken so far is 0.574472188949585 seconds

Doing depth 3
We had 12 inferral cache hits and 1135 partitioning cache hits
The partitioning cache has 86 tilings in it right now
The inferral cache has 200 tilings in it right now
There are 164 tilings in the search tree
Time taken so far is 3.5492334365844727 seconds

Doing depth 4
We had 302 inferral cache hits and 6054 partitioning cache hits
The partitioning cache has 204 tilings in it right now
The inferral cache has 1050 tilings in it right now
There are 718 tilings in the search tree
Time taken so far is 29.07641315460205 seconds

Doing depth 5
We had 1349 inferral cache hits and 38066 partitioning cache hits
The partitioning cache has 1873 tilings in it right now
The inferral cache has 6369 tilings in it right now
There are 4372 tilings in the search tree
Time taken so far is 280.0122740268707 seconds

Now processing 0132
Doing depth 1
We had 0 inferral cache hits and 14 partitioning cache hits
The partitioning cache has 0 tilings in it right now
The inferral cache has 8 tilings in it right now
There are 7 tilings in the search tree
Time taken so far is 0.053591251373291016 seconds

Doing depth 2
We had 5 inferral cache hits and 191 partitioning cache hits
The partitioning cache has 10 tilings in it right now
The inferral cache has 47 tilings in it right now
There are 34 tilings in the search tree
Time taken so far is 0.5669550895690918 seconds

Doing depth 3
We had 13 inferral cache hits and 1173 partitioning cache hits
The partitioning cache has 93 tilings in it right now
The inferral cache has 204 tilings in it right now
There are 168 tilings in the search tree
Time taken so far is 3.9076030254364014 seconds

Doing depth 4
We had 333 inferral cache hits and 6965 partitioning cache hits
The partitioning cache has 328 tilings in it right now
The inferral cache has 1193 tilings in it right now
There are 862 tilings in the search tree
Time taken so far is 38.514602184295654 seconds

Doing depth 5
We had 2035 inferral cache hits and 49366 partitioning cache hits
The partitioning cache has 2542 tilings in it right now
The inferral cache has 8179 tilings in it right now
There are 5976 tilings in the search tree
Time taken so far is 453.1887106895447 seconds

Now processing 0213
Doing depth 1
We had 0 inferral cache hits and 14 partitioning cache hits
The partitioning cache has 0 tilings in it right now
The inferral cache has 10 tilings in it right now
There are 7 tilings in the search tree
Time taken so far is 0.03048086166381836 seconds

Doing depth 2
We had 4 inferral cache hits and 195 partitioning cache hits
The partitioning cache has 8 tilings in it right now
The inferral cache has 54 tilings in it right now
There are 36 tilings in the search tree
Time taken so far is 0.4254312515258789 seconds

Doing depth 3
We had 12 inferral cache hits and 1215 partitioning cache hits
The partitioning cache has 98 tilings in it right now
The inferral cache has 228 tilings in it right now
There are 184 tilings in the search tree
Time taken so far is 3.966489791870117 seconds

Doing depth 4
We had 371 inferral cache hits and 7924 partitioning cache hits
The partitioning cache has 381 tilings in it right now
The inferral cache has 1426 tilings in it right now
There are 1022 tilings in the search tree
Time taken so far is 47.01968765258789 seconds

Doing depth 5
We had 2930 inferral cache hits and 62997 partitioning cache hits
The partitioning cache has 3121 tilings in it right now
The inferral cache has 11041 tilings in it right now
There are 7553 tilings in the search tree
Time taken so far is 631.1842694282532 seconds

Now processing 0231
Doing depth 1
We had 0 inferral cache hits and 14 partitioning cache hits
The partitioning cache has 0 tilings in it right now
The inferral cache has 8 tilings in it right now
There are 7 tilings in the search tree
Time taken so far is 0.028038501739501953 seconds

Doing depth 2
We had 5 inferral cache hits and 191 partitioning cache hits
The partitioning cache has 10 tilings in it right now
The inferral cache has 48 tilings in it right now
There are 34 tilings in the search tree
Time taken so far is 0.39891672134399414 seconds

Doing depth 3
We had 13 inferral cache hits and 1233 partitioning cache hits
The partitioning cache has 100 tilings in it right now
The inferral cache has 227 tilings in it right now
There are 180 tilings in the search tree
Time taken so far is 3.991502046585083 seconds

Doing depth 4
We had 382 inferral cache hits and 8583 partitioning cache hits
The partitioning cache has 476 tilings in it right now
The inferral cache has 1507 tilings in it right now
There are 1062 tilings in the search tree
Time taken so far is 51.99411106109619 seconds

Doing depth 5
We had 3496 inferral cache hits and 73006 partitioning cache hits
The partitioning cache has 3835 tilings in it right now
The inferral cache has 12453 tilings in it right now
There are 8269 tilings in the search tree
Time taken so far is 782.5938200950623 seconds

Now processing 0321
Doing depth 1
We had 0 inferral cache hits and 14 partitioning cache hits
The partitioning cache has 0 tilings in it right now
The inferral cache has 8 tilings in it right now
There are 7 tilings in the search tree
Time taken so far is 0.027697086334228516 seconds

Doing depth 2
We had 5 inferral cache hits and 191 partitioning cache hits
The partitioning cache has 11 tilings in it right now
The inferral cache has 46 tilings in it right now
There are 34 tilings in the search tree
Time taken so far is 0.38892483711242676 seconds

Doing depth 3
We had 13 inferral cache hits and 1174 partitioning cache hits
The partitioning cache has 100 tilings in it right now
The inferral cache has 194 tilings in it right now
There are 166 tilings in the search tree
Time taken so far is 3.595494270324707 seconds

Doing depth 4
We had 345 inferral cache hits and 6836 partitioning cache hits
The partitioning cache has 375 tilings in it right now
The inferral cache has 1069 tilings in it right now
There are 811 tilings in the search tree
Time taken so far is 37.211984157562256 seconds

Doing depth 5
We had 2148 inferral cache hits and 45468 partitioning cache hits
The partitioning cache has 2645 tilings in it right now
The inferral cache has 7051 tilings in it right now
There are 5197 tilings in the search tree
Time taken so far is 395.03449153900146 seconds

Now processing 1032
Doing depth 1
We had 0 inferral cache hits and 14 partitioning cache hits
The partitioning cache has 0 tilings in it right now
The inferral cache has 6 tilings in it right now
There are 7 tilings in the search tree
Time taken so far is 0.024161577224731445 seconds

Doing depth 2
We had 8 inferral cache hits and 179 partitioning cache hits
The partitioning cache has 10 tilings in it right now
The inferral cache has 40 tilings in it right now
There are 31 tilings in the search tree
Time taken so far is 0.3487727642059326 seconds

Doing depth 3
We had 16 inferral cache hits and 1201 partitioning cache hits
The partitioning cache has 100 tilings in it right now
The inferral cache has 196 tilings in it right now
There are 167 tilings in the search tree
Time taken so far is 3.769721508026123 seconds

Doing depth 4
We had 377 inferral cache hits and 7742 partitioning cache hits
The partitioning cache has 521 tilings in it right now
The inferral cache has 1158 tilings in it right now
There are 914 tilings in the search tree
Time taken so far is 44.06755805015564 seconds

Doing depth 5
We had 2965 inferral cache hits and 55488 partitioning cache hits
The partitioning cache has 3641 tilings in it right now
The inferral cache has 7792 tilings in it right now
There are 6112 tilings in the search tree
Time taken so far is 526.588958978653 seconds

Now processing 1302
Doing depth 1
We had 0 inferral cache hits and 14 partitioning cache hits
The partitioning cache has 0 tilings in it right now
The inferral cache has 6 tilings in it right now
There are 7 tilings in the search tree
Time taken so far is 0.022930383682250977 seconds

Doing depth 2
We had 8 inferral cache hits and 179 partitioning cache hits
The partitioning cache has 8 tilings in it right now
The inferral cache has 42 tilings in it right now
There are 31 tilings in the search tree
Time taken so far is 0.35030078887939453 seconds

Doing depth 3
We had 16 inferral cache hits and 1359 partitioning cache hits
The partitioning cache has 108 tilings in it right now
The inferral cache has 250 tilings in it right now
There are 199 tilings in the search tree
Time taken so far is 4.750710487365723 seconds

Doing depth 4
We had 527 inferral cache hits and 12322 partitioning cache hits
The partitioning cache has 816 tilings in it right now
The inferral cache has 2129 tilings in it right now
There are 1523 tilings in the search tree
Time taken so far is 84.08980226516724 seconds

Doing depth 5
We had 7463 inferral cache hits and 143448 partitioning cache hits
The partitioning cache has 7993 tilings in it right now
The inferral cache has 23097 tilings in it right now
There are 15327 tilings in the search tree
Time taken so far is 1800.9327917099 seconds

