/users/home/henningu/ATRAP/non-regular-insertion-encodable-bases/logs_length1
Now processing 0123
Doing depth 1
We had 0 inferral cache hits and 14 partitioning cache hits
The partitioning cache has 0 tilings in it right now
The inferral cache has 4 tilings in it right now
There are 4 tilings in the search tree
Time taken so far is 0.04202771186828613 seconds

Doing depth 2
We had 0 inferral cache hits and 56 partitioning cache hits
The partitioning cache has 2 tilings in it right now
The inferral cache has 8 tilings in it right now
There are 10 tilings in the search tree
Time taken so far is 0.1313321590423584 seconds

Doing depth 3
We had 1 inferral cache hits and 119 partitioning cache hits
The partitioning cache has 1 tilings in it right now
The inferral cache has 15 tilings in it right now
There are 17 tilings in the search tree
Time taken so far is 0.27997469902038574 seconds

Doing depth 4
We had 1 inferral cache hits and 153 partitioning cache hits
The partitioning cache has 0 tilings in it right now
The inferral cache has 19 tilings in it right now
There are 20 tilings in the search tree
Time taken so far is 0.530458927154541 seconds

Doing depth 5
We had 1 inferral cache hits and 243 partitioning cache hits
The partitioning cache has 8 tilings in it right now
The inferral cache has 27 tilings in it right now
There are 30 tilings in the search tree
Time taken so far is 1.0227153301239014 seconds

Doing depth 6
We had 9 inferral cache hits and 505 partitioning cache hits
The partitioning cache has 6 tilings in it right now
The inferral cache has 39 tilings in it right now
There are 48 tilings in the search tree
Time taken so far is 4.392596483230591 seconds

Doing depth 7
We had 9 inferral cache hits and 763 partitioning cache hits
The partitioning cache has 2 tilings in it right now
The inferral cache has 67 tilings in it right now
There are 68 tilings in the search tree
Time taken so far is 17.101498126983643 seconds

Doing depth 8
We had 9 inferral cache hits and 1519 partitioning cache hits
The partitioning cache has 50 tilings in it right now
The inferral cache has 123 tilings in it right now
There are 144 tilings in the search tree
Time taken so far is 35.20750331878662 seconds

Now processing 0132
Doing depth 1
We had 0 inferral cache hits and 14 partitioning cache hits
The partitioning cache has 0 tilings in it right now
The inferral cache has 4 tilings in it right now
There are 4 tilings in the search tree
Time taken so far is 0.023413419723510742 seconds

Doing depth 2
We had 0 inferral cache hits and 56 partitioning cache hits
The partitioning cache has 2 tilings in it right now
The inferral cache has 8 tilings in it right now
There are 10 tilings in the search tree
Time taken so far is 0.08954572677612305 seconds

Doing depth 3
We had 1 inferral cache hits and 119 partitioning cache hits
The partitioning cache has 1 tilings in it right now
The inferral cache has 15 tilings in it right now
There are 17 tilings in the search tree
Time taken so far is 0.22254323959350586 seconds

Doing depth 4
We had 1 inferral cache hits and 153 partitioning cache hits
The partitioning cache has 0 tilings in it right now
The inferral cache has 19 tilings in it right now
There are 20 tilings in the search tree
Time taken so far is 0.48629021644592285 seconds

Doing depth 5
We had 1 inferral cache hits and 243 partitioning cache hits
The partitioning cache has 8 tilings in it right now
The inferral cache has 27 tilings in it right now
There are 30 tilings in the search tree
Time taken so far is 0.9480080604553223 seconds

Doing depth 6
We had 9 inferral cache hits and 505 partitioning cache hits
The partitioning cache has 6 tilings in it right now
The inferral cache has 39 tilings in it right now
There are 48 tilings in the search tree
Time taken so far is 4.39275336265564 seconds

Doing depth 7
We had 9 inferral cache hits and 763 partitioning cache hits
The partitioning cache has 2 tilings in it right now
The inferral cache has 67 tilings in it right now
There are 68 tilings in the search tree
Time taken so far is 17.13140559196472 seconds

Doing depth 8
We had 9 inferral cache hits and 1519 partitioning cache hits
The partitioning cache has 50 tilings in it right now
The inferral cache has 124 tilings in it right now
There are 141 tilings in the search tree
Time taken so far is 35.20608949661255 seconds

Now processing 0213
Doing depth 1
We had 0 inferral cache hits and 14 partitioning cache hits
The partitioning cache has 0 tilings in it right now
The inferral cache has 4 tilings in it right now
There are 4 tilings in the search tree
Time taken so far is 0.02423095703125 seconds

Doing depth 2
We had 0 inferral cache hits and 56 partitioning cache hits
The partitioning cache has 2 tilings in it right now
The inferral cache has 8 tilings in it right now
There are 10 tilings in the search tree
Time taken so far is 0.0930788516998291 seconds

Doing depth 3
We had 1 inferral cache hits and 119 partitioning cache hits
The partitioning cache has 1 tilings in it right now
The inferral cache has 15 tilings in it right now
There are 17 tilings in the search tree
Time taken so far is 0.2260265350341797 seconds

Doing depth 4
We had 1 inferral cache hits and 153 partitioning cache hits
The partitioning cache has 1 tilings in it right now
The inferral cache has 18 tilings in it right now
There are 20 tilings in the search tree
Time taken so far is 0.46935200691223145 seconds

Doing depth 5
We had 1 inferral cache hits and 244 partitioning cache hits
The partitioning cache has 8 tilings in it right now
The inferral cache has 26 tilings in it right now
There are 29 tilings in the search tree
Time taken so far is 0.9965684413909912 seconds

Doing depth 6
We had 9 inferral cache hits and 506 partitioning cache hits
The partitioning cache has 6 tilings in it right now
The inferral cache has 38 tilings in it right now
There are 43 tilings in the search tree
Time taken so far is 5.631264686584473 seconds

Doing depth 7
We had 9 inferral cache hits and 764 partitioning cache hits
The partitioning cache has 6 tilings in it right now
The inferral cache has 61 tilings in it right now
There are 60 tilings in the search tree
Time taken so far is 24.40585970878601 seconds

Doing depth 8
We had 9 inferral cache hits and 1507 partitioning cache hits
The partitioning cache has 50 tilings in it right now
The inferral cache has 121 tilings in it right now
There are 135 tilings in the search tree
Time taken so far is 50.02738332748413 seconds

Now processing 0231
Doing depth 1
We had 0 inferral cache hits and 14 partitioning cache hits
The partitioning cache has 0 tilings in it right now
The inferral cache has 4 tilings in it right now
There are 4 tilings in the search tree
Time taken so far is 0.022963523864746094 seconds

Doing depth 2
We had 0 inferral cache hits and 56 partitioning cache hits
The partitioning cache has 2 tilings in it right now
The inferral cache has 8 tilings in it right now
There are 10 tilings in the search tree
Time taken so far is 0.08805966377258301 seconds

Doing depth 3
We had 1 inferral cache hits and 119 partitioning cache hits
The partitioning cache has 1 tilings in it right now
The inferral cache has 15 tilings in it right now
There are 17 tilings in the search tree
Time taken so far is 0.21877813339233398 seconds

Doing depth 4
We had 1 inferral cache hits and 153 partitioning cache hits
The partitioning cache has 0 tilings in it right now
The inferral cache has 19 tilings in it right now
There are 20 tilings in the search tree
Time taken so far is 0.4697713851928711 seconds

Doing depth 5
We had 1 inferral cache hits and 243 partitioning cache hits
The partitioning cache has 8 tilings in it right now
The inferral cache has 27 tilings in it right now
There are 30 tilings in the search tree
Time taken so far is 0.9198915958404541 seconds

Doing depth 6
We had 9 inferral cache hits and 505 partitioning cache hits
The partitioning cache has 6 tilings in it right now
The inferral cache has 39 tilings in it right now
There are 48 tilings in the search tree
Time taken so far is 4.409529209136963 seconds

Doing depth 7
We had 9 inferral cache hits and 763 partitioning cache hits
The partitioning cache has 2 tilings in it right now
The inferral cache has 67 tilings in it right now
There are 68 tilings in the search tree
Time taken so far is 17.348147869110107 seconds

Doing depth 8
We had 9 inferral cache hits and 1519 partitioning cache hits
The partitioning cache has 50 tilings in it right now
The inferral cache has 123 tilings in it right now
There are 142 tilings in the search tree
Time taken so far is 35.51353120803833 seconds

Now processing 0321
Doing depth 1
We had 0 inferral cache hits and 14 partitioning cache hits
The partitioning cache has 0 tilings in it right now
The inferral cache has 4 tilings in it right now
There are 4 tilings in the search tree
Time taken so far is 0.02391362190246582 seconds

Doing depth 2
We had 0 inferral cache hits and 56 partitioning cache hits
The partitioning cache has 2 tilings in it right now
The inferral cache has 8 tilings in it right now
There are 10 tilings in the search tree
Time taken so far is 0.09112262725830078 seconds

Doing depth 3
We had 1 inferral cache hits and 119 partitioning cache hits
The partitioning cache has 1 tilings in it right now
The inferral cache has 15 tilings in it right now
There are 17 tilings in the search tree
Time taken so far is 0.22448372840881348 seconds

Doing depth 4
We had 1 inferral cache hits and 153 partitioning cache hits
The partitioning cache has 0 tilings in it right now
The inferral cache has 19 tilings in it right now
There are 20 tilings in the search tree
Time taken so far is 0.472214937210083 seconds

Doing depth 5
We had 1 inferral cache hits and 243 partitioning cache hits
The partitioning cache has 8 tilings in it right now
The inferral cache has 27 tilings in it right now
There are 30 tilings in the search tree
Time taken so far is 0.9594926834106445 seconds

Doing depth 6
We had 9 inferral cache hits and 505 partitioning cache hits
The partitioning cache has 6 tilings in it right now
The inferral cache has 39 tilings in it right now
There are 48 tilings in the search tree
Time taken so far is 4.434238910675049 seconds

Doing depth 7
We had 9 inferral cache hits and 763 partitioning cache hits
The partitioning cache has 2 tilings in it right now
The inferral cache has 67 tilings in it right now
There are 68 tilings in the search tree
Time taken so far is 17.290173053741455 seconds

Doing depth 8
We had 9 inferral cache hits and 1519 partitioning cache hits
The partitioning cache has 50 tilings in it right now
The inferral cache has 124 tilings in it right now
There are 145 tilings in the search tree
Time taken so far is 35.31935405731201 seconds

Now processing 1032
Doing depth 1
We had 0 inferral cache hits and 14 partitioning cache hits
The partitioning cache has 0 tilings in it right now
The inferral cache has 3 tilings in it right now
There are 4 tilings in the search tree
Time taken so far is 0.019266605377197266 seconds

Doing depth 2
We had 0 inferral cache hits and 56 partitioning cache hits
The partitioning cache has 2 tilings in it right now
The inferral cache has 7 tilings in it right now
There are 8 tilings in the search tree
Time taken so far is 0.08220791816711426 seconds

Doing depth 3
We had 1 inferral cache hits and 119 partitioning cache hits
The partitioning cache has 1 tilings in it right now
The inferral cache has 12 tilings in it right now
There are 13 tilings in the search tree
Time taken so far is 0.23681879043579102 seconds

Doing depth 4
We had 1 inferral cache hits and 153 partitioning cache hits
The partitioning cache has 1 tilings in it right now
The inferral cache has 15 tilings in it right now
There are 15 tilings in the search tree
Time taken so far is 0.6467959880828857 seconds

Doing depth 5
We had 1 inferral cache hits and 244 partitioning cache hits
The partitioning cache has 8 tilings in it right now
The inferral cache has 23 tilings in it right now
There are 25 tilings in the search tree
Time taken so far is 1.1173899173736572 seconds

Doing depth 6
We had 9 inferral cache hits and 506 partitioning cache hits
The partitioning cache has 6 tilings in it right now
The inferral cache has 34 tilings in it right now
There are 40 tilings in the search tree
Time taken so far is 5.7456955909729 seconds

Doing depth 7
We had 9 inferral cache hits and 764 partitioning cache hits
The partitioning cache has 9 tilings in it right now
The inferral cache has 56 tilings in it right now
There are 58 tilings in the search tree
Time taken so far is 26.22089958190918 seconds

Doing depth 8
We had 9 inferral cache hits and 1514 partitioning cache hits
The partitioning cache has 48 tilings in it right now
The inferral cache has 108 tilings in it right now
There are 124 tilings in the search tree
Time taken so far is 46.08398938179016 seconds

Now processing 1302
Doing depth 1
We had 0 inferral cache hits and 14 partitioning cache hits
The partitioning cache has 0 tilings in it right now
The inferral cache has 3 tilings in it right now
There are 4 tilings in the search tree
Time taken so far is 0.020093202590942383 seconds

Doing depth 2
We had 0 inferral cache hits and 56 partitioning cache hits
The partitioning cache has 2 tilings in it right now
The inferral cache has 7 tilings in it right now
There are 8 tilings in the search tree
Time taken so far is 0.08586907386779785 seconds

Doing depth 3
We had 1 inferral cache hits and 119 partitioning cache hits
The partitioning cache has 1 tilings in it right now
The inferral cache has 12 tilings in it right now
There are 13 tilings in the search tree
Time taken so far is 0.24094462394714355 seconds

Doing depth 4
We had 1 inferral cache hits and 153 partitioning cache hits
The partitioning cache has 2 tilings in it right now
The inferral cache has 14 tilings in it right now
There are 15 tilings in the search tree
Time taken so far is 0.6457452774047852 seconds

Doing depth 5
We had 1 inferral cache hits and 250 partitioning cache hits
The partitioning cache has 7 tilings in it right now
The inferral cache has 24 tilings in it right now
There are 24 tilings in the search tree
Time taken so far is 1.2778558731079102 seconds

Doing depth 6
We had 8 inferral cache hits and 506 partitioning cache hits
The partitioning cache has 5 tilings in it right now
The inferral cache has 38 tilings in it right now
There are 38 tilings in the search tree
Time taken so far is 8.02535367012024 seconds

Doing depth 7
We had 8 inferral cache hits and 725 partitioning cache hits
The partitioning cache has 11 tilings in it right now
The inferral cache has 52 tilings in it right now
There are 50 tilings in the search tree
Time taken so far is 37.56492853164673 seconds

Doing depth 8
We had 10 inferral cache hits and 1403 partitioning cache hits
The partitioning cache has 39 tilings in it right now
The inferral cache has 110 tilings in it right now
There are 103 tilings in the search tree
Time taken so far is 70.80712604522705 seconds

