/users/home/henningu/ATRAP/non-regular-insertion-encodable-bases/logs_length1
Now processing 0123
Doing depth 1
We had 0 inferral cache hits and 14 partitioning cache hits
The partitioning cache has 0 tilings in it right now
The inferral cache has 6 tilings in it right now
There are 5 tilings in the search tree
Time taken so far is 0.059735774993896484 seconds

Doing depth 2
We had 0 inferral cache hits and 81 partitioning cache hits
The partitioning cache has 4 tilings in it right now
The inferral cache has 14 tilings in it right now
There are 16 tilings in the search tree
Time taken so far is 0.17128276824951172 seconds

Doing depth 3
We had 2 inferral cache hits and 223 partitioning cache hits
The partitioning cache has 2 tilings in it right now
The inferral cache has 36 tilings in it right now
There are 34 tilings in the search tree
Time taken so far is 0.4693565368652344 seconds

Doing depth 4
We had 2 inferral cache hits and 311 partitioning cache hits
The partitioning cache has 0 tilings in it right now
The inferral cache has 52 tilings in it right now
There are 44 tilings in the search tree
Time taken so far is 0.9793615341186523 seconds

Doing depth 5
We had 4 inferral cache hits and 659 partitioning cache hits
The partitioning cache has 30 tilings in it right now
The inferral cache has 82 tilings in it right now
There are 84 tilings in the search tree
Time taken so far is 2.5268986225128174 seconds

Doing depth 6
We had 36 inferral cache hits and 1667 partitioning cache hits
The partitioning cache has 20 tilings in it right now
The inferral cache has 142 tilings in it right now
There are 163 tilings in the search tree
Time taken so far is 13.973408222198486 seconds

Doing depth 7
We had 36 inferral cache hits and 2813 partitioning cache hits
The partitioning cache has 6 tilings in it right now
The inferral cache has 334 tilings in it right now
There are 277 tilings in the search tree
Time taken so far is 50.46022891998291 seconds

Doing depth 8
We had 64 inferral cache hits and 7427 partitioning cache hits
The partitioning cache has 284 tilings in it right now
The inferral cache has 672 tilings in it right now
There are 747 tilings in the search tree
Time taken so far is 146.68241357803345 seconds

Now processing 0132
Doing depth 1
We had 0 inferral cache hits and 14 partitioning cache hits
The partitioning cache has 0 tilings in it right now
The inferral cache has 5 tilings in it right now
There are 5 tilings in the search tree
Time taken so far is 0.031195402145385742 seconds

Doing depth 2
We had 0 inferral cache hits and 81 partitioning cache hits
The partitioning cache has 4 tilings in it right now
The inferral cache has 13 tilings in it right now
There are 15 tilings in the search tree
Time taken so far is 0.13647723197937012 seconds

Doing depth 3
We had 2 inferral cache hits and 223 partitioning cache hits
The partitioning cache has 2 tilings in it right now
The inferral cache has 32 tilings in it right now
There are 31 tilings in the search tree
Time taken so far is 0.3890414237976074 seconds

Doing depth 4
We had 2 inferral cache hits and 311 partitioning cache hits
The partitioning cache has 3 tilings in it right now
The inferral cache has 45 tilings in it right now
There are 40 tilings in the search tree
Time taken so far is 0.9202103614807129 seconds

Doing depth 5
We had 4 inferral cache hits and 672 partitioning cache hits
The partitioning cache has 29 tilings in it right now
The inferral cache has 80 tilings in it right now
There are 77 tilings in the search tree
Time taken so far is 2.6816611289978027 seconds

Doing depth 6
We had 34 inferral cache hits and 1728 partitioning cache hits
The partitioning cache has 19 tilings in it right now
The inferral cache has 155 tilings in it right now
There are 149 tilings in the search tree
Time taken so far is 17.65746808052063 seconds

Doing depth 7
We had 34 inferral cache hits and 2823 partitioning cache hits
The partitioning cache has 33 tilings in it right now
The inferral cache has 310 tilings in it right now
There are 251 tilings in the search tree
Time taken so far is 72.10245370864868 seconds

Doing depth 8
We had 60 inferral cache hits and 7509 partitioning cache hits
The partitioning cache has 273 tilings in it right now
The inferral cache has 702 tilings in it right now
There are 688 tilings in the search tree
Time taken so far is 206.61303067207336 seconds

Now processing 0213
Doing depth 1
We had 0 inferral cache hits and 14 partitioning cache hits
The partitioning cache has 0 tilings in it right now
The inferral cache has 6 tilings in it right now
There are 5 tilings in the search tree
Time taken so far is 0.03723645210266113 seconds

Doing depth 2
We had 0 inferral cache hits and 81 partitioning cache hits
The partitioning cache has 4 tilings in it right now
The inferral cache has 14 tilings in it right now
There are 16 tilings in the search tree
Time taken so far is 0.1457350254058838 seconds

Doing depth 3
We had 2 inferral cache hits and 223 partitioning cache hits
The partitioning cache has 2 tilings in it right now
The inferral cache has 36 tilings in it right now
There are 34 tilings in the search tree
Time taken so far is 0.40227532386779785 seconds

Doing depth 4
We had 2 inferral cache hits and 311 partitioning cache hits
The partitioning cache has 2 tilings in it right now
The inferral cache has 50 tilings in it right now
There are 44 tilings in the search tree
Time taken so far is 0.8710677623748779 seconds

Doing depth 5
We had 4 inferral cache hits and 661 partitioning cache hits
The partitioning cache has 30 tilings in it right now
The inferral cache has 80 tilings in it right now
There are 82 tilings in the search tree
Time taken so far is 2.6140143871307373 seconds

Doing depth 6
We had 36 inferral cache hits and 1669 partitioning cache hits
The partitioning cache has 20 tilings in it right now
The inferral cache has 140 tilings in it right now
There are 153 tilings in the search tree
Time taken so far is 16.92109441757202 seconds

Doing depth 7
We had 36 inferral cache hits and 2815 partitioning cache hits
The partitioning cache has 28 tilings in it right now
The inferral cache has 305 tilings in it right now
There are 260 tilings in the search tree
Time taken so far is 67.47482085227966 seconds

Doing depth 8
We had 64 inferral cache hits and 7619 partitioning cache hits
The partitioning cache has 298 tilings in it right now
The inferral cache has 689 tilings in it right now
There are 714 tilings in the search tree
Time taken so far is 196.3298921585083 seconds

Now processing 0231
Doing depth 1
We had 0 inferral cache hits and 14 partitioning cache hits
The partitioning cache has 0 tilings in it right now
The inferral cache has 5 tilings in it right now
There are 5 tilings in the search tree
Time taken so far is 0.022189617156982422 seconds

Doing depth 2
We had 0 inferral cache hits and 81 partitioning cache hits
The partitioning cache has 4 tilings in it right now
The inferral cache has 13 tilings in it right now
There are 15 tilings in the search tree
Time taken so far is 0.11424589157104492 seconds

Doing depth 3
We had 2 inferral cache hits and 223 partitioning cache hits
The partitioning cache has 2 tilings in it right now
The inferral cache has 32 tilings in it right now
There are 31 tilings in the search tree
Time taken so far is 0.4435431957244873 seconds

Doing depth 4
We had 2 inferral cache hits and 311 partitioning cache hits
The partitioning cache has 4 tilings in it right now
The inferral cache has 44 tilings in it right now
There are 40 tilings in the search tree
Time taken so far is 1.0445315837860107 seconds

Doing depth 5
We had 4 inferral cache hits and 683 partitioning cache hits
The partitioning cache has 28 tilings in it right now
The inferral cache has 83 tilings in it right now
There are 78 tilings in the search tree
Time taken so far is 2.9961295127868652 seconds

Doing depth 6
We had 35 inferral cache hits and 1769 partitioning cache hits
The partitioning cache has 18 tilings in it right now
The inferral cache has 174 tilings in it right now
There are 153 tilings in the search tree
Time taken so far is 21.669060707092285 seconds

Doing depth 7
We had 35 inferral cache hits and 2813 partitioning cache hits
The partitioning cache has 40 tilings in it right now
The inferral cache has 309 tilings in it right now
There are 246 tilings in the search tree
Time taken so far is 87.57535910606384 seconds

Doing depth 8
We had 61 inferral cache hits and 7514 partitioning cache hits
The partitioning cache has 262 tilings in it right now
The inferral cache has 749 tilings in it right now
There are 663 tilings in the search tree
Time taken so far is 246.08222246170044 seconds

Now processing 0321
Doing depth 1
We had 0 inferral cache hits and 14 partitioning cache hits
The partitioning cache has 0 tilings in it right now
The inferral cache has 5 tilings in it right now
There are 5 tilings in the search tree
Time taken so far is 0.028026819229125977 seconds

Doing depth 2
We had 0 inferral cache hits and 81 partitioning cache hits
The partitioning cache has 4 tilings in it right now
The inferral cache has 13 tilings in it right now
There are 15 tilings in the search tree
Time taken so far is 0.12094664573669434 seconds

Doing depth 3
We had 2 inferral cache hits and 223 partitioning cache hits
The partitioning cache has 2 tilings in it right now
The inferral cache has 32 tilings in it right now
There are 31 tilings in the search tree
Time taken so far is 0.4756355285644531 seconds

Doing depth 4
We had 2 inferral cache hits and 311 partitioning cache hits
The partitioning cache has 3 tilings in it right now
The inferral cache has 45 tilings in it right now
There are 40 tilings in the search tree
Time taken so far is 1.075376033782959 seconds

Doing depth 5
We had 4 inferral cache hits and 672 partitioning cache hits
The partitioning cache has 29 tilings in it right now
The inferral cache has 79 tilings in it right now
There are 78 tilings in the search tree
Time taken so far is 2.92226243019104 seconds

Doing depth 6
We had 36 inferral cache hits and 1716 partitioning cache hits
The partitioning cache has 19 tilings in it right now
The inferral cache has 147 tilings in it right now
There are 153 tilings in the search tree
Time taken so far is 19.347284078598022 seconds

Doing depth 7
We had 36 inferral cache hits and 2811 partitioning cache hits
The partitioning cache has 32 tilings in it right now
The inferral cache has 303 tilings in it right now
There are 254 tilings in the search tree
Time taken so far is 79.00629591941833 seconds

Doing depth 8
We had 66 inferral cache hits and 7351 partitioning cache hits
The partitioning cache has 278 tilings in it right now
The inferral cache has 650 tilings in it right now
There are 674 tilings in the search tree
Time taken so far is 209.8151879310608 seconds

Now processing 1032
Doing depth 1
We had 0 inferral cache hits and 14 partitioning cache hits
The partitioning cache has 0 tilings in it right now
The inferral cache has 4 tilings in it right now
There are 5 tilings in the search tree
Time taken so far is 0.019678115844726562 seconds

Doing depth 2
We had 0 inferral cache hits and 81 partitioning cache hits
The partitioning cache has 4 tilings in it right now
The inferral cache has 12 tilings in it right now
There are 13 tilings in the search tree
Time taken so far is 0.10749483108520508 seconds

Doing depth 3
We had 2 inferral cache hits and 223 partitioning cache hits
The partitioning cache has 2 tilings in it right now
The inferral cache has 26 tilings in it right now
There are 27 tilings in the search tree
Time taken so far is 0.4468052387237549 seconds

Doing depth 4
We had 2 inferral cache hits and 311 partitioning cache hits
The partitioning cache has 6 tilings in it right now
The inferral cache has 36 tilings in it right now
There are 35 tilings in the search tree
Time taken so far is 1.1594741344451904 seconds

Doing depth 5
We had 4 inferral cache hits and 685 partitioning cache hits
The partitioning cache has 28 tilings in it right now
The inferral cache has 72 tilings in it right now
There are 72 tilings in the search tree
Time taken so far is 3.176619291305542 seconds

Doing depth 6
We had 36 inferral cache hits and 1693 partitioning cache hits
The partitioning cache has 19 tilings in it right now
The inferral cache has 125 tilings in it right now
There are 134 tilings in the search tree
Time taken so far is 23.356539726257324 seconds

Doing depth 7
We had 36 inferral cache hits and 2788 partitioning cache hits
The partitioning cache has 66 tilings in it right now
The inferral cache has 249 tilings in it right now
There are 230 tilings in the search tree
Time taken so far is 94.70767068862915 seconds

Doing depth 8
We had 64 inferral cache hits and 7502 partitioning cache hits
The partitioning cache has 276 tilings in it right now
The inferral cache has 609 tilings in it right now
There are 626 tilings in the search tree
Time taken so far is 245.92001724243164 seconds

Now processing 1302
Doing depth 1
We had 0 inferral cache hits and 14 partitioning cache hits
The partitioning cache has 0 tilings in it right now
The inferral cache has 4 tilings in it right now
There are 5 tilings in the search tree
Time taken so far is 0.03306007385253906 seconds

Doing depth 2
We had 0 inferral cache hits and 81 partitioning cache hits
The partitioning cache has 4 tilings in it right now
The inferral cache has 12 tilings in it right now
There are 13 tilings in the search tree
Time taken so far is 0.12286567687988281 seconds

Doing depth 3
We had 2 inferral cache hits and 223 partitioning cache hits
The partitioning cache has 2 tilings in it right now
The inferral cache has 26 tilings in it right now
There are 27 tilings in the search tree
Time taken so far is 0.4628469944000244 seconds

Doing depth 4
We had 2 inferral cache hits and 311 partitioning cache hits
The partitioning cache has 8 tilings in it right now
The inferral cache has 34 tilings in it right now
There are 35 tilings in the search tree
Time taken so far is 1.2753303050994873 seconds

Doing depth 5
We had 4 inferral cache hits and 707 partitioning cache hits
The partitioning cache has 26 tilings in it right now
The inferral cache has 76 tilings in it right now
There are 73 tilings in the search tree
Time taken so far is 3.792349338531494 seconds

Doing depth 6
We had 40 inferral cache hits and 1763 partitioning cache hits
The partitioning cache has 17 tilings in it right now
The inferral cache has 147 tilings in it right now
There are 142 tilings in the search tree
Time taken so far is 28.246907234191895 seconds

Doing depth 7
We had 40 inferral cache hits and 2756 partitioning cache hits
The partitioning cache has 74 tilings in it right now
The inferral cache has 237 tilings in it right now
There are 220 tilings in the search tree
Time taken so far is 122.74848508834839 seconds

Doing depth 8
We had 96 inferral cache hits and 7484 partitioning cache hits
The partitioning cache has 236 tilings in it right now
The inferral cache has 665 tilings in it right now
There are 608 tilings in the search tree
Time taken so far is 336.43505001068115 seconds

