/users/home/henningu/ATRAP/non-regular-insertion-encodable-bases/logs_length1
Now processing 0123
Doing depth 1
We had 0 inferral cache hits and 14 partitioning cache hits
The partitioning cache has 0 tilings in it right now
The inferral cache has 4 tilings in it right now
There are 4 tilings in the search tree
Time taken so far is 0.051943302154541016 seconds

Doing depth 2
We had 0 inferral cache hits and 56 partitioning cache hits
The partitioning cache has 2 tilings in it right now
The inferral cache has 8 tilings in it right now
There are 10 tilings in the search tree
Time taken so far is 0.1451892852783203 seconds

Doing depth 3
We had 1 inferral cache hits and 119 partitioning cache hits
The partitioning cache has 1 tilings in it right now
The inferral cache has 15 tilings in it right now
There are 17 tilings in the search tree
Time taken so far is 0.2974519729614258 seconds

Doing depth 4
We had 1 inferral cache hits and 153 partitioning cache hits
The partitioning cache has 0 tilings in it right now
The inferral cache has 19 tilings in it right now
There are 20 tilings in the search tree
Time taken so far is 0.5559983253479004 seconds

Doing depth 5
We had 1 inferral cache hits and 243 partitioning cache hits
The partitioning cache has 8 tilings in it right now
The inferral cache has 27 tilings in it right now
There are 30 tilings in the search tree
Time taken so far is 1.0582232475280762 seconds

Doing depth 6
We had 9 inferral cache hits and 505 partitioning cache hits
The partitioning cache has 6 tilings in it right now
The inferral cache has 39 tilings in it right now
There are 48 tilings in the search tree
Time taken so far is 4.556192874908447 seconds

Doing depth 7
We had 9 inferral cache hits and 763 partitioning cache hits
The partitioning cache has 2 tilings in it right now
The inferral cache has 67 tilings in it right now
There are 68 tilings in the search tree
Time taken so far is 17.241429805755615 seconds

Doing depth 8
We had 9 inferral cache hits and 1519 partitioning cache hits
The partitioning cache has 50 tilings in it right now
The inferral cache has 123 tilings in it right now
There are 144 tilings in the search tree
Time taken so far is 36.28266668319702 seconds

Now processing 0132
Doing depth 1
We had 0 inferral cache hits and 14 partitioning cache hits
The partitioning cache has 0 tilings in it right now
The inferral cache has 4 tilings in it right now
There are 4 tilings in the search tree
Time taken so far is 0.025386810302734375 seconds

Doing depth 2
We had 0 inferral cache hits and 56 partitioning cache hits
The partitioning cache has 2 tilings in it right now
The inferral cache has 8 tilings in it right now
There are 10 tilings in the search tree
Time taken so far is 0.09738278388977051 seconds

Doing depth 3
We had 1 inferral cache hits and 119 partitioning cache hits
The partitioning cache has 1 tilings in it right now
The inferral cache has 15 tilings in it right now
There are 17 tilings in the search tree
Time taken so far is 0.2334609031677246 seconds

Doing depth 4
We had 1 inferral cache hits and 153 partitioning cache hits
The partitioning cache has 0 tilings in it right now
The inferral cache has 19 tilings in it right now
There are 20 tilings in the search tree
Time taken so far is 0.4863147735595703 seconds

Doing depth 5
We had 1 inferral cache hits and 243 partitioning cache hits
The partitioning cache has 8 tilings in it right now
The inferral cache has 27 tilings in it right now
There are 30 tilings in the search tree
Time taken so far is 0.9657912254333496 seconds

Doing depth 6
We had 9 inferral cache hits and 505 partitioning cache hits
The partitioning cache has 6 tilings in it right now
The inferral cache has 39 tilings in it right now
There are 48 tilings in the search tree
Time taken so far is 4.480113983154297 seconds

Doing depth 7
We had 9 inferral cache hits and 763 partitioning cache hits
The partitioning cache has 2 tilings in it right now
The inferral cache has 67 tilings in it right now
There are 68 tilings in the search tree
Time taken so far is 17.428083181381226 seconds

Doing depth 8
We had 9 inferral cache hits and 1519 partitioning cache hits
The partitioning cache has 50 tilings in it right now
The inferral cache has 124 tilings in it right now
There are 141 tilings in the search tree
Time taken so far is 36.658400535583496 seconds

Now processing 0213
Doing depth 1
We had 0 inferral cache hits and 14 partitioning cache hits
The partitioning cache has 0 tilings in it right now
The inferral cache has 4 tilings in it right now
There are 4 tilings in the search tree
Time taken so far is 0.024281024932861328 seconds

Doing depth 2
We had 0 inferral cache hits and 56 partitioning cache hits
The partitioning cache has 2 tilings in it right now
The inferral cache has 8 tilings in it right now
There are 10 tilings in the search tree
Time taken so far is 0.0923619270324707 seconds

Doing depth 3
We had 1 inferral cache hits and 119 partitioning cache hits
The partitioning cache has 1 tilings in it right now
The inferral cache has 15 tilings in it right now
There are 17 tilings in the search tree
Time taken so far is 0.22943806648254395 seconds

Doing depth 4
We had 1 inferral cache hits and 153 partitioning cache hits
The partitioning cache has 1 tilings in it right now
The inferral cache has 18 tilings in it right now
There are 20 tilings in the search tree
Time taken so far is 0.4971342086791992 seconds

Doing depth 5
We had 1 inferral cache hits and 244 partitioning cache hits
The partitioning cache has 8 tilings in it right now
The inferral cache has 26 tilings in it right now
There are 29 tilings in the search tree
Time taken so far is 1.0192692279815674 seconds

Doing depth 6
We had 9 inferral cache hits and 506 partitioning cache hits
The partitioning cache has 6 tilings in it right now
The inferral cache has 38 tilings in it right now
There are 43 tilings in the search tree
Time taken so far is 5.604077577590942 seconds

Doing depth 7
We had 9 inferral cache hits and 764 partitioning cache hits
The partitioning cache has 6 tilings in it right now
The inferral cache has 61 tilings in it right now
There are 60 tilings in the search tree
Time taken so far is 24.190277099609375 seconds

Doing depth 8
We had 9 inferral cache hits and 1507 partitioning cache hits
The partitioning cache has 50 tilings in it right now
The inferral cache has 121 tilings in it right now
There are 135 tilings in the search tree
Time taken so far is 50.11229419708252 seconds

Now processing 0231
Doing depth 1
We had 0 inferral cache hits and 14 partitioning cache hits
The partitioning cache has 0 tilings in it right now
The inferral cache has 4 tilings in it right now
There are 4 tilings in the search tree
Time taken so far is 0.02317333221435547 seconds

Doing depth 2
We had 0 inferral cache hits and 56 partitioning cache hits
The partitioning cache has 2 tilings in it right now
The inferral cache has 8 tilings in it right now
There are 10 tilings in the search tree
Time taken so far is 0.08977103233337402 seconds

Doing depth 3
We had 1 inferral cache hits and 119 partitioning cache hits
The partitioning cache has 1 tilings in it right now
The inferral cache has 15 tilings in it right now
There are 17 tilings in the search tree
Time taken so far is 0.22951054573059082 seconds

Doing depth 4
We had 1 inferral cache hits and 153 partitioning cache hits
The partitioning cache has 1 tilings in it right now
The inferral cache has 18 tilings in it right now
There are 20 tilings in the search tree
Time taken so far is 0.48203372955322266 seconds

Doing depth 5
We had 1 inferral cache hits and 244 partitioning cache hits
The partitioning cache has 8 tilings in it right now
The inferral cache has 26 tilings in it right now
There are 29 tilings in the search tree
Time taken so far is 1.0577361583709717 seconds

Doing depth 6
We had 9 inferral cache hits and 506 partitioning cache hits
The partitioning cache has 6 tilings in it right now
The inferral cache has 38 tilings in it right now
There are 43 tilings in the search tree
Time taken so far is 6.519483327865601 seconds

Doing depth 7
We had 9 inferral cache hits and 764 partitioning cache hits
The partitioning cache has 6 tilings in it right now
The inferral cache has 61 tilings in it right now
There are 60 tilings in the search tree
Time taken so far is 25.382925987243652 seconds

Doing depth 8
We had 9 inferral cache hits and 1514 partitioning cache hits
The partitioning cache has 49 tilings in it right now
The inferral cache has 124 tilings in it right now
There are 136 tilings in the search tree
Time taken so far is 53.58036541938782 seconds

Now processing 0321
Doing depth 1
We had 0 inferral cache hits and 14 partitioning cache hits
The partitioning cache has 0 tilings in it right now
The inferral cache has 4 tilings in it right now
There are 4 tilings in the search tree
Time taken so far is 0.0229184627532959 seconds

Doing depth 2
We had 0 inferral cache hits and 56 partitioning cache hits
The partitioning cache has 2 tilings in it right now
The inferral cache has 8 tilings in it right now
There are 10 tilings in the search tree
Time taken so far is 0.09100675582885742 seconds

Doing depth 3
We had 1 inferral cache hits and 119 partitioning cache hits
The partitioning cache has 1 tilings in it right now
The inferral cache has 15 tilings in it right now
There are 17 tilings in the search tree
Time taken so far is 0.22638249397277832 seconds

Doing depth 4
We had 1 inferral cache hits and 153 partitioning cache hits
The partitioning cache has 0 tilings in it right now
The inferral cache has 19 tilings in it right now
There are 20 tilings in the search tree
Time taken so far is 0.5060486793518066 seconds

Doing depth 5
We had 1 inferral cache hits and 243 partitioning cache hits
The partitioning cache has 8 tilings in it right now
The inferral cache has 27 tilings in it right now
There are 30 tilings in the search tree
Time taken so far is 1.033123254776001 seconds

Doing depth 6
We had 9 inferral cache hits and 505 partitioning cache hits
The partitioning cache has 6 tilings in it right now
The inferral cache has 39 tilings in it right now
There are 48 tilings in the search tree
Time taken so far is 4.854688882827759 seconds

Doing depth 7
We had 9 inferral cache hits and 763 partitioning cache hits
The partitioning cache has 2 tilings in it right now
The inferral cache has 67 tilings in it right now
There are 68 tilings in the search tree
Time taken so far is 18.058336973190308 seconds

Doing depth 8
We had 9 inferral cache hits and 1519 partitioning cache hits
The partitioning cache has 50 tilings in it right now
The inferral cache has 124 tilings in it right now
There are 145 tilings in the search tree
Time taken so far is 38.3326461315155 seconds

Now processing 1032
Doing depth 1
We had 0 inferral cache hits and 14 partitioning cache hits
The partitioning cache has 0 tilings in it right now
The inferral cache has 3 tilings in it right now
There are 4 tilings in the search tree
Time taken so far is 0.019701004028320312 seconds

Doing depth 2
We had 0 inferral cache hits and 56 partitioning cache hits
The partitioning cache has 2 tilings in it right now
The inferral cache has 7 tilings in it right now
There are 8 tilings in the search tree
Time taken so far is 0.0838770866394043 seconds

Doing depth 3
We had 1 inferral cache hits and 119 partitioning cache hits
The partitioning cache has 1 tilings in it right now
The inferral cache has 12 tilings in it right now
There are 13 tilings in the search tree
Time taken so far is 0.24325227737426758 seconds

Doing depth 4
We had 1 inferral cache hits and 153 partitioning cache hits
The partitioning cache has 1 tilings in it right now
The inferral cache has 15 tilings in it right now
There are 15 tilings in the search tree
Time taken so far is 0.6627390384674072 seconds

Doing depth 5
We had 1 inferral cache hits and 244 partitioning cache hits
The partitioning cache has 8 tilings in it right now
The inferral cache has 23 tilings in it right now
There are 25 tilings in the search tree
Time taken so far is 1.1319363117218018 seconds

Doing depth 6
We had 9 inferral cache hits and 506 partitioning cache hits
The partitioning cache has 6 tilings in it right now
The inferral cache has 34 tilings in it right now
There are 40 tilings in the search tree
Time taken so far is 5.736440658569336 seconds

Doing depth 7
We had 9 inferral cache hits and 764 partitioning cache hits
The partitioning cache has 9 tilings in it right now
The inferral cache has 56 tilings in it right now
There are 58 tilings in the search tree
Time taken so far is 26.361910581588745 seconds

Doing depth 8
We had 9 inferral cache hits and 1514 partitioning cache hits
The partitioning cache has 48 tilings in it right now
The inferral cache has 108 tilings in it right now
There are 124 tilings in the search tree
Time taken so far is 47.060598850250244 seconds

Now processing 1302
Doing depth 1
We had 0 inferral cache hits and 14 partitioning cache hits
The partitioning cache has 0 tilings in it right now
The inferral cache has 3 tilings in it right now
There are 4 tilings in the search tree
Time taken so far is 0.019786596298217773 seconds

Doing depth 2
We had 0 inferral cache hits and 56 partitioning cache hits
The partitioning cache has 2 tilings in it right now
The inferral cache has 7 tilings in it right now
There are 8 tilings in the search tree
Time taken so far is 0.08352112770080566 seconds

Doing depth 3
We had 1 inferral cache hits and 119 partitioning cache hits
The partitioning cache has 1 tilings in it right now
The inferral cache has 12 tilings in it right now
There are 13 tilings in the search tree
Time taken so far is 0.23855137825012207 seconds

Doing depth 4
We had 1 inferral cache hits and 153 partitioning cache hits
The partitioning cache has 2 tilings in it right now
The inferral cache has 14 tilings in it right now
There are 15 tilings in the search tree
Time taken so far is 0.6307220458984375 seconds

Doing depth 5
We had 1 inferral cache hits and 250 partitioning cache hits
The partitioning cache has 7 tilings in it right now
The inferral cache has 24 tilings in it right now
There are 24 tilings in the search tree
Time taken so far is 1.2455573081970215 seconds

Doing depth 6
We had 8 inferral cache hits and 506 partitioning cache hits
The partitioning cache has 5 tilings in it right now
The inferral cache has 38 tilings in it right now
There are 38 tilings in the search tree
Time taken so far is 8.03706169128418 seconds

Doing depth 7
We had 8 inferral cache hits and 725 partitioning cache hits
The partitioning cache has 11 tilings in it right now
The inferral cache has 52 tilings in it right now
There are 50 tilings in the search tree
Time taken so far is 37.91176223754883 seconds

Doing depth 8
We had 10 inferral cache hits and 1403 partitioning cache hits
The partitioning cache has 39 tilings in it right now
The inferral cache has 110 tilings in it right now
There are 103 tilings in the search tree
Time taken so far is 72.43831181526184 seconds

