/users/home/henningu/ATRAP/non-regular-insertion-encodable-bases/logs_length1
Now processing 0123
Doing depth 1
We had 0 inferral cache hits and 14 partitioning cache hits
The partitioning cache has 0 tilings in it right now
The inferral cache has 6 tilings in it right now
There are 5 tilings in the search tree
Time taken so far is 0.029210329055786133 seconds

Doing depth 2
We had 0 inferral cache hits and 81 partitioning cache hits
The partitioning cache has 4 tilings in it right now
The inferral cache has 14 tilings in it right now
There are 16 tilings in the search tree
Time taken so far is 0.1167917251586914 seconds

Doing depth 3
We had 2 inferral cache hits and 223 partitioning cache hits
The partitioning cache has 2 tilings in it right now
The inferral cache has 36 tilings in it right now
There are 34 tilings in the search tree
Time taken so far is 0.3592081069946289 seconds

Doing depth 4
We had 2 inferral cache hits and 311 partitioning cache hits
The partitioning cache has 0 tilings in it right now
The inferral cache has 52 tilings in it right now
There are 44 tilings in the search tree
Time taken so far is 0.8794593811035156 seconds

Doing depth 5
We had 4 inferral cache hits and 659 partitioning cache hits
The partitioning cache has 30 tilings in it right now
The inferral cache has 82 tilings in it right now
There are 84 tilings in the search tree
Time taken so far is 2.530921697616577 seconds

Doing depth 6
We had 36 inferral cache hits and 1667 partitioning cache hits
The partitioning cache has 20 tilings in it right now
The inferral cache has 142 tilings in it right now
There are 163 tilings in the search tree
Time taken so far is 15.208946228027344 seconds

Doing depth 7
We had 36 inferral cache hits and 2813 partitioning cache hits
The partitioning cache has 6 tilings in it right now
The inferral cache has 334 tilings in it right now
There are 277 tilings in the search tree
Time taken so far is 57.230473279953 seconds

Doing depth 8
We had 64 inferral cache hits and 7427 partitioning cache hits
The partitioning cache has 284 tilings in it right now
The inferral cache has 672 tilings in it right now
There are 747 tilings in the search tree
Time taken so far is 167.3700966835022 seconds

Now processing 0132
Doing depth 1
We had 0 inferral cache hits and 14 partitioning cache hits
The partitioning cache has 0 tilings in it right now
The inferral cache has 5 tilings in it right now
There are 5 tilings in the search tree
Time taken so far is 0.015400886535644531 seconds

Doing depth 2
We had 0 inferral cache hits and 81 partitioning cache hits
The partitioning cache has 4 tilings in it right now
The inferral cache has 13 tilings in it right now
There are 15 tilings in the search tree
Time taken so far is 0.16969895362854004 seconds

Doing depth 3
We had 2 inferral cache hits and 223 partitioning cache hits
The partitioning cache has 2 tilings in it right now
The inferral cache has 32 tilings in it right now
There are 31 tilings in the search tree
Time taken so far is 0.4547295570373535 seconds

Doing depth 4
We had 2 inferral cache hits and 311 partitioning cache hits
The partitioning cache has 3 tilings in it right now
The inferral cache has 45 tilings in it right now
There are 40 tilings in the search tree
Time taken so far is 1.1409058570861816 seconds

Doing depth 5
We had 4 inferral cache hits and 672 partitioning cache hits
The partitioning cache has 29 tilings in it right now
The inferral cache has 80 tilings in it right now
There are 77 tilings in the search tree
Time taken so far is 3.21635365486145 seconds

Doing depth 6
We had 34 inferral cache hits and 1728 partitioning cache hits
The partitioning cache has 19 tilings in it right now
The inferral cache has 155 tilings in it right now
There are 149 tilings in the search tree
Time taken so far is 21.163532733917236 seconds

Doing depth 7
We had 34 inferral cache hits and 2823 partitioning cache hits
The partitioning cache has 33 tilings in it right now
The inferral cache has 310 tilings in it right now
There are 251 tilings in the search tree
Time taken so far is 83.06334638595581 seconds

Doing depth 8
We had 62 inferral cache hits and 7496 partitioning cache hits
The partitioning cache has 270 tilings in it right now
The inferral cache has 702 tilings in it right now
There are 688 tilings in the search tree
Time taken so far is 229.2912323474884 seconds

Now processing 0213
Doing depth 1
We had 0 inferral cache hits and 14 partitioning cache hits
The partitioning cache has 0 tilings in it right now
The inferral cache has 6 tilings in it right now
There are 5 tilings in the search tree
Time taken so far is 0.01727437973022461 seconds

Doing depth 2
We had 0 inferral cache hits and 81 partitioning cache hits
The partitioning cache has 4 tilings in it right now
The inferral cache has 14 tilings in it right now
There are 16 tilings in the search tree
Time taken so far is 0.08880233764648438 seconds

Doing depth 3
We had 2 inferral cache hits and 223 partitioning cache hits
The partitioning cache has 2 tilings in it right now
The inferral cache has 36 tilings in it right now
There are 34 tilings in the search tree
Time taken so far is 0.34360313415527344 seconds

Doing depth 4
We had 2 inferral cache hits and 311 partitioning cache hits
The partitioning cache has 2 tilings in it right now
The inferral cache has 50 tilings in it right now
There are 44 tilings in the search tree
Time taken so far is 0.8487470149993896 seconds

Doing depth 5
We had 4 inferral cache hits and 661 partitioning cache hits
The partitioning cache has 30 tilings in it right now
The inferral cache has 80 tilings in it right now
There are 82 tilings in the search tree
Time taken so far is 2.732611894607544 seconds

Doing depth 6
We had 36 inferral cache hits and 1669 partitioning cache hits
The partitioning cache has 20 tilings in it right now
The inferral cache has 140 tilings in it right now
There are 153 tilings in the search tree
Time taken so far is 18.594762802124023 seconds

Doing depth 7
We had 36 inferral cache hits and 2815 partitioning cache hits
The partitioning cache has 28 tilings in it right now
The inferral cache has 305 tilings in it right now
There are 260 tilings in the search tree
Time taken so far is 74.6994116306305 seconds

Doing depth 8
We had 64 inferral cache hits and 7619 partitioning cache hits
The partitioning cache has 292 tilings in it right now
The inferral cache has 689 tilings in it right now
There are 714 tilings in the search tree
Time taken so far is 216.65757060050964 seconds

Now processing 0231
Doing depth 1
We had 0 inferral cache hits and 14 partitioning cache hits
The partitioning cache has 0 tilings in it right now
The inferral cache has 5 tilings in it right now
There are 5 tilings in the search tree
Time taken so far is 0.015472650527954102 seconds

Doing depth 2
We had 0 inferral cache hits and 81 partitioning cache hits
The partitioning cache has 4 tilings in it right now
The inferral cache has 13 tilings in it right now
There are 15 tilings in the search tree
Time taken so far is 0.08474206924438477 seconds

Doing depth 3
We had 2 inferral cache hits and 223 partitioning cache hits
The partitioning cache has 2 tilings in it right now
The inferral cache has 32 tilings in it right now
There are 31 tilings in the search tree
Time taken so far is 0.3681929111480713 seconds

Doing depth 4
We had 2 inferral cache hits and 311 partitioning cache hits
The partitioning cache has 4 tilings in it right now
The inferral cache has 44 tilings in it right now
There are 40 tilings in the search tree
Time taken so far is 0.9962093830108643 seconds

Doing depth 5
We had 4 inferral cache hits and 683 partitioning cache hits
The partitioning cache has 28 tilings in it right now
The inferral cache has 83 tilings in it right now
There are 78 tilings in the search tree
Time taken so far is 3.0320024490356445 seconds

Doing depth 6
We had 33 inferral cache hits and 1781 partitioning cache hits
The partitioning cache has 18 tilings in it right now
The inferral cache has 174 tilings in it right now
There are 153 tilings in the search tree
Time taken so far is 24.142470359802246 seconds

Doing depth 7
We had 33 inferral cache hits and 2825 partitioning cache hits
The partitioning cache has 40 tilings in it right now
The inferral cache has 309 tilings in it right now
There are 246 tilings in the search tree
Time taken so far is 97.57171440124512 seconds

Doing depth 8
We had 59 inferral cache hits and 7525 partitioning cache hits
The partitioning cache has 261 tilings in it right now
The inferral cache has 749 tilings in it right now
There are 663 tilings in the search tree
Time taken so far is 271.73315024375916 seconds

Now processing 0321
Doing depth 1
We had 0 inferral cache hits and 14 partitioning cache hits
The partitioning cache has 0 tilings in it right now
The inferral cache has 5 tilings in it right now
There are 5 tilings in the search tree
Time taken so far is 0.015715837478637695 seconds

Doing depth 2
We had 0 inferral cache hits and 81 partitioning cache hits
The partitioning cache has 4 tilings in it right now
The inferral cache has 13 tilings in it right now
There are 15 tilings in the search tree
Time taken so far is 0.0849905014038086 seconds

Doing depth 3
We had 2 inferral cache hits and 223 partitioning cache hits
The partitioning cache has 2 tilings in it right now
The inferral cache has 32 tilings in it right now
There are 31 tilings in the search tree
Time taken so far is 0.3692793846130371 seconds

Doing depth 4
We had 2 inferral cache hits and 311 partitioning cache hits
The partitioning cache has 3 tilings in it right now
The inferral cache has 45 tilings in it right now
There are 40 tilings in the search tree
Time taken so far is 0.9867863655090332 seconds

Doing depth 5
We had 4 inferral cache hits and 672 partitioning cache hits
The partitioning cache has 29 tilings in it right now
The inferral cache has 79 tilings in it right now
There are 78 tilings in the search tree
Time taken so far is 2.95103120803833 seconds

Doing depth 6
We had 35 inferral cache hits and 1722 partitioning cache hits
The partitioning cache has 19 tilings in it right now
The inferral cache has 147 tilings in it right now
There are 153 tilings in the search tree
Time taken so far is 21.66008496284485 seconds

Doing depth 7
We had 35 inferral cache hits and 2817 partitioning cache hits
The partitioning cache has 32 tilings in it right now
The inferral cache has 303 tilings in it right now
There are 254 tilings in the search tree
Time taken so far is 88.09560489654541 seconds

Doing depth 8
We had 65 inferral cache hits and 7357 partitioning cache hits
The partitioning cache has 278 tilings in it right now
The inferral cache has 650 tilings in it right now
There are 674 tilings in the search tree
Time taken so far is 232.55265760421753 seconds

Now processing 1032
Doing depth 1
We had 0 inferral cache hits and 14 partitioning cache hits
The partitioning cache has 0 tilings in it right now
The inferral cache has 4 tilings in it right now
There are 5 tilings in the search tree
Time taken so far is 0.012490510940551758 seconds

Doing depth 2
We had 0 inferral cache hits and 81 partitioning cache hits
The partitioning cache has 4 tilings in it right now
The inferral cache has 12 tilings in it right now
There are 13 tilings in the search tree
Time taken so far is 0.0783853530883789 seconds

Doing depth 3
We had 2 inferral cache hits and 223 partitioning cache hits
The partitioning cache has 2 tilings in it right now
The inferral cache has 26 tilings in it right now
There are 27 tilings in the search tree
Time taken so far is 0.3760645389556885 seconds

Doing depth 4
We had 2 inferral cache hits and 311 partitioning cache hits
The partitioning cache has 6 tilings in it right now
The inferral cache has 36 tilings in it right now
There are 35 tilings in the search tree
Time taken so far is 1.1150052547454834 seconds

Doing depth 5
We had 4 inferral cache hits and 685 partitioning cache hits
The partitioning cache has 28 tilings in it right now
The inferral cache has 72 tilings in it right now
There are 72 tilings in the search tree
Time taken so far is 3.3750195503234863 seconds

Doing depth 6
We had 36 inferral cache hits and 1693 partitioning cache hits
The partitioning cache has 19 tilings in it right now
The inferral cache has 125 tilings in it right now
There are 134 tilings in the search tree
Time taken so far is 24.86606764793396 seconds

Doing depth 7
We had 36 inferral cache hits and 2788 partitioning cache hits
The partitioning cache has 66 tilings in it right now
The inferral cache has 249 tilings in it right now
There are 230 tilings in the search tree
Time taken so far is 104.52821135520935 seconds

Doing depth 8
We had 64 inferral cache hits and 7502 partitioning cache hits
The partitioning cache has 276 tilings in it right now
The inferral cache has 609 tilings in it right now
There are 626 tilings in the search tree
Time taken so far is 271.25034499168396 seconds

Now processing 1302
Doing depth 1
We had 0 inferral cache hits and 14 partitioning cache hits
The partitioning cache has 0 tilings in it right now
The inferral cache has 4 tilings in it right now
There are 5 tilings in the search tree
Time taken so far is 0.012416362762451172 seconds

Doing depth 2
We had 0 inferral cache hits and 81 partitioning cache hits
The partitioning cache has 4 tilings in it right now
The inferral cache has 12 tilings in it right now
There are 13 tilings in the search tree
Time taken so far is 0.07646656036376953 seconds

Doing depth 3
We had 2 inferral cache hits and 223 partitioning cache hits
The partitioning cache has 2 tilings in it right now
The inferral cache has 26 tilings in it right now
There are 27 tilings in the search tree
Time taken so far is 0.37334132194519043 seconds

Doing depth 4
We had 2 inferral cache hits and 311 partitioning cache hits
The partitioning cache has 8 tilings in it right now
The inferral cache has 34 tilings in it right now
There are 35 tilings in the search tree
Time taken so far is 1.122915506362915 seconds

Doing depth 5
We had 4 inferral cache hits and 707 partitioning cache hits
The partitioning cache has 26 tilings in it right now
The inferral cache has 76 tilings in it right now
There are 73 tilings in the search tree
Time taken so far is 3.67549991607666 seconds

Doing depth 6
We had 40 inferral cache hits and 1763 partitioning cache hits
The partitioning cache has 17 tilings in it right now
The inferral cache has 147 tilings in it right now
There are 142 tilings in the search tree
Time taken so far is 29.922510862350464 seconds

Doing depth 7
We had 40 inferral cache hits and 2756 partitioning cache hits
The partitioning cache has 74 tilings in it right now
The inferral cache has 237 tilings in it right now
There are 220 tilings in the search tree
Time taken so far is 128.63295722007751 seconds

Doing depth 8
We had 96 inferral cache hits and 7484 partitioning cache hits
The partitioning cache has 236 tilings in it right now
The inferral cache has 665 tilings in it right now
There are 608 tilings in the search tree
Time taken so far is 347.35042905807495 seconds

