/users/home/henningu/ATRAP/non-regular-insertion-encodable-bases/logs_length1
Now processing 0123
Doing depth 1
We had 0 inferral cache hits and 14 partitioning cache hits
The partitioning cache has 0 tilings in it right now
The inferral cache has 4 tilings in it right now
There are 4 tilings in the search tree
Time taken so far is 0.018134117126464844 seconds

Doing depth 2
We had 0 inferral cache hits and 56 partitioning cache hits
The partitioning cache has 2 tilings in it right now
The inferral cache has 8 tilings in it right now
There are 10 tilings in the search tree
Time taken so far is 0.07020020484924316 seconds

Doing depth 3
We had 1 inferral cache hits and 119 partitioning cache hits
The partitioning cache has 1 tilings in it right now
The inferral cache has 15 tilings in it right now
There are 17 tilings in the search tree
Time taken so far is 0.18116235733032227 seconds

Doing depth 4
We had 1 inferral cache hits and 153 partitioning cache hits
The partitioning cache has 0 tilings in it right now
The inferral cache has 19 tilings in it right now
There are 20 tilings in the search tree
Time taken so far is 0.4215881824493408 seconds

Doing depth 5
We had 1 inferral cache hits and 243 partitioning cache hits
The partitioning cache has 8 tilings in it right now
The inferral cache has 27 tilings in it right now
There are 30 tilings in the search tree
Time taken so far is 0.875953197479248 seconds

Doing depth 6
We had 9 inferral cache hits and 505 partitioning cache hits
The partitioning cache has 6 tilings in it right now
The inferral cache has 39 tilings in it right now
There are 48 tilings in the search tree
Time taken so far is 4.463667631149292 seconds

Doing depth 7
We had 9 inferral cache hits and 763 partitioning cache hits
The partitioning cache has 2 tilings in it right now
The inferral cache has 67 tilings in it right now
There are 68 tilings in the search tree
Time taken so far is 17.873054265975952 seconds

Doing depth 8
We had 9 inferral cache hits and 1519 partitioning cache hits
The partitioning cache has 50 tilings in it right now
The inferral cache has 123 tilings in it right now
There are 144 tilings in the search tree
Time taken so far is 36.72050094604492 seconds

Now processing 0132
Doing depth 1
We had 0 inferral cache hits and 14 partitioning cache hits
The partitioning cache has 0 tilings in it right now
The inferral cache has 4 tilings in it right now
There are 4 tilings in the search tree
Time taken so far is 0.015372753143310547 seconds

Doing depth 2
We had 0 inferral cache hits and 56 partitioning cache hits
The partitioning cache has 2 tilings in it right now
The inferral cache has 8 tilings in it right now
There are 10 tilings in the search tree
Time taken so far is 0.0635077953338623 seconds

Doing depth 3
We had 1 inferral cache hits and 119 partitioning cache hits
The partitioning cache has 1 tilings in it right now
The inferral cache has 15 tilings in it right now
There are 17 tilings in the search tree
Time taken so far is 0.1639096736907959 seconds

Doing depth 4
We had 1 inferral cache hits and 153 partitioning cache hits
The partitioning cache has 0 tilings in it right now
The inferral cache has 19 tilings in it right now
There are 20 tilings in the search tree
Time taken so far is 0.3747856616973877 seconds

Doing depth 5
We had 1 inferral cache hits and 243 partitioning cache hits
The partitioning cache has 8 tilings in it right now
The inferral cache has 27 tilings in it right now
There are 30 tilings in the search tree
Time taken so far is 0.8246674537658691 seconds

Doing depth 6
We had 9 inferral cache hits and 505 partitioning cache hits
The partitioning cache has 6 tilings in it right now
The inferral cache has 39 tilings in it right now
There are 48 tilings in the search tree
Time taken so far is 4.512756586074829 seconds

Doing depth 7
We had 9 inferral cache hits and 763 partitioning cache hits
The partitioning cache has 2 tilings in it right now
The inferral cache has 67 tilings in it right now
There are 68 tilings in the search tree
Time taken so far is 18.064337015151978 seconds

Doing depth 8
We had 9 inferral cache hits and 1519 partitioning cache hits
The partitioning cache has 50 tilings in it right now
The inferral cache has 124 tilings in it right now
There are 141 tilings in the search tree
Time taken so far is 37.054447650909424 seconds

Now processing 0213
Doing depth 1
We had 0 inferral cache hits and 14 partitioning cache hits
The partitioning cache has 0 tilings in it right now
The inferral cache has 4 tilings in it right now
There are 4 tilings in the search tree
Time taken so far is 0.014420747756958008 seconds

Doing depth 2
We had 0 inferral cache hits and 56 partitioning cache hits
The partitioning cache has 2 tilings in it right now
The inferral cache has 8 tilings in it right now
There are 10 tilings in the search tree
Time taken so far is 0.06090378761291504 seconds

Doing depth 3
We had 1 inferral cache hits and 119 partitioning cache hits
The partitioning cache has 1 tilings in it right now
The inferral cache has 15 tilings in it right now
There are 17 tilings in the search tree
Time taken so far is 0.17109060287475586 seconds

Doing depth 4
We had 1 inferral cache hits and 153 partitioning cache hits
The partitioning cache has 1 tilings in it right now
The inferral cache has 18 tilings in it right now
There are 20 tilings in the search tree
Time taken so far is 0.4060323238372803 seconds

Doing depth 5
We had 1 inferral cache hits and 244 partitioning cache hits
The partitioning cache has 8 tilings in it right now
The inferral cache has 26 tilings in it right now
There are 29 tilings in the search tree
Time taken so far is 0.8897910118103027 seconds

Doing depth 6
We had 9 inferral cache hits and 506 partitioning cache hits
The partitioning cache has 6 tilings in it right now
The inferral cache has 38 tilings in it right now
There are 43 tilings in the search tree
Time taken so far is 5.769716024398804 seconds

Doing depth 7
We had 9 inferral cache hits and 764 partitioning cache hits
The partitioning cache has 6 tilings in it right now
The inferral cache has 61 tilings in it right now
There are 60 tilings in the search tree
Time taken so far is 25.515649557113647 seconds

Doing depth 8
We had 9 inferral cache hits and 1507 partitioning cache hits
The partitioning cache has 48 tilings in it right now
The inferral cache has 121 tilings in it right now
There are 135 tilings in the search tree
Time taken so far is 52.08068799972534 seconds

Now processing 0231
Doing depth 1
We had 0 inferral cache hits and 14 partitioning cache hits
The partitioning cache has 0 tilings in it right now
The inferral cache has 4 tilings in it right now
There are 4 tilings in the search tree
Time taken so far is 0.01474761962890625 seconds

Doing depth 2
We had 0 inferral cache hits and 56 partitioning cache hits
The partitioning cache has 2 tilings in it right now
The inferral cache has 8 tilings in it right now
There are 10 tilings in the search tree
Time taken so far is 0.06099081039428711 seconds

Doing depth 3
We had 1 inferral cache hits and 119 partitioning cache hits
The partitioning cache has 1 tilings in it right now
The inferral cache has 15 tilings in it right now
There are 17 tilings in the search tree
Time taken so far is 0.17053937911987305 seconds

Doing depth 4
We had 1 inferral cache hits and 153 partitioning cache hits
The partitioning cache has 0 tilings in it right now
The inferral cache has 19 tilings in it right now
There are 20 tilings in the search tree
Time taken so far is 0.4102752208709717 seconds

Doing depth 5
We had 1 inferral cache hits and 243 partitioning cache hits
The partitioning cache has 8 tilings in it right now
The inferral cache has 27 tilings in it right now
There are 30 tilings in the search tree
Time taken so far is 0.8718314170837402 seconds

Doing depth 6
We had 9 inferral cache hits and 505 partitioning cache hits
The partitioning cache has 6 tilings in it right now
The inferral cache has 39 tilings in it right now
There are 48 tilings in the search tree
Time taken so far is 4.584660768508911 seconds

Doing depth 7
We had 9 inferral cache hits and 763 partitioning cache hits
The partitioning cache has 2 tilings in it right now
The inferral cache has 67 tilings in it right now
There are 68 tilings in the search tree
Time taken so far is 18.225082635879517 seconds

Doing depth 8
We had 9 inferral cache hits and 1519 partitioning cache hits
The partitioning cache has 50 tilings in it right now
The inferral cache has 123 tilings in it right now
There are 142 tilings in the search tree
Time taken so far is 37.090856075286865 seconds

Now processing 0321
Doing depth 1
We had 0 inferral cache hits and 14 partitioning cache hits
The partitioning cache has 0 tilings in it right now
The inferral cache has 4 tilings in it right now
There are 4 tilings in the search tree
Time taken so far is 0.016331195831298828 seconds

Doing depth 2
We had 0 inferral cache hits and 56 partitioning cache hits
The partitioning cache has 2 tilings in it right now
The inferral cache has 8 tilings in it right now
There are 10 tilings in the search tree
Time taken so far is 0.06701159477233887 seconds

Doing depth 3
We had 1 inferral cache hits and 119 partitioning cache hits
The partitioning cache has 1 tilings in it right now
The inferral cache has 15 tilings in it right now
There are 17 tilings in the search tree
Time taken so far is 0.1773829460144043 seconds

Doing depth 4
We had 1 inferral cache hits and 153 partitioning cache hits
The partitioning cache has 0 tilings in it right now
The inferral cache has 19 tilings in it right now
There are 20 tilings in the search tree
Time taken so far is 0.41408252716064453 seconds

Doing depth 5
We had 1 inferral cache hits and 243 partitioning cache hits
The partitioning cache has 8 tilings in it right now
The inferral cache has 27 tilings in it right now
There are 30 tilings in the search tree
Time taken so far is 0.9023559093475342 seconds

Doing depth 6
We had 9 inferral cache hits and 505 partitioning cache hits
The partitioning cache has 6 tilings in it right now
The inferral cache has 39 tilings in it right now
There are 48 tilings in the search tree
Time taken so far is 4.577392816543579 seconds

Doing depth 7
We had 9 inferral cache hits and 763 partitioning cache hits
The partitioning cache has 2 tilings in it right now
The inferral cache has 67 tilings in it right now
There are 68 tilings in the search tree
Time taken so far is 17.854527711868286 seconds

Doing depth 8
We had 9 inferral cache hits and 1519 partitioning cache hits
The partitioning cache has 50 tilings in it right now
The inferral cache has 124 tilings in it right now
There are 145 tilings in the search tree
Time taken so far is 36.50997710227966 seconds

Now processing 1032
Doing depth 1
We had 0 inferral cache hits and 14 partitioning cache hits
The partitioning cache has 0 tilings in it right now
The inferral cache has 3 tilings in it right now
There are 4 tilings in the search tree
Time taken so far is 0.01031947135925293 seconds

Doing depth 2
We had 0 inferral cache hits and 56 partitioning cache hits
The partitioning cache has 2 tilings in it right now
The inferral cache has 7 tilings in it right now
There are 8 tilings in the search tree
Time taken so far is 0.05071258544921875 seconds

Doing depth 3
We had 1 inferral cache hits and 119 partitioning cache hits
The partitioning cache has 1 tilings in it right now
The inferral cache has 12 tilings in it right now
There are 13 tilings in the search tree
Time taken so far is 0.18056440353393555 seconds

Doing depth 4
We had 1 inferral cache hits and 153 partitioning cache hits
The partitioning cache has 1 tilings in it right now
The inferral cache has 15 tilings in it right now
There are 15 tilings in the search tree
Time taken so far is 0.5577702522277832 seconds

Doing depth 5
We had 1 inferral cache hits and 244 partitioning cache hits
The partitioning cache has 8 tilings in it right now
The inferral cache has 23 tilings in it right now
There are 25 tilings in the search tree
Time taken so far is 1.0275325775146484 seconds

Doing depth 6
We had 9 inferral cache hits and 506 partitioning cache hits
The partitioning cache has 6 tilings in it right now
The inferral cache has 34 tilings in it right now
There are 40 tilings in the search tree
Time taken so far is 5.829283952713013 seconds

Doing depth 7
We had 9 inferral cache hits and 764 partitioning cache hits
The partitioning cache has 9 tilings in it right now
The inferral cache has 56 tilings in it right now
There are 58 tilings in the search tree
Time taken so far is 27.180655479431152 seconds

Doing depth 8
We had 9 inferral cache hits and 1514 partitioning cache hits
The partitioning cache has 48 tilings in it right now
The inferral cache has 108 tilings in it right now
There are 124 tilings in the search tree
Time taken so far is 47.571333169937134 seconds

Now processing 1302
Doing depth 1
We had 0 inferral cache hits and 14 partitioning cache hits
The partitioning cache has 0 tilings in it right now
The inferral cache has 3 tilings in it right now
There are 4 tilings in the search tree
Time taken so far is 0.006867408752441406 seconds

Doing depth 2
We had 0 inferral cache hits and 56 partitioning cache hits
The partitioning cache has 2 tilings in it right now
The inferral cache has 7 tilings in it right now
There are 8 tilings in the search tree
Time taken so far is 0.03619885444641113 seconds

Doing depth 3
We had 1 inferral cache hits and 119 partitioning cache hits
The partitioning cache has 1 tilings in it right now
The inferral cache has 12 tilings in it right now
There are 13 tilings in the search tree
Time taken so far is 0.1480391025543213 seconds

Doing depth 4
We had 1 inferral cache hits and 153 partitioning cache hits
The partitioning cache has 2 tilings in it right now
The inferral cache has 14 tilings in it right now
There are 15 tilings in the search tree
Time taken so far is 0.5067338943481445 seconds

Doing depth 5
We had 1 inferral cache hits and 250 partitioning cache hits
The partitioning cache has 7 tilings in it right now
The inferral cache has 24 tilings in it right now
There are 24 tilings in the search tree
Time taken so far is 1.1005275249481201 seconds

Doing depth 6
We had 8 inferral cache hits and 506 partitioning cache hits
The partitioning cache has 5 tilings in it right now
The inferral cache has 38 tilings in it right now
There are 38 tilings in the search tree
Time taken so far is 8.149054765701294 seconds

Doing depth 7
We had 8 inferral cache hits and 725 partitioning cache hits
The partitioning cache has 11 tilings in it right now
The inferral cache has 52 tilings in it right now
There are 50 tilings in the search tree
Time taken so far is 38.78100347518921 seconds

Doing depth 8
We had 10 inferral cache hits and 1403 partitioning cache hits
The partitioning cache has 39 tilings in it right now
The inferral cache has 110 tilings in it right now
There are 103 tilings in the search tree
Time taken so far is 72.967853307724 seconds

