/users/home/henningu/ATRAP/non-regular-insertion-encodable-bases/logs_length1
Now processing 0123
Doing depth 1
We had 0 inferral cache hits and 14 partitioning cache hits
The partitioning cache has 0 tilings in it right now
The inferral cache has 10 tilings in it right now
There are 7 tilings in the search tree
Time taken so far is 0.05387234687805176 seconds

Doing depth 2
We had 4 inferral cache hits and 259 partitioning cache hits
The partitioning cache has 8 tilings in it right now
The inferral cache has 82 tilings in it right now
There are 52 tilings in the search tree
Time taken so far is 0.7124545574188232 seconds

Doing depth 3
We had 48 inferral cache hits and 4051 partitioning cache hits
The partitioning cache has 166 tilings in it right now
The inferral cache has 1240 tilings in it right now
There are 652 tilings in the search tree
Time taken so far is 19.67142653465271 seconds

Doing depth 4
We had 1762 inferral cache hits and 107818 partitioning cache hits
The partitioning cache has 3768 tilings in it right now
The inferral cache has 31824 tilings in it right now
There are 14582 tilings in the search tree
Time taken so far is 1138.3379678726196 seconds

Now processing 0132
Doing depth 1
We had 0 inferral cache hits and 14 partitioning cache hits
The partitioning cache has 0 tilings in it right now
The inferral cache has 8 tilings in it right now
There are 7 tilings in the search tree
Time taken so far is 0.03695535659790039 seconds

Doing depth 2
We had 5 inferral cache hits and 255 partitioning cache hits
The partitioning cache has 14 tilings in it right now
The inferral cache has 75 tilings in it right now
There are 50 tilings in the search tree
Time taken so far is 0.5695364475250244 seconds

Doing depth 3
We had 51 inferral cache hits and 4072 partitioning cache hits
The partitioning cache has 213 tilings in it right now
The inferral cache has 1236 tilings in it right now
There are 656 tilings in the search tree
Time taken so far is 18.719246864318848 seconds

Doing depth 4
We had 1957 inferral cache hits and 108040 partitioning cache hits
The partitioning cache has 4703 tilings in it right now
The inferral cache has 32098 tilings in it right now
There are 14699 tilings in the search tree
Time taken so far is 1090.1802031993866 seconds

Now processing 0213
Doing depth 1
We had 0 inferral cache hits and 14 partitioning cache hits
The partitioning cache has 0 tilings in it right now
The inferral cache has 10 tilings in it right now
There are 7 tilings in the search tree
Time taken so far is 0.04376387596130371 seconds

Doing depth 2
We had 4 inferral cache hits and 259 partitioning cache hits
The partitioning cache has 8 tilings in it right now
The inferral cache has 86 tilings in it right now
There are 52 tilings in the search tree
Time taken so far is 0.6255311965942383 seconds

Doing depth 3
We had 54 inferral cache hits and 4101 partitioning cache hits
The partitioning cache has 188 tilings in it right now
The inferral cache has 1320 tilings in it right now
There are 672 tilings in the search tree
Time taken so far is 19.592652320861816 seconds

Doing depth 4
We had 2043 inferral cache hits and 116833 partitioning cache hits
The partitioning cache has 4775 tilings in it right now
The inferral cache has 36659 tilings in it right now
There are 15783 tilings in the search tree
Time taken so far is 1216.5068881511688 seconds

Now processing 0231
Doing depth 1
We had 0 inferral cache hits and 14 partitioning cache hits
The partitioning cache has 0 tilings in it right now
The inferral cache has 8 tilings in it right now
There are 7 tilings in the search tree
Time taken so far is 0.027949810028076172 seconds

Doing depth 2
We had 5 inferral cache hits and 255 partitioning cache hits
The partitioning cache has 15 tilings in it right now
The inferral cache has 76 tilings in it right now
There are 50 tilings in the search tree
Time taken so far is 0.5639264583587646 seconds

Doing depth 3
We had 53 inferral cache hits and 4101 partitioning cache hits
The partitioning cache has 245 tilings in it right now
The inferral cache has 1247 tilings in it right now
There are 660 tilings in the search tree
Time taken so far is 18.86995840072632 seconds

Doing depth 4
We had 2144 inferral cache hits and 110517 partitioning cache hits
The partitioning cache has 5294 tilings in it right now
The inferral cache has 33278 tilings in it right now
There are 14836 tilings in the search tree
Time taken so far is 1114.0510625839233 seconds

Now processing 0321
Doing depth 1
We had 0 inferral cache hits and 14 partitioning cache hits
The partitioning cache has 0 tilings in it right now
The inferral cache has 8 tilings in it right now
There are 7 tilings in the search tree
Time taken so far is 0.041667938232421875 seconds

Doing depth 2
We had 5 inferral cache hits and 255 partitioning cache hits
The partitioning cache has 15 tilings in it right now
The inferral cache has 74 tilings in it right now
There are 50 tilings in the search tree
Time taken so far is 0.5858182907104492 seconds

Doing depth 3
We had 51 inferral cache hits and 4033 partitioning cache hits
The partitioning cache has 250 tilings in it right now
The inferral cache has 1160 tilings in it right now
There are 648 tilings in the search tree
Time taken so far is 19.99202609062195 seconds

Doing depth 4
We had 2091 inferral cache hits and 105662 partitioning cache hits
The partitioning cache has 5319 tilings in it right now
The inferral cache has 30470 tilings in it right now
There are 14374 tilings in the search tree
Time taken so far is 1060.8613941669464 seconds

Now processing 1032
Doing depth 1
We had 0 inferral cache hits and 14 partitioning cache hits
The partitioning cache has 0 tilings in it right now
The inferral cache has 6 tilings in it right now
There are 7 tilings in the search tree
Time taken so far is 0.019599437713623047 seconds

Doing depth 2
We had 8 inferral cache hits and 243 partitioning cache hits
The partitioning cache has 18 tilings in it right now
The inferral cache has 64 tilings in it right now
There are 47 tilings in the search tree
Time taken so far is 0.5082190036773682 seconds

Doing depth 3
We had 63 inferral cache hits and 3977 partitioning cache hits
The partitioning cache has 283 tilings in it right now
The inferral cache has 1068 tilings in it right now
There are 644 tilings in the search tree
Time taken so far is 17.78890061378479 seconds

Doing depth 4
We had 2258 inferral cache hits and 100501 partitioning cache hits
The partitioning cache has 5996 tilings in it right now
The inferral cache has 26932 tilings in it right now
There are 13767 tilings in the search tree
Time taken so far is 964.9832167625427 seconds

Now processing 1302
Doing depth 1
We had 0 inferral cache hits and 14 partitioning cache hits
The partitioning cache has 0 tilings in it right now
The inferral cache has 6 tilings in it right now
There are 7 tilings in the search tree
Time taken so far is 0.018905162811279297 seconds

Doing depth 2
We had 8 inferral cache hits and 243 partitioning cache hits
The partitioning cache has 16 tilings in it right now
The inferral cache has 66 tilings in it right now
There are 47 tilings in the search tree
Time taken so far is 0.5044410228729248 seconds

Doing depth 3
We had 50 inferral cache hits and 4167 partitioning cache hits
The partitioning cache has 300 tilings in it right now
The inferral cache has 1074 tilings in it right now
There are 659 tilings in the search tree
Time taken so far is 20.684446573257446 seconds

Doing depth 4
We had 2978 inferral cache hits and 117095 partitioning cache hits
The partitioning cache has 6551 tilings in it right now
The inferral cache has 29050 tilings in it right now
There are 15452 tilings in the search tree
Time taken so far is 1131.4491517543793 seconds

