/users/home/henningu/ATRAP/non-regular-insertion-encodable-bases/logs_length2
Now processing 0123_0132
Doing depth 1
We had 0 inferral cache hits and 14 partitioning cache hits
The partitioning cache has 0 tilings in it right now
The inferral cache has 10 tilings in it right now
There are 7 tilings in the search tree
Time taken so far is 0.05825161933898926 seconds

Doing depth 2
We had 4 inferral cache hits and 259 partitioning cache hits
The partitioning cache has 8 tilings in it right now
The inferral cache has 86 tilings in it right now
There are 50 tilings in the search tree
Time taken so far is 0.8213379383087158 seconds

Doing depth 3
We had 47 inferral cache hits and 3945 partitioning cache hits
The partitioning cache has 165 tilings in it right now
The inferral cache has 1272 tilings in it right now
There are 630 tilings in the search tree
Time taken so far is 19.8127281665802 seconds

Now processing 0123_0213
Doing depth 1
We had 0 inferral cache hits and 14 partitioning cache hits
The partitioning cache has 0 tilings in it right now
The inferral cache has 10 tilings in it right now
There are 7 tilings in the search tree
Time taken so far is 0.05846285820007324 seconds

Doing depth 2
We had 4 inferral cache hits and 259 partitioning cache hits
The partitioning cache has 8 tilings in it right now
The inferral cache has 86 tilings in it right now
There are 52 tilings in the search tree
Time taken so far is 0.8074955940246582 seconds

Doing depth 3
We had 48 inferral cache hits and 3991 partitioning cache hits
The partitioning cache has 162 tilings in it right now
The inferral cache has 1298 tilings in it right now
There are 650 tilings in the search tree
Time taken so far is 22.103171586990356 seconds

Now processing 0123_0231
Doing depth 1
We had 0 inferral cache hits and 14 partitioning cache hits
The partitioning cache has 0 tilings in it right now
The inferral cache has 10 tilings in it right now
There are 7 tilings in the search tree
Time taken so far is 0.050406455993652344 seconds

Doing depth 2
We had 4 inferral cache hits and 259 partitioning cache hits
The partitioning cache has 8 tilings in it right now
The inferral cache has 91 tilings in it right now
There are 50 tilings in the search tree
Time taken so far is 0.76145339012146 seconds

Doing depth 3
We had 47 inferral cache hits and 3985 partitioning cache hits
The partitioning cache has 167 tilings in it right now
The inferral cache has 1365 tilings in it right now
There are 632 tilings in the search tree
Time taken so far is 20.248897552490234 seconds

Now processing 0123_1230
Doing depth 1
We had 0 inferral cache hits and 14 partitioning cache hits
The partitioning cache has 0 tilings in it right now
The inferral cache has 10 tilings in it right now
There are 7 tilings in the search tree
Time taken so far is 0.054071903228759766 seconds

Doing depth 2
We had 5 inferral cache hits and 255 partitioning cache hits
The partitioning cache has 8 tilings in it right now
The inferral cache has 83 tilings in it right now
There are 50 tilings in the search tree
Time taken so far is 0.8461270332336426 seconds

Doing depth 3
We had 51 inferral cache hits and 3897 partitioning cache hits
The partitioning cache has 166 tilings in it right now
The inferral cache has 1268 tilings in it right now
There are 618 tilings in the search tree
Time taken so far is 18.890608310699463 seconds

Now processing 0123_2301
Doing depth 1
We had 0 inferral cache hits and 14 partitioning cache hits
The partitioning cache has 0 tilings in it right now
The inferral cache has 10 tilings in it right now
There are 7 tilings in the search tree
Time taken so far is 0.04326033592224121 seconds

Doing depth 2
We had 4 inferral cache hits and 259 partitioning cache hits
The partitioning cache has 8 tilings in it right now
The inferral cache has 86 tilings in it right now
There are 47 tilings in the search tree
Time taken so far is 0.6987497806549072 seconds

Doing depth 3
We had 44 inferral cache hits and 3927 partitioning cache hits
The partitioning cache has 178 tilings in it right now
The inferral cache has 1284 tilings in it right now
There are 611 tilings in the search tree
Time taken so far is 19.399458169937134 seconds

Now processing 0132_0213
Doing depth 1
We had 0 inferral cache hits and 14 partitioning cache hits
The partitioning cache has 0 tilings in it right now
The inferral cache has 10 tilings in it right now
There are 7 tilings in the search tree
Time taken so far is 0.05465269088745117 seconds

Doing depth 2
We had 4 inferral cache hits and 259 partitioning cache hits
The partitioning cache has 8 tilings in it right now
The inferral cache has 90 tilings in it right now
There are 50 tilings in the search tree
Time taken so far is 0.7027862071990967 seconds

Doing depth 3
We had 50 inferral cache hits and 3999 partitioning cache hits
The partitioning cache has 174 tilings in it right now
The inferral cache has 1362 tilings in it right now
There are 640 tilings in the search tree
Time taken so far is 20.152647256851196 seconds

Now processing 0132_0231
Doing depth 1
We had 0 inferral cache hits and 14 partitioning cache hits
The partitioning cache has 0 tilings in it right now
The inferral cache has 8 tilings in it right now
There are 7 tilings in the search tree
Time taken so far is 0.0542144775390625 seconds

Doing depth 2
We had 5 inferral cache hits and 255 partitioning cache hits
The partitioning cache has 14 tilings in it right now
The inferral cache has 81 tilings in it right now
There are 50 tilings in the search tree
Time taken so far is 0.7859828472137451 seconds

Doing depth 3
We had 52 inferral cache hits and 3942 partitioning cache hits
The partitioning cache has 210 tilings in it right now
The inferral cache has 1267 tilings in it right now
There are 632 tilings in the search tree
Time taken so far is 20.688232421875 seconds

Now processing 0132_0321
Doing depth 1
We had 0 inferral cache hits and 14 partitioning cache hits
The partitioning cache has 0 tilings in it right now
The inferral cache has 8 tilings in it right now
There are 7 tilings in the search tree
Time taken so far is 0.037802696228027344 seconds

Doing depth 2
We had 5 inferral cache hits and 255 partitioning cache hits
The partitioning cache has 12 tilings in it right now
The inferral cache has 81 tilings in it right now
There are 50 tilings in the search tree
Time taken so far is 0.5991513729095459 seconds

Doing depth 3
We had 50 inferral cache hits and 3934 partitioning cache hits
The partitioning cache has 205 tilings in it right now
The inferral cache has 1281 tilings in it right now
There are 628 tilings in the search tree
Time taken so far is 20.532203674316406 seconds

Now processing 0132_1023
Doing depth 1
We had 0 inferral cache hits and 14 partitioning cache hits
The partitioning cache has 0 tilings in it right now
The inferral cache has 10 tilings in it right now
There are 7 tilings in the search tree
Time taken so far is 0.041472434997558594 seconds

Doing depth 2
We had 4 inferral cache hits and 259 partitioning cache hits
The partitioning cache has 8 tilings in it right now
The inferral cache has 86 tilings in it right now
There are 47 tilings in the search tree
Time taken so far is 0.8121497631072998 seconds

Doing depth 3
We had 47 inferral cache hits and 3975 partitioning cache hits
The partitioning cache has 149 tilings in it right now
The inferral cache has 1384 tilings in it right now
There are 624 tilings in the search tree
Time taken so far is 19.712059497833252 seconds

Now processing 0132_1032
Doing depth 1
We had 0 inferral cache hits and 14 partitioning cache hits
The partitioning cache has 0 tilings in it right now
The inferral cache has 8 tilings in it right now
There are 7 tilings in the search tree
Time taken so far is 0.038246870040893555 seconds

Doing depth 2
We had 5 inferral cache hits and 255 partitioning cache hits
The partitioning cache has 8 tilings in it right now
The inferral cache has 87 tilings in it right now
There are 47 tilings in the search tree
Time taken so far is 0.6968269348144531 seconds

Doing depth 3
We had 49 inferral cache hits and 3937 partitioning cache hits
The partitioning cache has 187 tilings in it right now
The inferral cache has 1249 tilings in it right now
There are 624 tilings in the search tree
Time taken so far is 20.994386672973633 seconds

Now processing 0132_1203
Doing depth 1
We had 0 inferral cache hits and 14 partitioning cache hits
The partitioning cache has 0 tilings in it right now
The inferral cache has 10 tilings in it right now
There are 7 tilings in the search tree
Time taken so far is 0.021287202835083008 seconds

Doing depth 2
We had 4 inferral cache hits and 259 partitioning cache hits
The partitioning cache has 8 tilings in it right now
The inferral cache has 95 tilings in it right now
There are 47 tilings in the search tree
Time taken so far is 0.561532735824585 seconds

Doing depth 3
We had 46 inferral cache hits and 4019 partitioning cache hits
The partitioning cache has 174 tilings in it right now
The inferral cache has 1437 tilings in it right now
There are 631 tilings in the search tree
Time taken so far is 20.946449756622314 seconds

Now processing 0132_1230
Doing depth 1
We had 0 inferral cache hits and 14 partitioning cache hits
The partitioning cache has 0 tilings in it right now
The inferral cache has 9 tilings in it right now
There are 7 tilings in the search tree
Time taken so far is 0.04372978210449219 seconds

Doing depth 2
We had 4 inferral cache hits and 259 partitioning cache hits
The partitioning cache has 8 tilings in it right now
The inferral cache has 86 tilings in it right now
There are 49 tilings in the search tree
Time taken so far is 0.8452301025390625 seconds

Doing depth 3
We had 47 inferral cache hits and 3944 partitioning cache hits
The partitioning cache has 168 tilings in it right now
The inferral cache has 1317 tilings in it right now
There are 621 tilings in the search tree
Time taken so far is 19.168785333633423 seconds

Now processing 0132_1320
Doing depth 1
We had 0 inferral cache hits and 14 partitioning cache hits
The partitioning cache has 0 tilings in it right now
The inferral cache has 9 tilings in it right now
There are 7 tilings in the search tree
Time taken so far is 0.040862083435058594 seconds

Doing depth 2
We had 4 inferral cache hits and 259 partitioning cache hits
The partitioning cache has 12 tilings in it right now
The inferral cache has 85 tilings in it right now
There are 49 tilings in the search tree
Time taken so far is 0.7014644145965576 seconds

Doing depth 3
We had 48 inferral cache hits and 4013 partitioning cache hits
The partitioning cache has 190 tilings in it right now
The inferral cache has 1382 tilings in it right now
There are 632 tilings in the search tree
Time taken so far is 21.184086799621582 seconds

Now processing 0132_2301
Doing depth 1
We had 0 inferral cache hits and 14 partitioning cache hits
The partitioning cache has 0 tilings in it right now
The inferral cache has 8 tilings in it right now
There are 7 tilings in the search tree
Time taken so far is 0.03931736946105957 seconds

Doing depth 2
We had 5 inferral cache hits and 255 partitioning cache hits
The partitioning cache has 10 tilings in it right now
The inferral cache has 83 tilings in it right now
There are 47 tilings in the search tree
Time taken so far is 0.7082538604736328 seconds

Doing depth 3
We had 47 inferral cache hits and 3946 partitioning cache hits
The partitioning cache has 170 tilings in it right now
The inferral cache has 1392 tilings in it right now
There are 617 tilings in the search tree
Time taken so far is 18.449364185333252 seconds

Now processing 0132_3120
Doing depth 1
We had 0 inferral cache hits and 14 partitioning cache hits
The partitioning cache has 0 tilings in it right now
The inferral cache has 10 tilings in it right now
There are 7 tilings in the search tree
Time taken so far is 0.045839548110961914 seconds

Doing depth 2
We had 4 inferral cache hits and 259 partitioning cache hits
The partitioning cache has 8 tilings in it right now
The inferral cache has 90 tilings in it right now
There are 50 tilings in the search tree
Time taken so far is 0.697885274887085 seconds

Doing depth 3
We had 49 inferral cache hits and 4016 partitioning cache hits
The partitioning cache has 161 tilings in it right now
The inferral cache has 1478 tilings in it right now
There are 642 tilings in the search tree
Time taken so far is 21.49992823600769 seconds

Now processing 0213_0321
Doing depth 1
We had 0 inferral cache hits and 14 partitioning cache hits
The partitioning cache has 0 tilings in it right now
The inferral cache has 10 tilings in it right now
There are 7 tilings in the search tree
Time taken so far is 0.02999091148376465 seconds

Doing depth 2
We had 4 inferral cache hits and 259 partitioning cache hits
The partitioning cache has 8 tilings in it right now
The inferral cache has 88 tilings in it right now
There are 50 tilings in the search tree
Time taken so far is 0.629389762878418 seconds

Doing depth 3
We had 52 inferral cache hits and 3971 partitioning cache hits
The partitioning cache has 181 tilings in it right now
The inferral cache has 1349 tilings in it right now
There are 636 tilings in the search tree
Time taken so far is 19.602611303329468 seconds

Now processing 0213_1032
Doing depth 1
We had 0 inferral cache hits and 14 partitioning cache hits
The partitioning cache has 0 tilings in it right now
The inferral cache has 10 tilings in it right now
There are 7 tilings in the search tree
Time taken so far is 0.044364213943481445 seconds

Doing depth 2
We had 4 inferral cache hits and 259 partitioning cache hits
The partitioning cache has 8 tilings in it right now
The inferral cache has 86 tilings in it right now
There are 47 tilings in the search tree
Time taken so far is 0.766512393951416 seconds

Doing depth 3
We had 46 inferral cache hits and 3999 partitioning cache hits
The partitioning cache has 164 tilings in it right now
The inferral cache has 1324 tilings in it right now
There are 629 tilings in the search tree
Time taken so far is 20.901691913604736 seconds

Now processing 0213_1230
Doing depth 1
We had 0 inferral cache hits and 14 partitioning cache hits
The partitioning cache has 0 tilings in it right now
The inferral cache has 10 tilings in it right now
There are 7 tilings in the search tree
Time taken so far is 0.04404473304748535 seconds

Doing depth 2
We had 4 inferral cache hits and 259 partitioning cache hits
The partitioning cache has 8 tilings in it right now
The inferral cache has 86 tilings in it right now
There are 50 tilings in the search tree
Time taken so far is 0.6911580562591553 seconds

Doing depth 3
We had 48 inferral cache hits and 3991 partitioning cache hits
The partitioning cache has 172 tilings in it right now
The inferral cache has 1346 tilings in it right now
There are 634 tilings in the search tree
Time taken so far is 20.83789610862732 seconds

Now processing 0213_1320
Doing depth 1
We had 0 inferral cache hits and 14 partitioning cache hits
The partitioning cache has 0 tilings in it right now
The inferral cache has 10 tilings in it right now
There are 7 tilings in the search tree
Time taken so far is 0.05147719383239746 seconds

Doing depth 2
We had 4 inferral cache hits and 259 partitioning cache hits
The partitioning cache has 10 tilings in it right now
The inferral cache has 90 tilings in it right now
There are 50 tilings in the search tree
Time taken so far is 0.7859282493591309 seconds

Doing depth 3
We had 48 inferral cache hits and 4062 partitioning cache hits
The partitioning cache has 189 tilings in it right now
The inferral cache has 1435 tilings in it right now
There are 650 tilings in the search tree
Time taken so far is 20.582871437072754 seconds

Now processing 0213_2301
Doing depth 1
We had 0 inferral cache hits and 14 partitioning cache hits
The partitioning cache has 0 tilings in it right now
The inferral cache has 10 tilings in it right now
There are 7 tilings in the search tree
Time taken so far is 0.03919029235839844 seconds

Doing depth 2
We had 4 inferral cache hits and 259 partitioning cache hits
The partitioning cache has 8 tilings in it right now
The inferral cache has 90 tilings in it right now
There are 47 tilings in the search tree
Time taken so far is 0.6839389801025391 seconds

Doing depth 3
We had 47 inferral cache hits and 3995 partitioning cache hits
The partitioning cache has 183 tilings in it right now
The inferral cache has 1380 tilings in it right now
There are 627 tilings in the search tree
Time taken so far is 20.75044870376587 seconds

Now processing 0213_3120
Doing depth 1
We had 0 inferral cache hits and 14 partitioning cache hits
The partitioning cache has 0 tilings in it right now
The inferral cache has 10 tilings in it right now
There are 7 tilings in the search tree
Time taken so far is 0.05971026420593262 seconds

Doing depth 2
We had 4 inferral cache hits and 259 partitioning cache hits
The partitioning cache has 8 tilings in it right now
The inferral cache has 90 tilings in it right now
There are 52 tilings in the search tree
Time taken so far is 0.7813045978546143 seconds

Doing depth 3
We had 54 inferral cache hits and 4041 partitioning cache hits
The partitioning cache has 178 tilings in it right now
The inferral cache has 1478 tilings in it right now
There are 656 tilings in the search tree
Time taken so far is 20.126636028289795 seconds

Now processing 0231_0312
Doing depth 1
We had 0 inferral cache hits and 14 partitioning cache hits
The partitioning cache has 0 tilings in it right now
The inferral cache has 8 tilings in it right now
There are 7 tilings in the search tree
Time taken so far is 0.03681612014770508 seconds

Doing depth 2
We had 5 inferral cache hits and 255 partitioning cache hits
The partitioning cache has 12 tilings in it right now
The inferral cache has 87 tilings in it right now
There are 50 tilings in the search tree
Time taken so far is 0.7361240386962891 seconds

Doing depth 3
We had 48 inferral cache hits and 4037 partitioning cache hits
The partitioning cache has 228 tilings in it right now
The inferral cache has 1356 tilings in it right now
There are 640 tilings in the search tree
Time taken so far is 22.219288110733032 seconds

Now processing 0231_0321
Doing depth 1
We had 0 inferral cache hits and 14 partitioning cache hits
The partitioning cache has 0 tilings in it right now
The inferral cache has 8 tilings in it right now
There are 7 tilings in the search tree
Time taken so far is 0.05159163475036621 seconds

Doing depth 2
We had 5 inferral cache hits and 255 partitioning cache hits
The partitioning cache has 12 tilings in it right now
The inferral cache has 82 tilings in it right now
There are 50 tilings in the search tree
Time taken so far is 0.7600321769714355 seconds

Doing depth 3
We had 50 inferral cache hits and 3975 partitioning cache hits
The partitioning cache has 211 tilings in it right now
The inferral cache has 1286 tilings in it right now
There are 639 tilings in the search tree
Time taken so far is 20.61936068534851 seconds

Now processing 0231_1203
Doing depth 1
We had 0 inferral cache hits and 14 partitioning cache hits
The partitioning cache has 0 tilings in it right now
The inferral cache has 10 tilings in it right now
There are 7 tilings in the search tree
Time taken so far is 0.04747605323791504 seconds

Doing depth 2
We had 4 inferral cache hits and 259 partitioning cache hits
The partitioning cache has 8 tilings in it right now
The inferral cache has 98 tilings in it right now
There are 47 tilings in the search tree
Time taken so far is 0.7820072174072266 seconds

Doing depth 3
We had 45 inferral cache hits and 4063 partitioning cache hits
The partitioning cache has 169 tilings in it right now
The inferral cache has 1459 tilings in it right now
There are 635 tilings in the search tree
Time taken so far is 21.153045177459717 seconds

Now processing 0231_1230
Doing depth 1
We had 0 inferral cache hits and 14 partitioning cache hits
The partitioning cache has 0 tilings in it right now
The inferral cache has 9 tilings in it right now
There are 7 tilings in the search tree
Time taken so far is 0.04541373252868652 seconds

Doing depth 2
We had 4 inferral cache hits and 259 partitioning cache hits
The partitioning cache has 9 tilings in it right now
The inferral cache has 87 tilings in it right now
There are 49 tilings in the search tree
Time taken so far is 0.7063686847686768 seconds

Doing depth 3
We had 47 inferral cache hits and 3935 partitioning cache hits
The partitioning cache has 182 tilings in it right now
The inferral cache has 1281 tilings in it right now
There are 622 tilings in the search tree
Time taken so far is 21.255369186401367 seconds

Now processing 0231_2013
Doing depth 1
We had 0 inferral cache hits and 14 partitioning cache hits
The partitioning cache has 0 tilings in it right now
The inferral cache has 10 tilings in it right now
There are 7 tilings in the search tree
Time taken so far is 0.04017448425292969 seconds

Doing depth 2
We had 4 inferral cache hits and 259 partitioning cache hits
The partitioning cache has 8 tilings in it right now
The inferral cache has 98 tilings in it right now
There are 47 tilings in the search tree
Time taken so far is 0.8412153720855713 seconds

Doing depth 3
We had 47 inferral cache hits and 4054 partitioning cache hits
The partitioning cache has 161 tilings in it right now
The inferral cache has 1496 tilings in it right now
There are 641 tilings in the search tree
Time taken so far is 20.826114177703857 seconds

Now processing 0231_2031
Doing depth 1
We had 0 inferral cache hits and 14 partitioning cache hits
The partitioning cache has 0 tilings in it right now
The inferral cache has 8 tilings in it right now
There are 7 tilings in the search tree
Time taken so far is 0.037569522857666016 seconds

Doing depth 2
We had 5 inferral cache hits and 255 partitioning cache hits
The partitioning cache has 12 tilings in it right now
The inferral cache has 90 tilings in it right now
There are 47 tilings in the search tree
Time taken so far is 0.7089948654174805 seconds

Doing depth 3
We had 51 inferral cache hits and 4060 partitioning cache hits
The partitioning cache has 217 tilings in it right now
The inferral cache has 1322 tilings in it right now
There are 648 tilings in the search tree
Time taken so far is 23.478671073913574 seconds

Now processing 0231_2130
Doing depth 1
We had 0 inferral cache hits and 14 partitioning cache hits
The partitioning cache has 0 tilings in it right now
The inferral cache has 9 tilings in it right now
There are 7 tilings in the search tree
Time taken so far is 0.04162120819091797 seconds

Doing depth 2
We had 4 inferral cache hits and 259 partitioning cache hits
The partitioning cache has 9 tilings in it right now
The inferral cache has 93 tilings in it right now
There are 49 tilings in the search tree
Time taken so far is 0.7604904174804688 seconds

Doing depth 3
We had 48 inferral cache hits and 4051 partitioning cache hits
The partitioning cache has 180 tilings in it right now
The inferral cache has 1444 tilings in it right now
There are 642 tilings in the search tree
Time taken so far is 20.536377668380737 seconds

Now processing 0231_2301
Doing depth 1
We had 0 inferral cache hits and 14 partitioning cache hits
The partitioning cache has 0 tilings in it right now
The inferral cache has 8 tilings in it right now
There are 7 tilings in the search tree
Time taken so far is 0.04226040840148926 seconds

Doing depth 2
We had 5 inferral cache hits and 255 partitioning cache hits
The partitioning cache has 10 tilings in it right now
The inferral cache has 84 tilings in it right now
There are 47 tilings in the search tree
Time taken so far is 0.7455661296844482 seconds

Doing depth 3
We had 46 inferral cache hits and 3990 partitioning cache hits
The partitioning cache has 202 tilings in it right now
The inferral cache has 1326 tilings in it right now
There are 622 tilings in the search tree
Time taken so far is 21.369315147399902 seconds

Now processing 0231_3012
Doing depth 1
We had 0 inferral cache hits and 14 partitioning cache hits
The partitioning cache has 0 tilings in it right now
The inferral cache has 9 tilings in it right now
There are 7 tilings in the search tree
Time taken so far is 0.05249905586242676 seconds

Doing depth 2
We had 4 inferral cache hits and 259 partitioning cache hits
The partitioning cache has 8 tilings in it right now
The inferral cache has 91 tilings in it right now
There are 49 tilings in the search tree
Time taken so far is 0.7426409721374512 seconds

Doing depth 3
We had 46 inferral cache hits and 3989 partitioning cache hits
The partitioning cache has 176 tilings in it right now
The inferral cache has 1415 tilings in it right now
There are 627 tilings in the search tree
Time taken so far is 19.789504289627075 seconds

Now processing 0321_1032
Doing depth 1
We had 0 inferral cache hits and 14 partitioning cache hits
The partitioning cache has 0 tilings in it right now
The inferral cache has 8 tilings in it right now
There are 7 tilings in the search tree
Time taken so far is 0.04559779167175293 seconds

Doing depth 2
We had 5 inferral cache hits and 255 partitioning cache hits
The partitioning cache has 8 tilings in it right now
The inferral cache has 85 tilings in it right now
There are 47 tilings in the search tree
Time taken so far is 0.7572402954101562 seconds

Doing depth 3
We had 48 inferral cache hits and 3911 partitioning cache hits
The partitioning cache has 191 tilings in it right now
The inferral cache has 1285 tilings in it right now
There are 611 tilings in the search tree
Time taken so far is 20.670720100402832 seconds

Now processing 0321_2103
Doing depth 1
We had 0 inferral cache hits and 14 partitioning cache hits
The partitioning cache has 0 tilings in it right now
The inferral cache has 10 tilings in it right now
There are 7 tilings in the search tree
Time taken so far is 0.04303598403930664 seconds

Doing depth 2
We had 4 inferral cache hits and 259 partitioning cache hits
The partitioning cache has 8 tilings in it right now
The inferral cache has 86 tilings in it right now
There are 47 tilings in the search tree
Time taken so far is 0.6840047836303711 seconds

Doing depth 3
We had 45 inferral cache hits and 3873 partitioning cache hits
The partitioning cache has 181 tilings in it right now
The inferral cache has 1272 tilings in it right now
There are 601 tilings in the search tree
Time taken so far is 18.792892456054688 seconds

Now processing 1032_1302
Doing depth 1
We had 0 inferral cache hits and 14 partitioning cache hits
The partitioning cache has 0 tilings in it right now
The inferral cache has 6 tilings in it right now
There are 7 tilings in the search tree
Time taken so far is 0.042569637298583984 seconds

Doing depth 2
We had 8 inferral cache hits and 243 partitioning cache hits
The partitioning cache has 14 tilings in it right now
The inferral cache has 78 tilings in it right now
There are 47 tilings in the search tree
Time taken so far is 0.7470266819000244 seconds

Doing depth 3
We had 58 inferral cache hits and 3898 partitioning cache hits
The partitioning cache has 268 tilings in it right now
The inferral cache has 1192 tilings in it right now
There are 619 tilings in the search tree
Time taken so far is 21.36497926712036 seconds

Now processing 1032_2301
Doing depth 1
We had 0 inferral cache hits and 14 partitioning cache hits
The partitioning cache has 0 tilings in it right now
The inferral cache has 6 tilings in it right now
There are 7 tilings in the search tree
Time taken so far is 0.03567695617675781 seconds

Doing depth 2
We had 8 inferral cache hits and 243 partitioning cache hits
The partitioning cache has 8 tilings in it right now
The inferral cache has 82 tilings in it right now
There are 47 tilings in the search tree
Time taken so far is 0.6165108680725098 seconds

Doing depth 3
We had 53 inferral cache hits and 3877 partitioning cache hits
The partitioning cache has 195 tilings in it right now
The inferral cache has 1318 tilings in it right now
There are 611 tilings in the search tree
Time taken so far is 18.83997416496277 seconds

