/users/home/henningu/ATRAP/non-regular-insertion-encodable-bases/logs_length2
Now processing 0123_0132
Doing depth 1
We had 0 inferral cache hits and 0 partitioning cache hits
The partitioning cache has 0 tilings in it right now
The inferral cache has 6 tilings in it right now
There are 5 tilings in the search tree
Time taken so far is 0.01708245277404785 seconds

Doing depth 2
We had 0 inferral cache hits and 28 partitioning cache hits
The partitioning cache has 4 tilings in it right now
The inferral cache has 14 tilings in it right now
There are 15 tilings in the search tree
Time taken so far is 0.09943604469299316 seconds

Doing depth 3
We had 2 inferral cache hits and 122 partitioning cache hits
The partitioning cache has 2 tilings in it right now
The inferral cache has 37 tilings in it right now
There are 31 tilings in the search tree
Time taken so far is 0.3216278553009033 seconds

Doing depth 4
We had 2 inferral cache hits and 182 partitioning cache hits
The partitioning cache has 0 tilings in it right now
The inferral cache has 53 tilings in it right now
There are 40 tilings in the search tree
Time taken so far is 0.6904032230377197 seconds

Doing depth 5
We had 4 inferral cache hits and 742 partitioning cache hits
The partitioning cache has 29 tilings in it right now
The inferral cache has 89 tilings in it right now
There are 78 tilings in the search tree
Time taken so far is 2.2614362239837646 seconds

Now processing 0123_0213
Doing depth 1
We had 0 inferral cache hits and 0 partitioning cache hits
The partitioning cache has 0 tilings in it right now
The inferral cache has 6 tilings in it right now
There are 5 tilings in the search tree
Time taken so far is 0.0294189453125 seconds

Doing depth 2
We had 0 inferral cache hits and 30 partitioning cache hits
The partitioning cache has 4 tilings in it right now
The inferral cache has 14 tilings in it right now
There are 16 tilings in the search tree
Time taken so far is 0.11954832077026367 seconds

Doing depth 3
We had 2 inferral cache hits and 136 partitioning cache hits
The partitioning cache has 2 tilings in it right now
The inferral cache has 38 tilings in it right now
There are 34 tilings in the search tree
Time taken so far is 0.40669870376586914 seconds

Doing depth 4
We had 2 inferral cache hits and 204 partitioning cache hits
The partitioning cache has 0 tilings in it right now
The inferral cache has 54 tilings in it right now
There are 44 tilings in the search tree
Time taken so far is 0.9330489635467529 seconds

Doing depth 5
We had 4 inferral cache hits and 812 partitioning cache hits
The partitioning cache has 30 tilings in it right now
The inferral cache has 84 tilings in it right now
There are 83 tilings in the search tree
Time taken so far is 2.8831217288970947 seconds

Now processing 0123_0231
Doing depth 1
We had 0 inferral cache hits and 0 partitioning cache hits
The partitioning cache has 0 tilings in it right now
The inferral cache has 6 tilings in it right now
There are 5 tilings in the search tree
Time taken so far is 0.025391817092895508 seconds

Doing depth 2
We had 0 inferral cache hits and 28 partitioning cache hits
The partitioning cache has 4 tilings in it right now
The inferral cache has 14 tilings in it right now
There are 15 tilings in the search tree
Time taken so far is 0.11808276176452637 seconds

Doing depth 3
We had 2 inferral cache hits and 122 partitioning cache hits
The partitioning cache has 2 tilings in it right now
The inferral cache has 37 tilings in it right now
There are 31 tilings in the search tree
Time taken so far is 0.3603501319885254 seconds

Doing depth 4
We had 2 inferral cache hits and 182 partitioning cache hits
The partitioning cache has 0 tilings in it right now
The inferral cache has 53 tilings in it right now
There are 40 tilings in the search tree
Time taken so far is 0.781618595123291 seconds

Doing depth 5
We had 4 inferral cache hits and 728 partitioning cache hits
The partitioning cache has 26 tilings in it right now
The inferral cache has 96 tilings in it right now
There are 78 tilings in the search tree
Time taken so far is 2.2823569774627686 seconds

Now processing 0123_1230
Doing depth 1
We had 0 inferral cache hits and 0 partitioning cache hits
The partitioning cache has 0 tilings in it right now
The inferral cache has 6 tilings in it right now
There are 5 tilings in the search tree
Time taken so far is 0.025511980056762695 seconds

Doing depth 2
We had 0 inferral cache hits and 28 partitioning cache hits
The partitioning cache has 4 tilings in it right now
The inferral cache has 14 tilings in it right now
There are 15 tilings in the search tree
Time taken so far is 0.11729216575622559 seconds

Doing depth 3
We had 2 inferral cache hits and 122 partitioning cache hits
The partitioning cache has 2 tilings in it right now
The inferral cache has 36 tilings in it right now
There are 31 tilings in the search tree
Time taken so far is 0.36321449279785156 seconds

Doing depth 4
We had 2 inferral cache hits and 182 partitioning cache hits
The partitioning cache has 0 tilings in it right now
The inferral cache has 52 tilings in it right now
There are 40 tilings in the search tree
Time taken so far is 0.7356927394866943 seconds

Doing depth 5
We had 4 inferral cache hits and 727 partitioning cache hits
The partitioning cache has 28 tilings in it right now
The inferral cache has 88 tilings in it right now
There are 74 tilings in the search tree
Time taken so far is 2.0887649059295654 seconds

Now processing 0123_2301
Doing depth 1
We had 0 inferral cache hits and 0 partitioning cache hits
The partitioning cache has 0 tilings in it right now
The inferral cache has 6 tilings in it right now
There are 5 tilings in the search tree
Time taken so far is 0.022932767868041992 seconds

Doing depth 2
We had 0 inferral cache hits and 26 partitioning cache hits
The partitioning cache has 4 tilings in it right now
The inferral cache has 14 tilings in it right now
There are 13 tilings in the search tree
Time taken so far is 0.10807251930236816 seconds

Doing depth 3
We had 2 inferral cache hits and 108 partitioning cache hits
The partitioning cache has 2 tilings in it right now
The inferral cache has 36 tilings in it right now
There are 27 tilings in the search tree
Time taken so far is 0.28191661834716797 seconds

Doing depth 4
We had 2 inferral cache hits and 160 partitioning cache hits
The partitioning cache has 0 tilings in it right now
The inferral cache has 52 tilings in it right now
There are 35 tilings in the search tree
Time taken so far is 0.4170796871185303 seconds

Doing depth 5
We had 4 inferral cache hits and 670 partitioning cache hits
The partitioning cache has 26 tilings in it right now
The inferral cache has 92 tilings in it right now
There are 69 tilings in the search tree
Time taken so far is 1.2513325214385986 seconds

Now processing 0132_0213
Doing depth 1
We had 0 inferral cache hits and 0 partitioning cache hits
The partitioning cache has 0 tilings in it right now
The inferral cache has 6 tilings in it right now
There are 5 tilings in the search tree
Time taken so far is 0.024217605590820312 seconds

Doing depth 2
We had 0 inferral cache hits and 28 partitioning cache hits
The partitioning cache has 4 tilings in it right now
The inferral cache has 14 tilings in it right now
There are 15 tilings in the search tree
Time taken so far is 0.11061310768127441 seconds

Doing depth 3
We had 2 inferral cache hits and 122 partitioning cache hits
The partitioning cache has 2 tilings in it right now
The inferral cache has 38 tilings in it right now
There are 31 tilings in the search tree
Time taken so far is 0.3682827949523926 seconds

Doing depth 4
We had 2 inferral cache hits and 182 partitioning cache hits
The partitioning cache has 1 tilings in it right now
The inferral cache has 53 tilings in it right now
There are 40 tilings in the search tree
Time taken so far is 0.7859921455383301 seconds

Doing depth 5
We had 4 inferral cache hits and 720 partitioning cache hits
The partitioning cache has 29 tilings in it right now
The inferral cache has 90 tilings in it right now
There are 76 tilings in the search tree
Time taken so far is 2.191089630126953 seconds

Now processing 0132_0321
Doing depth 1
We had 0 inferral cache hits and 0 partitioning cache hits
The partitioning cache has 0 tilings in it right now
The inferral cache has 5 tilings in it right now
There are 5 tilings in the search tree
Time taken so far is 0.024341344833374023 seconds

Doing depth 2
We had 0 inferral cache hits and 28 partitioning cache hits
The partitioning cache has 4 tilings in it right now
The inferral cache has 13 tilings in it right now
There are 15 tilings in the search tree
Time taken so far is 0.11416172981262207 seconds

Doing depth 3
We had 2 inferral cache hits and 122 partitioning cache hits
The partitioning cache has 2 tilings in it right now
The inferral cache has 33 tilings in it right now
There are 31 tilings in the search tree
Time taken so far is 0.345672607421875 seconds

Doing depth 4
We had 2 inferral cache hits and 182 partitioning cache hits
The partitioning cache has 2 tilings in it right now
The inferral cache has 47 tilings in it right now
There are 40 tilings in the search tree
Time taken so far is 0.7044496536254883 seconds

Doing depth 5
We had 4 inferral cache hits and 728 partitioning cache hits
The partitioning cache has 27 tilings in it right now
The inferral cache has 84 tilings in it right now
There are 78 tilings in the search tree
Time taken so far is 2.0264339447021484 seconds

Now processing 0132_1023
Doing depth 1
We had 0 inferral cache hits and 0 partitioning cache hits
The partitioning cache has 0 tilings in it right now
The inferral cache has 6 tilings in it right now
There are 5 tilings in the search tree
Time taken so far is 0.020642995834350586 seconds

Doing depth 2
We had 0 inferral cache hits and 26 partitioning cache hits
The partitioning cache has 4 tilings in it right now
The inferral cache has 14 tilings in it right now
There are 13 tilings in the search tree
Time taken so far is 0.09951663017272949 seconds

Doing depth 3
We had 2 inferral cache hits and 108 partitioning cache hits
The partitioning cache has 2 tilings in it right now
The inferral cache has 38 tilings in it right now
There are 27 tilings in the search tree
Time taken so far is 0.24125361442565918 seconds

Doing depth 4
We had 2 inferral cache hits and 160 partitioning cache hits
The partitioning cache has 0 tilings in it right now
The inferral cache has 54 tilings in it right now
There are 35 tilings in the search tree
Time taken so far is 0.37911057472229004 seconds

Doing depth 5
We had 4 inferral cache hits and 824 partitioning cache hits
The partitioning cache has 26 tilings in it right now
The inferral cache has 156 tilings in it right now
There are 88 tilings in the search tree
Time taken so far is 2.764998197555542 seconds

Now processing 0132_1032
Doing depth 1
We had 0 inferral cache hits and 0 partitioning cache hits
The partitioning cache has 0 tilings in it right now
The inferral cache has 5 tilings in it right now
There are 5 tilings in the search tree
Time taken so far is 0.019636869430541992 seconds

Doing depth 2
We had 0 inferral cache hits and 26 partitioning cache hits
The partitioning cache has 4 tilings in it right now
The inferral cache has 13 tilings in it right now
There are 13 tilings in the search tree
Time taken so far is 0.0964045524597168 seconds

Doing depth 3
We had 2 inferral cache hits and 108 partitioning cache hits
The partitioning cache has 2 tilings in it right now
The inferral cache has 32 tilings in it right now
There are 27 tilings in the search tree
Time taken so far is 0.24051451683044434 seconds

Doing depth 4
We had 2 inferral cache hits and 170 partitioning cache hits
The partitioning cache has 2 tilings in it right now
The inferral cache has 51 tilings in it right now
There are 37 tilings in the search tree
Time taken so far is 0.4386293888092041 seconds

Doing depth 5
We had 6 inferral cache hits and 1786 partitioning cache hits
The partitioning cache has 34 tilings in it right now
The inferral cache has 116 tilings in it right now
There are 119 tilings in the search tree
Time taken so far is 3.300689220428467 seconds

Now processing 0132_1203
Doing depth 1
We had 0 inferral cache hits and 0 partitioning cache hits
The partitioning cache has 0 tilings in it right now
The inferral cache has 6 tilings in it right now
There are 5 tilings in the search tree
Time taken so far is 0.01871514320373535 seconds

Doing depth 2
We had 0 inferral cache hits and 26 partitioning cache hits
The partitioning cache has 4 tilings in it right now
The inferral cache has 14 tilings in it right now
There are 13 tilings in the search tree
Time taken so far is 0.09914469718933105 seconds

Doing depth 3
We had 2 inferral cache hits and 108 partitioning cache hits
The partitioning cache has 2 tilings in it right now
The inferral cache has 37 tilings in it right now
There are 27 tilings in the search tree
Time taken so far is 0.24389100074768066 seconds

Doing depth 4
We had 2 inferral cache hits and 160 partitioning cache hits
The partitioning cache has 1 tilings in it right now
The inferral cache has 52 tilings in it right now
There are 35 tilings in the search tree
Time taken so far is 0.3878300189971924 seconds

Doing depth 5
We had 4 inferral cache hits and 676 partitioning cache hits
The partitioning cache has 26 tilings in it right now
The inferral cache has 97 tilings in it right now
There are 71 tilings in the search tree
Time taken so far is 1.6138131618499756 seconds

Now processing 0132_1230
Doing depth 1
We had 0 inferral cache hits and 0 partitioning cache hits
The partitioning cache has 0 tilings in it right now
The inferral cache has 5 tilings in it right now
There are 5 tilings in the search tree
Time taken so far is 0.023802518844604492 seconds

Doing depth 2
We had 0 inferral cache hits and 28 partitioning cache hits
The partitioning cache has 3 tilings in it right now
The inferral cache has 14 tilings in it right now
There are 15 tilings in the search tree
Time taken so far is 0.1116173267364502 seconds

Doing depth 3
We had 2 inferral cache hits and 121 partitioning cache hits
The partitioning cache has 1 tilings in it right now
The inferral cache has 35 tilings in it right now
There are 31 tilings in the search tree
Time taken so far is 0.3303854465484619 seconds

Doing depth 4
We had 2 inferral cache hits and 180 partitioning cache hits
The partitioning cache has 1 tilings in it right now
The inferral cache has 50 tilings in it right now
There are 40 tilings in the search tree
Time taken so far is 0.6693205833435059 seconds

Doing depth 5
We had 4 inferral cache hits and 726 partitioning cache hits
The partitioning cache has 25 tilings in it right now
The inferral cache has 92 tilings in it right now
There are 77 tilings in the search tree
Time taken so far is 2.044511079788208 seconds

Now processing 0132_1320
Doing depth 1
We had 0 inferral cache hits and 0 partitioning cache hits
The partitioning cache has 0 tilings in it right now
The inferral cache has 5 tilings in it right now
There are 5 tilings in the search tree
Time taken so far is 0.02281475067138672 seconds

Doing depth 2
We had 0 inferral cache hits and 28 partitioning cache hits
The partitioning cache has 4 tilings in it right now
The inferral cache has 13 tilings in it right now
There are 15 tilings in the search tree
Time taken so far is 0.11059165000915527 seconds

Doing depth 3
We had 2 inferral cache hits and 122 partitioning cache hits
The partitioning cache has 2 tilings in it right now
The inferral cache has 33 tilings in it right now
There are 31 tilings in the search tree
Time taken so far is 0.3290421962738037 seconds

Doing depth 4
We had 2 inferral cache hits and 182 partitioning cache hits
The partitioning cache has 3 tilings in it right now
The inferral cache has 46 tilings in it right now
There are 40 tilings in the search tree
Time taken so far is 0.6887173652648926 seconds

Doing depth 5
We had 4 inferral cache hits and 695 partitioning cache hits
The partitioning cache has 27 tilings in it right now
The inferral cache has 89 tilings in it right now
There are 76 tilings in the search tree
Time taken so far is 1.7522122859954834 seconds

Now processing 0132_2301
Doing depth 1
We had 0 inferral cache hits and 0 partitioning cache hits
The partitioning cache has 0 tilings in it right now
The inferral cache has 5 tilings in it right now
There are 5 tilings in the search tree
Time taken so far is 0.01760387420654297 seconds

Doing depth 2
We had 0 inferral cache hits and 26 partitioning cache hits
The partitioning cache has 4 tilings in it right now
The inferral cache has 13 tilings in it right now
There are 13 tilings in the search tree
Time taken so far is 0.09024238586425781 seconds

Doing depth 3
We had 2 inferral cache hits and 108 partitioning cache hits
The partitioning cache has 2 tilings in it right now
The inferral cache has 32 tilings in it right now
There are 27 tilings in the search tree
Time taken so far is 0.2543671131134033 seconds

Doing depth 4
We had 2 inferral cache hits and 160 partitioning cache hits
The partitioning cache has 1 tilings in it right now
The inferral cache has 47 tilings in it right now
There are 35 tilings in the search tree
Time taken so far is 0.39429187774658203 seconds

Doing depth 5
We had 3 inferral cache hits and 672 partitioning cache hits
The partitioning cache has 24 tilings in it right now
The inferral cache has 95 tilings in it right now
There are 71 tilings in the search tree
Time taken so far is 1.3523180484771729 seconds

Now processing 0132_3120
Doing depth 1
We had 0 inferral cache hits and 0 partitioning cache hits
The partitioning cache has 0 tilings in it right now
The inferral cache has 6 tilings in it right now
There are 5 tilings in the search tree
Time taken so far is 0.024309635162353516 seconds

Doing depth 2
We had 0 inferral cache hits and 28 partitioning cache hits
The partitioning cache has 4 tilings in it right now
The inferral cache has 14 tilings in it right now
There are 15 tilings in the search tree
Time taken so far is 0.11736011505126953 seconds

Doing depth 3
We had 2 inferral cache hits and 122 partitioning cache hits
The partitioning cache has 2 tilings in it right now
The inferral cache has 38 tilings in it right now
There are 31 tilings in the search tree
Time taken so far is 0.3614182472229004 seconds

Doing depth 4
We had 2 inferral cache hits and 182 partitioning cache hits
The partitioning cache has 0 tilings in it right now
The inferral cache has 54 tilings in it right now
There are 40 tilings in the search tree
Time taken so far is 0.7649147510528564 seconds

Doing depth 5
We had 3 inferral cache hits and 704 partitioning cache hits
The partitioning cache has 27 tilings in it right now
The inferral cache has 92 tilings in it right now
There are 72 tilings in the search tree
Time taken so far is 1.8780312538146973 seconds

Now processing 0213_0321
Doing depth 1
We had 0 inferral cache hits and 0 partitioning cache hits
The partitioning cache has 0 tilings in it right now
The inferral cache has 6 tilings in it right now
There are 5 tilings in the search tree
Time taken so far is 0.020908832550048828 seconds

Doing depth 2
We had 0 inferral cache hits and 28 partitioning cache hits
The partitioning cache has 4 tilings in it right now
The inferral cache has 14 tilings in it right now
There are 15 tilings in the search tree
Time taken so far is 0.1093299388885498 seconds

Doing depth 3
We had 2 inferral cache hits and 122 partitioning cache hits
The partitioning cache has 2 tilings in it right now
The inferral cache has 37 tilings in it right now
There are 31 tilings in the search tree
Time taken so far is 0.3705589771270752 seconds

Doing depth 4
We had 2 inferral cache hits and 182 partitioning cache hits
The partitioning cache has 1 tilings in it right now
The inferral cache has 52 tilings in it right now
There are 40 tilings in the search tree
Time taken so far is 0.7631797790527344 seconds

Doing depth 5
We had 4 inferral cache hits and 719 partitioning cache hits
The partitioning cache has 28 tilings in it right now
The inferral cache has 88 tilings in it right now
There are 75 tilings in the search tree
Time taken so far is 2.5074007511138916 seconds

Now processing 0213_1230
Doing depth 1
We had 0 inferral cache hits and 0 partitioning cache hits
The partitioning cache has 0 tilings in it right now
The inferral cache has 6 tilings in it right now
There are 5 tilings in the search tree
Time taken so far is 0.024335622787475586 seconds

Doing depth 2
We had 0 inferral cache hits and 28 partitioning cache hits
The partitioning cache has 4 tilings in it right now
The inferral cache has 14 tilings in it right now
There are 15 tilings in the search tree
Time taken so far is 0.12994718551635742 seconds

Doing depth 3
We had 2 inferral cache hits and 122 partitioning cache hits
The partitioning cache has 2 tilings in it right now
The inferral cache has 37 tilings in it right now
There are 31 tilings in the search tree
Time taken so far is 0.3604767322540283 seconds

Doing depth 4
We had 2 inferral cache hits and 182 partitioning cache hits
The partitioning cache has 1 tilings in it right now
The inferral cache has 52 tilings in it right now
There are 40 tilings in the search tree
Time taken so far is 0.7313473224639893 seconds

Doing depth 5
We had 4 inferral cache hits and 797 partitioning cache hits
The partitioning cache has 27 tilings in it right now
The inferral cache has 113 tilings in it right now
There are 82 tilings in the search tree
Time taken so far is 2.437436819076538 seconds

Now processing 0213_1320
Doing depth 1
We had 0 inferral cache hits and 0 partitioning cache hits
The partitioning cache has 0 tilings in it right now
The inferral cache has 6 tilings in it right now
There are 5 tilings in the search tree
Time taken so far is 0.02353501319885254 seconds

Doing depth 2
We had 0 inferral cache hits and 28 partitioning cache hits
The partitioning cache has 4 tilings in it right now
The inferral cache has 14 tilings in it right now
There are 15 tilings in the search tree
Time taken so far is 0.11236286163330078 seconds

Doing depth 3
We had 2 inferral cache hits and 122 partitioning cache hits
The partitioning cache has 2 tilings in it right now
The inferral cache has 37 tilings in it right now
There are 31 tilings in the search tree
Time taken so far is 0.34813833236694336 seconds

Doing depth 4
We had 2 inferral cache hits and 182 partitioning cache hits
The partitioning cache has 2 tilings in it right now
The inferral cache has 51 tilings in it right now
There are 40 tilings in the search tree
Time taken so far is 0.720902681350708 seconds

Doing depth 5
We had 4 inferral cache hits and 696 partitioning cache hits
The partitioning cache has 28 tilings in it right now
The inferral cache has 91 tilings in it right now
There are 74 tilings in the search tree
Time taken so far is 1.9326040744781494 seconds

Now processing 0213_2301
Doing depth 1
We had 0 inferral cache hits and 0 partitioning cache hits
The partitioning cache has 0 tilings in it right now
The inferral cache has 6 tilings in it right now
There are 5 tilings in the search tree
Time taken so far is 0.021697282791137695 seconds

Doing depth 2
We had 0 inferral cache hits and 26 partitioning cache hits
The partitioning cache has 4 tilings in it right now
The inferral cache has 14 tilings in it right now
There are 13 tilings in the search tree
Time taken so far is 0.10230779647827148 seconds

Doing depth 3
We had 2 inferral cache hits and 108 partitioning cache hits
The partitioning cache has 2 tilings in it right now
The inferral cache has 36 tilings in it right now
There are 27 tilings in the search tree
Time taken so far is 0.2825603485107422 seconds

Doing depth 4
We had 2 inferral cache hits and 160 partitioning cache hits
The partitioning cache has 0 tilings in it right now
The inferral cache has 52 tilings in it right now
There are 35 tilings in the search tree
Time taken so far is 0.43344593048095703 seconds

Doing depth 5
We had 4 inferral cache hits and 668 partitioning cache hits
The partitioning cache has 26 tilings in it right now
The inferral cache has 94 tilings in it right now
There are 69 tilings in the search tree
Time taken so far is 1.3977949619293213 seconds

Now processing 0213_3120
Doing depth 1
We had 0 inferral cache hits and 0 partitioning cache hits
The partitioning cache has 0 tilings in it right now
The inferral cache has 6 tilings in it right now
There are 5 tilings in the search tree
Time taken so far is 0.029924631118774414 seconds

Doing depth 2
We had 0 inferral cache hits and 30 partitioning cache hits
The partitioning cache has 4 tilings in it right now
The inferral cache has 14 tilings in it right now
There are 16 tilings in the search tree
Time taken so far is 0.13100242614746094 seconds

Doing depth 3
We had 2 inferral cache hits and 136 partitioning cache hits
The partitioning cache has 2 tilings in it right now
The inferral cache has 40 tilings in it right now
There are 34 tilings in the search tree
Time taken so far is 0.4690086841583252 seconds

Doing depth 4
We had 2 inferral cache hits and 204 partitioning cache hits
The partitioning cache has 0 tilings in it right now
The inferral cache has 56 tilings in it right now
There are 44 tilings in the search tree
Time taken so far is 1.0339736938476562 seconds

Doing depth 5
We had 4 inferral cache hits and 732 partitioning cache hits
The partitioning cache has 26 tilings in it right now
The inferral cache has 90 tilings in it right now
There are 74 tilings in the search tree
Time taken so far is 2.2770936489105225 seconds

Now processing 0231_0312
Doing depth 1
We had 0 inferral cache hits and 0 partitioning cache hits
The partitioning cache has 0 tilings in it right now
The inferral cache has 5 tilings in it right now
There are 5 tilings in the search tree
Time taken so far is 0.02686023712158203 seconds

Doing depth 2
We had 0 inferral cache hits and 28 partitioning cache hits
The partitioning cache has 4 tilings in it right now
The inferral cache has 13 tilings in it right now
There are 15 tilings in the search tree
Time taken so far is 0.12862491607666016 seconds

Doing depth 3
We had 2 inferral cache hits and 122 partitioning cache hits
The partitioning cache has 2 tilings in it right now
The inferral cache has 34 tilings in it right now
There are 31 tilings in the search tree
Time taken so far is 0.3880293369293213 seconds

Doing depth 4
We had 2 inferral cache hits and 182 partitioning cache hits
The partitioning cache has 3 tilings in it right now
The inferral cache has 47 tilings in it right now
There are 40 tilings in the search tree
Time taken so far is 0.7358639240264893 seconds

Doing depth 5
We had 4 inferral cache hits and 707 partitioning cache hits
The partitioning cache has 27 tilings in it right now
The inferral cache has 88 tilings in it right now
There are 79 tilings in the search tree
Time taken so far is 2.320328950881958 seconds

Now processing 0231_0321
Doing depth 1
We had 0 inferral cache hits and 0 partitioning cache hits
The partitioning cache has 0 tilings in it right now
The inferral cache has 5 tilings in it right now
There are 5 tilings in the search tree
Time taken so far is 0.025439739227294922 seconds

Doing depth 2
We had 0 inferral cache hits and 28 partitioning cache hits
The partitioning cache has 4 tilings in it right now
The inferral cache has 13 tilings in it right now
There are 15 tilings in the search tree
Time taken so far is 0.11755657196044922 seconds

Doing depth 3
We had 2 inferral cache hits and 122 partitioning cache hits
The partitioning cache has 2 tilings in it right now
The inferral cache has 33 tilings in it right now
There are 31 tilings in the search tree
Time taken so far is 0.3524341583251953 seconds

Doing depth 4
We had 2 inferral cache hits and 182 partitioning cache hits
The partitioning cache has 3 tilings in it right now
The inferral cache has 46 tilings in it right now
There are 40 tilings in the search tree
Time taken so far is 0.7219629287719727 seconds

Doing depth 5
We had 4 inferral cache hits and 725 partitioning cache hits
The partitioning cache has 27 tilings in it right now
The inferral cache has 87 tilings in it right now
There are 80 tilings in the search tree
Time taken so far is 2.4125964641571045 seconds

Now processing 0231_1203
Doing depth 1
We had 0 inferral cache hits and 0 partitioning cache hits
The partitioning cache has 0 tilings in it right now
The inferral cache has 6 tilings in it right now
There are 5 tilings in the search tree
Time taken so far is 0.020337581634521484 seconds

Doing depth 2
We had 0 inferral cache hits and 26 partitioning cache hits
The partitioning cache has 4 tilings in it right now
The inferral cache has 14 tilings in it right now
There are 13 tilings in the search tree
Time taken so far is 0.0993800163269043 seconds

Doing depth 3
We had 2 inferral cache hits and 108 partitioning cache hits
The partitioning cache has 2 tilings in it right now
The inferral cache has 36 tilings in it right now
There are 27 tilings in the search tree
Time taken so far is 0.28776049613952637 seconds

Doing depth 4
We had 2 inferral cache hits and 160 partitioning cache hits
The partitioning cache has 1 tilings in it right now
The inferral cache has 51 tilings in it right now
There are 35 tilings in the search tree
Time taken so far is 0.442471981048584 seconds

Doing depth 5
We had 4 inferral cache hits and 738 partitioning cache hits
The partitioning cache has 26 tilings in it right now
The inferral cache has 117 tilings in it right now
There are 79 tilings in the search tree
Time taken so far is 1.997969150543213 seconds

Now processing 0231_1230
Doing depth 1
We had 0 inferral cache hits and 0 partitioning cache hits
The partitioning cache has 0 tilings in it right now
The inferral cache has 5 tilings in it right now
There are 5 tilings in the search tree
Time taken so far is 0.027379751205444336 seconds

Doing depth 2
We had 0 inferral cache hits and 28 partitioning cache hits
The partitioning cache has 4 tilings in it right now
The inferral cache has 13 tilings in it right now
There are 15 tilings in the search tree
Time taken so far is 0.12690234184265137 seconds

Doing depth 3
We had 2 inferral cache hits and 122 partitioning cache hits
The partitioning cache has 2 tilings in it right now
The inferral cache has 33 tilings in it right now
There are 31 tilings in the search tree
Time taken so far is 0.3755002021789551 seconds

Doing depth 4
We had 2 inferral cache hits and 182 partitioning cache hits
The partitioning cache has 3 tilings in it right now
The inferral cache has 47 tilings in it right now
There are 40 tilings in the search tree
Time taken so far is 0.7389397621154785 seconds

Doing depth 5
We had 4 inferral cache hits and 718 partitioning cache hits
The partitioning cache has 24 tilings in it right now
The inferral cache has 83 tilings in it right now
There are 74 tilings in the search tree
Time taken so far is 2.1174144744873047 seconds

Now processing 0231_2013
Doing depth 1
We had 0 inferral cache hits and 0 partitioning cache hits
The partitioning cache has 0 tilings in it right now
The inferral cache has 6 tilings in it right now
There are 5 tilings in the search tree
Time taken so far is 0.022690534591674805 seconds

Doing depth 2
We had 0 inferral cache hits and 26 partitioning cache hits
The partitioning cache has 4 tilings in it right now
The inferral cache has 14 tilings in it right now
There are 13 tilings in the search tree
Time taken so far is 0.10632586479187012 seconds

Doing depth 3
We had 2 inferral cache hits and 108 partitioning cache hits
The partitioning cache has 2 tilings in it right now
The inferral cache has 38 tilings in it right now
There are 27 tilings in the search tree
Time taken so far is 0.2680933475494385 seconds

Doing depth 4
We had 2 inferral cache hits and 160 partitioning cache hits
The partitioning cache has 0 tilings in it right now
The inferral cache has 54 tilings in it right now
There are 35 tilings in the search tree
Time taken so far is 0.42195963859558105 seconds

Doing depth 5
We had 4 inferral cache hits and 806 partitioning cache hits
The partitioning cache has 24 tilings in it right now
The inferral cache has 166 tilings in it right now
There are 89 tilings in the search tree
Time taken so far is 2.827618360519409 seconds

Now processing 0231_2031
Doing depth 1
We had 0 inferral cache hits and 0 partitioning cache hits
The partitioning cache has 0 tilings in it right now
The inferral cache has 5 tilings in it right now
There are 5 tilings in the search tree
Time taken so far is 0.022207975387573242 seconds

Doing depth 2
We had 0 inferral cache hits and 26 partitioning cache hits
The partitioning cache has 4 tilings in it right now
The inferral cache has 13 tilings in it right now
There are 13 tilings in the search tree
Time taken so far is 0.10975456237792969 seconds

Doing depth 3
We had 2 inferral cache hits and 108 partitioning cache hits
The partitioning cache has 2 tilings in it right now
The inferral cache has 32 tilings in it right now
There are 27 tilings in the search tree
Time taken so far is 0.2794034481048584 seconds

Doing depth 4
We had 2 inferral cache hits and 180 partitioning cache hits
The partitioning cache has 3 tilings in it right now
The inferral cache has 54 tilings in it right now
There are 39 tilings in the search tree
Time taken so far is 0.5262064933776855 seconds

Doing depth 5
We had 17 inferral cache hits and 2591 partitioning cache hits
The partitioning cache has 40 tilings in it right now
The inferral cache has 143 tilings in it right now
There are 140 tilings in the search tree
Time taken so far is 3.413869857788086 seconds

Now processing 0231_2130
Doing depth 1
We had 0 inferral cache hits and 0 partitioning cache hits
The partitioning cache has 0 tilings in it right now
The inferral cache has 5 tilings in it right now
There are 5 tilings in the search tree
Time taken so far is 0.0232851505279541 seconds

Doing depth 2
We had 0 inferral cache hits and 28 partitioning cache hits
The partitioning cache has 4 tilings in it right now
The inferral cache has 13 tilings in it right now
There are 15 tilings in the search tree
Time taken so far is 0.11035037040710449 seconds

Doing depth 3
We had 2 inferral cache hits and 122 partitioning cache hits
The partitioning cache has 2 tilings in it right now
The inferral cache has 34 tilings in it right now
There are 31 tilings in the search tree
Time taken so far is 0.33260655403137207 seconds

Doing depth 4
We had 2 inferral cache hits and 192 partitioning cache hits
The partitioning cache has 3 tilings in it right now
The inferral cache has 52 tilings in it right now
There are 42 tilings in the search tree
Time taken so far is 0.7135534286499023 seconds

Doing depth 5
We had 13 inferral cache hits and 2464 partitioning cache hits
The partitioning cache has 39 tilings in it right now
The inferral cache has 133 tilings in it right now
There are 124 tilings in the search tree
Time taken so far is 3.0591306686401367 seconds

Now processing 0231_2301
Doing depth 1
We had 0 inferral cache hits and 0 partitioning cache hits
The partitioning cache has 0 tilings in it right now
The inferral cache has 5 tilings in it right now
There are 5 tilings in the search tree
Time taken so far is 0.021692276000976562 seconds

Doing depth 2
We had 0 inferral cache hits and 26 partitioning cache hits
The partitioning cache has 4 tilings in it right now
The inferral cache has 13 tilings in it right now
There are 13 tilings in the search tree
Time taken so far is 0.11632776260375977 seconds

Doing depth 3
We had 2 inferral cache hits and 108 partitioning cache hits
The partitioning cache has 2 tilings in it right now
The inferral cache has 32 tilings in it right now
There are 27 tilings in the search tree
Time taken so far is 0.2658858299255371 seconds

Doing depth 4
We had 2 inferral cache hits and 160 partitioning cache hits
The partitioning cache has 3 tilings in it right now
The inferral cache has 45 tilings in it right now
There are 35 tilings in the search tree
Time taken so far is 0.40107226371765137 seconds

Doing depth 5
We had 4 inferral cache hits and 676 partitioning cache hits
The partitioning cache has 26 tilings in it right now
The inferral cache has 95 tilings in it right now
There are 75 tilings in the search tree
Time taken so far is 1.4420034885406494 seconds

Now processing 0231_3012
Doing depth 1
We had 0 inferral cache hits and 0 partitioning cache hits
The partitioning cache has 0 tilings in it right now
The inferral cache has 6 tilings in it right now
There are 5 tilings in the search tree
Time taken so far is 0.019546031951904297 seconds

Doing depth 2
We had 0 inferral cache hits and 26 partitioning cache hits
The partitioning cache has 4 tilings in it right now
The inferral cache has 14 tilings in it right now
There are 13 tilings in the search tree
Time taken so far is 0.09366393089294434 seconds

Doing depth 3
We had 2 inferral cache hits and 108 partitioning cache hits
The partitioning cache has 2 tilings in it right now
The inferral cache has 37 tilings in it right now
There are 27 tilings in the search tree
Time taken so far is 0.24411916732788086 seconds

Doing depth 4
We had 2 inferral cache hits and 160 partitioning cache hits
The partitioning cache has 0 tilings in it right now
The inferral cache has 53 tilings in it right now
There are 35 tilings in the search tree
Time taken so far is 0.38186073303222656 seconds

Doing depth 5
We had 4 inferral cache hits and 687 partitioning cache hits
The partitioning cache has 25 tilings in it right now
The inferral cache has 106 tilings in it right now
There are 76 tilings in the search tree
Time taken so far is 1.7544591426849365 seconds

Now processing 0321_1032
Doing depth 1
We had 0 inferral cache hits and 0 partitioning cache hits
The partitioning cache has 0 tilings in it right now
The inferral cache has 5 tilings in it right now
There are 5 tilings in the search tree
Time taken so far is 0.0208740234375 seconds

Doing depth 2
We had 0 inferral cache hits and 26 partitioning cache hits
The partitioning cache has 4 tilings in it right now
The inferral cache has 13 tilings in it right now
There are 13 tilings in the search tree
Time taken so far is 0.10306882858276367 seconds

Doing depth 3
We had 2 inferral cache hits and 108 partitioning cache hits
The partitioning cache has 2 tilings in it right now
The inferral cache has 32 tilings in it right now
There are 27 tilings in the search tree
Time taken so far is 0.2602412700653076 seconds

Doing depth 4
We had 2 inferral cache hits and 160 partitioning cache hits
The partitioning cache has 2 tilings in it right now
The inferral cache has 46 tilings in it right now
There are 35 tilings in the search tree
Time taken so far is 0.4048347473144531 seconds

Doing depth 5
We had 4 inferral cache hits and 673 partitioning cache hits
The partitioning cache has 27 tilings in it right now
The inferral cache has 86 tilings in it right now
There are 73 tilings in the search tree
Time taken so far is 1.721958875656128 seconds

Now processing 0321_2103
Doing depth 1
We had 0 inferral cache hits and 0 partitioning cache hits
The partitioning cache has 0 tilings in it right now
The inferral cache has 6 tilings in it right now
There are 5 tilings in the search tree
Time taken so far is 0.01993560791015625 seconds

Doing depth 2
We had 0 inferral cache hits and 26 partitioning cache hits
The partitioning cache has 4 tilings in it right now
The inferral cache has 14 tilings in it right now
There are 13 tilings in the search tree
Time taken so far is 0.09478759765625 seconds

Doing depth 3
We had 2 inferral cache hits and 108 partitioning cache hits
The partitioning cache has 2 tilings in it right now
The inferral cache has 36 tilings in it right now
There are 27 tilings in the search tree
Time taken so far is 0.248215913772583 seconds

Doing depth 4
We had 2 inferral cache hits and 160 partitioning cache hits
The partitioning cache has 0 tilings in it right now
The inferral cache has 52 tilings in it right now
There are 35 tilings in the search tree
Time taken so far is 0.3918490409851074 seconds

Doing depth 5
We had 4 inferral cache hits and 674 partitioning cache hits
The partitioning cache has 26 tilings in it right now
The inferral cache has 92 tilings in it right now
There are 69 tilings in the search tree
Time taken so far is 1.422644853591919 seconds

Now processing 1032_1302
Doing depth 1
We had 0 inferral cache hits and 0 partitioning cache hits
The partitioning cache has 0 tilings in it right now
The inferral cache has 4 tilings in it right now
There are 5 tilings in the search tree
Time taken so far is 0.018242597579956055 seconds

Doing depth 2
We had 0 inferral cache hits and 26 partitioning cache hits
The partitioning cache has 4 tilings in it right now
The inferral cache has 12 tilings in it right now
There are 13 tilings in the search tree
Time taken so far is 0.09372615814208984 seconds

Doing depth 3
We had 2 inferral cache hits and 108 partitioning cache hits
The partitioning cache has 2 tilings in it right now
The inferral cache has 26 tilings in it right now
There are 27 tilings in the search tree
Time taken so far is 0.25687670707702637 seconds

Doing depth 4
We had 2 inferral cache hits and 160 partitioning cache hits
The partitioning cache has 6 tilings in it right now
The inferral cache has 36 tilings in it right now
There are 35 tilings in the search tree
Time taken so far is 0.40236830711364746 seconds

Doing depth 5
We had 4 inferral cache hits and 660 partitioning cache hits
The partitioning cache has 24 tilings in it right now
The inferral cache has 84 tilings in it right now
There are 77 tilings in the search tree
Time taken so far is 1.7773752212524414 seconds

Now processing 1032_2301
Doing depth 1
We had 0 inferral cache hits and 0 partitioning cache hits
The partitioning cache has 0 tilings in it right now
The inferral cache has 4 tilings in it right now
There are 5 tilings in the search tree
Time taken so far is 0.020305395126342773 seconds

Doing depth 2
We had 0 inferral cache hits and 26 partitioning cache hits
The partitioning cache has 4 tilings in it right now
The inferral cache has 12 tilings in it right now
There are 13 tilings in the search tree
Time taken so far is 0.10121035575866699 seconds

Doing depth 3
We had 2 inferral cache hits and 108 partitioning cache hits
The partitioning cache has 2 tilings in it right now
The inferral cache has 26 tilings in it right now
There are 27 tilings in the search tree
Time taken so far is 0.2716939449310303 seconds

Doing depth 4
We had 2 inferral cache hits and 160 partitioning cache hits
The partitioning cache has 0 tilings in it right now
The inferral cache has 42 tilings in it right now
There are 35 tilings in the search tree
Time taken so far is 0.40840959548950195 seconds

Doing depth 5
We had 2 inferral cache hits and 672 partitioning cache hits
The partitioning cache has 32 tilings in it right now
The inferral cache has 88 tilings in it right now
There are 73 tilings in the search tree
Time taken so far is 1.3671612739562988 seconds

