/users/home/henningu/ATRAP/non-regular-insertion-encodable-bases/logs_length2
Now processing 0123_0132
Doing depth 1
We had 0 inferral cache hits and 0 partitioning cache hits
The partitioning cache has 0 tilings in it right now
The inferral cache has 6 tilings in it right now
There are 5 tilings in the search tree
Time taken so far is 0.029531240463256836 seconds

Doing depth 2
We had 0 inferral cache hits and 30 partitioning cache hits
The partitioning cache has 4 tilings in it right now
The inferral cache has 14 tilings in it right now
There are 15 tilings in the search tree
Time taken so far is 0.12608695030212402 seconds

Doing depth 3
We had 2 inferral cache hits and 130 partitioning cache hits
The partitioning cache has 2 tilings in it right now
The inferral cache has 37 tilings in it right now
There are 31 tilings in the search tree
Time taken so far is 0.3572986125946045 seconds

Doing depth 4
We had 2 inferral cache hits and 193 partitioning cache hits
The partitioning cache has 0 tilings in it right now
The inferral cache has 53 tilings in it right now
There are 40 tilings in the search tree
Time taken so far is 0.751955509185791 seconds

Doing depth 5
We had 4 inferral cache hits and 818 partitioning cache hits
The partitioning cache has 29 tilings in it right now
The inferral cache has 89 tilings in it right now
There are 78 tilings in the search tree
Time taken so far is 2.308255672454834 seconds

Doing depth 6
We had 36 inferral cache hits and 2647 partitioning cache hits
The partitioning cache has 19 tilings in it right now
The inferral cache has 168 tilings in it right now
There are 155 tilings in the search tree
Time taken so far is 14.892429113388062 seconds

Now processing 0123_0213
Doing depth 1
We had 0 inferral cache hits and 0 partitioning cache hits
The partitioning cache has 0 tilings in it right now
The inferral cache has 6 tilings in it right now
There are 5 tilings in the search tree
Time taken so far is 0.039978742599487305 seconds

Doing depth 2
We had 0 inferral cache hits and 32 partitioning cache hits
The partitioning cache has 4 tilings in it right now
The inferral cache has 14 tilings in it right now
There are 16 tilings in the search tree
Time taken so far is 0.1550278663635254 seconds

Doing depth 3
We had 2 inferral cache hits and 144 partitioning cache hits
The partitioning cache has 2 tilings in it right now
The inferral cache has 38 tilings in it right now
There are 34 tilings in the search tree
Time taken so far is 0.48997068405151367 seconds

Doing depth 4
We had 2 inferral cache hits and 215 partitioning cache hits
The partitioning cache has 0 tilings in it right now
The inferral cache has 54 tilings in it right now
There are 44 tilings in the search tree
Time taken so far is 1.1953089237213135 seconds

Doing depth 5
We had 4 inferral cache hits and 917 partitioning cache hits
The partitioning cache has 30 tilings in it right now
The inferral cache has 84 tilings in it right now
There are 83 tilings in the search tree
Time taken so far is 3.6437413692474365 seconds

Doing depth 6
We had 36 inferral cache hits and 2983 partitioning cache hits
The partitioning cache has 20 tilings in it right now
The inferral cache has 150 tilings in it right now
There are 159 tilings in the search tree
Time taken so far is 17.21099281311035 seconds

Now processing 0123_0231
Doing depth 1
We had 0 inferral cache hits and 0 partitioning cache hits
The partitioning cache has 0 tilings in it right now
The inferral cache has 6 tilings in it right now
There are 5 tilings in the search tree
Time taken so far is 0.029553651809692383 seconds

Doing depth 2
We had 0 inferral cache hits and 30 partitioning cache hits
The partitioning cache has 4 tilings in it right now
The inferral cache has 14 tilings in it right now
There are 15 tilings in the search tree
Time taken so far is 0.13033437728881836 seconds

Doing depth 3
We had 2 inferral cache hits and 130 partitioning cache hits
The partitioning cache has 2 tilings in it right now
The inferral cache has 37 tilings in it right now
There are 31 tilings in the search tree
Time taken so far is 0.3860800266265869 seconds

Doing depth 4
We had 2 inferral cache hits and 193 partitioning cache hits
The partitioning cache has 0 tilings in it right now
The inferral cache has 53 tilings in it right now
There are 40 tilings in the search tree
Time taken so far is 0.816643476486206 seconds

Doing depth 5
We had 4 inferral cache hits and 793 partitioning cache hits
The partitioning cache has 28 tilings in it right now
The inferral cache has 89 tilings in it right now
There are 75 tilings in the search tree
Time taken so far is 2.5223679542541504 seconds

Doing depth 6
We had 33 inferral cache hits and 2583 partitioning cache hits
The partitioning cache has 19 tilings in it right now
The inferral cache has 171 tilings in it right now
There are 150 tilings in the search tree
Time taken so far is 11.021034240722656 seconds

Now processing 0123_1230
Doing depth 1
We had 0 inferral cache hits and 0 partitioning cache hits
The partitioning cache has 0 tilings in it right now
The inferral cache has 6 tilings in it right now
There are 5 tilings in the search tree
Time taken so far is 0.027521610260009766 seconds

Doing depth 2
We had 0 inferral cache hits and 28 partitioning cache hits
The partitioning cache has 4 tilings in it right now
The inferral cache has 14 tilings in it right now
There are 15 tilings in the search tree
Time taken so far is 0.1279442310333252 seconds

Doing depth 3
We had 2 inferral cache hits and 122 partitioning cache hits
The partitioning cache has 2 tilings in it right now
The inferral cache has 36 tilings in it right now
There are 31 tilings in the search tree
Time taken so far is 0.3437459468841553 seconds

Doing depth 4
We had 2 inferral cache hits and 182 partitioning cache hits
The partitioning cache has 0 tilings in it right now
The inferral cache has 52 tilings in it right now
There are 40 tilings in the search tree
Time taken so far is 0.7276813983917236 seconds

Doing depth 5
We had 4 inferral cache hits and 777 partitioning cache hits
The partitioning cache has 28 tilings in it right now
The inferral cache has 88 tilings in it right now
There are 74 tilings in the search tree
Time taken so far is 2.199432134628296 seconds

Doing depth 6
We had 35 inferral cache hits and 3088 partitioning cache hits
The partitioning cache has 26 tilings in it right now
The inferral cache has 172 tilings in it right now
There are 160 tilings in the search tree
Time taken so far is 7.489300727844238 seconds

Now processing 0123_2301
Doing depth 1
We had 0 inferral cache hits and 0 partitioning cache hits
The partitioning cache has 0 tilings in it right now
The inferral cache has 6 tilings in it right now
There are 5 tilings in the search tree
Time taken so far is 0.022452592849731445 seconds

Doing depth 2
We had 0 inferral cache hits and 26 partitioning cache hits
The partitioning cache has 4 tilings in it right now
The inferral cache has 14 tilings in it right now
There are 13 tilings in the search tree
Time taken so far is 0.10704827308654785 seconds

Doing depth 3
We had 2 inferral cache hits and 108 partitioning cache hits
The partitioning cache has 2 tilings in it right now
The inferral cache has 36 tilings in it right now
There are 27 tilings in the search tree
Time taken so far is 0.2691535949707031 seconds

Doing depth 4
We had 2 inferral cache hits and 160 partitioning cache hits
The partitioning cache has 0 tilings in it right now
The inferral cache has 52 tilings in it right now
There are 35 tilings in the search tree
Time taken so far is 0.4276461601257324 seconds

Doing depth 5
We had 4 inferral cache hits and 670 partitioning cache hits
The partitioning cache has 26 tilings in it right now
The inferral cache has 92 tilings in it right now
There are 69 tilings in the search tree
Time taken so far is 1.585777759552002 seconds

Doing depth 6
We had 39 inferral cache hits and 2823 partitioning cache hits
The partitioning cache has 29 tilings in it right now
The inferral cache has 189 tilings in it right now
There are 156 tilings in the search tree
Time taken so far is 5.124095678329468 seconds

Now processing 0132_0213
Doing depth 1
We had 0 inferral cache hits and 0 partitioning cache hits
The partitioning cache has 0 tilings in it right now
The inferral cache has 6 tilings in it right now
There are 5 tilings in the search tree
Time taken so far is 0.025574922561645508 seconds

Doing depth 2
We had 0 inferral cache hits and 30 partitioning cache hits
The partitioning cache has 4 tilings in it right now
The inferral cache has 14 tilings in it right now
There are 15 tilings in the search tree
Time taken so far is 0.11979222297668457 seconds

Doing depth 3
We had 2 inferral cache hits and 130 partitioning cache hits
The partitioning cache has 2 tilings in it right now
The inferral cache has 38 tilings in it right now
There are 31 tilings in the search tree
Time taken so far is 0.37125349044799805 seconds

Doing depth 4
We had 2 inferral cache hits and 193 partitioning cache hits
The partitioning cache has 1 tilings in it right now
The inferral cache has 53 tilings in it right now
There are 40 tilings in the search tree
Time taken so far is 0.8369059562683105 seconds

Doing depth 5
We had 4 inferral cache hits and 796 partitioning cache hits
The partitioning cache has 29 tilings in it right now
The inferral cache has 90 tilings in it right now
There are 76 tilings in the search tree
Time taken so far is 2.7602202892303467 seconds

Doing depth 6
We had 36 inferral cache hits and 2554 partitioning cache hits
The partitioning cache has 19 tilings in it right now
The inferral cache has 175 tilings in it right now
There are 148 tilings in the search tree
Time taken so far is 14.009950399398804 seconds

Now processing 0132_0321
Doing depth 1
We had 0 inferral cache hits and 0 partitioning cache hits
The partitioning cache has 0 tilings in it right now
The inferral cache has 5 tilings in it right now
There are 5 tilings in the search tree
Time taken so far is 0.028650760650634766 seconds

Doing depth 2
We had 0 inferral cache hits and 30 partitioning cache hits
The partitioning cache has 4 tilings in it right now
The inferral cache has 13 tilings in it right now
There are 15 tilings in the search tree
Time taken so far is 0.1329495906829834 seconds

Doing depth 3
We had 2 inferral cache hits and 130 partitioning cache hits
The partitioning cache has 2 tilings in it right now
The inferral cache has 33 tilings in it right now
There are 31 tilings in the search tree
Time taken so far is 0.40422797203063965 seconds

Doing depth 4
We had 2 inferral cache hits and 193 partitioning cache hits
The partitioning cache has 2 tilings in it right now
The inferral cache has 47 tilings in it right now
There are 40 tilings in the search tree
Time taken so far is 0.8374762535095215 seconds

Doing depth 5
We had 4 inferral cache hits and 803 partitioning cache hits
The partitioning cache has 27 tilings in it right now
The inferral cache has 84 tilings in it right now
There are 78 tilings in the search tree
Time taken so far is 2.545366048812866 seconds

Doing depth 6
We had 40 inferral cache hits and 2560 partitioning cache hits
The partitioning cache has 17 tilings in it right now
The inferral cache has 160 tilings in it right now
There are 158 tilings in the search tree
Time taken so far is 12.308574914932251 seconds

Now processing 0132_1023
Doing depth 1
We had 0 inferral cache hits and 0 partitioning cache hits
The partitioning cache has 0 tilings in it right now
The inferral cache has 6 tilings in it right now
There are 5 tilings in the search tree
Time taken so far is 0.023324012756347656 seconds

Doing depth 2
We had 0 inferral cache hits and 26 partitioning cache hits
The partitioning cache has 4 tilings in it right now
The inferral cache has 14 tilings in it right now
There are 13 tilings in the search tree
Time taken so far is 0.10366177558898926 seconds

Doing depth 3
We had 2 inferral cache hits and 108 partitioning cache hits
The partitioning cache has 2 tilings in it right now
The inferral cache has 38 tilings in it right now
There are 27 tilings in the search tree
Time taken so far is 0.24833178520202637 seconds

Doing depth 4
We had 2 inferral cache hits and 160 partitioning cache hits
The partitioning cache has 0 tilings in it right now
The inferral cache has 54 tilings in it right now
There are 35 tilings in the search tree
Time taken so far is 0.39118075370788574 seconds

Doing depth 5
We had 4 inferral cache hits and 845 partitioning cache hits
The partitioning cache has 26 tilings in it right now
The inferral cache has 156 tilings in it right now
There are 88 tilings in the search tree
Time taken so far is 3.1380112171173096 seconds

Doing depth 6
We had 30 inferral cache hits and 2519 partitioning cache hits
The partitioning cache has 17 tilings in it right now
The inferral cache has 331 tilings in it right now
There are 169 tilings in the search tree
Time taken so far is 13.641418218612671 seconds

Now processing 0132_1032
Doing depth 1
We had 0 inferral cache hits and 0 partitioning cache hits
The partitioning cache has 0 tilings in it right now
The inferral cache has 5 tilings in it right now
There are 5 tilings in the search tree
Time taken so far is 0.025731563568115234 seconds

Doing depth 2
We had 0 inferral cache hits and 26 partitioning cache hits
The partitioning cache has 4 tilings in it right now
The inferral cache has 13 tilings in it right now
There are 13 tilings in the search tree
Time taken so far is 0.12268972396850586 seconds

Doing depth 3
We had 2 inferral cache hits and 108 partitioning cache hits
The partitioning cache has 2 tilings in it right now
The inferral cache has 32 tilings in it right now
There are 27 tilings in the search tree
Time taken so far is 0.32465243339538574 seconds

Doing depth 4
We had 2 inferral cache hits and 170 partitioning cache hits
The partitioning cache has 2 tilings in it right now
The inferral cache has 51 tilings in it right now
There are 37 tilings in the search tree
Time taken so far is 0.5237929821014404 seconds

Doing depth 5
We had 12 inferral cache hits and 1775 partitioning cache hits
The partitioning cache has 32 tilings in it right now
The inferral cache has 116 tilings in it right now
There are 119 tilings in the search tree
Time taken so far is 3.602271318435669 seconds

Doing depth 6
We had 95 inferral cache hits and 31980 partitioning cache hits
The partitioning cache has 54 tilings in it right now
The inferral cache has 349 tilings in it right now
There are 451 tilings in the search tree
Time taken so far is 28.820484161376953 seconds

Now processing 0132_1203
Doing depth 1
We had 0 inferral cache hits and 0 partitioning cache hits
The partitioning cache has 0 tilings in it right now
The inferral cache has 6 tilings in it right now
There are 5 tilings in the search tree
Time taken so far is 0.019061565399169922 seconds

Doing depth 2
We had 0 inferral cache hits and 26 partitioning cache hits
The partitioning cache has 4 tilings in it right now
The inferral cache has 14 tilings in it right now
There are 13 tilings in the search tree
Time taken so far is 0.09183454513549805 seconds

Doing depth 3
We had 2 inferral cache hits and 108 partitioning cache hits
The partitioning cache has 2 tilings in it right now
The inferral cache has 38 tilings in it right now
There are 27 tilings in the search tree
Time taken so far is 0.24122095108032227 seconds

Doing depth 4
We had 2 inferral cache hits and 160 partitioning cache hits
The partitioning cache has 0 tilings in it right now
The inferral cache has 56 tilings in it right now
There are 35 tilings in the search tree
Time taken so far is 0.39215803146362305 seconds

Doing depth 5
We had 4 inferral cache hits and 724 partitioning cache hits
The partitioning cache has 28 tilings in it right now
The inferral cache has 113 tilings in it right now
There are 77 tilings in the search tree
Time taken so far is 1.8051161766052246 seconds

Doing depth 6
We had 43 inferral cache hits and 4152 partitioning cache hits
The partitioning cache has 42 tilings in it right now
The inferral cache has 338 tilings in it right now
There are 222 tilings in the search tree
Time taken so far is 10.739632844924927 seconds

Now processing 0132_1230
Doing depth 1
We had 0 inferral cache hits and 0 partitioning cache hits
The partitioning cache has 0 tilings in it right now
The inferral cache has 6 tilings in it right now
There are 5 tilings in the search tree
Time taken so far is 0.024030208587646484 seconds

Doing depth 2
We had 0 inferral cache hits and 26 partitioning cache hits
The partitioning cache has 4 tilings in it right now
The inferral cache has 14 tilings in it right now
There are 13 tilings in the search tree
Time taken so far is 0.11577534675598145 seconds

Doing depth 3
We had 2 inferral cache hits and 108 partitioning cache hits
The partitioning cache has 2 tilings in it right now
The inferral cache has 37 tilings in it right now
There are 27 tilings in the search tree
Time taken so far is 0.3182065486907959 seconds

Doing depth 4
We had 2 inferral cache hits and 160 partitioning cache hits
The partitioning cache has 0 tilings in it right now
The inferral cache has 53 tilings in it right now
There are 35 tilings in the search tree
Time taken so far is 0.4701712131500244 seconds

Doing depth 5
We had 4 inferral cache hits and 721 partitioning cache hits
The partitioning cache has 26 tilings in it right now
The inferral cache has 95 tilings in it right now
There are 72 tilings in the search tree
Time taken so far is 1.9655802249908447 seconds

Doing depth 6
We had 32 inferral cache hits and 2200 partitioning cache hits
The partitioning cache has 16 tilings in it right now
The inferral cache has 197 tilings in it right now
There are 142 tilings in the search tree
Time taken so far is 8.046658039093018 seconds

Now processing 0132_1320
Doing depth 1
We had 0 inferral cache hits and 0 partitioning cache hits
The partitioning cache has 0 tilings in it right now
The inferral cache has 6 tilings in it right now
There are 5 tilings in the search tree
Time taken so far is 0.020568132400512695 seconds

Doing depth 2
We had 0 inferral cache hits and 26 partitioning cache hits
The partitioning cache has 4 tilings in it right now
The inferral cache has 14 tilings in it right now
There are 13 tilings in the search tree
Time taken so far is 0.1001443862915039 seconds

Doing depth 3
We had 2 inferral cache hits and 108 partitioning cache hits
The partitioning cache has 2 tilings in it right now
The inferral cache has 36 tilings in it right now
There are 27 tilings in the search tree
Time taken so far is 0.2814359664916992 seconds

Doing depth 4
We had 2 inferral cache hits and 160 partitioning cache hits
The partitioning cache has 1 tilings in it right now
The inferral cache has 52 tilings in it right now
There are 35 tilings in the search tree
Time taken so far is 0.4261643886566162 seconds

Doing depth 5
We had 4 inferral cache hits and 750 partitioning cache hits
The partitioning cache has 26 tilings in it right now
The inferral cache has 97 tilings in it right now
There are 74 tilings in the search tree
Time taken so far is 2.1381123065948486 seconds

Doing depth 6
We had 38 inferral cache hits and 3652 partitioning cache hits
The partitioning cache has 31 tilings in it right now
The inferral cache has 238 tilings in it right now
There are 185 tilings in the search tree
Time taken so far is 10.108536720275879 seconds

Now processing 0132_2301
Doing depth 1
We had 0 inferral cache hits and 0 partitioning cache hits
The partitioning cache has 0 tilings in it right now
The inferral cache has 5 tilings in it right now
There are 5 tilings in the search tree
Time taken so far is 0.021955013275146484 seconds

Doing depth 2
We had 0 inferral cache hits and 26 partitioning cache hits
The partitioning cache has 4 tilings in it right now
The inferral cache has 13 tilings in it right now
There are 13 tilings in the search tree
Time taken so far is 0.11012506484985352 seconds

Doing depth 3
We had 2 inferral cache hits and 108 partitioning cache hits
The partitioning cache has 2 tilings in it right now
The inferral cache has 32 tilings in it right now
There are 27 tilings in the search tree
Time taken so far is 0.26705265045166016 seconds

Doing depth 4
We had 2 inferral cache hits and 160 partitioning cache hits
The partitioning cache has 1 tilings in it right now
The inferral cache has 47 tilings in it right now
There are 35 tilings in the search tree
Time taken so far is 0.4179868698120117 seconds

Doing depth 5
We had 3 inferral cache hits and 672 partitioning cache hits
The partitioning cache has 24 tilings in it right now
The inferral cache has 95 tilings in it right now
There are 71 tilings in the search tree
Time taken so far is 1.420577049255371 seconds

Doing depth 6
We had 34 inferral cache hits and 2776 partitioning cache hits
The partitioning cache has 30 tilings in it right now
The inferral cache has 220 tilings in it right now
There are 163 tilings in the search tree
Time taken so far is 4.030100584030151 seconds

Now processing 0132_3120
Doing depth 1
We had 0 inferral cache hits and 0 partitioning cache hits
The partitioning cache has 0 tilings in it right now
The inferral cache has 6 tilings in it right now
There are 5 tilings in the search tree
Time taken so far is 0.039071083068847656 seconds

Doing depth 2
We had 0 inferral cache hits and 30 partitioning cache hits
The partitioning cache has 4 tilings in it right now
The inferral cache has 14 tilings in it right now
There are 15 tilings in the search tree
Time taken so far is 0.1174468994140625 seconds

Doing depth 3
We had 2 inferral cache hits and 130 partitioning cache hits
The partitioning cache has 2 tilings in it right now
The inferral cache has 38 tilings in it right now
There are 31 tilings in the search tree
Time taken so far is 0.2926909923553467 seconds

Doing depth 4
We had 2 inferral cache hits and 193 partitioning cache hits
The partitioning cache has 0 tilings in it right now
The inferral cache has 54 tilings in it right now
There are 40 tilings in the search tree
Time taken so far is 0.586561918258667 seconds

Doing depth 5
We had 4 inferral cache hits and 709 partitioning cache hits
The partitioning cache has 26 tilings in it right now
The inferral cache has 92 tilings in it right now
There are 72 tilings in the search tree
Time taken so far is 1.6825690269470215 seconds

Doing depth 6
We had 34 inferral cache hits and 2357 partitioning cache hits
The partitioning cache has 21 tilings in it right now
The inferral cache has 190 tilings in it right now
There are 146 tilings in the search tree
Time taken so far is 4.966913461685181 seconds

Now processing 0213_0321
Doing depth 1
We had 0 inferral cache hits and 0 partitioning cache hits
The partitioning cache has 0 tilings in it right now
The inferral cache has 6 tilings in it right now
There are 5 tilings in the search tree
Time taken so far is 0.02848196029663086 seconds

Doing depth 2
We had 0 inferral cache hits and 30 partitioning cache hits
The partitioning cache has 4 tilings in it right now
The inferral cache has 14 tilings in it right now
There are 15 tilings in the search tree
Time taken so far is 0.14110994338989258 seconds

Doing depth 3
We had 2 inferral cache hits and 130 partitioning cache hits
The partitioning cache has 2 tilings in it right now
The inferral cache has 37 tilings in it right now
There are 31 tilings in the search tree
Time taken so far is 0.3528311252593994 seconds

Doing depth 4
We had 2 inferral cache hits and 193 partitioning cache hits
The partitioning cache has 1 tilings in it right now
The inferral cache has 52 tilings in it right now
There are 40 tilings in the search tree
Time taken so far is 0.7253673076629639 seconds

Doing depth 5
We had 4 inferral cache hits and 794 partitioning cache hits
The partitioning cache has 28 tilings in it right now
The inferral cache has 88 tilings in it right now
There are 75 tilings in the search tree
Time taken so far is 2.4798591136932373 seconds

Doing depth 6
We had 34 inferral cache hits and 2571 partitioning cache hits
The partitioning cache has 18 tilings in it right now
The inferral cache has 170 tilings in it right now
There are 150 tilings in the search tree
Time taken so far is 13.121301889419556 seconds

Now processing 0213_1230
Doing depth 1
We had 0 inferral cache hits and 0 partitioning cache hits
The partitioning cache has 0 tilings in it right now
The inferral cache has 6 tilings in it right now
There are 5 tilings in the search tree
Time taken so far is 0.02585887908935547 seconds

Doing depth 2
We had 0 inferral cache hits and 28 partitioning cache hits
The partitioning cache has 4 tilings in it right now
The inferral cache has 14 tilings in it right now
There are 15 tilings in the search tree
Time taken so far is 0.1271815299987793 seconds

Doing depth 3
We had 2 inferral cache hits and 122 partitioning cache hits
The partitioning cache has 2 tilings in it right now
The inferral cache has 37 tilings in it right now
There are 31 tilings in the search tree
Time taken so far is 0.42632365226745605 seconds

Doing depth 4
We had 2 inferral cache hits and 182 partitioning cache hits
The partitioning cache has 1 tilings in it right now
The inferral cache has 52 tilings in it right now
There are 40 tilings in the search tree
Time taken so far is 0.8475077152252197 seconds

Doing depth 5
We had 4 inferral cache hits and 847 partitioning cache hits
The partitioning cache has 27 tilings in it right now
The inferral cache has 113 tilings in it right now
There are 82 tilings in the search tree
Time taken so far is 2.7834577560424805 seconds

Doing depth 6
We had 63 inferral cache hits and 16092 partitioning cache hits
The partitioning cache has 54 tilings in it right now
The inferral cache has 469 tilings in it right now
There are 322 tilings in the search tree
Time taken so far is 16.92201256752014 seconds

Now processing 0213_1320
Doing depth 1
We had 0 inferral cache hits and 0 partitioning cache hits
The partitioning cache has 0 tilings in it right now
The inferral cache has 6 tilings in it right now
There are 5 tilings in the search tree
Time taken so far is 0.024650096893310547 seconds

Doing depth 2
We had 0 inferral cache hits and 28 partitioning cache hits
The partitioning cache has 4 tilings in it right now
The inferral cache has 14 tilings in it right now
There are 15 tilings in the search tree
Time taken so far is 0.1147458553314209 seconds

Doing depth 3
We had 2 inferral cache hits and 122 partitioning cache hits
The partitioning cache has 2 tilings in it right now
The inferral cache has 36 tilings in it right now
There are 31 tilings in the search tree
Time taken so far is 0.36377525329589844 seconds

Doing depth 4
We had 2 inferral cache hits and 182 partitioning cache hits
The partitioning cache has 2 tilings in it right now
The inferral cache has 50 tilings in it right now
There are 40 tilings in the search tree
Time taken so far is 0.7177114486694336 seconds

Doing depth 5
We had 4 inferral cache hits and 830 partitioning cache hits
The partitioning cache has 29 tilings in it right now
The inferral cache has 89 tilings in it right now
There are 77 tilings in the search tree
Time taken so far is 1.9614102840423584 seconds

Doing depth 6
We had 41 inferral cache hits and 5324 partitioning cache hits
The partitioning cache has 32 tilings in it right now
The inferral cache has 209 tilings in it right now
There are 208 tilings in the search tree
Time taken so far is 9.41214919090271 seconds

Now processing 0213_2301
Doing depth 1
We had 0 inferral cache hits and 0 partitioning cache hits
The partitioning cache has 0 tilings in it right now
The inferral cache has 6 tilings in it right now
There are 5 tilings in the search tree
Time taken so far is 0.02235579490661621 seconds

Doing depth 2
We had 0 inferral cache hits and 26 partitioning cache hits
The partitioning cache has 4 tilings in it right now
The inferral cache has 14 tilings in it right now
There are 13 tilings in the search tree
Time taken so far is 0.10855245590209961 seconds

Doing depth 3
We had 2 inferral cache hits and 108 partitioning cache hits
The partitioning cache has 2 tilings in it right now
The inferral cache has 36 tilings in it right now
There are 27 tilings in the search tree
Time taken so far is 0.27478599548339844 seconds

Doing depth 4
We had 2 inferral cache hits and 160 partitioning cache hits
The partitioning cache has 0 tilings in it right now
The inferral cache has 52 tilings in it right now
There are 35 tilings in the search tree
Time taken so far is 0.4305400848388672 seconds

Doing depth 5
We had 4 inferral cache hits and 668 partitioning cache hits
The partitioning cache has 26 tilings in it right now
The inferral cache has 94 tilings in it right now
There are 69 tilings in the search tree
Time taken so far is 1.455512285232544 seconds

Doing depth 6
We had 31 inferral cache hits and 2095 partitioning cache hits
The partitioning cache has 18 tilings in it right now
The inferral cache has 173 tilings in it right now
There are 129 tilings in the search tree
Time taken so far is 4.01365852355957 seconds

Now processing 0213_3120
Doing depth 1
We had 0 inferral cache hits and 0 partitioning cache hits
The partitioning cache has 0 tilings in it right now
The inferral cache has 6 tilings in it right now
There are 5 tilings in the search tree
Time taken so far is 0.01570415496826172 seconds

Doing depth 2
We had 0 inferral cache hits and 32 partitioning cache hits
The partitioning cache has 4 tilings in it right now
The inferral cache has 14 tilings in it right now
There are 16 tilings in the search tree
Time taken so far is 0.09261941909790039 seconds

Doing depth 3
We had 2 inferral cache hits and 144 partitioning cache hits
The partitioning cache has 2 tilings in it right now
The inferral cache has 40 tilings in it right now
There are 34 tilings in the search tree
Time taken so far is 0.3617894649505615 seconds

Doing depth 4
We had 2 inferral cache hits and 215 partitioning cache hits
The partitioning cache has 0 tilings in it right now
The inferral cache has 56 tilings in it right now
There are 44 tilings in the search tree
Time taken so far is 0.9231703281402588 seconds

Doing depth 5
We had 4 inferral cache hits and 743 partitioning cache hits
The partitioning cache has 26 tilings in it right now
The inferral cache has 90 tilings in it right now
There are 74 tilings in the search tree
Time taken so far is 2.2865829467773438 seconds

Doing depth 6
We had 34 inferral cache hits and 2383 partitioning cache hits
The partitioning cache has 18 tilings in it right now
The inferral cache has 166 tilings in it right now
There are 134 tilings in the search tree
Time taken so far is 6.042639970779419 seconds

Now processing 0231_0312
Doing depth 1
We had 0 inferral cache hits and 0 partitioning cache hits
The partitioning cache has 0 tilings in it right now
The inferral cache has 5 tilings in it right now
There are 5 tilings in the search tree
Time taken so far is 0.03175711631774902 seconds

Doing depth 2
We had 0 inferral cache hits and 30 partitioning cache hits
The partitioning cache has 4 tilings in it right now
The inferral cache has 13 tilings in it right now
There are 15 tilings in the search tree
Time taken so far is 0.13993191719055176 seconds

Doing depth 3
We had 2 inferral cache hits and 130 partitioning cache hits
The partitioning cache has 2 tilings in it right now
The inferral cache has 34 tilings in it right now
There are 31 tilings in the search tree
Time taken so far is 0.4484398365020752 seconds

Doing depth 4
We had 2 inferral cache hits and 193 partitioning cache hits
The partitioning cache has 3 tilings in it right now
The inferral cache has 47 tilings in it right now
There are 40 tilings in the search tree
Time taken so far is 0.8974177837371826 seconds

Doing depth 5
We had 4 inferral cache hits and 782 partitioning cache hits
The partitioning cache has 27 tilings in it right now
The inferral cache has 88 tilings in it right now
There are 79 tilings in the search tree
Time taken so far is 3.1624369621276855 seconds

Doing depth 6
We had 35 inferral cache hits and 2551 partitioning cache hits
The partitioning cache has 17 tilings in it right now
The inferral cache has 196 tilings in it right now
There are 164 tilings in the search tree
Time taken so far is 14.608820676803589 seconds

Now processing 0231_0321
Doing depth 1
We had 0 inferral cache hits and 0 partitioning cache hits
The partitioning cache has 0 tilings in it right now
The inferral cache has 5 tilings in it right now
There are 5 tilings in the search tree
Time taken so far is 0.026357650756835938 seconds

Doing depth 2
We had 0 inferral cache hits and 30 partitioning cache hits
The partitioning cache has 4 tilings in it right now
The inferral cache has 13 tilings in it right now
There are 15 tilings in the search tree
Time taken so far is 0.12649798393249512 seconds

Doing depth 3
We had 2 inferral cache hits and 130 partitioning cache hits
The partitioning cache has 2 tilings in it right now
The inferral cache has 33 tilings in it right now
There are 31 tilings in the search tree
Time taken so far is 0.3943667411804199 seconds

Doing depth 4
We had 2 inferral cache hits and 203 partitioning cache hits
The partitioning cache has 3 tilings in it right now
The inferral cache has 50 tilings in it right now
There are 42 tilings in the search tree
Time taken so far is 0.8617517948150635 seconds

Doing depth 5
We had 12 inferral cache hits and 1647 partitioning cache hits
The partitioning cache has 38 tilings in it right now
The inferral cache has 100 tilings in it right now
There are 102 tilings in the search tree
Time taken so far is 3.7021615505218506 seconds

Doing depth 6
We had 75 inferral cache hits and 7998 partitioning cache hits
The partitioning cache has 53 tilings in it right now
The inferral cache has 237 tilings in it right now
There are 272 tilings in the search tree
Time taken so far is 20.735700607299805 seconds

Now processing 0231_1203
Doing depth 1
We had 0 inferral cache hits and 0 partitioning cache hits
The partitioning cache has 0 tilings in it right now
The inferral cache has 6 tilings in it right now
There are 5 tilings in the search tree
Time taken so far is 0.024193525314331055 seconds

Doing depth 2
We had 0 inferral cache hits and 26 partitioning cache hits
The partitioning cache has 4 tilings in it right now
The inferral cache has 14 tilings in it right now
There are 13 tilings in the search tree
Time taken so far is 0.17308640480041504 seconds

Doing depth 3
We had 2 inferral cache hits and 108 partitioning cache hits
The partitioning cache has 2 tilings in it right now
The inferral cache has 36 tilings in it right now
There are 27 tilings in the search tree
Time taken so far is 0.3427088260650635 seconds

Doing depth 4
We had 2 inferral cache hits and 160 partitioning cache hits
The partitioning cache has 1 tilings in it right now
The inferral cache has 51 tilings in it right now
There are 35 tilings in the search tree
Time taken so far is 0.5051281452178955 seconds

Doing depth 5
We had 4 inferral cache hits and 738 partitioning cache hits
The partitioning cache has 26 tilings in it right now
The inferral cache has 117 tilings in it right now
There are 79 tilings in the search tree
Time taken so far is 2.317702054977417 seconds

Doing depth 6
We had 31 inferral cache hits and 2475 partitioning cache hits
The partitioning cache has 16 tilings in it right now
The inferral cache has 291 tilings in it right now
There are 174 tilings in the search tree
Time taken so far is 9.201449155807495 seconds

Now processing 0231_1230
Doing depth 1
We had 0 inferral cache hits and 0 partitioning cache hits
The partitioning cache has 0 tilings in it right now
The inferral cache has 6 tilings in it right now
There are 5 tilings in the search tree
Time taken so far is 0.02063608169555664 seconds

Doing depth 2
We had 0 inferral cache hits and 26 partitioning cache hits
The partitioning cache has 4 tilings in it right now
The inferral cache has 14 tilings in it right now
There are 13 tilings in the search tree
Time taken so far is 0.10436058044433594 seconds

Doing depth 3
We had 2 inferral cache hits and 108 partitioning cache hits
The partitioning cache has 2 tilings in it right now
The inferral cache has 36 tilings in it right now
There are 27 tilings in the search tree
Time taken so far is 0.32802653312683105 seconds

Doing depth 4
We had 2 inferral cache hits and 160 partitioning cache hits
The partitioning cache has 0 tilings in it right now
The inferral cache has 52 tilings in it right now
There are 35 tilings in the search tree
Time taken so far is 0.49648094177246094 seconds

Doing depth 5
We had 4 inferral cache hits and 810 partitioning cache hits
The partitioning cache has 27 tilings in it right now
The inferral cache has 95 tilings in it right now
There are 80 tilings in the search tree
Time taken so far is 2.9822030067443848 seconds

Doing depth 6
We had 38 inferral cache hits and 3779 partitioning cache hits
The partitioning cache has 24 tilings in it right now
The inferral cache has 214 tilings in it right now
There are 199 tilings in the search tree
Time taken so far is 19.57131576538086 seconds

Now processing 0231_2013
Doing depth 1
We had 0 inferral cache hits and 0 partitioning cache hits
The partitioning cache has 0 tilings in it right now
The inferral cache has 6 tilings in it right now
There are 5 tilings in the search tree
Time taken so far is 0.023087501525878906 seconds

Doing depth 2
We had 0 inferral cache hits and 26 partitioning cache hits
The partitioning cache has 4 tilings in it right now
The inferral cache has 14 tilings in it right now
There are 13 tilings in the search tree
Time taken so far is 0.11361193656921387 seconds

Doing depth 3
We had 2 inferral cache hits and 108 partitioning cache hits
The partitioning cache has 2 tilings in it right now
The inferral cache has 36 tilings in it right now
There are 27 tilings in the search tree
Time taken so far is 0.2723212242126465 seconds

Doing depth 4
We had 2 inferral cache hits and 160 partitioning cache hits
The partitioning cache has 2 tilings in it right now
The inferral cache has 50 tilings in it right now
There are 35 tilings in the search tree
Time taken so far is 0.4109506607055664 seconds

Doing depth 5
We had 4 inferral cache hits and 676 partitioning cache hits
The partitioning cache has 22 tilings in it right now
The inferral cache has 96 tilings in it right now
There are 69 tilings in the search tree
Time taken so far is 1.4143614768981934 seconds

Doing depth 6
We had 39 inferral cache hits and 2937 partitioning cache hits
The partitioning cache has 32 tilings in it right now
The inferral cache has 252 tilings in it right now
There are 183 tilings in the search tree
Time taken so far is 7.747777700424194 seconds

Now processing 0231_2031
Doing depth 1
We had 0 inferral cache hits and 0 partitioning cache hits
The partitioning cache has 0 tilings in it right now
The inferral cache has 5 tilings in it right now
There are 5 tilings in the search tree
Time taken so far is 0.022623777389526367 seconds

Doing depth 2
We had 0 inferral cache hits and 26 partitioning cache hits
The partitioning cache has 4 tilings in it right now
The inferral cache has 13 tilings in it right now
There are 13 tilings in the search tree
Time taken so far is 0.10901451110839844 seconds

Doing depth 3
We had 2 inferral cache hits and 108 partitioning cache hits
The partitioning cache has 2 tilings in it right now
The inferral cache has 32 tilings in it right now
There are 27 tilings in the search tree
Time taken so far is 0.2643299102783203 seconds

Doing depth 4
We had 2 inferral cache hits and 160 partitioning cache hits
The partitioning cache has 4 tilings in it right now
The inferral cache has 45 tilings in it right now
There are 35 tilings in the search tree
Time taken so far is 0.4041872024536133 seconds

Doing depth 5
We had 4 inferral cache hits and 663 partitioning cache hits
The partitioning cache has 24 tilings in it right now
The inferral cache has 90 tilings in it right now
There are 74 tilings in the search tree
Time taken so far is 1.747222900390625 seconds

Doing depth 6
We had 28 inferral cache hits and 1936 partitioning cache hits
The partitioning cache has 17 tilings in it right now
The inferral cache has 182 tilings in it right now
There are 138 tilings in the search tree
Time taken so far is 9.123843431472778 seconds

Now processing 0231_2130
Doing depth 1
We had 0 inferral cache hits and 0 partitioning cache hits
The partitioning cache has 0 tilings in it right now
The inferral cache has 6 tilings in it right now
There are 5 tilings in the search tree
Time taken so far is 0.026445865631103516 seconds

Doing depth 2
We had 0 inferral cache hits and 26 partitioning cache hits
The partitioning cache has 4 tilings in it right now
The inferral cache has 14 tilings in it right now
There are 13 tilings in the search tree
Time taken so far is 0.11934947967529297 seconds

Doing depth 3
We had 2 inferral cache hits and 108 partitioning cache hits
The partitioning cache has 2 tilings in it right now
The inferral cache has 37 tilings in it right now
There are 27 tilings in the search tree
Time taken so far is 0.2895069122314453 seconds

Doing depth 4
We had 2 inferral cache hits and 160 partitioning cache hits
The partitioning cache has 1 tilings in it right now
The inferral cache has 52 tilings in it right now
There are 35 tilings in the search tree
Time taken so far is 0.49753355979919434 seconds

Doing depth 5
We had 4 inferral cache hits and 675 partitioning cache hits
The partitioning cache has 26 tilings in it right now
The inferral cache has 97 tilings in it right now
There are 74 tilings in the search tree
Time taken so far is 2.1870298385620117 seconds

Doing depth 6
We had 32 inferral cache hits and 2177 partitioning cache hits
The partitioning cache has 17 tilings in it right now
The inferral cache has 224 tilings in it right now
There are 157 tilings in the search tree
Time taken so far is 10.097956895828247 seconds

Now processing 0231_2301
Doing depth 1
We had 0 inferral cache hits and 0 partitioning cache hits
The partitioning cache has 0 tilings in it right now
The inferral cache has 5 tilings in it right now
There are 5 tilings in the search tree
Time taken so far is 0.02483654022216797 seconds

Doing depth 2
We had 0 inferral cache hits and 26 partitioning cache hits
The partitioning cache has 3 tilings in it right now
The inferral cache has 14 tilings in it right now
There are 13 tilings in the search tree
Time taken so far is 0.16310834884643555 seconds

Doing depth 3
We had 1 inferral cache hits and 112 partitioning cache hits
The partitioning cache has 2 tilings in it right now
The inferral cache has 34 tilings in it right now
There are 27 tilings in the search tree
Time taken so far is 0.37665820121765137 seconds

Doing depth 4
We had 1 inferral cache hits and 164 partitioning cache hits
The partitioning cache has 1 tilings in it right now
The inferral cache has 49 tilings in it right now
There are 35 tilings in the search tree
Time taken so far is 0.5186424255371094 seconds

Doing depth 5
We had 3 inferral cache hits and 689 partitioning cache hits
The partitioning cache has 23 tilings in it right now
The inferral cache has 94 tilings in it right now
There are 77 tilings in the search tree
Time taken so far is 2.2619519233703613 seconds

Doing depth 6
We had 36 inferral cache hits and 2385 partitioning cache hits
The partitioning cache has 20 tilings in it right now
The inferral cache has 190 tilings in it right now
There are 162 tilings in the search tree
Time taken so far is 10.716678857803345 seconds

Now processing 0231_3012
Doing depth 1
We had 0 inferral cache hits and 0 partitioning cache hits
The partitioning cache has 0 tilings in it right now
The inferral cache has 5 tilings in it right now
There are 5 tilings in the search tree
Time taken so far is 0.02291131019592285 seconds

Doing depth 2
We had 0 inferral cache hits and 30 partitioning cache hits
The partitioning cache has 4 tilings in it right now
The inferral cache has 13 tilings in it right now
There are 15 tilings in the search tree
Time taken so far is 0.10814571380615234 seconds

Doing depth 3
We had 2 inferral cache hits and 130 partitioning cache hits
The partitioning cache has 2 tilings in it right now
The inferral cache has 34 tilings in it right now
There are 31 tilings in the search tree
Time taken so far is 0.3269226551055908 seconds

Doing depth 4
We had 2 inferral cache hits and 193 partitioning cache hits
The partitioning cache has 2 tilings in it right now
The inferral cache has 48 tilings in it right now
There are 40 tilings in the search tree
Time taken so far is 0.6739015579223633 seconds

Doing depth 5
We had 4 inferral cache hits and 759 partitioning cache hits
The partitioning cache has 28 tilings in it right now
The inferral cache has 88 tilings in it right now
There are 76 tilings in the search tree
Time taken so far is 1.932116985321045 seconds

Doing depth 6
We had 43 inferral cache hits and 2991 partitioning cache hits
The partitioning cache has 33 tilings in it right now
The inferral cache has 200 tilings in it right now
There are 173 tilings in the search tree
Time taken so far is 7.662732124328613 seconds

Now processing 0321_1032
Doing depth 1
We had 0 inferral cache hits and 0 partitioning cache hits
The partitioning cache has 0 tilings in it right now
The inferral cache has 5 tilings in it right now
There are 5 tilings in the search tree
Time taken so far is 0.022375822067260742 seconds

Doing depth 2
We had 0 inferral cache hits and 26 partitioning cache hits
The partitioning cache has 4 tilings in it right now
The inferral cache has 13 tilings in it right now
There are 13 tilings in the search tree
Time taken so far is 0.10608363151550293 seconds

Doing depth 3
We had 2 inferral cache hits and 108 partitioning cache hits
The partitioning cache has 2 tilings in it right now
The inferral cache has 32 tilings in it right now
There are 27 tilings in the search tree
Time taken so far is 0.24941158294677734 seconds

Doing depth 4
We had 2 inferral cache hits and 160 partitioning cache hits
The partitioning cache has 2 tilings in it right now
The inferral cache has 46 tilings in it right now
There are 35 tilings in the search tree
Time taken so far is 0.3810768127441406 seconds

Doing depth 5
We had 4 inferral cache hits and 694 partitioning cache hits
The partitioning cache has 27 tilings in it right now
The inferral cache has 86 tilings in it right now
There are 73 tilings in the search tree
Time taken so far is 1.7493548393249512 seconds

Doing depth 6
We had 37 inferral cache hits and 2170 partitioning cache hits
The partitioning cache has 18 tilings in it right now
The inferral cache has 160 tilings in it right now
There are 146 tilings in the search tree
Time taken so far is 6.622781038284302 seconds

Now processing 0321_2103
Doing depth 1
We had 0 inferral cache hits and 0 partitioning cache hits
The partitioning cache has 0 tilings in it right now
The inferral cache has 6 tilings in it right now
There are 5 tilings in the search tree
Time taken so far is 0.014674663543701172 seconds

Doing depth 2
We had 0 inferral cache hits and 26 partitioning cache hits
The partitioning cache has 4 tilings in it right now
The inferral cache has 14 tilings in it right now
There are 13 tilings in the search tree
Time taken so far is 0.08516979217529297 seconds

Doing depth 3
We had 2 inferral cache hits and 108 partitioning cache hits
The partitioning cache has 2 tilings in it right now
The inferral cache has 36 tilings in it right now
There are 27 tilings in the search tree
Time taken so far is 0.24721479415893555 seconds

Doing depth 4
We had 2 inferral cache hits and 160 partitioning cache hits
The partitioning cache has 0 tilings in it right now
The inferral cache has 52 tilings in it right now
There are 35 tilings in the search tree
Time taken so far is 0.45475316047668457 seconds

Doing depth 5
We had 4 inferral cache hits and 674 partitioning cache hits
The partitioning cache has 26 tilings in it right now
The inferral cache has 92 tilings in it right now
There are 69 tilings in the search tree
Time taken so far is 1.746023178100586 seconds

Doing depth 6
We had 28 inferral cache hits and 2020 partitioning cache hits
The partitioning cache has 17 tilings in it right now
The inferral cache has 190 tilings in it right now
There are 134 tilings in the search tree
Time taken so far is 5.161792278289795 seconds

Now processing 1032_1302
Doing depth 1
We had 0 inferral cache hits and 0 partitioning cache hits
The partitioning cache has 0 tilings in it right now
The inferral cache has 4 tilings in it right now
There are 5 tilings in the search tree
Time taken so far is 0.01946258544921875 seconds

Doing depth 2
We had 0 inferral cache hits and 26 partitioning cache hits
The partitioning cache has 4 tilings in it right now
The inferral cache has 12 tilings in it right now
There are 13 tilings in the search tree
Time taken so far is 0.154571533203125 seconds

Doing depth 3
We had 2 inferral cache hits and 108 partitioning cache hits
The partitioning cache has 2 tilings in it right now
The inferral cache has 26 tilings in it right now
There are 27 tilings in the search tree
Time taken so far is 0.32862091064453125 seconds

Doing depth 4
We had 2 inferral cache hits and 160 partitioning cache hits
The partitioning cache has 6 tilings in it right now
The inferral cache has 38 tilings in it right now
There are 35 tilings in the search tree
Time taken so far is 0.4682755470275879 seconds

Doing depth 5
We had 3 inferral cache hits and 680 partitioning cache hits
The partitioning cache has 23 tilings in it right now
The inferral cache has 75 tilings in it right now
There are 73 tilings in the search tree
Time taken so far is 2.058350086212158 seconds

Doing depth 6
We had 31 inferral cache hits and 2024 partitioning cache hits
The partitioning cache has 20 tilings in it right now
The inferral cache has 139 tilings in it right now
There are 142 tilings in the search tree
Time taken so far is 10.824089765548706 seconds

Now processing 1032_2301
Doing depth 1
We had 0 inferral cache hits and 0 partitioning cache hits
The partitioning cache has 0 tilings in it right now
The inferral cache has 4 tilings in it right now
There are 5 tilings in the search tree
Time taken so far is 0.02004075050354004 seconds

Doing depth 2
We had 0 inferral cache hits and 26 partitioning cache hits
The partitioning cache has 4 tilings in it right now
The inferral cache has 12 tilings in it right now
There are 13 tilings in the search tree
Time taken so far is 0.10830259323120117 seconds

Doing depth 3
We had 2 inferral cache hits and 108 partitioning cache hits
The partitioning cache has 2 tilings in it right now
The inferral cache has 26 tilings in it right now
There are 27 tilings in the search tree
Time taken so far is 0.28627467155456543 seconds

Doing depth 4
We had 2 inferral cache hits and 160 partitioning cache hits
The partitioning cache has 0 tilings in it right now
The inferral cache has 42 tilings in it right now
There are 35 tilings in the search tree
Time taken so far is 0.44767045974731445 seconds

Doing depth 5
We had 2 inferral cache hits and 672 partitioning cache hits
The partitioning cache has 32 tilings in it right now
The inferral cache has 88 tilings in it right now
There are 73 tilings in the search tree
Time taken so far is 1.5627379417419434 seconds

Doing depth 6
We had 46 inferral cache hits and 3336 partitioning cache hits
The partitioning cache has 48 tilings in it right now
The inferral cache has 214 tilings in it right now
There are 182 tilings in the search tree
Time taken so far is 4.938424825668335 seconds

