/users/home/henningu/ATRAP/non-regular-insertion-encodable-bases/logs_length2
Now processing 0123_0132
Doing depth 1
We had 0 inferral cache hits and 14 partitioning cache hits
The partitioning cache has 0 tilings in it right now
The inferral cache has 10 tilings in it right now
There are 7 tilings in the search tree
Time taken so far is 0.0440974235534668 seconds

Doing depth 2
We had 4 inferral cache hits and 195 partitioning cache hits
The partitioning cache has 8 tilings in it right now
The inferral cache has 54 tilings in it right now
There are 34 tilings in the search tree
Time taken so far is 0.42463207244873047 seconds

Doing depth 3
We had 12 inferral cache hits and 1175 partitioning cache hits
The partitioning cache has 88 tilings in it right now
The inferral cache has 226 tilings in it right now
There are 168 tilings in the search tree
Time taken so far is 3.4270846843719482 seconds

Doing depth 4
We had 338 inferral cache hits and 6876 partitioning cache hits
The partitioning cache has 268 tilings in it right now
The inferral cache has 1284 tilings in it right now
There are 858 tilings in the search tree
Time taken so far is 34.540229082107544 seconds

Doing depth 5
We had 2014 inferral cache hits and 47724 partitioning cache hits
The partitioning cache has 2313 tilings in it right now
The inferral cache has 8517 tilings in it right now
There are 5798 tilings in the search tree
Time taken so far is 373.1671063899994 seconds

Now processing 0123_0213
Doing depth 1
We had 0 inferral cache hits and 14 partitioning cache hits
The partitioning cache has 0 tilings in it right now
The inferral cache has 10 tilings in it right now
There are 7 tilings in the search tree
Time taken so far is 0.03324556350708008 seconds

Doing depth 2
We had 4 inferral cache hits and 195 partitioning cache hits
The partitioning cache has 8 tilings in it right now
The inferral cache has 54 tilings in it right now
There are 36 tilings in the search tree
Time taken so far is 0.4281575679779053 seconds

Doing depth 3
We had 12 inferral cache hits and 1215 partitioning cache hits
The partitioning cache has 86 tilings in it right now
The inferral cache has 244 tilings in it right now
There are 184 tilings in the search tree
Time taken so far is 3.5572776794433594 seconds

Doing depth 4
We had 362 inferral cache hits and 7940 partitioning cache hits
The partitioning cache has 316 tilings in it right now
The inferral cache has 1524 tilings in it right now
There are 1019 tilings in the search tree
Time taken so far is 42.462751626968384 seconds

Doing depth 5
We had 2695 inferral cache hits and 62114 partitioning cache hits
The partitioning cache has 2820 tilings in it right now
The inferral cache has 11448 tilings in it right now
There are 7805 tilings in the search tree
Time taken so far is 555.5854485034943 seconds

Now processing 0123_0231
Doing depth 1
We had 0 inferral cache hits and 14 partitioning cache hits
The partitioning cache has 0 tilings in it right now
The inferral cache has 10 tilings in it right now
There are 7 tilings in the search tree
Time taken so far is 0.0263519287109375 seconds

Doing depth 2
We had 4 inferral cache hits and 195 partitioning cache hits
The partitioning cache has 8 tilings in it right now
The inferral cache has 57 tilings in it right now
There are 34 tilings in the search tree
Time taken so far is 0.3522510528564453 seconds

Doing depth 3
We had 12 inferral cache hits and 1235 partitioning cache hits
The partitioning cache has 88 tilings in it right now
The inferral cache has 258 tilings in it right now
There are 178 tilings in the search tree
Time taken so far is 4.223731756210327 seconds

Doing depth 4
We had 340 inferral cache hits and 8861 partitioning cache hits
The partitioning cache has 399 tilings in it right now
The inferral cache has 1748 tilings in it right now
There are 1041 tilings in the search tree
Time taken so far is 47.519810914993286 seconds

Doing depth 5
We had 3141 inferral cache hits and 74682 partitioning cache hits
The partitioning cache has 3239 tilings in it right now
The inferral cache has 14287 tilings in it right now
There are 8092 tilings in the search tree
Time taken so far is 657.9832017421722 seconds

Now processing 0123_1230
Doing depth 1
We had 0 inferral cache hits and 14 partitioning cache hits
The partitioning cache has 0 tilings in it right now
The inferral cache has 10 tilings in it right now
There are 7 tilings in the search tree
Time taken so far is 0.028711795806884766 seconds

Doing depth 2
We had 5 inferral cache hits and 191 partitioning cache hits
The partitioning cache has 8 tilings in it right now
The inferral cache has 51 tilings in it right now
There are 34 tilings in the search tree
Time taken so far is 0.3567821979522705 seconds

Doing depth 3
We had 13 inferral cache hits and 1171 partitioning cache hits
The partitioning cache has 88 tilings in it right now
The inferral cache has 217 tilings in it right now
There are 166 tilings in the search tree
Time taken so far is 3.0892512798309326 seconds

Doing depth 4
We had 324 inferral cache hits and 6996 partitioning cache hits
The partitioning cache has 300 tilings in it right now
The inferral cache has 1252 tilings in it right now
There are 797 tilings in the search tree
Time taken so far is 34.401233196258545 seconds

Doing depth 5
We had 2065 inferral cache hits and 49859 partitioning cache hits
The partitioning cache has 2301 tilings in it right now
The inferral cache has 9052 tilings in it right now
There are 5510 tilings in the search tree
Time taken so far is 378.1943597793579 seconds

Now processing 0123_2301
Doing depth 1
We had 0 inferral cache hits and 14 partitioning cache hits
The partitioning cache has 0 tilings in it right now
The inferral cache has 10 tilings in it right now
There are 7 tilings in the search tree
Time taken so far is 0.023879528045654297 seconds

Doing depth 2
We had 4 inferral cache hits and 195 partitioning cache hits
The partitioning cache has 8 tilings in it right now
The inferral cache has 54 tilings in it right now
There are 31 tilings in the search tree
Time taken so far is 0.36956191062927246 seconds

Doing depth 3
We had 12 inferral cache hits and 1215 partitioning cache hits
The partitioning cache has 82 tilings in it right now
The inferral cache has 252 tilings in it right now
There are 167 tilings in the search tree
Time taken so far is 3.3647661209106445 seconds

Doing depth 4
We had 327 inferral cache hits and 8088 partitioning cache hits
The partitioning cache has 307 tilings in it right now
The inferral cache has 1634 tilings in it right now
There are 908 tilings in the search tree
Time taken so far is 42.81234335899353 seconds

Doing depth 5
We had 2596 inferral cache hits and 61334 partitioning cache hits
The partitioning cache has 2564 tilings in it right now
The inferral cache has 11825 tilings in it right now
There are 6440 tilings in the search tree
Time taken so far is 471.2348051071167 seconds

Now processing 0132_0213
Doing depth 1
We had 0 inferral cache hits and 14 partitioning cache hits
The partitioning cache has 0 tilings in it right now
The inferral cache has 10 tilings in it right now
There are 7 tilings in the search tree
Time taken so far is 0.02558732032775879 seconds

Doing depth 2
We had 4 inferral cache hits and 195 partitioning cache hits
The partitioning cache has 8 tilings in it right now
The inferral cache has 58 tilings in it right now
There are 34 tilings in the search tree
Time taken so far is 0.36052799224853516 seconds

Doing depth 3
We had 12 inferral cache hits and 1255 partitioning cache hits
The partitioning cache has 96 tilings in it right now
The inferral cache has 266 tilings in it right now
There are 184 tilings in the search tree
Time taken so far is 3.714061975479126 seconds

Doing depth 4
We had 410 inferral cache hits and 8754 partitioning cache hits
The partitioning cache has 391 tilings in it right now
The inferral cache has 1844 tilings in it right now
There are 1160 tilings in the search tree
Time taken so far is 48.55591177940369 seconds

Doing depth 5
We had 3553 inferral cache hits and 75904 partitioning cache hits
The partitioning cache has 3400 tilings in it right now
The inferral cache has 15232 tilings in it right now
There are 9831 tilings in the search tree
Time taken so far is 1505.5093636512756 seconds

Now processing 0132_0231
Doing depth 1
We had 0 inferral cache hits and 14 partitioning cache hits
The partitioning cache has 0 tilings in it right now
The inferral cache has 8 tilings in it right now
There are 7 tilings in the search tree
Time taken so far is 0.025630474090576172 seconds

Doing depth 2
We had 6 inferral cache hits and 187 partitioning cache hits
The partitioning cache has 10 tilings in it right now
The inferral cache has 50 tilings in it right now
There are 34 tilings in the search tree
Time taken so far is 0.33751678466796875 seconds

Doing depth 3
We had 14 inferral cache hits and 1249 partitioning cache hits
The partitioning cache has 101 tilings in it right now
The inferral cache has 242 tilings in it right now
There are 185 tilings in the search tree
Time taken so far is 3.748155355453491 seconds

Doing depth 4
We had 403 inferral cache hits and 9221 partitioning cache hits
The partitioning cache has 499 tilings in it right now
The inferral cache has 1720 tilings in it right now
There are 1165 tilings in the search tree
Time taken so far is 54.29151368141174 seconds

Doing depth 5
We had 3756 inferral cache hits and 82929 partitioning cache hits
The partitioning cache has 4129 tilings in it right now
The inferral cache has 15120 tilings in it right now
There are 9949 tilings in the search tree
Time taken so far is 825.4725639820099 seconds

Now processing 0132_0321
Doing depth 1
We had 0 inferral cache hits and 14 partitioning cache hits
The partitioning cache has 0 tilings in it right now
The inferral cache has 8 tilings in it right now
There are 7 tilings in the search tree
Time taken so far is 0.050350189208984375 seconds

Doing depth 2
We had 5 inferral cache hits and 191 partitioning cache hits
The partitioning cache has 10 tilings in it right now
The inferral cache has 51 tilings in it right now
There are 34 tilings in the search tree
Time taken so far is 0.5281922817230225 seconds

Doing depth 3
We had 13 inferral cache hits and 1213 partitioning cache hits
The partitioning cache has 100 tilings in it right now
The inferral cache has 223 tilings in it right now
There are 174 tilings in the search tree
Time taken so far is 3.8805675506591797 seconds

Doing depth 4
We had 377 inferral cache hits and 7727 partitioning cache hits
The partitioning cache has 412 tilings in it right now
The inferral cache has 1374 tilings in it right now
There are 932 tilings in the search tree
Time taken so far is 40.69396185874939 seconds

Doing depth 5
We had 2800 inferral cache hits and 58791 partitioning cache hits
The partitioning cache has 3172 tilings in it right now
The inferral cache has 10283 tilings in it right now
There are 6743 tilings in the search tree
Time taken so far is 504.85659885406494 seconds

Now processing 0132_1023
Doing depth 1
We had 0 inferral cache hits and 14 partitioning cache hits
The partitioning cache has 0 tilings in it right now
The inferral cache has 10 tilings in it right now
There are 7 tilings in the search tree
Time taken so far is 0.02092885971069336 seconds

Doing depth 2
We had 4 inferral cache hits and 195 partitioning cache hits
The partitioning cache has 8 tilings in it right now
The inferral cache has 54 tilings in it right now
There are 31 tilings in the search tree
Time taken so far is 0.33118247985839844 seconds

Doing depth 3
We had 12 inferral cache hits and 1215 partitioning cache hits
The partitioning cache has 84 tilings in it right now
The inferral cache has 260 tilings in it right now
There are 168 tilings in the search tree
Time taken so far is 3.794111490249634 seconds

Doing depth 4
We had 347 inferral cache hits and 8505 partitioning cache hits
The partitioning cache has 284 tilings in it right now
The inferral cache has 1910 tilings in it right now
There are 967 tilings in the search tree
Time taken so far is 44.2752320766449 seconds

Doing depth 5
We had 3194 inferral cache hits and 74506 partitioning cache hits
The partitioning cache has 2362 tilings in it right now
The inferral cache has 17281 tilings in it right now
There are 7957 tilings in the search tree
Time taken so far is 1900.2569110393524 seconds

Now processing 0132_1032
Doing depth 1
We had 0 inferral cache hits and 14 partitioning cache hits
The partitioning cache has 0 tilings in it right now
The inferral cache has 8 tilings in it right now
There are 7 tilings in the search tree
Time taken so far is 0.02128887176513672 seconds

Doing depth 2
We had 5 inferral cache hits and 191 partitioning cache hits
The partitioning cache has 8 tilings in it right now
The inferral cache has 53 tilings in it right now
There are 31 tilings in the search tree
Time taken so far is 0.3204789161682129 seconds

Doing depth 3
We had 13 inferral cache hits and 1251 partitioning cache hits
The partitioning cache has 97 tilings in it right now
The inferral cache has 257 tilings in it right now
There are 175 tilings in the search tree
Time taken so far is 3.642698287963867 seconds

Doing depth 4
We had 362 inferral cache hits and 9149 partitioning cache hits
The partitioning cache has 462 tilings in it right now
The inferral cache has 1853 tilings in it right now
There are 1113 tilings in the search tree
Time taken so far is 52.51412010192871 seconds

Doing depth 5
We had 3538 inferral cache hits and 83848 partitioning cache hits
The partitioning cache has 3781 tilings in it right now
The inferral cache has 16111 tilings in it right now
There are 9412 tilings in the search tree
Time taken so far is 831.2461135387421 seconds

Now processing 0132_1203
Doing depth 1
We had 0 inferral cache hits and 14 partitioning cache hits
The partitioning cache has 0 tilings in it right now
The inferral cache has 10 tilings in it right now
There are 7 tilings in the search tree
Time taken so far is 0.021180391311645508 seconds

Doing depth 2
We had 4 inferral cache hits and 195 partitioning cache hits
The partitioning cache has 8 tilings in it right now
The inferral cache has 59 tilings in it right now
There are 31 tilings in the search tree
Time taken so far is 0.3302297592163086 seconds

Doing depth 3
We had 12 inferral cache hits and 1275 partitioning cache hits
The partitioning cache has 93 tilings in it right now
The inferral cache has 289 tilings in it right now
There are 179 tilings in the search tree
Time taken so far is 3.847010612487793 seconds

Doing depth 4
We had 411 inferral cache hits and 10124 partitioning cache hits
The partitioning cache has 430 tilings in it right now
The inferral cache has 2322 tilings in it right now
There are 1224 tilings in the search tree
Time taken so far is 60.06769347190857 seconds

Doing depth 5
We had 4943 inferral cache hits and 109064 partitioning cache hits
The partitioning cache has 4321 tilings in it right now
The inferral cache has 23903 tilings in it right now
There are 12360 tilings in the search tree
Time taken so far is 1077.411118030548 seconds

Now processing 0132_1230
Doing depth 1
We had 0 inferral cache hits and 14 partitioning cache hits
The partitioning cache has 0 tilings in it right now
The inferral cache has 9 tilings in it right now
There are 7 tilings in the search tree
Time taken so far is 0.0480649471282959 seconds

Doing depth 2
We had 4 inferral cache hits and 195 partitioning cache hits
The partitioning cache has 7 tilings in it right now
The inferral cache has 55 tilings in it right now
There are 33 tilings in the search tree
Time taken so far is 0.3948512077331543 seconds

Doing depth 3
We had 12 inferral cache hits and 1214 partitioning cache hits
The partitioning cache has 86 tilings in it right now
The inferral cache has 247 tilings in it right now
There are 171 tilings in the search tree
Time taken so far is 4.843523263931274 seconds

Doing depth 4
We had 315 inferral cache hits and 8206 partitioning cache hits
The partitioning cache has 362 tilings in it right now
The inferral cache has 1592 tilings in it right now
There are 928 tilings in the search tree
Time taken so far is 43.426125049591064 seconds

Doing depth 5
We had 2464 inferral cache hits and 61460 partitioning cache hits
The partitioning cache has 2493 tilings in it right now
The inferral cache has 12022 tilings in it right now
There are 6635 tilings in the search tree
Time taken so far is 491.4923288822174 seconds

Now processing 0132_1320
Doing depth 1
We had 0 inferral cache hits and 14 partitioning cache hits
The partitioning cache has 0 tilings in it right now
The inferral cache has 9 tilings in it right now
There are 7 tilings in the search tree
Time taken so far is 0.022179365158081055 seconds

Doing depth 2
We had 4 inferral cache hits and 195 partitioning cache hits
The partitioning cache has 9 tilings in it right now
The inferral cache has 54 tilings in it right now
There are 33 tilings in the search tree
Time taken so far is 0.3247239589691162 seconds

Doing depth 3
We had 12 inferral cache hits and 1276 partitioning cache hits
The partitioning cache has 94 tilings in it right now
The inferral cache has 265 tilings in it right now
There are 183 tilings in the search tree
Time taken so far is 3.7007899284362793 seconds

Doing depth 4
We had 407 inferral cache hits and 10098 partitioning cache hits
The partitioning cache has 450 tilings in it right now
The inferral cache has 2093 tilings in it right now
There are 1191 tilings in the search tree
Time taken so far is 60.16840672492981 seconds

Doing depth 5
We had 4305 inferral cache hits and 104938 partitioning cache hits
The partitioning cache has 3835 tilings in it right now
The inferral cache has 21099 tilings in it right now
There are 11576 tilings in the search tree
Time taken so far is 1011.2179560661316 seconds

Now processing 0132_2301
Doing depth 1
We had 0 inferral cache hits and 14 partitioning cache hits
The partitioning cache has 0 tilings in it right now
The inferral cache has 8 tilings in it right now
There are 7 tilings in the search tree
Time taken so far is 0.03394174575805664 seconds

Doing depth 2
We had 5 inferral cache hits and 191 partitioning cache hits
The partitioning cache has 8 tilings in it right now
The inferral cache has 53 tilings in it right now
There are 31 tilings in the search tree
Time taken so far is 0.4018208980560303 seconds

Doing depth 3
We had 13 inferral cache hits and 1251 partitioning cache hits
The partitioning cache has 83 tilings in it right now
The inferral cache has 272 tilings in it right now
There are 175 tilings in the search tree
Time taken so far is 3.9392898082733154 seconds

Doing depth 4
We had 367 inferral cache hits and 9373 partitioning cache hits
The partitioning cache has 405 tilings in it right now
The inferral cache has 2033 tilings in it right now
There are 1072 tilings in the search tree
Time taken so far is 50.33935594558716 seconds

Doing depth 5
We had 3789 inferral cache hits and 82078 partitioning cache hits
The partitioning cache has 3391 tilings in it right now
The inferral cache has 16685 tilings in it right now
There are 8454 tilings in the search tree
Time taken so far is 689.8001239299774 seconds

Now processing 0132_3120
Doing depth 1
We had 0 inferral cache hits and 14 partitioning cache hits
The partitioning cache has 0 tilings in it right now
The inferral cache has 10 tilings in it right now
There are 7 tilings in the search tree
Time taken so far is 0.025027751922607422 seconds

Doing depth 2
We had 4 inferral cache hits and 195 partitioning cache hits
The partitioning cache has 8 tilings in it right now
The inferral cache has 58 tilings in it right now
There are 34 tilings in the search tree
Time taken so far is 0.3510587215423584 seconds

Doing depth 3
We had 12 inferral cache hits and 1255 partitioning cache hits
The partitioning cache has 90 tilings in it right now
The inferral cache has 276 tilings in it right now
There are 182 tilings in the search tree
Time taken so far is 5.37695050239563 seconds

Doing depth 4
We had 354 inferral cache hits and 9260 partitioning cache hits
The partitioning cache has 404 tilings in it right now
The inferral cache has 2052 tilings in it right now
There are 1089 tilings in the search tree
Time taken so far is 55.396679162979126 seconds

Doing depth 5
We had 3692 inferral cache hits and 89462 partitioning cache hits
The partitioning cache has 3775 tilings in it right now
The inferral cache has 19586 tilings in it right now
There are 9649 tilings in the search tree
Time taken so far is 831.7506909370422 seconds

Now processing 0213_0321
Doing depth 1
We had 0 inferral cache hits and 14 partitioning cache hits
The partitioning cache has 0 tilings in it right now
The inferral cache has 10 tilings in it right now
There are 7 tilings in the search tree
Time taken so far is 0.02486562728881836 seconds

Doing depth 2
We had 4 inferral cache hits and 195 partitioning cache hits
The partitioning cache has 8 tilings in it right now
The inferral cache has 56 tilings in it right now
There are 34 tilings in the search tree
Time taken so far is 0.34110474586486816 seconds

Doing depth 3
We had 12 inferral cache hits and 1255 partitioning cache hits
The partitioning cache has 97 tilings in it right now
The inferral cache has 255 tilings in it right now
There are 182 tilings in the search tree
Time taken so far is 3.5031991004943848 seconds

Doing depth 4
We had 387 inferral cache hits and 8980 partitioning cache hits
The partitioning cache has 426 tilings in it right now
The inferral cache has 1757 tilings in it right now
There are 1111 tilings in the search tree
Time taken so far is 52.00324988365173 seconds

Doing depth 5
We had 3564 inferral cache hits and 81097 partitioning cache hits
The partitioning cache has 3585 tilings in it right now
The inferral cache has 15574 tilings in it right now
There are 9263 tilings in the search tree
Time taken so far is 788.4754695892334 seconds

Now processing 0213_1032
Doing depth 1
We had 0 inferral cache hits and 14 partitioning cache hits
The partitioning cache has 0 tilings in it right now
The inferral cache has 10 tilings in it right now
There are 7 tilings in the search tree
Time taken so far is 0.021034717559814453 seconds

Doing depth 2
We had 4 inferral cache hits and 195 partitioning cache hits
The partitioning cache has 8 tilings in it right now
The inferral cache has 54 tilings in it right now
There are 31 tilings in the search tree
Time taken so far is 0.33099913597106934 seconds

Doing depth 3
We had 12 inferral cache hits and 1295 partitioning cache hits
The partitioning cache has 86 tilings in it right now
The inferral cache has 276 tilings in it right now
There are 185 tilings in the search tree
Time taken so far is 4.8519532680511475 seconds

Doing depth 4
We had 416 inferral cache hits and 10923 partitioning cache hits
The partitioning cache has 359 tilings in it right now
The inferral cache has 2354 tilings in it right now
There are 1316 tilings in the search tree
Time taken so far is 66.55791115760803 seconds

Doing depth 5
We had 4616 inferral cache hits and 118100 partitioning cache hits
The partitioning cache has 3446 tilings in it right now
The inferral cache has 23896 tilings in it right now
There are 13352 tilings in the search tree
Time taken so far is 2196.488559484482 seconds

Now processing 0213_1230
Doing depth 1
We had 0 inferral cache hits and 14 partitioning cache hits
The partitioning cache has 0 tilings in it right now
The inferral cache has 10 tilings in it right now
There are 7 tilings in the search tree
Time taken so far is 0.04136919975280762 seconds

Doing depth 2
We had 4 inferral cache hits and 195 partitioning cache hits
The partitioning cache has 8 tilings in it right now
The inferral cache has 54 tilings in it right now
There are 34 tilings in the search tree
Time taken so far is 0.37443065643310547 seconds

Doing depth 3
We had 12 inferral cache hits and 1255 partitioning cache hits
The partitioning cache has 90 tilings in it right now
The inferral cache has 262 tilings in it right now
There are 182 tilings in the search tree
Time taken so far is 4.912080764770508 seconds

Doing depth 4
We had 373 inferral cache hits and 10117 partitioning cache hits
The partitioning cache has 399 tilings in it right now
The inferral cache has 2171 tilings in it right now
There are 1158 tilings in the search tree
Time taken so far is 59.53514051437378 seconds

Doing depth 5
We had 3599 inferral cache hits and 101875 partitioning cache hits
The partitioning cache has 3188 tilings in it right now
The inferral cache has 21990 tilings in it right now
There are 10214 tilings in the search tree
Time taken so far is 904.4691624641418 seconds

Now processing 0213_1320
Doing depth 1
We had 0 inferral cache hits and 14 partitioning cache hits
The partitioning cache has 0 tilings in it right now
The inferral cache has 10 tilings in it right now
There are 7 tilings in the search tree
Time taken so far is 0.03978252410888672 seconds

Doing depth 2
We had 4 inferral cache hits and 195 partitioning cache hits
The partitioning cache has 8 tilings in it right now
The inferral cache has 57 tilings in it right now
There are 34 tilings in the search tree
Time taken so far is 0.4104728698730469 seconds

Doing depth 3
We had 12 inferral cache hits and 1315 partitioning cache hits
The partitioning cache has 94 tilings in it right now
The inferral cache has 296 tilings in it right now
There are 194 tilings in the search tree
Time taken so far is 4.890918731689453 seconds

Doing depth 4
We had 415 inferral cache hits and 11956 partitioning cache hits
The partitioning cache has 545 tilings in it right now
The inferral cache has 2706 tilings in it right now
There are 1464 tilings in the search tree
Time taken so far is 79.24872136116028 seconds

Doing depth 5
We had 5735 inferral cache hits and 141449 partitioning cache hits
The partitioning cache has 5015 tilings in it right now
The inferral cache has 30827 tilings in it right now
There are 16345 tilings in the search tree
Time taken so far is 1558.4607260227203 seconds

Now processing 0213_2301
Doing depth 1
We had 0 inferral cache hits and 14 partitioning cache hits
The partitioning cache has 0 tilings in it right now
The inferral cache has 10 tilings in it right now
There are 7 tilings in the search tree
Time taken so far is 0.021758317947387695 seconds

Doing depth 2
We had 4 inferral cache hits and 195 partitioning cache hits
The partitioning cache has 8 tilings in it right now
The inferral cache has 58 tilings in it right now
There are 31 tilings in the search tree
Time taken so far is 0.4983487129211426 seconds

Doing depth 3
We had 12 inferral cache hits and 1295 partitioning cache hits
The partitioning cache has 82 tilings in it right now
The inferral cache has 292 tilings in it right now
There are 183 tilings in the search tree
Time taken so far is 4.792707920074463 seconds

Doing depth 4
We had 356 inferral cache hits and 11068 partitioning cache hits
The partitioning cache has 426 tilings in it right now
The inferral cache has 2460 tilings in it right now
There are 1286 tilings in the search tree
Time taken so far is 65.42847728729248 seconds

Doing depth 5
We had 4456 inferral cache hits and 121976 partitioning cache hits
The partitioning cache has 4298 tilings in it right now
The inferral cache has 25433 tilings in it right now
There are 12223 tilings in the search tree
Time taken so far is 1100.1746306419373 seconds

Now processing 0213_3120
Doing depth 1
We had 0 inferral cache hits and 14 partitioning cache hits
The partitioning cache has 0 tilings in it right now
The inferral cache has 10 tilings in it right now
There are 7 tilings in the search tree
Time taken so far is 0.029361486434936523 seconds

Doing depth 2
We had 4 inferral cache hits and 195 partitioning cache hits
The partitioning cache has 8 tilings in it right now
The inferral cache has 58 tilings in it right now
There are 36 tilings in the search tree
Time taken so far is 0.361572265625 seconds

Doing depth 3
We had 12 inferral cache hits and 1295 partitioning cache hits
The partitioning cache has 100 tilings in it right now
The inferral cache has 282 tilings in it right now
There are 196 tilings in the search tree
Time taken so far is 3.7375330924987793 seconds

Doing depth 4
We had 400 inferral cache hits and 10915 partitioning cache hits
The partitioning cache has 538 tilings in it right now
The inferral cache has 2462 tilings in it right now
There are 1300 tilings in the search tree
Time taken so far is 68.48731136322021 seconds

Doing depth 5
We had 4856 inferral cache hits and 128381 partitioning cache hits
The partitioning cache has 4764 tilings in it right now
The inferral cache has 29570 tilings in it right now
There are 13204 tilings in the search tree
Time taken so far is 1317.295026063919 seconds

Now processing 0231_0312
Doing depth 1
We had 0 inferral cache hits and 14 partitioning cache hits
The partitioning cache has 0 tilings in it right now
The inferral cache has 8 tilings in it right now
There are 7 tilings in the search tree
Time taken so far is 0.04161429405212402 seconds

Doing depth 2
We had 5 inferral cache hits and 191 partitioning cache hits
The partitioning cache has 10 tilings in it right now
The inferral cache has 55 tilings in it right now
There are 34 tilings in the search tree
Time taken so far is 0.5882980823516846 seconds

Doing depth 3
We had 13 inferral cache hits and 1333 partitioning cache hits
The partitioning cache has 110 tilings in it right now
The inferral cache has 284 tilings in it right now
There are 200 tilings in the search tree
Time taken so far is 4.548784255981445 seconds

Doing depth 4
We had 486 inferral cache hits and 11370 partitioning cache hits
The partitioning cache has 665 tilings in it right now
The inferral cache has 2342 tilings in it right now
There are 1464 tilings in the search tree
Time taken so far is 72.99109029769897 seconds

Doing depth 5
We had 5886 inferral cache hits and 117486 partitioning cache hits
The partitioning cache has 6097 tilings in it right now
The inferral cache has 23433 tilings in it right now
There are 13703 tilings in the search tree
Time taken so far is 1389.4932565689087 seconds

Now processing 0231_0321
Doing depth 1
We had 0 inferral cache hits and 14 partitioning cache hits
The partitioning cache has 0 tilings in it right now
The inferral cache has 8 tilings in it right now
There are 7 tilings in the search tree
Time taken so far is 0.024858713150024414 seconds

Doing depth 2
We had 5 inferral cache hits and 191 partitioning cache hits
The partitioning cache has 10 tilings in it right now
The inferral cache has 51 tilings in it right now
There are 34 tilings in the search tree
Time taken so far is 0.3413844108581543 seconds

Doing depth 3
We had 13 inferral cache hits and 1273 partitioning cache hits
The partitioning cache has 103 tilings in it right now
The inferral cache has 249 tilings in it right now
There are 189 tilings in the search tree
Time taken so far is 4.005687475204468 seconds

Doing depth 4
We had 420 inferral cache hits and 9502 partitioning cache hits
The partitioning cache has 519 tilings in it right now
The inferral cache has 1768 tilings in it right now
There are 1202 tilings in the search tree
Time taken so far is 57.386821269989014 seconds

Doing depth 5
We had 4296 inferral cache hits and 85923 partitioning cache hits
The partitioning cache has 4443 tilings in it right now
The inferral cache has 15213 tilings in it right now
There are 9933 tilings in the search tree
Time taken so far is 887.349137544632 seconds

Now processing 0231_1203
Doing depth 1
We had 0 inferral cache hits and 14 partitioning cache hits
The partitioning cache has 0 tilings in it right now
The inferral cache has 10 tilings in it right now
There are 7 tilings in the search tree
Time taken so far is 0.020538806915283203 seconds

Doing depth 2
We had 4 inferral cache hits and 195 partitioning cache hits
The partitioning cache has 8 tilings in it right now
The inferral cache has 62 tilings in it right now
There are 31 tilings in the search tree
Time taken so far is 0.32552433013916016 seconds

Doing depth 3
We had 12 inferral cache hits and 1335 partitioning cache hits
The partitioning cache has 90 tilings in it right now
The inferral cache has 309 tilings in it right now
There are 191 tilings in the search tree
Time taken so far is 4.093928575515747 seconds

Doing depth 4
We had 395 inferral cache hits and 12157 partitioning cache hits
The partitioning cache has 498 tilings in it right now
The inferral cache has 2768 tilings in it right now
There are 1517 tilings in the search tree
Time taken so far is 86.58399748802185 seconds

Doing depth 5
We had 5499 inferral cache hits and 159644 partitioning cache hits
The partitioning cache has 5362 tilings in it right now
The inferral cache has 33260 tilings in it right now
There are 20752 tilings in the search tree
Time taken so far is 1897.7399036884308 seconds

Now processing 0231_1230
Doing depth 1
We had 0 inferral cache hits and 14 partitioning cache hits
The partitioning cache has 0 tilings in it right now
The inferral cache has 9 tilings in it right now
There are 7 tilings in the search tree
Time taken so far is 0.03537464141845703 seconds

Doing depth 2
We had 4 inferral cache hits and 195 partitioning cache hits
The partitioning cache has 8 tilings in it right now
The inferral cache has 54 tilings in it right now
There are 33 tilings in the search tree
Time taken so far is 0.4803006649017334 seconds

Doing depth 3
We had 12 inferral cache hits and 1255 partitioning cache hits
The partitioning cache has 94 tilings in it right now
The inferral cache has 252 tilings in it right now
There are 182 tilings in the search tree
Time taken so far is 4.24495005607605 seconds

Doing depth 4
We had 373 inferral cache hits and 9392 partitioning cache hits
The partitioning cache has 461 tilings in it right now
The inferral cache has 1794 tilings in it right now
There are 1172 tilings in the search tree
Time taken so far is 58.500948667526245 seconds

Doing depth 5
We had 3520 inferral cache hits and 84193 partitioning cache hits
The partitioning cache has 3860 tilings in it right now
The inferral cache has 15322 tilings in it right now
There are 10102 tilings in the search tree
Time taken so far is 1367.262395143509 seconds

Now processing 0231_1302
Doing depth 1
We had 0 inferral cache hits and 14 partitioning cache hits
The partitioning cache has 0 tilings in it right now
The inferral cache has 8 tilings in it right now
There are 7 tilings in the search tree
Time taken so far is 0.020686864852905273 seconds

Doing depth 2
We had 5 inferral cache hits and 191 partitioning cache hits
The partitioning cache has 8 tilings in it right now
The inferral cache has 57 tilings in it right now
There are 31 tilings in the search tree
Time taken so far is 0.3334507942199707 seconds

Doing depth 3
We had 13 inferral cache hits and 1471 partitioning cache hits
The partitioning cache has 101 tilings in it right now
The inferral cache has 350 tilings in it right now
There are 219 tilings in the search tree
Time taken so far is 5.001969575881958 seconds

Doing depth 4
We had 579 inferral cache hits and 17210 partitioning cache hits
The partitioning cache has 805 tilings in it right now
The inferral cache has 3960 tilings in it right now
There are 2125 tilings in the search tree
Time taken so far is 122.11358284950256 seconds

Doing depth 5
We had 3765 inferral cache hits and 106563 partitioning cache hits
The partitioning cache has 3826 tilings in it right now
The inferral cache has 21450 tilings in it right now
There are 12088 tilings in the search tree
Time taken so far is 1385.709965467453 seconds

Now processing 0231_2013
Doing depth 1
We had 0 inferral cache hits and 14 partitioning cache hits
The partitioning cache has 0 tilings in it right now
The inferral cache has 10 tilings in it right now
There are 7 tilings in the search tree
Time taken so far is 0.022341489791870117 seconds

Doing depth 2
We had 4 inferral cache hits and 195 partitioning cache hits
The partitioning cache has 8 tilings in it right now
The inferral cache has 62 tilings in it right now
There are 31 tilings in the search tree
Time taken so far is 0.34043025970458984 seconds

Doing depth 3
We had 12 inferral cache hits and 1335 partitioning cache hits
The partitioning cache has 88 tilings in it right now
The inferral cache has 324 tilings in it right now
There are 191 tilings in the search tree
Time taken so far is 4.089231491088867 seconds

Doing depth 4
We had 460 inferral cache hits and 13007 partitioning cache hits
The partitioning cache has 530 tilings in it right now
The inferral cache has 3093 tilings in it right now
There are 1699 tilings in the search tree
Time taken so far is 82.28575348854065 seconds

Doing depth 5
We had 7483 inferral cache hits and 162421 partitioning cache hits
The partitioning cache has 5760 tilings in it right now
The inferral cache has 35649 tilings in it right now
There are 21306 tilings in the search tree
Time taken so far is 1919.1864240169525 seconds

Now processing 0231_2031
Doing depth 1
We had 0 inferral cache hits and 14 partitioning cache hits
The partitioning cache has 0 tilings in it right now
The inferral cache has 8 tilings in it right now
There are 7 tilings in the search tree
Time taken so far is 0.021352291107177734 seconds

Doing depth 2
We had 5 inferral cache hits and 191 partitioning cache hits
The partitioning cache has 9 tilings in it right now
The inferral cache has 55 tilings in it right now
There are 31 tilings in the search tree
Time taken so far is 0.33165431022644043 seconds

Doing depth 3
We had 13 inferral cache hits and 1432 partitioning cache hits
The partitioning cache has 101 tilings in it right now
The inferral cache has 338 tilings in it right now
There are 219 tilings in the search tree
Time taken so far is 5.546114206314087 seconds

Doing depth 4
We had 540 inferral cache hits and 15051 partitioning cache hits
The partitioning cache has 779 tilings in it right now
The inferral cache has 3364 tilings in it right now
There are 1994 tilings in the search tree
Time taken so far is 105.02829170227051 seconds

Doing depth 5
We had 8803 inferral cache hits and 202206 partitioning cache hits
The partitioning cache has 8566 tilings in it right now
The inferral cache has 41554 tilings in it right now
There are 24077 tilings in the search tree
Time taken so far is 2927.533634662628 seconds

Now processing 0231_2130
Doing depth 1
We had 0 inferral cache hits and 14 partitioning cache hits
The partitioning cache has 0 tilings in it right now
The inferral cache has 9 tilings in it right now
There are 7 tilings in the search tree
Time taken so far is 0.024558305740356445 seconds

Doing depth 2
We had 4 inferral cache hits and 195 partitioning cache hits
The partitioning cache has 8 tilings in it right now
The inferral cache has 59 tilings in it right now
There are 33 tilings in the search tree
Time taken so far is 0.676476240158081 seconds

Doing depth 3
We had 12 inferral cache hits and 1335 partitioning cache hits
The partitioning cache has 94 tilings in it right now
The inferral cache has 313 tilings in it right now
There are 195 tilings in the search tree
Time taken so far is 5.524275064468384 seconds

Doing depth 4
We had 458 inferral cache hits and 12206 partitioning cache hits
The partitioning cache has 559 tilings in it right now
The inferral cache has 2820 tilings in it right now
There are 1495 tilings in the search tree
Time taken so far is 79.39955687522888 seconds

Doing depth 5
We had 6873 inferral cache hits and 151725 partitioning cache hits
The partitioning cache has 5745 tilings in it right now
The inferral cache has 32259 tilings in it right now
There are 17241 tilings in the search tree
Time taken so far is 13630.660587787628 seconds

Now processing 0231_2301
Doing depth 1
We had 0 inferral cache hits and 14 partitioning cache hits
The partitioning cache has 0 tilings in it right now
The inferral cache has 8 tilings in it right now
There are 7 tilings in the search tree
Time taken so far is 0.02133631706237793 seconds

Doing depth 2
We had 5 inferral cache hits and 191 partitioning cache hits
The partitioning cache has 7 tilings in it right now
The inferral cache has 54 tilings in it right now
There are 31 tilings in the search tree
Time taken so far is 0.32695794105529785 seconds

Doing depth 3
We had 12 inferral cache hits and 1315 partitioning cache hits
The partitioning cache has 91 tilings in it right now
The inferral cache has 287 tilings in it right now
There are 187 tilings in the search tree
Time taken so far is 5.569528102874756 seconds

Doing depth 4
We had 422 inferral cache hits and 11085 partitioning cache hits
The partitioning cache has 525 tilings in it right now
The inferral cache has 2282 tilings in it right now
There are 1328 tilings in the search tree
Time taken so far is 71.94461417198181 seconds

Doing depth 5
We had 4866 inferral cache hits and 107348 partitioning cache hits
The partitioning cache has 4325 tilings in it right now
The inferral cache has 20800 tilings in it right now
There are 12587 tilings in the search tree
Time taken so far is 1106.6812906265259 seconds

Now processing 0231_3012
Doing depth 1
We had 0 inferral cache hits and 14 partitioning cache hits
The partitioning cache has 0 tilings in it right now
The inferral cache has 9 tilings in it right now
There are 7 tilings in the search tree
Time taken so far is 0.0350797176361084 seconds

Doing depth 2
We had 4 inferral cache hits and 195 partitioning cache hits
The partitioning cache has 8 tilings in it right now
The inferral cache has 57 tilings in it right now
There are 33 tilings in the search tree
Time taken so far is 0.3955526351928711 seconds

Doing depth 3
We had 12 inferral cache hits and 1275 partitioning cache hits
The partitioning cache has 92 tilings in it right now
The inferral cache has 278 tilings in it right now
There are 184 tilings in the search tree
Time taken so far is 4.096864223480225 seconds

Doing depth 4
We had 402 inferral cache hits and 10454 partitioning cache hits
The partitioning cache has 474 tilings in it right now
The inferral cache has 2286 tilings in it right now
There are 1224 tilings in the search tree
Time taken so far is 64.87884187698364 seconds

Doing depth 5
We had 5013 inferral cache hits and 108508 partitioning cache hits
The partitioning cache has 4354 tilings in it right now
The inferral cache has 22550 tilings in it right now
There are 11386 tilings in the search tree
Time taken so far is 1052.060040473938 seconds

Now processing 0321_1032
Doing depth 1
We had 0 inferral cache hits and 14 partitioning cache hits
The partitioning cache has 0 tilings in it right now
The inferral cache has 8 tilings in it right now
There are 7 tilings in the search tree
Time taken so far is 0.0329740047454834 seconds

Doing depth 2
We had 5 inferral cache hits and 191 partitioning cache hits
The partitioning cache has 8 tilings in it right now
The inferral cache has 53 tilings in it right now
There are 31 tilings in the search tree
Time taken so far is 0.4428236484527588 seconds

Doing depth 3
We had 13 inferral cache hits and 1251 partitioning cache hits
The partitioning cache has 98 tilings in it right now
The inferral cache has 243 tilings in it right now
There are 175 tilings in the search tree
Time taken so far is 3.784973621368408 seconds

Doing depth 4
We had 407 inferral cache hits and 8703 partitioning cache hits
The partitioning cache has 474 tilings in it right now
The inferral cache has 1574 tilings in it right now
There are 1033 tilings in the search tree
Time taken so far is 47.83955717086792 seconds

Doing depth 5
We had 3609 inferral cache hits and 69902 partitioning cache hits
The partitioning cache has 3721 tilings in it right now
The inferral cache has 12050 tilings in it right now
There are 7684 tilings in the search tree
Time taken so far is 614.5621111392975 seconds

Now processing 0321_2103
Doing depth 1
We had 0 inferral cache hits and 14 partitioning cache hits
The partitioning cache has 0 tilings in it right now
The inferral cache has 10 tilings in it right now
There are 7 tilings in the search tree
Time taken so far is 0.023756027221679688 seconds

Doing depth 2
We had 4 inferral cache hits and 195 partitioning cache hits
The partitioning cache has 8 tilings in it right now
The inferral cache has 54 tilings in it right now
There are 31 tilings in the search tree
Time taken so far is 0.34090399742126465 seconds

Doing depth 3
We had 12 inferral cache hits and 1215 partitioning cache hits
The partitioning cache has 96 tilings in it right now
The inferral cache has 238 tilings in it right now
There are 167 tilings in the search tree
Time taken so far is 3.3208065032958984 seconds

Doing depth 4
We had 357 inferral cache hits and 7913 partitioning cache hits
The partitioning cache has 350 tilings in it right now
The inferral cache has 1536 tilings in it right now
There are 915 tilings in the search tree
Time taken so far is 43.91044020652771 seconds

Doing depth 5
We had 2680 inferral cache hits and 64084 partitioning cache hits
The partitioning cache has 2674 tilings in it right now
The inferral cache has 12557 tilings in it right now
There are 6839 tilings in the search tree
Time taken so far is 549.5856139659882 seconds

Now processing 1032_1302
Doing depth 1
We had 0 inferral cache hits and 14 partitioning cache hits
The partitioning cache has 0 tilings in it right now
The inferral cache has 6 tilings in it right now
There are 7 tilings in the search tree
Time taken so far is 0.0201873779296875 seconds

Doing depth 2
We had 8 inferral cache hits and 179 partitioning cache hits
The partitioning cache has 10 tilings in it right now
The inferral cache has 46 tilings in it right now
There are 31 tilings in the search tree
Time taken so far is 0.30734777450561523 seconds

Doing depth 3
We had 16 inferral cache hits and 1401 partitioning cache hits
The partitioning cache has 120 tilings in it right now
The inferral cache has 282 tilings in it right now
There are 207 tilings in the search tree
Time taken so far is 4.835800886154175 seconds

Doing depth 4
We had 585 inferral cache hits and 12937 partitioning cache hits
The partitioning cache has 892 tilings in it right now
The inferral cache has 2427 tilings in it right now
There are 1629 tilings in the search tree
Time taken so far is 78.41961574554443 seconds

Doing depth 5
We had 7814 inferral cache hits and 137524 partitioning cache hits
The partitioning cache has 8279 tilings in it right now
The inferral cache has 23737 tilings in it right now
There are 15322 tilings in the search tree
Time taken so far is 1454.6228811740875 seconds

Now processing 1032_2301
Doing depth 1
We had 0 inferral cache hits and 14 partitioning cache hits
The partitioning cache has 0 tilings in it right now
The inferral cache has 6 tilings in it right now
There are 7 tilings in the search tree
Time taken so far is 0.020292282104492188 seconds

Doing depth 2
We had 8 inferral cache hits and 179 partitioning cache hits
The partitioning cache has 8 tilings in it right now
The inferral cache has 50 tilings in it right now
There are 31 tilings in the search tree
Time taken so far is 0.2973203659057617 seconds

Doing depth 3
We had 16 inferral cache hits and 1279 partitioning cache hits
The partitioning cache has 92 tilings in it right now
The inferral cache has 266 tilings in it right now
There are 183 tilings in the search tree
Time taken so far is 3.793894052505493 seconds

Doing depth 4
We had 460 inferral cache hits and 10285 partitioning cache hits
The partitioning cache has 503 tilings in it right now
The inferral cache has 2130 tilings in it right now
There are 1214 tilings in the search tree
Time taken so far is 53.34447693824768 seconds

Doing depth 5
We had 4656 inferral cache hits and 84569 partitioning cache hits
The partitioning cache has 3816 tilings in it right now
The inferral cache has 16456 tilings in it right now
There are 9178 tilings in the search tree
Time taken so far is 670.2146859169006 seconds

