/users/home/henningu/ATRAP/non-regular-insertion-encodable-bases/logs_length2
Now processing 0123_0132
Doing depth 1
We had 0 inferral cache hits and 14 partitioning cache hits
The partitioning cache has 0 tilings in it right now
The inferral cache has 6 tilings in it right now
There are 5 tilings in the search tree
Time taken so far is 0.029805660247802734 seconds

Doing depth 2
We had 0 inferral cache hits and 81 partitioning cache hits
The partitioning cache has 4 tilings in it right now
The inferral cache has 14 tilings in it right now
There are 15 tilings in the search tree
Time taken so far is 0.12080836296081543 seconds

Doing depth 3
We had 2 inferral cache hits and 223 partitioning cache hits
The partitioning cache has 2 tilings in it right now
The inferral cache has 37 tilings in it right now
There are 31 tilings in the search tree
Time taken so far is 0.39145946502685547 seconds

Doing depth 4
We had 2 inferral cache hits and 311 partitioning cache hits
The partitioning cache has 0 tilings in it right now
The inferral cache has 53 tilings in it right now
There are 40 tilings in the search tree
Time taken so far is 1.0514605045318604 seconds

Doing depth 5
We had 4 inferral cache hits and 669 partitioning cache hits
The partitioning cache has 29 tilings in it right now
The inferral cache has 89 tilings in it right now
There are 78 tilings in the search tree
Time taken so far is 2.8179638385772705 seconds

Doing depth 6
We had 36 inferral cache hits and 1713 partitioning cache hits
The partitioning cache has 19 tilings in it right now
The inferral cache has 168 tilings in it right now
There are 153 tilings in the search tree
Time taken so far is 17.473591566085815 seconds

Doing depth 7
We had 36 inferral cache hits and 2844 partitioning cache hits
The partitioning cache has 8 tilings in it right now
The inferral cache has 369 tilings in it right now
There are 261 tilings in the search tree
Time taken so far is 65.36974000930786 seconds

Doing depth 8
We had 70 inferral cache hits and 7160 partitioning cache hits
The partitioning cache has 235 tilings in it right now
The inferral cache has 742 tilings in it right now
There are 676 tilings in the search tree
Time taken so far is 170.69773387908936 seconds

Now processing 0123_0213
Doing depth 1
We had 0 inferral cache hits and 14 partitioning cache hits
The partitioning cache has 0 tilings in it right now
The inferral cache has 6 tilings in it right now
There are 5 tilings in the search tree
Time taken so far is 0.018396615982055664 seconds

Doing depth 2
We had 0 inferral cache hits and 81 partitioning cache hits
The partitioning cache has 4 tilings in it right now
The inferral cache has 14 tilings in it right now
There are 16 tilings in the search tree
Time taken so far is 0.0838780403137207 seconds

Doing depth 3
We had 2 inferral cache hits and 223 partitioning cache hits
The partitioning cache has 2 tilings in it right now
The inferral cache has 38 tilings in it right now
There are 34 tilings in the search tree
Time taken so far is 0.30901360511779785 seconds

Doing depth 4
We had 2 inferral cache hits and 311 partitioning cache hits
The partitioning cache has 0 tilings in it right now
The inferral cache has 54 tilings in it right now
There are 44 tilings in the search tree
Time taken so far is 0.8251817226409912 seconds

Doing depth 5
We had 4 inferral cache hits and 659 partitioning cache hits
The partitioning cache has 30 tilings in it right now
The inferral cache has 84 tilings in it right now
There are 82 tilings in the search tree
Time taken so far is 2.556600332260132 seconds

Doing depth 6
We had 36 inferral cache hits and 1667 partitioning cache hits
The partitioning cache has 20 tilings in it right now
The inferral cache has 150 tilings in it right now
There are 157 tilings in the search tree
Time taken so far is 17.060659885406494 seconds

Doing depth 7
We had 36 inferral cache hits and 2885 partitioning cache hits
The partitioning cache has 8 tilings in it right now
The inferral cache has 371 tilings in it right now
There are 280 tilings in the search tree
Time taken so far is 65.69461750984192 seconds

Doing depth 8
We had 60 inferral cache hits and 6927 partitioning cache hits
The partitioning cache has 252 tilings in it right now
The inferral cache has 661 tilings in it right now
There are 661 tilings in the search tree
Time taken so far is 173.36080408096313 seconds

Now processing 0123_0231
Doing depth 1
We had 0 inferral cache hits and 14 partitioning cache hits
The partitioning cache has 0 tilings in it right now
The inferral cache has 6 tilings in it right now
There are 5 tilings in the search tree
Time taken so far is 0.02902817726135254 seconds

Doing depth 2
We had 0 inferral cache hits and 81 partitioning cache hits
The partitioning cache has 4 tilings in it right now
The inferral cache has 14 tilings in it right now
There are 15 tilings in the search tree
Time taken so far is 0.11781549453735352 seconds

Doing depth 3
We had 2 inferral cache hits and 223 partitioning cache hits
The partitioning cache has 2 tilings in it right now
The inferral cache has 37 tilings in it right now
There are 31 tilings in the search tree
Time taken so far is 0.35725855827331543 seconds

Doing depth 4
We had 2 inferral cache hits and 311 partitioning cache hits
The partitioning cache has 0 tilings in it right now
The inferral cache has 53 tilings in it right now
There are 40 tilings in the search tree
Time taken so far is 1.0669066905975342 seconds

Doing depth 5
We had 4 inferral cache hits and 679 partitioning cache hits
The partitioning cache has 26 tilings in it right now
The inferral cache has 96 tilings in it right now
There are 78 tilings in the search tree
Time taken so far is 3.1312026977539062 seconds

Doing depth 6
We had 42 inferral cache hits and 1889 partitioning cache hits
The partitioning cache has 24 tilings in it right now
The inferral cache has 206 tilings in it right now
There are 168 tilings in the search tree
Time taken so far is 19.8501238822937 seconds

Doing depth 7
We had 42 inferral cache hits and 2945 partitioning cache hits
The partitioning cache has 14 tilings in it right now
The inferral cache has 388 tilings in it right now
There are 263 tilings in the search tree
Time taken so far is 74.14894127845764 seconds

Doing depth 8
We had 86 inferral cache hits and 7556 partitioning cache hits
The partitioning cache has 228 tilings in it right now
The inferral cache has 840 tilings in it right now
There are 674 tilings in the search tree
Time taken so far is 195.54681754112244 seconds

Now processing 0123_1230
Doing depth 1
We had 0 inferral cache hits and 14 partitioning cache hits
The partitioning cache has 0 tilings in it right now
The inferral cache has 6 tilings in it right now
There are 5 tilings in the search tree
Time taken so far is 0.016344785690307617 seconds

Doing depth 2
We had 0 inferral cache hits and 81 partitioning cache hits
The partitioning cache has 4 tilings in it right now
The inferral cache has 14 tilings in it right now
There are 15 tilings in the search tree
Time taken so far is 0.07927060127258301 seconds

Doing depth 3
We had 2 inferral cache hits and 223 partitioning cache hits
The partitioning cache has 2 tilings in it right now
The inferral cache has 36 tilings in it right now
There are 31 tilings in the search tree
Time taken so far is 0.31116676330566406 seconds

Doing depth 4
We had 2 inferral cache hits and 311 partitioning cache hits
The partitioning cache has 0 tilings in it right now
The inferral cache has 52 tilings in it right now
There are 40 tilings in the search tree
Time taken so far is 0.8961377143859863 seconds

Doing depth 5
We had 4 inferral cache hits and 669 partitioning cache hits
The partitioning cache has 28 tilings in it right now
The inferral cache has 88 tilings in it right now
There are 74 tilings in the search tree
Time taken so far is 2.704010009765625 seconds

Doing depth 6
We had 39 inferral cache hits and 1843 partitioning cache hits
The partitioning cache has 25 tilings in it right now
The inferral cache has 172 tilings in it right now
There are 158 tilings in the search tree
Time taken so far is 18.046119213104248 seconds

Doing depth 7
We had 39 inferral cache hits and 2937 partitioning cache hits
The partitioning cache has 17 tilings in it right now
The inferral cache has 361 tilings in it right now
There are 258 tilings in the search tree
Time taken so far is 66.62709140777588 seconds

Doing depth 8
We had 73 inferral cache hits and 7439 partitioning cache hits
The partitioning cache has 236 tilings in it right now
The inferral cache has 743 tilings in it right now
There are 666 tilings in the search tree
Time taken so far is 168.16290760040283 seconds

Now processing 0123_2301
Doing depth 1
We had 0 inferral cache hits and 14 partitioning cache hits
The partitioning cache has 0 tilings in it right now
The inferral cache has 6 tilings in it right now
There are 5 tilings in the search tree
Time taken so far is 0.012118339538574219 seconds

Doing depth 2
We had 0 inferral cache hits and 81 partitioning cache hits
The partitioning cache has 4 tilings in it right now
The inferral cache has 14 tilings in it right now
There are 13 tilings in the search tree
Time taken so far is 0.07056689262390137 seconds

Doing depth 3
We had 2 inferral cache hits and 223 partitioning cache hits
The partitioning cache has 2 tilings in it right now
The inferral cache has 36 tilings in it right now
There are 27 tilings in the search tree
Time taken so far is 0.3364899158477783 seconds

Doing depth 4
We had 2 inferral cache hits and 311 partitioning cache hits
The partitioning cache has 0 tilings in it right now
The inferral cache has 52 tilings in it right now
There are 35 tilings in the search tree
Time taken so far is 1.089848279953003 seconds

Doing depth 5
We had 4 inferral cache hits and 679 partitioning cache hits
The partitioning cache has 26 tilings in it right now
The inferral cache has 92 tilings in it right now
There are 69 tilings in the search tree
Time taken so far is 3.2278218269348145 seconds

Doing depth 6
We had 40 inferral cache hits and 1889 partitioning cache hits
The partitioning cache has 29 tilings in it right now
The inferral cache has 189 tilings in it right now
There are 154 tilings in the search tree
Time taken so far is 22.669196128845215 seconds

Doing depth 7
We had 91 inferral cache hits and 4202 partitioning cache hits
The partitioning cache has 42 tilings in it right now
The inferral cache has 515 tilings in it right now
There are 399 tilings in the search tree
Time taken so far is 89.89348983764648 seconds

Doing depth 8
We had 306 inferral cache hits and 12052 partitioning cache hits
The partitioning cache has 282 tilings in it right now
The inferral cache has 1239 tilings in it right now
There are 1126 tilings in the search tree
Time taken so far is 220.3899245262146 seconds

Now processing 0132_0213
Doing depth 1
We had 0 inferral cache hits and 14 partitioning cache hits
The partitioning cache has 0 tilings in it right now
The inferral cache has 6 tilings in it right now
There are 5 tilings in the search tree
Time taken so far is 0.01481771469116211 seconds

Doing depth 2
We had 0 inferral cache hits and 81 partitioning cache hits
The partitioning cache has 4 tilings in it right now
The inferral cache has 14 tilings in it right now
There are 15 tilings in the search tree
Time taken so far is 0.08014822006225586 seconds

Doing depth 3
We had 2 inferral cache hits and 223 partitioning cache hits
The partitioning cache has 2 tilings in it right now
The inferral cache has 38 tilings in it right now
There are 31 tilings in the search tree
Time taken so far is 0.3407020568847656 seconds

Doing depth 4
We had 2 inferral cache hits and 311 partitioning cache hits
The partitioning cache has 1 tilings in it right now
The inferral cache has 53 tilings in it right now
There are 40 tilings in the search tree
Time taken so far is 0.9686951637268066 seconds

Doing depth 5
We had 4 inferral cache hits and 670 partitioning cache hits
The partitioning cache has 29 tilings in it right now
The inferral cache has 90 tilings in it right now
There are 76 tilings in the search tree
Time taken so far is 3.066387414932251 seconds

Doing depth 6
We had 37 inferral cache hits and 1708 partitioning cache hits
The partitioning cache has 19 tilings in it right now
The inferral cache has 175 tilings in it right now
There are 146 tilings in the search tree
Time taken so far is 21.119141340255737 seconds

Doing depth 7
We had 37 inferral cache hits and 2827 partitioning cache hits
The partitioning cache has 16 tilings in it right now
The inferral cache has 357 tilings in it right now
There are 247 tilings in the search tree
Time taken so far is 84.27820920944214 seconds

Doing depth 8
We had 65 inferral cache hits and 7231 partitioning cache hits
The partitioning cache has 242 tilings in it right now
The inferral cache has 767 tilings in it right now
There are 665 tilings in the search tree
Time taken so far is 214.76679873466492 seconds

Now processing 0132_0231
Doing depth 1
We had 0 inferral cache hits and 14 partitioning cache hits
The partitioning cache has 0 tilings in it right now
The inferral cache has 5 tilings in it right now
There are 5 tilings in the search tree
Time taken so far is 0.013816118240356445 seconds

Doing depth 2
We had 0 inferral cache hits and 81 partitioning cache hits
The partitioning cache has 4 tilings in it right now
The inferral cache has 13 tilings in it right now
There are 15 tilings in the search tree
Time taken so far is 0.07764458656311035 seconds

Doing depth 3
We had 2 inferral cache hits and 223 partitioning cache hits
The partitioning cache has 2 tilings in it right now
The inferral cache has 31 tilings in it right now
There are 31 tilings in the search tree
Time taken so far is 0.35275721549987793 seconds

Doing depth 4
We had 2 inferral cache hits and 311 partitioning cache hits
The partitioning cache has 3 tilings in it right now
The inferral cache has 45 tilings in it right now
There are 40 tilings in the search tree
Time taken so far is 1.1144747734069824 seconds

Doing depth 5
We had 3 inferral cache hits and 671 partitioning cache hits
The partitioning cache has 26 tilings in it right now
The inferral cache has 82 tilings in it right now
There are 80 tilings in the search tree
Time taken so far is 3.0987660884857178 seconds

Doing depth 6
We had 30 inferral cache hits and 1648 partitioning cache hits
The partitioning cache has 19 tilings in it right now
The inferral cache has 153 tilings in it right now
There are 160 tilings in the search tree
Time taken so far is 20.97351884841919 seconds

Doing depth 7
We had 30 inferral cache hits and 2923 partitioning cache hits
The partitioning cache has 52 tilings in it right now
The inferral cache has 322 tilings in it right now
There are 285 tilings in the search tree
Time taken so far is 87.17502093315125 seconds

Doing depth 8
We had 71 inferral cache hits and 7068 partitioning cache hits
The partitioning cache has 185 tilings in it right now
The inferral cache has 639 tilings in it right now
There are 683 tilings in the search tree
Time taken so far is 206.49679517745972 seconds

Now processing 0132_0321
Doing depth 1
We had 0 inferral cache hits and 14 partitioning cache hits
The partitioning cache has 0 tilings in it right now
The inferral cache has 5 tilings in it right now
There are 5 tilings in the search tree
Time taken so far is 0.013454914093017578 seconds

Doing depth 2
We had 0 inferral cache hits and 81 partitioning cache hits
The partitioning cache has 4 tilings in it right now
The inferral cache has 13 tilings in it right now
There are 15 tilings in the search tree
Time taken so far is 0.07593202590942383 seconds

Doing depth 3
We had 2 inferral cache hits and 223 partitioning cache hits
The partitioning cache has 2 tilings in it right now
The inferral cache has 33 tilings in it right now
There are 31 tilings in the search tree
Time taken so far is 0.3537936210632324 seconds

Doing depth 4
We had 2 inferral cache hits and 311 partitioning cache hits
The partitioning cache has 2 tilings in it right now
The inferral cache has 47 tilings in it right now
There are 40 tilings in the search tree
Time taken so far is 1.1185023784637451 seconds

Doing depth 5
We had 4 inferral cache hits and 681 partitioning cache hits
The partitioning cache has 27 tilings in it right now
The inferral cache has 84 tilings in it right now
There are 78 tilings in the search tree
Time taken so far is 3.316796064376831 seconds

Doing depth 6
We had 38 inferral cache hits and 1749 partitioning cache hits
The partitioning cache has 18 tilings in it right now
The inferral cache has 160 tilings in it right now
There are 156 tilings in the search tree
Time taken so far is 23.28555178642273 seconds

Doing depth 7
We had 38 inferral cache hits and 2805 partitioning cache hits
The partitioning cache has 30 tilings in it right now
The inferral cache has 321 tilings in it right now
There are 252 tilings in the search tree
Time taken so far is 93.90714979171753 seconds

Doing depth 8
We had 76 inferral cache hits and 7164 partitioning cache hits
The partitioning cache has 232 tilings in it right now
The inferral cache has 686 tilings in it right now
There are 643 tilings in the search tree
Time taken so far is 220.12743043899536 seconds

Now processing 0132_1023
Doing depth 1
We had 0 inferral cache hits and 14 partitioning cache hits
The partitioning cache has 0 tilings in it right now
The inferral cache has 6 tilings in it right now
There are 5 tilings in the search tree
Time taken so far is 0.011657953262329102 seconds

Doing depth 2
We had 0 inferral cache hits and 81 partitioning cache hits
The partitioning cache has 4 tilings in it right now
The inferral cache has 14 tilings in it right now
There are 13 tilings in the search tree
Time taken so far is 0.07085847854614258 seconds

Doing depth 3
We had 2 inferral cache hits and 223 partitioning cache hits
The partitioning cache has 2 tilings in it right now
The inferral cache has 38 tilings in it right now
There are 27 tilings in the search tree
Time taken so far is 0.34822511672973633 seconds

Doing depth 4
We had 2 inferral cache hits and 311 partitioning cache hits
The partitioning cache has 0 tilings in it right now
The inferral cache has 54 tilings in it right now
There are 35 tilings in the search tree
Time taken so far is 1.1085448265075684 seconds

Doing depth 5
We had 4 inferral cache hits and 823 partitioning cache hits
The partitioning cache has 26 tilings in it right now
The inferral cache has 156 tilings in it right now
There are 88 tilings in the search tree
Time taken so far is 4.511321544647217 seconds

Doing depth 6
We had 30 inferral cache hits and 2095 partitioning cache hits
The partitioning cache has 17 tilings in it right now
The inferral cache has 331 tilings in it right now
There are 168 tilings in the search tree
Time taken so far is 24.172527074813843 seconds

Doing depth 7
We had 30 inferral cache hits and 3451 partitioning cache hits
The partitioning cache has 10 tilings in it right now
The inferral cache has 651 tilings in it right now
There are 296 tilings in the search tree
Time taken so far is 77.13438725471497 seconds

Doing depth 8
We had 54 inferral cache hits and 8380 partitioning cache hits
The partitioning cache has 207 tilings in it right now
The inferral cache has 1331 tilings in it right now
There are 774 tilings in the search tree
Time taken so far is 183.83016419410706 seconds

Now processing 0132_1032
Doing depth 1
We had 0 inferral cache hits and 14 partitioning cache hits
The partitioning cache has 0 tilings in it right now
The inferral cache has 5 tilings in it right now
There are 5 tilings in the search tree
Time taken so far is 0.012331724166870117 seconds

Doing depth 2
We had 0 inferral cache hits and 81 partitioning cache hits
The partitioning cache has 4 tilings in it right now
The inferral cache has 13 tilings in it right now
There are 13 tilings in the search tree
Time taken so far is 0.07426714897155762 seconds

Doing depth 3
We had 2 inferral cache hits and 223 partitioning cache hits
The partitioning cache has 2 tilings in it right now
The inferral cache has 32 tilings in it right now
There are 27 tilings in the search tree
Time taken so far is 0.36046457290649414 seconds

Doing depth 4
We had 2 inferral cache hits and 321 partitioning cache hits
The partitioning cache has 2 tilings in it right now
The inferral cache has 51 tilings in it right now
There are 37 tilings in the search tree
Time taken so far is 1.2665681838989258 seconds

Doing depth 5
We had 12 inferral cache hits and 839 partitioning cache hits
The partitioning cache has 32 tilings in it right now
The inferral cache has 116 tilings in it right now
There are 109 tilings in the search tree
Time taken so far is 3.8763327598571777 seconds

Doing depth 6
We had 40 inferral cache hits and 1970 partitioning cache hits
The partitioning cache has 31 tilings in it right now
The inferral cache has 204 tilings in it right now
There are 197 tilings in the search tree
Time taken so far is 22.64749050140381 seconds

Doing depth 7
We had 75 inferral cache hits and 4904 partitioning cache hits
The partitioning cache has 84 tilings in it right now
The inferral cache has 639 tilings in it right now
There are 546 tilings in the search tree
Time taken so far is 105.17976498603821 seconds

Doing depth 8
We had 462 inferral cache hits and 20392 partitioning cache hits
The partitioning cache has 473 tilings in it right now
The inferral cache has 2343 tilings in it right now
There are 2876 tilings in the search tree
Time taken so far is 704.9975624084473 seconds

Now processing 0132_1203
Doing depth 1
We had 0 inferral cache hits and 14 partitioning cache hits
The partitioning cache has 0 tilings in it right now
The inferral cache has 6 tilings in it right now
There are 5 tilings in the search tree
Time taken so far is 0.01192164421081543 seconds

Doing depth 2
We had 0 inferral cache hits and 81 partitioning cache hits
The partitioning cache has 4 tilings in it right now
The inferral cache has 14 tilings in it right now
There are 13 tilings in the search tree
Time taken so far is 0.06940317153930664 seconds

Doing depth 3
We had 2 inferral cache hits and 223 partitioning cache hits
The partitioning cache has 2 tilings in it right now
The inferral cache has 37 tilings in it right now
There are 27 tilings in the search tree
Time taken so far is 0.6880452632904053 seconds

Doing depth 4
We had 2 inferral cache hits and 311 partitioning cache hits
The partitioning cache has 1 tilings in it right now
The inferral cache has 52 tilings in it right now
There are 35 tilings in the search tree
Time taken so far is 1.4421486854553223 seconds

Doing depth 5
We had 4 inferral cache hits and 680 partitioning cache hits
The partitioning cache has 26 tilings in it right now
The inferral cache has 97 tilings in it right now
There are 71 tilings in the search tree
Time taken so far is 3.647050142288208 seconds

Doing depth 6
We had 31 inferral cache hits and 1827 partitioning cache hits
The partitioning cache has 19 tilings in it right now
The inferral cache has 217 tilings in it right now
There are 155 tilings in the search tree
Time taken so far is 23.29798936843872 seconds

Doing depth 7
We had 36 inferral cache hits and 3340 partitioning cache hits
The partitioning cache has 43 tilings in it right now
The inferral cache has 456 tilings in it right now
There are 322 tilings in the search tree
Time taken so far is 85.15213227272034 seconds

Doing depth 8
We had 153 inferral cache hits and 10781 partitioning cache hits
The partitioning cache has 280 tilings in it right now
The inferral cache has 1311 tilings in it right now
There are 1182 tilings in the search tree
Time taken so far is 232.61633467674255 seconds

Now processing 0132_1230
Doing depth 1
We had 0 inferral cache hits and 14 partitioning cache hits
The partitioning cache has 0 tilings in it right now
The inferral cache has 5 tilings in it right now
There are 5 tilings in the search tree
Time taken so far is 0.013659000396728516 seconds

Doing depth 2
We had 0 inferral cache hits and 81 partitioning cache hits
The partitioning cache has 3 tilings in it right now
The inferral cache has 14 tilings in it right now
There are 15 tilings in the search tree
Time taken so far is 0.07642531394958496 seconds

Doing depth 3
We had 2 inferral cache hits and 222 partitioning cache hits
The partitioning cache has 1 tilings in it right now
The inferral cache has 35 tilings in it right now
There are 31 tilings in the search tree
Time taken so far is 0.34033703804016113 seconds

Doing depth 4
We had 2 inferral cache hits and 309 partitioning cache hits
The partitioning cache has 1 tilings in it right now
The inferral cache has 50 tilings in it right now
There are 40 tilings in the search tree
Time taken so far is 0.950244665145874 seconds

Doing depth 5
We had 3 inferral cache hits and 684 partitioning cache hits
The partitioning cache has 26 tilings in it right now
The inferral cache has 92 tilings in it right now
There are 77 tilings in the search tree
Time taken so far is 3.0002777576446533 seconds

Doing depth 6
We had 35 inferral cache hits and 1879 partitioning cache hits
The partitioning cache has 24 tilings in it right now
The inferral cache has 193 tilings in it right now
There are 172 tilings in the search tree
Time taken so far is 18.143767833709717 seconds

Doing depth 7
We had 49 inferral cache hits and 3110 partitioning cache hits
The partitioning cache has 41 tilings in it right now
The inferral cache has 406 tilings in it right now
There are 297 tilings in the search tree
Time taken so far is 58.62932467460632 seconds

Doing depth 8
We had 275 inferral cache hits and 9376 partitioning cache hits
The partitioning cache has 284 tilings in it right now
The inferral cache has 1030 tilings in it right now
There are 1080 tilings in the search tree
Time taken so far is 148.61646842956543 seconds

Now processing 0132_1320
Doing depth 1
We had 0 inferral cache hits and 14 partitioning cache hits
The partitioning cache has 0 tilings in it right now
The inferral cache has 5 tilings in it right now
There are 5 tilings in the search tree
Time taken so far is 0.015356779098510742 seconds

Doing depth 2
We had 0 inferral cache hits and 81 partitioning cache hits
The partitioning cache has 4 tilings in it right now
The inferral cache has 13 tilings in it right now
There are 15 tilings in the search tree
Time taken so far is 0.07905387878417969 seconds

Doing depth 3
We had 2 inferral cache hits and 223 partitioning cache hits
The partitioning cache has 2 tilings in it right now
The inferral cache has 33 tilings in it right now
There are 31 tilings in the search tree
Time taken so far is 0.3489677906036377 seconds

Doing depth 4
We had 2 inferral cache hits and 311 partitioning cache hits
The partitioning cache has 3 tilings in it right now
The inferral cache has 46 tilings in it right now
There are 40 tilings in the search tree
Time taken so far is 1.2337994575500488 seconds

Doing depth 5
We had 4 inferral cache hits and 692 partitioning cache hits
The partitioning cache has 27 tilings in it right now
The inferral cache has 89 tilings in it right now
There are 76 tilings in the search tree
Time taken so far is 3.6541688442230225 seconds

Doing depth 6
We had 32 inferral cache hits and 1832 partitioning cache hits
The partitioning cache has 17 tilings in it right now
The inferral cache has 203 tilings in it right now
There are 153 tilings in the search tree
Time taken so far is 26.990445375442505 seconds

Doing depth 7
We had 37 inferral cache hits and 3066 partitioning cache hits
The partitioning cache has 25 tilings in it right now
The inferral cache has 405 tilings in it right now
There are 267 tilings in the search tree
Time taken so far is 107.02383923530579 seconds

Doing depth 8
We had 91 inferral cache hits and 7630 partitioning cache hits
The partitioning cache has 206 tilings in it right now
The inferral cache has 898 tilings in it right now
There are 674 tilings in the search tree
Time taken so far is 253.8621802330017 seconds

Now processing 0132_2301
Doing depth 1
We had 0 inferral cache hits and 14 partitioning cache hits
The partitioning cache has 0 tilings in it right now
The inferral cache has 5 tilings in it right now
There are 5 tilings in the search tree
Time taken so far is 0.011804342269897461 seconds

Doing depth 2
We had 0 inferral cache hits and 81 partitioning cache hits
The partitioning cache has 4 tilings in it right now
The inferral cache has 13 tilings in it right now
There are 13 tilings in the search tree
Time taken so far is 0.07139110565185547 seconds

Doing depth 3
We had 2 inferral cache hits and 223 partitioning cache hits
The partitioning cache has 2 tilings in it right now
The inferral cache has 32 tilings in it right now
There are 27 tilings in the search tree
Time taken so far is 0.36951231956481934 seconds

Doing depth 4
We had 2 inferral cache hits and 311 partitioning cache hits
The partitioning cache has 1 tilings in it right now
The inferral cache has 47 tilings in it right now
There are 35 tilings in the search tree
Time taken so far is 1.3360798358917236 seconds

Doing depth 5
We had 3 inferral cache hits and 696 partitioning cache hits
The partitioning cache has 24 tilings in it right now
The inferral cache has 95 tilings in it right now
There are 71 tilings in the search tree
Time taken so far is 3.680389404296875 seconds

Doing depth 6
We had 36 inferral cache hits and 2020 partitioning cache hits
The partitioning cache has 30 tilings in it right now
The inferral cache has 220 tilings in it right now
There are 162 tilings in the search tree
Time taken so far is 24.30122137069702 seconds

Doing depth 7
We had 36 inferral cache hits and 3011 partitioning cache hits
The partitioning cache has 35 tilings in it right now
The inferral cache has 388 tilings in it right now
There are 247 tilings in the search tree
Time taken so far is 85.60459494590759 seconds

Doing depth 8
We had 89 inferral cache hits and 7574 partitioning cache hits
The partitioning cache has 202 tilings in it right now
The inferral cache has 860 tilings in it right now
There are 648 tilings in the search tree
Time taken so far is 194.66545462608337 seconds

Now processing 0132_3120
Doing depth 1
We had 0 inferral cache hits and 14 partitioning cache hits
The partitioning cache has 0 tilings in it right now
The inferral cache has 6 tilings in it right now
There are 5 tilings in the search tree
Time taken so far is 0.014141082763671875 seconds

Doing depth 2
We had 0 inferral cache hits and 81 partitioning cache hits
The partitioning cache has 4 tilings in it right now
The inferral cache has 14 tilings in it right now
There are 15 tilings in the search tree
Time taken so far is 0.07541584968566895 seconds

Doing depth 3
We had 2 inferral cache hits and 223 partitioning cache hits
The partitioning cache has 2 tilings in it right now
The inferral cache has 38 tilings in it right now
There are 31 tilings in the search tree
Time taken so far is 0.321730375289917 seconds

Doing depth 4
We had 2 inferral cache hits and 311 partitioning cache hits
The partitioning cache has 0 tilings in it right now
The inferral cache has 54 tilings in it right now
There are 40 tilings in the search tree
Time taken so far is 0.9295282363891602 seconds

Doing depth 5
We had 4 inferral cache hits and 669 partitioning cache hits
The partitioning cache has 26 tilings in it right now
The inferral cache has 92 tilings in it right now
There are 72 tilings in the search tree
Time taken so far is 2.8667709827423096 seconds

Doing depth 6
We had 34 inferral cache hits and 1762 partitioning cache hits
The partitioning cache has 22 tilings in it right now
The inferral cache has 190 tilings in it right now
There are 144 tilings in the search tree
Time taken so far is 20.250017642974854 seconds

Doing depth 7
We had 46 inferral cache hits and 3239 partitioning cache hits
The partitioning cache has 34 tilings in it right now
The inferral cache has 426 tilings in it right now
There are 312 tilings in the search tree
Time taken so far is 72.43538475036621 seconds

Doing depth 8
We had 163 inferral cache hits and 9865 partitioning cache hits
The partitioning cache has 288 tilings in it right now
The inferral cache has 1110 tilings in it right now
There are 998 tilings in the search tree
Time taken so far is 184.07774472236633 seconds

Now processing 0213_0231
Doing depth 1
We had 0 inferral cache hits and 14 partitioning cache hits
The partitioning cache has 0 tilings in it right now
The inferral cache has 6 tilings in it right now
There are 5 tilings in the search tree
Time taken so far is 0.015430450439453125 seconds

Doing depth 2
We had 0 inferral cache hits and 81 partitioning cache hits
The partitioning cache has 4 tilings in it right now
The inferral cache has 14 tilings in it right now
There are 15 tilings in the search tree
Time taken so far is 0.07628273963928223 seconds

Doing depth 3
We had 2 inferral cache hits and 223 partitioning cache hits
The partitioning cache has 2 tilings in it right now
The inferral cache has 38 tilings in it right now
There are 31 tilings in the search tree
Time taken so far is 0.32613492012023926 seconds

Doing depth 4
We had 2 inferral cache hits and 311 partitioning cache hits
The partitioning cache has 0 tilings in it right now
The inferral cache has 54 tilings in it right now
There are 40 tilings in the search tree
Time taken so far is 1.0612714290618896 seconds

Doing depth 5
We had 4 inferral cache hits and 691 partitioning cache hits
The partitioning cache has 27 tilings in it right now
The inferral cache has 99 tilings in it right now
There are 82 tilings in the search tree
Time taken so far is 3.154031276702881 seconds

Doing depth 6
We had 36 inferral cache hits and 1966 partitioning cache hits
The partitioning cache has 26 tilings in it right now
The inferral cache has 234 tilings in it right now
There are 187 tilings in the search tree
Time taken so far is 21.41284990310669 seconds

Doing depth 7
We had 77 inferral cache hits and 4607 partitioning cache hits
The partitioning cache has 42 tilings in it right now
The inferral cache has 629 tilings in it right now
There are 492 tilings in the search tree
Time taken so far is 89.91069912910461 seconds

Doing depth 8
We had 387 inferral cache hits and 18115 partitioning cache hits
The partitioning cache has 376 tilings in it right now
The inferral cache has 2226 tilings in it right now
There are 2215 tilings in the search tree
Time taken so far is 2962.3816254138947 seconds

Now processing 0213_0321
Doing depth 1
We had 0 inferral cache hits and 14 partitioning cache hits
The partitioning cache has 0 tilings in it right now
The inferral cache has 6 tilings in it right now
There are 5 tilings in the search tree
Time taken so far is 0.01931285858154297 seconds

Doing depth 2
We had 0 inferral cache hits and 81 partitioning cache hits
The partitioning cache has 4 tilings in it right now
The inferral cache has 14 tilings in it right now
There are 15 tilings in the search tree
Time taken so far is 0.11604690551757812 seconds

Doing depth 3
We had 2 inferral cache hits and 223 partitioning cache hits
The partitioning cache has 2 tilings in it right now
The inferral cache has 37 tilings in it right now
There are 31 tilings in the search tree
Time taken so far is 0.36398911476135254 seconds

Doing depth 4
We had 2 inferral cache hits and 311 partitioning cache hits
The partitioning cache has 1 tilings in it right now
The inferral cache has 52 tilings in it right now
There are 40 tilings in the search tree
Time taken so far is 0.9959523677825928 seconds

Doing depth 5
We had 4 inferral cache hits and 670 partitioning cache hits
The partitioning cache has 28 tilings in it right now
The inferral cache has 88 tilings in it right now
There are 75 tilings in the search tree
Time taken so far is 2.955411434173584 seconds

Doing depth 6
We had 34 inferral cache hits and 1725 partitioning cache hits
The partitioning cache has 18 tilings in it right now
The inferral cache has 170 tilings in it right now
There are 148 tilings in the search tree
Time taken so far is 23.00816559791565 seconds

Doing depth 7
We had 34 inferral cache hits and 2855 partitioning cache hits
The partitioning cache has 21 tilings in it right now
The inferral cache has 353 tilings in it right now
There are 254 tilings in the search tree
Time taken so far is 91.53861141204834 seconds

Doing depth 8
We had 64 inferral cache hits and 7301 partitioning cache hits
The partitioning cache has 232 tilings in it right now
The inferral cache has 756 tilings in it right now
There are 653 tilings in the search tree
Time taken so far is 222.17172527313232 seconds

Now processing 0213_1032
Doing depth 1
We had 0 inferral cache hits and 14 partitioning cache hits
The partitioning cache has 0 tilings in it right now
The inferral cache has 6 tilings in it right now
There are 5 tilings in the search tree
Time taken so far is 0.012468338012695312 seconds

Doing depth 2
We had 0 inferral cache hits and 81 partitioning cache hits
The partitioning cache has 4 tilings in it right now
The inferral cache has 14 tilings in it right now
There are 13 tilings in the search tree
Time taken so far is 0.0767676830291748 seconds

Doing depth 3
We had 2 inferral cache hits and 223 partitioning cache hits
The partitioning cache has 2 tilings in it right now
The inferral cache has 36 tilings in it right now
There are 27 tilings in the search tree
Time taken so far is 0.34801149368286133 seconds

Doing depth 4
We had 2 inferral cache hits and 311 partitioning cache hits
The partitioning cache has 2 tilings in it right now
The inferral cache has 50 tilings in it right now
There are 35 tilings in the search tree
Time taken so far is 1.1146306991577148 seconds

Doing depth 5
We had 4 inferral cache hits and 681 partitioning cache hits
The partitioning cache has 26 tilings in it right now
The inferral cache has 92 tilings in it right now
There are 72 tilings in the search tree
Time taken so far is 3.339414358139038 seconds

Doing depth 6
We had 32 inferral cache hits and 1787 partitioning cache hits
The partitioning cache has 19 tilings in it right now
The inferral cache has 193 tilings in it right now
There are 152 tilings in the search tree
Time taken so far is 23.45206308364868 seconds

Doing depth 7
We had 54 inferral cache hits and 3800 partitioning cache hits
The partitioning cache has 60 tilings in it right now
The inferral cache has 481 tilings in it right now
There are 356 tilings in the search tree
Time taken so far is 81.41918540000916 seconds

Doing depth 8
We had 255 inferral cache hits and 14011 partitioning cache hits
The partitioning cache has 338 tilings in it right now
The inferral cache has 1569 tilings in it right now
There are 1415 tilings in the search tree
Time taken so far is 404.2565698623657 seconds

Now processing 0213_1230
Doing depth 1
We had 0 inferral cache hits and 14 partitioning cache hits
The partitioning cache has 0 tilings in it right now
The inferral cache has 6 tilings in it right now
There are 5 tilings in the search tree
Time taken so far is 0.014137744903564453 seconds

Doing depth 2
We had 0 inferral cache hits and 81 partitioning cache hits
The partitioning cache has 4 tilings in it right now
The inferral cache has 14 tilings in it right now
There are 15 tilings in the search tree
Time taken so far is 0.07576680183410645 seconds

Doing depth 3
We had 2 inferral cache hits and 223 partitioning cache hits
The partitioning cache has 2 tilings in it right now
The inferral cache has 37 tilings in it right now
There are 31 tilings in the search tree
Time taken so far is 0.31659483909606934 seconds

Doing depth 4
We had 2 inferral cache hits and 311 partitioning cache hits
The partitioning cache has 1 tilings in it right now
The inferral cache has 52 tilings in it right now
There are 40 tilings in the search tree
Time taken so far is 1.14168119430542 seconds

Doing depth 5
We had 4 inferral cache hits and 742 partitioning cache hits
The partitioning cache has 27 tilings in it right now
The inferral cache has 113 tilings in it right now
There are 82 tilings in the search tree
Time taken so far is 3.4427356719970703 seconds

Doing depth 6
We had 54 inferral cache hits and 3307 partitioning cache hits
The partitioning cache has 60 tilings in it right now
The inferral cache has 469 tilings in it right now
There are 310 tilings in the search tree
Time taken so far is 26.374332904815674 seconds

Doing depth 7
We had 54 inferral cache hits and 4382 partitioning cache hits
The partitioning cache has 56 tilings in it right now
The inferral cache has 664 tilings in it right now
There are 410 tilings in the search tree
Time taken so far is 74.6749861240387 seconds

Doing depth 8
We had 104 inferral cache hits and 9889 partitioning cache hits
The partitioning cache has 276 tilings in it right now
The inferral cache has 1321 tilings in it right now
There are 948 tilings in the search tree
Time taken so far is 174.52213525772095 seconds

Now processing 0213_1320
Doing depth 1
We had 0 inferral cache hits and 14 partitioning cache hits
The partitioning cache has 0 tilings in it right now
The inferral cache has 6 tilings in it right now
There are 5 tilings in the search tree
Time taken so far is 0.014450788497924805 seconds

Doing depth 2
We had 0 inferral cache hits and 81 partitioning cache hits
The partitioning cache has 4 tilings in it right now
The inferral cache has 14 tilings in it right now
There are 15 tilings in the search tree
Time taken so far is 0.07590174674987793 seconds

Doing depth 3
We had 2 inferral cache hits and 223 partitioning cache hits
The partitioning cache has 2 tilings in it right now
The inferral cache has 37 tilings in it right now
There are 31 tilings in the search tree
Time taken so far is 0.3246288299560547 seconds

Doing depth 4
We had 2 inferral cache hits and 311 partitioning cache hits
The partitioning cache has 2 tilings in it right now
The inferral cache has 51 tilings in it right now
There are 40 tilings in the search tree
Time taken so far is 0.9552814960479736 seconds

Doing depth 5
We had 4 inferral cache hits and 681 partitioning cache hits
The partitioning cache has 28 tilings in it right now
The inferral cache has 91 tilings in it right now
There are 74 tilings in the search tree
Time taken so far is 3.3427488803863525 seconds

Doing depth 6
We had 32 inferral cache hits and 1785 partitioning cache hits
The partitioning cache has 18 tilings in it right now
The inferral cache has 199 tilings in it right now
There are 140 tilings in the search tree
Time taken so far is 25.814038038253784 seconds

Doing depth 7
We had 32 inferral cache hits and 2853 partitioning cache hits
The partitioning cache has 25 tilings in it right now
The inferral cache has 370 tilings in it right now
There are 230 tilings in the search tree
Time taken so far is 101.91018843650818 seconds

Doing depth 8
We had 63 inferral cache hits and 8054 partitioning cache hits
The partitioning cache has 216 tilings in it right now
The inferral cache has 1032 tilings in it right now
There are 696 tilings in the search tree
Time taken so far is 250.76201272010803 seconds

Now processing 0213_2301
Doing depth 1
We had 0 inferral cache hits and 14 partitioning cache hits
The partitioning cache has 0 tilings in it right now
The inferral cache has 6 tilings in it right now
There are 5 tilings in the search tree
Time taken so far is 0.011833667755126953 seconds

Doing depth 2
We had 0 inferral cache hits and 81 partitioning cache hits
The partitioning cache has 4 tilings in it right now
The inferral cache has 14 tilings in it right now
There are 13 tilings in the search tree
Time taken so far is 0.07121562957763672 seconds

Doing depth 3
We had 2 inferral cache hits and 223 partitioning cache hits
The partitioning cache has 2 tilings in it right now
The inferral cache has 36 tilings in it right now
There are 27 tilings in the search tree
Time taken so far is 0.33939599990844727 seconds

Doing depth 4
We had 2 inferral cache hits and 311 partitioning cache hits
The partitioning cache has 0 tilings in it right now
The inferral cache has 52 tilings in it right now
There are 35 tilings in the search tree
Time taken so far is 1.105050802230835 seconds

Doing depth 5
We had 4 inferral cache hits and 679 partitioning cache hits
The partitioning cache has 26 tilings in it right now
The inferral cache has 94 tilings in it right now
There are 69 tilings in the search tree
Time taken so far is 3.551997184753418 seconds

Doing depth 6
We had 30 inferral cache hits and 1723 partitioning cache hits
The partitioning cache has 19 tilings in it right now
The inferral cache has 173 tilings in it right now
There are 128 tilings in the search tree
Time taken so far is 24.34035563468933 seconds

Doing depth 7
We had 41 inferral cache hits and 3077 partitioning cache hits
The partitioning cache has 36 tilings in it right now
The inferral cache has 410 tilings in it right now
There are 253 tilings in the search tree
Time taken so far is 89.86512613296509 seconds

Doing depth 8
We had 347 inferral cache hits and 10812 partitioning cache hits
The partitioning cache has 275 tilings in it right now
The inferral cache has 1300 tilings in it right now
There are 1138 tilings in the search tree
Time taken so far is 218.1206419467926 seconds

Now processing 0213_3120
Doing depth 1
We had 0 inferral cache hits and 14 partitioning cache hits
The partitioning cache has 0 tilings in it right now
The inferral cache has 6 tilings in it right now
There are 5 tilings in the search tree
Time taken so far is 0.01624011993408203 seconds

Doing depth 2
We had 0 inferral cache hits and 81 partitioning cache hits
The partitioning cache has 4 tilings in it right now
The inferral cache has 14 tilings in it right now
There are 16 tilings in the search tree
Time taken so far is 0.07947230339050293 seconds

Doing depth 3
We had 2 inferral cache hits and 223 partitioning cache hits
The partitioning cache has 2 tilings in it right now
The inferral cache has 40 tilings in it right now
There are 34 tilings in the search tree
Time taken so far is 0.43857598304748535 seconds

Doing depth 4
We had 2 inferral cache hits and 311 partitioning cache hits
The partitioning cache has 0 tilings in it right now
The inferral cache has 56 tilings in it right now
There are 44 tilings in the search tree
Time taken so far is 0.901045560836792 seconds

Doing depth 5
We had 4 inferral cache hits and 659 partitioning cache hits
The partitioning cache has 26 tilings in it right now
The inferral cache has 90 tilings in it right now
There are 74 tilings in the search tree
Time taken so far is 2.9541027545928955 seconds

Doing depth 6
We had 34 inferral cache hits and 1677 partitioning cache hits
The partitioning cache has 18 tilings in it right now
The inferral cache has 166 tilings in it right now
There are 132 tilings in the search tree
Time taken so far is 19.91009497642517 seconds

Doing depth 7
We had 34 inferral cache hits and 2821 partitioning cache hits
The partitioning cache has 12 tilings in it right now
The inferral cache has 364 tilings in it right now
There are 233 tilings in the search tree
Time taken so far is 73.6406786441803 seconds

Doing depth 8
We had 88 inferral cache hits and 8059 partitioning cache hits
The partitioning cache has 228 tilings in it right now
The inferral cache has 1012 tilings in it right now
There are 695 tilings in the search tree
Time taken so far is 191.47610187530518 seconds

Now processing 0231_0312
Doing depth 1
We had 0 inferral cache hits and 14 partitioning cache hits
The partitioning cache has 0 tilings in it right now
The inferral cache has 5 tilings in it right now
There are 5 tilings in the search tree
Time taken so far is 0.016117572784423828 seconds

Doing depth 2
We had 0 inferral cache hits and 81 partitioning cache hits
The partitioning cache has 4 tilings in it right now
The inferral cache has 13 tilings in it right now
There are 15 tilings in the search tree
Time taken so far is 0.08256697654724121 seconds

Doing depth 3
We had 2 inferral cache hits and 223 partitioning cache hits
The partitioning cache has 2 tilings in it right now
The inferral cache has 34 tilings in it right now
There are 31 tilings in the search tree
Time taken so far is 0.3817911148071289 seconds

Doing depth 4
We had 2 inferral cache hits and 311 partitioning cache hits
The partitioning cache has 3 tilings in it right now
The inferral cache has 47 tilings in it right now
There are 40 tilings in the search tree
Time taken so far is 1.1877853870391846 seconds

Doing depth 5
We had 4 inferral cache hits and 692 partitioning cache hits
The partitioning cache has 27 tilings in it right now
The inferral cache has 88 tilings in it right now
There are 79 tilings in the search tree
Time taken so far is 4.057060480117798 seconds

Doing depth 6
We had 36 inferral cache hits and 1808 partitioning cache hits
The partitioning cache has 17 tilings in it right now
The inferral cache has 196 tilings in it right now
There are 162 tilings in the search tree
Time taken so far is 29.927010774612427 seconds

Doing depth 7
We had 36 inferral cache hits and 2819 partitioning cache hits
The partitioning cache has 27 tilings in it right now
The inferral cache has 346 tilings in it right now
There are 251 tilings in the search tree
Time taken so far is 124.53821301460266 seconds

Doing depth 8
We had 66 inferral cache hits and 7095 partitioning cache hits
The partitioning cache has 220 tilings in it right now
The inferral cache has 769 tilings in it right now
There are 642 tilings in the search tree
Time taken so far is 303.4259569644928 seconds

Now processing 0231_0321
Doing depth 1
We had 0 inferral cache hits and 14 partitioning cache hits
The partitioning cache has 0 tilings in it right now
The inferral cache has 5 tilings in it right now
There are 5 tilings in the search tree
Time taken so far is 0.013324737548828125 seconds

Doing depth 2
We had 0 inferral cache hits and 81 partitioning cache hits
The partitioning cache has 4 tilings in it right now
The inferral cache has 13 tilings in it right now
There are 15 tilings in the search tree
Time taken so far is 0.07663989067077637 seconds

Doing depth 3
We had 2 inferral cache hits and 223 partitioning cache hits
The partitioning cache has 2 tilings in it right now
The inferral cache has 33 tilings in it right now
There are 31 tilings in the search tree
Time taken so far is 0.3570444583892822 seconds

Doing depth 4
We had 2 inferral cache hits and 311 partitioning cache hits
The partitioning cache has 3 tilings in it right now
The inferral cache has 46 tilings in it right now
There are 40 tilings in the search tree
Time taken so far is 1.1303973197937012 seconds

Doing depth 5
We had 4 inferral cache hits and 692 partitioning cache hits
The partitioning cache has 27 tilings in it right now
The inferral cache has 87 tilings in it right now
There are 80 tilings in the search tree
Time taken so far is 3.6179511547088623 seconds

Doing depth 6
We had 37 inferral cache hits and 1802 partitioning cache hits
The partitioning cache has 17 tilings in it right now
The inferral cache has 190 tilings in it right now
There are 165 tilings in the search tree
Time taken so far is 28.51063632965088 seconds

Doing depth 7
We had 37 inferral cache hits and 2831 partitioning cache hits
The partitioning cache has 27 tilings in it right now
The inferral cache has 345 tilings in it right now
There are 260 tilings in the search tree
Time taken so far is 119.72790002822876 seconds

Doing depth 8
We had 74 inferral cache hits and 7038 partitioning cache hits
The partitioning cache has 224 tilings in it right now
The inferral cache has 740 tilings in it right now
There are 648 tilings in the search tree
Time taken so far is 285.4557993412018 seconds

Now processing 0231_1203
Doing depth 1
We had 0 inferral cache hits and 14 partitioning cache hits
The partitioning cache has 0 tilings in it right now
The inferral cache has 6 tilings in it right now
There are 5 tilings in the search tree
Time taken so far is 0.012392997741699219 seconds

Doing depth 2
We had 0 inferral cache hits and 81 partitioning cache hits
The partitioning cache has 4 tilings in it right now
The inferral cache has 14 tilings in it right now
There are 13 tilings in the search tree
Time taken so far is 0.0704655647277832 seconds

Doing depth 3
We had 2 inferral cache hits and 223 partitioning cache hits
The partitioning cache has 2 tilings in it right now
The inferral cache has 36 tilings in it right now
There are 27 tilings in the search tree
Time taken so far is 0.3377668857574463 seconds

Doing depth 4
We had 2 inferral cache hits and 311 partitioning cache hits
The partitioning cache has 1 tilings in it right now
The inferral cache has 51 tilings in it right now
There are 35 tilings in the search tree
Time taken so far is 1.0925397872924805 seconds

Doing depth 5
We had 4 inferral cache hits and 762 partitioning cache hits
The partitioning cache has 26 tilings in it right now
The inferral cache has 117 tilings in it right now
There are 79 tilings in the search tree
Time taken so far is 3.854675531387329 seconds

Doing depth 6
We had 33 inferral cache hits and 2163 partitioning cache hits
The partitioning cache has 16 tilings in it right now
The inferral cache has 291 tilings in it right now
There are 173 tilings in the search tree
Time taken so far is 27.527366161346436 seconds

Doing depth 7
We had 33 inferral cache hits and 3098 partitioning cache hits
The partitioning cache has 17 tilings in it right now
The inferral cache has 445 tilings in it right now
There are 254 tilings in the search tree
Time taken so far is 89.62888860702515 seconds

Doing depth 8
We had 63 inferral cache hits and 8042 partitioning cache hits
The partitioning cache has 199 tilings in it right now
The inferral cache has 1035 tilings in it right now
There are 681 tilings in the search tree
Time taken so far is 212.11378645896912 seconds

Now processing 0231_1230
Doing depth 1
We had 0 inferral cache hits and 14 partitioning cache hits
The partitioning cache has 0 tilings in it right now
The inferral cache has 5 tilings in it right now
There are 5 tilings in the search tree
Time taken so far is 0.016649723052978516 seconds

Doing depth 2
We had 0 inferral cache hits and 81 partitioning cache hits
The partitioning cache has 4 tilings in it right now
The inferral cache has 13 tilings in it right now
There are 15 tilings in the search tree
Time taken so far is 0.08590078353881836 seconds

Doing depth 3
We had 2 inferral cache hits and 223 partitioning cache hits
The partitioning cache has 2 tilings in it right now
The inferral cache has 33 tilings in it right now
There are 31 tilings in the search tree
Time taken so far is 0.37947630882263184 seconds

Doing depth 4
We had 2 inferral cache hits and 311 partitioning cache hits
The partitioning cache has 3 tilings in it right now
The inferral cache has 47 tilings in it right now
There are 40 tilings in the search tree
Time taken so far is 1.1542785167694092 seconds

Doing depth 5
We had 4 inferral cache hits and 671 partitioning cache hits
The partitioning cache has 24 tilings in it right now
The inferral cache has 83 tilings in it right now
There are 74 tilings in the search tree
Time taken so far is 3.196626663208008 seconds

Doing depth 6
We had 26 inferral cache hits and 1594 partitioning cache hits
The partitioning cache has 17 tilings in it right now
The inferral cache has 160 tilings in it right now
There are 134 tilings in the search tree
Time taken so far is 20.56118392944336 seconds

Doing depth 7
We had 28 inferral cache hits and 2672 partitioning cache hits
The partitioning cache has 33 tilings in it right now
The inferral cache has 316 tilings in it right now
There are 228 tilings in the search tree
Time taken so far is 78.48017907142639 seconds

Doing depth 8
We had 56 inferral cache hits and 6645 partitioning cache hits
The partitioning cache has 187 tilings in it right now
The inferral cache has 649 tilings in it right now
There are 565 tilings in the search tree
Time taken so far is 192.94738602638245 seconds

Now processing 0231_1302
Doing depth 1
We had 0 inferral cache hits and 14 partitioning cache hits
The partitioning cache has 0 tilings in it right now
The inferral cache has 5 tilings in it right now
There are 5 tilings in the search tree
Time taken so far is 0.013909578323364258 seconds

Doing depth 2
We had 0 inferral cache hits and 81 partitioning cache hits
The partitioning cache has 4 tilings in it right now
The inferral cache has 13 tilings in it right now
There are 13 tilings in the search tree
Time taken so far is 0.07564949989318848 seconds

Doing depth 3
We had 2 inferral cache hits and 223 partitioning cache hits
The partitioning cache has 2 tilings in it right now
The inferral cache has 32 tilings in it right now
There are 27 tilings in the search tree
Time taken so far is 0.36905479431152344 seconds

Doing depth 4
We had 2 inferral cache hits and 311 partitioning cache hits
The partitioning cache has 3 tilings in it right now
The inferral cache has 45 tilings in it right now
There are 35 tilings in the search tree
Time taken so far is 1.2667896747589111 seconds

Doing depth 5
We had 4 inferral cache hits and 722 partitioning cache hits
The partitioning cache has 24 tilings in it right now
The inferral cache has 102 tilings in it right now
There are 77 tilings in the search tree
Time taken so far is 4.465553045272827 seconds

Doing depth 6
We had 28 inferral cache hits and 1922 partitioning cache hits
The partitioning cache has 15 tilings in it right now
The inferral cache has 250 tilings in it right now
There are 165 tilings in the search tree
Time taken so far is 36.97422552108765 seconds

Doing depth 7
We had 30 inferral cache hits and 2967 partitioning cache hits
The partitioning cache has 26 tilings in it right now
The inferral cache has 412 tilings in it right now
There are 250 tilings in the search tree
Time taken so far is 155.60453176498413 seconds

Doing depth 8
We had 97 inferral cache hits and 8980 partitioning cache hits
The partitioning cache has 198 tilings in it right now
The inferral cache has 1221 tilings in it right now
There are 1030 tilings in the search tree
Time taken so far is 377.1126911640167 seconds

Now processing 0231_2013
Doing depth 1
We had 0 inferral cache hits and 14 partitioning cache hits
The partitioning cache has 0 tilings in it right now
The inferral cache has 6 tilings in it right now
There are 5 tilings in the search tree
Time taken so far is 0.012077569961547852 seconds

Doing depth 2
We had 0 inferral cache hits and 81 partitioning cache hits
The partitioning cache has 4 tilings in it right now
The inferral cache has 14 tilings in it right now
There are 13 tilings in the search tree
Time taken so far is 0.07140421867370605 seconds

Doing depth 3
We had 2 inferral cache hits and 223 partitioning cache hits
The partitioning cache has 2 tilings in it right now
The inferral cache has 38 tilings in it right now
There are 27 tilings in the search tree
Time taken so far is 0.33794403076171875 seconds

Doing depth 4
We had 2 inferral cache hits and 311 partitioning cache hits
The partitioning cache has 0 tilings in it right now
The inferral cache has 54 tilings in it right now
There are 35 tilings in the search tree
Time taken so far is 1.0708308219909668 seconds

Doing depth 5
We had 4 inferral cache hits and 843 partitioning cache hits
The partitioning cache has 24 tilings in it right now
The inferral cache has 166 tilings in it right now
There are 89 tilings in the search tree
Time taken so far is 4.715378046035767 seconds

Doing depth 6
We had 26 inferral cache hits and 2211 partitioning cache hits
The partitioning cache has 15 tilings in it right now
The inferral cache has 395 tilings in it right now
There are 180 tilings in the search tree
Time taken so far is 29.890507221221924 seconds

Doing depth 7
We had 26 inferral cache hits and 3297 partitioning cache hits
The partitioning cache has 8 tilings in it right now
The inferral cache has 626 tilings in it right now
There are 279 tilings in the search tree
Time taken so far is 101.2816264629364 seconds

Doing depth 8
We had 64 inferral cache hits and 8328 partitioning cache hits
The partitioning cache has 183 tilings in it right now
The inferral cache has 1438 tilings in it right now
There are 740 tilings in the search tree
Time taken so far is 245.70452189445496 seconds

Now processing 0231_2031
Doing depth 1
We had 0 inferral cache hits and 14 partitioning cache hits
The partitioning cache has 0 tilings in it right now
The inferral cache has 5 tilings in it right now
There are 5 tilings in the search tree
Time taken so far is 0.011160612106323242 seconds

Doing depth 2
We had 0 inferral cache hits and 81 partitioning cache hits
The partitioning cache has 4 tilings in it right now
The inferral cache has 13 tilings in it right now
There are 13 tilings in the search tree
Time taken so far is 0.0677790641784668 seconds

Doing depth 3
We had 2 inferral cache hits and 223 partitioning cache hits
The partitioning cache has 2 tilings in it right now
The inferral cache has 32 tilings in it right now
There are 27 tilings in the search tree
Time taken so far is 0.3476221561431885 seconds

Doing depth 4
We had 2 inferral cache hits and 331 partitioning cache hits
The partitioning cache has 3 tilings in it right now
The inferral cache has 54 tilings in it right now
There are 39 tilings in the search tree
Time taken so far is 1.3329498767852783 seconds

Doing depth 5
We had 17 inferral cache hits and 1010 partitioning cache hits
The partitioning cache has 40 tilings in it right now
The inferral cache has 143 tilings in it right now
There are 128 tilings in the search tree
Time taken so far is 4.7288806438446045 seconds

Doing depth 6
We had 81 inferral cache hits and 2841 partitioning cache hits
The partitioning cache has 65 tilings in it right now
The inferral cache has 326 tilings in it right now
There are 295 tilings in the search tree
Time taken so far is 29.2543203830719 seconds

Doing depth 7
We had 234 inferral cache hits and 7976 partitioning cache hits
The partitioning cache has 161 tilings in it right now
The inferral cache has 978 tilings in it right now
There are 862 tilings in the search tree
Time taken so far is 137.91306138038635 seconds

Doing depth 8
We had 1123 inferral cache hits and 33631 partitioning cache hits
The partitioning cache has 845 tilings in it right now
The inferral cache has 3848 tilings in it right now
There are 4050 tilings in the search tree
Time taken so far is 657.5700023174286 seconds

Now processing 0231_2130
Doing depth 1
We had 0 inferral cache hits and 14 partitioning cache hits
The partitioning cache has 0 tilings in it right now
The inferral cache has 5 tilings in it right now
There are 5 tilings in the search tree
Time taken so far is 0.014619112014770508 seconds

Doing depth 2
We had 0 inferral cache hits and 81 partitioning cache hits
The partitioning cache has 4 tilings in it right now
The inferral cache has 13 tilings in it right now
There are 15 tilings in the search tree
Time taken so far is 0.08033633232116699 seconds

Doing depth 3
We had 2 inferral cache hits and 223 partitioning cache hits
The partitioning cache has 2 tilings in it right now
The inferral cache has 34 tilings in it right now
There are 31 tilings in the search tree
Time taken so far is 0.3602583408355713 seconds

Doing depth 4
We had 2 inferral cache hits and 321 partitioning cache hits
The partitioning cache has 3 tilings in it right now
The inferral cache has 52 tilings in it right now
There are 42 tilings in the search tree
Time taken so far is 1.1464860439300537 seconds

Doing depth 5
We had 10 inferral cache hits and 946 partitioning cache hits
The partitioning cache has 41 tilings in it right now
The inferral cache has 133 tilings in it right now
There are 121 tilings in the search tree
Time taken so far is 4.184301853179932 seconds

Doing depth 6
We had 36 inferral cache hits and 1866 partitioning cache hits
The partitioning cache has 32 tilings in it right now
The inferral cache has 205 tilings in it right now
There are 175 tilings in the search tree
Time taken so far is 23.684882879257202 seconds

Doing depth 7
We had 41 inferral cache hits and 3018 partitioning cache hits
The partitioning cache has 40 tilings in it right now
The inferral cache has 425 tilings in it right now
There are 287 tilings in the search tree
Time taken so far is 91.25457906723022 seconds

Doing depth 8
We had 231 inferral cache hits and 11031 partitioning cache hits
The partitioning cache has 371 tilings in it right now
The inferral cache has 1374 tilings in it right now
There are 1692 tilings in the search tree
Time taken so far is 247.62440299987793 seconds

Now processing 0231_2301
Doing depth 1
We had 0 inferral cache hits and 14 partitioning cache hits
The partitioning cache has 0 tilings in it right now
The inferral cache has 5 tilings in it right now
There are 5 tilings in the search tree
Time taken so far is 0.011398792266845703 seconds

Doing depth 2
We had 0 inferral cache hits and 81 partitioning cache hits
The partitioning cache has 4 tilings in it right now
The inferral cache has 13 tilings in it right now
There are 13 tilings in the search tree
Time taken so far is 0.07108044624328613 seconds

Doing depth 3
We had 2 inferral cache hits and 223 partitioning cache hits
The partitioning cache has 2 tilings in it right now
The inferral cache has 32 tilings in it right now
There are 27 tilings in the search tree
Time taken so far is 0.39145374298095703 seconds

Doing depth 4
We had 2 inferral cache hits and 311 partitioning cache hits
The partitioning cache has 3 tilings in it right now
The inferral cache has 45 tilings in it right now
There are 35 tilings in the search tree
Time taken so far is 1.3259012699127197 seconds

Doing depth 5
We had 4 inferral cache hits and 714 partitioning cache hits
The partitioning cache has 26 tilings in it right now
The inferral cache has 95 tilings in it right now
There are 75 tilings in the search tree
Time taken so far is 4.245256185531616 seconds

Doing depth 6
We had 36 inferral cache hits and 1902 partitioning cache hits
The partitioning cache has 22 tilings in it right now
The inferral cache has 207 tilings in it right now
There are 164 tilings in the search tree
Time taken so far is 31.00716805458069 seconds

Doing depth 7
We had 61 inferral cache hits and 3459 partitioning cache hits
The partitioning cache has 52 tilings in it right now
The inferral cache has 409 tilings in it right now
There are 302 tilings in the search tree
Time taken so far is 123.5224118232727 seconds

Doing depth 8
We had 211 inferral cache hits and 10718 partitioning cache hits
The partitioning cache has 306 tilings in it right now
The inferral cache has 1150 tilings in it right now
There are 955 tilings in the search tree
Time taken so far is 291.08245635032654 seconds

Now processing 0231_3012
Doing depth 1
We had 0 inferral cache hits and 14 partitioning cache hits
The partitioning cache has 0 tilings in it right now
The inferral cache has 6 tilings in it right now
There are 5 tilings in the search tree
Time taken so far is 0.012157917022705078 seconds

Doing depth 2
We had 0 inferral cache hits and 81 partitioning cache hits
The partitioning cache has 4 tilings in it right now
The inferral cache has 14 tilings in it right now
There are 13 tilings in the search tree
Time taken so far is 0.0709235668182373 seconds

Doing depth 3
We had 2 inferral cache hits and 223 partitioning cache hits
The partitioning cache has 2 tilings in it right now
The inferral cache has 37 tilings in it right now
There are 27 tilings in the search tree
Time taken so far is 0.33753228187561035 seconds

Doing depth 4
We had 2 inferral cache hits and 311 partitioning cache hits
The partitioning cache has 0 tilings in it right now
The inferral cache has 53 tilings in it right now
There are 35 tilings in the search tree
Time taken so far is 1.0869812965393066 seconds

Doing depth 5
We had 4 inferral cache hits and 701 partitioning cache hits
The partitioning cache has 25 tilings in it right now
The inferral cache has 106 tilings in it right now
There are 76 tilings in the search tree
Time taken so far is 3.4266438484191895 seconds

Doing depth 6
We had 31 inferral cache hits and 2040 partitioning cache hits
The partitioning cache has 25 tilings in it right now
The inferral cache has 267 tilings in it right now
There are 181 tilings in the search tree
Time taken so far is 25.40230917930603 seconds

Doing depth 7
We had 75 inferral cache hits and 4479 partitioning cache hits
The partitioning cache has 69 tilings in it right now
The inferral cache has 637 tilings in it right now
There are 432 tilings in the search tree
Time taken so far is 101.07198643684387 seconds

Doing depth 8
We had 455 inferral cache hits and 16127 partitioning cache hits
The partitioning cache has 378 tilings in it right now
The inferral cache has 2015 tilings in it right now
There are 1671 tilings in the search tree
Time taken so far is 378.389034986496 seconds

Now processing 0321_1032
Doing depth 1
We had 0 inferral cache hits and 14 partitioning cache hits
The partitioning cache has 0 tilings in it right now
The inferral cache has 5 tilings in it right now
There are 5 tilings in the search tree
Time taken so far is 0.011417150497436523 seconds

Doing depth 2
We had 0 inferral cache hits and 81 partitioning cache hits
The partitioning cache has 4 tilings in it right now
The inferral cache has 13 tilings in it right now
There are 13 tilings in the search tree
Time taken so far is 0.0726172924041748 seconds

Doing depth 3
We had 2 inferral cache hits and 223 partitioning cache hits
The partitioning cache has 2 tilings in it right now
The inferral cache has 32 tilings in it right now
There are 27 tilings in the search tree
Time taken so far is 0.3592555522918701 seconds

Doing depth 4
We had 2 inferral cache hits and 311 partitioning cache hits
The partitioning cache has 2 tilings in it right now
The inferral cache has 46 tilings in it right now
There are 35 tilings in the search tree
Time taken so far is 1.2125968933105469 seconds

Doing depth 5
We had 4 inferral cache hits and 691 partitioning cache hits
The partitioning cache has 27 tilings in it right now
The inferral cache has 86 tilings in it right now
There are 73 tilings in the search tree
Time taken so far is 3.7145073413848877 seconds

Doing depth 6
We had 36 inferral cache hits and 1735 partitioning cache hits
The partitioning cache has 18 tilings in it right now
The inferral cache has 160 tilings in it right now
There are 144 tilings in the search tree
Time taken so far is 26.829802989959717 seconds

Doing depth 7
We had 36 inferral cache hits and 2779 partitioning cache hits
The partitioning cache has 24 tilings in it right now
The inferral cache has 323 tilings in it right now
There are 234 tilings in the search tree
Time taken so far is 110.35565686225891 seconds

Doing depth 8
We had 84 inferral cache hits and 7312 partitioning cache hits
The partitioning cache has 230 tilings in it right now
The inferral cache has 727 tilings in it right now
There are 633 tilings in the search tree
Time taken so far is 261.96052718162537 seconds

Now processing 0321_2103
Doing depth 1
We had 0 inferral cache hits and 14 partitioning cache hits
The partitioning cache has 0 tilings in it right now
The inferral cache has 6 tilings in it right now
There are 5 tilings in the search tree
Time taken so far is 0.011603355407714844 seconds

Doing depth 2
We had 0 inferral cache hits and 81 partitioning cache hits
The partitioning cache has 4 tilings in it right now
The inferral cache has 14 tilings in it right now
There are 13 tilings in the search tree
Time taken so far is 0.07096362113952637 seconds

Doing depth 3
We had 2 inferral cache hits and 223 partitioning cache hits
The partitioning cache has 2 tilings in it right now
The inferral cache has 36 tilings in it right now
There are 27 tilings in the search tree
Time taken so far is 0.34084439277648926 seconds

Doing depth 4
We had 2 inferral cache hits and 311 partitioning cache hits
The partitioning cache has 0 tilings in it right now
The inferral cache has 52 tilings in it right now
There are 35 tilings in the search tree
Time taken so far is 1.1170361042022705 seconds

Doing depth 5
We had 4 inferral cache hits and 679 partitioning cache hits
The partitioning cache has 26 tilings in it right now
The inferral cache has 92 tilings in it right now
There are 69 tilings in the search tree
Time taken so far is 3.2317817211151123 seconds

Doing depth 6
We had 28 inferral cache hits and 1735 partitioning cache hits
The partitioning cache has 17 tilings in it right now
The inferral cache has 190 tilings in it right now
There are 134 tilings in the search tree
Time taken so far is 25.375638484954834 seconds

Doing depth 7
We had 28 inferral cache hits and 2728 partitioning cache hits
The partitioning cache has 8 tilings in it right now
The inferral cache has 361 tilings in it right now
There are 217 tilings in the search tree
Time taken so far is 102.07873058319092 seconds

Doing depth 8
We had 66 inferral cache hits and 7094 partitioning cache hits
The partitioning cache has 192 tilings in it right now
The inferral cache has 793 tilings in it right now
There are 613 tilings in the search tree
Time taken so far is 234.71496295928955 seconds

Now processing 1032_1302
Doing depth 1
We had 0 inferral cache hits and 14 partitioning cache hits
The partitioning cache has 0 tilings in it right now
The inferral cache has 4 tilings in it right now
There are 5 tilings in the search tree
Time taken so far is 0.01151728630065918 seconds

Doing depth 2
We had 0 inferral cache hits and 81 partitioning cache hits
The partitioning cache has 4 tilings in it right now
The inferral cache has 12 tilings in it right now
There are 13 tilings in the search tree
Time taken so far is 0.07450652122497559 seconds

Doing depth 3
We had 2 inferral cache hits and 223 partitioning cache hits
The partitioning cache has 2 tilings in it right now
The inferral cache has 26 tilings in it right now
There are 27 tilings in the search tree
Time taken so far is 0.4010798931121826 seconds

Doing depth 4
We had 2 inferral cache hits and 311 partitioning cache hits
The partitioning cache has 6 tilings in it right now
The inferral cache has 36 tilings in it right now
There are 35 tilings in the search tree
Time taken so far is 1.5395665168762207 seconds

Doing depth 5
We had 4 inferral cache hits and 725 partitioning cache hits
The partitioning cache has 24 tilings in it right now
The inferral cache has 84 tilings in it right now
There are 77 tilings in the search tree
Time taken so far is 4.715559244155884 seconds

Doing depth 6
We had 40 inferral cache hits and 1781 partitioning cache hits
The partitioning cache has 16 tilings in it right now
The inferral cache has 164 tilings in it right now
There are 156 tilings in the search tree
Time taken so far is 37.86477470397949 seconds

Doing depth 7
We had 40 inferral cache hits and 2723 partitioning cache hits
The partitioning cache has 52 tilings in it right now
The inferral cache has 274 tilings in it right now
There are 230 tilings in the search tree
Time taken so far is 161.20341324806213 seconds

Doing depth 8
We had 92 inferral cache hits and 7199 partitioning cache hits
The partitioning cache has 200 tilings in it right now
The inferral cache has 702 tilings in it right now
There are 624 tilings in the search tree
Time taken so far is 380.3518226146698 seconds

Now processing 1032_2301
Doing depth 1
We had 0 inferral cache hits and 14 partitioning cache hits
The partitioning cache has 0 tilings in it right now
The inferral cache has 4 tilings in it right now
There are 5 tilings in the search tree
Time taken so far is 0.011351346969604492 seconds

Doing depth 2
We had 0 inferral cache hits and 81 partitioning cache hits
The partitioning cache has 4 tilings in it right now
The inferral cache has 12 tilings in it right now
There are 13 tilings in the search tree
Time taken so far is 0.07513904571533203 seconds

Doing depth 3
We had 2 inferral cache hits and 223 partitioning cache hits
The partitioning cache has 2 tilings in it right now
The inferral cache has 26 tilings in it right now
There are 27 tilings in the search tree
Time taken so far is 0.4092526435852051 seconds

Doing depth 4
We had 2 inferral cache hits and 311 partitioning cache hits
The partitioning cache has 0 tilings in it right now
The inferral cache has 42 tilings in it right now
There are 35 tilings in the search tree
Time taken so far is 1.472170114517212 seconds

Doing depth 5
We had 2 inferral cache hits and 711 partitioning cache hits
The partitioning cache has 32 tilings in it right now
The inferral cache has 88 tilings in it right now
There are 73 tilings in the search tree
Time taken so far is 3.8410656452178955 seconds

Doing depth 6
We had 43 inferral cache hits and 2271 partitioning cache hits
The partitioning cache has 50 tilings in it right now
The inferral cache has 214 tilings in it right now
There are 182 tilings in the search tree
Time taken so far is 24.791064977645874 seconds

Doing depth 7
We had 43 inferral cache hits and 3315 partitioning cache hits
The partitioning cache has 56 tilings in it right now
The inferral cache has 390 tilings in it right now
There are 266 tilings in the search tree
Time taken so far is 84.56036806106567 seconds

Doing depth 8
We had 93 inferral cache hits and 7351 partitioning cache hits
The partitioning cache has 214 tilings in it right now
The inferral cache has 742 tilings in it right now
There are 628 tilings in the search tree
Time taken so far is 168.27097868919373 seconds

