/users/home/henningu/ATRAP/non-regular-insertion-encodable-bases/logs_length2
Now processing 0123_0132
Doing depth 1
We had 0 inferral cache hits and 0 partitioning cache hits
The partitioning cache has 0 tilings in it right now
The inferral cache has 10 tilings in it right now
There are 7 tilings in the search tree
Time taken so far is 0.049887895584106445 seconds

Doing depth 2
We had 4 inferral cache hits and 186 partitioning cache hits
The partitioning cache has 8 tilings in it right now
The inferral cache has 86 tilings in it right now
There are 50 tilings in the search tree
Time taken so far is 0.7766759395599365 seconds

Doing depth 3
We had 47 inferral cache hits and 5625 partitioning cache hits
The partitioning cache has 165 tilings in it right now
The inferral cache has 1272 tilings in it right now
There are 630 tilings in the search tree
Time taken so far is 19.656490564346313 seconds

Now processing 0123_0213
Doing depth 1
We had 0 inferral cache hits and 0 partitioning cache hits
The partitioning cache has 0 tilings in it right now
The inferral cache has 10 tilings in it right now
There are 7 tilings in the search tree
Time taken so far is 0.058624982833862305 seconds

Doing depth 2
We had 4 inferral cache hits and 190 partitioning cache hits
The partitioning cache has 8 tilings in it right now
The inferral cache has 86 tilings in it right now
There are 52 tilings in the search tree
Time taken so far is 0.8045411109924316 seconds

Doing depth 3
We had 48 inferral cache hits and 5817 partitioning cache hits
The partitioning cache has 162 tilings in it right now
The inferral cache has 1298 tilings in it right now
There are 650 tilings in the search tree
Time taken so far is 20.42839813232422 seconds

Now processing 0123_0231
Doing depth 1
We had 0 inferral cache hits and 0 partitioning cache hits
The partitioning cache has 0 tilings in it right now
The inferral cache has 10 tilings in it right now
There are 7 tilings in the search tree
Time taken so far is 0.041409969329833984 seconds

Doing depth 2
We had 4 inferral cache hits and 186 partitioning cache hits
The partitioning cache has 8 tilings in it right now
The inferral cache has 91 tilings in it right now
There are 50 tilings in the search tree
Time taken so far is 0.7067830562591553 seconds

Doing depth 3
We had 48 inferral cache hits and 5685 partitioning cache hits
The partitioning cache has 166 tilings in it right now
The inferral cache has 1365 tilings in it right now
There are 632 tilings in the search tree
Time taken so far is 19.51778769493103 seconds

Now processing 0123_1230
Doing depth 1
We had 0 inferral cache hits and 0 partitioning cache hits
The partitioning cache has 0 tilings in it right now
The inferral cache has 10 tilings in it right now
There are 7 tilings in the search tree
Time taken so far is 0.04703092575073242 seconds

Doing depth 2
We had 5 inferral cache hits and 180 partitioning cache hits
The partitioning cache has 8 tilings in it right now
The inferral cache has 83 tilings in it right now
There are 50 tilings in the search tree
Time taken so far is 0.7403554916381836 seconds

Doing depth 3
We had 51 inferral cache hits and 5602 partitioning cache hits
The partitioning cache has 166 tilings in it right now
The inferral cache has 1268 tilings in it right now
There are 618 tilings in the search tree
Time taken so far is 18.724661350250244 seconds

Now processing 0123_2301
Doing depth 1
We had 0 inferral cache hits and 0 partitioning cache hits
The partitioning cache has 0 tilings in it right now
The inferral cache has 10 tilings in it right now
There are 7 tilings in the search tree
Time taken so far is 0.04321122169494629 seconds

Doing depth 2
We had 4 inferral cache hits and 180 partitioning cache hits
The partitioning cache has 8 tilings in it right now
The inferral cache has 86 tilings in it right now
There are 47 tilings in the search tree
Time taken so far is 0.7550845146179199 seconds

Doing depth 3
We had 47 inferral cache hits and 5452 partitioning cache hits
The partitioning cache has 175 tilings in it right now
The inferral cache has 1284 tilings in it right now
There are 611 tilings in the search tree
Time taken so far is 17.58491277694702 seconds

Now processing 0132_0213
Doing depth 1
We had 0 inferral cache hits and 0 partitioning cache hits
The partitioning cache has 0 tilings in it right now
The inferral cache has 10 tilings in it right now
There are 7 tilings in the search tree
Time taken so far is 0.04874134063720703 seconds

Doing depth 2
We had 4 inferral cache hits and 186 partitioning cache hits
The partitioning cache has 8 tilings in it right now
The inferral cache has 90 tilings in it right now
There are 50 tilings in the search tree
Time taken so far is 0.7480082511901855 seconds

Doing depth 3
We had 52 inferral cache hits and 5667 partitioning cache hits
The partitioning cache has 173 tilings in it right now
The inferral cache has 1362 tilings in it right now
There are 640 tilings in the search tree
Time taken so far is 20.5958149433136 seconds

Now processing 0132_0321
Doing depth 1
We had 0 inferral cache hits and 0 partitioning cache hits
The partitioning cache has 0 tilings in it right now
The inferral cache has 8 tilings in it right now
There are 7 tilings in the search tree
Time taken so far is 0.047386884689331055 seconds

Doing depth 2
We had 5 inferral cache hits and 182 partitioning cache hits
The partitioning cache has 12 tilings in it right now
The inferral cache has 81 tilings in it right now
There are 50 tilings in the search tree
Time taken so far is 0.6744301319122314 seconds

Doing depth 3
We had 53 inferral cache hits and 5408 partitioning cache hits
The partitioning cache has 202 tilings in it right now
The inferral cache has 1281 tilings in it right now
There are 628 tilings in the search tree
Time taken so far is 20.090818405151367 seconds

Now processing 0132_1023
Doing depth 1
We had 0 inferral cache hits and 0 partitioning cache hits
The partitioning cache has 0 tilings in it right now
The inferral cache has 10 tilings in it right now
There are 7 tilings in the search tree
Time taken so far is 0.038249969482421875 seconds

Doing depth 2
We had 4 inferral cache hits and 180 partitioning cache hits
The partitioning cache has 8 tilings in it right now
The inferral cache has 86 tilings in it right now
There are 47 tilings in the search tree
Time taken so far is 0.7274010181427002 seconds

Doing depth 3
We had 47 inferral cache hits and 5454 partitioning cache hits
The partitioning cache has 149 tilings in it right now
The inferral cache has 1384 tilings in it right now
There are 624 tilings in the search tree
Time taken so far is 19.235669374465942 seconds

Now processing 0132_1032
Doing depth 1
We had 0 inferral cache hits and 0 partitioning cache hits
The partitioning cache has 0 tilings in it right now
The inferral cache has 8 tilings in it right now
There are 7 tilings in the search tree
Time taken so far is 0.033974409103393555 seconds

Doing depth 2
We had 5 inferral cache hits and 176 partitioning cache hits
The partitioning cache has 8 tilings in it right now
The inferral cache has 87 tilings in it right now
There are 47 tilings in the search tree
Time taken so far is 0.7422945499420166 seconds

Doing depth 3
We had 49 inferral cache hits and 5544 partitioning cache hits
The partitioning cache has 187 tilings in it right now
The inferral cache has 1249 tilings in it right now
There are 624 tilings in the search tree
Time taken so far is 19.513644218444824 seconds

Now processing 0132_1203
Doing depth 1
We had 0 inferral cache hits and 0 partitioning cache hits
The partitioning cache has 0 tilings in it right now
The inferral cache has 10 tilings in it right now
There are 7 tilings in the search tree
Time taken so far is 0.04050278663635254 seconds

Doing depth 2
We had 4 inferral cache hits and 180 partitioning cache hits
The partitioning cache has 8 tilings in it right now
The inferral cache has 95 tilings in it right now
There are 47 tilings in the search tree
Time taken so far is 0.7388756275177002 seconds

Doing depth 3
We had 46 inferral cache hits and 5557 partitioning cache hits
The partitioning cache has 174 tilings in it right now
The inferral cache has 1437 tilings in it right now
There are 631 tilings in the search tree
Time taken so far is 20.97783136367798 seconds

Now processing 0132_1230
Doing depth 1
We had 0 inferral cache hits and 0 partitioning cache hits
The partitioning cache has 0 tilings in it right now
The inferral cache has 9 tilings in it right now
There are 7 tilings in the search tree
Time taken so far is 0.04468107223510742 seconds

Doing depth 2
We had 4 inferral cache hits and 182 partitioning cache hits
The partitioning cache has 8 tilings in it right now
The inferral cache has 86 tilings in it right now
There are 49 tilings in the search tree
Time taken so far is 0.7796275615692139 seconds

Doing depth 3
We had 48 inferral cache hits and 5484 partitioning cache hits
The partitioning cache has 167 tilings in it right now
The inferral cache has 1317 tilings in it right now
There are 621 tilings in the search tree
Time taken so far is 18.747669458389282 seconds

Now processing 0132_1320
Doing depth 1
We had 0 inferral cache hits and 0 partitioning cache hits
The partitioning cache has 0 tilings in it right now
The inferral cache has 9 tilings in it right now
There are 7 tilings in the search tree
Time taken so far is 0.04592704772949219 seconds

Doing depth 2
We had 4 inferral cache hits and 182 partitioning cache hits
The partitioning cache has 12 tilings in it right now
The inferral cache has 85 tilings in it right now
There are 49 tilings in the search tree
Time taken so far is 0.766373872756958 seconds

Doing depth 3
We had 46 inferral cache hits and 5459 partitioning cache hits
The partitioning cache has 192 tilings in it right now
The inferral cache has 1382 tilings in it right now
There are 632 tilings in the search tree
Time taken so far is 19.186221837997437 seconds

Now processing 0132_2301
Doing depth 1
We had 0 inferral cache hits and 0 partitioning cache hits
The partitioning cache has 0 tilings in it right now
The inferral cache has 8 tilings in it right now
There are 7 tilings in the search tree
Time taken so far is 0.03657984733581543 seconds

Doing depth 2
We had 5 inferral cache hits and 176 partitioning cache hits
The partitioning cache has 10 tilings in it right now
The inferral cache has 83 tilings in it right now
There are 47 tilings in the search tree
Time taken so far is 0.6120204925537109 seconds

Doing depth 3
We had 50 inferral cache hits and 5246 partitioning cache hits
The partitioning cache has 167 tilings in it right now
The inferral cache has 1392 tilings in it right now
There are 617 tilings in the search tree
Time taken so far is 18.825819969177246 seconds

Now processing 0132_3120
Doing depth 1
We had 0 inferral cache hits and 0 partitioning cache hits
The partitioning cache has 0 tilings in it right now
The inferral cache has 10 tilings in it right now
There are 7 tilings in the search tree
Time taken so far is 0.05062675476074219 seconds

Doing depth 2
We had 4 inferral cache hits and 186 partitioning cache hits
The partitioning cache has 8 tilings in it right now
The inferral cache has 90 tilings in it right now
There are 50 tilings in the search tree
Time taken so far is 0.7654454708099365 seconds

Doing depth 3
We had 50 inferral cache hits and 5528 partitioning cache hits
The partitioning cache has 160 tilings in it right now
The inferral cache has 1478 tilings in it right now
There are 642 tilings in the search tree
Time taken so far is 19.490190267562866 seconds

Now processing 0213_0321
Doing depth 1
We had 0 inferral cache hits and 0 partitioning cache hits
The partitioning cache has 0 tilings in it right now
The inferral cache has 10 tilings in it right now
There are 7 tilings in the search tree
Time taken so far is 0.03925323486328125 seconds

Doing depth 2
We had 4 inferral cache hits and 186 partitioning cache hits
The partitioning cache has 8 tilings in it right now
The inferral cache has 88 tilings in it right now
There are 50 tilings in the search tree
Time taken so far is 0.8408212661743164 seconds

Doing depth 3
We had 52 inferral cache hits and 5571 partitioning cache hits
The partitioning cache has 181 tilings in it right now
The inferral cache has 1349 tilings in it right now
There are 636 tilings in the search tree
Time taken so far is 19.195677757263184 seconds

Now processing 0213_1230
Doing depth 1
We had 0 inferral cache hits and 0 partitioning cache hits
The partitioning cache has 0 tilings in it right now
The inferral cache has 10 tilings in it right now
There are 7 tilings in the search tree
Time taken so far is 0.0410916805267334 seconds

Doing depth 2
We had 4 inferral cache hits and 184 partitioning cache hits
The partitioning cache has 8 tilings in it right now
The inferral cache has 86 tilings in it right now
There are 50 tilings in the search tree
Time taken so far is 0.7330658435821533 seconds

Doing depth 3
We had 48 inferral cache hits and 5634 partitioning cache hits
The partitioning cache has 172 tilings in it right now
The inferral cache has 1346 tilings in it right now
There are 634 tilings in the search tree
Time taken so far is 20.64677929878235 seconds

Now processing 0213_1320
Doing depth 1
We had 0 inferral cache hits and 0 partitioning cache hits
The partitioning cache has 0 tilings in it right now
The inferral cache has 10 tilings in it right now
There are 7 tilings in the search tree
Time taken so far is 0.04583406448364258 seconds

Doing depth 2
We had 4 inferral cache hits and 184 partitioning cache hits
The partitioning cache has 10 tilings in it right now
The inferral cache has 90 tilings in it right now
There are 50 tilings in the search tree
Time taken so far is 0.7262136936187744 seconds

Doing depth 3
We had 48 inferral cache hits and 5702 partitioning cache hits
The partitioning cache has 189 tilings in it right now
The inferral cache has 1435 tilings in it right now
There are 650 tilings in the search tree
Time taken so far is 20.94698143005371 seconds

Now processing 0213_2301
Doing depth 1
We had 0 inferral cache hits and 0 partitioning cache hits
The partitioning cache has 0 tilings in it right now
The inferral cache has 10 tilings in it right now
There are 7 tilings in the search tree
Time taken so far is 0.04298138618469238 seconds

Doing depth 2
We had 4 inferral cache hits and 180 partitioning cache hits
The partitioning cache has 8 tilings in it right now
The inferral cache has 90 tilings in it right now
There are 47 tilings in the search tree
Time taken so far is 0.8330094814300537 seconds

Doing depth 3
We had 46 inferral cache hits and 5424 partitioning cache hits
The partitioning cache has 184 tilings in it right now
The inferral cache has 1380 tilings in it right now
There are 627 tilings in the search tree
Time taken so far is 18.11041760444641 seconds

Now processing 0213_3120
Doing depth 1
We had 0 inferral cache hits and 0 partitioning cache hits
The partitioning cache has 0 tilings in it right now
The inferral cache has 10 tilings in it right now
There are 7 tilings in the search tree
Time taken so far is 0.05092740058898926 seconds

Doing depth 2
We had 4 inferral cache hits and 190 partitioning cache hits
The partitioning cache has 8 tilings in it right now
The inferral cache has 90 tilings in it right now
There are 52 tilings in the search tree
Time taken so far is 0.7930748462677002 seconds

Doing depth 3
We had 52 inferral cache hits and 5708 partitioning cache hits
The partitioning cache has 180 tilings in it right now
The inferral cache has 1478 tilings in it right now
There are 656 tilings in the search tree
Time taken so far is 21.25905966758728 seconds

Now processing 0231_0312
Doing depth 1
We had 0 inferral cache hits and 0 partitioning cache hits
The partitioning cache has 0 tilings in it right now
The inferral cache has 8 tilings in it right now
There are 7 tilings in the search tree
Time taken so far is 0.04787445068359375 seconds

Doing depth 2
We had 5 inferral cache hits and 182 partitioning cache hits
The partitioning cache has 12 tilings in it right now
The inferral cache has 87 tilings in it right now
There are 50 tilings in the search tree
Time taken so far is 0.7603898048400879 seconds

Doing depth 3
We had 52 inferral cache hits and 5629 partitioning cache hits
The partitioning cache has 227 tilings in it right now
The inferral cache has 1356 tilings in it right now
There are 640 tilings in the search tree
Time taken so far is 20.31633734703064 seconds

Now processing 0231_0321
Doing depth 1
We had 0 inferral cache hits and 0 partitioning cache hits
The partitioning cache has 0 tilings in it right now
The inferral cache has 8 tilings in it right now
There are 7 tilings in the search tree
Time taken so far is 0.04848456382751465 seconds

Doing depth 2
We had 5 inferral cache hits and 182 partitioning cache hits
The partitioning cache has 12 tilings in it right now
The inferral cache has 82 tilings in it right now
There are 50 tilings in the search tree
Time taken so far is 0.8044419288635254 seconds

Doing depth 3
We had 50 inferral cache hits and 5668 partitioning cache hits
The partitioning cache has 212 tilings in it right now
The inferral cache has 1286 tilings in it right now
There are 639 tilings in the search tree
Time taken so far is 19.785369396209717 seconds

Now processing 0231_1203
Doing depth 1
We had 0 inferral cache hits and 0 partitioning cache hits
The partitioning cache has 0 tilings in it right now
The inferral cache has 10 tilings in it right now
There are 7 tilings in the search tree
Time taken so far is 0.039418935775756836 seconds

Doing depth 2
We had 4 inferral cache hits and 180 partitioning cache hits
The partitioning cache has 8 tilings in it right now
The inferral cache has 98 tilings in it right now
There are 47 tilings in the search tree
Time taken so far is 0.752882719039917 seconds

Doing depth 3
We had 46 inferral cache hits and 5536 partitioning cache hits
The partitioning cache has 168 tilings in it right now
The inferral cache has 1459 tilings in it right now
There are 635 tilings in the search tree
Time taken so far is 21.567117929458618 seconds

Now processing 0231_1230
Doing depth 1
We had 0 inferral cache hits and 0 partitioning cache hits
The partitioning cache has 0 tilings in it right now
The inferral cache has 9 tilings in it right now
There are 7 tilings in the search tree
Time taken so far is 0.04747128486633301 seconds

Doing depth 2
We had 4 inferral cache hits and 182 partitioning cache hits
The partitioning cache has 9 tilings in it right now
The inferral cache has 87 tilings in it right now
There are 49 tilings in the search tree
Time taken so far is 0.7696797847747803 seconds

Doing depth 3
We had 47 inferral cache hits and 5644 partitioning cache hits
The partitioning cache has 182 tilings in it right now
The inferral cache has 1281 tilings in it right now
There are 623 tilings in the search tree
Time taken so far is 19.440361738204956 seconds

Now processing 0231_2013
Doing depth 1
We had 0 inferral cache hits and 0 partitioning cache hits
The partitioning cache has 0 tilings in it right now
The inferral cache has 10 tilings in it right now
There are 7 tilings in the search tree
Time taken so far is 0.04257941246032715 seconds

Doing depth 2
We had 4 inferral cache hits and 180 partitioning cache hits
The partitioning cache has 8 tilings in it right now
The inferral cache has 98 tilings in it right now
There are 47 tilings in the search tree
Time taken so far is 0.7552249431610107 seconds

Doing depth 3
We had 46 inferral cache hits and 5535 partitioning cache hits
The partitioning cache has 162 tilings in it right now
The inferral cache has 1496 tilings in it right now
There are 641 tilings in the search tree
Time taken so far is 20.56347370147705 seconds

Now processing 0231_2031
Doing depth 1
We had 0 inferral cache hits and 0 partitioning cache hits
The partitioning cache has 0 tilings in it right now
The inferral cache has 8 tilings in it right now
There are 7 tilings in the search tree
Time taken so far is 0.03266549110412598 seconds

Doing depth 2
We had 5 inferral cache hits and 176 partitioning cache hits
The partitioning cache has 12 tilings in it right now
The inferral cache has 90 tilings in it right now
There are 47 tilings in the search tree
Time taken so far is 0.6577186584472656 seconds

Doing depth 3
We had 50 inferral cache hits and 5723 partitioning cache hits
The partitioning cache has 219 tilings in it right now
The inferral cache has 1322 tilings in it right now
There are 648 tilings in the search tree
Time taken so far is 22.661673307418823 seconds

Now processing 0231_2130
Doing depth 1
We had 0 inferral cache hits and 0 partitioning cache hits
The partitioning cache has 0 tilings in it right now
The inferral cache has 9 tilings in it right now
There are 7 tilings in the search tree
Time taken so far is 0.04447221755981445 seconds

Doing depth 2
We had 4 inferral cache hits and 182 partitioning cache hits
The partitioning cache has 9 tilings in it right now
The inferral cache has 93 tilings in it right now
There are 49 tilings in the search tree
Time taken so far is 0.762188196182251 seconds

Doing depth 3
We had 47 inferral cache hits and 5571 partitioning cache hits
The partitioning cache has 181 tilings in it right now
The inferral cache has 1444 tilings in it right now
There are 642 tilings in the search tree
Time taken so far is 19.842281103134155 seconds

Now processing 0231_2301
Doing depth 1
We had 0 inferral cache hits and 0 partitioning cache hits
The partitioning cache has 0 tilings in it right now
The inferral cache has 8 tilings in it right now
There are 7 tilings in the search tree
Time taken so far is 0.0402984619140625 seconds

Doing depth 2
We had 5 inferral cache hits and 176 partitioning cache hits
The partitioning cache has 10 tilings in it right now
The inferral cache has 84 tilings in it right now
There are 47 tilings in the search tree
Time taken so far is 0.7513229846954346 seconds

Doing depth 3
We had 51 inferral cache hits and 5360 partitioning cache hits
The partitioning cache has 198 tilings in it right now
The inferral cache has 1326 tilings in it right now
There are 622 tilings in the search tree
Time taken so far is 19.680907249450684 seconds

Now processing 0231_3012
Doing depth 1
We had 0 inferral cache hits and 0 partitioning cache hits
The partitioning cache has 0 tilings in it right now
The inferral cache has 9 tilings in it right now
There are 7 tilings in the search tree
Time taken so far is 0.04156970977783203 seconds

Doing depth 2
We had 4 inferral cache hits and 184 partitioning cache hits
The partitioning cache has 8 tilings in it right now
The inferral cache has 91 tilings in it right now
There are 49 tilings in the search tree
Time taken so far is 0.6685104370117188 seconds

Doing depth 3
We had 46 inferral cache hits and 5521 partitioning cache hits
The partitioning cache has 176 tilings in it right now
The inferral cache has 1415 tilings in it right now
There are 627 tilings in the search tree
Time taken so far is 19.967177152633667 seconds

Now processing 0321_1032
Doing depth 1
We had 0 inferral cache hits and 0 partitioning cache hits
The partitioning cache has 0 tilings in it right now
The inferral cache has 8 tilings in it right now
There are 7 tilings in the search tree
Time taken so far is 0.04196929931640625 seconds

Doing depth 2
We had 5 inferral cache hits and 176 partitioning cache hits
The partitioning cache has 8 tilings in it right now
The inferral cache has 85 tilings in it right now
There are 47 tilings in the search tree
Time taken so far is 0.8078861236572266 seconds

Doing depth 3
We had 46 inferral cache hits and 5316 partitioning cache hits
The partitioning cache has 193 tilings in it right now
The inferral cache has 1285 tilings in it right now
There are 611 tilings in the search tree
Time taken so far is 18.56514048576355 seconds

Now processing 0321_2103
Doing depth 1
We had 0 inferral cache hits and 0 partitioning cache hits
The partitioning cache has 0 tilings in it right now
The inferral cache has 10 tilings in it right now
There are 7 tilings in the search tree
Time taken so far is 0.036435842514038086 seconds

Doing depth 2
We had 4 inferral cache hits and 180 partitioning cache hits
The partitioning cache has 8 tilings in it right now
The inferral cache has 86 tilings in it right now
There are 47 tilings in the search tree
Time taken so far is 0.6669538021087646 seconds

Doing depth 3
We had 45 inferral cache hits and 5410 partitioning cache hits
The partitioning cache has 181 tilings in it right now
The inferral cache has 1272 tilings in it right now
There are 601 tilings in the search tree
Time taken so far is 19.027130126953125 seconds

Now processing 1032_1302
Doing depth 1
We had 0 inferral cache hits and 0 partitioning cache hits
The partitioning cache has 0 tilings in it right now
The inferral cache has 6 tilings in it right now
There are 7 tilings in the search tree
Time taken so far is 0.040282249450683594 seconds

Doing depth 2
We had 8 inferral cache hits and 164 partitioning cache hits
The partitioning cache has 14 tilings in it right now
The inferral cache has 78 tilings in it right now
There are 47 tilings in the search tree
Time taken so far is 0.6300616264343262 seconds

Doing depth 3
We had 56 inferral cache hits and 5474 partitioning cache hits
The partitioning cache has 270 tilings in it right now
The inferral cache has 1192 tilings in it right now
There are 619 tilings in the search tree
Time taken so far is 19.44560146331787 seconds

Now processing 1032_2301
Doing depth 1
We had 0 inferral cache hits and 0 partitioning cache hits
The partitioning cache has 0 tilings in it right now
The inferral cache has 6 tilings in it right now
There are 7 tilings in the search tree
Time taken so far is 0.03738284111022949 seconds

Doing depth 2
We had 8 inferral cache hits and 164 partitioning cache hits
The partitioning cache has 8 tilings in it right now
The inferral cache has 82 tilings in it right now
There are 47 tilings in the search tree
Time taken so far is 0.6189966201782227 seconds

Doing depth 3
We had 48 inferral cache hits and 5136 partitioning cache hits
The partitioning cache has 198 tilings in it right now
The inferral cache has 1318 tilings in it right now
There are 611 tilings in the search tree
Time taken so far is 18.51670813560486 seconds

