/users/home/henningu/ATRAP/non-regular-insertion-encodable-bases/logs_length2
Now processing 0123_0132
Doing depth 1
We had 0 inferral cache hits and 14 partitioning cache hits
The partitioning cache has 0 tilings in it right now
The inferral cache has 6 tilings in it right now
There are 5 tilings in the search tree
Time taken so far is 0.056601524353027344 seconds

Doing depth 2
We had 0 inferral cache hits and 81 partitioning cache hits
The partitioning cache has 4 tilings in it right now
The inferral cache has 14 tilings in it right now
There are 15 tilings in the search tree
Time taken so far is 0.17321109771728516 seconds

Doing depth 3
We had 2 inferral cache hits and 223 partitioning cache hits
The partitioning cache has 2 tilings in it right now
The inferral cache has 37 tilings in it right now
There are 31 tilings in the search tree
Time taken so far is 0.5143628120422363 seconds

Doing depth 4
We had 2 inferral cache hits and 311 partitioning cache hits
The partitioning cache has 0 tilings in it right now
The inferral cache has 53 tilings in it right now
There are 40 tilings in the search tree
Time taken so far is 1.1855521202087402 seconds

Doing depth 5
We had 4 inferral cache hits and 669 partitioning cache hits
The partitioning cache has 29 tilings in it right now
The inferral cache has 89 tilings in it right now
There are 78 tilings in the search tree
Time taken so far is 3.144890069961548 seconds

Doing depth 6
We had 36 inferral cache hits and 1713 partitioning cache hits
The partitioning cache has 19 tilings in it right now
The inferral cache has 168 tilings in it right now
There are 153 tilings in the search tree
Time taken so far is 18.00596594810486 seconds

Doing depth 7
We had 36 inferral cache hits and 2844 partitioning cache hits
The partitioning cache has 8 tilings in it right now
The inferral cache has 369 tilings in it right now
There are 261 tilings in the search tree
Time taken so far is 64.86876893043518 seconds

Doing depth 8
We had 67 inferral cache hits and 7181 partitioning cache hits
The partitioning cache has 236 tilings in it right now
The inferral cache has 742 tilings in it right now
There are 676 tilings in the search tree
Time taken so far is 174.0202877521515 seconds

Now processing 0123_0213
Doing depth 1
We had 0 inferral cache hits and 14 partitioning cache hits
The partitioning cache has 0 tilings in it right now
The inferral cache has 6 tilings in it right now
There are 5 tilings in the search tree
Time taken so far is 0.0268399715423584 seconds

Doing depth 2
We had 0 inferral cache hits and 81 partitioning cache hits
The partitioning cache has 4 tilings in it right now
The inferral cache has 14 tilings in it right now
There are 16 tilings in the search tree
Time taken so far is 0.12968158721923828 seconds

Doing depth 3
We had 2 inferral cache hits and 223 partitioning cache hits
The partitioning cache has 2 tilings in it right now
The inferral cache has 38 tilings in it right now
There are 34 tilings in the search tree
Time taken so far is 0.4523046016693115 seconds

Doing depth 4
We had 2 inferral cache hits and 311 partitioning cache hits
The partitioning cache has 0 tilings in it right now
The inferral cache has 54 tilings in it right now
There are 44 tilings in the search tree
Time taken so far is 1.0643486976623535 seconds

Doing depth 5
We had 4 inferral cache hits and 659 partitioning cache hits
The partitioning cache has 30 tilings in it right now
The inferral cache has 84 tilings in it right now
There are 82 tilings in the search tree
Time taken so far is 2.978344678878784 seconds

Doing depth 6
We had 36 inferral cache hits and 1667 partitioning cache hits
The partitioning cache has 20 tilings in it right now
The inferral cache has 150 tilings in it right now
There are 157 tilings in the search tree
Time taken so far is 17.361154317855835 seconds

Doing depth 7
We had 36 inferral cache hits and 2885 partitioning cache hits
The partitioning cache has 8 tilings in it right now
The inferral cache has 371 tilings in it right now
There are 280 tilings in the search tree
Time taken so far is 64.98452138900757 seconds

Doing depth 8
We had 60 inferral cache hits and 6927 partitioning cache hits
The partitioning cache has 256 tilings in it right now
The inferral cache has 661 tilings in it right now
There are 661 tilings in the search tree
Time taken so far is 175.8714165687561 seconds

Now processing 0123_0231
Doing depth 1
We had 0 inferral cache hits and 14 partitioning cache hits
The partitioning cache has 0 tilings in it right now
The inferral cache has 6 tilings in it right now
There are 5 tilings in the search tree
Time taken so far is 0.03728842735290527 seconds

Doing depth 2
We had 0 inferral cache hits and 81 partitioning cache hits
The partitioning cache has 4 tilings in it right now
The inferral cache has 14 tilings in it right now
There are 15 tilings in the search tree
Time taken so far is 0.1537618637084961 seconds

Doing depth 3
We had 2 inferral cache hits and 223 partitioning cache hits
The partitioning cache has 2 tilings in it right now
The inferral cache has 37 tilings in it right now
There are 31 tilings in the search tree
Time taken so far is 0.4923524856567383 seconds

Doing depth 4
We had 2 inferral cache hits and 311 partitioning cache hits
The partitioning cache has 0 tilings in it right now
The inferral cache has 53 tilings in it right now
There are 40 tilings in the search tree
Time taken so far is 1.1687054634094238 seconds

Doing depth 5
We had 4 inferral cache hits and 669 partitioning cache hits
The partitioning cache has 28 tilings in it right now
The inferral cache has 89 tilings in it right now
There are 75 tilings in the search tree
Time taken so far is 3.1823744773864746 seconds

Doing depth 6
We had 34 inferral cache hits and 1724 partitioning cache hits
The partitioning cache has 18 tilings in it right now
The inferral cache has 171 tilings in it right now
There are 148 tilings in the search tree
Time taken so far is 20.504732370376587 seconds

Doing depth 7
We had 34 inferral cache hits and 2854 partitioning cache hits
The partitioning cache has 12 tilings in it right now
The inferral cache has 366 tilings in it right now
There are 255 tilings in the search tree
Time taken so far is 76.60293340682983 seconds

Doing depth 8
We had 71 inferral cache hits and 7354 partitioning cache hits
The partitioning cache has 230 tilings in it right now
The inferral cache has 765 tilings in it right now
There are 655 tilings in the search tree
Time taken so far is 197.9205219745636 seconds

Now processing 0123_1230
Doing depth 1
We had 0 inferral cache hits and 14 partitioning cache hits
The partitioning cache has 0 tilings in it right now
The inferral cache has 6 tilings in it right now
There are 5 tilings in the search tree
Time taken so far is 0.022274017333984375 seconds

Doing depth 2
We had 0 inferral cache hits and 81 partitioning cache hits
The partitioning cache has 4 tilings in it right now
The inferral cache has 14 tilings in it right now
There are 15 tilings in the search tree
Time taken so far is 0.11915230751037598 seconds

Doing depth 3
We had 2 inferral cache hits and 223 partitioning cache hits
The partitioning cache has 2 tilings in it right now
The inferral cache has 36 tilings in it right now
There are 31 tilings in the search tree
Time taken so far is 0.44686365127563477 seconds

Doing depth 4
We had 2 inferral cache hits and 311 partitioning cache hits
The partitioning cache has 0 tilings in it right now
The inferral cache has 52 tilings in it right now
There are 40 tilings in the search tree
Time taken so far is 1.0791852474212646 seconds

Doing depth 5
We had 4 inferral cache hits and 669 partitioning cache hits
The partitioning cache has 28 tilings in it right now
The inferral cache has 88 tilings in it right now
There are 74 tilings in the search tree
Time taken so far is 3.074775457382202 seconds

Doing depth 6
We had 37 inferral cache hits and 1854 partitioning cache hits
The partitioning cache has 25 tilings in it right now
The inferral cache has 172 tilings in it right now
There are 158 tilings in the search tree
Time taken so far is 18.39656925201416 seconds

Doing depth 7
We had 37 inferral cache hits and 2948 partitioning cache hits
The partitioning cache has 17 tilings in it right now
The inferral cache has 361 tilings in it right now
There are 258 tilings in the search tree
Time taken so far is 65.92169690132141 seconds

Doing depth 8
We had 69 inferral cache hits and 7464 partitioning cache hits
The partitioning cache has 236 tilings in it right now
The inferral cache has 743 tilings in it right now
There are 666 tilings in the search tree
Time taken so far is 172.43590760231018 seconds

Now processing 0123_2301
Doing depth 1
We had 0 inferral cache hits and 14 partitioning cache hits
The partitioning cache has 0 tilings in it right now
The inferral cache has 6 tilings in it right now
There are 5 tilings in the search tree
Time taken so far is 0.01867818832397461 seconds

Doing depth 2
We had 0 inferral cache hits and 81 partitioning cache hits
The partitioning cache has 4 tilings in it right now
The inferral cache has 14 tilings in it right now
There are 13 tilings in the search tree
Time taken so far is 0.11142373085021973 seconds

Doing depth 3
We had 2 inferral cache hits and 223 partitioning cache hits
The partitioning cache has 2 tilings in it right now
The inferral cache has 36 tilings in it right now
There are 27 tilings in the search tree
Time taken so far is 0.4694674015045166 seconds

Doing depth 4
We had 2 inferral cache hits and 311 partitioning cache hits
The partitioning cache has 0 tilings in it right now
The inferral cache has 52 tilings in it right now
There are 35 tilings in the search tree
Time taken so far is 1.4192852973937988 seconds

Doing depth 5
We had 4 inferral cache hits and 679 partitioning cache hits
The partitioning cache has 26 tilings in it right now
The inferral cache has 92 tilings in it right now
There are 69 tilings in the search tree
Time taken so far is 3.762634515762329 seconds

Doing depth 6
We had 37 inferral cache hits and 1905 partitioning cache hits
The partitioning cache has 30 tilings in it right now
The inferral cache has 189 tilings in it right now
There are 154 tilings in the search tree
Time taken so far is 23.144535541534424 seconds

Doing depth 7
We had 78 inferral cache hits and 4279 partitioning cache hits
The partitioning cache has 56 tilings in it right now
The inferral cache has 515 tilings in it right now
There are 399 tilings in the search tree
Time taken so far is 89.55341529846191 seconds

Doing depth 8
We had 285 inferral cache hits and 12190 partitioning cache hits
The partitioning cache has 288 tilings in it right now
The inferral cache has 1239 tilings in it right now
There are 1126 tilings in the search tree
Time taken so far is 227.08970379829407 seconds

Now processing 0132_0213
Doing depth 1
We had 0 inferral cache hits and 14 partitioning cache hits
The partitioning cache has 0 tilings in it right now
The inferral cache has 6 tilings in it right now
There are 5 tilings in the search tree
Time taken so far is 0.0236666202545166 seconds

Doing depth 2
We had 0 inferral cache hits and 81 partitioning cache hits
The partitioning cache has 4 tilings in it right now
The inferral cache has 14 tilings in it right now
There are 15 tilings in the search tree
Time taken so far is 0.12245965003967285 seconds

Doing depth 3
We had 2 inferral cache hits and 223 partitioning cache hits
The partitioning cache has 2 tilings in it right now
The inferral cache has 38 tilings in it right now
There are 31 tilings in the search tree
Time taken so far is 0.4690673351287842 seconds

Doing depth 4
We had 2 inferral cache hits and 311 partitioning cache hits
The partitioning cache has 1 tilings in it right now
The inferral cache has 53 tilings in it right now
There are 40 tilings in the search tree
Time taken so far is 1.1207890510559082 seconds

Doing depth 5
We had 4 inferral cache hits and 670 partitioning cache hits
The partitioning cache has 29 tilings in it right now
The inferral cache has 90 tilings in it right now
There are 76 tilings in the search tree
Time taken so far is 3.251314401626587 seconds

Doing depth 6
We had 38 inferral cache hits and 1702 partitioning cache hits
The partitioning cache has 19 tilings in it right now
The inferral cache has 175 tilings in it right now
There are 146 tilings in the search tree
Time taken so far is 21.37357187271118 seconds

Doing depth 7
We had 38 inferral cache hits and 2815 partitioning cache hits
The partitioning cache has 15 tilings in it right now
The inferral cache has 357 tilings in it right now
There are 247 tilings in the search tree
Time taken so far is 83.21360850334167 seconds

Doing depth 8
We had 67 inferral cache hits and 7211 partitioning cache hits
The partitioning cache has 247 tilings in it right now
The inferral cache has 767 tilings in it right now
There are 665 tilings in the search tree
Time taken so far is 217.30932664871216 seconds

Now processing 0132_0231
Doing depth 1
We had 0 inferral cache hits and 14 partitioning cache hits
The partitioning cache has 0 tilings in it right now
The inferral cache has 5 tilings in it right now
There are 5 tilings in the search tree
Time taken so far is 0.03533482551574707 seconds

Doing depth 2
We had 0 inferral cache hits and 81 partitioning cache hits
The partitioning cache has 4 tilings in it right now
The inferral cache has 13 tilings in it right now
There are 15 tilings in the search tree
Time taken so far is 0.14759469032287598 seconds

Doing depth 3
We had 2 inferral cache hits and 223 partitioning cache hits
The partitioning cache has 2 tilings in it right now
The inferral cache has 34 tilings in it right now
There are 31 tilings in the search tree
Time taken so far is 0.4791748523712158 seconds

Doing depth 4
We had 2 inferral cache hits and 311 partitioning cache hits
The partitioning cache has 2 tilings in it right now
The inferral cache has 48 tilings in it right now
There are 40 tilings in the search tree
Time taken so far is 1.2572193145751953 seconds

Doing depth 5
We had 4 inferral cache hits and 681 partitioning cache hits
The partitioning cache has 28 tilings in it right now
The inferral cache has 84 tilings in it right now
There are 77 tilings in the search tree
Time taken so far is 3.4768316745758057 seconds

Doing depth 6
We had 36 inferral cache hits and 1761 partitioning cache hits
The partitioning cache has 18 tilings in it right now
The inferral cache has 173 tilings in it right now
There are 153 tilings in the search tree
Time taken so far is 24.821532487869263 seconds

Doing depth 7
We had 36 inferral cache hits and 2829 partitioning cache hits
The partitioning cache has 23 tilings in it right now
The inferral cache has 338 tilings in it right now
There are 249 tilings in the search tree
Time taken so far is 101.30769610404968 seconds

Doing depth 8
We had 77 inferral cache hits and 7253 partitioning cache hits
The partitioning cache has 245 tilings in it right now
The inferral cache has 736 tilings in it right now
There are 650 tilings in the search tree
Time taken so far is 253.23552536964417 seconds

Now processing 0132_0321
Doing depth 1
We had 0 inferral cache hits and 14 partitioning cache hits
The partitioning cache has 0 tilings in it right now
The inferral cache has 5 tilings in it right now
There are 5 tilings in the search tree
Time taken so far is 0.022435903549194336 seconds

Doing depth 2
We had 0 inferral cache hits and 81 partitioning cache hits
The partitioning cache has 4 tilings in it right now
The inferral cache has 13 tilings in it right now
There are 15 tilings in the search tree
Time taken so far is 0.1218564510345459 seconds

Doing depth 3
We had 2 inferral cache hits and 223 partitioning cache hits
The partitioning cache has 2 tilings in it right now
The inferral cache has 33 tilings in it right now
There are 31 tilings in the search tree
Time taken so far is 0.50136399269104 seconds

Doing depth 4
We had 2 inferral cache hits and 311 partitioning cache hits
The partitioning cache has 2 tilings in it right now
The inferral cache has 47 tilings in it right now
There are 40 tilings in the search tree
Time taken so far is 1.2994012832641602 seconds

Doing depth 5
We had 3 inferral cache hits and 687 partitioning cache hits
The partitioning cache has 28 tilings in it right now
The inferral cache has 84 tilings in it right now
There are 78 tilings in the search tree
Time taken so far is 3.5313265323638916 seconds

Doing depth 6
We had 37 inferral cache hits and 1756 partitioning cache hits
The partitioning cache has 18 tilings in it right now
The inferral cache has 160 tilings in it right now
There are 156 tilings in the search tree
Time taken so far is 23.15052890777588 seconds

Doing depth 7
We had 37 inferral cache hits and 2812 partitioning cache hits
The partitioning cache has 30 tilings in it right now
The inferral cache has 321 tilings in it right now
There are 252 tilings in the search tree
Time taken so far is 92.16887664794922 seconds

Doing depth 8
We had 75 inferral cache hits and 7171 partitioning cache hits
The partitioning cache has 232 tilings in it right now
The inferral cache has 686 tilings in it right now
There are 643 tilings in the search tree
Time taken so far is 220.42760848999023 seconds

Now processing 0132_1023
Doing depth 1
We had 0 inferral cache hits and 14 partitioning cache hits
The partitioning cache has 0 tilings in it right now
The inferral cache has 6 tilings in it right now
There are 5 tilings in the search tree
Time taken so far is 0.02078866958618164 seconds

Doing depth 2
We had 0 inferral cache hits and 81 partitioning cache hits
The partitioning cache has 4 tilings in it right now
The inferral cache has 14 tilings in it right now
There are 13 tilings in the search tree
Time taken so far is 0.11350059509277344 seconds

Doing depth 3
We had 2 inferral cache hits and 223 partitioning cache hits
The partitioning cache has 2 tilings in it right now
The inferral cache has 38 tilings in it right now
There are 27 tilings in the search tree
Time taken so far is 0.4681093692779541 seconds

Doing depth 4
We had 2 inferral cache hits and 311 partitioning cache hits
The partitioning cache has 0 tilings in it right now
The inferral cache has 54 tilings in it right now
There are 35 tilings in the search tree
Time taken so far is 1.2933540344238281 seconds

Doing depth 5
We had 4 inferral cache hits and 823 partitioning cache hits
The partitioning cache has 26 tilings in it right now
The inferral cache has 156 tilings in it right now
There are 88 tilings in the search tree
Time taken so far is 4.8118979930877686 seconds

Doing depth 6
We had 30 inferral cache hits and 2095 partitioning cache hits
The partitioning cache has 17 tilings in it right now
The inferral cache has 331 tilings in it right now
There are 168 tilings in the search tree
Time taken so far is 24.364758729934692 seconds

Doing depth 7
We had 30 inferral cache hits and 3451 partitioning cache hits
The partitioning cache has 10 tilings in it right now
The inferral cache has 651 tilings in it right now
There are 296 tilings in the search tree
Time taken so far is 76.13475441932678 seconds

Doing depth 8
We had 55 inferral cache hits and 8373 partitioning cache hits
The partitioning cache has 215 tilings in it right now
The inferral cache has 1331 tilings in it right now
There are 774 tilings in the search tree
Time taken so far is 182.8409972190857 seconds

Now processing 0132_1032
Doing depth 1
We had 0 inferral cache hits and 14 partitioning cache hits
The partitioning cache has 0 tilings in it right now
The inferral cache has 5 tilings in it right now
There are 5 tilings in the search tree
Time taken so far is 0.021382570266723633 seconds

Doing depth 2
We had 0 inferral cache hits and 81 partitioning cache hits
The partitioning cache has 4 tilings in it right now
The inferral cache has 13 tilings in it right now
There are 13 tilings in the search tree
Time taken so far is 0.11611652374267578 seconds

Doing depth 3
We had 2 inferral cache hits and 223 partitioning cache hits
The partitioning cache has 2 tilings in it right now
The inferral cache has 32 tilings in it right now
There are 27 tilings in the search tree
Time taken so far is 0.49655604362487793 seconds

Doing depth 4
We had 2 inferral cache hits and 321 partitioning cache hits
The partitioning cache has 2 tilings in it right now
The inferral cache has 51 tilings in it right now
There are 37 tilings in the search tree
Time taken so far is 1.4186615943908691 seconds

Doing depth 5
We had 4 inferral cache hits and 883 partitioning cache hits
The partitioning cache has 39 tilings in it right now
The inferral cache has 116 tilings in it right now
There are 109 tilings in the search tree
Time taken so far is 4.126255512237549 seconds

Doing depth 6
We had 33 inferral cache hits and 2011 partitioning cache hits
The partitioning cache has 38 tilings in it right now
The inferral cache has 204 tilings in it right now
There are 197 tilings in the search tree
Time taken so far is 22.451026439666748 seconds

Doing depth 7
We had 66 inferral cache hits and 4962 partitioning cache hits
The partitioning cache has 101 tilings in it right now
The inferral cache has 639 tilings in it right now
There are 546 tilings in the search tree
Time taken so far is 102.21242594718933 seconds

Doing depth 8
We had 462 inferral cache hits and 20439 partitioning cache hits
The partitioning cache has 551 tilings in it right now
The inferral cache has 2348 tilings in it right now
There are 2879 tilings in the search tree
Time taken so far is 2216.4856448173523 seconds

Now processing 0132_1203
Doing depth 1
We had 0 inferral cache hits and 14 partitioning cache hits
The partitioning cache has 0 tilings in it right now
The inferral cache has 6 tilings in it right now
There are 5 tilings in the search tree
Time taken so far is 0.018323183059692383 seconds

Doing depth 2
We had 0 inferral cache hits and 81 partitioning cache hits
The partitioning cache has 4 tilings in it right now
The inferral cache has 14 tilings in it right now
There are 13 tilings in the search tree
Time taken so far is 0.11127233505249023 seconds

Doing depth 3
We had 2 inferral cache hits and 223 partitioning cache hits
The partitioning cache has 2 tilings in it right now
The inferral cache has 38 tilings in it right now
There are 27 tilings in the search tree
Time taken so far is 0.4675781726837158 seconds

Doing depth 4
We had 2 inferral cache hits and 311 partitioning cache hits
The partitioning cache has 0 tilings in it right now
The inferral cache has 56 tilings in it right now
There are 35 tilings in the search tree
Time taken so far is 1.2152843475341797 seconds

Doing depth 5
We had 4 inferral cache hits and 713 partitioning cache hits
The partitioning cache has 28 tilings in it right now
The inferral cache has 113 tilings in it right now
There are 77 tilings in the search tree
Time taken so far is 3.4710326194763184 seconds

Doing depth 6
We had 43 inferral cache hits and 2368 partitioning cache hits
The partitioning cache has 46 tilings in it right now
The inferral cache has 338 tilings in it right now
There are 219 tilings in the search tree
Time taken so far is 23.66810131072998 seconds

Doing depth 7
We had 219 inferral cache hits and 9229 partitioning cache hits
The partitioning cache has 208 tilings in it right now
The inferral cache has 1521 tilings in it right now
There are 1102 tilings in the search tree
Time taken so far is 122.74427628517151 seconds

Doing depth 8
We had 1480 inferral cache hits and 44032 partitioning cache hits
The partitioning cache has 1233 tilings in it right now
The inferral cache has 6397 tilings in it right now
There are 5559 tilings in the search tree
Time taken so far is 2650.0149660110474 seconds

Now processing 0132_1230
Doing depth 1
We had 0 inferral cache hits and 14 partitioning cache hits
The partitioning cache has 0 tilings in it right now
The inferral cache has 6 tilings in it right now
There are 5 tilings in the search tree
Time taken so far is 0.029767751693725586 seconds

Doing depth 2
We had 0 inferral cache hits and 81 partitioning cache hits
The partitioning cache has 4 tilings in it right now
The inferral cache has 14 tilings in it right now
There are 13 tilings in the search tree
Time taken so far is 0.19790434837341309 seconds

Doing depth 3
We had 2 inferral cache hits and 223 partitioning cache hits
The partitioning cache has 2 tilings in it right now
The inferral cache has 37 tilings in it right now
There are 27 tilings in the search tree
Time taken so far is 0.6501233577728271 seconds

Doing depth 4
We had 2 inferral cache hits and 311 partitioning cache hits
The partitioning cache has 0 tilings in it right now
The inferral cache has 53 tilings in it right now
There are 35 tilings in the search tree
Time taken so far is 1.6173279285430908 seconds

Doing depth 5
We had 4 inferral cache hits and 679 partitioning cache hits
The partitioning cache has 26 tilings in it right now
The inferral cache has 95 tilings in it right now
There are 72 tilings in the search tree
Time taken so far is 6.537585258483887 seconds

Doing depth 6
We had 31 inferral cache hits and 1753 partitioning cache hits
The partitioning cache has 16 tilings in it right now
The inferral cache has 197 tilings in it right now
There are 141 tilings in the search tree
Time taken so far is 34.36963486671448 seconds

Doing depth 7
We had 31 inferral cache hits and 2745 partitioning cache hits
The partitioning cache has 7 tilings in it right now
The inferral cache has 371 tilings in it right now
There are 226 tilings in the search tree
Time taken so far is 117.49636578559875 seconds

Doing depth 8
We had 63 inferral cache hits and 7312 partitioning cache hits
The partitioning cache has 218 tilings in it right now
The inferral cache has 837 tilings in it right now
There are 640 tilings in the search tree
Time taken so far is 290.9990587234497 seconds

Now processing 0132_1302
Doing depth 1
We had 0 inferral cache hits and 14 partitioning cache hits
The partitioning cache has 0 tilings in it right now
The inferral cache has 5 tilings in it right now
There are 5 tilings in the search tree
Time taken so far is 0.03482365608215332 seconds

Doing depth 2
We had 0 inferral cache hits and 81 partitioning cache hits
The partitioning cache has 4 tilings in it right now
The inferral cache has 13 tilings in it right now
There are 13 tilings in the search tree
Time taken so far is 0.20200276374816895 seconds

Doing depth 3
We had 2 inferral cache hits and 223 partitioning cache hits
The partitioning cache has 2 tilings in it right now
The inferral cache has 32 tilings in it right now
There are 27 tilings in the search tree
Time taken so far is 0.7253983020782471 seconds

Doing depth 4
We had 2 inferral cache hits and 321 partitioning cache hits
The partitioning cache has 3 tilings in it right now
The inferral cache has 50 tilings in it right now
There are 37 tilings in the search tree
Time taken so far is 1.8891823291778564 seconds

Doing depth 5
We had 4 inferral cache hits and 729 partitioning cache hits
The partitioning cache has 24 tilings in it right now
The inferral cache has 105 tilings in it right now
There are 78 tilings in the search tree
Time taken so far is 5.948659420013428 seconds

Doing depth 6
We had 47 inferral cache hits and 2134 partitioning cache hits
The partitioning cache has 23 tilings in it right now
The inferral cache has 279 tilings in it right now
There are 183 tilings in the search tree
Time taken so far is 44.0745632648468 seconds

Doing depth 7
We had 51 inferral cache hits and 3410 partitioning cache hits
The partitioning cache has 33 tilings in it right now
The inferral cache has 518 tilings in it right now
There are 304 tilings in the search tree
Time taken so far is 150.25876808166504 seconds

Doing depth 8
We had 112 inferral cache hits and 7664 partitioning cache hits
The partitioning cache has 187 tilings in it right now
The inferral cache has 1014 tilings in it right now
There are 697 tilings in the search tree
Time taken so far is 318.89094710350037 seconds

Now processing 0132_1320
Doing depth 1
We had 0 inferral cache hits and 14 partitioning cache hits
The partitioning cache has 0 tilings in it right now
The inferral cache has 6 tilings in it right now
There are 5 tilings in the search tree
Time taken so far is 0.015608072280883789 seconds

Doing depth 2
We had 0 inferral cache hits and 81 partitioning cache hits
The partitioning cache has 4 tilings in it right now
The inferral cache has 14 tilings in it right now
There are 13 tilings in the search tree
Time taken so far is 0.18190360069274902 seconds

Doing depth 3
We had 2 inferral cache hits and 223 partitioning cache hits
The partitioning cache has 2 tilings in it right now
The inferral cache has 36 tilings in it right now
There are 27 tilings in the search tree
Time taken so far is 0.7820029258728027 seconds

Doing depth 4
We had 2 inferral cache hits and 311 partitioning cache hits
The partitioning cache has 1 tilings in it right now
The inferral cache has 52 tilings in it right now
There are 35 tilings in the search tree
Time taken so far is 1.8612043857574463 seconds

Doing depth 5
We had 4 inferral cache hits and 692 partitioning cache hits
The partitioning cache has 26 tilings in it right now
The inferral cache has 97 tilings in it right now
There are 74 tilings in the search tree
Time taken so far is 5.410904884338379 seconds

Doing depth 6
We had 38 inferral cache hits and 2102 partitioning cache hits
The partitioning cache has 31 tilings in it right now
The inferral cache has 238 tilings in it right now
There are 183 tilings in the search tree
Time taken so far is 33.580541372299194 seconds

Doing depth 7
We had 97 inferral cache hits and 5913 partitioning cache hits
The partitioning cache has 95 tilings in it right now
The inferral cache has 800 tilings in it right now
There are 619 tilings in the search tree
Time taken so far is 133.7855842113495 seconds

Doing depth 8
We had 569 inferral cache hits and 24110 partitioning cache hits
The partitioning cache has 503 tilings in it right now
The inferral cache has 3009 tilings in it right now
There are 2970 tilings in the search tree
Time taken so far is 455.8117949962616 seconds

Now processing 0132_2301
Doing depth 1
We had 0 inferral cache hits and 14 partitioning cache hits
The partitioning cache has 0 tilings in it right now
The inferral cache has 5 tilings in it right now
There are 5 tilings in the search tree
Time taken so far is 0.03054952621459961 seconds

Doing depth 2
We had 0 inferral cache hits and 81 partitioning cache hits
The partitioning cache has 4 tilings in it right now
The inferral cache has 13 tilings in it right now
There are 13 tilings in the search tree
Time taken so far is 0.21571612358093262 seconds

Doing depth 3
We had 2 inferral cache hits and 223 partitioning cache hits
The partitioning cache has 2 tilings in it right now
The inferral cache has 32 tilings in it right now
There are 27 tilings in the search tree
Time taken so far is 1.0033609867095947 seconds

Doing depth 4
We had 2 inferral cache hits and 311 partitioning cache hits
The partitioning cache has 1 tilings in it right now
The inferral cache has 47 tilings in it right now
There are 35 tilings in the search tree
Time taken so far is 2.5273118019104004 seconds

Doing depth 5
We had 3 inferral cache hits and 696 partitioning cache hits
The partitioning cache has 24 tilings in it right now
The inferral cache has 95 tilings in it right now
There are 71 tilings in the search tree
Time taken so far is 6.457279920578003 seconds

Doing depth 6
We had 34 inferral cache hits and 2029 partitioning cache hits
The partitioning cache has 30 tilings in it right now
The inferral cache has 220 tilings in it right now
There are 162 tilings in the search tree
Time taken so far is 37.93169903755188 seconds

Doing depth 7
We had 34 inferral cache hits and 3020 partitioning cache hits
The partitioning cache has 35 tilings in it right now
The inferral cache has 388 tilings in it right now
There are 247 tilings in the search tree
Time taken so far is 123.22114133834839 seconds

Doing depth 8
We had 89 inferral cache hits and 7569 partitioning cache hits
The partitioning cache has 202 tilings in it right now
The inferral cache has 860 tilings in it right now
There are 648 tilings in the search tree
Time taken so far is 281.4898564815521 seconds

Now processing 0132_3120
Doing depth 1
We had 0 inferral cache hits and 14 partitioning cache hits
The partitioning cache has 0 tilings in it right now
The inferral cache has 6 tilings in it right now
There are 5 tilings in the search tree
Time taken so far is 0.032006263732910156 seconds

Doing depth 2
We had 0 inferral cache hits and 81 partitioning cache hits
The partitioning cache has 4 tilings in it right now
The inferral cache has 14 tilings in it right now
There are 15 tilings in the search tree
Time taken so far is 0.2092742919921875 seconds

Doing depth 3
We had 2 inferral cache hits and 223 partitioning cache hits
The partitioning cache has 2 tilings in it right now
The inferral cache has 38 tilings in it right now
There are 31 tilings in the search tree
Time taken so far is 0.7132234573364258 seconds

Doing depth 4
We had 2 inferral cache hits and 311 partitioning cache hits
The partitioning cache has 0 tilings in it right now
The inferral cache has 54 tilings in it right now
There are 40 tilings in the search tree
Time taken so far is 1.3862149715423584 seconds

Doing depth 5
We had 4 inferral cache hits and 669 partitioning cache hits
The partitioning cache has 26 tilings in it right now
The inferral cache has 92 tilings in it right now
There are 72 tilings in the search tree
Time taken so far is 4.4258880615234375 seconds

Doing depth 6
We had 34 inferral cache hits and 1761 partitioning cache hits
The partitioning cache has 21 tilings in it right now
The inferral cache has 190 tilings in it right now
There are 144 tilings in the search tree
Time taken so far is 27.1796817779541 seconds

Doing depth 7
We had 43 inferral cache hits and 3258 partitioning cache hits
The partitioning cache has 38 tilings in it right now
The inferral cache has 426 tilings in it right now
There are 312 tilings in the search tree
Time taken so far is 100.94315958023071 seconds

Doing depth 8
We had 149 inferral cache hits and 9949 partitioning cache hits
The partitioning cache has 303 tilings in it right now
The inferral cache has 1110 tilings in it right now
There are 998 tilings in the search tree
Time taken so far is 257.1695866584778 seconds

Now processing 0213_0231
Doing depth 1
We had 0 inferral cache hits and 14 partitioning cache hits
The partitioning cache has 0 tilings in it right now
The inferral cache has 6 tilings in it right now
There are 5 tilings in the search tree
Time taken so far is 0.03216147422790527 seconds

Doing depth 2
We had 0 inferral cache hits and 81 partitioning cache hits
The partitioning cache has 4 tilings in it right now
The inferral cache has 14 tilings in it right now
There are 15 tilings in the search tree
Time taken so far is 0.19361615180969238 seconds

Doing depth 3
We had 2 inferral cache hits and 223 partitioning cache hits
The partitioning cache has 2 tilings in it right now
The inferral cache has 35 tilings in it right now
There are 31 tilings in the search tree
Time taken so far is 0.5044698715209961 seconds

Doing depth 4
We had 2 inferral cache hits and 311 partitioning cache hits
The partitioning cache has 2 tilings in it right now
The inferral cache has 49 tilings in it right now
There are 40 tilings in the search tree
Time taken so far is 1.1944913864135742 seconds

Doing depth 5
We had 4 inferral cache hits and 671 partitioning cache hits
The partitioning cache has 26 tilings in it right now
The inferral cache has 86 tilings in it right now
There are 81 tilings in the search tree
Time taken so far is 4.427158832550049 seconds

Doing depth 6
We had 27 inferral cache hits and 1636 partitioning cache hits
The partitioning cache has 17 tilings in it right now
The inferral cache has 170 tilings in it right now
There are 148 tilings in the search tree
Time taken so far is 28.72844648361206 seconds

Doing depth 7
We had 27 inferral cache hits and 2853 partitioning cache hits
The partitioning cache has 51 tilings in it right now
The inferral cache has 326 tilings in it right now
There are 253 tilings in the search tree
Time taken so far is 112.45296812057495 seconds

Doing depth 8
We had 74 inferral cache hits and 7431 partitioning cache hits
The partitioning cache has 190 tilings in it right now
The inferral cache has 712 tilings in it right now
There are 648 tilings in the search tree
Time taken so far is 293.6526200771332 seconds

Now processing 0213_0321
Doing depth 1
We had 0 inferral cache hits and 14 partitioning cache hits
The partitioning cache has 0 tilings in it right now
The inferral cache has 6 tilings in it right now
There are 5 tilings in the search tree
Time taken so far is 0.03039240837097168 seconds

Doing depth 2
We had 0 inferral cache hits and 81 partitioning cache hits
The partitioning cache has 4 tilings in it right now
The inferral cache has 14 tilings in it right now
There are 15 tilings in the search tree
Time taken so far is 0.1995222568511963 seconds

Doing depth 3
We had 2 inferral cache hits and 223 partitioning cache hits
The partitioning cache has 2 tilings in it right now
The inferral cache has 37 tilings in it right now
There are 31 tilings in the search tree
Time taken so far is 0.518007755279541 seconds

Doing depth 4
We had 2 inferral cache hits and 311 partitioning cache hits
The partitioning cache has 1 tilings in it right now
The inferral cache has 52 tilings in it right now
There are 40 tilings in the search tree
Time taken so far is 1.4042847156524658 seconds

Doing depth 5
We had 4 inferral cache hits and 670 partitioning cache hits
The partitioning cache has 28 tilings in it right now
The inferral cache has 88 tilings in it right now
There are 75 tilings in the search tree
Time taken so far is 4.369895696640015 seconds

Doing depth 6
We had 34 inferral cache hits and 1725 partitioning cache hits
The partitioning cache has 18 tilings in it right now
The inferral cache has 170 tilings in it right now
There are 148 tilings in the search tree
Time taken so far is 30.041373252868652 seconds

Doing depth 7
We had 34 inferral cache hits and 2855 partitioning cache hits
The partitioning cache has 21 tilings in it right now
The inferral cache has 353 tilings in it right now
There are 254 tilings in the search tree
Time taken so far is 121.28421688079834 seconds

Doing depth 8
We had 64 inferral cache hits and 7301 partitioning cache hits
The partitioning cache has 236 tilings in it right now
The inferral cache has 756 tilings in it right now
There are 653 tilings in the search tree
Time taken so far is 294.4325850009918 seconds

Now processing 0213_1032
Doing depth 1
We had 0 inferral cache hits and 14 partitioning cache hits
The partitioning cache has 0 tilings in it right now
The inferral cache has 6 tilings in it right now
There are 5 tilings in the search tree
Time taken so far is 0.016709327697753906 seconds

Doing depth 2
We had 0 inferral cache hits and 81 partitioning cache hits
The partitioning cache has 4 tilings in it right now
The inferral cache has 14 tilings in it right now
There are 13 tilings in the search tree
Time taken so far is 0.20424222946166992 seconds

Doing depth 3
We had 2 inferral cache hits and 223 partitioning cache hits
The partitioning cache has 2 tilings in it right now
The inferral cache has 36 tilings in it right now
There are 27 tilings in the search tree
Time taken so far is 0.6789798736572266 seconds

Doing depth 4
We had 2 inferral cache hits and 311 partitioning cache hits
The partitioning cache has 2 tilings in it right now
The inferral cache has 50 tilings in it right now
There are 35 tilings in the search tree
Time taken so far is 1.726292610168457 seconds

Doing depth 5
We had 4 inferral cache hits and 681 partitioning cache hits
The partitioning cache has 26 tilings in it right now
The inferral cache has 92 tilings in it right now
There are 72 tilings in the search tree
Time taken so far is 4.921427488327026 seconds

Doing depth 6
We had 30 inferral cache hits and 1801 partitioning cache hits
The partitioning cache has 21 tilings in it right now
The inferral cache has 193 tilings in it right now
There are 152 tilings in the search tree
Time taken so far is 32.32519888877869 seconds

Doing depth 7
We had 51 inferral cache hits and 3823 partitioning cache hits
The partitioning cache has 65 tilings in it right now
The inferral cache has 481 tilings in it right now
There are 356 tilings in the search tree
Time taken so far is 108.25703382492065 seconds

Doing depth 8
We had 264 inferral cache hits and 13942 partitioning cache hits
The partitioning cache has 363 tilings in it right now
The inferral cache has 1569 tilings in it right now
There are 1415 tilings in the search tree
Time taken so far is 2408.9858360290527 seconds

Now processing 0213_1230
Doing depth 1
We had 0 inferral cache hits and 14 partitioning cache hits
The partitioning cache has 0 tilings in it right now
The inferral cache has 6 tilings in it right now
There are 5 tilings in the search tree
Time taken so far is 0.01814889907836914 seconds

Doing depth 2
We had 0 inferral cache hits and 81 partitioning cache hits
The partitioning cache has 4 tilings in it right now
The inferral cache has 14 tilings in it right now
There are 15 tilings in the search tree
Time taken so far is 0.20409107208251953 seconds

Doing depth 3
We had 2 inferral cache hits and 223 partitioning cache hits
The partitioning cache has 2 tilings in it right now
The inferral cache has 37 tilings in it right now
There are 31 tilings in the search tree
Time taken so far is 0.5393130779266357 seconds

Doing depth 4
We had 2 inferral cache hits and 311 partitioning cache hits
The partitioning cache has 1 tilings in it right now
The inferral cache has 52 tilings in it right now
There are 40 tilings in the search tree
Time taken so far is 1.2879579067230225 seconds

Doing depth 5
We had 4 inferral cache hits and 742 partitioning cache hits
The partitioning cache has 27 tilings in it right now
The inferral cache has 113 tilings in it right now
There are 82 tilings in the search tree
Time taken so far is 4.590505123138428 seconds

Doing depth 6
We had 61 inferral cache hits and 3248 partitioning cache hits
The partitioning cache has 54 tilings in it right now
The inferral cache has 469 tilings in it right now
There are 310 tilings in the search tree
Time taken so far is 28.936415672302246 seconds

Doing depth 7
We had 61 inferral cache hits and 4323 partitioning cache hits
The partitioning cache has 50 tilings in it right now
The inferral cache has 664 tilings in it right now
There are 410 tilings in the search tree
Time taken so far is 75.61976957321167 seconds

Doing depth 8
We had 110 inferral cache hits and 9841 partitioning cache hits
The partitioning cache has 275 tilings in it right now
The inferral cache has 1321 tilings in it right now
There are 948 tilings in the search tree
Time taken so far is 175.9613974094391 seconds

Now processing 0213_1302
Doing depth 1
We had 0 inferral cache hits and 14 partitioning cache hits
The partitioning cache has 0 tilings in it right now
The inferral cache has 6 tilings in it right now
There are 5 tilings in the search tree
Time taken so far is 0.020426273345947266 seconds

Doing depth 2
We had 0 inferral cache hits and 81 partitioning cache hits
The partitioning cache has 4 tilings in it right now
The inferral cache has 14 tilings in it right now
There are 13 tilings in the search tree
Time taken so far is 0.11240410804748535 seconds

Doing depth 3
We had 2 inferral cache hits and 223 partitioning cache hits
The partitioning cache has 2 tilings in it right now
The inferral cache has 36 tilings in it right now
There are 27 tilings in the search tree
Time taken so far is 0.46862125396728516 seconds

Doing depth 4
We had 2 inferral cache hits and 311 partitioning cache hits
The partitioning cache has 2 tilings in it right now
The inferral cache has 50 tilings in it right now
There are 35 tilings in the search tree
Time taken so far is 1.3272275924682617 seconds

Doing depth 5
We had 4 inferral cache hits and 845 partitioning cache hits
The partitioning cache has 24 tilings in it right now
The inferral cache has 142 tilings in it right now
There are 89 tilings in the search tree
Time taken so far is 4.953675270080566 seconds

Doing depth 6
We had 26 inferral cache hits and 2519 partitioning cache hits
The partitioning cache has 15 tilings in it right now
The inferral cache has 383 tilings in it right now
There are 194 tilings in the search tree
Time taken so far is 31.784740924835205 seconds

Doing depth 7
We had 26 inferral cache hits and 3584 partitioning cache hits
The partitioning cache has 22 tilings in it right now
The inferral cache has 563 tilings in it right now
There are 288 tilings in the search tree
Time taken so far is 91.6789071559906 seconds

Doing depth 8
We had 66 inferral cache hits and 8496 partitioning cache hits
The partitioning cache has 182 tilings in it right now
The inferral cache has 1217 tilings in it right now
There are 778 tilings in the search tree
Time taken so far is 231.1724455356598 seconds

Now processing 0213_1320
Doing depth 1
We had 0 inferral cache hits and 14 partitioning cache hits
The partitioning cache has 0 tilings in it right now
The inferral cache has 6 tilings in it right now
There are 5 tilings in the search tree
Time taken so far is 0.0226290225982666 seconds

Doing depth 2
We had 0 inferral cache hits and 81 partitioning cache hits
The partitioning cache has 4 tilings in it right now
The inferral cache has 14 tilings in it right now
There are 15 tilings in the search tree
Time taken so far is 0.11796927452087402 seconds

Doing depth 3
We had 2 inferral cache hits and 223 partitioning cache hits
The partitioning cache has 2 tilings in it right now
The inferral cache has 36 tilings in it right now
There are 31 tilings in the search tree
Time taken so far is 0.4462566375732422 seconds

Doing depth 4
We had 2 inferral cache hits and 311 partitioning cache hits
The partitioning cache has 2 tilings in it right now
The inferral cache has 50 tilings in it right now
There are 40 tilings in the search tree
Time taken so far is 1.0944385528564453 seconds

Doing depth 5
We had 4 inferral cache hits and 683 partitioning cache hits
The partitioning cache has 29 tilings in it right now
The inferral cache has 89 tilings in it right now
There are 77 tilings in the search tree
Time taken so far is 3.204464912414551 seconds

Doing depth 6
We had 41 inferral cache hits and 2040 partitioning cache hits
The partitioning cache has 31 tilings in it right now
The inferral cache has 209 tilings in it right now
There are 198 tilings in the search tree
Time taken so far is 21.490440607070923 seconds

Doing depth 7
We had 67 inferral cache hits and 4752 partitioning cache hits
The partitioning cache has 96 tilings in it right now
The inferral cache has 609 tilings in it right now
There are 541 tilings in the search tree
Time taken so far is 91.38401222229004 seconds

Doing depth 8
We had 416 inferral cache hits and 19509 partitioning cache hits
The partitioning cache has 546 tilings in it right now
The inferral cache has 2357 tilings in it right now
There are 2729 tilings in the search tree
Time taken so far is 292.3279585838318 seconds

Now processing 0213_2301
Doing depth 1
We had 0 inferral cache hits and 14 partitioning cache hits
The partitioning cache has 0 tilings in it right now
The inferral cache has 6 tilings in it right now
There are 5 tilings in the search tree
Time taken so far is 0.018199682235717773 seconds

Doing depth 2
We had 0 inferral cache hits and 81 partitioning cache hits
The partitioning cache has 4 tilings in it right now
The inferral cache has 14 tilings in it right now
There are 13 tilings in the search tree
Time taken so far is 0.1109614372253418 seconds

Doing depth 3
We had 2 inferral cache hits and 223 partitioning cache hits
The partitioning cache has 2 tilings in it right now
The inferral cache has 36 tilings in it right now
There are 27 tilings in the search tree
Time taken so far is 0.4700436592102051 seconds

Doing depth 4
We had 2 inferral cache hits and 311 partitioning cache hits
The partitioning cache has 0 tilings in it right now
The inferral cache has 52 tilings in it right now
There are 35 tilings in the search tree
Time taken so far is 1.4553990364074707 seconds

Doing depth 5
We had 4 inferral cache hits and 679 partitioning cache hits
The partitioning cache has 26 tilings in it right now
The inferral cache has 94 tilings in it right now
There are 69 tilings in the search tree
Time taken so far is 3.934143543243408 seconds

Doing depth 6
We had 30 inferral cache hits and 1723 partitioning cache hits
The partitioning cache has 19 tilings in it right now
The inferral cache has 173 tilings in it right now
There are 128 tilings in the search tree
Time taken so far is 24.204779624938965 seconds

Doing depth 7
We had 42 inferral cache hits and 3070 partitioning cache hits
The partitioning cache has 36 tilings in it right now
The inferral cache has 410 tilings in it right now
There are 253 tilings in the search tree
Time taken so far is 87.23141503334045 seconds

Doing depth 8
We had 355 inferral cache hits and 10755 partitioning cache hits
The partitioning cache has 289 tilings in it right now
The inferral cache has 1300 tilings in it right now
There are 1138 tilings in the search tree
Time taken so far is 218.0152509212494 seconds

Now processing 0213_3120
Doing depth 1
We had 0 inferral cache hits and 14 partitioning cache hits
The partitioning cache has 0 tilings in it right now
The inferral cache has 6 tilings in it right now
There are 5 tilings in the search tree
Time taken so far is 0.025171756744384766 seconds

Doing depth 2
We had 0 inferral cache hits and 81 partitioning cache hits
The partitioning cache has 4 tilings in it right now
The inferral cache has 14 tilings in it right now
There are 16 tilings in the search tree
Time taken so far is 0.1221306324005127 seconds

Doing depth 3
We had 2 inferral cache hits and 223 partitioning cache hits
The partitioning cache has 2 tilings in it right now
The inferral cache has 40 tilings in it right now
There are 34 tilings in the search tree
Time taken so far is 0.42319488525390625 seconds

Doing depth 4
We had 2 inferral cache hits and 311 partitioning cache hits
The partitioning cache has 0 tilings in it right now
The inferral cache has 56 tilings in it right now
There are 44 tilings in the search tree
Time taken so far is 0.9377326965332031 seconds

Doing depth 5
We had 4 inferral cache hits and 659 partitioning cache hits
The partitioning cache has 26 tilings in it right now
The inferral cache has 90 tilings in it right now
There are 74 tilings in the search tree
Time taken so far is 2.862748384475708 seconds

Doing depth 6
We had 32 inferral cache hits and 1691 partitioning cache hits
The partitioning cache has 20 tilings in it right now
The inferral cache has 166 tilings in it right now
There are 132 tilings in the search tree
Time taken so far is 19.777534246444702 seconds

Doing depth 7
We had 32 inferral cache hits and 2837 partitioning cache hits
The partitioning cache has 12 tilings in it right now
The inferral cache has 364 tilings in it right now
There are 233 tilings in the search tree
Time taken so far is 71.81941604614258 seconds

Doing depth 8
We had 87 inferral cache hits and 8068 partitioning cache hits
The partitioning cache has 232 tilings in it right now
The inferral cache has 1012 tilings in it right now
There are 695 tilings in the search tree
Time taken so far is 192.82170510292053 seconds

Now processing 0231_0312
Doing depth 1
We had 0 inferral cache hits and 14 partitioning cache hits
The partitioning cache has 0 tilings in it right now
The inferral cache has 5 tilings in it right now
There are 5 tilings in the search tree
Time taken so far is 0.0368196964263916 seconds

Doing depth 2
We had 0 inferral cache hits and 81 partitioning cache hits
The partitioning cache has 4 tilings in it right now
The inferral cache has 13 tilings in it right now
There are 15 tilings in the search tree
Time taken so far is 0.1539914608001709 seconds

Doing depth 3
We had 2 inferral cache hits and 223 partitioning cache hits
The partitioning cache has 2 tilings in it right now
The inferral cache has 34 tilings in it right now
There are 31 tilings in the search tree
Time taken so far is 0.5284624099731445 seconds

Doing depth 4
We had 2 inferral cache hits and 311 partitioning cache hits
The partitioning cache has 3 tilings in it right now
The inferral cache has 47 tilings in it right now
There are 40 tilings in the search tree
Time taken so far is 1.399841547012329 seconds

Doing depth 5
We had 4 inferral cache hits and 692 partitioning cache hits
The partitioning cache has 27 tilings in it right now
The inferral cache has 88 tilings in it right now
There are 79 tilings in the search tree
Time taken so far is 4.055188894271851 seconds

Doing depth 6
We had 39 inferral cache hits and 1790 partitioning cache hits
The partitioning cache has 17 tilings in it right now
The inferral cache has 196 tilings in it right now
There are 162 tilings in the search tree
Time taken so far is 29.3636155128479 seconds

Doing depth 7
We had 39 inferral cache hits and 2801 partitioning cache hits
The partitioning cache has 27 tilings in it right now
The inferral cache has 346 tilings in it right now
There are 251 tilings in the search tree
Time taken so far is 119.78578519821167 seconds

Doing depth 8
We had 67 inferral cache hits and 7091 partitioning cache hits
The partitioning cache has 223 tilings in it right now
The inferral cache has 769 tilings in it right now
There are 642 tilings in the search tree
Time taken so far is 296.669757604599 seconds

Now processing 0231_0321
Doing depth 1
We had 0 inferral cache hits and 14 partitioning cache hits
The partitioning cache has 0 tilings in it right now
The inferral cache has 5 tilings in it right now
There are 5 tilings in the search tree
Time taken so far is 0.0368502140045166 seconds

Doing depth 2
We had 0 inferral cache hits and 81 partitioning cache hits
The partitioning cache has 4 tilings in it right now
The inferral cache has 13 tilings in it right now
There are 15 tilings in the search tree
Time taken so far is 0.1517047882080078 seconds

Doing depth 3
We had 2 inferral cache hits and 223 partitioning cache hits
The partitioning cache has 2 tilings in it right now
The inferral cache has 33 tilings in it right now
There are 31 tilings in the search tree
Time taken so far is 0.4768671989440918 seconds

Doing depth 4
We had 2 inferral cache hits and 321 partitioning cache hits
The partitioning cache has 3 tilings in it right now
The inferral cache has 50 tilings in it right now
There are 42 tilings in the search tree
Time taken so far is 1.3088233470916748 seconds

Doing depth 5
We had 12 inferral cache hits and 806 partitioning cache hits
The partitioning cache has 38 tilings in it right now
The inferral cache has 100 tilings in it right now
There are 98 tilings in the search tree
Time taken so far is 3.897228479385376 seconds

Doing depth 6
We had 77 inferral cache hits and 2474 partitioning cache hits
The partitioning cache has 53 tilings in it right now
The inferral cache has 233 tilings in it right now
There are 255 tilings in the search tree
Time taken so far is 25.57787847518921 seconds

Doing depth 7
We had 190 inferral cache hits and 6115 partitioning cache hits
The partitioning cache has 128 tilings in it right now
The inferral cache has 685 tilings in it right now
There are 671 tilings in the search tree
Time taken so far is 109.32799124717712 seconds

Doing depth 8
We had 684 inferral cache hits and 19903 partitioning cache hits
The partitioning cache has 697 tilings in it right now
The inferral cache has 1963 tilings in it right now
There are 2228 tilings in the search tree
Time taken so far is 317.6773362159729 seconds

Now processing 0231_1032
Doing depth 1
We had 0 inferral cache hits and 14 partitioning cache hits
The partitioning cache has 0 tilings in it right now
The inferral cache has 5 tilings in it right now
There are 5 tilings in the search tree
Time taken so far is 0.01771068572998047 seconds

Doing depth 2
We had 0 inferral cache hits and 81 partitioning cache hits
The partitioning cache has 4 tilings in it right now
The inferral cache has 13 tilings in it right now
There are 13 tilings in the search tree
Time taken so far is 0.11070060729980469 seconds

Doing depth 3
We had 2 inferral cache hits and 223 partitioning cache hits
The partitioning cache has 2 tilings in it right now
The inferral cache has 32 tilings in it right now
There are 27 tilings in the search tree
Time taken so far is 0.4972045421600342 seconds

Doing depth 4
We had 2 inferral cache hits and 311 partitioning cache hits
The partitioning cache has 3 tilings in it right now
The inferral cache has 45 tilings in it right now
There are 35 tilings in the search tree
Time taken so far is 1.3908984661102295 seconds

Doing depth 5
We had 4 inferral cache hits and 704 partitioning cache hits
The partitioning cache has 27 tilings in it right now
The inferral cache has 89 tilings in it right now
There are 75 tilings in the search tree
Time taken so far is 4.124500513076782 seconds

Doing depth 6
We had 42 inferral cache hits and 1856 partitioning cache hits
The partitioning cache has 25 tilings in it right now
The inferral cache has 172 tilings in it right now
There are 158 tilings in the search tree
Time taken so far is 27.336312532424927 seconds

Doing depth 7
We had 73 inferral cache hits and 3456 partitioning cache hits
The partitioning cache has 55 tilings in it right now
The inferral cache has 381 tilings in it right now
There are 302 tilings in the search tree
Time taken so far is 102.0761308670044 seconds

Doing depth 8
We had 228 inferral cache hits and 9884 partitioning cache hits
The partitioning cache has 299 tilings in it right now
The inferral cache has 970 tilings in it right now
There are 871 tilings in the search tree
Time taken so far is 247.06175565719604 seconds

Now processing 0231_1203
Doing depth 1
We had 0 inferral cache hits and 14 partitioning cache hits
The partitioning cache has 0 tilings in it right now
The inferral cache has 6 tilings in it right now
There are 5 tilings in the search tree
Time taken so far is 0.01971268653869629 seconds

Doing depth 2
We had 0 inferral cache hits and 81 partitioning cache hits
The partitioning cache has 4 tilings in it right now
The inferral cache has 14 tilings in it right now
There are 13 tilings in the search tree
Time taken so far is 0.11067414283752441 seconds

Doing depth 3
We had 2 inferral cache hits and 223 partitioning cache hits
The partitioning cache has 2 tilings in it right now
The inferral cache has 36 tilings in it right now
There are 27 tilings in the search tree
Time taken so far is 0.46737217903137207 seconds

Doing depth 4
We had 2 inferral cache hits and 311 partitioning cache hits
The partitioning cache has 1 tilings in it right now
The inferral cache has 51 tilings in it right now
There are 35 tilings in the search tree
Time taken so far is 1.2547800540924072 seconds

Doing depth 5
We had 4 inferral cache hits and 762 partitioning cache hits
The partitioning cache has 26 tilings in it right now
The inferral cache has 117 tilings in it right now
There are 79 tilings in the search tree
Time taken so far is 4.192389726638794 seconds

Doing depth 6
We had 29 inferral cache hits and 2187 partitioning cache hits
The partitioning cache has 16 tilings in it right now
The inferral cache has 291 tilings in it right now
There are 173 tilings in the search tree
Time taken so far is 27.651139974594116 seconds

Doing depth 7
We had 29 inferral cache hits and 3122 partitioning cache hits
The partitioning cache has 17 tilings in it right now
The inferral cache has 445 tilings in it right now
There are 254 tilings in the search tree
Time taken so far is 86.52595663070679 seconds

Doing depth 8
We had 62 inferral cache hits and 8041 partitioning cache hits
The partitioning cache has 198 tilings in it right now
The inferral cache has 1035 tilings in it right now
There are 681 tilings in the search tree
Time taken so far is 208.30953526496887 seconds

Now processing 0231_1230
Doing depth 1
We had 0 inferral cache hits and 14 partitioning cache hits
The partitioning cache has 0 tilings in it right now
The inferral cache has 6 tilings in it right now
There are 5 tilings in the search tree
Time taken so far is 0.019403457641601562 seconds

Doing depth 2
We had 0 inferral cache hits and 81 partitioning cache hits
The partitioning cache has 4 tilings in it right now
The inferral cache has 14 tilings in it right now
There are 13 tilings in the search tree
Time taken so far is 0.11070489883422852 seconds

Doing depth 3
We had 2 inferral cache hits and 223 partitioning cache hits
The partitioning cache has 2 tilings in it right now
The inferral cache has 36 tilings in it right now
There are 27 tilings in the search tree
Time taken so far is 0.4548180103302002 seconds

Doing depth 4
We had 2 inferral cache hits and 311 partitioning cache hits
The partitioning cache has 0 tilings in it right now
The inferral cache has 52 tilings in it right now
There are 35 tilings in the search tree
Time taken so far is 1.197007656097412 seconds

Doing depth 5
We had 4 inferral cache hits and 691 partitioning cache hits
The partitioning cache has 28 tilings in it right now
The inferral cache has 95 tilings in it right now
There are 80 tilings in the search tree
Time taken so far is 3.4757585525512695 seconds

Doing depth 6
We had 36 inferral cache hits and 1965 partitioning cache hits
The partitioning cache has 26 tilings in it right now
The inferral cache has 214 tilings in it right now
There are 190 tilings in the search tree
Time taken so far is 21.99436855316162 seconds

Doing depth 7
We had 75 inferral cache hits and 4583 partitioning cache hits
The partitioning cache has 62 tilings in it right now
The inferral cache has 595 tilings in it right now
There are 509 tilings in the search tree
Time taken so far is 94.38232064247131 seconds

Doing depth 8
We had 388 inferral cache hits and 18161 partitioning cache hits
The partitioning cache has 446 tilings in it right now
The inferral cache has 2118 tilings in it right now
There are 2388 tilings in the search tree
Time taken so far is 971.2550492286682 seconds

Now processing 0231_1302
Doing depth 1
We had 0 inferral cache hits and 14 partitioning cache hits
The partitioning cache has 0 tilings in it right now
The inferral cache has 5 tilings in it right now
There are 5 tilings in the search tree
Time taken so far is 0.03051471710205078 seconds

Doing depth 2
We had 0 inferral cache hits and 81 partitioning cache hits
The partitioning cache has 4 tilings in it right now
The inferral cache has 13 tilings in it right now
There are 13 tilings in the search tree
Time taken so far is 0.144439697265625 seconds

Doing depth 3
We had 2 inferral cache hits and 223 partitioning cache hits
The partitioning cache has 2 tilings in it right now
The inferral cache has 32 tilings in it right now
There are 27 tilings in the search tree
Time taken so far is 0.528876781463623 seconds

Doing depth 4
We had 2 inferral cache hits and 311 partitioning cache hits
The partitioning cache has 3 tilings in it right now
The inferral cache has 45 tilings in it right now
There are 35 tilings in the search tree
Time taken so far is 1.4549403190612793 seconds

Doing depth 5
We had 4 inferral cache hits and 724 partitioning cache hits
The partitioning cache has 25 tilings in it right now
The inferral cache has 97 tilings in it right now
There are 81 tilings in the search tree
Time taken so far is 4.143337726593018 seconds

Doing depth 6
We had 41 inferral cache hits and 2004 partitioning cache hits
The partitioning cache has 25 tilings in it right now
The inferral cache has 236 tilings in it right now
There are 199 tilings in the search tree
Time taken so far is 31.993197441101074 seconds

Doing depth 7
We had 87 inferral cache hits and 4707 partitioning cache hits
The partitioning cache has 82 tilings in it right now
The inferral cache has 614 tilings in it right now
There are 582 tilings in the search tree
Time taken so far is 143.89343810081482 seconds

Doing depth 8
We had 553 inferral cache hits and 20536 partitioning cache hits
The partitioning cache has 545 tilings in it right now
The inferral cache has 2401 tilings in it right now
There are 3228 tilings in the search tree
Time taken so far is 14560.94199180603 seconds

Now processing 0231_1320
Doing depth 1
We had 0 inferral cache hits and 14 partitioning cache hits
The partitioning cache has 0 tilings in it right now
The inferral cache has 6 tilings in it right now
There are 5 tilings in the search tree
Time taken so far is 0.016429424285888672 seconds

Doing depth 2
We had 0 inferral cache hits and 81 partitioning cache hits
The partitioning cache has 4 tilings in it right now
The inferral cache has 14 tilings in it right now
There are 13 tilings in the search tree
Time taken so far is 0.09859800338745117 seconds

Doing depth 3
We had 2 inferral cache hits and 223 partitioning cache hits
The partitioning cache has 2 tilings in it right now
The inferral cache has 36 tilings in it right now
There are 27 tilings in the search tree
Time taken so far is 0.421295166015625 seconds

Doing depth 4
We had 2 inferral cache hits and 311 partitioning cache hits
The partitioning cache has 2 tilings in it right now
The inferral cache has 50 tilings in it right now
There are 35 tilings in the search tree
Time taken so far is 1.2469594478607178 seconds

Doing depth 5
We had 4 inferral cache hits and 825 partitioning cache hits
The partitioning cache has 26 tilings in it right now
The inferral cache has 132 tilings in it right now
There are 90 tilings in the search tree
Time taken so far is 7.077535390853882 seconds

Doing depth 6
We had 30 inferral cache hits and 2475 partitioning cache hits
The partitioning cache has 16 tilings in it right now
The inferral cache has 348 tilings in it right now
There are 196 tilings in the search tree
Time taken so far is 38.35430359840393 seconds

Doing depth 7
We had 30 inferral cache hits and 3619 partitioning cache hits
The partitioning cache has 18 tilings in it right now
The inferral cache has 550 tilings in it right now
There are 302 tilings in the search tree
Time taken so far is 99.20915222167969 seconds

Doing depth 8
We had 54 inferral cache hits and 8629 partitioning cache hits
The partitioning cache has 210 tilings in it right now
The inferral cache has 1154 tilings in it right now
There are 796 tilings in the search tree
Time taken so far is 231.5560178756714 seconds

Now processing 0231_2013
Doing depth 1
We had 0 inferral cache hits and 14 partitioning cache hits
The partitioning cache has 0 tilings in it right now
The inferral cache has 6 tilings in it right now
There are 5 tilings in the search tree
Time taken so far is 0.01682448387145996 seconds

Doing depth 2
We had 0 inferral cache hits and 81 partitioning cache hits
The partitioning cache has 4 tilings in it right now
The inferral cache has 14 tilings in it right now
There are 13 tilings in the search tree
Time taken so far is 0.18640542030334473 seconds

Doing depth 3
We had 2 inferral cache hits and 223 partitioning cache hits
The partitioning cache has 2 tilings in it right now
The inferral cache has 36 tilings in it right now
There are 27 tilings in the search tree
Time taken so far is 0.5333788394927979 seconds

Doing depth 4
We had 2 inferral cache hits and 311 partitioning cache hits
The partitioning cache has 2 tilings in it right now
The inferral cache has 50 tilings in it right now
There are 35 tilings in the search tree
Time taken so far is 1.471747636795044 seconds

Doing depth 5
We had 4 inferral cache hits and 681 partitioning cache hits
The partitioning cache has 22 tilings in it right now
The inferral cache has 96 tilings in it right now
There are 69 tilings in the search tree
Time taken so far is 4.167625188827515 seconds

Doing depth 6
We had 35 inferral cache hits and 2108 partitioning cache hits
The partitioning cache has 34 tilings in it right now
The inferral cache has 252 tilings in it right now
There are 179 tilings in the search tree
Time taken so far is 31.156986236572266 seconds

Doing depth 7
We had 57 inferral cache hits and 3939 partitioning cache hits
The partitioning cache has 90 tilings in it right now
The inferral cache has 484 tilings in it right now
There are 348 tilings in the search tree
Time taken so far is 90.03347635269165 seconds

Doing depth 8
We had 285 inferral cache hits and 11752 partitioning cache hits
The partitioning cache has 350 tilings in it right now
The inferral cache has 1238 tilings in it right now
There are 1084 tilings in the search tree
Time taken so far is 601.0559592247009 seconds

Now processing 0231_2031
Doing depth 1
We had 0 inferral cache hits and 14 partitioning cache hits
The partitioning cache has 0 tilings in it right now
The inferral cache has 5 tilings in it right now
There are 5 tilings in the search tree
Time taken so far is 0.020589590072631836 seconds

Doing depth 2
We had 0 inferral cache hits and 81 partitioning cache hits
The partitioning cache has 4 tilings in it right now
The inferral cache has 13 tilings in it right now
There are 13 tilings in the search tree
Time taken so far is 0.14116168022155762 seconds

Doing depth 3
We had 2 inferral cache hits and 223 partitioning cache hits
The partitioning cache has 2 tilings in it right now
The inferral cache has 32 tilings in it right now
There are 27 tilings in the search tree
Time taken so far is 0.6877052783966064 seconds

Doing depth 4
We had 2 inferral cache hits and 311 partitioning cache hits
The partitioning cache has 4 tilings in it right now
The inferral cache has 45 tilings in it right now
There are 35 tilings in the search tree
Time taken so far is 1.7248790264129639 seconds

Doing depth 5
We had 4 inferral cache hits and 692 partitioning cache hits
The partitioning cache has 24 tilings in it right now
The inferral cache has 90 tilings in it right now
There are 74 tilings in the search tree
Time taken so far is 5.15667200088501 seconds

Doing depth 6
We had 28 inferral cache hits and 1675 partitioning cache hits
The partitioning cache has 17 tilings in it right now
The inferral cache has 182 tilings in it right now
There are 138 tilings in the search tree
Time taken so far is 36.14557695388794 seconds

Doing depth 7
We had 28 inferral cache hits and 2753 partitioning cache hits
The partitioning cache has 44 tilings in it right now
The inferral cache has 323 tilings in it right now
There are 225 tilings in the search tree
Time taken so far is 144.35875988006592 seconds

Doing depth 8
We had 61 inferral cache hits and 7128 partitioning cache hits
The partitioning cache has 184 tilings in it right now
The inferral cache has 779 tilings in it right now
There are 584 tilings in the search tree
Time taken so far is 357.9317190647125 seconds

Now processing 0231_2130
Doing depth 1
We had 0 inferral cache hits and 14 partitioning cache hits
The partitioning cache has 0 tilings in it right now
The inferral cache has 6 tilings in it right now
There are 5 tilings in the search tree
Time taken so far is 0.02816939353942871 seconds

Doing depth 2
We had 0 inferral cache hits and 81 partitioning cache hits
The partitioning cache has 4 tilings in it right now
The inferral cache has 14 tilings in it right now
There are 13 tilings in the search tree
Time taken so far is 0.19040679931640625 seconds

Doing depth 3
We had 2 inferral cache hits and 223 partitioning cache hits
The partitioning cache has 2 tilings in it right now
The inferral cache has 37 tilings in it right now
There are 27 tilings in the search tree
Time taken so far is 0.514183759689331 seconds

Doing depth 4
We had 2 inferral cache hits and 311 partitioning cache hits
The partitioning cache has 1 tilings in it right now
The inferral cache has 52 tilings in it right now
There are 35 tilings in the search tree
Time taken so far is 1.3234221935272217 seconds

Doing depth 5
We had 4 inferral cache hits and 690 partitioning cache hits
The partitioning cache has 26 tilings in it right now
The inferral cache has 97 tilings in it right now
There are 74 tilings in the search tree
Time taken so far is 4.904935359954834 seconds

Doing depth 6
We had 34 inferral cache hits and 1855 partitioning cache hits
The partitioning cache has 17 tilings in it right now
The inferral cache has 224 tilings in it right now
There are 157 tilings in the search tree
Time taken so far is 34.83618927001953 seconds

Doing depth 7
We had 42 inferral cache hits and 3328 partitioning cache hits
The partitioning cache has 38 tilings in it right now
The inferral cache has 446 tilings in it right now
There are 295 tilings in the search tree
Time taken so far is 124.12336826324463 seconds

Doing depth 8
We had 168 inferral cache hits and 10707 partitioning cache hits
The partitioning cache has 274 tilings in it right now
The inferral cache has 1266 tilings in it right now
There are 1036 tilings in the search tree
Time taken so far is 1323.5499875545502 seconds

Now processing 0231_2301
Doing depth 1
We had 0 inferral cache hits and 14 partitioning cache hits
The partitioning cache has 0 tilings in it right now
The inferral cache has 5 tilings in it right now
There are 5 tilings in the search tree
Time taken so far is 0.015419721603393555 seconds

Doing depth 2
We had 0 inferral cache hits and 81 partitioning cache hits
The partitioning cache has 3 tilings in it right now
The inferral cache has 14 tilings in it right now
There are 13 tilings in the search tree
Time taken so far is 0.18039560317993164 seconds

Doing depth 3
We had 2 inferral cache hits and 222 partitioning cache hits
The partitioning cache has 1 tilings in it right now
The inferral cache has 34 tilings in it right now
There are 27 tilings in the search tree
Time taken so far is 0.5893888473510742 seconds

Doing depth 4
We had 2 inferral cache hits and 309 partitioning cache hits
The partitioning cache has 1 tilings in it right now
The inferral cache has 49 tilings in it right now
There are 35 tilings in the search tree
Time taken so far is 1.391981840133667 seconds

Doing depth 5
We had 3 inferral cache hits and 694 partitioning cache hits
The partitioning cache has 24 tilings in it right now
The inferral cache has 94 tilings in it right now
There are 77 tilings in the search tree
Time taken so far is 4.468435049057007 seconds

Doing depth 6
We had 33 inferral cache hits and 1837 partitioning cache hits
The partitioning cache has 22 tilings in it right now
The inferral cache has 190 tilings in it right now
There are 161 tilings in the search tree
Time taken so far is 29.07503581047058 seconds

Doing depth 7
We had 45 inferral cache hits and 3057 partitioning cache hits
The partitioning cache has 44 tilings in it right now
The inferral cache has 391 tilings in it right now
There are 279 tilings in the search tree
Time taken so far is 101.45412111282349 seconds

Doing depth 8
We had 256 inferral cache hits and 8985 partitioning cache hits
The partitioning cache has 285 tilings in it right now
The inferral cache has 986 tilings in it right now
There are 1036 tilings in the search tree
Time taken so far is 247.5312397480011 seconds

Now processing 0231_3012
Doing depth 1
We had 0 inferral cache hits and 14 partitioning cache hits
The partitioning cache has 0 tilings in it right now
The inferral cache has 5 tilings in it right now
There are 5 tilings in the search tree
Time taken so far is 0.017877578735351562 seconds

Doing depth 2
We had 0 inferral cache hits and 81 partitioning cache hits
The partitioning cache has 4 tilings in it right now
The inferral cache has 13 tilings in it right now
There are 15 tilings in the search tree
Time taken so far is 0.11149263381958008 seconds

Doing depth 3
We had 2 inferral cache hits and 223 partitioning cache hits
The partitioning cache has 2 tilings in it right now
The inferral cache has 34 tilings in it right now
There are 31 tilings in the search tree
Time taken so far is 0.6608450412750244 seconds

Doing depth 4
We had 2 inferral cache hits and 311 partitioning cache hits
The partitioning cache has 2 tilings in it right now
The inferral cache has 48 tilings in it right now
There are 40 tilings in the search tree
Time taken so far is 1.5955209732055664 seconds

Doing depth 5
We had 4 inferral cache hits and 681 partitioning cache hits
The partitioning cache has 28 tilings in it right now
The inferral cache has 88 tilings in it right now
There are 76 tilings in the search tree
Time taken so far is 4.312314033508301 seconds

Doing depth 6
We had 45 inferral cache hits and 2006 partitioning cache hits
The partitioning cache has 33 tilings in it right now
The inferral cache has 200 tilings in it right now
There are 171 tilings in the search tree
Time taken so far is 27.61513876914978 seconds

Doing depth 7
We had 51 inferral cache hits and 3225 partitioning cache hits
The partitioning cache has 40 tilings in it right now
The inferral cache has 413 tilings in it right now
There are 286 tilings in the search tree
Time taken so far is 95.2255425453186 seconds

Doing depth 8
We had 186 inferral cache hits and 8319 partitioning cache hits
The partitioning cache has 297 tilings in it right now
The inferral cache has 888 tilings in it right now
There are 973 tilings in the search tree
Time taken so far is 231.60692501068115 seconds

Now processing 0321_1032
Doing depth 1
We had 0 inferral cache hits and 14 partitioning cache hits
The partitioning cache has 0 tilings in it right now
The inferral cache has 5 tilings in it right now
There are 5 tilings in the search tree
Time taken so far is 0.027944087982177734 seconds

Doing depth 2
We had 0 inferral cache hits and 81 partitioning cache hits
The partitioning cache has 4 tilings in it right now
The inferral cache has 13 tilings in it right now
There are 13 tilings in the search tree
Time taken so far is 0.1376817226409912 seconds

Doing depth 3
We had 2 inferral cache hits and 223 partitioning cache hits
The partitioning cache has 2 tilings in it right now
The inferral cache has 32 tilings in it right now
There are 27 tilings in the search tree
Time taken so far is 0.47696828842163086 seconds

Doing depth 4
We had 2 inferral cache hits and 311 partitioning cache hits
The partitioning cache has 2 tilings in it right now
The inferral cache has 46 tilings in it right now
There are 35 tilings in the search tree
Time taken so far is 1.7888927459716797 seconds

Doing depth 5
We had 4 inferral cache hits and 691 partitioning cache hits
The partitioning cache has 27 tilings in it right now
The inferral cache has 86 tilings in it right now
There are 73 tilings in the search tree
Time taken so far is 4.8172712326049805 seconds

Doing depth 6
We had 35 inferral cache hits and 1741 partitioning cache hits
The partitioning cache has 18 tilings in it right now
The inferral cache has 160 tilings in it right now
There are 144 tilings in the search tree
Time taken so far is 33.48684525489807 seconds

Doing depth 7
We had 35 inferral cache hits and 2785 partitioning cache hits
The partitioning cache has 24 tilings in it right now
The inferral cache has 323 tilings in it right now
There are 234 tilings in the search tree
Time taken so far is 128.25371074676514 seconds

Doing depth 8
We had 82 inferral cache hits and 7325 partitioning cache hits
The partitioning cache has 230 tilings in it right now
The inferral cache has 727 tilings in it right now
There are 633 tilings in the search tree
Time taken so far is 306.98005414009094 seconds

Now processing 0321_1302
Doing depth 1
We had 0 inferral cache hits and 14 partitioning cache hits
The partitioning cache has 0 tilings in it right now
The inferral cache has 5 tilings in it right now
There are 5 tilings in the search tree
Time taken so far is 0.01620769500732422 seconds

Doing depth 2
We had 0 inferral cache hits and 81 partitioning cache hits
The partitioning cache has 4 tilings in it right now
The inferral cache has 13 tilings in it right now
There are 13 tilings in the search tree
Time taken so far is 0.16466641426086426 seconds

Doing depth 3
We had 2 inferral cache hits and 223 partitioning cache hits
The partitioning cache has 2 tilings in it right now
The inferral cache has 32 tilings in it right now
There are 27 tilings in the search tree
Time taken so far is 0.5194492340087891 seconds

Doing depth 4
We had 2 inferral cache hits and 311 partitioning cache hits
The partitioning cache has 2 tilings in it right now
The inferral cache has 46 tilings in it right now
There are 35 tilings in the search tree
Time taken so far is 1.6138951778411865 seconds

Doing depth 5
We had 4 inferral cache hits and 735 partitioning cache hits
The partitioning cache has 26 tilings in it right now
The inferral cache has 101 tilings in it right now
There are 81 tilings in the search tree
Time taken so far is 4.628947496414185 seconds

Doing depth 6
A proof tree has been found.
We had 18 inferral cache hits and 1334 partitioning cache hits
The partitioning cache has 33 tilings in it right now
The inferral cache has 168 tilings in it right now
There are 136 tilings in the search tree
Time taken so far is 13.950413227081299 seconds

Now processing 0321_2103
Doing depth 1
We had 0 inferral cache hits and 14 partitioning cache hits
The partitioning cache has 0 tilings in it right now
The inferral cache has 6 tilings in it right now
There are 5 tilings in the search tree
Time taken so far is 0.028187036514282227 seconds

Doing depth 2
We had 0 inferral cache hits and 81 partitioning cache hits
The partitioning cache has 4 tilings in it right now
The inferral cache has 14 tilings in it right now
There are 13 tilings in the search tree
Time taken so far is 0.1324160099029541 seconds

Doing depth 3
We had 2 inferral cache hits and 223 partitioning cache hits
The partitioning cache has 2 tilings in it right now
The inferral cache has 36 tilings in it right now
There are 27 tilings in the search tree
Time taken so far is 0.4848461151123047 seconds

Doing depth 4
We had 2 inferral cache hits and 311 partitioning cache hits
The partitioning cache has 0 tilings in it right now
The inferral cache has 52 tilings in it right now
There are 35 tilings in the search tree
Time taken so far is 1.5477707386016846 seconds

Doing depth 5
We had 4 inferral cache hits and 679 partitioning cache hits
The partitioning cache has 26 tilings in it right now
The inferral cache has 92 tilings in it right now
There are 69 tilings in the search tree
Time taken so far is 5.059786081314087 seconds

Doing depth 6
We had 28 inferral cache hits and 1735 partitioning cache hits
The partitioning cache has 17 tilings in it right now
The inferral cache has 190 tilings in it right now
There are 134 tilings in the search tree
Time taken so far is 31.069615364074707 seconds

Doing depth 7
We had 28 inferral cache hits and 2728 partitioning cache hits
The partitioning cache has 8 tilings in it right now
The inferral cache has 361 tilings in it right now
There are 217 tilings in the search tree
Time taken so far is 120.6308445930481 seconds

Doing depth 8
We had 66 inferral cache hits and 7094 partitioning cache hits
The partitioning cache has 192 tilings in it right now
The inferral cache has 793 tilings in it right now
There are 613 tilings in the search tree
Time taken so far is 285.95202374458313 seconds

Now processing 0321_2301
Doing depth 1
We had 0 inferral cache hits and 14 partitioning cache hits
The partitioning cache has 0 tilings in it right now
The inferral cache has 5 tilings in it right now
There are 5 tilings in the search tree
Time taken so far is 0.01579117774963379 seconds

Doing depth 2
We had 0 inferral cache hits and 81 partitioning cache hits
The partitioning cache has 3 tilings in it right now
The inferral cache has 14 tilings in it right now
There are 13 tilings in the search tree
Time taken so far is 0.1005866527557373 seconds

Doing depth 3
We had 1 inferral cache hits and 227 partitioning cache hits
The partitioning cache has 2 tilings in it right now
The inferral cache has 34 tilings in it right now
There are 27 tilings in the search tree
Time taken so far is 0.5521175861358643 seconds

Doing depth 4
We had 1 inferral cache hits and 315 partitioning cache hits
The partitioning cache has 1 tilings in it right now
The inferral cache has 51 tilings in it right now
There are 35 tilings in the search tree
Time taken so far is 1.3407528400421143 seconds

Doing depth 5
We had 3 inferral cache hits and 718 partitioning cache hits
The partitioning cache has 28 tilings in it right now
The inferral cache has 99 tilings in it right now
There are 80 tilings in the search tree
Time taken so far is 3.9154887199401855 seconds

Doing depth 6
We had 47 inferral cache hits and 2141 partitioning cache hits
The partitioning cache has 41 tilings in it right now
The inferral cache has 226 tilings in it right now
There are 187 tilings in the search tree
Time taken so far is 22.724842309951782 seconds

Doing depth 7
We had 105 inferral cache hits and 4946 partitioning cache hits
The partitioning cache has 113 tilings in it right now
The inferral cache has 585 tilings in it right now
There are 447 tilings in the search tree
Time taken so far is 83.60422444343567 seconds

Doing depth 8
A proof tree has been found.
We had 412 inferral cache hits and 13494 partitioning cache hits
The partitioning cache has 408 tilings in it right now
The inferral cache has 1363 tilings in it right now
There are 1223 tilings in the search tree
Time taken so far is 499.7962429523468 seconds

Now processing 1032_1302
Doing depth 1
We had 0 inferral cache hits and 14 partitioning cache hits
The partitioning cache has 0 tilings in it right now
The inferral cache has 4 tilings in it right now
There are 5 tilings in the search tree
Time taken so far is 0.028415679931640625 seconds

Doing depth 2
We had 0 inferral cache hits and 81 partitioning cache hits
The partitioning cache has 4 tilings in it right now
The inferral cache has 12 tilings in it right now
There are 13 tilings in the search tree
Time taken so far is 0.19030189514160156 seconds

Doing depth 3
We had 2 inferral cache hits and 223 partitioning cache hits
The partitioning cache has 2 tilings in it right now
The inferral cache has 26 tilings in it right now
There are 27 tilings in the search tree
Time taken so far is 0.6604037284851074 seconds

Doing depth 4
We had 2 inferral cache hits and 311 partitioning cache hits
The partitioning cache has 6 tilings in it right now
The inferral cache has 38 tilings in it right now
There are 35 tilings in the search tree
Time taken so far is 1.6776437759399414 seconds

Doing depth 5
We had 3 inferral cache hits and 689 partitioning cache hits
The partitioning cache has 23 tilings in it right now
The inferral cache has 75 tilings in it right now
There are 73 tilings in the search tree
Time taken so far is 4.773847579956055 seconds

Doing depth 6
We had 31 inferral cache hits and 1615 partitioning cache hits
The partitioning cache has 20 tilings in it right now
The inferral cache has 139 tilings in it right now
There are 141 tilings in the search tree
Time taken so far is 31.782296180725098 seconds

Doing depth 7
We had 31 inferral cache hits and 2852 partitioning cache hits
The partitioning cache has 66 tilings in it right now
The inferral cache has 285 tilings in it right now
There are 247 tilings in the search tree
Time taken so far is 154.73131608963013 seconds

Doing depth 8
We had 93 inferral cache hits and 7126 partitioning cache hits
The partitioning cache has 168 tilings in it right now
The inferral cache has 601 tilings in it right now
There are 617 tilings in the search tree
Time taken so far is 347.4016971588135 seconds

Now processing 1032_2301
Doing depth 1
We had 0 inferral cache hits and 14 partitioning cache hits
The partitioning cache has 0 tilings in it right now
The inferral cache has 4 tilings in it right now
There are 5 tilings in the search tree
Time taken so far is 0.016251564025878906 seconds

Doing depth 2
We had 0 inferral cache hits and 81 partitioning cache hits
The partitioning cache has 4 tilings in it right now
The inferral cache has 12 tilings in it right now
There are 13 tilings in the search tree
Time taken so far is 0.21197915077209473 seconds

Doing depth 3
We had 2 inferral cache hits and 223 partitioning cache hits
The partitioning cache has 2 tilings in it right now
The inferral cache has 26 tilings in it right now
There are 27 tilings in the search tree
Time taken so far is 0.8243658542633057 seconds

Doing depth 4
We had 2 inferral cache hits and 311 partitioning cache hits
The partitioning cache has 0 tilings in it right now
The inferral cache has 42 tilings in it right now
There are 35 tilings in the search tree
Time taken so far is 1.9181749820709229 seconds

Doing depth 5
We had 2 inferral cache hits and 711 partitioning cache hits
The partitioning cache has 32 tilings in it right now
The inferral cache has 88 tilings in it right now
There are 73 tilings in the search tree
Time taken so far is 4.778304576873779 seconds

Doing depth 6
We had 43 inferral cache hits and 2271 partitioning cache hits
The partitioning cache has 50 tilings in it right now
The inferral cache has 214 tilings in it right now
There are 182 tilings in the search tree
Time taken so far is 31.730000972747803 seconds

Doing depth 7
We had 43 inferral cache hits and 3315 partitioning cache hits
The partitioning cache has 56 tilings in it right now
The inferral cache has 390 tilings in it right now
There are 266 tilings in the search tree
Time taken so far is 102.42889022827148 seconds

Doing depth 8
We had 93 inferral cache hits and 7351 partitioning cache hits
The partitioning cache has 214 tilings in it right now
The inferral cache has 742 tilings in it right now
There are 628 tilings in the search tree
Time taken so far is 204.04114770889282 seconds

Now processing 1302_2031
Doing depth 1
We had 0 inferral cache hits and 14 partitioning cache hits
The partitioning cache has 0 tilings in it right now
The inferral cache has 4 tilings in it right now
There are 5 tilings in the search tree
Time taken so far is 0.027749061584472656 seconds

Doing depth 2
We had 0 inferral cache hits and 81 partitioning cache hits
The partitioning cache has 4 tilings in it right now
The inferral cache has 12 tilings in it right now
There are 13 tilings in the search tree
Time taken so far is 0.1982128620147705 seconds

Doing depth 3
We had 2 inferral cache hits and 223 partitioning cache hits
The partitioning cache has 2 tilings in it right now
The inferral cache has 26 tilings in it right now
There are 27 tilings in the search tree
Time taken so far is 0.6587531566619873 seconds

Doing depth 4
We had 2 inferral cache hits and 311 partitioning cache hits
The partitioning cache has 8 tilings in it right now
The inferral cache has 34 tilings in it right now
There are 35 tilings in the search tree
Time taken so far is 1.8147914409637451 seconds

Doing depth 5
We had 4 inferral cache hits and 747 partitioning cache hits
The partitioning cache has 22 tilings in it right now
The inferral cache has 88 tilings in it right now
There are 81 tilings in the search tree
Time taken so far is 6.373992443084717 seconds

Doing depth 6
We had 44 inferral cache hits and 1851 partitioning cache hits
The partitioning cache has 14 tilings in it right now
The inferral cache has 186 tilings in it right now
There are 174 tilings in the search tree
Time taken so far is 53.92499780654907 seconds

Doing depth 7
We had 44 inferral cache hits and 2691 partitioning cache hits
The partitioning cache has 56 tilings in it right now
The inferral cache has 270 tilings in it right now
There are 234 tilings in the search tree
Time taken so far is 222.54602122306824 seconds

Doing depth 8
We had 108 inferral cache hits and 6771 partitioning cache hits
The partitioning cache has 152 tilings in it right now
The inferral cache has 694 tilings in it right now
There are 602 tilings in the search tree
Time taken so far is 522.3677587509155 seconds

