/users/home/henningu/ATRAP/non-regular-insertion-encodable-bases/logs_length2
Now processing 0123_0132
Doing depth 1
We had 0 inferral cache hits and 0 partitioning cache hits
The partitioning cache has 0 tilings in it right now
The inferral cache has 6 tilings in it right now
There are 5 tilings in the search tree
Time taken so far is 0.023332834243774414 seconds

Doing depth 2
We had 0 inferral cache hits and 30 partitioning cache hits
The partitioning cache has 4 tilings in it right now
The inferral cache has 14 tilings in it right now
There are 15 tilings in the search tree
Time taken so far is 0.11675333976745605 seconds

Doing depth 3
We had 2 inferral cache hits and 130 partitioning cache hits
The partitioning cache has 2 tilings in it right now
The inferral cache has 37 tilings in it right now
There are 31 tilings in the search tree
Time taken so far is 0.397491455078125 seconds

Doing depth 4
We had 2 inferral cache hits and 193 partitioning cache hits
The partitioning cache has 0 tilings in it right now
The inferral cache has 53 tilings in it right now
There are 40 tilings in the search tree
Time taken so far is 0.8331570625305176 seconds

Doing depth 5
We had 4 inferral cache hits and 818 partitioning cache hits
The partitioning cache has 29 tilings in it right now
The inferral cache has 89 tilings in it right now
There are 78 tilings in the search tree
Time taken so far is 2.9008610248565674 seconds

Doing depth 6
We had 36 inferral cache hits and 2647 partitioning cache hits
The partitioning cache has 19 tilings in it right now
The inferral cache has 168 tilings in it right now
There are 155 tilings in the search tree
Time taken so far is 17.087300777435303 seconds

Doing depth 7
We had 36 inferral cache hits and 4298 partitioning cache hits
The partitioning cache has 8 tilings in it right now
The inferral cache has 369 tilings in it right now
There are 263 tilings in the search tree
Time taken so far is 55.833558082580566 seconds

Now processing 0123_0213
Doing depth 1
We had 0 inferral cache hits and 0 partitioning cache hits
The partitioning cache has 0 tilings in it right now
The inferral cache has 6 tilings in it right now
There are 5 tilings in the search tree
Time taken so far is 0.03578305244445801 seconds

Doing depth 2
We had 0 inferral cache hits and 32 partitioning cache hits
The partitioning cache has 4 tilings in it right now
The inferral cache has 14 tilings in it right now
There are 16 tilings in the search tree
Time taken so far is 0.14880967140197754 seconds

Doing depth 3
We had 2 inferral cache hits and 144 partitioning cache hits
The partitioning cache has 2 tilings in it right now
The inferral cache has 38 tilings in it right now
There are 34 tilings in the search tree
Time taken so far is 0.5587029457092285 seconds

Doing depth 4
We had 2 inferral cache hits and 215 partitioning cache hits
The partitioning cache has 0 tilings in it right now
The inferral cache has 54 tilings in it right now
There are 44 tilings in the search tree
Time taken so far is 1.212141752243042 seconds

Doing depth 5
We had 4 inferral cache hits and 917 partitioning cache hits
The partitioning cache has 30 tilings in it right now
The inferral cache has 84 tilings in it right now
There are 83 tilings in the search tree
Time taken so far is 3.5053751468658447 seconds

Doing depth 6
We had 36 inferral cache hits and 2983 partitioning cache hits
The partitioning cache has 20 tilings in it right now
The inferral cache has 150 tilings in it right now
There are 159 tilings in the search tree
Time taken so far is 15.182284116744995 seconds

Doing depth 7
We had 36 inferral cache hits and 4879 partitioning cache hits
The partitioning cache has 8 tilings in it right now
The inferral cache has 371 tilings in it right now
There are 282 tilings in the search tree
Time taken so far is 54.17369079589844 seconds

Now processing 0123_0231
Doing depth 1
We had 0 inferral cache hits and 0 partitioning cache hits
The partitioning cache has 0 tilings in it right now
The inferral cache has 6 tilings in it right now
There are 5 tilings in the search tree
Time taken so far is 0.0277559757232666 seconds

Doing depth 2
We had 0 inferral cache hits and 30 partitioning cache hits
The partitioning cache has 4 tilings in it right now
The inferral cache has 14 tilings in it right now
There are 15 tilings in the search tree
Time taken so far is 0.12506961822509766 seconds

Doing depth 3
We had 2 inferral cache hits and 130 partitioning cache hits
The partitioning cache has 2 tilings in it right now
The inferral cache has 37 tilings in it right now
There are 31 tilings in the search tree
Time taken so far is 0.3520059585571289 seconds

Doing depth 4
We had 2 inferral cache hits and 193 partitioning cache hits
The partitioning cache has 0 tilings in it right now
The inferral cache has 53 tilings in it right now
There are 40 tilings in the search tree
Time taken so far is 0.7625646591186523 seconds

Doing depth 5
We had 4 inferral cache hits and 793 partitioning cache hits
The partitioning cache has 28 tilings in it right now
The inferral cache has 89 tilings in it right now
There are 75 tilings in the search tree
Time taken so far is 2.4882099628448486 seconds

Doing depth 6
We had 34 inferral cache hits and 2576 partitioning cache hits
The partitioning cache has 18 tilings in it right now
The inferral cache has 171 tilings in it right now
There are 150 tilings in the search tree
Time taken so far is 12.298791408538818 seconds

Doing depth 7
We had 34 inferral cache hits and 4170 partitioning cache hits
The partitioning cache has 12 tilings in it right now
The inferral cache has 366 tilings in it right now
There are 257 tilings in the search tree
Time taken so far is 38.13700294494629 seconds

Now processing 0123_1230
Doing depth 1
We had 0 inferral cache hits and 0 partitioning cache hits
The partitioning cache has 0 tilings in it right now
The inferral cache has 6 tilings in it right now
There are 5 tilings in the search tree
Time taken so far is 0.026636362075805664 seconds

Doing depth 2
We had 0 inferral cache hits and 28 partitioning cache hits
The partitioning cache has 4 tilings in it right now
The inferral cache has 14 tilings in it right now
There are 15 tilings in the search tree
Time taken so far is 0.12177920341491699 seconds

Doing depth 3
We had 2 inferral cache hits and 122 partitioning cache hits
The partitioning cache has 2 tilings in it right now
The inferral cache has 36 tilings in it right now
There are 31 tilings in the search tree
Time taken so far is 0.34398436546325684 seconds

Doing depth 4
We had 2 inferral cache hits and 182 partitioning cache hits
The partitioning cache has 0 tilings in it right now
The inferral cache has 52 tilings in it right now
There are 40 tilings in the search tree
Time taken so far is 0.6899104118347168 seconds

Doing depth 5
We had 4 inferral cache hits and 777 partitioning cache hits
The partitioning cache has 28 tilings in it right now
The inferral cache has 88 tilings in it right now
There are 74 tilings in the search tree
Time taken so far is 2.02960205078125 seconds

Doing depth 6
We had 38 inferral cache hits and 3070 partitioning cache hits
The partitioning cache has 25 tilings in it right now
The inferral cache has 172 tilings in it right now
There are 160 tilings in the search tree
Time taken so far is 7.240546226501465 seconds

Doing depth 7
We had 38 inferral cache hits and 4514 partitioning cache hits
The partitioning cache has 17 tilings in it right now
The inferral cache has 361 tilings in it right now
There are 260 tilings in the search tree
Time taken so far is 19.345993757247925 seconds

Now processing 0123_2301
Doing depth 1
We had 0 inferral cache hits and 0 partitioning cache hits
The partitioning cache has 0 tilings in it right now
The inferral cache has 6 tilings in it right now
There are 5 tilings in the search tree
Time taken so far is 0.025592565536499023 seconds

Doing depth 2
We had 0 inferral cache hits and 26 partitioning cache hits
The partitioning cache has 4 tilings in it right now
The inferral cache has 14 tilings in it right now
There are 13 tilings in the search tree
Time taken so far is 0.12153291702270508 seconds

Doing depth 3
We had 2 inferral cache hits and 108 partitioning cache hits
The partitioning cache has 2 tilings in it right now
The inferral cache has 36 tilings in it right now
There are 27 tilings in the search tree
Time taken so far is 0.2769172191619873 seconds

Doing depth 4
We had 2 inferral cache hits and 160 partitioning cache hits
The partitioning cache has 0 tilings in it right now
The inferral cache has 52 tilings in it right now
There are 35 tilings in the search tree
Time taken so far is 0.43970656394958496 seconds

Doing depth 5
We had 4 inferral cache hits and 670 partitioning cache hits
The partitioning cache has 26 tilings in it right now
The inferral cache has 92 tilings in it right now
There are 69 tilings in the search tree
Time taken so far is 1.7259521484375 seconds

Doing depth 6
We had 39 inferral cache hits and 2824 partitioning cache hits
The partitioning cache has 30 tilings in it right now
The inferral cache has 189 tilings in it right now
There are 156 tilings in the search tree
Time taken so far is 5.352654218673706 seconds

Doing depth 7
We had 87 inferral cache hits and 12077 partitioning cache hits
The partitioning cache has 44 tilings in it right now
The inferral cache has 515 tilings in it right now
There are 403 tilings in the search tree
Time taken so far is 15.475634336471558 seconds

Now processing 0132_0213
Doing depth 1
We had 0 inferral cache hits and 0 partitioning cache hits
The partitioning cache has 0 tilings in it right now
The inferral cache has 6 tilings in it right now
There are 5 tilings in the search tree
Time taken so far is 0.02314615249633789 seconds

Doing depth 2
We had 0 inferral cache hits and 30 partitioning cache hits
The partitioning cache has 4 tilings in it right now
The inferral cache has 14 tilings in it right now
There are 15 tilings in the search tree
Time taken so far is 0.10905885696411133 seconds

Doing depth 3
We had 2 inferral cache hits and 130 partitioning cache hits
The partitioning cache has 2 tilings in it right now
The inferral cache has 38 tilings in it right now
There are 31 tilings in the search tree
Time taken so far is 0.3426649570465088 seconds

Doing depth 4
We had 2 inferral cache hits and 193 partitioning cache hits
The partitioning cache has 1 tilings in it right now
The inferral cache has 53 tilings in it right now
There are 40 tilings in the search tree
Time taken so far is 0.7859416007995605 seconds

Doing depth 5
We had 4 inferral cache hits and 796 partitioning cache hits
The partitioning cache has 29 tilings in it right now
The inferral cache has 90 tilings in it right now
There are 76 tilings in the search tree
Time taken so far is 2.3311147689819336 seconds

Doing depth 6
We had 38 inferral cache hits and 2542 partitioning cache hits
The partitioning cache has 19 tilings in it right now
The inferral cache has 175 tilings in it right now
There are 148 tilings in the search tree
Time taken so far is 11.629613161087036 seconds

Doing depth 7
We had 38 inferral cache hits and 4124 partitioning cache hits
The partitioning cache has 15 tilings in it right now
The inferral cache has 357 tilings in it right now
There are 249 tilings in the search tree
Time taken so far is 43.353744983673096 seconds

Now processing 0132_0321
Doing depth 1
We had 0 inferral cache hits and 0 partitioning cache hits
The partitioning cache has 0 tilings in it right now
The inferral cache has 5 tilings in it right now
There are 5 tilings in the search tree
Time taken so far is 0.024350643157958984 seconds

Doing depth 2
We had 0 inferral cache hits and 30 partitioning cache hits
The partitioning cache has 4 tilings in it right now
The inferral cache has 13 tilings in it right now
There are 15 tilings in the search tree
Time taken so far is 0.11155033111572266 seconds

Doing depth 3
We had 2 inferral cache hits and 130 partitioning cache hits
The partitioning cache has 2 tilings in it right now
The inferral cache has 33 tilings in it right now
There are 31 tilings in the search tree
Time taken so far is 0.30736780166625977 seconds

Doing depth 4
We had 2 inferral cache hits and 193 partitioning cache hits
The partitioning cache has 2 tilings in it right now
The inferral cache has 47 tilings in it right now
There are 40 tilings in the search tree
Time taken so far is 0.6268396377563477 seconds

Doing depth 5
We had 3 inferral cache hits and 809 partitioning cache hits
The partitioning cache has 28 tilings in it right now
The inferral cache has 84 tilings in it right now
There are 78 tilings in the search tree
Time taken so far is 2.044975757598877 seconds

Doing depth 6
We had 37 inferral cache hits and 2580 partitioning cache hits
The partitioning cache has 18 tilings in it right now
The inferral cache has 160 tilings in it right now
There are 158 tilings in the search tree
Time taken so far is 12.392833948135376 seconds

Doing depth 7
We had 37 inferral cache hits and 4099 partitioning cache hits
The partitioning cache has 30 tilings in it right now
The inferral cache has 321 tilings in it right now
There are 254 tilings in the search tree
Time taken so far is 43.28395462036133 seconds

Now processing 0132_1023
Doing depth 1
We had 0 inferral cache hits and 0 partitioning cache hits
The partitioning cache has 0 tilings in it right now
The inferral cache has 6 tilings in it right now
There are 5 tilings in the search tree
Time taken so far is 0.0105438232421875 seconds

Doing depth 2
We had 0 inferral cache hits and 26 partitioning cache hits
The partitioning cache has 4 tilings in it right now
The inferral cache has 14 tilings in it right now
There are 13 tilings in the search tree
Time taken so far is 0.06164956092834473 seconds

Doing depth 3
We had 2 inferral cache hits and 108 partitioning cache hits
The partitioning cache has 2 tilings in it right now
The inferral cache has 38 tilings in it right now
There are 27 tilings in the search tree
Time taken so far is 0.17795300483703613 seconds

Doing depth 4
We had 2 inferral cache hits and 160 partitioning cache hits
The partitioning cache has 0 tilings in it right now
The inferral cache has 54 tilings in it right now
There are 35 tilings in the search tree
Time taken so far is 0.30672264099121094 seconds

Doing depth 5
We had 4 inferral cache hits and 845 partitioning cache hits
The partitioning cache has 26 tilings in it right now
The inferral cache has 156 tilings in it right now
There are 88 tilings in the search tree
Time taken so far is 2.8425371646881104 seconds

Doing depth 6
We had 30 inferral cache hits and 2519 partitioning cache hits
The partitioning cache has 17 tilings in it right now
The inferral cache has 331 tilings in it right now
There are 169 tilings in the search tree
Time taken so far is 12.609230518341064 seconds

Doing depth 7
We had 30 inferral cache hits and 4117 partitioning cache hits
The partitioning cache has 10 tilings in it right now
The inferral cache has 651 tilings in it right now
There are 297 tilings in the search tree
Time taken so far is 34.88059091567993 seconds

Now processing 0132_1032
Doing depth 1
We had 0 inferral cache hits and 0 partitioning cache hits
The partitioning cache has 0 tilings in it right now
The inferral cache has 5 tilings in it right now
There are 5 tilings in the search tree
Time taken so far is 0.012726068496704102 seconds

Doing depth 2
We had 0 inferral cache hits and 26 partitioning cache hits
The partitioning cache has 4 tilings in it right now
The inferral cache has 13 tilings in it right now
There are 13 tilings in the search tree
Time taken so far is 0.07468986511230469 seconds

Doing depth 3
We had 2 inferral cache hits and 108 partitioning cache hits
The partitioning cache has 2 tilings in it right now
The inferral cache has 32 tilings in it right now
There are 27 tilings in the search tree
Time taken so far is 0.21477413177490234 seconds

Doing depth 4
We had 2 inferral cache hits and 170 partitioning cache hits
The partitioning cache has 2 tilings in it right now
The inferral cache has 51 tilings in it right now
There are 37 tilings in the search tree
Time taken so far is 0.3936295509338379 seconds

Doing depth 5
We had 12 inferral cache hits and 1775 partitioning cache hits
The partitioning cache has 32 tilings in it right now
The inferral cache has 116 tilings in it right now
There are 119 tilings in the search tree
Time taken so far is 2.9290969371795654 seconds

Doing depth 6
We had 91 inferral cache hits and 32006 partitioning cache hits
The partitioning cache has 58 tilings in it right now
The inferral cache has 349 tilings in it right now
There are 451 tilings in the search tree
Time taken so far is 29.268017768859863 seconds

Doing depth 7
We had 399 inferral cache hits and 1616331 partitioning cache hits
The partitioning cache has 200 tilings in it right now
The inferral cache has 1473 tilings in it right now
There are 2271 tilings in the search tree
Time taken so far is 567.940735578537 seconds

Now processing 0132_1203
Doing depth 1
We had 0 inferral cache hits and 0 partitioning cache hits
The partitioning cache has 0 tilings in it right now
The inferral cache has 6 tilings in it right now
There are 5 tilings in the search tree
Time taken so far is 0.0228726863861084 seconds

Doing depth 2
We had 0 inferral cache hits and 26 partitioning cache hits
The partitioning cache has 4 tilings in it right now
The inferral cache has 14 tilings in it right now
There are 13 tilings in the search tree
Time taken so far is 0.10524249076843262 seconds

Doing depth 3
We had 2 inferral cache hits and 108 partitioning cache hits
The partitioning cache has 2 tilings in it right now
The inferral cache has 38 tilings in it right now
There are 27 tilings in the search tree
Time taken so far is 0.23579931259155273 seconds

Doing depth 4
We had 2 inferral cache hits and 160 partitioning cache hits
The partitioning cache has 0 tilings in it right now
The inferral cache has 56 tilings in it right now
There are 35 tilings in the search tree
Time taken so far is 0.36208415031433105 seconds

Doing depth 5
We had 4 inferral cache hits and 724 partitioning cache hits
The partitioning cache has 28 tilings in it right now
The inferral cache has 113 tilings in it right now
There are 77 tilings in the search tree
Time taken so far is 1.793973684310913 seconds

Doing depth 6
We had 43 inferral cache hits and 4149 partitioning cache hits
The partitioning cache has 43 tilings in it right now
The inferral cache has 338 tilings in it right now
There are 222 tilings in the search tree
Time taken so far is 9.355036735534668 seconds

Doing depth 7
We had 222 inferral cache hits and 109417 partitioning cache hits
The partitioning cache has 165 tilings in it right now
The inferral cache has 1521 tilings in it right now
There are 1211 tilings in the search tree
Time taken so far is 131.26415371894836 seconds

Now processing 0132_1230
Doing depth 1
We had 0 inferral cache hits and 0 partitioning cache hits
The partitioning cache has 0 tilings in it right now
The inferral cache has 6 tilings in it right now
There are 5 tilings in the search tree
Time taken so far is 0.023246049880981445 seconds

Doing depth 2
We had 0 inferral cache hits and 26 partitioning cache hits
The partitioning cache has 4 tilings in it right now
The inferral cache has 14 tilings in it right now
There are 13 tilings in the search tree
Time taken so far is 0.10501623153686523 seconds

Doing depth 3
We had 2 inferral cache hits and 108 partitioning cache hits
The partitioning cache has 2 tilings in it right now
The inferral cache has 37 tilings in it right now
There are 27 tilings in the search tree
Time taken so far is 0.24280047416687012 seconds

Doing depth 4
We had 2 inferral cache hits and 160 partitioning cache hits
The partitioning cache has 0 tilings in it right now
The inferral cache has 53 tilings in it right now
There are 35 tilings in the search tree
Time taken so far is 0.3803527355194092 seconds

Doing depth 5
We had 4 inferral cache hits and 721 partitioning cache hits
The partitioning cache has 26 tilings in it right now
The inferral cache has 95 tilings in it right now
There are 72 tilings in the search tree
Time taken so far is 1.7818348407745361 seconds

Doing depth 6
We had 33 inferral cache hits and 2193 partitioning cache hits
The partitioning cache has 15 tilings in it right now
The inferral cache has 197 tilings in it right now
There are 142 tilings in the search tree
Time taken so far is 7.527711629867554 seconds

Doing depth 7
We had 33 inferral cache hits and 3405 partitioning cache hits
The partitioning cache has 7 tilings in it right now
The inferral cache has 371 tilings in it right now
There are 227 tilings in the search tree
Time taken so far is 21.39180636405945 seconds

Now processing 0132_1320
Doing depth 1
We had 0 inferral cache hits and 0 partitioning cache hits
The partitioning cache has 0 tilings in it right now
The inferral cache has 6 tilings in it right now
There are 5 tilings in the search tree
Time taken so far is 0.010799407958984375 seconds

Doing depth 2
We had 0 inferral cache hits and 26 partitioning cache hits
The partitioning cache has 4 tilings in it right now
The inferral cache has 14 tilings in it right now
There are 13 tilings in the search tree
Time taken so far is 0.06740117073059082 seconds

Doing depth 3
We had 2 inferral cache hits and 108 partitioning cache hits
The partitioning cache has 2 tilings in it right now
The inferral cache has 36 tilings in it right now
There are 27 tilings in the search tree
Time taken so far is 0.19519329071044922 seconds

Doing depth 4
We had 2 inferral cache hits and 160 partitioning cache hits
The partitioning cache has 1 tilings in it right now
The inferral cache has 52 tilings in it right now
There are 35 tilings in the search tree
Time taken so far is 0.32294201850891113 seconds

Doing depth 5
We had 4 inferral cache hits and 750 partitioning cache hits
The partitioning cache has 26 tilings in it right now
The inferral cache has 97 tilings in it right now
There are 74 tilings in the search tree
Time taken so far is 1.9837210178375244 seconds

Doing depth 6
We had 41 inferral cache hits and 3634 partitioning cache hits
The partitioning cache has 28 tilings in it right now
The inferral cache has 238 tilings in it right now
There are 185 tilings in the search tree
Time taken so far is 10.396711111068726 seconds

Doing depth 7
We had 105 inferral cache hits and 35458 partitioning cache hits
The partitioning cache has 88 tilings in it right now
The inferral cache has 800 tilings in it right now
There are 673 tilings in the search tree
Time taken so far is 62.16117286682129 seconds

Now processing 0132_2301
Doing depth 1
We had 0 inferral cache hits and 0 partitioning cache hits
The partitioning cache has 0 tilings in it right now
The inferral cache has 5 tilings in it right now
There are 5 tilings in the search tree
Time taken so far is 0.019574880599975586 seconds

Doing depth 2
We had 0 inferral cache hits and 26 partitioning cache hits
The partitioning cache has 4 tilings in it right now
The inferral cache has 13 tilings in it right now
There are 13 tilings in the search tree
Time taken so far is 0.09706425666809082 seconds

Doing depth 3
We had 2 inferral cache hits and 108 partitioning cache hits
The partitioning cache has 2 tilings in it right now
The inferral cache has 32 tilings in it right now
There are 27 tilings in the search tree
Time taken so far is 0.2537403106689453 seconds

Doing depth 4
We had 2 inferral cache hits and 160 partitioning cache hits
The partitioning cache has 1 tilings in it right now
The inferral cache has 47 tilings in it right now
There are 35 tilings in the search tree
Time taken so far is 0.4092686176300049 seconds

Doing depth 5
We had 3 inferral cache hits and 672 partitioning cache hits
The partitioning cache has 24 tilings in it right now
The inferral cache has 95 tilings in it right now
There are 71 tilings in the search tree
Time taken so far is 1.59035062789917 seconds

Doing depth 6
We had 33 inferral cache hits and 2782 partitioning cache hits
The partitioning cache has 30 tilings in it right now
The inferral cache has 220 tilings in it right now
There are 163 tilings in the search tree
Time taken so far is 4.872836589813232 seconds

Doing depth 7
We had 33 inferral cache hits and 3947 partitioning cache hits
The partitioning cache has 35 tilings in it right now
The inferral cache has 388 tilings in it right now
There are 248 tilings in the search tree
Time taken so far is 12.363404989242554 seconds

Now processing 0132_3120
Doing depth 1
We had 0 inferral cache hits and 0 partitioning cache hits
The partitioning cache has 0 tilings in it right now
The inferral cache has 6 tilings in it right now
There are 5 tilings in the search tree
Time taken so far is 0.016696929931640625 seconds

Doing depth 2
We had 0 inferral cache hits and 30 partitioning cache hits
The partitioning cache has 4 tilings in it right now
The inferral cache has 14 tilings in it right now
There are 15 tilings in the search tree
Time taken so far is 0.09615612030029297 seconds

Doing depth 3
We had 2 inferral cache hits and 130 partitioning cache hits
The partitioning cache has 2 tilings in it right now
The inferral cache has 38 tilings in it right now
There are 31 tilings in the search tree
Time taken so far is 0.3315873146057129 seconds

Doing depth 4
We had 2 inferral cache hits and 193 partitioning cache hits
The partitioning cache has 0 tilings in it right now
The inferral cache has 54 tilings in it right now
There are 40 tilings in the search tree
Time taken so far is 0.7959933280944824 seconds

Doing depth 5
We had 4 inferral cache hits and 709 partitioning cache hits
The partitioning cache has 26 tilings in it right now
The inferral cache has 92 tilings in it right now
There are 72 tilings in the search tree
Time taken so far is 2.114046812057495 seconds

Doing depth 6
We had 32 inferral cache hits and 2370 partitioning cache hits
The partitioning cache has 22 tilings in it right now
The inferral cache has 190 tilings in it right now
There are 146 tilings in the search tree
Time taken so far is 6.367105007171631 seconds

Doing depth 7
We had 47 inferral cache hits and 7571 partitioning cache hits
The partitioning cache has 35 tilings in it right now
The inferral cache has 426 tilings in it right now
There are 330 tilings in the search tree
Time taken so far is 17.048388242721558 seconds

Now processing 0213_0321
Doing depth 1
We had 0 inferral cache hits and 0 partitioning cache hits
The partitioning cache has 0 tilings in it right now
The inferral cache has 6 tilings in it right now
There are 5 tilings in the search tree
Time taken so far is 0.024602174758911133 seconds

Doing depth 2
We had 0 inferral cache hits and 30 partitioning cache hits
The partitioning cache has 4 tilings in it right now
The inferral cache has 14 tilings in it right now
There are 15 tilings in the search tree
Time taken so far is 0.11026906967163086 seconds

Doing depth 3
We had 2 inferral cache hits and 130 partitioning cache hits
The partitioning cache has 2 tilings in it right now
The inferral cache has 37 tilings in it right now
There are 31 tilings in the search tree
Time taken so far is 0.3060283660888672 seconds

Doing depth 4
We had 2 inferral cache hits and 193 partitioning cache hits
The partitioning cache has 1 tilings in it right now
The inferral cache has 52 tilings in it right now
There are 40 tilings in the search tree
Time taken so far is 0.6746647357940674 seconds

Doing depth 5
We had 4 inferral cache hits and 794 partitioning cache hits
The partitioning cache has 28 tilings in it right now
The inferral cache has 88 tilings in it right now
There are 75 tilings in the search tree
Time taken so far is 2.2398569583892822 seconds

Doing depth 6
We had 34 inferral cache hits and 2571 partitioning cache hits
The partitioning cache has 18 tilings in it right now
The inferral cache has 170 tilings in it right now
There are 150 tilings in the search tree
Time taken so far is 11.224726676940918 seconds

Doing depth 7
We had 34 inferral cache hits and 4158 partitioning cache hits
The partitioning cache has 21 tilings in it right now
The inferral cache has 353 tilings in it right now
There are 256 tilings in the search tree
Time taken so far is 39.270777463912964 seconds

Now processing 0213_1230
Doing depth 1
We had 0 inferral cache hits and 0 partitioning cache hits
The partitioning cache has 0 tilings in it right now
The inferral cache has 6 tilings in it right now
There are 5 tilings in the search tree
Time taken so far is 0.014757871627807617 seconds

Doing depth 2
We had 0 inferral cache hits and 28 partitioning cache hits
The partitioning cache has 4 tilings in it right now
The inferral cache has 14 tilings in it right now
There are 15 tilings in the search tree
Time taken so far is 0.09007692337036133 seconds

Doing depth 3
We had 2 inferral cache hits and 122 partitioning cache hits
The partitioning cache has 2 tilings in it right now
The inferral cache has 37 tilings in it right now
There are 31 tilings in the search tree
Time taken so far is 0.38059115409851074 seconds

Doing depth 4
We had 2 inferral cache hits and 182 partitioning cache hits
The partitioning cache has 1 tilings in it right now
The inferral cache has 52 tilings in it right now
There are 40 tilings in the search tree
Time taken so far is 0.7148292064666748 seconds

Doing depth 5
We had 4 inferral cache hits and 847 partitioning cache hits
The partitioning cache has 27 tilings in it right now
The inferral cache has 113 tilings in it right now
There are 82 tilings in the search tree
Time taken so far is 2.2824177742004395 seconds

Doing depth 6
We had 77 inferral cache hits and 15977 partitioning cache hits
The partitioning cache has 44 tilings in it right now
The inferral cache has 469 tilings in it right now
There are 322 tilings in the search tree
Time taken so far is 14.871551752090454 seconds

Doing depth 7
We had 77 inferral cache hits and 17356 partitioning cache hits
The partitioning cache has 40 tilings in it right now
The inferral cache has 664 tilings in it right now
There are 422 tilings in the search tree
Time taken so far is 27.103113412857056 seconds

Now processing 0213_1320
Doing depth 1
We had 0 inferral cache hits and 0 partitioning cache hits
The partitioning cache has 0 tilings in it right now
The inferral cache has 6 tilings in it right now
There are 5 tilings in the search tree
Time taken so far is 0.01664280891418457 seconds

Doing depth 2
We had 0 inferral cache hits and 28 partitioning cache hits
The partitioning cache has 4 tilings in it right now
The inferral cache has 14 tilings in it right now
There are 15 tilings in the search tree
Time taken so far is 0.09957003593444824 seconds

Doing depth 3
We had 2 inferral cache hits and 122 partitioning cache hits
The partitioning cache has 2 tilings in it right now
The inferral cache has 36 tilings in it right now
There are 31 tilings in the search tree
Time taken so far is 0.45950937271118164 seconds

Doing depth 4
We had 2 inferral cache hits and 182 partitioning cache hits
The partitioning cache has 2 tilings in it right now
The inferral cache has 50 tilings in it right now
There are 40 tilings in the search tree
Time taken so far is 0.9054334163665771 seconds

Doing depth 5
We had 4 inferral cache hits and 830 partitioning cache hits
The partitioning cache has 29 tilings in it right now
The inferral cache has 89 tilings in it right now
There are 77 tilings in the search tree
Time taken so far is 2.628570795059204 seconds

Doing depth 6
We had 37 inferral cache hits and 5350 partitioning cache hits
The partitioning cache has 34 tilings in it right now
The inferral cache has 209 tilings in it right now
There are 208 tilings in the search tree
Time taken so far is 11.06087875366211 seconds

Doing depth 7
We had 68 inferral cache hits and 50853 partitioning cache hits
The partitioning cache has 93 tilings in it right now
The inferral cache has 609 tilings in it right now
There are 636 tilings in the search tree
Time taken so far is 52.88474917411804 seconds

Now processing 0213_2301
Doing depth 1
We had 0 inferral cache hits and 0 partitioning cache hits
The partitioning cache has 0 tilings in it right now
The inferral cache has 6 tilings in it right now
There are 5 tilings in the search tree
Time taken so far is 0.021341323852539062 seconds

Doing depth 2
We had 0 inferral cache hits and 26 partitioning cache hits
The partitioning cache has 4 tilings in it right now
The inferral cache has 14 tilings in it right now
There are 13 tilings in the search tree
Time taken so far is 0.10308647155761719 seconds

Doing depth 3
We had 2 inferral cache hits and 108 partitioning cache hits
The partitioning cache has 2 tilings in it right now
The inferral cache has 36 tilings in it right now
There are 27 tilings in the search tree
Time taken so far is 0.24962186813354492 seconds

Doing depth 4
We had 2 inferral cache hits and 160 partitioning cache hits
The partitioning cache has 0 tilings in it right now
The inferral cache has 52 tilings in it right now
There are 35 tilings in the search tree
Time taken so far is 0.3986477851867676 seconds

Doing depth 5
We had 4 inferral cache hits and 668 partitioning cache hits
The partitioning cache has 26 tilings in it right now
The inferral cache has 94 tilings in it right now
There are 69 tilings in the search tree
Time taken so far is 1.61745285987854 seconds

Doing depth 6
We had 30 inferral cache hits and 2102 partitioning cache hits
The partitioning cache has 19 tilings in it right now
The inferral cache has 173 tilings in it right now
There are 129 tilings in the search tree
Time taken so far is 4.065773963928223 seconds

Doing depth 7
We had 40 inferral cache hits and 3725 partitioning cache hits
The partitioning cache has 36 tilings in it right now
The inferral cache has 410 tilings in it right now
There are 254 tilings in the search tree
Time taken so far is 10.679699897766113 seconds

Now processing 0213_3120
Doing depth 1
We had 0 inferral cache hits and 0 partitioning cache hits
The partitioning cache has 0 tilings in it right now
The inferral cache has 6 tilings in it right now
There are 5 tilings in the search tree
Time taken so far is 0.0316157341003418 seconds

Doing depth 2
We had 0 inferral cache hits and 32 partitioning cache hits
The partitioning cache has 4 tilings in it right now
The inferral cache has 14 tilings in it right now
There are 16 tilings in the search tree
Time taken so far is 0.13124394416809082 seconds

Doing depth 3
We had 2 inferral cache hits and 144 partitioning cache hits
The partitioning cache has 2 tilings in it right now
The inferral cache has 40 tilings in it right now
There are 34 tilings in the search tree
Time taken so far is 0.44139909744262695 seconds

Doing depth 4
We had 2 inferral cache hits and 215 partitioning cache hits
The partitioning cache has 0 tilings in it right now
The inferral cache has 56 tilings in it right now
There are 44 tilings in the search tree
Time taken so far is 0.9957733154296875 seconds

Doing depth 5
We had 4 inferral cache hits and 743 partitioning cache hits
The partitioning cache has 26 tilings in it right now
The inferral cache has 90 tilings in it right now
There are 74 tilings in the search tree
Time taken so far is 2.31836199760437 seconds

Doing depth 6
We had 35 inferral cache hits and 2376 partitioning cache hits
The partitioning cache has 17 tilings in it right now
The inferral cache has 166 tilings in it right now
There are 134 tilings in the search tree
Time taken so far is 5.434689283370972 seconds

Doing depth 7
We had 35 inferral cache hits and 3917 partitioning cache hits
The partitioning cache has 12 tilings in it right now
The inferral cache has 364 tilings in it right now
There are 235 tilings in the search tree
Time taken so far is 13.941669702529907 seconds

Now processing 0231_0312
Doing depth 1
We had 0 inferral cache hits and 0 partitioning cache hits
The partitioning cache has 0 tilings in it right now
The inferral cache has 5 tilings in it right now
There are 5 tilings in the search tree
Time taken so far is 0.017430543899536133 seconds

Doing depth 2
We had 0 inferral cache hits and 30 partitioning cache hits
The partitioning cache has 4 tilings in it right now
The inferral cache has 13 tilings in it right now
There are 15 tilings in the search tree
Time taken so far is 0.10486388206481934 seconds

Doing depth 3
We had 2 inferral cache hits and 130 partitioning cache hits
The partitioning cache has 2 tilings in it right now
The inferral cache has 34 tilings in it right now
There are 31 tilings in the search tree
Time taken so far is 0.3722217082977295 seconds

Doing depth 4
We had 2 inferral cache hits and 193 partitioning cache hits
The partitioning cache has 3 tilings in it right now
The inferral cache has 47 tilings in it right now
There are 40 tilings in the search tree
Time taken so far is 0.9000382423400879 seconds

Doing depth 5
We had 4 inferral cache hits and 782 partitioning cache hits
The partitioning cache has 27 tilings in it right now
The inferral cache has 88 tilings in it right now
There are 79 tilings in the search tree
Time taken so far is 3.0899860858917236 seconds

Doing depth 6
We had 40 inferral cache hits and 2521 partitioning cache hits
The partitioning cache has 17 tilings in it right now
The inferral cache has 196 tilings in it right now
There are 164 tilings in the search tree
Time taken so far is 15.004876136779785 seconds

Doing depth 7
We had 40 inferral cache hits and 3973 partitioning cache hits
The partitioning cache has 27 tilings in it right now
The inferral cache has 346 tilings in it right now
There are 253 tilings in the search tree
Time taken so far is 43.297502756118774 seconds

Now processing 0231_0321
Doing depth 1
We had 0 inferral cache hits and 0 partitioning cache hits
The partitioning cache has 0 tilings in it right now
The inferral cache has 5 tilings in it right now
There are 5 tilings in the search tree
Time taken so far is 0.02879500389099121 seconds

Doing depth 2
We had 0 inferral cache hits and 30 partitioning cache hits
The partitioning cache has 4 tilings in it right now
The inferral cache has 13 tilings in it right now
There are 15 tilings in the search tree
Time taken so far is 0.12957096099853516 seconds

Doing depth 3
We had 2 inferral cache hits and 130 partitioning cache hits
The partitioning cache has 2 tilings in it right now
The inferral cache has 33 tilings in it right now
There are 31 tilings in the search tree
Time taken so far is 0.38788437843322754 seconds

Doing depth 4
We had 2 inferral cache hits and 203 partitioning cache hits
The partitioning cache has 3 tilings in it right now
The inferral cache has 50 tilings in it right now
There are 42 tilings in the search tree
Time taken so far is 0.994765043258667 seconds

Doing depth 5
We had 12 inferral cache hits and 1647 partitioning cache hits
The partitioning cache has 38 tilings in it right now
The inferral cache has 100 tilings in it right now
There are 102 tilings in the search tree
Time taken so far is 4.2322986125946045 seconds

Doing depth 6
We had 73 inferral cache hits and 8010 partitioning cache hits
The partitioning cache has 53 tilings in it right now
The inferral cache has 237 tilings in it right now
There are 272 tilings in the search tree
Time taken so far is 22.145659685134888 seconds

Doing depth 7
We had 187 inferral cache hits and 34179 partitioning cache hits
The partitioning cache has 119 tilings in it right now
The inferral cache has 694 tilings in it right now
There are 724 tilings in the search tree
Time taken so far is 97.27530431747437 seconds

Now processing 0231_1203
Doing depth 1
We had 0 inferral cache hits and 0 partitioning cache hits
The partitioning cache has 0 tilings in it right now
The inferral cache has 6 tilings in it right now
There are 5 tilings in the search tree
Time taken so far is 0.022721290588378906 seconds

Doing depth 2
We had 0 inferral cache hits and 26 partitioning cache hits
The partitioning cache has 4 tilings in it right now
The inferral cache has 14 tilings in it right now
There are 13 tilings in the search tree
Time taken so far is 0.10965919494628906 seconds

Doing depth 3
We had 2 inferral cache hits and 108 partitioning cache hits
The partitioning cache has 2 tilings in it right now
The inferral cache has 36 tilings in it right now
There are 27 tilings in the search tree
Time taken so far is 0.25253844261169434 seconds

Doing depth 4
We had 2 inferral cache hits and 160 partitioning cache hits
The partitioning cache has 1 tilings in it right now
The inferral cache has 51 tilings in it right now
There are 35 tilings in the search tree
Time taken so far is 0.38948893547058105 seconds

Doing depth 5
We had 4 inferral cache hits and 738 partitioning cache hits
The partitioning cache has 26 tilings in it right now
The inferral cache has 117 tilings in it right now
There are 79 tilings in the search tree
Time taken so far is 1.9023396968841553 seconds

Doing depth 6
We had 30 inferral cache hits and 2481 partitioning cache hits
The partitioning cache has 16 tilings in it right now
The inferral cache has 291 tilings in it right now
There are 174 tilings in the search tree
Time taken so far is 7.169322490692139 seconds

Doing depth 7
We had 30 inferral cache hits and 3572 partitioning cache hits
The partitioning cache has 17 tilings in it right now
The inferral cache has 445 tilings in it right now
There are 255 tilings in the search tree
Time taken so far is 13.301558017730713 seconds

Now processing 0231_1230
Doing depth 1
We had 0 inferral cache hits and 0 partitioning cache hits
The partitioning cache has 0 tilings in it right now
The inferral cache has 6 tilings in it right now
There are 5 tilings in the search tree
Time taken so far is 0.012066125869750977 seconds

Doing depth 2
We had 0 inferral cache hits and 26 partitioning cache hits
The partitioning cache has 4 tilings in it right now
The inferral cache has 14 tilings in it right now
There are 13 tilings in the search tree
Time taken so far is 0.07056045532226562 seconds

Doing depth 3
We had 2 inferral cache hits and 108 partitioning cache hits
The partitioning cache has 2 tilings in it right now
The inferral cache has 36 tilings in it right now
There are 27 tilings in the search tree
Time taken so far is 0.2071540355682373 seconds

Doing depth 4
We had 2 inferral cache hits and 160 partitioning cache hits
The partitioning cache has 0 tilings in it right now
The inferral cache has 52 tilings in it right now
There are 35 tilings in the search tree
Time taken so far is 0.3878605365753174 seconds

Doing depth 5
We had 4 inferral cache hits and 810 partitioning cache hits
The partitioning cache has 27 tilings in it right now
The inferral cache has 95 tilings in it right now
There are 80 tilings in the search tree
Time taken so far is 2.6023173332214355 seconds

Doing depth 6
We had 37 inferral cache hits and 3785 partitioning cache hits
The partitioning cache has 24 tilings in it right now
The inferral cache has 214 tilings in it right now
There are 199 tilings in the search tree
Time taken so far is 22.181223392486572 seconds

Doing depth 7
We had 74 inferral cache hits and 42656 partitioning cache hits
The partitioning cache has 53 tilings in it right now
The inferral cache has 595 tilings in it right now
There are 591 tilings in the search tree
Time taken so far is 135.5326144695282 seconds

Now processing 0231_2013
Doing depth 1
We had 0 inferral cache hits and 0 partitioning cache hits
The partitioning cache has 0 tilings in it right now
The inferral cache has 6 tilings in it right now
There are 5 tilings in the search tree
Time taken so far is 0.025623798370361328 seconds

Doing depth 2
We had 0 inferral cache hits and 26 partitioning cache hits
The partitioning cache has 4 tilings in it right now
The inferral cache has 14 tilings in it right now
There are 13 tilings in the search tree
Time taken so far is 0.11798501014709473 seconds

Doing depth 3
We had 2 inferral cache hits and 108 partitioning cache hits
The partitioning cache has 2 tilings in it right now
The inferral cache has 36 tilings in it right now
There are 27 tilings in the search tree
Time taken so far is 0.27809572219848633 seconds

Doing depth 4
We had 2 inferral cache hits and 160 partitioning cache hits
The partitioning cache has 2 tilings in it right now
The inferral cache has 50 tilings in it right now
There are 35 tilings in the search tree
Time taken so far is 0.4286010265350342 seconds

Doing depth 5
We had 4 inferral cache hits and 676 partitioning cache hits
The partitioning cache has 22 tilings in it right now
The inferral cache has 96 tilings in it right now
There are 69 tilings in the search tree
Time taken so far is 1.787792444229126 seconds

Doing depth 6
We had 39 inferral cache hits and 2939 partitioning cache hits
The partitioning cache has 34 tilings in it right now
The inferral cache has 252 tilings in it right now
There are 183 tilings in the search tree
Time taken so far is 8.632871389389038 seconds

Doing depth 7
We had 68 inferral cache hits and 9995 partitioning cache hits
The partitioning cache has 81 tilings in it right now
The inferral cache has 484 tilings in it right now
There are 365 tilings in the search tree
Time taken so far is 48.81486773490906 seconds

Now processing 0231_2031
Doing depth 1
We had 0 inferral cache hits and 0 partitioning cache hits
The partitioning cache has 0 tilings in it right now
The inferral cache has 5 tilings in it right now
There are 5 tilings in the search tree
Time taken so far is 0.02169179916381836 seconds

Doing depth 2
We had 0 inferral cache hits and 26 partitioning cache hits
The partitioning cache has 4 tilings in it right now
The inferral cache has 13 tilings in it right now
There are 13 tilings in the search tree
Time taken so far is 0.10722136497497559 seconds

Doing depth 3
We had 2 inferral cache hits and 108 partitioning cache hits
The partitioning cache has 2 tilings in it right now
The inferral cache has 32 tilings in it right now
There are 27 tilings in the search tree
Time taken so far is 0.25545215606689453 seconds

Doing depth 4
We had 2 inferral cache hits and 160 partitioning cache hits
The partitioning cache has 4 tilings in it right now
The inferral cache has 45 tilings in it right now
There are 35 tilings in the search tree
Time taken so far is 0.3866722583770752 seconds

Doing depth 5
We had 4 inferral cache hits and 663 partitioning cache hits
The partitioning cache has 24 tilings in it right now
The inferral cache has 90 tilings in it right now
There are 74 tilings in the search tree
Time taken so far is 1.9544703960418701 seconds

Doing depth 6
We had 28 inferral cache hits and 1936 partitioning cache hits
The partitioning cache has 17 tilings in it right now
The inferral cache has 182 tilings in it right now
There are 138 tilings in the search tree
Time taken so far is 8.376133441925049 seconds

Doing depth 7
We had 28 inferral cache hits and 3590 partitioning cache hits
The partitioning cache has 44 tilings in it right now
The inferral cache has 323 tilings in it right now
There are 226 tilings in the search tree
Time taken so far is 22.290998935699463 seconds

Now processing 0231_2130
Doing depth 1
We had 0 inferral cache hits and 0 partitioning cache hits
The partitioning cache has 0 tilings in it right now
The inferral cache has 6 tilings in it right now
There are 5 tilings in the search tree
Time taken so far is 0.012908697128295898 seconds

Doing depth 2
We had 0 inferral cache hits and 26 partitioning cache hits
The partitioning cache has 4 tilings in it right now
The inferral cache has 14 tilings in it right now
There are 13 tilings in the search tree
Time taken so far is 0.0737466812133789 seconds

Doing depth 3
We had 2 inferral cache hits and 108 partitioning cache hits
The partitioning cache has 2 tilings in it right now
The inferral cache has 37 tilings in it right now
There are 27 tilings in the search tree
Time taken so far is 0.21453475952148438 seconds

Doing depth 4
We had 2 inferral cache hits and 160 partitioning cache hits
The partitioning cache has 1 tilings in it right now
The inferral cache has 52 tilings in it right now
There are 35 tilings in the search tree
Time taken so far is 0.35207152366638184 seconds

Doing depth 5
We had 4 inferral cache hits and 675 partitioning cache hits
The partitioning cache has 26 tilings in it right now
The inferral cache has 97 tilings in it right now
There are 74 tilings in the search tree
Time taken so far is 1.976435661315918 seconds

Doing depth 6
We had 35 inferral cache hits and 2159 partitioning cache hits
The partitioning cache has 17 tilings in it right now
The inferral cache has 224 tilings in it right now
There are 157 tilings in the search tree
Time taken so far is 10.361740827560425 seconds

Doing depth 7
We had 43 inferral cache hits and 5963 partitioning cache hits
The partitioning cache has 36 tilings in it right now
The inferral cache has 446 tilings in it right now
There are 305 tilings in the search tree
Time taken so far is 41.774391412734985 seconds

Now processing 0231_2301
Doing depth 1
We had 0 inferral cache hits and 0 partitioning cache hits
The partitioning cache has 0 tilings in it right now
The inferral cache has 5 tilings in it right now
There are 5 tilings in the search tree
Time taken so far is 0.021195411682128906 seconds

Doing depth 2
We had 0 inferral cache hits and 26 partitioning cache hits
The partitioning cache has 3 tilings in it right now
The inferral cache has 14 tilings in it right now
There are 13 tilings in the search tree
Time taken so far is 0.11055874824523926 seconds

Doing depth 3
We had 2 inferral cache hits and 107 partitioning cache hits
The partitioning cache has 1 tilings in it right now
The inferral cache has 34 tilings in it right now
There are 27 tilings in the search tree
Time taken so far is 0.27660465240478516 seconds

Doing depth 4
We had 2 inferral cache hits and 158 partitioning cache hits
The partitioning cache has 1 tilings in it right now
The inferral cache has 49 tilings in it right now
There are 35 tilings in the search tree
Time taken so far is 0.4408433437347412 seconds

Doing depth 5
We had 3 inferral cache hits and 689 partitioning cache hits
The partitioning cache has 24 tilings in it right now
The inferral cache has 94 tilings in it right now
There are 77 tilings in the search tree
Time taken so far is 2.576233148574829 seconds

Doing depth 6
We had 34 inferral cache hits and 2400 partitioning cache hits
The partitioning cache has 22 tilings in it right now
The inferral cache has 190 tilings in it right now
There are 162 tilings in the search tree
Time taken so far is 13.38493037223816 seconds

Doing depth 7
We had 46 inferral cache hits and 3843 partitioning cache hits
The partitioning cache has 44 tilings in it right now
The inferral cache has 391 tilings in it right now
There are 280 tilings in the search tree
Time taken so far is 36.20478081703186 seconds

Now processing 0231_3012
Doing depth 1
We had 0 inferral cache hits and 0 partitioning cache hits
The partitioning cache has 0 tilings in it right now
The inferral cache has 5 tilings in it right now
There are 5 tilings in the search tree
Time taken so far is 0.0254061222076416 seconds

Doing depth 2
We had 0 inferral cache hits and 30 partitioning cache hits
The partitioning cache has 4 tilings in it right now
The inferral cache has 13 tilings in it right now
There are 15 tilings in the search tree
Time taken so far is 0.12005853652954102 seconds

Doing depth 3
We had 2 inferral cache hits and 130 partitioning cache hits
The partitioning cache has 2 tilings in it right now
The inferral cache has 34 tilings in it right now
There are 31 tilings in the search tree
Time taken so far is 0.33216166496276855 seconds

Doing depth 4
We had 2 inferral cache hits and 193 partitioning cache hits
The partitioning cache has 2 tilings in it right now
The inferral cache has 48 tilings in it right now
There are 40 tilings in the search tree
Time taken so far is 0.7260010242462158 seconds

Doing depth 5
We had 4 inferral cache hits and 759 partitioning cache hits
The partitioning cache has 28 tilings in it right now
The inferral cache has 88 tilings in it right now
There are 76 tilings in the search tree
Time taken so far is 2.2058801651000977 seconds

Doing depth 6
We had 46 inferral cache hits and 2972 partitioning cache hits
The partitioning cache has 32 tilings in it right now
The inferral cache has 200 tilings in it right now
There are 173 tilings in the search tree
Time taken so far is 8.834465503692627 seconds

Doing depth 7
We had 52 inferral cache hits and 4560 partitioning cache hits
The partitioning cache has 40 tilings in it right now
The inferral cache has 413 tilings in it right now
There are 288 tilings in the search tree
Time taken so far is 23.044533014297485 seconds

Now processing 0321_1032
Doing depth 1
We had 0 inferral cache hits and 0 partitioning cache hits
The partitioning cache has 0 tilings in it right now
The inferral cache has 5 tilings in it right now
There are 5 tilings in the search tree
Time taken so far is 0.020038366317749023 seconds

Doing depth 2
We had 0 inferral cache hits and 26 partitioning cache hits
The partitioning cache has 4 tilings in it right now
The inferral cache has 13 tilings in it right now
There are 13 tilings in the search tree
Time taken so far is 0.10004091262817383 seconds

Doing depth 3
We had 2 inferral cache hits and 108 partitioning cache hits
The partitioning cache has 2 tilings in it right now
The inferral cache has 32 tilings in it right now
There are 27 tilings in the search tree
Time taken so far is 0.24858522415161133 seconds

Doing depth 4
We had 2 inferral cache hits and 160 partitioning cache hits
The partitioning cache has 2 tilings in it right now
The inferral cache has 46 tilings in it right now
There are 35 tilings in the search tree
Time taken so far is 0.38380885124206543 seconds

Doing depth 5
We had 4 inferral cache hits and 694 partitioning cache hits
The partitioning cache has 27 tilings in it right now
The inferral cache has 86 tilings in it right now
There are 73 tilings in the search tree
Time taken so far is 1.9741730690002441 seconds

Doing depth 6
We had 35 inferral cache hits and 2182 partitioning cache hits
The partitioning cache has 18 tilings in it right now
The inferral cache has 160 tilings in it right now
There are 146 tilings in the search tree
Time taken so far is 7.057270288467407 seconds

Doing depth 7
We had 35 inferral cache hits and 3493 partitioning cache hits
The partitioning cache has 24 tilings in it right now
The inferral cache has 323 tilings in it right now
There are 236 tilings in the search tree
Time taken so far is 20.193215131759644 seconds

Now processing 0321_2103
Doing depth 1
We had 0 inferral cache hits and 0 partitioning cache hits
The partitioning cache has 0 tilings in it right now
The inferral cache has 6 tilings in it right now
There are 5 tilings in the search tree
Time taken so far is 0.023053407669067383 seconds

Doing depth 2
We had 0 inferral cache hits and 26 partitioning cache hits
The partitioning cache has 4 tilings in it right now
The inferral cache has 14 tilings in it right now
There are 13 tilings in the search tree
Time taken so far is 0.10829496383666992 seconds

Doing depth 3
We had 2 inferral cache hits and 108 partitioning cache hits
The partitioning cache has 2 tilings in it right now
The inferral cache has 36 tilings in it right now
There are 27 tilings in the search tree
Time taken so far is 0.24418926239013672 seconds

Doing depth 4
We had 2 inferral cache hits and 160 partitioning cache hits
The partitioning cache has 0 tilings in it right now
The inferral cache has 52 tilings in it right now
There are 35 tilings in the search tree
Time taken so far is 0.3782958984375 seconds

Doing depth 5
We had 4 inferral cache hits and 674 partitioning cache hits
The partitioning cache has 26 tilings in it right now
The inferral cache has 92 tilings in it right now
There are 69 tilings in the search tree
Time taken so far is 1.5508546829223633 seconds

Doing depth 6
We had 28 inferral cache hits and 2020 partitioning cache hits
The partitioning cache has 17 tilings in it right now
The inferral cache has 190 tilings in it right now
There are 134 tilings in the search tree
Time taken so far is 4.686992645263672 seconds

Doing depth 7
We had 28 inferral cache hits and 3153 partitioning cache hits
The partitioning cache has 8 tilings in it right now
The inferral cache has 361 tilings in it right now
There are 217 tilings in the search tree
Time taken so far is 11.66705322265625 seconds

Now processing 1032_1302
Doing depth 1
We had 0 inferral cache hits and 0 partitioning cache hits
The partitioning cache has 0 tilings in it right now
The inferral cache has 4 tilings in it right now
There are 5 tilings in the search tree
Time taken so far is 0.014445304870605469 seconds

Doing depth 2
We had 0 inferral cache hits and 26 partitioning cache hits
The partitioning cache has 4 tilings in it right now
The inferral cache has 12 tilings in it right now
There are 13 tilings in the search tree
Time taken so far is 0.08529853820800781 seconds

Doing depth 3
We had 2 inferral cache hits and 108 partitioning cache hits
The partitioning cache has 2 tilings in it right now
The inferral cache has 26 tilings in it right now
There are 27 tilings in the search tree
Time taken so far is 0.25517868995666504 seconds

Doing depth 4
We had 2 inferral cache hits and 160 partitioning cache hits
The partitioning cache has 6 tilings in it right now
The inferral cache has 38 tilings in it right now
There are 35 tilings in the search tree
Time taken so far is 0.3928978443145752 seconds

Doing depth 5
We had 3 inferral cache hits and 680 partitioning cache hits
The partitioning cache has 23 tilings in it right now
The inferral cache has 75 tilings in it right now
There are 73 tilings in the search tree
Time taken so far is 1.985762357711792 seconds

Doing depth 6
We had 31 inferral cache hits and 2024 partitioning cache hits
The partitioning cache has 20 tilings in it right now
The inferral cache has 139 tilings in it right now
There are 142 tilings in the search tree
Time taken so far is 10.421905517578125 seconds

Doing depth 7
We had 31 inferral cache hits and 4620 partitioning cache hits
The partitioning cache has 66 tilings in it right now
The inferral cache has 285 tilings in it right now
There are 249 tilings in the search tree
Time taken so far is 33.03799319267273 seconds

Now processing 1032_2301
Doing depth 1
We had 0 inferral cache hits and 0 partitioning cache hits
The partitioning cache has 0 tilings in it right now
The inferral cache has 4 tilings in it right now
There are 5 tilings in the search tree
Time taken so far is 0.024486541748046875 seconds

Doing depth 2
We had 0 inferral cache hits and 26 partitioning cache hits
The partitioning cache has 4 tilings in it right now
The inferral cache has 12 tilings in it right now
There are 13 tilings in the search tree
Time taken so far is 0.1274886131286621 seconds

Doing depth 3
We had 2 inferral cache hits and 108 partitioning cache hits
The partitioning cache has 2 tilings in it right now
The inferral cache has 26 tilings in it right now
There are 27 tilings in the search tree
Time taken so far is 0.2952713966369629 seconds

Doing depth 4
We had 2 inferral cache hits and 160 partitioning cache hits
The partitioning cache has 0 tilings in it right now
The inferral cache has 42 tilings in it right now
There are 35 tilings in the search tree
Time taken so far is 0.44585514068603516 seconds

Doing depth 5
We had 2 inferral cache hits and 672 partitioning cache hits
The partitioning cache has 32 tilings in it right now
The inferral cache has 88 tilings in it right now
There are 73 tilings in the search tree
Time taken so far is 1.682701587677002 seconds

Doing depth 6
We had 46 inferral cache hits and 3336 partitioning cache hits
The partitioning cache has 48 tilings in it right now
The inferral cache has 214 tilings in it right now
There are 182 tilings in the search tree
Time taken so far is 5.353585720062256 seconds

Doing depth 7
We had 46 inferral cache hits and 4546 partitioning cache hits
The partitioning cache has 56 tilings in it right now
The inferral cache has 390 tilings in it right now
There are 266 tilings in the search tree
Time taken so far is 13.29941463470459 seconds

