/users/home/henningu/ATRAP/non-regular-insertion-encodable-bases/logs_length2
Now processing 0123_0132
Doing depth 1
We had 0 inferral cache hits and 14 partitioning cache hits
The partitioning cache has 0 tilings in it right now
The inferral cache has 4 tilings in it right now
There are 4 tilings in the search tree
Time taken so far is 0.04753851890563965 seconds

Doing depth 2
We had 0 inferral cache hits and 56 partitioning cache hits
The partitioning cache has 2 tilings in it right now
The inferral cache has 8 tilings in it right now
There are 10 tilings in the search tree
Time taken so far is 0.14077448844909668 seconds

Doing depth 3
We had 1 inferral cache hits and 119 partitioning cache hits
The partitioning cache has 1 tilings in it right now
The inferral cache has 15 tilings in it right now
There are 17 tilings in the search tree
Time taken so far is 0.2978377342224121 seconds

Doing depth 4
We had 1 inferral cache hits and 153 partitioning cache hits
The partitioning cache has 0 tilings in it right now
The inferral cache has 19 tilings in it right now
There are 20 tilings in the search tree
Time taken so far is 0.5782599449157715 seconds

Doing depth 5
We had 1 inferral cache hits and 243 partitioning cache hits
The partitioning cache has 8 tilings in it right now
The inferral cache has 27 tilings in it right now
There are 30 tilings in the search tree
Time taken so far is 1.0776395797729492 seconds

Doing depth 6
We had 9 inferral cache hits and 505 partitioning cache hits
The partitioning cache has 6 tilings in it right now
The inferral cache has 39 tilings in it right now
There are 48 tilings in the search tree
Time taken so far is 4.762637615203857 seconds

Doing depth 7
We had 9 inferral cache hits and 769 partitioning cache hits
The partitioning cache has 2 tilings in it right now
The inferral cache has 71 tilings in it right now
There are 69 tilings in the search tree
Time taken so far is 17.623168468475342 seconds

Doing depth 8
We had 9 inferral cache hits and 1430 partitioning cache hits
The partitioning cache has 41 tilings in it right now
The inferral cache has 117 tilings in it right now
There are 135 tilings in the search tree
Time taken so far is 32.085580587387085 seconds

Now processing 0123_0213
Doing depth 1
We had 0 inferral cache hits and 14 partitioning cache hits
The partitioning cache has 0 tilings in it right now
The inferral cache has 4 tilings in it right now
There are 4 tilings in the search tree
Time taken so far is 0.026453018188476562 seconds

Doing depth 2
We had 0 inferral cache hits and 56 partitioning cache hits
The partitioning cache has 2 tilings in it right now
The inferral cache has 8 tilings in it right now
There are 10 tilings in the search tree
Time taken so far is 0.09781384468078613 seconds

Doing depth 3
We had 1 inferral cache hits and 119 partitioning cache hits
The partitioning cache has 1 tilings in it right now
The inferral cache has 16 tilings in it right now
There are 17 tilings in the search tree
Time taken so far is 0.237015962600708 seconds

Doing depth 4
We had 1 inferral cache hits and 153 partitioning cache hits
The partitioning cache has 0 tilings in it right now
The inferral cache has 20 tilings in it right now
There are 20 tilings in the search tree
Time taken so far is 0.5018482208251953 seconds

Doing depth 5
We had 1 inferral cache hits and 243 partitioning cache hits
The partitioning cache has 8 tilings in it right now
The inferral cache has 28 tilings in it right now
There are 29 tilings in the search tree
Time taken so far is 1.0322067737579346 seconds

Doing depth 6
We had 9 inferral cache hits and 505 partitioning cache hits
The partitioning cache has 6 tilings in it right now
The inferral cache has 41 tilings in it right now
There are 45 tilings in the search tree
Time taken so far is 5.3149473667144775 seconds

Doing depth 7
We had 9 inferral cache hits and 769 partitioning cache hits
The partitioning cache has 2 tilings in it right now
The inferral cache has 73 tilings in it right now
There are 65 tilings in the search tree
Time taken so far is 21.318708896636963 seconds

Doing depth 8
We had 9 inferral cache hits and 1421 partitioning cache hits
The partitioning cache has 43 tilings in it right now
The inferral cache has 123 tilings in it right now
There are 129 tilings in the search tree
Time taken so far is 41.656689167022705 seconds

Now processing 0123_0231
Doing depth 1
We had 0 inferral cache hits and 14 partitioning cache hits
The partitioning cache has 0 tilings in it right now
The inferral cache has 4 tilings in it right now
There are 4 tilings in the search tree
Time taken so far is 0.025904178619384766 seconds

Doing depth 2
We had 0 inferral cache hits and 56 partitioning cache hits
The partitioning cache has 2 tilings in it right now
The inferral cache has 8 tilings in it right now
There are 10 tilings in the search tree
Time taken so far is 0.09855937957763672 seconds

Doing depth 3
We had 1 inferral cache hits and 119 partitioning cache hits
The partitioning cache has 1 tilings in it right now
The inferral cache has 16 tilings in it right now
There are 17 tilings in the search tree
Time taken so far is 0.2393028736114502 seconds

Doing depth 4
We had 1 inferral cache hits and 153 partitioning cache hits
The partitioning cache has 0 tilings in it right now
The inferral cache has 20 tilings in it right now
There are 20 tilings in the search tree
Time taken so far is 0.5194213390350342 seconds

Doing depth 5
We had 1 inferral cache hits and 243 partitioning cache hits
The partitioning cache has 7 tilings in it right now
The inferral cache has 29 tilings in it right now
There are 29 tilings in the search tree
Time taken so far is 1.072033166885376 seconds

Doing depth 6
We had 9 inferral cache hits and 504 partitioning cache hits
The partitioning cache has 5 tilings in it right now
The inferral cache has 43 tilings in it right now
There are 45 tilings in the search tree
Time taken so far is 5.273049831390381 seconds

Doing depth 7
We had 9 inferral cache hits and 767 partitioning cache hits
The partitioning cache has 2 tilings in it right now
The inferral cache has 75 tilings in it right now
There are 65 tilings in the search tree
Time taken so far is 18.806130409240723 seconds

Doing depth 8
We had 11 inferral cache hits and 1454 partitioning cache hits
The partitioning cache has 38 tilings in it right now
The inferral cache has 136 tilings in it right now
There are 130 tilings in the search tree
Time taken so far is 36.78054666519165 seconds

Now processing 0123_1230
Doing depth 1
We had 0 inferral cache hits and 14 partitioning cache hits
The partitioning cache has 0 tilings in it right now
The inferral cache has 4 tilings in it right now
There are 4 tilings in the search tree
Time taken so far is 0.021042823791503906 seconds

Doing depth 2
We had 0 inferral cache hits and 56 partitioning cache hits
The partitioning cache has 2 tilings in it right now
The inferral cache has 8 tilings in it right now
There are 8 tilings in the search tree
Time taken so far is 0.08937954902648926 seconds

Doing depth 3
We had 1 inferral cache hits and 119 partitioning cache hits
The partitioning cache has 1 tilings in it right now
The inferral cache has 15 tilings in it right now
There are 13 tilings in the search tree
Time taken so far is 0.24617314338684082 seconds

Doing depth 4
We had 1 inferral cache hits and 153 partitioning cache hits
The partitioning cache has 0 tilings in it right now
The inferral cache has 19 tilings in it right now
There are 15 tilings in the search tree
Time taken so far is 0.627206563949585 seconds

Doing depth 5
We had 1 inferral cache hits and 248 partitioning cache hits
The partitioning cache has 6 tilings in it right now
The inferral cache has 31 tilings in it right now
There are 24 tilings in the search tree
Time taken so far is 1.2585561275482178 seconds

Doing depth 6
We had 8 inferral cache hits and 594 partitioning cache hits
The partitioning cache has 8 tilings in it right now
The inferral cache has 56 tilings in it right now
There are 46 tilings in the search tree
Time taken so far is 7.10936427116394 seconds

Doing depth 7
We had 8 inferral cache hits and 812 partitioning cache hits
The partitioning cache has 4 tilings in it right now
The inferral cache has 81 tilings in it right now
There are 58 tilings in the search tree
Time taken so far is 28.375525951385498 seconds

Doing depth 8
We had 10 inferral cache hits and 1485 partitioning cache hits
The partitioning cache has 37 tilings in it right now
The inferral cache has 153 tilings in it right now
There are 114 tilings in the search tree
Time taken so far is 54.43181538581848 seconds

Now processing 0123_2301
Doing depth 1
We had 0 inferral cache hits and 14 partitioning cache hits
The partitioning cache has 0 tilings in it right now
The inferral cache has 4 tilings in it right now
There are 4 tilings in the search tree
Time taken so far is 0.02137446403503418 seconds

Doing depth 2
We had 0 inferral cache hits and 56 partitioning cache hits
The partitioning cache has 2 tilings in it right now
The inferral cache has 8 tilings in it right now
There are 8 tilings in the search tree
Time taken so far is 0.09128999710083008 seconds

Doing depth 3
We had 1 inferral cache hits and 119 partitioning cache hits
The partitioning cache has 1 tilings in it right now
The inferral cache has 15 tilings in it right now
There are 13 tilings in the search tree
Time taken so far is 0.25235557556152344 seconds

Doing depth 4
We had 1 inferral cache hits and 153 partitioning cache hits
The partitioning cache has 0 tilings in it right now
The inferral cache has 19 tilings in it right now
There are 15 tilings in the search tree
Time taken so far is 0.6589341163635254 seconds

Doing depth 5
We had 1 inferral cache hits and 243 partitioning cache hits
The partitioning cache has 7 tilings in it right now
The inferral cache has 27 tilings in it right now
There are 23 tilings in the search tree
Time taken so far is 1.1634199619293213 seconds

Doing depth 6
We had 7 inferral cache hits and 481 partitioning cache hits
The partitioning cache has 5 tilings in it right now
The inferral cache has 38 tilings in it right now
There are 37 tilings in the search tree
Time taken so far is 5.736101388931274 seconds

Doing depth 7
We had 7 inferral cache hits and 700 partitioning cache hits
The partitioning cache has 2 tilings in it right now
The inferral cache has 63 tilings in it right now
There are 52 tilings in the search tree
Time taken so far is 24.03717875480652 seconds

Doing depth 8
We had 8 inferral cache hits and 1358 partitioning cache hits
The partitioning cache has 36 tilings in it right now
The inferral cache has 113 tilings in it right now
There are 112 tilings in the search tree
Time taken so far is 40.115262031555176 seconds

Now processing 0132_0213
Doing depth 1
We had 0 inferral cache hits and 14 partitioning cache hits
The partitioning cache has 0 tilings in it right now
The inferral cache has 4 tilings in it right now
There are 4 tilings in the search tree
Time taken so far is 0.02649378776550293 seconds

Doing depth 2
We had 0 inferral cache hits and 56 partitioning cache hits
The partitioning cache has 2 tilings in it right now
The inferral cache has 8 tilings in it right now
There are 10 tilings in the search tree
Time taken so far is 0.09849309921264648 seconds

Doing depth 3
We had 1 inferral cache hits and 119 partitioning cache hits
The partitioning cache has 1 tilings in it right now
The inferral cache has 16 tilings in it right now
There are 17 tilings in the search tree
Time taken so far is 0.2405385971069336 seconds

Doing depth 4
We had 1 inferral cache hits and 153 partitioning cache hits
The partitioning cache has 0 tilings in it right now
The inferral cache has 20 tilings in it right now
There are 20 tilings in the search tree
Time taken so far is 0.5288646221160889 seconds

Doing depth 5
We had 1 inferral cache hits and 243 partitioning cache hits
The partitioning cache has 8 tilings in it right now
The inferral cache has 28 tilings in it right now
There are 29 tilings in the search tree
Time taken so far is 1.084479808807373 seconds

Doing depth 6
We had 9 inferral cache hits and 505 partitioning cache hits
The partitioning cache has 6 tilings in it right now
The inferral cache has 41 tilings in it right now
There are 45 tilings in the search tree
Time taken so far is 5.778947114944458 seconds

Doing depth 7
We had 9 inferral cache hits and 769 partitioning cache hits
The partitioning cache has 2 tilings in it right now
The inferral cache has 74 tilings in it right now
There are 65 tilings in the search tree
Time taken so far is 22.79719591140747 seconds

Doing depth 8
We had 9 inferral cache hits and 1428 partitioning cache hits
The partitioning cache has 41 tilings in it right now
The inferral cache has 128 tilings in it right now
There are 128 tilings in the search tree
Time taken so far is 44.604827642440796 seconds

Now processing 0132_0231
Doing depth 1
We had 0 inferral cache hits and 14 partitioning cache hits
The partitioning cache has 0 tilings in it right now
The inferral cache has 4 tilings in it right now
There are 4 tilings in the search tree
Time taken so far is 0.025730609893798828 seconds

Doing depth 2
We had 0 inferral cache hits and 56 partitioning cache hits
The partitioning cache has 2 tilings in it right now
The inferral cache has 8 tilings in it right now
There are 10 tilings in the search tree
Time taken so far is 0.09746909141540527 seconds

Doing depth 3
We had 1 inferral cache hits and 119 partitioning cache hits
The partitioning cache has 1 tilings in it right now
The inferral cache has 16 tilings in it right now
There are 17 tilings in the search tree
Time taken so far is 0.23989439010620117 seconds

Doing depth 4
We had 1 inferral cache hits and 153 partitioning cache hits
The partitioning cache has 0 tilings in it right now
The inferral cache has 20 tilings in it right now
There are 20 tilings in the search tree
Time taken so far is 0.5123195648193359 seconds

Doing depth 5
We had 1 inferral cache hits and 243 partitioning cache hits
The partitioning cache has 8 tilings in it right now
The inferral cache has 28 tilings in it right now
There are 29 tilings in the search tree
Time taken so far is 1.0772490501403809 seconds

Doing depth 6
We had 9 inferral cache hits and 505 partitioning cache hits
The partitioning cache has 6 tilings in it right now
The inferral cache has 41 tilings in it right now
There are 45 tilings in the search tree
Time taken so far is 5.813756227493286 seconds

Doing depth 7
We had 9 inferral cache hits and 769 partitioning cache hits
The partitioning cache has 1 tilings in it right now
The inferral cache has 74 tilings in it right now
There are 65 tilings in the search tree
Time taken so far is 22.823283910751343 seconds

Doing depth 8
We had 9 inferral cache hits and 1442 partitioning cache hits
The partitioning cache has 43 tilings in it right now
The inferral cache has 130 tilings in it right now
There are 130 tilings in the search tree
Time taken so far is 46.98787546157837 seconds

Now processing 0132_0321
Doing depth 1
We had 0 inferral cache hits and 14 partitioning cache hits
The partitioning cache has 0 tilings in it right now
The inferral cache has 4 tilings in it right now
There are 4 tilings in the search tree
Time taken so far is 0.025202274322509766 seconds

Doing depth 2
We had 0 inferral cache hits and 56 partitioning cache hits
The partitioning cache has 2 tilings in it right now
The inferral cache has 8 tilings in it right now
There are 10 tilings in the search tree
Time taken so far is 0.09480404853820801 seconds

Doing depth 3
We had 1 inferral cache hits and 119 partitioning cache hits
The partitioning cache has 1 tilings in it right now
The inferral cache has 15 tilings in it right now
There are 17 tilings in the search tree
Time taken so far is 0.2339615821838379 seconds

Doing depth 4
We had 1 inferral cache hits and 153 partitioning cache hits
The partitioning cache has 0 tilings in it right now
The inferral cache has 19 tilings in it right now
There are 20 tilings in the search tree
Time taken so far is 0.5051901340484619 seconds

Doing depth 5
We had 1 inferral cache hits and 243 partitioning cache hits
The partitioning cache has 8 tilings in it right now
The inferral cache has 27 tilings in it right now
There are 30 tilings in the search tree
Time taken so far is 1.0115556716918945 seconds

Doing depth 6
We had 9 inferral cache hits and 505 partitioning cache hits
The partitioning cache has 6 tilings in it right now
The inferral cache has 39 tilings in it right now
There are 48 tilings in the search tree
Time taken so far is 4.766516208648682 seconds

Doing depth 7
We had 9 inferral cache hits and 763 partitioning cache hits
The partitioning cache has 4 tilings in it right now
The inferral cache has 67 tilings in it right now
There are 68 tilings in the search tree
Time taken so far is 17.75624179840088 seconds

Doing depth 8
We had 9 inferral cache hits and 1505 partitioning cache hits
The partitioning cache has 44 tilings in it right now
The inferral cache has 125 tilings in it right now
There are 136 tilings in the search tree
Time taken so far is 34.256887674331665 seconds

Now processing 0132_1023
Doing depth 1
We had 0 inferral cache hits and 14 partitioning cache hits
The partitioning cache has 0 tilings in it right now
The inferral cache has 4 tilings in it right now
There are 4 tilings in the search tree
Time taken so far is 0.021080493927001953 seconds

Doing depth 2
We had 0 inferral cache hits and 56 partitioning cache hits
The partitioning cache has 2 tilings in it right now
The inferral cache has 8 tilings in it right now
There are 8 tilings in the search tree
Time taken so far is 0.10718703269958496 seconds

Doing depth 3
We had 1 inferral cache hits and 119 partitioning cache hits
The partitioning cache has 1 tilings in it right now
The inferral cache has 15 tilings in it right now
There are 13 tilings in the search tree
Time taken so far is 0.26339101791381836 seconds

Doing depth 4
We had 1 inferral cache hits and 153 partitioning cache hits
The partitioning cache has 0 tilings in it right now
The inferral cache has 19 tilings in it right now
There are 15 tilings in the search tree
Time taken so far is 0.6767566204071045 seconds

Doing depth 5
We had 1 inferral cache hits and 243 partitioning cache hits
The partitioning cache has 8 tilings in it right now
The inferral cache has 27 tilings in it right now
There are 25 tilings in the search tree
Time taken so far is 1.1549973487854004 seconds

Doing depth 6
We had 9 inferral cache hits and 505 partitioning cache hits
The partitioning cache has 6 tilings in it right now
The inferral cache has 38 tilings in it right now
There are 41 tilings in the search tree
Time taken so far is 5.457679033279419 seconds

Doing depth 7
We had 9 inferral cache hits and 763 partitioning cache hits
The partitioning cache has 5 tilings in it right now
The inferral cache has 69 tilings in it right now
There are 60 tilings in the search tree
Time taken so far is 21.581045866012573 seconds

Doing depth 8
We had 9 inferral cache hits and 1517 partitioning cache hits
The partitioning cache has 41 tilings in it right now
The inferral cache has 130 tilings in it right now
There are 143 tilings in the search tree
Time taken so far is 33.34382724761963 seconds

Now processing 0132_1032
Doing depth 1
We had 0 inferral cache hits and 14 partitioning cache hits
The partitioning cache has 0 tilings in it right now
The inferral cache has 4 tilings in it right now
There are 4 tilings in the search tree
Time taken so far is 0.02215266227722168 seconds

Doing depth 2
We had 0 inferral cache hits and 56 partitioning cache hits
The partitioning cache has 2 tilings in it right now
The inferral cache has 8 tilings in it right now
There are 8 tilings in the search tree
Time taken so far is 0.09051299095153809 seconds

Doing depth 3
We had 1 inferral cache hits and 119 partitioning cache hits
The partitioning cache has 1 tilings in it right now
The inferral cache has 15 tilings in it right now
There are 13 tilings in the search tree
Time taken so far is 0.24739289283752441 seconds

Doing depth 4
We had 1 inferral cache hits and 153 partitioning cache hits
The partitioning cache has 0 tilings in it right now
The inferral cache has 19 tilings in it right now
There are 15 tilings in the search tree
Time taken so far is 0.6517195701599121 seconds

Doing depth 5
We had 1 inferral cache hits and 243 partitioning cache hits
The partitioning cache has 8 tilings in it right now
The inferral cache has 27 tilings in it right now
There are 26 tilings in the search tree
Time taken so far is 1.119683027267456 seconds

Doing depth 6
We had 9 inferral cache hits and 505 partitioning cache hits
The partitioning cache has 6 tilings in it right now
The inferral cache has 39 tilings in it right now
There are 44 tilings in the search tree
Time taken so far is 5.1168999671936035 seconds

Doing depth 7
We had 9 inferral cache hits and 763 partitioning cache hits
The partitioning cache has 5 tilings in it right now
The inferral cache has 67 tilings in it right now
There are 62 tilings in the search tree
Time taken so far is 20.21477437019348 seconds

Doing depth 8
We had 9 inferral cache hits and 1493 partitioning cache hits
The partitioning cache has 42 tilings in it right now
The inferral cache has 122 tilings in it right now
There are 122 tilings in the search tree
Time taken so far is 38.335811138153076 seconds

Now processing 0132_1203
Doing depth 1
We had 0 inferral cache hits and 14 partitioning cache hits
The partitioning cache has 0 tilings in it right now
The inferral cache has 4 tilings in it right now
There are 4 tilings in the search tree
Time taken so far is 0.021007061004638672 seconds

Doing depth 2
We had 0 inferral cache hits and 56 partitioning cache hits
The partitioning cache has 2 tilings in it right now
The inferral cache has 8 tilings in it right now
There are 8 tilings in the search tree
Time taken so far is 0.08683133125305176 seconds

Doing depth 3
We had 1 inferral cache hits and 119 partitioning cache hits
The partitioning cache has 1 tilings in it right now
The inferral cache has 15 tilings in it right now
There are 13 tilings in the search tree
Time taken so far is 0.24113893508911133 seconds

Doing depth 4
We had 1 inferral cache hits and 153 partitioning cache hits
The partitioning cache has 0 tilings in it right now
The inferral cache has 19 tilings in it right now
There are 15 tilings in the search tree
Time taken so far is 0.6434004306793213 seconds

Doing depth 5
We had 1 inferral cache hits and 248 partitioning cache hits
The partitioning cache has 7 tilings in it right now
The inferral cache has 30 tilings in it right now
There are 24 tilings in the search tree
Time taken so far is 1.2558679580688477 seconds

Doing depth 6
We had 7 inferral cache hits and 510 partitioning cache hits
The partitioning cache has 5 tilings in it right now
The inferral cache has 50 tilings in it right now
There are 38 tilings in the search tree
Time taken so far is 7.261526107788086 seconds

Doing depth 7
We had 7 inferral cache hits and 729 partitioning cache hits
The partitioning cache has 0 tilings in it right now
The inferral cache has 76 tilings in it right now
There are 50 tilings in the search tree
Time taken so far is 30.978423833847046 seconds

Doing depth 8
We had 7 inferral cache hits and 1423 partitioning cache hits
The partitioning cache has 35 tilings in it right now
The inferral cache has 153 tilings in it right now
There are 110 tilings in the search tree
Time taken so far is 55.25386166572571 seconds

Now processing 0132_1230
Doing depth 1
We had 0 inferral cache hits and 14 partitioning cache hits
The partitioning cache has 0 tilings in it right now
The inferral cache has 4 tilings in it right now
There are 4 tilings in the search tree
Time taken so far is 0.020725250244140625 seconds

Doing depth 2
We had 0 inferral cache hits and 56 partitioning cache hits
The partitioning cache has 2 tilings in it right now
The inferral cache has 8 tilings in it right now
There are 8 tilings in the search tree
Time taken so far is 0.08618378639221191 seconds

Doing depth 3
We had 1 inferral cache hits and 119 partitioning cache hits
The partitioning cache has 1 tilings in it right now
The inferral cache has 15 tilings in it right now
There are 13 tilings in the search tree
Time taken so far is 0.2397327423095703 seconds

Doing depth 4
We had 1 inferral cache hits and 153 partitioning cache hits
The partitioning cache has 0 tilings in it right now
The inferral cache has 19 tilings in it right now
There are 15 tilings in the search tree
Time taken so far is 0.6140627861022949 seconds

Doing depth 5
We had 1 inferral cache hits and 248 partitioning cache hits
The partitioning cache has 6 tilings in it right now
The inferral cache has 31 tilings in it right now
There are 24 tilings in the search tree
Time taken so far is 1.2637426853179932 seconds

Doing depth 6
We had 6 inferral cache hits and 516 partitioning cache hits
The partitioning cache has 4 tilings in it right now
The inferral cache has 53 tilings in it right now
There are 38 tilings in the search tree
Time taken so far is 7.2360312938690186 seconds

Doing depth 7
We had 6 inferral cache hits and 734 partitioning cache hits
The partitioning cache has 0 tilings in it right now
The inferral cache has 80 tilings in it right now
There are 50 tilings in the search tree
Time taken so far is 28.975938320159912 seconds

Doing depth 8
We had 6 inferral cache hits and 1467 partitioning cache hits
The partitioning cache has 31 tilings in it right now
The inferral cache has 171 tilings in it right now
There are 117 tilings in the search tree
Time taken so far is 54.38729000091553 seconds

Now processing 0132_1302
Doing depth 1
We had 0 inferral cache hits and 14 partitioning cache hits
The partitioning cache has 0 tilings in it right now
The inferral cache has 4 tilings in it right now
There are 4 tilings in the search tree
Time taken so far is 0.021354198455810547 seconds

Doing depth 2
We had 0 inferral cache hits and 56 partitioning cache hits
The partitioning cache has 2 tilings in it right now
The inferral cache has 8 tilings in it right now
There are 8 tilings in the search tree
Time taken so far is 0.08776521682739258 seconds

Doing depth 3
We had 1 inferral cache hits and 119 partitioning cache hits
The partitioning cache has 1 tilings in it right now
The inferral cache has 15 tilings in it right now
There are 13 tilings in the search tree
Time taken so far is 0.2436978816986084 seconds

Doing depth 4
We had 1 inferral cache hits and 153 partitioning cache hits
The partitioning cache has 0 tilings in it right now
The inferral cache has 19 tilings in it right now
There are 15 tilings in the search tree
Time taken so far is 0.6367971897125244 seconds

Doing depth 5
We had 1 inferral cache hits and 248 partitioning cache hits
The partitioning cache has 7 tilings in it right now
The inferral cache has 30 tilings in it right now
There are 24 tilings in the search tree
Time taken so far is 1.281036615371704 seconds

Doing depth 6
We had 7 inferral cache hits and 510 partitioning cache hits
The partitioning cache has 5 tilings in it right now
The inferral cache has 50 tilings in it right now
There are 40 tilings in the search tree
Time taken so far is 7.4552717208862305 seconds

Doing depth 7
We had 7 inferral cache hits and 729 partitioning cache hits
The partitioning cache has 2 tilings in it right now
The inferral cache has 75 tilings in it right now
There are 54 tilings in the search tree
Time taken so far is 31.61152696609497 seconds

Doing depth 8
We had 7 inferral cache hits and 1390 partitioning cache hits
The partitioning cache has 33 tilings in it right now
The inferral cache has 143 tilings in it right now
There are 108 tilings in the search tree
Time taken so far is 56.82343411445618 seconds

Now processing 0132_1320
Doing depth 1
We had 0 inferral cache hits and 14 partitioning cache hits
The partitioning cache has 0 tilings in it right now
The inferral cache has 4 tilings in it right now
There are 4 tilings in the search tree
Time taken so far is 0.020139217376708984 seconds

Doing depth 2
We had 0 inferral cache hits and 56 partitioning cache hits
The partitioning cache has 2 tilings in it right now
The inferral cache has 8 tilings in it right now
There are 8 tilings in the search tree
Time taken so far is 0.0855717658996582 seconds

Doing depth 3
We had 1 inferral cache hits and 119 partitioning cache hits
The partitioning cache has 1 tilings in it right now
The inferral cache has 15 tilings in it right now
There are 13 tilings in the search tree
Time taken so far is 0.24263310432434082 seconds

Doing depth 4
We had 1 inferral cache hits and 153 partitioning cache hits
The partitioning cache has 0 tilings in it right now
The inferral cache has 19 tilings in it right now
There are 15 tilings in the search tree
Time taken so far is 0.6373872756958008 seconds

Doing depth 5
We had 1 inferral cache hits and 248 partitioning cache hits
The partitioning cache has 6 tilings in it right now
The inferral cache has 31 tilings in it right now
There are 24 tilings in the search tree
Time taken so far is 1.260178804397583 seconds

Doing depth 6
We had 9 inferral cache hits and 589 partitioning cache hits
The partitioning cache has 8 tilings in it right now
The inferral cache has 58 tilings in it right now
There are 50 tilings in the search tree
Time taken so far is 7.300590753555298 seconds

Doing depth 7
We had 19 inferral cache hits and 1213 partitioning cache hits
The partitioning cache has 15 tilings in it right now
The inferral cache has 126 tilings in it right now
There are 120 tilings in the search tree
Time taken so far is 29.715729475021362 seconds

Doing depth 8
We had 49 inferral cache hits and 2896 partitioning cache hits
The partitioning cache has 52 tilings in it right now
The inferral cache has 289 tilings in it right now
There are 316 tilings in the search tree
Time taken so far is 57.82207155227661 seconds

Now processing 0132_2301
Doing depth 1
We had 0 inferral cache hits and 14 partitioning cache hits
The partitioning cache has 0 tilings in it right now
The inferral cache has 4 tilings in it right now
There are 4 tilings in the search tree
Time taken so far is 0.021294355392456055 seconds

Doing depth 2
We had 0 inferral cache hits and 56 partitioning cache hits
The partitioning cache has 2 tilings in it right now
The inferral cache has 8 tilings in it right now
There are 8 tilings in the search tree
Time taken so far is 0.08846449851989746 seconds

Doing depth 3
We had 1 inferral cache hits and 119 partitioning cache hits
The partitioning cache has 1 tilings in it right now
The inferral cache has 15 tilings in it right now
There are 13 tilings in the search tree
Time taken so far is 0.22670483589172363 seconds

Doing depth 4
We had 1 inferral cache hits and 153 partitioning cache hits
The partitioning cache has 0 tilings in it right now
The inferral cache has 19 tilings in it right now
There are 15 tilings in the search tree
Time taken so far is 0.5723311901092529 seconds

Doing depth 5
We had 1 inferral cache hits and 243 partitioning cache hits
The partitioning cache has 7 tilings in it right now
The inferral cache has 27 tilings in it right now
There are 23 tilings in the search tree
Time taken so far is 1.086474895477295 seconds

Doing depth 6
We had 7 inferral cache hits and 481 partitioning cache hits
The partitioning cache has 5 tilings in it right now
The inferral cache has 38 tilings in it right now
There are 37 tilings in the search tree
Time taken so far is 5.736117124557495 seconds

Doing depth 7
We had 7 inferral cache hits and 700 partitioning cache hits
The partitioning cache has 2 tilings in it right now
The inferral cache has 63 tilings in it right now
There are 52 tilings in the search tree
Time taken so far is 23.95769715309143 seconds

Doing depth 8
We had 8 inferral cache hits and 1358 partitioning cache hits
The partitioning cache has 36 tilings in it right now
The inferral cache has 114 tilings in it right now
There are 114 tilings in the search tree
Time taken so far is 40.59114170074463 seconds

Now processing 0132_3120
Doing depth 1
We had 0 inferral cache hits and 14 partitioning cache hits
The partitioning cache has 0 tilings in it right now
The inferral cache has 4 tilings in it right now
There are 4 tilings in the search tree
Time taken so far is 0.02415633201599121 seconds

Doing depth 2
We had 0 inferral cache hits and 56 partitioning cache hits
The partitioning cache has 2 tilings in it right now
The inferral cache has 8 tilings in it right now
There are 10 tilings in the search tree
Time taken so far is 0.09224367141723633 seconds

Doing depth 3
We had 1 inferral cache hits and 119 partitioning cache hits
The partitioning cache has 1 tilings in it right now
The inferral cache has 16 tilings in it right now
There are 17 tilings in the search tree
Time taken so far is 0.24662280082702637 seconds

Doing depth 4
We had 1 inferral cache hits and 153 partitioning cache hits
The partitioning cache has 0 tilings in it right now
The inferral cache has 20 tilings in it right now
There are 20 tilings in the search tree
Time taken so far is 0.4910757541656494 seconds

Doing depth 5
We had 1 inferral cache hits and 243 partitioning cache hits
The partitioning cache has 8 tilings in it right now
The inferral cache has 28 tilings in it right now
There are 28 tilings in the search tree
Time taken so far is 1.0428566932678223 seconds

Doing depth 6
We had 9 inferral cache hits and 505 partitioning cache hits
The partitioning cache has 6 tilings in it right now
The inferral cache has 41 tilings in it right now
There are 42 tilings in the search tree
Time taken so far is 5.639303922653198 seconds

Doing depth 7
We had 9 inferral cache hits and 763 partitioning cache hits
The partitioning cache has 2 tilings in it right now
The inferral cache has 72 tilings in it right now
There are 60 tilings in the search tree
Time taken so far is 22.08653736114502 seconds

Doing depth 8
We had 9 inferral cache hits and 1546 partitioning cache hits
The partitioning cache has 42 tilings in it right now
The inferral cache has 154 tilings in it right now
There are 131 tilings in the search tree
Time taken so far is 44.58487319946289 seconds

Now processing 0213_0231
Doing depth 1
We had 0 inferral cache hits and 14 partitioning cache hits
The partitioning cache has 0 tilings in it right now
The inferral cache has 4 tilings in it right now
There are 4 tilings in the search tree
Time taken so far is 0.025750398635864258 seconds

Doing depth 2
We had 0 inferral cache hits and 56 partitioning cache hits
The partitioning cache has 2 tilings in it right now
The inferral cache has 8 tilings in it right now
There are 10 tilings in the search tree
Time taken so far is 0.09603714942932129 seconds

Doing depth 3
We had 1 inferral cache hits and 119 partitioning cache hits
The partitioning cache has 1 tilings in it right now
The inferral cache has 14 tilings in it right now
There are 17 tilings in the search tree
Time taken so far is 0.23543667793273926 seconds

Doing depth 4
We had 1 inferral cache hits and 153 partitioning cache hits
The partitioning cache has 1 tilings in it right now
The inferral cache has 17 tilings in it right now
There are 20 tilings in the search tree
Time taken so far is 0.5040030479431152 seconds

Doing depth 5
We had 1 inferral cache hits and 244 partitioning cache hits
The partitioning cache has 8 tilings in it right now
The inferral cache has 27 tilings in it right now
There are 29 tilings in the search tree
Time taken so far is 1.089137077331543 seconds

Doing depth 6
We had 8 inferral cache hits and 511 partitioning cache hits
The partitioning cache has 5 tilings in it right now
The inferral cache has 41 tilings in it right now
There are 45 tilings in the search tree
Time taken so far is 4.345342397689819 seconds

Doing depth 7
We had 8 inferral cache hits and 850 partitioning cache hits
The partitioning cache has 21 tilings in it right now
The inferral cache has 74 tilings in it right now
There are 71 tilings in the search tree
Time taken so far is 15.657026767730713 seconds

Doing depth 8
We had 22 inferral cache hits and 1800 partitioning cache hits
The partitioning cache has 28 tilings in it right now
The inferral cache has 126 tilings in it right now
There are 137 tilings in the search tree
Time taken so far is 33.61445188522339 seconds

Now processing 0213_0321
Doing depth 1
We had 0 inferral cache hits and 14 partitioning cache hits
The partitioning cache has 0 tilings in it right now
The inferral cache has 4 tilings in it right now
There are 4 tilings in the search tree
Time taken so far is 0.026287555694580078 seconds

Doing depth 2
We had 0 inferral cache hits and 56 partitioning cache hits
The partitioning cache has 2 tilings in it right now
The inferral cache has 8 tilings in it right now
There are 10 tilings in the search tree
Time taken so far is 0.09705901145935059 seconds

Doing depth 3
We had 1 inferral cache hits and 119 partitioning cache hits
The partitioning cache has 1 tilings in it right now
The inferral cache has 16 tilings in it right now
There are 17 tilings in the search tree
Time taken so far is 0.23327255249023438 seconds

Doing depth 4
We had 1 inferral cache hits and 153 partitioning cache hits
The partitioning cache has 0 tilings in it right now
The inferral cache has 20 tilings in it right now
There are 20 tilings in the search tree
Time taken so far is 0.5252764225006104 seconds

Doing depth 5
We had 1 inferral cache hits and 243 partitioning cache hits
The partitioning cache has 7 tilings in it right now
The inferral cache has 29 tilings in it right now
There are 29 tilings in the search tree
Time taken so far is 1.0627467632293701 seconds

Doing depth 6
We had 8 inferral cache hits and 511 partitioning cache hits
The partitioning cache has 6 tilings in it right now
The inferral cache has 43 tilings in it right now
There are 45 tilings in the search tree
Time taken so far is 5.3866026401519775 seconds

Doing depth 7
We had 8 inferral cache hits and 775 partitioning cache hits
The partitioning cache has 2 tilings in it right now
The inferral cache has 76 tilings in it right now
There are 65 tilings in the search tree
Time taken so far is 18.826009035110474 seconds

Doing depth 8
We had 8 inferral cache hits and 1455 partitioning cache hits
The partitioning cache has 38 tilings in it right now
The inferral cache has 140 tilings in it right now
There are 128 tilings in the search tree
Time taken so far is 36.65208888053894 seconds

Now processing 0213_1032
Doing depth 1
We had 0 inferral cache hits and 14 partitioning cache hits
The partitioning cache has 0 tilings in it right now
The inferral cache has 4 tilings in it right now
There are 4 tilings in the search tree
Time taken so far is 0.021035432815551758 seconds

Doing depth 2
We had 0 inferral cache hits and 56 partitioning cache hits
The partitioning cache has 2 tilings in it right now
The inferral cache has 8 tilings in it right now
There are 8 tilings in the search tree
Time taken so far is 0.08710050582885742 seconds

Doing depth 3
We had 1 inferral cache hits and 119 partitioning cache hits
The partitioning cache has 1 tilings in it right now
The inferral cache has 15 tilings in it right now
There are 13 tilings in the search tree
Time taken so far is 0.24677681922912598 seconds

Doing depth 4
We had 1 inferral cache hits and 153 partitioning cache hits
The partitioning cache has 1 tilings in it right now
The inferral cache has 18 tilings in it right now
There are 15 tilings in the search tree
Time taken so far is 0.6578023433685303 seconds

Doing depth 5
We had 1 inferral cache hits and 244 partitioning cache hits
The partitioning cache has 7 tilings in it right now
The inferral cache has 27 tilings in it right now
There are 25 tilings in the search tree
Time taken so far is 1.210355281829834 seconds

Doing depth 6
We had 9 inferral cache hits and 524 partitioning cache hits
The partitioning cache has 6 tilings in it right now
The inferral cache has 45 tilings in it right now
There are 45 tilings in the search tree
Time taken so far is 5.937434673309326 seconds

Doing depth 7
We had 12 inferral cache hits and 994 partitioning cache hits
The partitioning cache has 18 tilings in it right now
The inferral cache has 93 tilings in it right now
There are 91 tilings in the search tree
Time taken so far is 18.1190927028656 seconds

Doing depth 8
We had 54 inferral cache hits and 2700 partitioning cache hits
The partitioning cache has 68 tilings in it right now
The inferral cache has 243 tilings in it right now
There are 304 tilings in the search tree
Time taken so far is 54.664817094802856 seconds

Now processing 0213_1230
Doing depth 1
We had 0 inferral cache hits and 14 partitioning cache hits
The partitioning cache has 0 tilings in it right now
The inferral cache has 4 tilings in it right now
There are 4 tilings in the search tree
Time taken so far is 0.020684242248535156 seconds

Doing depth 2
We had 0 inferral cache hits and 56 partitioning cache hits
The partitioning cache has 2 tilings in it right now
The inferral cache has 8 tilings in it right now
There are 8 tilings in the search tree
Time taken so far is 0.09001588821411133 seconds

Doing depth 3
We had 1 inferral cache hits and 119 partitioning cache hits
The partitioning cache has 1 tilings in it right now
The inferral cache has 15 tilings in it right now
There are 13 tilings in the search tree
Time taken so far is 0.24882769584655762 seconds

Doing depth 4
We had 1 inferral cache hits and 153 partitioning cache hits
The partitioning cache has 1 tilings in it right now
The inferral cache has 18 tilings in it right now
There are 15 tilings in the search tree
Time taken so far is 0.6740007400512695 seconds

Doing depth 5
We had 1 inferral cache hits and 273 partitioning cache hits
The partitioning cache has 5 tilings in it right now
The inferral cache has 39 tilings in it right now
There are 27 tilings in the search tree
Time taken so far is 1.4877593517303467 seconds

Doing depth 6
We had 19 inferral cache hits and 948 partitioning cache hits
The partitioning cache has 18 tilings in it right now
The inferral cache has 125 tilings in it right now
There are 85 tilings in the search tree
Time taken so far is 8.237334489822388 seconds

Doing depth 7
We had 19 inferral cache hits and 1123 partitioning cache hits
The partitioning cache has 18 tilings in it right now
The inferral cache has 144 tilings in it right now
There are 95 tilings in the search tree
Time taken so far is 23.437012672424316 seconds

Doing depth 8
We had 23 inferral cache hits and 1895 partitioning cache hits
The partitioning cache has 41 tilings in it right now
The inferral cache has 247 tilings in it right now
There are 161 tilings in the search tree
Time taken so far is 36.80918622016907 seconds

Now processing 0213_1302
Doing depth 1
We had 0 inferral cache hits and 14 partitioning cache hits
The partitioning cache has 0 tilings in it right now
The inferral cache has 4 tilings in it right now
There are 4 tilings in the search tree
Time taken so far is 0.02163386344909668 seconds

Doing depth 2
We had 0 inferral cache hits and 56 partitioning cache hits
The partitioning cache has 2 tilings in it right now
The inferral cache has 8 tilings in it right now
There are 8 tilings in the search tree
Time taken so far is 0.0925743579864502 seconds

Doing depth 3
We had 1 inferral cache hits and 119 partitioning cache hits
The partitioning cache has 1 tilings in it right now
The inferral cache has 15 tilings in it right now
There are 13 tilings in the search tree
Time taken so far is 0.2544872760772705 seconds

Doing depth 4
We had 1 inferral cache hits and 153 partitioning cache hits
The partitioning cache has 1 tilings in it right now
The inferral cache has 18 tilings in it right now
There are 15 tilings in the search tree
Time taken so far is 0.6825981140136719 seconds

Doing depth 5
We had 1 inferral cache hits and 273 partitioning cache hits
The partitioning cache has 6 tilings in it right now
The inferral cache has 37 tilings in it right now
There are 27 tilings in the search tree
Time taken so far is 1.5676765441894531 seconds

Doing depth 6
We had 6 inferral cache hits and 562 partitioning cache hits
The partitioning cache has 4 tilings in it right now
The inferral cache has 68 tilings in it right now
There are 44 tilings in the search tree
Time taken so far is 8.14137864112854 seconds

Doing depth 7
We had 6 inferral cache hits and 764 partitioning cache hits
The partitioning cache has 3 tilings in it right now
The inferral cache has 92 tilings in it right now
There are 57 tilings in the search tree
Time taken so far is 24.433087587356567 seconds

Doing depth 8
We had 6 inferral cache hits and 1258 partitioning cache hits
The partitioning cache has 22 tilings in it right now
The inferral cache has 154 tilings in it right now
There are 101 tilings in the search tree
Time taken so far is 40.977808713912964 seconds

Now processing 0213_1320
Doing depth 1
We had 0 inferral cache hits and 14 partitioning cache hits
The partitioning cache has 0 tilings in it right now
The inferral cache has 4 tilings in it right now
There are 4 tilings in the search tree
Time taken so far is 0.02165079116821289 seconds

Doing depth 2
We had 0 inferral cache hits and 56 partitioning cache hits
The partitioning cache has 2 tilings in it right now
The inferral cache has 8 tilings in it right now
There are 8 tilings in the search tree
Time taken so far is 0.09237360954284668 seconds

Doing depth 3
We had 1 inferral cache hits and 119 partitioning cache hits
The partitioning cache has 1 tilings in it right now
The inferral cache has 15 tilings in it right now
There are 13 tilings in the search tree
Time taken so far is 0.24989104270935059 seconds

Doing depth 4
We had 1 inferral cache hits and 153 partitioning cache hits
The partitioning cache has 0 tilings in it right now
The inferral cache has 19 tilings in it right now
There are 15 tilings in the search tree
Time taken so far is 0.6695370674133301 seconds

Doing depth 5
We had 1 inferral cache hits and 254 partitioning cache hits
The partitioning cache has 7 tilings in it right now
The inferral cache has 32 tilings in it right now
There are 27 tilings in the search tree
Time taken so far is 1.2209458351135254 seconds

Doing depth 6
We had 11 inferral cache hits and 681 partitioning cache hits
The partitioning cache has 11 tilings in it right now
The inferral cache has 73 tilings in it right now
There are 71 tilings in the search tree
Time taken so far is 6.115554094314575 seconds

Doing depth 7
We had 25 inferral cache hits and 1599 partitioning cache hits
The partitioning cache has 28 tilings in it right now
The inferral cache has 195 tilings in it right now
There are 199 tilings in the search tree
Time taken so far is 26.612459659576416 seconds

Doing depth 8
We had 125 inferral cache hits and 6106 partitioning cache hits
The partitioning cache has 134 tilings in it right now
The inferral cache has 730 tilings in it right now
There are 879 tilings in the search tree
Time taken so far is 80.17387437820435 seconds

Now processing 0213_2301
Doing depth 1
We had 0 inferral cache hits and 14 partitioning cache hits
The partitioning cache has 0 tilings in it right now
The inferral cache has 4 tilings in it right now
There are 4 tilings in the search tree
Time taken so far is 0.020413875579833984 seconds

Doing depth 2
We had 0 inferral cache hits and 56 partitioning cache hits
The partitioning cache has 2 tilings in it right now
The inferral cache has 8 tilings in it right now
There are 8 tilings in the search tree
Time taken so far is 0.08651900291442871 seconds

Doing depth 3
We had 1 inferral cache hits and 119 partitioning cache hits
The partitioning cache has 1 tilings in it right now
The inferral cache has 15 tilings in it right now
There are 13 tilings in the search tree
Time taken so far is 0.3067185878753662 seconds

Doing depth 4
We had 1 inferral cache hits and 153 partitioning cache hits
The partitioning cache has 0 tilings in it right now
The inferral cache has 19 tilings in it right now
There are 15 tilings in the search tree
Time taken so far is 0.7159459590911865 seconds

Doing depth 5
We had 1 inferral cache hits and 243 partitioning cache hits
The partitioning cache has 7 tilings in it right now
The inferral cache has 28 tilings in it right now
There are 23 tilings in the search tree
Time taken so far is 1.2383594512939453 seconds

Doing depth 6
We had 8 inferral cache hits and 511 partitioning cache hits
The partitioning cache has 6 tilings in it right now
The inferral cache has 40 tilings in it right now
There are 37 tilings in the search tree
Time taken so far is 6.060927867889404 seconds

Doing depth 7
We had 9 inferral cache hits and 790 partitioning cache hits
The partitioning cache has 8 tilings in it right now
The inferral cache has 73 tilings in it right now
There are 57 tilings in the search tree
Time taken so far is 22.720308780670166 seconds

Doing depth 8
We had 42 inferral cache hits and 1989 partitioning cache hits
The partitioning cache has 48 tilings in it right now
The inferral cache has 204 tilings in it right now
There are 245 tilings in the search tree
Time taken so far is 39.07606768608093 seconds

Now processing 0213_3120
Doing depth 1
We had 0 inferral cache hits and 14 partitioning cache hits
The partitioning cache has 0 tilings in it right now
The inferral cache has 4 tilings in it right now
There are 4 tilings in the search tree
Time taken so far is 0.025054216384887695 seconds

Doing depth 2
We had 0 inferral cache hits and 56 partitioning cache hits
The partitioning cache has 2 tilings in it right now
The inferral cache has 8 tilings in it right now
There are 10 tilings in the search tree
Time taken so far is 0.0941162109375 seconds

Doing depth 3
We had 1 inferral cache hits and 119 partitioning cache hits
The partitioning cache has 1 tilings in it right now
The inferral cache has 17 tilings in it right now
There are 17 tilings in the search tree
Time taken so far is 0.2294759750366211 seconds

Doing depth 4
We had 1 inferral cache hits and 153 partitioning cache hits
The partitioning cache has 0 tilings in it right now
The inferral cache has 21 tilings in it right now
There are 20 tilings in the search tree
Time taken so far is 0.46955037117004395 seconds

Doing depth 5
We had 1 inferral cache hits and 243 partitioning cache hits
The partitioning cache has 6 tilings in it right now
The inferral cache has 31 tilings in it right now
There are 28 tilings in the search tree
Time taken so far is 1.0914194583892822 seconds

Doing depth 6
We had 7 inferral cache hits and 517 partitioning cache hits
The partitioning cache has 6 tilings in it right now
The inferral cache has 47 tilings in it right now
There are 40 tilings in the search tree
Time taken so far is 6.739571571350098 seconds

Doing depth 7
We had 7 inferral cache hits and 775 partitioning cache hits
The partitioning cache has 0 tilings in it right now
The inferral cache has 79 tilings in it right now
There are 56 tilings in the search tree
Time taken so far is 25.87158441543579 seconds

Doing depth 8
We had 9 inferral cache hits and 1521 partitioning cache hits
The partitioning cache has 40 tilings in it right now
The inferral cache has 169 tilings in it right now
There are 126 tilings in the search tree
Time taken so far is 49.700934410095215 seconds

Now processing 0231_0312
Doing depth 1
We had 0 inferral cache hits and 14 partitioning cache hits
The partitioning cache has 0 tilings in it right now
The inferral cache has 4 tilings in it right now
There are 4 tilings in the search tree
Time taken so far is 0.02510237693786621 seconds

Doing depth 2
We had 0 inferral cache hits and 56 partitioning cache hits
The partitioning cache has 2 tilings in it right now
The inferral cache has 8 tilings in it right now
There are 10 tilings in the search tree
Time taken so far is 0.09527134895324707 seconds

Doing depth 3
We had 1 inferral cache hits and 119 partitioning cache hits
The partitioning cache has 1 tilings in it right now
The inferral cache has 16 tilings in it right now
There are 17 tilings in the search tree
Time taken so far is 0.23567652702331543 seconds

Doing depth 4
We had 1 inferral cache hits and 153 partitioning cache hits
The partitioning cache has 0 tilings in it right now
The inferral cache has 20 tilings in it right now
There are 20 tilings in the search tree
Time taken so far is 0.5066792964935303 seconds

Doing depth 5
We had 1 inferral cache hits and 243 partitioning cache hits
The partitioning cache has 8 tilings in it right now
The inferral cache has 28 tilings in it right now
There are 29 tilings in the search tree
Time taken so far is 1.043670415878296 seconds

Doing depth 6
We had 9 inferral cache hits and 505 partitioning cache hits
The partitioning cache has 6 tilings in it right now
The inferral cache has 41 tilings in it right now
There are 45 tilings in the search tree
Time taken so far is 5.532801389694214 seconds

Doing depth 7
We had 9 inferral cache hits and 769 partitioning cache hits
The partitioning cache has 2 tilings in it right now
The inferral cache has 73 tilings in it right now
There are 65 tilings in the search tree
Time taken so far is 22.04092788696289 seconds

Doing depth 8
We had 9 inferral cache hits and 1428 partitioning cache hits
The partitioning cache has 42 tilings in it right now
The inferral cache has 127 tilings in it right now
There are 129 tilings in the search tree
Time taken so far is 43.09209632873535 seconds

Now processing 0231_0321
Doing depth 1
We had 0 inferral cache hits and 14 partitioning cache hits
The partitioning cache has 0 tilings in it right now
The inferral cache has 4 tilings in it right now
There are 4 tilings in the search tree
Time taken so far is 0.025491952896118164 seconds

Doing depth 2
We had 0 inferral cache hits and 56 partitioning cache hits
The partitioning cache has 2 tilings in it right now
The inferral cache has 8 tilings in it right now
There are 10 tilings in the search tree
Time taken so far is 0.0959005355834961 seconds

Doing depth 3
We had 1 inferral cache hits and 119 partitioning cache hits
The partitioning cache has 1 tilings in it right now
The inferral cache has 16 tilings in it right now
There are 17 tilings in the search tree
Time taken so far is 0.23554730415344238 seconds

Doing depth 4
We had 1 inferral cache hits and 153 partitioning cache hits
The partitioning cache has 0 tilings in it right now
The inferral cache has 20 tilings in it right now
There are 20 tilings in the search tree
Time taken so far is 0.5435376167297363 seconds

Doing depth 5
We had 1 inferral cache hits and 243 partitioning cache hits
The partitioning cache has 8 tilings in it right now
The inferral cache has 28 tilings in it right now
There are 29 tilings in the search tree
Time taken so far is 1.0900907516479492 seconds

Doing depth 6
We had 9 inferral cache hits and 505 partitioning cache hits
The partitioning cache has 6 tilings in it right now
The inferral cache has 41 tilings in it right now
There are 45 tilings in the search tree
Time taken so far is 5.493001222610474 seconds

Doing depth 7
We had 9 inferral cache hits and 769 partitioning cache hits
The partitioning cache has 2 tilings in it right now
The inferral cache has 74 tilings in it right now
There are 65 tilings in the search tree
Time taken so far is 21.747082948684692 seconds

Doing depth 8
We had 9 inferral cache hits and 1428 partitioning cache hits
The partitioning cache has 41 tilings in it right now
The inferral cache has 129 tilings in it right now
There are 130 tilings in the search tree
Time taken so far is 42.5020649433136 seconds

Now processing 0231_1032
Doing depth 1
We had 0 inferral cache hits and 14 partitioning cache hits
The partitioning cache has 0 tilings in it right now
The inferral cache has 4 tilings in it right now
There are 4 tilings in the search tree
Time taken so far is 0.020885944366455078 seconds

Doing depth 2
We had 0 inferral cache hits and 56 partitioning cache hits
The partitioning cache has 2 tilings in it right now
The inferral cache has 8 tilings in it right now
There are 8 tilings in the search tree
Time taken so far is 0.08655357360839844 seconds

Doing depth 3
We had 1 inferral cache hits and 119 partitioning cache hits
The partitioning cache has 1 tilings in it right now
The inferral cache has 15 tilings in it right now
There are 13 tilings in the search tree
Time taken so far is 0.2440342903137207 seconds

Doing depth 4
We had 1 inferral cache hits and 153 partitioning cache hits
The partitioning cache has 1 tilings in it right now
The inferral cache has 18 tilings in it right now
There are 15 tilings in the search tree
Time taken so far is 0.671910285949707 seconds

Doing depth 5
We had 1 inferral cache hits and 244 partitioning cache hits
The partitioning cache has 7 tilings in it right now
The inferral cache has 27 tilings in it right now
There are 25 tilings in the search tree
Time taken so far is 1.187333345413208 seconds

Doing depth 6
We had 8 inferral cache hits and 512 partitioning cache hits
The partitioning cache has 6 tilings in it right now
The inferral cache has 40 tilings in it right now
There are 40 tilings in the search tree
Time taken so far is 6.627346754074097 seconds

Doing depth 7
We had 8 inferral cache hits and 776 partitioning cache hits
The partitioning cache has 6 tilings in it right now
The inferral cache has 68 tilings in it right now
There are 59 tilings in the search tree
Time taken so far is 23.35471487045288 seconds

Doing depth 8
We had 8 inferral cache hits and 1467 partitioning cache hits
The partitioning cache has 35 tilings in it right now
The inferral cache has 135 tilings in it right now
There are 120 tilings in the search tree
Time taken so far is 42.520416498184204 seconds

Now processing 0231_1203
Doing depth 1
We had 0 inferral cache hits and 14 partitioning cache hits
The partitioning cache has 0 tilings in it right now
The inferral cache has 4 tilings in it right now
There are 4 tilings in the search tree
Time taken so far is 0.021222352981567383 seconds

Doing depth 2
We had 0 inferral cache hits and 56 partitioning cache hits
The partitioning cache has 2 tilings in it right now
The inferral cache has 8 tilings in it right now
There are 8 tilings in the search tree
Time taken so far is 0.08791518211364746 seconds

Doing depth 3
We had 1 inferral cache hits and 119 partitioning cache hits
The partitioning cache has 1 tilings in it right now
The inferral cache has 15 tilings in it right now
There are 13 tilings in the search tree
Time taken so far is 0.24914097785949707 seconds

Doing depth 4
We had 1 inferral cache hits and 153 partitioning cache hits
The partitioning cache has 1 tilings in it right now
The inferral cache has 18 tilings in it right now
There are 15 tilings in the search tree
Time taken so far is 0.6562278270721436 seconds

Doing depth 5
We had 1 inferral cache hits and 273 partitioning cache hits
The partitioning cache has 6 tilings in it right now
The inferral cache has 37 tilings in it right now
There are 27 tilings in the search tree
Time taken so far is 1.4858038425445557 seconds

Doing depth 6
We had 6 inferral cache hits and 562 partitioning cache hits
The partitioning cache has 4 tilings in it right now
The inferral cache has 68 tilings in it right now
There are 44 tilings in the search tree
Time taken so far is 7.567878246307373 seconds

Doing depth 7
We had 6 inferral cache hits and 737 partitioning cache hits
The partitioning cache has 4 tilings in it right now
The inferral cache has 86 tilings in it right now
There are 54 tilings in the search tree
Time taken so far is 22.686979293823242 seconds

Doing depth 8
We had 10 inferral cache hits and 1423 partitioning cache hits
The partitioning cache has 29 tilings in it right now
The inferral cache has 168 tilings in it right now
There are 120 tilings in the search tree
Time taken so far is 35.2178795337677 seconds

Now processing 0231_1230
Doing depth 1
We had 0 inferral cache hits and 14 partitioning cache hits
The partitioning cache has 0 tilings in it right now
The inferral cache has 4 tilings in it right now
There are 4 tilings in the search tree
Time taken so far is 0.021214008331298828 seconds

Doing depth 2
We had 0 inferral cache hits and 56 partitioning cache hits
The partitioning cache has 2 tilings in it right now
The inferral cache has 8 tilings in it right now
There are 8 tilings in the search tree
Time taken so far is 0.09042525291442871 seconds

Doing depth 3
We had 1 inferral cache hits and 119 partitioning cache hits
The partitioning cache has 1 tilings in it right now
The inferral cache has 15 tilings in it right now
There are 13 tilings in the search tree
Time taken so far is 0.24883627891540527 seconds

Doing depth 4
We had 1 inferral cache hits and 153 partitioning cache hits
The partitioning cache has 0 tilings in it right now
The inferral cache has 19 tilings in it right now
There are 15 tilings in the search tree
Time taken so far is 0.677922248840332 seconds

Doing depth 5
We had 1 inferral cache hits and 254 partitioning cache hits
The partitioning cache has 7 tilings in it right now
The inferral cache has 31 tilings in it right now
There are 29 tilings in the search tree
Time taken so far is 1.1592493057250977 seconds

Doing depth 6
We had 8 inferral cache hits and 607 partitioning cache hits
The partitioning cache has 9 tilings in it right now
The inferral cache has 64 tilings in it right now
There are 64 tilings in the search tree
Time taken so far is 5.685558557510376 seconds

Doing depth 7
We had 21 inferral cache hits and 1567 partitioning cache hits
The partitioning cache has 28 tilings in it right now
The inferral cache has 169 tilings in it right now
There are 194 tilings in the search tree
Time taken so far is 26.883559703826904 seconds

Doing depth 8
We had 133 inferral cache hits and 5684 partitioning cache hits
The partitioning cache has 121 tilings in it right now
The inferral cache has 606 tilings in it right now
There are 937 tilings in the search tree
Time taken so far is 99.19394063949585 seconds

Now processing 0231_1302
Doing depth 1
We had 0 inferral cache hits and 14 partitioning cache hits
The partitioning cache has 0 tilings in it right now
The inferral cache has 4 tilings in it right now
There are 4 tilings in the search tree
Time taken so far is 0.019380807876586914 seconds

Doing depth 2
We had 0 inferral cache hits and 56 partitioning cache hits
The partitioning cache has 2 tilings in it right now
The inferral cache has 8 tilings in it right now
There are 8 tilings in the search tree
Time taken so far is 0.08194756507873535 seconds

Doing depth 3
We had 1 inferral cache hits and 119 partitioning cache hits
The partitioning cache has 1 tilings in it right now
The inferral cache has 15 tilings in it right now
There are 13 tilings in the search tree
Time taken so far is 0.2386176586151123 seconds

Doing depth 4
We had 1 inferral cache hits and 153 partitioning cache hits
The partitioning cache has 0 tilings in it right now
The inferral cache has 19 tilings in it right now
There are 15 tilings in the search tree
Time taken so far is 0.6255495548248291 seconds

Doing depth 5
We had 1 inferral cache hits and 254 partitioning cache hits
The partitioning cache has 7 tilings in it right now
The inferral cache has 31 tilings in it right now
There are 29 tilings in the search tree
Time taken so far is 1.1012394428253174 seconds

Doing depth 6
We had 9 inferral cache hits and 601 partitioning cache hits
The partitioning cache has 9 tilings in it right now
The inferral cache has 64 tilings in it right now
There are 68 tilings in the search tree
Time taken so far is 5.72137451171875 seconds

Doing depth 7
We had 27 inferral cache hits and 1538 partitioning cache hits
The partitioning cache has 24 tilings in it right now
The inferral cache has 175 tilings in it right now
There are 238 tilings in the search tree
Time taken so far is 27.274202346801758 seconds

Doing depth 8
We had 141 inferral cache hits and 5791 partitioning cache hits
The partitioning cache has 125 tilings in it right now
The inferral cache has 628 tilings in it right now
There are 1314 tilings in the search tree
Time taken so far is 119.67960000038147 seconds

Now processing 0231_1320
Doing depth 1
We had 0 inferral cache hits and 14 partitioning cache hits
The partitioning cache has 0 tilings in it right now
The inferral cache has 4 tilings in it right now
There are 4 tilings in the search tree
Time taken so far is 0.0197756290435791 seconds

Doing depth 2
We had 0 inferral cache hits and 56 partitioning cache hits
The partitioning cache has 2 tilings in it right now
The inferral cache has 8 tilings in it right now
There are 8 tilings in the search tree
Time taken so far is 0.08497476577758789 seconds

Doing depth 3
We had 1 inferral cache hits and 119 partitioning cache hits
The partitioning cache has 1 tilings in it right now
The inferral cache has 15 tilings in it right now
There are 13 tilings in the search tree
Time taken so far is 0.24369406700134277 seconds

Doing depth 4
We had 1 inferral cache hits and 153 partitioning cache hits
The partitioning cache has 1 tilings in it right now
The inferral cache has 18 tilings in it right now
There are 15 tilings in the search tree
Time taken so far is 0.6414444446563721 seconds

Doing depth 5
We had 1 inferral cache hits and 273 partitioning cache hits
The partitioning cache has 6 tilings in it right now
The inferral cache has 37 tilings in it right now
There are 27 tilings in the search tree
Time taken so far is 1.5937385559082031 seconds

Doing depth 6
We had 6 inferral cache hits and 562 partitioning cache hits
The partitioning cache has 4 tilings in it right now
The inferral cache has 68 tilings in it right now
There are 44 tilings in the search tree
Time taken so far is 7.64784574508667 seconds

Doing depth 7
We had 6 inferral cache hits and 764 partitioning cache hits
The partitioning cache has 3 tilings in it right now
The inferral cache has 92 tilings in it right now
There are 57 tilings in the search tree
Time taken so far is 22.79010033607483 seconds

Doing depth 8
We had 6 inferral cache hits and 1258 partitioning cache hits
The partitioning cache has 22 tilings in it right now
The inferral cache has 154 tilings in it right now
There are 101 tilings in the search tree
Time taken so far is 38.77987241744995 seconds

Now processing 0231_2013
Doing depth 1
We had 0 inferral cache hits and 14 partitioning cache hits
The partitioning cache has 0 tilings in it right now
The inferral cache has 4 tilings in it right now
There are 4 tilings in the search tree
Time taken so far is 0.02240467071533203 seconds

Doing depth 2
We had 0 inferral cache hits and 56 partitioning cache hits
The partitioning cache has 2 tilings in it right now
The inferral cache has 8 tilings in it right now
There are 8 tilings in the search tree
Time taken so far is 0.0908365249633789 seconds

Doing depth 3
We had 1 inferral cache hits and 119 partitioning cache hits
The partitioning cache has 1 tilings in it right now
The inferral cache has 15 tilings in it right now
There are 13 tilings in the search tree
Time taken so far is 0.25167012214660645 seconds

Doing depth 4
We had 1 inferral cache hits and 153 partitioning cache hits
The partitioning cache has 1 tilings in it right now
The inferral cache has 18 tilings in it right now
There are 15 tilings in the search tree
Time taken so far is 0.7038512229919434 seconds

Doing depth 5
We had 1 inferral cache hits and 249 partitioning cache hits
The partitioning cache has 5 tilings in it right now
The inferral cache has 32 tilings in it right now
There are 24 tilings in the search tree
Time taken so far is 1.3580994606018066 seconds

Doing depth 6
We had 9 inferral cache hits and 620 partitioning cache hits
The partitioning cache has 8 tilings in it right now
The inferral cache has 70 tilings in it right now
There are 52 tilings in the search tree
Time taken so far is 6.883927822113037 seconds

Doing depth 7
We had 14 inferral cache hits and 1015 partitioning cache hits
The partitioning cache has 18 tilings in it right now
The inferral cache has 109 tilings in it right now
There are 86 tilings in the search tree
Time taken so far is 18.85164761543274 seconds

Doing depth 8
We had 55 inferral cache hits and 2325 partitioning cache hits
The partitioning cache has 50 tilings in it right now
The inferral cache has 242 tilings in it right now
There are 221 tilings in the search tree
Time taken so far is 44.38304901123047 seconds

Now processing 0231_2031
Doing depth 1
We had 0 inferral cache hits and 14 partitioning cache hits
The partitioning cache has 0 tilings in it right now
The inferral cache has 4 tilings in it right now
There are 4 tilings in the search tree
Time taken so far is 0.02188706398010254 seconds

Doing depth 2
We had 0 inferral cache hits and 56 partitioning cache hits
The partitioning cache has 2 tilings in it right now
The inferral cache has 8 tilings in it right now
There are 8 tilings in the search tree
Time taken so far is 0.08973979949951172 seconds

Doing depth 3
We had 1 inferral cache hits and 119 partitioning cache hits
The partitioning cache has 1 tilings in it right now
The inferral cache has 15 tilings in it right now
There are 13 tilings in the search tree
Time taken so far is 0.2903614044189453 seconds

Doing depth 4
We had 1 inferral cache hits and 153 partitioning cache hits
The partitioning cache has 1 tilings in it right now
The inferral cache has 18 tilings in it right now
There are 15 tilings in the search tree
Time taken so far is 0.679060697555542 seconds

Doing depth 5
We had 1 inferral cache hits and 249 partitioning cache hits
The partitioning cache has 7 tilings in it right now
The inferral cache has 29 tilings in it right now
There are 24 tilings in the search tree
Time taken so far is 1.3461062908172607 seconds

Doing depth 6
We had 7 inferral cache hits and 511 partitioning cache hits
The partitioning cache has 5 tilings in it right now
The inferral cache has 49 tilings in it right now
There are 38 tilings in the search tree
Time taken so far is 8.59212350845337 seconds

Doing depth 7
We had 7 inferral cache hits and 730 partitioning cache hits
The partitioning cache has 5 tilings in it right now
The inferral cache has 70 tilings in it right now
There are 50 tilings in the search tree
Time taken so far is 39.4060275554657 seconds

Doing depth 8
We had 7 inferral cache hits and 1357 partitioning cache hits
The partitioning cache has 35 tilings in it right now
The inferral cache has 135 tilings in it right now
There are 99 tilings in the search tree
Time taken so far is 73.59878945350647 seconds

Now processing 0231_2130
Doing depth 1
We had 0 inferral cache hits and 14 partitioning cache hits
The partitioning cache has 0 tilings in it right now
The inferral cache has 4 tilings in it right now
There are 4 tilings in the search tree
Time taken so far is 0.02048802375793457 seconds

Doing depth 2
We had 0 inferral cache hits and 56 partitioning cache hits
The partitioning cache has 2 tilings in it right now
The inferral cache has 8 tilings in it right now
There are 8 tilings in the search tree
Time taken so far is 0.12701129913330078 seconds

Doing depth 3
We had 1 inferral cache hits and 119 partitioning cache hits
The partitioning cache has 1 tilings in it right now
The inferral cache has 15 tilings in it right now
There are 13 tilings in the search tree
Time taken so far is 0.2853825092315674 seconds

Doing depth 4
We had 1 inferral cache hits and 153 partitioning cache hits
The partitioning cache has 1 tilings in it right now
The inferral cache has 18 tilings in it right now
There are 15 tilings in the search tree
Time taken so far is 0.6960017681121826 seconds

Doing depth 5
We had 1 inferral cache hits and 249 partitioning cache hits
The partitioning cache has 6 tilings in it right now
The inferral cache has 30 tilings in it right now
There are 24 tilings in the search tree
Time taken so far is 1.4304604530334473 seconds

Doing depth 6
We had 7 inferral cache hits and 529 partitioning cache hits
The partitioning cache has 5 tilings in it right now
The inferral cache has 56 tilings in it right now
There are 44 tilings in the search tree
Time taken so far is 8.213688373565674 seconds

Doing depth 7
We had 12 inferral cache hits and 947 partitioning cache hits
The partitioning cache has 14 tilings in it right now
The inferral cache has 100 tilings in it right now
There are 84 tilings in the search tree
Time taken so far is 29.199957609176636 seconds

Doing depth 8
We had 48 inferral cache hits and 2607 partitioning cache hits
The partitioning cache has 58 tilings in it right now
The inferral cache has 268 tilings in it right now
There are 282 tilings in the search tree
Time taken so far is 73.9457802772522 seconds

Now processing 0231_2301
Doing depth 1
We had 0 inferral cache hits and 14 partitioning cache hits
The partitioning cache has 0 tilings in it right now
The inferral cache has 4 tilings in it right now
There are 4 tilings in the search tree
Time taken so far is 0.020397663116455078 seconds

Doing depth 2
We had 0 inferral cache hits and 56 partitioning cache hits
The partitioning cache has 2 tilings in it right now
The inferral cache has 8 tilings in it right now
There are 8 tilings in the search tree
Time taken so far is 0.08636951446533203 seconds

Doing depth 3
We had 1 inferral cache hits and 119 partitioning cache hits
The partitioning cache has 1 tilings in it right now
The inferral cache has 15 tilings in it right now
There are 13 tilings in the search tree
Time taken so far is 0.24548745155334473 seconds

Doing depth 4
We had 1 inferral cache hits and 153 partitioning cache hits
The partitioning cache has 0 tilings in it right now
The inferral cache has 19 tilings in it right now
There are 15 tilings in the search tree
Time taken so far is 0.6481478214263916 seconds

Doing depth 5
We had 1 inferral cache hits and 243 partitioning cache hits
The partitioning cache has 6 tilings in it right now
The inferral cache has 27 tilings in it right now
There are 25 tilings in the search tree
Time taken so far is 1.162679672241211 seconds

Doing depth 6
We had 6 inferral cache hits and 447 partitioning cache hits
The partitioning cache has 4 tilings in it right now
The inferral cache has 36 tilings in it right now
There are 36 tilings in the search tree
Time taken so far is 6.31729793548584 seconds

Doing depth 7
We had 6 inferral cache hits and 627 partitioning cache hits
The partitioning cache has 2 tilings in it right now
The inferral cache has 57 tilings in it right now
There are 47 tilings in the search tree
Time taken so far is 27.697423934936523 seconds

Doing depth 8
We had 6 inferral cache hits and 1178 partitioning cache hits
The partitioning cache has 28 tilings in it right now
The inferral cache has 108 tilings in it right now
There are 103 tilings in the search tree
Time taken so far is 49.839287519454956 seconds

Now processing 0231_3012
Doing depth 1
We had 0 inferral cache hits and 14 partitioning cache hits
The partitioning cache has 0 tilings in it right now
The inferral cache has 4 tilings in it right now
There are 4 tilings in the search tree
Time taken so far is 0.024736642837524414 seconds

Doing depth 2
We had 0 inferral cache hits and 56 partitioning cache hits
The partitioning cache has 2 tilings in it right now
The inferral cache has 8 tilings in it right now
There are 10 tilings in the search tree
Time taken so far is 0.09520697593688965 seconds

Doing depth 3
We had 1 inferral cache hits and 119 partitioning cache hits
The partitioning cache has 1 tilings in it right now
The inferral cache has 16 tilings in it right now
There are 17 tilings in the search tree
Time taken so far is 0.22554373741149902 seconds

Doing depth 4
We had 1 inferral cache hits and 153 partitioning cache hits
The partitioning cache has 0 tilings in it right now
The inferral cache has 20 tilings in it right now
There are 20 tilings in the search tree
Time taken so far is 0.5089535713195801 seconds

Doing depth 5
We had 1 inferral cache hits and 243 partitioning cache hits
The partitioning cache has 8 tilings in it right now
The inferral cache has 28 tilings in it right now
There are 28 tilings in the search tree
Time taken so far is 1.0333812236785889 seconds

Doing depth 6
We had 9 inferral cache hits and 505 partitioning cache hits
The partitioning cache has 6 tilings in it right now
The inferral cache has 41 tilings in it right now
There are 40 tilings in the search tree
Time taken so far is 5.598620653152466 seconds

Doing depth 7
We had 9 inferral cache hits and 769 partitioning cache hits
The partitioning cache has 1 tilings in it right now
The inferral cache has 75 tilings in it right now
There are 57 tilings in the search tree
Time taken so far is 21.171947240829468 seconds

Doing depth 8
We had 9 inferral cache hits and 1461 partitioning cache hits
The partitioning cache has 41 tilings in it right now
The inferral cache has 139 tilings in it right now
There are 116 tilings in the search tree
Time taken so far is 40.17272973060608 seconds

Now processing 0321_1032
Doing depth 1
We had 0 inferral cache hits and 14 partitioning cache hits
The partitioning cache has 0 tilings in it right now
The inferral cache has 4 tilings in it right now
There are 4 tilings in the search tree
Time taken so far is 0.020984411239624023 seconds

Doing depth 2
We had 0 inferral cache hits and 56 partitioning cache hits
The partitioning cache has 2 tilings in it right now
The inferral cache has 8 tilings in it right now
There are 8 tilings in the search tree
Time taken so far is 0.08824348449707031 seconds

Doing depth 3
We had 1 inferral cache hits and 119 partitioning cache hits
The partitioning cache has 1 tilings in it right now
The inferral cache has 15 tilings in it right now
There are 13 tilings in the search tree
Time taken so far is 0.2426314353942871 seconds

Doing depth 4
We had 1 inferral cache hits and 153 partitioning cache hits
The partitioning cache has 0 tilings in it right now
The inferral cache has 19 tilings in it right now
There are 15 tilings in the search tree
Time taken so far is 0.6211962699890137 seconds

Doing depth 5
We had 1 inferral cache hits and 243 partitioning cache hits
The partitioning cache has 8 tilings in it right now
The inferral cache has 27 tilings in it right now
There are 25 tilings in the search tree
Time taken so far is 1.048820972442627 seconds

Doing depth 6
We had 9 inferral cache hits and 505 partitioning cache hits
The partitioning cache has 6 tilings in it right now
The inferral cache has 39 tilings in it right now
There are 43 tilings in the search tree
Time taken so far is 4.823155641555786 seconds

Doing depth 7
We had 9 inferral cache hits and 763 partitioning cache hits
The partitioning cache has 2 tilings in it right now
The inferral cache has 70 tilings in it right now
There are 62 tilings in the search tree
Time taken so far is 19.374101400375366 seconds

Doing depth 8
We had 9 inferral cache hits and 1439 partitioning cache hits
The partitioning cache has 41 tilings in it right now
The inferral cache has 118 tilings in it right now
There are 122 tilings in the search tree
Time taken so far is 35.56099796295166 seconds

Now processing 0321_1302
Doing depth 1
We had 0 inferral cache hits and 14 partitioning cache hits
The partitioning cache has 0 tilings in it right now
The inferral cache has 4 tilings in it right now
There are 4 tilings in the search tree
Time taken so far is 0.02100658416748047 seconds

Doing depth 2
We had 0 inferral cache hits and 56 partitioning cache hits
The partitioning cache has 2 tilings in it right now
The inferral cache has 8 tilings in it right now
There are 8 tilings in the search tree
Time taken so far is 0.08696961402893066 seconds

Doing depth 3
We had 1 inferral cache hits and 119 partitioning cache hits
The partitioning cache has 1 tilings in it right now
The inferral cache has 15 tilings in it right now
There are 13 tilings in the search tree
Time taken so far is 0.2406938076019287 seconds

Doing depth 4
We had 1 inferral cache hits and 153 partitioning cache hits
The partitioning cache has 0 tilings in it right now
The inferral cache has 19 tilings in it right now
There are 15 tilings in the search tree
Time taken so far is 0.6215403079986572 seconds

Doing depth 5
We had 1 inferral cache hits and 248 partitioning cache hits
The partitioning cache has 7 tilings in it right now
The inferral cache has 30 tilings in it right now
There are 24 tilings in the search tree
Time taken so far is 1.2111167907714844 seconds

Doing depth 6
We had 7 inferral cache hits and 510 partitioning cache hits
The partitioning cache has 5 tilings in it right now
The inferral cache has 50 tilings in it right now
There are 38 tilings in the search tree
Time taken so far is 7.1792662143707275 seconds

Doing depth 7
We had 7 inferral cache hits and 729 partitioning cache hits
The partitioning cache has 2 tilings in it right now
The inferral cache has 77 tilings in it right now
There are 50 tilings in the search tree
Time taken so far is 30.357340812683105 seconds

Doing depth 8
We had 7 inferral cache hits and 1354 partitioning cache hits
The partitioning cache has 31 tilings in it right now
The inferral cache has 137 tilings in it right now
There are 97 tilings in the search tree
Time taken so far is 49.59619736671448 seconds

Now processing 0321_2103
Doing depth 1
We had 0 inferral cache hits and 14 partitioning cache hits
The partitioning cache has 0 tilings in it right now
The inferral cache has 4 tilings in it right now
There are 4 tilings in the search tree
Time taken so far is 0.02195906639099121 seconds

Doing depth 2
We had 0 inferral cache hits and 56 partitioning cache hits
The partitioning cache has 2 tilings in it right now
The inferral cache has 8 tilings in it right now
There are 8 tilings in the search tree
Time taken so far is 0.08952903747558594 seconds

Doing depth 3
We had 1 inferral cache hits and 119 partitioning cache hits
The partitioning cache has 1 tilings in it right now
The inferral cache has 15 tilings in it right now
There are 13 tilings in the search tree
Time taken so far is 0.2975955009460449 seconds

Doing depth 4
We had 1 inferral cache hits and 153 partitioning cache hits
The partitioning cache has 0 tilings in it right now
The inferral cache has 19 tilings in it right now
There are 15 tilings in the search tree
Time taken so far is 0.7163481712341309 seconds

Doing depth 5
We had 1 inferral cache hits and 248 partitioning cache hits
The partitioning cache has 7 tilings in it right now
The inferral cache has 30 tilings in it right now
There are 24 tilings in the search tree
Time taken so far is 1.3638381958007812 seconds

Doing depth 6
We had 7 inferral cache hits and 510 partitioning cache hits
The partitioning cache has 5 tilings in it right now
The inferral cache has 50 tilings in it right now
There are 39 tilings in the search tree
Time taken so far is 7.8919312953948975 seconds

Doing depth 7
We had 7 inferral cache hits and 729 partitioning cache hits
The partitioning cache has 2 tilings in it right now
The inferral cache has 75 tilings in it right now
There are 52 tilings in the search tree
Time taken so far is 31.868147373199463 seconds

Doing depth 8
We had 7 inferral cache hits and 1383 partitioning cache hits
The partitioning cache has 29 tilings in it right now
The inferral cache has 146 tilings in it right now
There are 107 tilings in the search tree
Time taken so far is 55.55996870994568 seconds

Now processing 0321_2301
Doing depth 1
We had 0 inferral cache hits and 14 partitioning cache hits
The partitioning cache has 0 tilings in it right now
The inferral cache has 4 tilings in it right now
There are 4 tilings in the search tree
Time taken so far is 0.021361112594604492 seconds

Doing depth 2
We had 0 inferral cache hits and 56 partitioning cache hits
The partitioning cache has 2 tilings in it right now
The inferral cache has 8 tilings in it right now
There are 8 tilings in the search tree
Time taken so far is 0.08885955810546875 seconds

Doing depth 3
We had 1 inferral cache hits and 119 partitioning cache hits
The partitioning cache has 1 tilings in it right now
The inferral cache has 15 tilings in it right now
There are 13 tilings in the search tree
Time taken so far is 0.24763774871826172 seconds

Doing depth 4
We had 1 inferral cache hits and 153 partitioning cache hits
The partitioning cache has 0 tilings in it right now
The inferral cache has 19 tilings in it right now
There are 15 tilings in the search tree
Time taken so far is 0.6537621021270752 seconds

Doing depth 5
We had 1 inferral cache hits and 243 partitioning cache hits
The partitioning cache has 7 tilings in it right now
The inferral cache has 27 tilings in it right now
There are 23 tilings in the search tree
Time taken so far is 1.1636428833007812 seconds

Doing depth 6
We had 7 inferral cache hits and 481 partitioning cache hits
The partitioning cache has 5 tilings in it right now
The inferral cache has 38 tilings in it right now
There are 36 tilings in the search tree
Time taken so far is 5.567305088043213 seconds

Doing depth 7
We had 7 inferral cache hits and 700 partitioning cache hits
The partitioning cache has 3 tilings in it right now
The inferral cache has 62 tilings in it right now
There are 50 tilings in the search tree
Time taken so far is 23.07525134086609 seconds

Doing depth 8
We had 7 inferral cache hits and 1332 partitioning cache hits
The partitioning cache has 33 tilings in it right now
The inferral cache has 112 tilings in it right now
There are 101 tilings in the search tree
Time taken so far is 38.496095418930054 seconds

Now processing 1032_1302
Doing depth 1
We had 0 inferral cache hits and 14 partitioning cache hits
The partitioning cache has 0 tilings in it right now
The inferral cache has 3 tilings in it right now
There are 4 tilings in the search tree
Time taken so far is 0.02105998992919922 seconds

Doing depth 2
We had 0 inferral cache hits and 56 partitioning cache hits
The partitioning cache has 2 tilings in it right now
The inferral cache has 7 tilings in it right now
There are 8 tilings in the search tree
Time taken so far is 0.08989834785461426 seconds

Doing depth 3
We had 1 inferral cache hits and 119 partitioning cache hits
The partitioning cache has 1 tilings in it right now
The inferral cache has 12 tilings in it right now
There are 13 tilings in the search tree
Time taken so far is 0.2763211727142334 seconds

Doing depth 4
We had 1 inferral cache hits and 153 partitioning cache hits
The partitioning cache has 1 tilings in it right now
The inferral cache has 15 tilings in it right now
There are 15 tilings in the search tree
Time taken so far is 0.8053100109100342 seconds

Doing depth 5
We had 1 inferral cache hits and 249 partitioning cache hits
The partitioning cache has 7 tilings in it right now
The inferral cache has 25 tilings in it right now
There are 26 tilings in the search tree
Time taken so far is 1.4441196918487549 seconds

Doing depth 6
We had 8 inferral cache hits and 505 partitioning cache hits
The partitioning cache has 5 tilings in it right now
The inferral cache has 40 tilings in it right now
There are 44 tilings in the search tree
Time taken so far is 8.320524215698242 seconds

Doing depth 7
We had 8 inferral cache hits and 724 partitioning cache hits
The partitioning cache has 8 tilings in it right now
The inferral cache has 60 tilings in it right now
There are 60 tilings in the search tree
Time taken so far is 38.85979461669922 seconds

Doing depth 8
We had 10 inferral cache hits and 1358 partitioning cache hits
The partitioning cache has 33 tilings in it right now
The inferral cache has 110 tilings in it right now
There are 118 tilings in the search tree
Time taken so far is 65.07320404052734 seconds

Now processing 1032_2301
Doing depth 1
We had 0 inferral cache hits and 14 partitioning cache hits
The partitioning cache has 0 tilings in it right now
The inferral cache has 3 tilings in it right now
There are 4 tilings in the search tree
Time taken so far is 0.02051854133605957 seconds

Doing depth 2
We had 0 inferral cache hits and 56 partitioning cache hits
The partitioning cache has 2 tilings in it right now
The inferral cache has 7 tilings in it right now
There are 8 tilings in the search tree
Time taken so far is 0.08998489379882812 seconds

Doing depth 3
We had 1 inferral cache hits and 119 partitioning cache hits
The partitioning cache has 1 tilings in it right now
The inferral cache has 12 tilings in it right now
There are 13 tilings in the search tree
Time taken so far is 0.28292417526245117 seconds

Doing depth 4
We had 1 inferral cache hits and 153 partitioning cache hits
The partitioning cache has 0 tilings in it right now
The inferral cache has 16 tilings in it right now
There are 15 tilings in the search tree
Time taken so far is 0.8338816165924072 seconds

Doing depth 5
We had 1 inferral cache hits and 243 partitioning cache hits
The partitioning cache has 8 tilings in it right now
The inferral cache has 24 tilings in it right now
There are 23 tilings in the search tree
Time taken so far is 1.3365671634674072 seconds

Doing depth 6
We had 9 inferral cache hits and 505 partitioning cache hits
The partitioning cache has 6 tilings in it right now
The inferral cache has 35 tilings in it right now
There are 36 tilings in the search tree
Time taken so far is 6.1929731369018555 seconds

Doing depth 7
We had 9 inferral cache hits and 763 partitioning cache hits
The partitioning cache has 4 tilings in it right now
The inferral cache has 65 tilings in it right now
There are 52 tilings in the search tree
Time taken so far is 27.358739376068115 seconds

Doing depth 8
We had 10 inferral cache hits and 1348 partitioning cache hits
The partitioning cache has 34 tilings in it right now
The inferral cache has 113 tilings in it right now
There are 104 tilings in the search tree
Time taken so far is 42.98114252090454 seconds

Now processing 1302_2031
Doing depth 1
We had 0 inferral cache hits and 14 partitioning cache hits
The partitioning cache has 0 tilings in it right now
The inferral cache has 3 tilings in it right now
There are 4 tilings in the search tree
Time taken so far is 0.020929574966430664 seconds

Doing depth 2
We had 0 inferral cache hits and 56 partitioning cache hits
The partitioning cache has 2 tilings in it right now
The inferral cache has 7 tilings in it right now
There are 8 tilings in the search tree
Time taken so far is 0.08967828750610352 seconds

Doing depth 3
We had 1 inferral cache hits and 119 partitioning cache hits
The partitioning cache has 1 tilings in it right now
The inferral cache has 12 tilings in it right now
There are 13 tilings in the search tree
Time taken so far is 0.27768802642822266 seconds

Doing depth 4
We had 1 inferral cache hits and 153 partitioning cache hits
The partitioning cache has 2 tilings in it right now
The inferral cache has 14 tilings in it right now
There are 15 tilings in the search tree
Time taken so far is 0.8076012134552002 seconds

Doing depth 5
We had 1 inferral cache hits and 255 partitioning cache hits
The partitioning cache has 6 tilings in it right now
The inferral cache has 26 tilings in it right now
There are 25 tilings in the search tree
Time taken so far is 1.6515817642211914 seconds

Doing depth 6
We had 7 inferral cache hits and 505 partitioning cache hits
The partitioning cache has 4 tilings in it right now
The inferral cache has 44 tilings in it right now
There are 42 tilings in the search tree
Time taken so far is 11.756339073181152 seconds

Doing depth 7
We had 7 inferral cache hits and 685 partitioning cache hits
The partitioning cache has 8 tilings in it right now
The inferral cache has 58 tilings in it right now
There are 52 tilings in the search tree
Time taken so far is 57.783050775527954 seconds

Doing depth 8
We had 9 inferral cache hits and 1203 partitioning cache hits
The partitioning cache has 24 tilings in it right now
The inferral cache has 108 tilings in it right now
There are 94 tilings in the search tree
Time taken so far is 97.68329882621765 seconds

