/users/home/henningu/ATRAP/non-regular-insertion-encodable-bases/logs_length2
Now processing 0123_0132
Doing depth 1
We had 12 inferral cache hits and 9 partitioning cache hits
The partitioning cache has 0 tilings in it right now
The inferral cache has 14 tilings in it right now
There are 11 tilings in the search tree
Time taken so far is 0.06434321403503418 seconds

Doing depth 2
We had 159 inferral cache hits and 108 partitioning cache hits
The partitioning cache has 0 tilings in it right now
The inferral cache has 85 tilings in it right now
There are 64 tilings in the search tree
Time taken so far is 0.673173189163208 seconds

Doing depth 3
We had 1345 inferral cache hits and 706 partitioning cache hits
The partitioning cache has 0 tilings in it right now
The inferral cache has 499 tilings in it right now
There are 372 tilings in the search tree
Time taken so far is 6.759555816650391 seconds

Doing depth 4
We had 12555 inferral cache hits and 4489 partitioning cache hits
The partitioning cache has 0 tilings in it right now
The inferral cache has 4315 tilings in it right now
There are 2577 tilings in the search tree
Time taken so far is 112.99624943733215 seconds

Now processing 0123_0213
Doing depth 1
We had 12 inferral cache hits and 9 partitioning cache hits
The partitioning cache has 0 tilings in it right now
The inferral cache has 14 tilings in it right now
There are 11 tilings in the search tree
Time taken so far is 0.05023956298828125 seconds

Doing depth 2
We had 159 inferral cache hits and 108 partitioning cache hits
The partitioning cache has 0 tilings in it right now
The inferral cache has 85 tilings in it right now
There are 66 tilings in the search tree
Time taken so far is 0.6468150615692139 seconds

Doing depth 3
We had 1433 inferral cache hits and 706 partitioning cache hits
The partitioning cache has 0 tilings in it right now
The inferral cache has 525 tilings in it right now
There are 400 tilings in the search tree
Time taken so far is 8.024842023849487 seconds

Doing depth 4
We had 13479 inferral cache hits and 4542 partitioning cache hits
The partitioning cache has 0 tilings in it right now
The inferral cache has 4580 tilings in it right now
There are 2734 tilings in the search tree
Time taken so far is 119.82762360572815 seconds

Now processing 0123_0231
Doing depth 1
We had 12 inferral cache hits and 9 partitioning cache hits
The partitioning cache has 0 tilings in it right now
The inferral cache has 14 tilings in it right now
There are 11 tilings in the search tree
Time taken so far is 0.06509804725646973 seconds

Doing depth 2
We had 159 inferral cache hits and 108 partitioning cache hits
The partitioning cache has 0 tilings in it right now
The inferral cache has 88 tilings in it right now
There are 64 tilings in the search tree
Time taken so far is 0.6174097061157227 seconds

Doing depth 3
We had 1445 inferral cache hits and 706 partitioning cache hits
The partitioning cache has 0 tilings in it right now
The inferral cache has 528 tilings in it right now
There are 388 tilings in the search tree
Time taken so far is 7.154894113540649 seconds

Doing depth 4
We had 15248 inferral cache hits and 4913 partitioning cache hits
The partitioning cache has 0 tilings in it right now
The inferral cache has 5170 tilings in it right now
There are 2941 tilings in the search tree
Time taken so far is 133.51614093780518 seconds

Now processing 0123_1230
Doing depth 1
We had 12 inferral cache hits and 9 partitioning cache hits
The partitioning cache has 0 tilings in it right now
The inferral cache has 14 tilings in it right now
There are 11 tilings in the search tree
Time taken so far is 0.06253337860107422 seconds

Doing depth 2
We had 160 inferral cache hits and 108 partitioning cache hits
The partitioning cache has 0 tilings in it right now
The inferral cache has 82 tilings in it right now
There are 64 tilings in the search tree
Time taken so far is 0.5739932060241699 seconds

Doing depth 3
We had 1318 inferral cache hits and 706 partitioning cache hits
The partitioning cache has 0 tilings in it right now
The inferral cache has 468 tilings in it right now
There are 360 tilings in the search tree
Time taken so far is 6.524522542953491 seconds

Doing depth 4
We had 11663 inferral cache hits and 4324 partitioning cache hits
The partitioning cache has 0 tilings in it right now
The inferral cache has 3960 tilings in it right now
There are 2336 tilings in the search tree
Time taken so far is 107.32941579818726 seconds

Now processing 0123_2301
Doing depth 1
We had 12 inferral cache hits and 9 partitioning cache hits
The partitioning cache has 0 tilings in it right now
The inferral cache has 14 tilings in it right now
There are 11 tilings in the search tree
Time taken so far is 0.055347442626953125 seconds

Doing depth 2
We had 159 inferral cache hits and 108 partitioning cache hits
The partitioning cache has 0 tilings in it right now
The inferral cache has 85 tilings in it right now
There are 62 tilings in the search tree
Time taken so far is 0.5832791328430176 seconds

Doing depth 3
We had 1403 inferral cache hits and 706 partitioning cache hits
The partitioning cache has 0 tilings in it right now
The inferral cache has 509 tilings in it right now
There are 370 tilings in the search tree
Time taken so far is 6.8464436531066895 seconds

Doing depth 4
We had 13707 inferral cache hits and 4676 partitioning cache hits
The partitioning cache has 0 tilings in it right now
The inferral cache has 4631 tilings in it right now
There are 2640 tilings in the search tree
Time taken so far is 125.55181741714478 seconds

Now processing 0132_0213
Doing depth 1
We had 12 inferral cache hits and 9 partitioning cache hits
The partitioning cache has 0 tilings in it right now
The inferral cache has 14 tilings in it right now
There are 11 tilings in the search tree
Time taken so far is 0.07012033462524414 seconds

Doing depth 2
We had 159 inferral cache hits and 108 partitioning cache hits
The partitioning cache has 0 tilings in it right now
The inferral cache has 89 tilings in it right now
There are 64 tilings in the search tree
Time taken so far is 0.7216298580169678 seconds

Doing depth 3
We had 1479 inferral cache hits and 706 partitioning cache hits
The partitioning cache has 0 tilings in it right now
The inferral cache has 543 tilings in it right now
There are 398 tilings in the search tree
Time taken so far is 8.822462558746338 seconds

Doing depth 4
We had 15896 inferral cache hits and 4984 partitioning cache hits
The partitioning cache has 0 tilings in it right now
The inferral cache has 5308 tilings in it right now
There are 3127 tilings in the search tree
Time taken so far is 138.32481002807617 seconds

Now processing 0132_0321
Doing depth 1
We had 12 inferral cache hits and 9 partitioning cache hits
The partitioning cache has 0 tilings in it right now
The inferral cache has 12 tilings in it right now
There are 11 tilings in the search tree
Time taken so far is 0.06102132797241211 seconds

Doing depth 2
We had 160 inferral cache hits and 108 partitioning cache hits
The partitioning cache has 0 tilings in it right now
The inferral cache has 82 tilings in it right now
There are 64 tilings in the search tree
Time taken so far is 0.5977323055267334 seconds

Doing depth 3
We had 1410 inferral cache hits and 706 partitioning cache hits
The partitioning cache has 0 tilings in it right now
The inferral cache has 472 tilings in it right now
There are 380 tilings in the search tree
Time taken so far is 7.35652494430542 seconds

Doing depth 4
We had 13213 inferral cache hits and 4564 partitioning cache hits
The partitioning cache has 0 tilings in it right now
The inferral cache has 4141 tilings in it right now
There are 2606 tilings in the search tree
Time taken so far is 121.91215491294861 seconds

Now processing 0132_1023
Doing depth 1
We had 12 inferral cache hits and 9 partitioning cache hits
The partitioning cache has 0 tilings in it right now
The inferral cache has 14 tilings in it right now
There are 11 tilings in the search tree
Time taken so far is 0.05167698860168457 seconds

Doing depth 2
We had 159 inferral cache hits and 108 partitioning cache hits
The partitioning cache has 0 tilings in it right now
The inferral cache has 85 tilings in it right now
There are 62 tilings in the search tree
Time taken so far is 0.643078088760376 seconds

Doing depth 3
We had 1399 inferral cache hits and 706 partitioning cache hits
The partitioning cache has 0 tilings in it right now
The inferral cache has 527 tilings in it right now
There are 371 tilings in the search tree
Time taken so far is 7.925189971923828 seconds

Doing depth 4
We had 15581 inferral cache hits and 4961 partitioning cache hits
The partitioning cache has 0 tilings in it right now
The inferral cache has 5608 tilings in it right now
There are 2965 tilings in the search tree
Time taken so far is 134.44370293617249 seconds

Now processing 0132_1032
Doing depth 1
We had 12 inferral cache hits and 9 partitioning cache hits
The partitioning cache has 0 tilings in it right now
The inferral cache has 12 tilings in it right now
There are 11 tilings in the search tree
Time taken so far is 0.05211639404296875 seconds

Doing depth 2
We had 160 inferral cache hits and 108 partitioning cache hits
The partitioning cache has 0 tilings in it right now
The inferral cache has 84 tilings in it right now
There are 62 tilings in the search tree
Time taken so far is 0.789520263671875 seconds

Doing depth 3
We had 1544 inferral cache hits and 706 partitioning cache hits
The partitioning cache has 0 tilings in it right now
The inferral cache has 533 tilings in it right now
There are 395 tilings in the search tree
Time taken so far is 8.198511600494385 seconds

Doing depth 4
We had 17367 inferral cache hits and 4931 partitioning cache hits
The partitioning cache has 0 tilings in it right now
The inferral cache has 5380 tilings in it right now
There are 3230 tilings in the search tree
Time taken so far is 148.21657276153564 seconds

Now processing 0132_1203
Doing depth 1
We had 12 inferral cache hits and 9 partitioning cache hits
The partitioning cache has 0 tilings in it right now
The inferral cache has 14 tilings in it right now
There are 11 tilings in the search tree
Time taken so far is 0.05820655822753906 seconds

Doing depth 2
We had 159 inferral cache hits and 108 partitioning cache hits
The partitioning cache has 0 tilings in it right now
The inferral cache has 90 tilings in it right now
There are 62 tilings in the search tree
Time taken so far is 0.5943262577056885 seconds

Doing depth 3
We had 1534 inferral cache hits and 706 partitioning cache hits
The partitioning cache has 0 tilings in it right now
The inferral cache has 568 tilings in it right now
There are 394 tilings in the search tree
Time taken so far is 8.172546863555908 seconds

Doing depth 4
We had 18677 inferral cache hits and 5280 partitioning cache hits
The partitioning cache has 0 tilings in it right now
The inferral cache has 6256 tilings in it right now
There are 3416 tilings in the search tree
Time taken so far is 157.47948026657104 seconds

Now processing 0132_1230
Doing depth 1
We had 12 inferral cache hits and 9 partitioning cache hits
The partitioning cache has 0 tilings in it right now
The inferral cache has 13 tilings in it right now
There are 11 tilings in the search tree
Time taken so far is 0.05883216857910156 seconds

Doing depth 2
We had 159 inferral cache hits and 108 partitioning cache hits
The partitioning cache has 0 tilings in it right now
The inferral cache has 86 tilings in it right now
There are 63 tilings in the search tree
Time taken so far is 0.6465308666229248 seconds

Doing depth 3
We had 1401 inferral cache hits and 706 partitioning cache hits
The partitioning cache has 0 tilings in it right now
The inferral cache has 504 tilings in it right now
There are 373 tilings in the search tree
Time taken so far is 8.002649307250977 seconds

Doing depth 4
We had 14937 inferral cache hits and 4894 partitioning cache hits
The partitioning cache has 0 tilings in it right now
The inferral cache has 4958 tilings in it right now
There are 2848 tilings in the search tree
Time taken so far is 133.3504934310913 seconds

Now processing 0132_1320
Doing depth 1
We had 12 inferral cache hits and 9 partitioning cache hits
The partitioning cache has 0 tilings in it right now
The inferral cache has 13 tilings in it right now
There are 11 tilings in the search tree
Time taken so far is 0.05801534652709961 seconds

Doing depth 2
We had 159 inferral cache hits and 108 partitioning cache hits
The partitioning cache has 0 tilings in it right now
The inferral cache has 85 tilings in it right now
There are 63 tilings in the search tree
Time taken so far is 0.5790092945098877 seconds

Doing depth 3
We had 1539 inferral cache hits and 706 partitioning cache hits
The partitioning cache has 0 tilings in it right now
The inferral cache has 527 tilings in it right now
There are 397 tilings in the search tree
Time taken so far is 7.668393611907959 seconds

Doing depth 4
We had 18288 inferral cache hits and 5340 partitioning cache hits
The partitioning cache has 0 tilings in it right now
The inferral cache has 5742 tilings in it right now
There are 3343 tilings in the search tree
Time taken so far is 156.84392666816711 seconds

Now processing 0132_2301
Doing depth 1
We had 12 inferral cache hits and 9 partitioning cache hits
The partitioning cache has 0 tilings in it right now
The inferral cache has 12 tilings in it right now
There are 11 tilings in the search tree
Time taken so far is 0.06376504898071289 seconds

Doing depth 2
We had 160 inferral cache hits and 108 partitioning cache hits
The partitioning cache has 0 tilings in it right now
The inferral cache has 84 tilings in it right now
There are 62 tilings in the search tree
Time taken so far is 0.6650419235229492 seconds

Doing depth 3
We had 1498 inferral cache hits and 706 partitioning cache hits
The partitioning cache has 0 tilings in it right now
The inferral cache has 525 tilings in it right now
There are 386 tilings in the search tree
Time taken so far is 8.903434991836548 seconds

Doing depth 4
We had 17419 inferral cache hits and 5306 partitioning cache hits
The partitioning cache has 0 tilings in it right now
The inferral cache has 5723 tilings in it right now
There are 3213 tilings in the search tree
Time taken so far is 156.66280698776245 seconds

Now processing 0132_3120
Doing depth 1
We had 12 inferral cache hits and 9 partitioning cache hits
The partitioning cache has 0 tilings in it right now
The inferral cache has 14 tilings in it right now
There are 11 tilings in the search tree
Time taken so far is 0.0677485466003418 seconds

Doing depth 2
We had 159 inferral cache hits and 108 partitioning cache hits
The partitioning cache has 0 tilings in it right now
The inferral cache has 89 tilings in it right now
There are 64 tilings in the search tree
Time taken so far is 0.5934374332427979 seconds

Doing depth 3
We had 1489 inferral cache hits and 706 partitioning cache hits
The partitioning cache has 0 tilings in it right now
The inferral cache has 545 tilings in it right now
There are 392 tilings in the search tree
Time taken so far is 7.9414591789245605 seconds

Doing depth 4
We had 15175 inferral cache hits and 4796 partitioning cache hits
The partitioning cache has 0 tilings in it right now
The inferral cache has 5205 tilings in it right now
There are 2863 tilings in the search tree
Time taken so far is 130.7348153591156 seconds

Now processing 0213_0321
Doing depth 1
We had 12 inferral cache hits and 9 partitioning cache hits
The partitioning cache has 0 tilings in it right now
The inferral cache has 14 tilings in it right now
There are 11 tilings in the search tree
Time taken so far is 0.06766438484191895 seconds

Doing depth 2
We had 159 inferral cache hits and 108 partitioning cache hits
The partitioning cache has 0 tilings in it right now
The inferral cache has 87 tilings in it right now
There are 64 tilings in the search tree
Time taken so far is 0.6208019256591797 seconds

Doing depth 3
We had 1491 inferral cache hits and 706 partitioning cache hits
The partitioning cache has 0 tilings in it right now
The inferral cache has 524 tilings in it right now
There are 396 tilings in the search tree
Time taken so far is 7.885976791381836 seconds

Doing depth 4
We had 15200 inferral cache hits and 4812 partitioning cache hits
The partitioning cache has 0 tilings in it right now
The inferral cache has 4835 tilings in it right now
There are 2940 tilings in the search tree
Time taken so far is 133.71391034126282 seconds

Now processing 0213_1230
Doing depth 1
We had 12 inferral cache hits and 9 partitioning cache hits
The partitioning cache has 0 tilings in it right now
The inferral cache has 14 tilings in it right now
There are 11 tilings in the search tree
Time taken so far is 0.06363844871520996 seconds

Doing depth 2
We had 159 inferral cache hits and 108 partitioning cache hits
The partitioning cache has 0 tilings in it right now
The inferral cache has 85 tilings in it right now
There are 64 tilings in the search tree
Time taken so far is 0.6652798652648926 seconds

Doing depth 3
We had 1489 inferral cache hits and 706 partitioning cache hits
The partitioning cache has 0 tilings in it right now
The inferral cache has 531 tilings in it right now
There are 392 tilings in the search tree
Time taken so far is 6.785815000534058 seconds

Doing depth 4
We had 17243 inferral cache hits and 4796 partitioning cache hits
The partitioning cache has 0 tilings in it right now
The inferral cache has 5704 tilings in it right now
There are 3156 tilings in the search tree
Time taken so far is 136.85315108299255 seconds

Now processing 0213_1320
Doing depth 1
We had 12 inferral cache hits and 9 partitioning cache hits
The partitioning cache has 0 tilings in it right now
The inferral cache has 14 tilings in it right now
There are 11 tilings in the search tree
Time taken so far is 0.062279462814331055 seconds

Doing depth 2
We had 159 inferral cache hits and 108 partitioning cache hits
The partitioning cache has 0 tilings in it right now
The inferral cache has 88 tilings in it right now
There are 64 tilings in the search tree
Time taken so far is 0.6651694774627686 seconds

Doing depth 3
We had 1623 inferral cache hits and 706 partitioning cache hits
The partitioning cache has 0 tilings in it right now
The inferral cache has 573 tilings in it right now
There are 416 tilings in the search tree
Time taken so far is 8.196317434310913 seconds

Doing depth 4
We had 20474 inferral cache hits and 5359 partitioning cache hits
The partitioning cache has 0 tilings in it right now
The inferral cache has 6342 tilings in it right now
There are 3671 tilings in the search tree
Time taken so far is 163.6996784210205 seconds

Now processing 0213_2301
Doing depth 1
We had 12 inferral cache hits and 9 partitioning cache hits
The partitioning cache has 0 tilings in it right now
The inferral cache has 14 tilings in it right now
There are 11 tilings in the search tree
Time taken so far is 0.04777693748474121 seconds

Doing depth 2
We had 159 inferral cache hits and 108 partitioning cache hits
The partitioning cache has 0 tilings in it right now
The inferral cache has 89 tilings in it right now
There are 62 tilings in the search tree
Time taken so far is 0.5708131790161133 seconds

Doing depth 3
We had 1579 inferral cache hits and 706 partitioning cache hits
The partitioning cache has 0 tilings in it right now
The inferral cache has 563 tilings in it right now
There are 402 tilings in the search tree
Time taken so far is 7.669727563858032 seconds

Doing depth 4
We had 19868 inferral cache hits and 5276 partitioning cache hits
The partitioning cache has 0 tilings in it right now
The inferral cache has 6221 tilings in it right now
There are 3548 tilings in the search tree
Time taken so far is 158.98132157325745 seconds

Now processing 0213_3120
Doing depth 1
We had 12 inferral cache hits and 9 partitioning cache hits
The partitioning cache has 0 tilings in it right now
The inferral cache has 14 tilings in it right now
There are 11 tilings in the search tree
Time taken so far is 0.05668187141418457 seconds

Doing depth 2
We had 159 inferral cache hits and 108 partitioning cache hits
The partitioning cache has 0 tilings in it right now
The inferral cache has 89 tilings in it right now
There are 66 tilings in the search tree
Time taken so far is 0.6722419261932373 seconds

Doing depth 3
We had 1575 inferral cache hits and 706 partitioning cache hits
The partitioning cache has 0 tilings in it right now
The inferral cache has 565 tilings in it right now
There are 414 tilings in the search tree
Time taken so far is 8.669819831848145 seconds

Doing depth 4
We had 18438 inferral cache hits and 5036 partitioning cache hits
The partitioning cache has 0 tilings in it right now
The inferral cache has 6019 tilings in it right now
There are 3352 tilings in the search tree
Time taken so far is 143.3551857471466 seconds

Now processing 0231_0312
Doing depth 1
We had 12 inferral cache hits and 9 partitioning cache hits
The partitioning cache has 0 tilings in it right now
The inferral cache has 12 tilings in it right now
There are 11 tilings in the search tree
Time taken so far is 0.053223371505737305 seconds

Doing depth 2
We had 160 inferral cache hits and 108 partitioning cache hits
The partitioning cache has 0 tilings in it right now
The inferral cache has 86 tilings in it right now
There are 64 tilings in the search tree
Time taken so far is 0.605792760848999 seconds

Doing depth 3
We had 1662 inferral cache hits and 706 partitioning cache hits
The partitioning cache has 0 tilings in it right now
The inferral cache has 553 tilings in it right now
There are 430 tilings in the search tree
Time taken so far is 9.300609588623047 seconds

Doing depth 4
We had 19592 inferral cache hits and 5369 partitioning cache hits
The partitioning cache has 0 tilings in it right now
The inferral cache has 5922 tilings in it right now
There are 3633 tilings in the search tree
Time taken so far is 166.25579857826233 seconds

Now processing 0231_0321
Doing depth 1
We had 12 inferral cache hits and 9 partitioning cache hits
The partitioning cache has 0 tilings in it right now
The inferral cache has 12 tilings in it right now
There are 11 tilings in the search tree
Time taken so far is 0.06609010696411133 seconds

Doing depth 2
We had 160 inferral cache hits and 108 partitioning cache hits
The partitioning cache has 0 tilings in it right now
The inferral cache has 82 tilings in it right now
There are 64 tilings in the search tree
Time taken so far is 0.6798224449157715 seconds

Doing depth 3
We had 1591 inferral cache hits and 706 partitioning cache hits
The partitioning cache has 0 tilings in it right now
The inferral cache has 516 tilings in it right now
There are 416 tilings in the search tree
Time taken so far is 7.702044486999512 seconds

Doing depth 4
We had 17295 inferral cache hits and 4960 partitioning cache hits
The partitioning cache has 0 tilings in it right now
The inferral cache has 5007 tilings in it right now
There are 3252 tilings in the search tree
Time taken so far is 147.6849627494812 seconds

Now processing 0231_1203
Doing depth 1
We had 12 inferral cache hits and 9 partitioning cache hits
The partitioning cache has 0 tilings in it right now
The inferral cache has 14 tilings in it right now
There are 11 tilings in the search tree
Time taken so far is 0.05987286567687988 seconds

Doing depth 2
We had 159 inferral cache hits and 108 partitioning cache hits
The partitioning cache has 0 tilings in it right now
The inferral cache has 93 tilings in it right now
There are 62 tilings in the search tree
Time taken so far is 0.6509628295898438 seconds

Doing depth 3
We had 1667 inferral cache hits and 706 partitioning cache hits
The partitioning cache has 0 tilings in it right now
The inferral cache has 590 tilings in it right now
There are 418 tilings in the search tree
Time taken so far is 7.905768394470215 seconds

Doing depth 4
We had 23422 inferral cache hits and 5668 partitioning cache hits
The partitioning cache has 0 tilings in it right now
The inferral cache has 7209 tilings in it right now
There are 4183 tilings in the search tree
Time taken so far is 189.37138199806213 seconds

Now processing 0231_1230
Doing depth 1
We had 12 inferral cache hits and 9 partitioning cache hits
The partitioning cache has 0 tilings in it right now
The inferral cache has 13 tilings in it right now
There are 11 tilings in the search tree
Time taken so far is 0.056494951248168945 seconds

Doing depth 2
We had 159 inferral cache hits and 108 partitioning cache hits
The partitioning cache has 0 tilings in it right now
The inferral cache has 85 tilings in it right now
There are 63 tilings in the search tree
Time taken so far is 0.5796031951904297 seconds

Doing depth 3
We had 1492 inferral cache hits and 706 partitioning cache hits
The partitioning cache has 0 tilings in it right now
The inferral cache has 516 tilings in it right now
There are 392 tilings in the search tree
Time taken so far is 7.045346975326538 seconds

Doing depth 4
We had 6344 inferral cache hits and 3329 partitioning cache hits
The partitioning cache has 89 tilings in it right now
The inferral cache has 2129 tilings in it right now
There are 1381 tilings in the search tree
Time taken so far is 70.86814498901367 seconds

Now processing 0231_2013
Doing depth 1
We had 12 inferral cache hits and 9 partitioning cache hits
The partitioning cache has 0 tilings in it right now
The inferral cache has 14 tilings in it right now
There are 11 tilings in the search tree
Time taken so far is 0.0348210334777832 seconds

Doing depth 2
We had 159 inferral cache hits and 108 partitioning cache hits
The partitioning cache has 0 tilings in it right now
The inferral cache has 93 tilings in it right now
There are 62 tilings in the search tree
Time taken so far is 0.512176513671875 seconds

Doing depth 3
We had 1666 inferral cache hits and 706 partitioning cache hits
The partitioning cache has 0 tilings in it right now
The inferral cache has 607 tilings in it right now
There are 418 tilings in the search tree
Time taken so far is 6.727394342422485 seconds

Doing depth 4
We had 22579 inferral cache hits and 5561 partitioning cache hits
The partitioning cache has 0 tilings in it right now
The inferral cache has 7349 tilings in it right now
There are 4147 tilings in the search tree
Time taken so far is 177.66490936279297 seconds

Now processing 0231_2031
Doing depth 1
We had 12 inferral cache hits and 9 partitioning cache hits
The partitioning cache has 0 tilings in it right now
The inferral cache has 12 tilings in it right now
There are 11 tilings in the search tree
Time taken so far is 0.056816816329956055 seconds

Doing depth 2
We had 160 inferral cache hits and 108 partitioning cache hits
The partitioning cache has 0 tilings in it right now
The inferral cache has 86 tilings in it right now
There are 62 tilings in the search tree
Time taken so far is 0.5979151725769043 seconds

Doing depth 3
We had 1894 inferral cache hits and 706 partitioning cache hits
The partitioning cache has 0 tilings in it right now
The inferral cache has 626 tilings in it right now
There are 465 tilings in the search tree
Time taken so far is 9.71461033821106 seconds

Doing depth 4
We had 27894 inferral cache hits and 6299 partitioning cache hits
The partitioning cache has 0 tilings in it right now
The inferral cache has 7812 tilings in it right now
There are 4915 tilings in the search tree
Time taken so far is 222.93487453460693 seconds

Now processing 0231_2130
Doing depth 1
We had 12 inferral cache hits and 9 partitioning cache hits
The partitioning cache has 0 tilings in it right now
The inferral cache has 13 tilings in it right now
There are 11 tilings in the search tree
Time taken so far is 0.047730445861816406 seconds

Doing depth 2
We had 159 inferral cache hits and 108 partitioning cache hits
The partitioning cache has 0 tilings in it right now
The inferral cache has 90 tilings in it right now
There are 63 tilings in the search tree
Time taken so far is 0.575730562210083 seconds

Doing depth 3
We had 1668 inferral cache hits and 706 partitioning cache hits
The partitioning cache has 0 tilings in it right now
The inferral cache has 592 tilings in it right now
There are 421 tilings in the search tree
Time taken so far is 7.887022495269775 seconds

Doing depth 4
We had 21457 inferral cache hits and 5464 partitioning cache hits
The partitioning cache has 0 tilings in it right now
The inferral cache has 6938 tilings in it right now
There are 3832 tilings in the search tree
Time taken so far is 162.26450943946838 seconds

Now processing 0231_2301
Doing depth 1
We had 12 inferral cache hits and 9 partitioning cache hits
The partitioning cache has 0 tilings in it right now
The inferral cache has 12 tilings in it right now
There are 11 tilings in the search tree
Time taken so far is 0.04507565498352051 seconds

Doing depth 2
We had 160 inferral cache hits and 108 partitioning cache hits
The partitioning cache has 0 tilings in it right now
The inferral cache has 85 tilings in it right now
There are 62 tilings in the search tree
Time taken so far is 0.5427486896514893 seconds

Doing depth 3
We had 1627 inferral cache hits and 706 partitioning cache hits
The partitioning cache has 0 tilings in it right now
The inferral cache has 551 tilings in it right now
There are 410 tilings in the search tree
Time taken so far is 6.686250925064087 seconds

Doing depth 4
We had 19054 inferral cache hits and 5292 partitioning cache hits
The partitioning cache has 0 tilings in it right now
The inferral cache has 5797 tilings in it right now
There are 3459 tilings in the search tree
Time taken so far is 133.94893383979797 seconds

Now processing 0231_3012
Doing depth 1
We had 12 inferral cache hits and 9 partitioning cache hits
The partitioning cache has 0 tilings in it right now
The inferral cache has 13 tilings in it right now
There are 11 tilings in the search tree
Time taken so far is 0.05001521110534668 seconds

Doing depth 2
We had 159 inferral cache hits and 108 partitioning cache hits
The partitioning cache has 0 tilings in it right now
The inferral cache has 88 tilings in it right now
There are 63 tilings in the search tree
Time taken so far is 0.5487320423126221 seconds

Doing depth 3
We had 1536 inferral cache hits and 706 partitioning cache hits
The partitioning cache has 0 tilings in it right now
The inferral cache has 542 tilings in it right now
There are 398 tilings in the search tree
Time taken so far is 6.367015838623047 seconds

Doing depth 4
We had 18992 inferral cache hits and 5276 partitioning cache hits
The partitioning cache has 0 tilings in it right now
The inferral cache has 6261 tilings in it right now
There are 3461 tilings in the search tree
Time taken so far is 127.26497149467468 seconds

Now processing 0321_1032
Doing depth 1
We had 12 inferral cache hits and 9 partitioning cache hits
The partitioning cache has 0 tilings in it right now
The inferral cache has 12 tilings in it right now
There are 11 tilings in the search tree
Time taken so far is 0.04620623588562012 seconds

Doing depth 2
We had 160 inferral cache hits and 108 partitioning cache hits
The partitioning cache has 0 tilings in it right now
The inferral cache has 84 tilings in it right now
There are 62 tilings in the search tree
Time taken so far is 0.6664149761199951 seconds

Doing depth 3
We had 1496 inferral cache hits and 706 partitioning cache hits
The partitioning cache has 0 tilings in it right now
The inferral cache has 508 tilings in it right now
There are 386 tilings in the search tree
Time taken so far is 6.381559133529663 seconds

Doing depth 4
We had 15249 inferral cache hits and 4976 partitioning cache hits
The partitioning cache has 0 tilings in it right now
The inferral cache has 4716 tilings in it right now
There are 2882 tilings in the search tree
Time taken so far is 115.50244069099426 seconds

Now processing 0321_2103
Doing depth 1
We had 12 inferral cache hits and 9 partitioning cache hits
The partitioning cache has 0 tilings in it right now
The inferral cache has 14 tilings in it right now
There are 11 tilings in the search tree
Time taken so far is 0.04881715774536133 seconds

Doing depth 2
We had 159 inferral cache hits and 108 partitioning cache hits
The partitioning cache has 0 tilings in it right now
The inferral cache has 85 tilings in it right now
There are 62 tilings in the search tree
Time taken so far is 0.5375487804412842 seconds

Doing depth 3
We had 1401 inferral cache hits and 706 partitioning cache hits
The partitioning cache has 0 tilings in it right now
The inferral cache has 497 tilings in it right now
There are 370 tilings in the search tree
Time taken so far is 5.858806133270264 seconds

Doing depth 4
We had 13415 inferral cache hits and 4601 partitioning cache hits
The partitioning cache has 0 tilings in it right now
The inferral cache has 4475 tilings in it right now
There are 2580 tilings in the search tree
Time taken so far is 101.50544571876526 seconds

Now processing 1032_1302
Doing depth 1
We had 12 inferral cache hits and 9 partitioning cache hits
The partitioning cache has 0 tilings in it right now
The inferral cache has 10 tilings in it right now
There are 11 tilings in the search tree
Time taken so far is 0.05121898651123047 seconds

Doing depth 2
We had 163 inferral cache hits and 108 partitioning cache hits
The partitioning cache has 0 tilings in it right now
The inferral cache has 77 tilings in it right now
There are 62 tilings in the search tree
Time taken so far is 0.531303882598877 seconds

Doing depth 3
We had 1861 inferral cache hits and 706 partitioning cache hits
The partitioning cache has 0 tilings in it right now
The inferral cache has 549 tilings in it right now
There are 450 tilings in the search tree
Time taken so far is 7.57187819480896 seconds

Doing depth 4
We had 27285 inferral cache hits and 6886 partitioning cache hits
The partitioning cache has 0 tilings in it right now
The inferral cache has 6778 tilings in it right now
There are 4742 tilings in the search tree
Time taken so far is 190.8070650100708 seconds

Now processing 1032_2301
Doing depth 1
We had 12 inferral cache hits and 9 partitioning cache hits
The partitioning cache has 0 tilings in it right now
The inferral cache has 10 tilings in it right now
There are 11 tilings in the search tree
Time taken so far is 0.04959464073181152 seconds

Doing depth 2
We had 163 inferral cache hits and 108 partitioning cache hits
The partitioning cache has 0 tilings in it right now
The inferral cache has 81 tilings in it right now
There are 62 tilings in the search tree
Time taken so far is 0.5158107280731201 seconds

Doing depth 3
We had 1595 inferral cache hits and 706 partitioning cache hits
The partitioning cache has 0 tilings in it right now
The inferral cache has 509 tilings in it right now
There are 402 tilings in the search tree
Time taken so far is 6.557729959487915 seconds

Doing depth 4
We had 17012 inferral cache hits and 5036 partitioning cache hits
The partitioning cache has 0 tilings in it right now
The inferral cache has 5459 tilings in it right now
There are 3122 tilings in the search tree
Time taken so far is 127.93628692626953 seconds

