/users/home/henningu/ATRAP/non-regular-insertion-encodable-bases/logs_length2
Now processing 0123_0132
Doing depth 1
We had 0 inferral cache hits and 14 partitioning cache hits
The partitioning cache has 0 tilings in it right now
The inferral cache has 10 tilings in it right now
There are 7 tilings in the search tree
Time taken so far is 0.07220935821533203 seconds

Doing depth 2
We had 4 inferral cache hits and 195 partitioning cache hits
The partitioning cache has 8 tilings in it right now
The inferral cache has 54 tilings in it right now
There are 34 tilings in the search tree
Time taken so far is 0.527069091796875 seconds

Doing depth 3
We had 12 inferral cache hits and 1175 partitioning cache hits
The partitioning cache has 88 tilings in it right now
The inferral cache has 226 tilings in it right now
There are 168 tilings in the search tree
Time taken so far is 3.80804181098938 seconds

Doing depth 4
We had 332 inferral cache hits and 6879 partitioning cache hits
The partitioning cache has 269 tilings in it right now
The inferral cache has 1284 tilings in it right now
There are 858 tilings in the search tree
Time taken so far is 36.43236780166626 seconds

Now processing 0123_0213
Doing depth 1
We had 0 inferral cache hits and 14 partitioning cache hits
The partitioning cache has 0 tilings in it right now
The inferral cache has 10 tilings in it right now
There are 7 tilings in the search tree
Time taken so far is 0.04981422424316406 seconds

Doing depth 2
We had 4 inferral cache hits and 195 partitioning cache hits
The partitioning cache has 8 tilings in it right now
The inferral cache has 54 tilings in it right now
There are 36 tilings in the search tree
Time taken so far is 0.5170078277587891 seconds

Doing depth 3
We had 12 inferral cache hits and 1215 partitioning cache hits
The partitioning cache has 86 tilings in it right now
The inferral cache has 244 tilings in it right now
There are 184 tilings in the search tree
Time taken so far is 4.0665130615234375 seconds

Doing depth 4
We had 367 inferral cache hits and 7906 partitioning cache hits
The partitioning cache has 318 tilings in it right now
The inferral cache has 1524 tilings in it right now
There are 1019 tilings in the search tree
Time taken so far is 43.18279480934143 seconds

Now processing 0123_0231
Doing depth 1
We had 0 inferral cache hits and 14 partitioning cache hits
The partitioning cache has 0 tilings in it right now
The inferral cache has 10 tilings in it right now
There are 7 tilings in the search tree
Time taken so far is 0.0469663143157959 seconds

Doing depth 2
We had 4 inferral cache hits and 195 partitioning cache hits
The partitioning cache has 8 tilings in it right now
The inferral cache has 57 tilings in it right now
There are 34 tilings in the search tree
Time taken so far is 0.4922597408294678 seconds

Doing depth 3
We had 12 inferral cache hits and 1235 partitioning cache hits
The partitioning cache has 88 tilings in it right now
The inferral cache has 258 tilings in it right now
There are 178 tilings in the search tree
Time taken so far is 4.041963338851929 seconds

Doing depth 4
We had 370 inferral cache hits and 8684 partitioning cache hits
The partitioning cache has 372 tilings in it right now
The inferral cache has 1748 tilings in it right now
There are 1041 tilings in the search tree
Time taken so far is 47.32613515853882 seconds

Now processing 0123_1230
Doing depth 1
We had 0 inferral cache hits and 14 partitioning cache hits
The partitioning cache has 0 tilings in it right now
The inferral cache has 10 tilings in it right now
There are 7 tilings in the search tree
Time taken so far is 0.04399585723876953 seconds

Doing depth 2
We had 5 inferral cache hits and 191 partitioning cache hits
The partitioning cache has 8 tilings in it right now
The inferral cache has 51 tilings in it right now
There are 34 tilings in the search tree
Time taken so far is 0.46068334579467773 seconds

Doing depth 3
We had 13 inferral cache hits and 1171 partitioning cache hits
The partitioning cache has 88 tilings in it right now
The inferral cache has 217 tilings in it right now
There are 166 tilings in the search tree
Time taken so far is 4.330956935882568 seconds

Doing depth 4
We had 328 inferral cache hits and 6938 partitioning cache hits
The partitioning cache has 292 tilings in it right now
The inferral cache has 1252 tilings in it right now
There are 797 tilings in the search tree
Time taken so far is 35.289079904556274 seconds

Now processing 0123_2301
Doing depth 1
We had 0 inferral cache hits and 14 partitioning cache hits
The partitioning cache has 0 tilings in it right now
The inferral cache has 10 tilings in it right now
There are 7 tilings in the search tree
Time taken so far is 0.04058694839477539 seconds

Doing depth 2
We had 4 inferral cache hits and 195 partitioning cache hits
The partitioning cache has 8 tilings in it right now
The inferral cache has 54 tilings in it right now
There are 31 tilings in the search tree
Time taken so far is 0.4669375419616699 seconds

Doing depth 3
We had 12 inferral cache hits and 1215 partitioning cache hits
The partitioning cache has 82 tilings in it right now
The inferral cache has 252 tilings in it right now
There are 167 tilings in the search tree
Time taken so far is 3.8692121505737305 seconds

Doing depth 4
We had 305 inferral cache hits and 8164 partitioning cache hits
The partitioning cache has 319 tilings in it right now
The inferral cache has 1634 tilings in it right now
There are 908 tilings in the search tree
Time taken so far is 42.57237935066223 seconds

Now processing 0132_0213
Doing depth 1
We had 0 inferral cache hits and 14 partitioning cache hits
The partitioning cache has 0 tilings in it right now
The inferral cache has 10 tilings in it right now
There are 7 tilings in the search tree
Time taken so far is 0.05600619316101074 seconds

Doing depth 2
We had 4 inferral cache hits and 195 partitioning cache hits
The partitioning cache has 8 tilings in it right now
The inferral cache has 58 tilings in it right now
There are 34 tilings in the search tree
Time taken so far is 0.5213048458099365 seconds

Doing depth 3
We had 12 inferral cache hits and 1255 partitioning cache hits
The partitioning cache has 96 tilings in it right now
The inferral cache has 266 tilings in it right now
There are 184 tilings in the search tree
Time taken so far is 5.2990453243255615 seconds

Doing depth 4
We had 375 inferral cache hits and 8896 partitioning cache hits
The partitioning cache has 424 tilings in it right now
The inferral cache has 1844 tilings in it right now
There are 1160 tilings in the search tree
Time taken so far is 51.18987512588501 seconds

Now processing 0132_0231
Doing depth 1
We had 0 inferral cache hits and 14 partitioning cache hits
The partitioning cache has 0 tilings in it right now
The inferral cache has 8 tilings in it right now
There are 7 tilings in the search tree
Time taken so far is 0.0403132438659668 seconds

Doing depth 2
We had 5 inferral cache hits and 191 partitioning cache hits
The partitioning cache has 11 tilings in it right now
The inferral cache has 50 tilings in it right now
There are 34 tilings in the search tree
Time taken so far is 0.4712526798248291 seconds

Doing depth 3
We had 13 inferral cache hits and 1254 partitioning cache hits
The partitioning cache has 101 tilings in it right now
The inferral cache has 242 tilings in it right now
There are 185 tilings in the search tree
Time taken so far is 4.296738386154175 seconds

Doing depth 4
We had 398 inferral cache hits and 8923 partitioning cache hits
The partitioning cache has 484 tilings in it right now
The inferral cache has 1670 tilings in it right now
There are 1128 tilings in the search tree
Time taken so far is 52.997472524642944 seconds

Now processing 0132_0321
Doing depth 1
We had 0 inferral cache hits and 14 partitioning cache hits
The partitioning cache has 0 tilings in it right now
The inferral cache has 8 tilings in it right now
There are 7 tilings in the search tree
Time taken so far is 0.054266929626464844 seconds

Doing depth 2
We had 5 inferral cache hits and 191 partitioning cache hits
The partitioning cache has 10 tilings in it right now
The inferral cache has 51 tilings in it right now
There are 34 tilings in the search tree
Time taken so far is 0.7015907764434814 seconds

Doing depth 3
We had 13 inferral cache hits and 1213 partitioning cache hits
The partitioning cache has 100 tilings in it right now
The inferral cache has 223 tilings in it right now
There are 174 tilings in the search tree
Time taken so far is 4.212043523788452 seconds

Doing depth 4
We had 376 inferral cache hits and 7749 partitioning cache hits
The partitioning cache has 417 tilings in it right now
The inferral cache has 1374 tilings in it right now
There are 932 tilings in the search tree
Time taken so far is 41.694233417510986 seconds

Now processing 0132_1023
Doing depth 1
We had 0 inferral cache hits and 14 partitioning cache hits
The partitioning cache has 0 tilings in it right now
The inferral cache has 10 tilings in it right now
There are 7 tilings in the search tree
Time taken so far is 0.04804229736328125 seconds

Doing depth 2
We had 4 inferral cache hits and 195 partitioning cache hits
The partitioning cache has 8 tilings in it right now
The inferral cache has 54 tilings in it right now
There are 31 tilings in the search tree
Time taken so far is 0.4797391891479492 seconds

Doing depth 3
We had 12 inferral cache hits and 1215 partitioning cache hits
The partitioning cache has 86 tilings in it right now
The inferral cache has 260 tilings in it right now
There are 168 tilings in the search tree
Time taken so far is 3.9570517539978027 seconds

Doing depth 4
We had 363 inferral cache hits and 8459 partitioning cache hits
The partitioning cache has 289 tilings in it right now
The inferral cache has 1910 tilings in it right now
There are 967 tilings in the search tree
Time taken so far is 46.961472272872925 seconds

Now processing 0132_1032
Doing depth 1
We had 0 inferral cache hits and 14 partitioning cache hits
The partitioning cache has 0 tilings in it right now
The inferral cache has 8 tilings in it right now
There are 7 tilings in the search tree
Time taken so far is 0.04080319404602051 seconds

Doing depth 2
We had 5 inferral cache hits and 191 partitioning cache hits
The partitioning cache has 8 tilings in it right now
The inferral cache has 53 tilings in it right now
There are 31 tilings in the search tree
Time taken so far is 0.46730947494506836 seconds

Doing depth 3
We had 13 inferral cache hits and 1251 partitioning cache hits
The partitioning cache has 97 tilings in it right now
The inferral cache has 257 tilings in it right now
There are 175 tilings in the search tree
Time taken so far is 4.252951622009277 seconds

Doing depth 4
We had 369 inferral cache hits and 9148 partitioning cache hits
The partitioning cache has 468 tilings in it right now
The inferral cache has 1853 tilings in it right now
There are 1113 tilings in the search tree
Time taken so far is 51.62416410446167 seconds

Now processing 0132_1203
Doing depth 1
We had 0 inferral cache hits and 14 partitioning cache hits
The partitioning cache has 0 tilings in it right now
The inferral cache has 10 tilings in it right now
There are 7 tilings in the search tree
Time taken so far is 0.04872250556945801 seconds

Doing depth 2
We had 4 inferral cache hits and 195 partitioning cache hits
The partitioning cache has 8 tilings in it right now
The inferral cache has 59 tilings in it right now
There are 31 tilings in the search tree
Time taken so far is 0.4874539375305176 seconds

Doing depth 3
We had 12 inferral cache hits and 1275 partitioning cache hits
The partitioning cache has 93 tilings in it right now
The inferral cache has 289 tilings in it right now
There are 179 tilings in the search tree
Time taken so far is 4.341766119003296 seconds

Doing depth 4
We had 422 inferral cache hits and 10068 partitioning cache hits
The partitioning cache has 429 tilings in it right now
The inferral cache has 2322 tilings in it right now
There are 1224 tilings in the search tree
Time taken so far is 62.56300926208496 seconds

Now processing 0132_1230
Doing depth 1
We had 0 inferral cache hits and 14 partitioning cache hits
The partitioning cache has 0 tilings in it right now
The inferral cache has 9 tilings in it right now
There are 7 tilings in the search tree
Time taken so far is 0.051624298095703125 seconds

Doing depth 2
We had 4 inferral cache hits and 195 partitioning cache hits
The partitioning cache has 7 tilings in it right now
The inferral cache has 55 tilings in it right now
There are 33 tilings in the search tree
Time taken so far is 0.49066662788391113 seconds

Doing depth 3
We had 11 inferral cache hits and 1219 partitioning cache hits
The partitioning cache has 87 tilings in it right now
The inferral cache has 247 tilings in it right now
There are 171 tilings in the search tree
Time taken so far is 3.9560863971710205 seconds

Doing depth 4
We had 323 inferral cache hits and 8092 partitioning cache hits
The partitioning cache has 349 tilings in it right now
The inferral cache has 1592 tilings in it right now
There are 928 tilings in the search tree
Time taken so far is 41.88480305671692 seconds

Now processing 0132_1302
Doing depth 1
We had 0 inferral cache hits and 14 partitioning cache hits
The partitioning cache has 0 tilings in it right now
The inferral cache has 8 tilings in it right now
There are 7 tilings in the search tree
Time taken so far is 0.06939959526062012 seconds

Doing depth 2
We had 5 inferral cache hits and 191 partitioning cache hits
The partitioning cache has 8 tilings in it right now
The inferral cache has 58 tilings in it right now
There are 31 tilings in the search tree
Time taken so far is 0.448932409286499 seconds

Doing depth 3
We had 13 inferral cache hits and 1411 partitioning cache hits
The partitioning cache has 89 tilings in it right now
The inferral cache has 351 tilings in it right now
There are 207 tilings in the search tree
Time taken so far is 5.202127456665039 seconds

Doing depth 4
A proof tree has been found.
We had 53 inferral cache hits and 2915 partitioning cache hits
The partitioning cache has 177 tilings in it right now
The inferral cache has 722 tilings in it right now
There are 412 tilings in the search tree
Time taken so far is 14.342960357666016 seconds

Now processing 0132_1320
Doing depth 1
We had 0 inferral cache hits and 14 partitioning cache hits
The partitioning cache has 0 tilings in it right now
The inferral cache has 9 tilings in it right now
There are 7 tilings in the search tree
Time taken so far is 0.04404783248901367 seconds

Doing depth 2
We had 4 inferral cache hits and 195 partitioning cache hits
The partitioning cache has 9 tilings in it right now
The inferral cache has 54 tilings in it right now
There are 33 tilings in the search tree
Time taken so far is 0.4359920024871826 seconds

Doing depth 3
We had 12 inferral cache hits and 1276 partitioning cache hits
The partitioning cache has 94 tilings in it right now
The inferral cache has 265 tilings in it right now
There are 183 tilings in the search tree
Time taken so far is 4.269698858261108 seconds

Doing depth 4
We had 392 inferral cache hits and 10028 partitioning cache hits
The partitioning cache has 444 tilings in it right now
The inferral cache has 2075 tilings in it right now
There are 1170 tilings in the search tree
Time taken so far is 57.84745001792908 seconds

Now processing 0132_2301
Doing depth 1
We had 0 inferral cache hits and 14 partitioning cache hits
The partitioning cache has 0 tilings in it right now
The inferral cache has 8 tilings in it right now
There are 7 tilings in the search tree
Time taken so far is 0.047863006591796875 seconds

Doing depth 2
We had 5 inferral cache hits and 191 partitioning cache hits
The partitioning cache has 8 tilings in it right now
The inferral cache has 53 tilings in it right now
There are 31 tilings in the search tree
Time taken so far is 0.5097332000732422 seconds

Doing depth 3
We had 13 inferral cache hits and 1251 partitioning cache hits
The partitioning cache has 83 tilings in it right now
The inferral cache has 272 tilings in it right now
There are 175 tilings in the search tree
Time taken so far is 4.243867635726929 seconds

Doing depth 4
We had 363 inferral cache hits and 9392 partitioning cache hits
The partitioning cache has 407 tilings in it right now
The inferral cache has 2033 tilings in it right now
There are 1072 tilings in the search tree
Time taken so far is 50.6861834526062 seconds

Now processing 0132_3120
Doing depth 1
We had 0 inferral cache hits and 14 partitioning cache hits
The partitioning cache has 0 tilings in it right now
The inferral cache has 10 tilings in it right now
There are 7 tilings in the search tree
Time taken so far is 0.042392730712890625 seconds

Doing depth 2
We had 4 inferral cache hits and 195 partitioning cache hits
The partitioning cache has 8 tilings in it right now
The inferral cache has 58 tilings in it right now
There are 34 tilings in the search tree
Time taken so far is 0.47741127014160156 seconds

Doing depth 3
We had 12 inferral cache hits and 1255 partitioning cache hits
The partitioning cache has 90 tilings in it right now
The inferral cache has 276 tilings in it right now
There are 182 tilings in the search tree
Time taken so far is 4.1226959228515625 seconds

Doing depth 4
We had 348 inferral cache hits and 9274 partitioning cache hits
The partitioning cache has 408 tilings in it right now
The inferral cache has 2052 tilings in it right now
There are 1089 tilings in the search tree
Time taken so far is 51.5655951499939 seconds

Now processing 0213_0231
Doing depth 1
We had 0 inferral cache hits and 14 partitioning cache hits
The partitioning cache has 0 tilings in it right now
The inferral cache has 10 tilings in it right now
There are 7 tilings in the search tree
Time taken so far is 0.04255986213684082 seconds

Doing depth 2
We had 4 inferral cache hits and 195 partitioning cache hits
The partitioning cache has 8 tilings in it right now
The inferral cache has 58 tilings in it right now
There are 34 tilings in the search tree
Time taken so far is 0.5218172073364258 seconds

Doing depth 3
We had 12 inferral cache hits and 1295 partitioning cache hits
The partitioning cache has 94 tilings in it right now
The inferral cache has 279 tilings in it right now
There are 202 tilings in the search tree
Time taken so far is 4.659524440765381 seconds

Doing depth 4
We had 399 inferral cache hits and 10535 partitioning cache hits
The partitioning cache has 488 tilings in it right now
The inferral cache has 2200 tilings in it right now
There are 1447 tilings in the search tree
Time taken so far is 65.11859965324402 seconds

Now processing 0213_0321
Doing depth 1
We had 0 inferral cache hits and 14 partitioning cache hits
The partitioning cache has 0 tilings in it right now
The inferral cache has 10 tilings in it right now
There are 7 tilings in the search tree
Time taken so far is 0.04011893272399902 seconds

Doing depth 2
We had 4 inferral cache hits and 195 partitioning cache hits
The partitioning cache has 8 tilings in it right now
The inferral cache has 56 tilings in it right now
There are 34 tilings in the search tree
Time taken so far is 0.517592191696167 seconds

Doing depth 3
We had 12 inferral cache hits and 1255 partitioning cache hits
The partitioning cache has 97 tilings in it right now
The inferral cache has 255 tilings in it right now
There are 182 tilings in the search tree
Time taken so far is 4.107850551605225 seconds

Doing depth 4
We had 393 inferral cache hits and 8966 partitioning cache hits
The partitioning cache has 430 tilings in it right now
The inferral cache has 1757 tilings in it right now
There are 1111 tilings in the search tree
Time taken so far is 49.60108470916748 seconds

Now processing 0213_1032
Doing depth 1
We had 0 inferral cache hits and 14 partitioning cache hits
The partitioning cache has 0 tilings in it right now
The inferral cache has 10 tilings in it right now
There are 7 tilings in the search tree
Time taken so far is 0.03668379783630371 seconds

Doing depth 2
We had 4 inferral cache hits and 195 partitioning cache hits
The partitioning cache has 8 tilings in it right now
The inferral cache has 54 tilings in it right now
There are 31 tilings in the search tree
Time taken so far is 0.4620366096496582 seconds

Doing depth 3
We had 12 inferral cache hits and 1295 partitioning cache hits
The partitioning cache has 90 tilings in it right now
The inferral cache has 276 tilings in it right now
There are 185 tilings in the search tree
Time taken so far is 4.388867139816284 seconds

Doing depth 4
We had 397 inferral cache hits and 11059 partitioning cache hits
The partitioning cache has 419 tilings in it right now
The inferral cache has 2354 tilings in it right now
There are 1316 tilings in the search tree
Time taken so far is 63.1238272190094 seconds

Now processing 0213_1230
Doing depth 1
We had 0 inferral cache hits and 14 partitioning cache hits
The partitioning cache has 0 tilings in it right now
The inferral cache has 10 tilings in it right now
There are 7 tilings in the search tree
Time taken so far is 0.0415494441986084 seconds

Doing depth 2
We had 4 inferral cache hits and 195 partitioning cache hits
The partitioning cache has 8 tilings in it right now
The inferral cache has 54 tilings in it right now
There are 34 tilings in the search tree
Time taken so far is 0.5160970687866211 seconds

Doing depth 3
We had 12 inferral cache hits and 1255 partitioning cache hits
The partitioning cache has 90 tilings in it right now
The inferral cache has 262 tilings in it right now
There are 182 tilings in the search tree
Time taken so far is 4.13169264793396 seconds

Doing depth 4
We had 375 inferral cache hits and 10086 partitioning cache hits
The partitioning cache has 398 tilings in it right now
The inferral cache has 2171 tilings in it right now
There are 1158 tilings in the search tree
Time taken so far is 55.71928334236145 seconds

Now processing 0213_1302
Doing depth 1
We had 0 inferral cache hits and 14 partitioning cache hits
The partitioning cache has 0 tilings in it right now
The inferral cache has 10 tilings in it right now
There are 7 tilings in the search tree
Time taken so far is 0.03457140922546387 seconds

Doing depth 2
We had 4 inferral cache hits and 195 partitioning cache hits
The partitioning cache has 8 tilings in it right now
The inferral cache has 66 tilings in it right now
There are 31 tilings in the search tree
Time taken so far is 0.46666860580444336 seconds

Doing depth 3
We had 12 inferral cache hits and 1455 partitioning cache hits
The partitioning cache has 90 tilings in it right now
The inferral cache has 384 tilings in it right now
There are 215 tilings in the search tree
Time taken so far is 5.562343120574951 seconds

Doing depth 4
A proof tree has been found.
We had 335 inferral cache hits and 12175 partitioning cache hits
The partitioning cache has 539 tilings in it right now
The inferral cache has 3065 tilings in it right now
There are 1597 tilings in the search tree
Time taken so far is 81.62612581253052 seconds

Now processing 0213_1320
Doing depth 1
We had 0 inferral cache hits and 14 partitioning cache hits
The partitioning cache has 0 tilings in it right now
The inferral cache has 10 tilings in it right now
There are 7 tilings in the search tree
Time taken so far is 0.02703237533569336 seconds

Doing depth 2
We had 4 inferral cache hits and 195 partitioning cache hits
The partitioning cache has 8 tilings in it right now
The inferral cache has 57 tilings in it right now
There are 34 tilings in the search tree
Time taken so far is 0.39174413681030273 seconds

Doing depth 3
We had 12 inferral cache hits and 1315 partitioning cache hits
The partitioning cache has 94 tilings in it right now
The inferral cache has 296 tilings in it right now
There are 194 tilings in the search tree
Time taken so far is 4.426087856292725 seconds

Doing depth 4
We had 395 inferral cache hits and 11868 partitioning cache hits
The partitioning cache has 553 tilings in it right now
The inferral cache has 2672 tilings in it right now
There are 1441 tilings in the search tree
Time taken so far is 72.81721615791321 seconds

Now processing 0213_2301
Doing depth 1
We had 0 inferral cache hits and 14 partitioning cache hits
The partitioning cache has 0 tilings in it right now
The inferral cache has 10 tilings in it right now
There are 7 tilings in the search tree
Time taken so far is 0.03303194046020508 seconds

Doing depth 2
We had 4 inferral cache hits and 195 partitioning cache hits
The partitioning cache has 8 tilings in it right now
The inferral cache has 58 tilings in it right now
There are 31 tilings in the search tree
Time taken so far is 0.45366597175598145 seconds

Doing depth 3
We had 12 inferral cache hits and 1295 partitioning cache hits
The partitioning cache has 82 tilings in it right now
The inferral cache has 292 tilings in it right now
There are 183 tilings in the search tree
Time taken so far is 4.3013856410980225 seconds

Doing depth 4
We had 333 inferral cache hits and 11197 partitioning cache hits
The partitioning cache has 449 tilings in it right now
The inferral cache has 2460 tilings in it right now
There are 1286 tilings in the search tree
Time taken so far is 62.27549624443054 seconds

Now processing 0213_3120
Doing depth 1
We had 0 inferral cache hits and 14 partitioning cache hits
The partitioning cache has 0 tilings in it right now
The inferral cache has 10 tilings in it right now
There are 7 tilings in the search tree
Time taken so far is 0.04619002342224121 seconds

Doing depth 2
We had 4 inferral cache hits and 195 partitioning cache hits
The partitioning cache has 8 tilings in it right now
The inferral cache has 58 tilings in it right now
There are 36 tilings in the search tree
Time taken so far is 0.5336551666259766 seconds

Doing depth 3
We had 12 inferral cache hits and 1295 partitioning cache hits
The partitioning cache has 100 tilings in it right now
The inferral cache has 282 tilings in it right now
There are 196 tilings in the search tree
Time taken so far is 4.297956705093384 seconds

Doing depth 4
We had 404 inferral cache hits and 10888 partitioning cache hits
The partitioning cache has 534 tilings in it right now
The inferral cache has 2462 tilings in it right now
There are 1300 tilings in the search tree
Time taken so far is 63.15014362335205 seconds

Now processing 0231_0312
Doing depth 1
We had 0 inferral cache hits and 14 partitioning cache hits
The partitioning cache has 0 tilings in it right now
The inferral cache has 8 tilings in it right now
There are 7 tilings in the search tree
Time taken so far is 0.04025769233703613 seconds

Doing depth 2
We had 5 inferral cache hits and 191 partitioning cache hits
The partitioning cache has 10 tilings in it right now
The inferral cache has 55 tilings in it right now
There are 34 tilings in the search tree
Time taken so far is 0.5365395545959473 seconds

Doing depth 3
We had 13 inferral cache hits and 1333 partitioning cache hits
The partitioning cache has 110 tilings in it right now
The inferral cache has 284 tilings in it right now
There are 200 tilings in the search tree
Time taken so far is 4.840494155883789 seconds

Doing depth 4
We had 499 inferral cache hits and 11021 partitioning cache hits
The partitioning cache has 627 tilings in it right now
The inferral cache has 2308 tilings in it right now
There are 1432 tilings in the search tree
Time taken so far is 67.53077173233032 seconds

Now processing 0231_0321
Doing depth 1
We had 0 inferral cache hits and 14 partitioning cache hits
The partitioning cache has 0 tilings in it right now
The inferral cache has 8 tilings in it right now
There are 7 tilings in the search tree
Time taken so far is 0.04640460014343262 seconds

Doing depth 2
We had 5 inferral cache hits and 191 partitioning cache hits
The partitioning cache has 10 tilings in it right now
The inferral cache has 51 tilings in it right now
There are 34 tilings in the search tree
Time taken so far is 0.5041675567626953 seconds

Doing depth 3
We had 13 inferral cache hits and 1273 partitioning cache hits
The partitioning cache has 103 tilings in it right now
The inferral cache has 249 tilings in it right now
There are 189 tilings in the search tree
Time taken so far is 4.464016675949097 seconds

Doing depth 4
We had 423 inferral cache hits and 9826 partitioning cache hits
The partitioning cache has 550 tilings in it right now
The inferral cache has 1832 tilings in it right now
There are 1246 tilings in the search tree
Time taken so far is 58.59544014930725 seconds

Now processing 0231_1032
Doing depth 1
We had 0 inferral cache hits and 14 partitioning cache hits
The partitioning cache has 0 tilings in it right now
The inferral cache has 8 tilings in it right now
There are 7 tilings in the search tree
Time taken so far is 0.04406094551086426 seconds

Doing depth 2
We had 5 inferral cache hits and 191 partitioning cache hits
The partitioning cache has 8 tilings in it right now
The inferral cache has 53 tilings in it right now
There are 31 tilings in the search tree
Time taken so far is 0.42556095123291016 seconds

Doing depth 3
We had 13 inferral cache hits and 1311 partitioning cache hits
The partitioning cache has 93 tilings in it right now
The inferral cache has 287 tilings in it right now
There are 187 tilings in the search tree
Time taken so far is 4.46992564201355 seconds

Doing depth 4
A proof tree has been found.
We had 324 inferral cache hits and 7996 partitioning cache hits
The partitioning cache has 377 tilings in it right now
The inferral cache has 1723 tilings in it right now
There are 990 tilings in the search tree
Time taken so far is 44.519124269485474 seconds

Now processing 0231_1203
Doing depth 1
We had 0 inferral cache hits and 14 partitioning cache hits
The partitioning cache has 0 tilings in it right now
The inferral cache has 10 tilings in it right now
There are 7 tilings in the search tree
Time taken so far is 0.023476839065551758 seconds

Doing depth 2
We had 4 inferral cache hits and 195 partitioning cache hits
The partitioning cache has 8 tilings in it right now
The inferral cache has 62 tilings in it right now
There are 31 tilings in the search tree
Time taken so far is 0.3877570629119873 seconds

Doing depth 3
We had 12 inferral cache hits and 1335 partitioning cache hits
The partitioning cache has 90 tilings in it right now
The inferral cache has 309 tilings in it right now
There are 191 tilings in the search tree
Time taken so far is 4.648892879486084 seconds

Doing depth 4
We had 402 inferral cache hits and 12090 partitioning cache hits
The partitioning cache has 499 tilings in it right now
The inferral cache has 2768 tilings in it right now
There are 1517 tilings in the search tree
Time taken so far is 78.44669270515442 seconds

Now processing 0231_1230
Doing depth 1
We had 0 inferral cache hits and 14 partitioning cache hits
The partitioning cache has 0 tilings in it right now
The inferral cache has 9 tilings in it right now
There are 7 tilings in the search tree
Time taken so far is 0.03740859031677246 seconds

Doing depth 2
We had 4 inferral cache hits and 195 partitioning cache hits
The partitioning cache has 8 tilings in it right now
The inferral cache has 54 tilings in it right now
There are 33 tilings in the search tree
Time taken so far is 0.4649982452392578 seconds

Doing depth 3
We had 12 inferral cache hits and 1255 partitioning cache hits
The partitioning cache has 95 tilings in it right now
The inferral cache has 252 tilings in it right now
There are 182 tilings in the search tree
Time taken so far is 4.22454571723938 seconds

Doing depth 4
We had 371 inferral cache hits and 9291 partitioning cache hits
The partitioning cache has 465 tilings in it right now
The inferral cache has 1774 tilings in it right now
There are 1156 tilings in the search tree
Time taken so far is 52.59696578979492 seconds

Now processing 0231_1302
Doing depth 1
We had 0 inferral cache hits and 14 partitioning cache hits
The partitioning cache has 0 tilings in it right now
The inferral cache has 8 tilings in it right now
There are 7 tilings in the search tree
Time taken so far is 0.03506135940551758 seconds

Doing depth 2
We had 5 inferral cache hits and 191 partitioning cache hits
The partitioning cache has 8 tilings in it right now
The inferral cache has 57 tilings in it right now
There are 31 tilings in the search tree
Time taken so far is 0.5022351741790771 seconds

Doing depth 3
We had 13 inferral cache hits and 1471 partitioning cache hits
The partitioning cache has 103 tilings in it right now
The inferral cache has 350 tilings in it right now
There are 219 tilings in the search tree
Time taken so far is 5.7096803188323975 seconds

Doing depth 4
We had 591 inferral cache hits and 16942 partitioning cache hits
The partitioning cache has 799 tilings in it right now
The inferral cache has 3920 tilings in it right now
There are 2107 tilings in the search tree
Time taken so far is 114.37937593460083 seconds

Now processing 0231_2013
Doing depth 1
We had 0 inferral cache hits and 14 partitioning cache hits
The partitioning cache has 0 tilings in it right now
The inferral cache has 10 tilings in it right now
There are 7 tilings in the search tree
Time taken so far is 0.04800748825073242 seconds

Doing depth 2
We had 4 inferral cache hits and 195 partitioning cache hits
The partitioning cache has 8 tilings in it right now
The inferral cache has 62 tilings in it right now
There are 31 tilings in the search tree
Time taken so far is 0.4902610778808594 seconds

Doing depth 3
We had 12 inferral cache hits and 1335 partitioning cache hits
The partitioning cache has 88 tilings in it right now
The inferral cache has 324 tilings in it right now
There are 191 tilings in the search tree
Time taken so far is 4.737848997116089 seconds

Doing depth 4
We had 451 inferral cache hits and 13188 partitioning cache hits
The partitioning cache has 558 tilings in it right now
The inferral cache has 3115 tilings in it right now
There are 1713 tilings in the search tree
Time taken so far is 82.04720997810364 seconds

Now processing 0231_2031
Doing depth 1
We had 0 inferral cache hits and 14 partitioning cache hits
The partitioning cache has 0 tilings in it right now
The inferral cache has 8 tilings in it right now
There are 7 tilings in the search tree
Time taken so far is 0.03347015380859375 seconds

Doing depth 2
We had 5 inferral cache hits and 191 partitioning cache hits
The partitioning cache has 9 tilings in it right now
The inferral cache has 55 tilings in it right now
There are 31 tilings in the search tree
Time taken so far is 0.4537217617034912 seconds

Doing depth 3
We had 13 inferral cache hits and 1432 partitioning cache hits
The partitioning cache has 102 tilings in it right now
The inferral cache has 338 tilings in it right now
There are 219 tilings in the search tree
Time taken so far is 5.711588382720947 seconds

Doing depth 4
We had 521 inferral cache hits and 15061 partitioning cache hits
The partitioning cache has 805 tilings in it right now
The inferral cache has 3360 tilings in it right now
There are 1990 tilings in the search tree
Time taken so far is 101.13501834869385 seconds

Now processing 0231_2130
Doing depth 1
We had 0 inferral cache hits and 14 partitioning cache hits
The partitioning cache has 0 tilings in it right now
The inferral cache has 9 tilings in it right now
There are 7 tilings in the search tree
Time taken so far is 0.036238670349121094 seconds

Doing depth 2
We had 4 inferral cache hits and 195 partitioning cache hits
The partitioning cache has 8 tilings in it right now
The inferral cache has 59 tilings in it right now
There are 33 tilings in the search tree
Time taken so far is 0.4604778289794922 seconds

Doing depth 3
We had 12 inferral cache hits and 1335 partitioning cache hits
The partitioning cache has 94 tilings in it right now
The inferral cache has 313 tilings in it right now
There are 195 tilings in the search tree
Time taken so far is 4.525686264038086 seconds

Doing depth 4
We had 433 inferral cache hits and 12534 partitioning cache hits
The partitioning cache has 605 tilings in it right now
The inferral cache has 2859 tilings in it right now
There are 1520 tilings in the search tree
Time taken so far is 75.64014840126038 seconds

Now processing 0231_2301
Doing depth 1
We had 0 inferral cache hits and 14 partitioning cache hits
The partitioning cache has 0 tilings in it right now
The inferral cache has 8 tilings in it right now
There are 7 tilings in the search tree
Time taken so far is 0.04733729362487793 seconds

Doing depth 2
We had 5 inferral cache hits and 191 partitioning cache hits
The partitioning cache has 7 tilings in it right now
The inferral cache has 54 tilings in it right now
There are 31 tilings in the search tree
Time taken so far is 0.4772984981536865 seconds

Doing depth 3
We had 12 inferral cache hits and 1315 partitioning cache hits
The partitioning cache has 91 tilings in it right now
The inferral cache has 287 tilings in it right now
There are 187 tilings in the search tree
Time taken so far is 4.632411956787109 seconds

Doing depth 4
We had 417 inferral cache hits and 10914 partitioning cache hits
The partitioning cache has 516 tilings in it right now
The inferral cache has 2250 tilings in it right now
There are 1303 tilings in the search tree
Time taken so far is 63.8985071182251 seconds

Now processing 0231_3012
Doing depth 1
We had 0 inferral cache hits and 14 partitioning cache hits
The partitioning cache has 0 tilings in it right now
The inferral cache has 9 tilings in it right now
There are 7 tilings in the search tree
Time taken so far is 0.04803800582885742 seconds

Doing depth 2
We had 4 inferral cache hits and 195 partitioning cache hits
The partitioning cache has 8 tilings in it right now
The inferral cache has 57 tilings in it right now
There are 33 tilings in the search tree
Time taken so far is 0.48345446586608887 seconds

Doing depth 3
We had 12 inferral cache hits and 1275 partitioning cache hits
The partitioning cache has 93 tilings in it right now
The inferral cache has 278 tilings in it right now
There are 184 tilings in the search tree
Time taken so far is 4.2624351978302 seconds

Doing depth 4
We had 396 inferral cache hits and 10439 partitioning cache hits
The partitioning cache has 475 tilings in it right now
The inferral cache has 2286 tilings in it right now
There are 1224 tilings in the search tree
Time taken so far is 60.33935570716858 seconds

Now processing 0321_1032
Doing depth 1
We had 0 inferral cache hits and 14 partitioning cache hits
The partitioning cache has 0 tilings in it right now
The inferral cache has 8 tilings in it right now
There are 7 tilings in the search tree
Time taken so far is 0.047070980072021484 seconds

Doing depth 2
We had 5 inferral cache hits and 191 partitioning cache hits
The partitioning cache has 8 tilings in it right now
The inferral cache has 53 tilings in it right now
There are 31 tilings in the search tree
Time taken so far is 0.47251152992248535 seconds

Doing depth 3
We had 13 inferral cache hits and 1251 partitioning cache hits
The partitioning cache has 98 tilings in it right now
The inferral cache has 243 tilings in it right now
There are 175 tilings in the search tree
Time taken so far is 4.228283643722534 seconds

Doing depth 4
We had 405 inferral cache hits and 8685 partitioning cache hits
The partitioning cache has 476 tilings in it right now
The inferral cache has 1574 tilings in it right now
There are 1033 tilings in the search tree
Time taken so far is 47.66365098953247 seconds

Now processing 0321_2103
Doing depth 1
We had 0 inferral cache hits and 14 partitioning cache hits
The partitioning cache has 0 tilings in it right now
The inferral cache has 10 tilings in it right now
There are 7 tilings in the search tree
Time taken so far is 0.0365443229675293 seconds

Doing depth 2
We had 4 inferral cache hits and 195 partitioning cache hits
The partitioning cache has 8 tilings in it right now
The inferral cache has 54 tilings in it right now
There are 31 tilings in the search tree
Time taken so far is 0.4493234157562256 seconds

Doing depth 3
We had 12 inferral cache hits and 1215 partitioning cache hits
The partitioning cache has 96 tilings in it right now
The inferral cache has 238 tilings in it right now
There are 167 tilings in the search tree
Time taken so far is 3.867002010345459 seconds

Doing depth 4
We had 356 inferral cache hits and 7918 partitioning cache hits
The partitioning cache has 352 tilings in it right now
The inferral cache has 1536 tilings in it right now
There are 915 tilings in the search tree
Time taken so far is 42.94137120246887 seconds

Now processing 1032_1302
Doing depth 1
We had 0 inferral cache hits and 14 partitioning cache hits
The partitioning cache has 0 tilings in it right now
The inferral cache has 6 tilings in it right now
There are 7 tilings in the search tree
Time taken so far is 0.03768277168273926 seconds

Doing depth 2
We had 8 inferral cache hits and 179 partitioning cache hits
The partitioning cache has 10 tilings in it right now
The inferral cache has 46 tilings in it right now
There are 31 tilings in the search tree
Time taken so far is 0.4324684143066406 seconds

Doing depth 3
We had 16 inferral cache hits and 1401 partitioning cache hits
The partitioning cache has 120 tilings in it right now
The inferral cache has 282 tilings in it right now
There are 207 tilings in the search tree
Time taken so far is 5.303681373596191 seconds

Doing depth 4
We had 573 inferral cache hits and 13365 partitioning cache hits
The partitioning cache has 942 tilings in it right now
The inferral cache has 2485 tilings in it right now
There are 1672 tilings in the search tree
Time taken so far is 83.28657007217407 seconds

Now processing 1032_2301
Doing depth 1
We had 0 inferral cache hits and 14 partitioning cache hits
The partitioning cache has 0 tilings in it right now
The inferral cache has 6 tilings in it right now
There are 7 tilings in the search tree
Time taken so far is 0.03105759620666504 seconds

Doing depth 2
We had 8 inferral cache hits and 179 partitioning cache hits
The partitioning cache has 8 tilings in it right now
The inferral cache has 50 tilings in it right now
There are 31 tilings in the search tree
Time taken so far is 0.4009532928466797 seconds

Doing depth 3
We had 16 inferral cache hits and 1279 partitioning cache hits
The partitioning cache has 92 tilings in it right now
The inferral cache has 266 tilings in it right now
There are 183 tilings in the search tree
Time taken so far is 4.2943949699401855 seconds

Doing depth 4
We had 456 inferral cache hits and 10317 partitioning cache hits
The partitioning cache has 517 tilings in it right now
The inferral cache has 2130 tilings in it right now
There are 1214 tilings in the search tree
Time taken so far is 56.52376413345337 seconds

Now processing 1302_2031
Doing depth 1
We had 0 inferral cache hits and 14 partitioning cache hits
The partitioning cache has 0 tilings in it right now
The inferral cache has 6 tilings in it right now
There are 7 tilings in the search tree
Time taken so far is 0.04604196548461914 seconds

Doing depth 2
We had 8 inferral cache hits and 179 partitioning cache hits
The partitioning cache has 8 tilings in it right now
The inferral cache has 42 tilings in it right now
There are 31 tilings in the search tree
Time taken so far is 0.46291279792785645 seconds

Doing depth 3
We had 16 inferral cache hits and 1599 partitioning cache hits
The partitioning cache has 136 tilings in it right now
The inferral cache has 298 tilings in it right now
There are 239 tilings in the search tree
Time taken so far is 6.9067909717559814 seconds

Doing depth 4
A proof tree has been found.
We had 384 inferral cache hits and 10378 partitioning cache hits
The partitioning cache has 656 tilings in it right now
The inferral cache has 1888 tilings in it right now
There are 1345 tilings in the search tree
Time taken so far is 72.95160961151123 seconds

