/users/home/henningu/ATRAP/non-regular-insertion-encodable-bases/logs_length2
Now processing 0123_0132
Doing depth 1
We had 0 inferral cache hits and 0 partitioning cache hits
The partitioning cache has 0 tilings in it right now
The inferral cache has 10 tilings in it right now
There are 7 tilings in the search tree
Time taken so far is 0.042791128158569336 seconds

Doing depth 2
We had 4 inferral cache hits and 186 partitioning cache hits
The partitioning cache has 8 tilings in it right now
The inferral cache has 86 tilings in it right now
There are 50 tilings in the search tree
Time taken so far is 0.7618145942687988 seconds

Doing depth 3
We had 48 inferral cache hits and 5621 partitioning cache hits
The partitioning cache has 164 tilings in it right now
The inferral cache has 1272 tilings in it right now
There are 630 tilings in the search tree
Time taken so far is 19.45100450515747 seconds

Doing depth 4
We had 1706 inferral cache hits and 700171 partitioning cache hits
The partitioning cache has 3625 tilings in it right now
The inferral cache has 29526 tilings in it right now
There are 12940 tilings in the search tree
Time taken so far is 1053.7825057506561 seconds

Now processing 0123_0213
Doing depth 1
We had 0 inferral cache hits and 0 partitioning cache hits
The partitioning cache has 0 tilings in it right now
The inferral cache has 10 tilings in it right now
There are 7 tilings in the search tree
Time taken so far is 0.03121781349182129 seconds

Doing depth 2
We had 4 inferral cache hits and 190 partitioning cache hits
The partitioning cache has 8 tilings in it right now
The inferral cache has 86 tilings in it right now
There are 52 tilings in the search tree
Time taken so far is 0.6357729434967041 seconds

Doing depth 3
We had 48 inferral cache hits and 5817 partitioning cache hits
The partitioning cache has 162 tilings in it right now
The inferral cache has 1298 tilings in it right now
There are 650 tilings in the search tree
Time taken so far is 22.391379594802856 seconds

Doing depth 4
We had 1822 inferral cache hits and 742076 partitioning cache hits
The partitioning cache has 3594 tilings in it right now
The inferral cache has 32167 tilings in it right now
There are 13728 tilings in the search tree
Time taken so far is 1089.5756993293762 seconds

Now processing 0123_0231
Doing depth 1
We had 0 inferral cache hits and 0 partitioning cache hits
The partitioning cache has 0 tilings in it right now
The inferral cache has 10 tilings in it right now
There are 7 tilings in the search tree
Time taken so far is 0.04532957077026367 seconds

Doing depth 2
We had 4 inferral cache hits and 186 partitioning cache hits
The partitioning cache has 8 tilings in it right now
The inferral cache has 91 tilings in it right now
There are 50 tilings in the search tree
Time taken so far is 0.6861820220947266 seconds

Doing depth 3
We had 47 inferral cache hits and 5689 partitioning cache hits
The partitioning cache has 167 tilings in it right now
The inferral cache has 1365 tilings in it right now
There are 632 tilings in the search tree
Time taken so far is 17.027387619018555 seconds

Doing depth 4
We had 1781 inferral cache hits and 654371 partitioning cache hits
The partitioning cache has 3548 tilings in it right now
The inferral cache has 31838 tilings in it right now
There are 12821 tilings in the search tree
Time taken so far is 938.5231490135193 seconds

Now processing 0123_1230
Doing depth 1
We had 0 inferral cache hits and 0 partitioning cache hits
The partitioning cache has 0 tilings in it right now
The inferral cache has 10 tilings in it right now
There are 7 tilings in the search tree
Time taken so far is 0.029529333114624023 seconds

Doing depth 2
We had 5 inferral cache hits and 180 partitioning cache hits
The partitioning cache has 8 tilings in it right now
The inferral cache has 83 tilings in it right now
There are 50 tilings in the search tree
Time taken so far is 0.6823723316192627 seconds

Doing depth 3
We had 49 inferral cache hits and 5610 partitioning cache hits
The partitioning cache has 168 tilings in it right now
The inferral cache has 1268 tilings in it right now
There are 618 tilings in the search tree
Time taken so far is 17.690618991851807 seconds

Doing depth 4
We had 1649 inferral cache hits and 646148 partitioning cache hits
The partitioning cache has 3421 tilings in it right now
The inferral cache has 28952 tilings in it right now
There are 11921 tilings in the search tree
Time taken so far is 916.0583894252777 seconds

Now processing 0123_2301
Doing depth 1
We had 0 inferral cache hits and 0 partitioning cache hits
The partitioning cache has 0 tilings in it right now
The inferral cache has 10 tilings in it right now
There are 7 tilings in the search tree
Time taken so far is 0.04321861267089844 seconds

Doing depth 2
We had 4 inferral cache hits and 180 partitioning cache hits
The partitioning cache has 8 tilings in it right now
The inferral cache has 86 tilings in it right now
There are 47 tilings in the search tree
Time taken so far is 0.7707562446594238 seconds

Doing depth 3
We had 47 inferral cache hits and 5452 partitioning cache hits
The partitioning cache has 175 tilings in it right now
The inferral cache has 1284 tilings in it right now
There are 611 tilings in the search tree
Time taken so far is 17.02404546737671 seconds

Doing depth 4
We had 1605 inferral cache hits and 556514 partitioning cache hits
The partitioning cache has 3388 tilings in it right now
The inferral cache has 27452 tilings in it right now
There are 11070 tilings in the search tree
Time taken so far is 779.9300322532654 seconds

Now processing 0132_0213
Doing depth 1
We had 0 inferral cache hits and 0 partitioning cache hits
The partitioning cache has 0 tilings in it right now
The inferral cache has 10 tilings in it right now
There are 7 tilings in the search tree
Time taken so far is 0.028544187545776367 seconds

Doing depth 2
We had 4 inferral cache hits and 186 partitioning cache hits
The partitioning cache has 8 tilings in it right now
The inferral cache has 90 tilings in it right now
There are 50 tilings in the search tree
Time taken so far is 0.5759305953979492 seconds

Doing depth 3
We had 52 inferral cache hits and 5661 partitioning cache hits
The partitioning cache has 172 tilings in it right now
The inferral cache has 1362 tilings in it right now
There are 640 tilings in the search tree
Time taken so far is 20.340540885925293 seconds

Doing depth 4
We had 1875 inferral cache hits and 689694 partitioning cache hits
The partitioning cache has 3833 tilings in it right now
The inferral cache has 32297 tilings in it right now
There are 13341 tilings in the search tree
Time taken so far is 1067.6750888824463 seconds

Now processing 0132_0321
Doing depth 1
We had 0 inferral cache hits and 0 partitioning cache hits
The partitioning cache has 0 tilings in it right now
The inferral cache has 8 tilings in it right now
There are 7 tilings in the search tree
Time taken so far is 0.03058791160583496 seconds

Doing depth 2
We had 5 inferral cache hits and 182 partitioning cache hits
The partitioning cache has 12 tilings in it right now
The inferral cache has 81 tilings in it right now
There are 50 tilings in the search tree
Time taken so far is 0.6806168556213379 seconds

Doing depth 3
We had 51 inferral cache hits and 5418 partitioning cache hits
The partitioning cache has 204 tilings in it right now
The inferral cache has 1281 tilings in it right now
There are 628 tilings in the search tree
Time taken so far is 18.041762828826904 seconds

Doing depth 4
We had 1792 inferral cache hits and 624701 partitioning cache hits
The partitioning cache has 4043 tilings in it right now
The inferral cache has 28879 tilings in it right now
There are 12335 tilings in the search tree
Time taken so far is 950.5883853435516 seconds

Now processing 0132_1023
Doing depth 1
We had 0 inferral cache hits and 0 partitioning cache hits
The partitioning cache has 0 tilings in it right now
The inferral cache has 10 tilings in it right now
There are 7 tilings in the search tree
Time taken so far is 0.021781206130981445 seconds

Doing depth 2
We had 4 inferral cache hits and 180 partitioning cache hits
The partitioning cache has 8 tilings in it right now
The inferral cache has 86 tilings in it right now
There are 47 tilings in the search tree
Time taken so far is 0.5959410667419434 seconds

Doing depth 3
We had 47 inferral cache hits and 5454 partitioning cache hits
The partitioning cache has 149 tilings in it right now
The inferral cache has 1384 tilings in it right now
There are 624 tilings in the search tree
Time taken so far is 20.097530841827393 seconds

Doing depth 4
We had 1630 inferral cache hits and 641572 partitioning cache hits
The partitioning cache has 2768 tilings in it right now
The inferral cache has 31708 tilings in it right now
There are 12503 tilings in the search tree
Time taken so far is 868.9563825130463 seconds

Now processing 0132_1032
Doing depth 1
We had 0 inferral cache hits and 0 partitioning cache hits
The partitioning cache has 0 tilings in it right now
The inferral cache has 8 tilings in it right now
There are 7 tilings in the search tree
Time taken so far is 0.0378565788269043 seconds

Doing depth 2
We had 5 inferral cache hits and 176 partitioning cache hits
The partitioning cache has 8 tilings in it right now
The inferral cache has 87 tilings in it right now
There are 47 tilings in the search tree
Time taken so far is 0.6589126586914062 seconds

Doing depth 3
We had 49 inferral cache hits and 5544 partitioning cache hits
The partitioning cache has 187 tilings in it right now
The inferral cache has 1249 tilings in it right now
There are 624 tilings in the search tree
Time taken so far is 16.844835996627808 seconds

Doing depth 4
We had 1892 inferral cache hits and 574998 partitioning cache hits
The partitioning cache has 3793 tilings in it right now
The inferral cache has 26351 tilings in it right now
There are 12012 tilings in the search tree
Time taken so far is 852.3604578971863 seconds

Now processing 0132_1203
Doing depth 1
We had 0 inferral cache hits and 0 partitioning cache hits
The partitioning cache has 0 tilings in it right now
The inferral cache has 10 tilings in it right now
There are 7 tilings in the search tree
Time taken so far is 0.0382685661315918 seconds

Doing depth 2
We had 4 inferral cache hits and 180 partitioning cache hits
The partitioning cache has 8 tilings in it right now
The inferral cache has 95 tilings in it right now
There are 47 tilings in the search tree
Time taken so far is 0.6831669807434082 seconds

Doing depth 3
We had 45 inferral cache hits and 5561 partitioning cache hits
The partitioning cache has 175 tilings in it right now
The inferral cache has 1437 tilings in it right now
There are 631 tilings in the search tree
Time taken so far is 21.13272500038147 seconds

Doing depth 4
We had 1895 inferral cache hits and 597594 partitioning cache hits
The partitioning cache has 3594 tilings in it right now
The inferral cache has 32957 tilings in it right now
There are 12779 tilings in the search tree
Time taken so far is 979.8993456363678 seconds

Now processing 0132_1230
Doing depth 1
We had 0 inferral cache hits and 0 partitioning cache hits
The partitioning cache has 0 tilings in it right now
The inferral cache has 9 tilings in it right now
There are 7 tilings in the search tree
Time taken so far is 0.04777932167053223 seconds

Doing depth 2
We had 4 inferral cache hits and 182 partitioning cache hits
The partitioning cache has 8 tilings in it right now
The inferral cache has 86 tilings in it right now
There are 49 tilings in the search tree
Time taken so far is 0.815270185470581 seconds

Doing depth 3
We had 47 inferral cache hits and 5488 partitioning cache hits
The partitioning cache has 168 tilings in it right now
The inferral cache has 1317 tilings in it right now
There are 621 tilings in the search tree
Time taken so far is 18.85773777961731 seconds

Doing depth 4
We had 1694 inferral cache hits and 586465 partitioning cache hits
The partitioning cache has 3280 tilings in it right now
The inferral cache has 29061 tilings in it right now
There are 11829 tilings in the search tree
Time taken so far is 866.9511063098907 seconds

Now processing 0132_1320
Doing depth 1
We had 0 inferral cache hits and 0 partitioning cache hits
The partitioning cache has 0 tilings in it right now
The inferral cache has 9 tilings in it right now
There are 7 tilings in the search tree
Time taken so far is 0.040123701095581055 seconds

Doing depth 2
We had 4 inferral cache hits and 182 partitioning cache hits
The partitioning cache has 12 tilings in it right now
The inferral cache has 85 tilings in it right now
There are 49 tilings in the search tree
Time taken so far is 0.6831851005554199 seconds

Doing depth 3
We had 46 inferral cache hits and 5458 partitioning cache hits
The partitioning cache has 192 tilings in it right now
The inferral cache has 1382 tilings in it right now
There are 632 tilings in the search tree
Time taken so far is 20.295778274536133 seconds

Doing depth 4
We had 1779 inferral cache hits and 584591 partitioning cache hits
The partitioning cache has 3618 tilings in it right now
The inferral cache has 31444 tilings in it right now
There are 12363 tilings in the search tree
Time taken so far is 922.9112391471863 seconds

Now processing 0132_2301
Doing depth 1
We had 0 inferral cache hits and 0 partitioning cache hits
The partitioning cache has 0 tilings in it right now
The inferral cache has 8 tilings in it right now
There are 7 tilings in the search tree
Time taken so far is 0.04465222358703613 seconds

Doing depth 2
We had 5 inferral cache hits and 176 partitioning cache hits
The partitioning cache has 10 tilings in it right now
The inferral cache has 83 tilings in it right now
There are 47 tilings in the search tree
Time taken so far is 0.6417090892791748 seconds

Doing depth 3
We had 47 inferral cache hits and 5260 partitioning cache hits
The partitioning cache has 169 tilings in it right now
The inferral cache has 1392 tilings in it right now
There are 617 tilings in the search tree
Time taken so far is 16.83402109146118 seconds

Doing depth 4
We had 1621 inferral cache hits and 503562 partitioning cache hits
The partitioning cache has 3101 tilings in it right now
The inferral cache has 27536 tilings in it right now
There are 10800 tilings in the search tree
Time taken so far is 720.6260008811951 seconds

Now processing 0132_3120
Doing depth 1
We had 0 inferral cache hits and 0 partitioning cache hits
The partitioning cache has 0 tilings in it right now
The inferral cache has 10 tilings in it right now
There are 7 tilings in the search tree
Time taken so far is 0.030704259872436523 seconds

Doing depth 2
We had 4 inferral cache hits and 186 partitioning cache hits
The partitioning cache has 8 tilings in it right now
The inferral cache has 90 tilings in it right now
There are 50 tilings in the search tree
Time taken so far is 0.6994144916534424 seconds

Doing depth 3
We had 49 inferral cache hits and 5532 partitioning cache hits
The partitioning cache has 161 tilings in it right now
The inferral cache has 1478 tilings in it right now
There are 642 tilings in the search tree
Time taken so far is 20.71858048439026 seconds

Doing depth 4
We had 1721 inferral cache hits and 620833 partitioning cache hits
The partitioning cache has 3384 tilings in it right now
The inferral cache has 34989 tilings in it right now
There are 12972 tilings in the search tree
Time taken so far is 925.1372375488281 seconds

Now processing 0213_0321
Doing depth 1
We had 0 inferral cache hits and 0 partitioning cache hits
The partitioning cache has 0 tilings in it right now
The inferral cache has 10 tilings in it right now
There are 7 tilings in the search tree
Time taken so far is 0.04615211486816406 seconds

Doing depth 2
We had 4 inferral cache hits and 186 partitioning cache hits
The partitioning cache has 8 tilings in it right now
The inferral cache has 88 tilings in it right now
There are 50 tilings in the search tree
Time taken so far is 0.6900484561920166 seconds

Doing depth 3
We had 52 inferral cache hits and 5572 partitioning cache hits
The partitioning cache has 181 tilings in it right now
The inferral cache has 1349 tilings in it right now
There are 636 tilings in the search tree
Time taken so far is 17.867762088775635 seconds

Doing depth 4
We had 1836 inferral cache hits and 637574 partitioning cache hits
The partitioning cache has 3874 tilings in it right now
The inferral cache has 32212 tilings in it right now
There are 13009 tilings in the search tree
Time taken so far is 886.8471648693085 seconds

Now processing 0213_1230
Doing depth 1
We had 0 inferral cache hits and 0 partitioning cache hits
The partitioning cache has 0 tilings in it right now
The inferral cache has 10 tilings in it right now
There are 7 tilings in the search tree
Time taken so far is 0.04362034797668457 seconds

Doing depth 2
We had 4 inferral cache hits and 184 partitioning cache hits
The partitioning cache has 8 tilings in it right now
The inferral cache has 86 tilings in it right now
There are 50 tilings in the search tree
Time taken so far is 0.6973392963409424 seconds

Doing depth 3
We had 48 inferral cache hits and 5635 partitioning cache hits
The partitioning cache has 172 tilings in it right now
The inferral cache has 1346 tilings in it right now
There are 634 tilings in the search tree
Time taken so far is 19.298972368240356 seconds

Doing depth 4
We had 1800 inferral cache hits and 639396 partitioning cache hits
The partitioning cache has 3294 tilings in it right now
The inferral cache has 32103 tilings in it right now
There are 12545 tilings in the search tree
Time taken so far is 928.5593221187592 seconds

Now processing 0213_1320
Doing depth 1
We had 0 inferral cache hits and 0 partitioning cache hits
The partitioning cache has 0 tilings in it right now
The inferral cache has 10 tilings in it right now
There are 7 tilings in the search tree
Time taken so far is 0.04471468925476074 seconds

Doing depth 2
We had 4 inferral cache hits and 184 partitioning cache hits
The partitioning cache has 10 tilings in it right now
The inferral cache has 90 tilings in it right now
There are 50 tilings in the search tree
Time taken so far is 0.6827161312103271 seconds

Doing depth 3
We had 48 inferral cache hits and 5703 partitioning cache hits
The partitioning cache has 189 tilings in it right now
The inferral cache has 1435 tilings in it right now
There are 650 tilings in the search tree
Time taken so far is 22.209564208984375 seconds

Doing depth 4
We had 1866 inferral cache hits and 645863 partitioning cache hits
The partitioning cache has 3865 tilings in it right now
The inferral cache has 34444 tilings in it right now
There are 13522 tilings in the search tree
Time taken so far is 1053.610910654068 seconds

Now processing 0213_2301
Doing depth 1
We had 0 inferral cache hits and 0 partitioning cache hits
The partitioning cache has 0 tilings in it right now
The inferral cache has 10 tilings in it right now
There are 7 tilings in the search tree
Time taken so far is 0.03921103477478027 seconds

Doing depth 2
We had 4 inferral cache hits and 180 partitioning cache hits
The partitioning cache has 8 tilings in it right now
The inferral cache has 90 tilings in it right now
There are 47 tilings in the search tree
Time taken so far is 0.673637866973877 seconds

Doing depth 3
We had 47 inferral cache hits and 5420 partitioning cache hits
The partitioning cache has 183 tilings in it right now
The inferral cache has 1380 tilings in it right now
There are 627 tilings in the search tree
Time taken so far is 19.379971027374268 seconds

Doing depth 4
We had 1737 inferral cache hits and 556468 partitioning cache hits
The partitioning cache has 3416 tilings in it right now
The inferral cache has 30633 tilings in it right now
There are 11789 tilings in the search tree
Time taken so far is 833.7192838191986 seconds

Now processing 0213_3120
Doing depth 1
We had 0 inferral cache hits and 0 partitioning cache hits
The partitioning cache has 0 tilings in it right now
The inferral cache has 10 tilings in it right now
There are 7 tilings in the search tree
Time taken so far is 0.057204246520996094 seconds

Doing depth 2
We had 4 inferral cache hits and 190 partitioning cache hits
The partitioning cache has 8 tilings in it right now
The inferral cache has 90 tilings in it right now
There are 52 tilings in the search tree
Time taken so far is 0.7875287532806396 seconds

Doing depth 3
We had 53 inferral cache hits and 5703 partitioning cache hits
The partitioning cache has 179 tilings in it right now
The inferral cache has 1478 tilings in it right now
There are 656 tilings in the search tree
Time taken so far is 19.13414430618286 seconds

Doing depth 4
We had 1871 inferral cache hits and 667111 partitioning cache hits
The partitioning cache has 3892 tilings in it right now
The inferral cache has 38133 tilings in it right now
There are 14155 tilings in the search tree
Time taken so far is 1060.9255802631378 seconds

Now processing 0231_0312
Doing depth 1
We had 0 inferral cache hits and 0 partitioning cache hits
The partitioning cache has 0 tilings in it right now
The inferral cache has 8 tilings in it right now
There are 7 tilings in the search tree
Time taken so far is 0.04492664337158203 seconds

Doing depth 2
We had 5 inferral cache hits and 182 partitioning cache hits
The partitioning cache has 12 tilings in it right now
The inferral cache has 87 tilings in it right now
There are 50 tilings in the search tree
Time taken so far is 0.6779072284698486 seconds

Doing depth 3
We had 51 inferral cache hits and 5629 partitioning cache hits
The partitioning cache has 227 tilings in it right now
The inferral cache has 1356 tilings in it right now
There are 640 tilings in the search tree
Time taken so far is 20.5396831035614 seconds

Doing depth 4
We had 2120 inferral cache hits and 632642 partitioning cache hits
The partitioning cache has 4499 tilings in it right now
The inferral cache has 31627 tilings in it right now
There are 12896 tilings in the search tree
Time taken so far is 937.4731848239899 seconds

Now processing 0231_0321
Doing depth 1
We had 0 inferral cache hits and 0 partitioning cache hits
The partitioning cache has 0 tilings in it right now
The inferral cache has 8 tilings in it right now
There are 7 tilings in the search tree
Time taken so far is 0.04399824142456055 seconds

Doing depth 2
We had 5 inferral cache hits and 182 partitioning cache hits
The partitioning cache has 12 tilings in it right now
The inferral cache has 82 tilings in it right now
There are 50 tilings in the search tree
Time taken so far is 0.6837928295135498 seconds

Doing depth 3
We had 51 inferral cache hits and 5664 partitioning cache hits
The partitioning cache has 211 tilings in it right now
The inferral cache has 1286 tilings in it right now
There are 639 tilings in the search tree
Time taken so far is 18.102195262908936 seconds

Doing depth 4
We had 2039 inferral cache hits and 643739 partitioning cache hits
The partitioning cache has 4324 tilings in it right now
The inferral cache has 29602 tilings in it right now
There are 12803 tilings in the search tree
Time taken so far is 930.8001968860626 seconds

Now processing 0231_1203
Doing depth 1
We had 0 inferral cache hits and 0 partitioning cache hits
The partitioning cache has 0 tilings in it right now
The inferral cache has 10 tilings in it right now
There are 7 tilings in the search tree
Time taken so far is 0.038573265075683594 seconds

Doing depth 2
We had 4 inferral cache hits and 180 partitioning cache hits
The partitioning cache has 8 tilings in it right now
The inferral cache has 98 tilings in it right now
There are 47 tilings in the search tree
Time taken so far is 0.7443192005157471 seconds

Doing depth 3
We had 46 inferral cache hits and 5536 partitioning cache hits
The partitioning cache has 168 tilings in it right now
The inferral cache has 1459 tilings in it right now
There are 635 tilings in the search tree
Time taken so far is 19.489609718322754 seconds

Doing depth 4
We had 1766 inferral cache hits and 579528 partitioning cache hits
The partitioning cache has 3407 tilings in it right now
The inferral cache has 30832 tilings in it right now
There are 12435 tilings in the search tree
Time taken so far is 955.1055150032043 seconds

Now processing 0231_1230
Doing depth 1
We had 0 inferral cache hits and 0 partitioning cache hits
The partitioning cache has 0 tilings in it right now
The inferral cache has 9 tilings in it right now
There are 7 tilings in the search tree
Time taken so far is 0.045534610748291016 seconds

Doing depth 2
We had 4 inferral cache hits and 182 partitioning cache hits
The partitioning cache has 9 tilings in it right now
The inferral cache has 87 tilings in it right now
There are 49 tilings in the search tree
Time taken so far is 0.8370349407196045 seconds

Doing depth 3
We had 48 inferral cache hits and 5640 partitioning cache hits
The partitioning cache has 181 tilings in it right now
The inferral cache has 1281 tilings in it right now
There are 623 tilings in the search tree
Time taken so far is 21.565991401672363 seconds

Doing depth 4
We had 1879 inferral cache hits and 657136 partitioning cache hits
The partitioning cache has 3797 tilings in it right now
The inferral cache has 28568 tilings in it right now
There are 12396 tilings in the search tree
Time taken so far is 962.9708812236786 seconds

Now processing 0231_2013
Doing depth 1
We had 0 inferral cache hits and 0 partitioning cache hits
The partitioning cache has 0 tilings in it right now
The inferral cache has 10 tilings in it right now
There are 7 tilings in the search tree
Time taken so far is 0.04288172721862793 seconds

Doing depth 2
We had 4 inferral cache hits and 180 partitioning cache hits
The partitioning cache has 8 tilings in it right now
The inferral cache has 98 tilings in it right now
There are 47 tilings in the search tree
Time taken so far is 0.7649352550506592 seconds

Doing depth 3
We had 48 inferral cache hits and 5526 partitioning cache hits
The partitioning cache has 160 tilings in it right now
The inferral cache has 1496 tilings in it right now
There are 641 tilings in the search tree
Time taken so far is 20.52904462814331 seconds

Doing depth 4
We had 1890 inferral cache hits and 687859 partitioning cache hits
The partitioning cache has 3369 tilings in it right now
The inferral cache has 33131 tilings in it right now
There are 13425 tilings in the search tree
Time taken so far is 1013.050585269928 seconds

Now processing 0231_2031
Doing depth 1
We had 0 inferral cache hits and 0 partitioning cache hits
The partitioning cache has 0 tilings in it right now
The inferral cache has 8 tilings in it right now
There are 7 tilings in the search tree
Time taken so far is 0.03766322135925293 seconds

Doing depth 2
We had 5 inferral cache hits and 176 partitioning cache hits
The partitioning cache has 12 tilings in it right now
The inferral cache has 90 tilings in it right now
There are 47 tilings in the search tree
Time taken so far is 0.6988587379455566 seconds

Doing depth 3
We had 50 inferral cache hits and 5724 partitioning cache hits
The partitioning cache has 218 tilings in it right now
The inferral cache has 1322 tilings in it right now
There are 648 tilings in the search tree
Time taken so far is 23.3328914642334 seconds

Doing depth 4
We had 2531 inferral cache hits and 578152 partitioning cache hits
The partitioning cache has 4266 tilings in it right now
The inferral cache has 30760 tilings in it right now
There are 13675 tilings in the search tree
Time taken so far is 1063.5160975456238 seconds

Now processing 0231_2130
Doing depth 1
We had 0 inferral cache hits and 0 partitioning cache hits
The partitioning cache has 0 tilings in it right now
The inferral cache has 9 tilings in it right now
There are 7 tilings in the search tree
Time taken so far is 0.02303600311279297 seconds

Doing depth 2
We had 4 inferral cache hits and 182 partitioning cache hits
The partitioning cache has 9 tilings in it right now
The inferral cache has 93 tilings in it right now
There are 49 tilings in the search tree
Time taken so far is 0.5683155059814453 seconds

Doing depth 3
We had 45 inferral cache hits and 5579 partitioning cache hits
The partitioning cache has 183 tilings in it right now
The inferral cache has 1444 tilings in it right now
There are 642 tilings in the search tree
Time taken so far is 20.413881301879883 seconds

Doing depth 4
We had 1895 inferral cache hits and 586740 partitioning cache hits
The partitioning cache has 3601 tilings in it right now
The inferral cache has 33202 tilings in it right now
There are 12905 tilings in the search tree
Time taken so far is 912.8657078742981 seconds

Now processing 0231_2301
Doing depth 1
We had 0 inferral cache hits and 0 partitioning cache hits
The partitioning cache has 0 tilings in it right now
The inferral cache has 8 tilings in it right now
There are 7 tilings in the search tree
Time taken so far is 0.022530317306518555 seconds

Doing depth 2
We had 5 inferral cache hits and 176 partitioning cache hits
The partitioning cache has 10 tilings in it right now
The inferral cache has 84 tilings in it right now
There are 47 tilings in the search tree
Time taken so far is 0.5914392471313477 seconds

Doing depth 3
We had 51 inferral cache hits and 5360 partitioning cache hits
The partitioning cache has 198 tilings in it right now
The inferral cache has 1326 tilings in it right now
There are 622 tilings in the search tree
Time taken so far is 18.1379132270813 seconds

Doing depth 4
We had 1880 inferral cache hits and 523135 partitioning cache hits
The partitioning cache has 3781 tilings in it right now
The inferral cache has 28049 tilings in it right now
There are 11682 tilings in the search tree
Time taken so far is 813.6029510498047 seconds

Now processing 0231_3012
Doing depth 1
We had 0 inferral cache hits and 0 partitioning cache hits
The partitioning cache has 0 tilings in it right now
The inferral cache has 9 tilings in it right now
There are 7 tilings in the search tree
Time taken so far is 0.05040431022644043 seconds

Doing depth 2
We had 4 inferral cache hits and 184 partitioning cache hits
The partitioning cache has 8 tilings in it right now
The inferral cache has 91 tilings in it right now
There are 49 tilings in the search tree
Time taken so far is 0.8046247959136963 seconds

Doing depth 3
We had 46 inferral cache hits and 5521 partitioning cache hits
The partitioning cache has 176 tilings in it right now
The inferral cache has 1415 tilings in it right now
There are 627 tilings in the search tree
Time taken so far is 18.880611658096313 seconds

Doing depth 4
We had 1797 inferral cache hits and 551459 partitioning cache hits
The partitioning cache has 3382 tilings in it right now
The inferral cache has 30397 tilings in it right now
There are 11708 tilings in the search tree
Time taken so far is 771.4939513206482 seconds

Now processing 0321_1032
Doing depth 1
We had 0 inferral cache hits and 0 partitioning cache hits
The partitioning cache has 0 tilings in it right now
The inferral cache has 8 tilings in it right now
There are 7 tilings in the search tree
Time taken so far is 0.037889957427978516 seconds

Doing depth 2
We had 5 inferral cache hits and 176 partitioning cache hits
The partitioning cache has 8 tilings in it right now
The inferral cache has 85 tilings in it right now
There are 47 tilings in the search tree
Time taken so far is 0.643744945526123 seconds

Doing depth 3
We had 45 inferral cache hits and 5320 partitioning cache hits
The partitioning cache has 194 tilings in it right now
The inferral cache has 1285 tilings in it right now
There are 611 tilings in the search tree
Time taken so far is 16.902862548828125 seconds

Doing depth 4
We had 1743 inferral cache hits and 575818 partitioning cache hits
The partitioning cache has 3966 tilings in it right now
The inferral cache has 27904 tilings in it right now
There are 11671 tilings in the search tree
Time taken so far is 790.5455265045166 seconds

Now processing 0321_2103
Doing depth 1
We had 0 inferral cache hits and 0 partitioning cache hits
The partitioning cache has 0 tilings in it right now
The inferral cache has 10 tilings in it right now
There are 7 tilings in the search tree
Time taken so far is 0.04139113426208496 seconds

Doing depth 2
We had 4 inferral cache hits and 180 partitioning cache hits
The partitioning cache has 8 tilings in it right now
The inferral cache has 86 tilings in it right now
There are 47 tilings in the search tree
Time taken so far is 0.6889300346374512 seconds

Doing depth 3
We had 46 inferral cache hits and 5406 partitioning cache hits
The partitioning cache has 180 tilings in it right now
The inferral cache has 1272 tilings in it right now
There are 601 tilings in the search tree
Time taken so far is 17.88391947746277 seconds

Doing depth 4
We had 1649 inferral cache hits and 547724 partitioning cache hits
The partitioning cache has 3281 tilings in it right now
The inferral cache has 27615 tilings in it right now
There are 10781 tilings in the search tree
Time taken so far is 732.2382347583771 seconds

Now processing 1032_1302
Doing depth 1
We had 0 inferral cache hits and 0 partitioning cache hits
The partitioning cache has 0 tilings in it right now
The inferral cache has 6 tilings in it right now
There are 7 tilings in the search tree
Time taken so far is 0.04278230667114258 seconds

Doing depth 2
We had 8 inferral cache hits and 164 partitioning cache hits
The partitioning cache has 14 tilings in it right now
The inferral cache has 78 tilings in it right now
There are 47 tilings in the search tree
Time taken so far is 0.7556905746459961 seconds

Doing depth 3
We had 61 inferral cache hits and 5462 partitioning cache hits
The partitioning cache has 267 tilings in it right now
The inferral cache has 1192 tilings in it right now
There are 619 tilings in the search tree
Time taken so far is 20.75429368019104 seconds

Doing depth 4
We had 2502 inferral cache hits and 541204 partitioning cache hits
The partitioning cache has 5022 tilings in it right now
The inferral cache has 25387 tilings in it right now
There are 11752 tilings in the search tree
Time taken so far is 769.8644316196442 seconds

Now processing 1032_2301
Doing depth 1
We had 0 inferral cache hits and 0 partitioning cache hits
The partitioning cache has 0 tilings in it right now
The inferral cache has 6 tilings in it right now
There are 7 tilings in the search tree
Time taken so far is 0.021890640258789062 seconds

Doing depth 2
We had 8 inferral cache hits and 164 partitioning cache hits
The partitioning cache has 8 tilings in it right now
The inferral cache has 82 tilings in it right now
There are 47 tilings in the search tree
Time taken so far is 0.3856699466705322 seconds

Doing depth 3
We had 53 inferral cache hits and 5108 partitioning cache hits
The partitioning cache has 196 tilings in it right now
The inferral cache has 1318 tilings in it right now
There are 611 tilings in the search tree
Time taken so far is 14.346064329147339 seconds

Doing depth 4
We had 1750 inferral cache hits and 466208 partitioning cache hits
The partitioning cache has 3123 tilings in it right now
The inferral cache has 25014 tilings in it right now
There are 10262 tilings in the search tree
Time taken so far is 579.2135436534882 seconds

