/users/home/henningu/ATRAP/non-regular-insertion-encodable-bases/logs_length2
Now processing 0123_0132
Doing depth 1
We had 0 inferral cache hits and 14 partitioning cache hits
The partitioning cache has 0 tilings in it right now
The inferral cache has 4 tilings in it right now
There are 4 tilings in the search tree
Time taken so far is 0.022890329360961914 seconds

Doing depth 2
We had 0 inferral cache hits and 56 partitioning cache hits
The partitioning cache has 2 tilings in it right now
The inferral cache has 8 tilings in it right now
There are 10 tilings in the search tree
Time taken so far is 0.08839225769042969 seconds

Doing depth 3
We had 1 inferral cache hits and 119 partitioning cache hits
The partitioning cache has 1 tilings in it right now
The inferral cache has 15 tilings in it right now
There are 17 tilings in the search tree
Time taken so far is 0.21776294708251953 seconds

Doing depth 4
We had 1 inferral cache hits and 153 partitioning cache hits
The partitioning cache has 0 tilings in it right now
The inferral cache has 19 tilings in it right now
There are 20 tilings in the search tree
Time taken so far is 0.5220859050750732 seconds

Doing depth 5
We had 1 inferral cache hits and 243 partitioning cache hits
The partitioning cache has 8 tilings in it right now
The inferral cache has 27 tilings in it right now
There are 30 tilings in the search tree
Time taken so far is 1.0242695808410645 seconds

Doing depth 6
We had 9 inferral cache hits and 505 partitioning cache hits
The partitioning cache has 6 tilings in it right now
The inferral cache has 39 tilings in it right now
There are 48 tilings in the search tree
Time taken so far is 4.905977964401245 seconds

Doing depth 7
We had 9 inferral cache hits and 769 partitioning cache hits
The partitioning cache has 2 tilings in it right now
The inferral cache has 71 tilings in it right now
There are 69 tilings in the search tree
Time taken so far is 20.870980501174927 seconds

Doing depth 8
We had 9 inferral cache hits and 1430 partitioning cache hits
The partitioning cache has 41 tilings in it right now
The inferral cache has 117 tilings in it right now
There are 135 tilings in the search tree
Time taken so far is 39.60553169250488 seconds

Doing depth 9
We had 45 inferral cache hits and 3171 partitioning cache hits
The partitioning cache has 43 tilings in it right now
The inferral cache has 201 tilings in it right now
There are 271 tilings in the search tree
Time taken so far is 229.58635926246643 seconds

Now processing 0123_0213
Doing depth 1
We had 0 inferral cache hits and 14 partitioning cache hits
The partitioning cache has 0 tilings in it right now
The inferral cache has 4 tilings in it right now
There are 4 tilings in the search tree
Time taken so far is 0.022078514099121094 seconds

Doing depth 2
We had 0 inferral cache hits and 56 partitioning cache hits
The partitioning cache has 2 tilings in it right now
The inferral cache has 8 tilings in it right now
There are 10 tilings in the search tree
Time taken so far is 0.08214592933654785 seconds

Doing depth 3
We had 1 inferral cache hits and 119 partitioning cache hits
The partitioning cache has 1 tilings in it right now
The inferral cache has 16 tilings in it right now
There are 17 tilings in the search tree
Time taken so far is 0.20700788497924805 seconds

Doing depth 4
We had 1 inferral cache hits and 153 partitioning cache hits
The partitioning cache has 0 tilings in it right now
The inferral cache has 20 tilings in it right now
There are 20 tilings in the search tree
Time taken so far is 0.48089075088500977 seconds

Doing depth 5
We had 1 inferral cache hits and 243 partitioning cache hits
The partitioning cache has 8 tilings in it right now
The inferral cache has 28 tilings in it right now
There are 29 tilings in the search tree
Time taken so far is 0.9932794570922852 seconds

Doing depth 6
We had 9 inferral cache hits and 505 partitioning cache hits
The partitioning cache has 6 tilings in it right now
The inferral cache has 41 tilings in it right now
There are 45 tilings in the search tree
Time taken so far is 5.529323577880859 seconds

Doing depth 7
We had 9 inferral cache hits and 769 partitioning cache hits
The partitioning cache has 2 tilings in it right now
The inferral cache has 73 tilings in it right now
There are 65 tilings in the search tree
Time taken so far is 22.61011052131653 seconds

Doing depth 8
We had 9 inferral cache hits and 1421 partitioning cache hits
The partitioning cache has 42 tilings in it right now
The inferral cache has 123 tilings in it right now
There are 129 tilings in the search tree
Time taken so far is 43.8509259223938 seconds

Doing depth 9
We had 50 inferral cache hits and 3189 partitioning cache hits
The partitioning cache has 37 tilings in it right now
The inferral cache has 218 tilings in it right now
There are 249 tilings in the search tree
Time taken so far is 315.87474179267883 seconds

Now processing 0123_0231
Doing depth 1
We had 0 inferral cache hits and 14 partitioning cache hits
The partitioning cache has 0 tilings in it right now
The inferral cache has 4 tilings in it right now
There are 4 tilings in the search tree
Time taken so far is 0.020166397094726562 seconds

Doing depth 2
We had 0 inferral cache hits and 56 partitioning cache hits
The partitioning cache has 2 tilings in it right now
The inferral cache has 8 tilings in it right now
There are 10 tilings in the search tree
Time taken so far is 0.07639145851135254 seconds

Doing depth 3
We had 1 inferral cache hits and 119 partitioning cache hits
The partitioning cache has 1 tilings in it right now
The inferral cache has 16 tilings in it right now
There are 17 tilings in the search tree
Time taken so far is 0.18358469009399414 seconds

Doing depth 4
We had 1 inferral cache hits and 153 partitioning cache hits
The partitioning cache has 0 tilings in it right now
The inferral cache has 20 tilings in it right now
There are 20 tilings in the search tree
Time taken so far is 0.40929079055786133 seconds

Doing depth 5
We had 1 inferral cache hits and 243 partitioning cache hits
The partitioning cache has 7 tilings in it right now
The inferral cache has 29 tilings in it right now
There are 29 tilings in the search tree
Time taken so far is 0.8976757526397705 seconds

Doing depth 6
We had 9 inferral cache hits and 504 partitioning cache hits
The partitioning cache has 5 tilings in it right now
The inferral cache has 43 tilings in it right now
There are 45 tilings in the search tree
Time taken so far is 5.237723112106323 seconds

Doing depth 7
We had 9 inferral cache hits and 767 partitioning cache hits
The partitioning cache has 2 tilings in it right now
The inferral cache has 75 tilings in it right now
There are 65 tilings in the search tree
Time taken so far is 19.485578298568726 seconds

Doing depth 8
We had 11 inferral cache hits and 1454 partitioning cache hits
The partitioning cache has 38 tilings in it right now
The inferral cache has 136 tilings in it right now
There are 130 tilings in the search tree
Time taken so far is 38.11353921890259 seconds

Doing depth 9
We had 60 inferral cache hits and 3305 partitioning cache hits
The partitioning cache has 33 tilings in it right now
The inferral cache has 254 tilings in it right now
There are 266 tilings in the search tree
Time taken so far is 248.13316345214844 seconds

Now processing 0123_1230
Doing depth 1
We had 0 inferral cache hits and 14 partitioning cache hits
The partitioning cache has 0 tilings in it right now
The inferral cache has 4 tilings in it right now
There are 4 tilings in the search tree
Time taken so far is 0.015506267547607422 seconds

Doing depth 2
We had 0 inferral cache hits and 56 partitioning cache hits
The partitioning cache has 2 tilings in it right now
The inferral cache has 8 tilings in it right now
There are 8 tilings in the search tree
Time taken so far is 0.07029390335083008 seconds

Doing depth 3
We had 1 inferral cache hits and 119 partitioning cache hits
The partitioning cache has 1 tilings in it right now
The inferral cache has 15 tilings in it right now
There are 13 tilings in the search tree
Time taken so far is 0.21257996559143066 seconds

Doing depth 4
We had 1 inferral cache hits and 153 partitioning cache hits
The partitioning cache has 0 tilings in it right now
The inferral cache has 19 tilings in it right now
There are 15 tilings in the search tree
Time taken so far is 0.6466414928436279 seconds

Doing depth 5
We had 1 inferral cache hits and 248 partitioning cache hits
The partitioning cache has 6 tilings in it right now
The inferral cache has 31 tilings in it right now
There are 24 tilings in the search tree
Time taken so far is 1.2281787395477295 seconds

Doing depth 6
We had 7 inferral cache hits and 601 partitioning cache hits
The partitioning cache has 9 tilings in it right now
The inferral cache has 56 tilings in it right now
There are 46 tilings in the search tree
Time taken so far is 7.344901084899902 seconds

Doing depth 7
We had 7 inferral cache hits and 820 partitioning cache hits
The partitioning cache has 4 tilings in it right now
The inferral cache has 81 tilings in it right now
There are 58 tilings in the search tree
Time taken so far is 30.10356640815735 seconds

Doing depth 8
We had 7 inferral cache hits and 1507 partitioning cache hits
The partitioning cache has 37 tilings in it right now
The inferral cache has 153 tilings in it right now
There are 114 tilings in the search tree
Time taken so far is 57.213873863220215 seconds

Doing depth 9
We had 56 inferral cache hits and 3586 partitioning cache hits
The partitioning cache has 43 tilings in it right now
The inferral cache has 295 tilings in it right now
There are 241 tilings in the search tree
Time taken so far is 419.1541848182678 seconds

Now processing 0123_2301
Doing depth 1
We had 0 inferral cache hits and 14 partitioning cache hits
The partitioning cache has 0 tilings in it right now
The inferral cache has 4 tilings in it right now
There are 4 tilings in the search tree
Time taken so far is 0.01783132553100586 seconds

Doing depth 2
We had 0 inferral cache hits and 56 partitioning cache hits
The partitioning cache has 2 tilings in it right now
The inferral cache has 8 tilings in it right now
There are 8 tilings in the search tree
Time taken so far is 0.07615542411804199 seconds

Doing depth 3
We had 1 inferral cache hits and 119 partitioning cache hits
The partitioning cache has 1 tilings in it right now
The inferral cache has 15 tilings in it right now
There are 13 tilings in the search tree
Time taken so far is 0.22387075424194336 seconds

Doing depth 4
We had 1 inferral cache hits and 153 partitioning cache hits
The partitioning cache has 0 tilings in it right now
The inferral cache has 19 tilings in it right now
There are 15 tilings in the search tree
Time taken so far is 0.6520020961761475 seconds

Doing depth 5
We had 1 inferral cache hits and 243 partitioning cache hits
The partitioning cache has 7 tilings in it right now
The inferral cache has 27 tilings in it right now
There are 23 tilings in the search tree
Time taken so far is 1.1577308177947998 seconds

Doing depth 6
We had 7 inferral cache hits and 481 partitioning cache hits
The partitioning cache has 5 tilings in it right now
The inferral cache has 38 tilings in it right now
There are 37 tilings in the search tree
Time taken so far is 6.17686915397644 seconds

Doing depth 7
We had 7 inferral cache hits and 700 partitioning cache hits
The partitioning cache has 2 tilings in it right now
The inferral cache has 63 tilings in it right now
There are 52 tilings in the search tree
Time taken so far is 26.990136861801147 seconds

Doing depth 8
We had 8 inferral cache hits and 1358 partitioning cache hits
The partitioning cache has 36 tilings in it right now
The inferral cache has 113 tilings in it right now
There are 112 tilings in the search tree
Time taken so far is 45.611791133880615 seconds

Doing depth 9
We had 38 inferral cache hits and 2866 partitioning cache hits
The partitioning cache has 28 tilings in it right now
The inferral cache has 186 tilings in it right now
There are 188 tilings in the search tree
Time taken so far is 267.61927342414856 seconds

Now processing 0132_0213
Doing depth 1
We had 0 inferral cache hits and 14 partitioning cache hits
The partitioning cache has 0 tilings in it right now
The inferral cache has 4 tilings in it right now
There are 4 tilings in the search tree
Time taken so far is 0.024169921875 seconds

Doing depth 2
We had 0 inferral cache hits and 56 partitioning cache hits
The partitioning cache has 2 tilings in it right now
The inferral cache has 8 tilings in it right now
There are 10 tilings in the search tree
Time taken so far is 0.09260106086730957 seconds

Doing depth 3
We had 1 inferral cache hits and 119 partitioning cache hits
The partitioning cache has 1 tilings in it right now
The inferral cache has 16 tilings in it right now
There are 17 tilings in the search tree
Time taken so far is 0.23070120811462402 seconds

Doing depth 4
We had 1 inferral cache hits and 153 partitioning cache hits
The partitioning cache has 0 tilings in it right now
The inferral cache has 20 tilings in it right now
There are 20 tilings in the search tree
Time taken so far is 0.654273509979248 seconds

Doing depth 5
We had 1 inferral cache hits and 243 partitioning cache hits
The partitioning cache has 8 tilings in it right now
The inferral cache has 28 tilings in it right now
There are 29 tilings in the search tree
Time taken so far is 1.263035774230957 seconds

Doing depth 6
We had 9 inferral cache hits and 505 partitioning cache hits
The partitioning cache has 6 tilings in it right now
The inferral cache has 41 tilings in it right now
There are 45 tilings in the search tree
Time taken so far is 6.8398826122283936 seconds

Doing depth 7
We had 9 inferral cache hits and 769 partitioning cache hits
The partitioning cache has 2 tilings in it right now
The inferral cache has 74 tilings in it right now
There are 65 tilings in the search tree
Time taken so far is 26.601537466049194 seconds

Doing depth 8
We had 9 inferral cache hits and 1428 partitioning cache hits
The partitioning cache has 40 tilings in it right now
The inferral cache has 128 tilings in it right now
There are 128 tilings in the search tree
Time taken so far is 51.50075364112854 seconds

Doing depth 9
We had 49 inferral cache hits and 3260 partitioning cache hits
The partitioning cache has 36 tilings in it right now
The inferral cache has 234 tilings in it right now
There are 266 tilings in the search tree
Time taken so far is 370.81595611572266 seconds

Now processing 0132_0321
Doing depth 1
We had 0 inferral cache hits and 14 partitioning cache hits
The partitioning cache has 0 tilings in it right now
The inferral cache has 4 tilings in it right now
There are 4 tilings in the search tree
Time taken so far is 0.02179741859436035 seconds

Doing depth 2
We had 0 inferral cache hits and 56 partitioning cache hits
The partitioning cache has 2 tilings in it right now
The inferral cache has 8 tilings in it right now
There are 10 tilings in the search tree
Time taken so far is 0.08246397972106934 seconds

Doing depth 3
We had 1 inferral cache hits and 119 partitioning cache hits
The partitioning cache has 1 tilings in it right now
The inferral cache has 15 tilings in it right now
There are 17 tilings in the search tree
Time taken so far is 0.2803947925567627 seconds

Doing depth 4
We had 1 inferral cache hits and 153 partitioning cache hits
The partitioning cache has 0 tilings in it right now
The inferral cache has 19 tilings in it right now
There are 20 tilings in the search tree
Time taken so far is 0.5667693614959717 seconds

Doing depth 5
We had 1 inferral cache hits and 243 partitioning cache hits
The partitioning cache has 8 tilings in it right now
The inferral cache has 27 tilings in it right now
There are 30 tilings in the search tree
Time taken so far is 1.083190679550171 seconds

Doing depth 6
We had 9 inferral cache hits and 505 partitioning cache hits
The partitioning cache has 6 tilings in it right now
The inferral cache has 39 tilings in it right now
There are 48 tilings in the search tree
Time taken so far is 5.540061950683594 seconds

Doing depth 7
We had 9 inferral cache hits and 763 partitioning cache hits
The partitioning cache has 4 tilings in it right now
The inferral cache has 67 tilings in it right now
There are 68 tilings in the search tree
Time taken so far is 21.49466347694397 seconds

Doing depth 8
We had 9 inferral cache hits and 1505 partitioning cache hits
The partitioning cache has 44 tilings in it right now
The inferral cache has 125 tilings in it right now
There are 136 tilings in the search tree
Time taken so far is 40.45610070228577 seconds

Doing depth 9
We had 45 inferral cache hits and 3317 partitioning cache hits
The partitioning cache has 39 tilings in it right now
The inferral cache has 222 tilings in it right now
There are 265 tilings in the search tree
Time taken so far is 259.41961336135864 seconds

Now processing 0132_1023
Doing depth 1
We had 0 inferral cache hits and 14 partitioning cache hits
The partitioning cache has 0 tilings in it right now
The inferral cache has 4 tilings in it right now
There are 4 tilings in the search tree
Time taken so far is 0.015350103378295898 seconds

Doing depth 2
We had 0 inferral cache hits and 56 partitioning cache hits
The partitioning cache has 2 tilings in it right now
The inferral cache has 8 tilings in it right now
There are 8 tilings in the search tree
Time taken so far is 0.07415175437927246 seconds

Doing depth 3
We had 1 inferral cache hits and 119 partitioning cache hits
The partitioning cache has 1 tilings in it right now
The inferral cache has 15 tilings in it right now
There are 13 tilings in the search tree
Time taken so far is 0.22685933113098145 seconds

Doing depth 4
We had 1 inferral cache hits and 153 partitioning cache hits
The partitioning cache has 0 tilings in it right now
The inferral cache has 19 tilings in it right now
There are 15 tilings in the search tree
Time taken so far is 0.6573357582092285 seconds

Doing depth 5
We had 1 inferral cache hits and 243 partitioning cache hits
The partitioning cache has 8 tilings in it right now
The inferral cache has 27 tilings in it right now
There are 25 tilings in the search tree
Time taken so far is 1.1796822547912598 seconds

Doing depth 6
We had 9 inferral cache hits and 505 partitioning cache hits
The partitioning cache has 6 tilings in it right now
The inferral cache has 38 tilings in it right now
There are 41 tilings in the search tree
Time taken so far is 6.3592469692230225 seconds

Doing depth 7
We had 9 inferral cache hits and 763 partitioning cache hits
The partitioning cache has 5 tilings in it right now
The inferral cache has 69 tilings in it right now
There are 60 tilings in the search tree
Time taken so far is 26.835386037826538 seconds

Doing depth 8
We had 9 inferral cache hits and 1517 partitioning cache hits
The partitioning cache has 38 tilings in it right now
The inferral cache has 130 tilings in it right now
There are 143 tilings in the search tree
Time taken so far is 39.86444044113159 seconds

Doing depth 9
We had 49 inferral cache hits and 3593 partitioning cache hits
The partitioning cache has 39 tilings in it right now
The inferral cache has 268 tilings in it right now
There are 320 tilings in the search tree
Time taken so far is 180.6922788619995 seconds

Now processing 0132_1032
Doing depth 1
We had 0 inferral cache hits and 14 partitioning cache hits
The partitioning cache has 0 tilings in it right now
The inferral cache has 4 tilings in it right now
There are 4 tilings in the search tree
Time taken so far is 0.013073444366455078 seconds

Doing depth 2
We had 0 inferral cache hits and 56 partitioning cache hits
The partitioning cache has 2 tilings in it right now
The inferral cache has 8 tilings in it right now
There are 8 tilings in the search tree
Time taken so far is 0.06494784355163574 seconds

Doing depth 3
We had 1 inferral cache hits and 119 partitioning cache hits
The partitioning cache has 1 tilings in it right now
The inferral cache has 15 tilings in it right now
There are 13 tilings in the search tree
Time taken so far is 0.23652982711791992 seconds

Doing depth 4
We had 1 inferral cache hits and 153 partitioning cache hits
The partitioning cache has 0 tilings in it right now
The inferral cache has 19 tilings in it right now
There are 15 tilings in the search tree
Time taken so far is 0.7074639797210693 seconds

Doing depth 5
We had 1 inferral cache hits and 243 partitioning cache hits
The partitioning cache has 8 tilings in it right now
The inferral cache has 27 tilings in it right now
There are 26 tilings in the search tree
Time taken so far is 1.2050647735595703 seconds

Doing depth 6
We had 9 inferral cache hits and 505 partitioning cache hits
The partitioning cache has 6 tilings in it right now
The inferral cache has 39 tilings in it right now
There are 44 tilings in the search tree
Time taken so far is 6.149691343307495 seconds

Doing depth 7
We had 9 inferral cache hits and 763 partitioning cache hits
The partitioning cache has 5 tilings in it right now
The inferral cache has 67 tilings in it right now
There are 62 tilings in the search tree
Time taken so far is 23.626347303390503 seconds

Doing depth 8
We had 9 inferral cache hits and 1493 partitioning cache hits
The partitioning cache has 42 tilings in it right now
The inferral cache has 122 tilings in it right now
There are 122 tilings in the search tree
Time taken so far is 46.283597230911255 seconds

Doing depth 9
We had 43 inferral cache hits and 3256 partitioning cache hits
The partitioning cache has 33 tilings in it right now
The inferral cache has 224 tilings in it right now
There are 212 tilings in the search tree
Time taken so far is 294.83464336395264 seconds

Now processing 0132_1203
Doing depth 1
We had 0 inferral cache hits and 14 partitioning cache hits
The partitioning cache has 0 tilings in it right now
The inferral cache has 4 tilings in it right now
There are 4 tilings in the search tree
Time taken so far is 0.015888452529907227 seconds

Doing depth 2
We had 0 inferral cache hits and 56 partitioning cache hits
The partitioning cache has 2 tilings in it right now
The inferral cache has 8 tilings in it right now
There are 8 tilings in the search tree
Time taken so far is 0.07246112823486328 seconds

Doing depth 3
We had 1 inferral cache hits and 119 partitioning cache hits
The partitioning cache has 1 tilings in it right now
The inferral cache has 15 tilings in it right now
There are 13 tilings in the search tree
Time taken so far is 0.21751093864440918 seconds

Doing depth 4
We had 1 inferral cache hits and 153 partitioning cache hits
The partitioning cache has 0 tilings in it right now
The inferral cache has 19 tilings in it right now
There are 15 tilings in the search tree
Time taken so far is 0.6220448017120361 seconds

Doing depth 5
We had 1 inferral cache hits and 248 partitioning cache hits
The partitioning cache has 7 tilings in it right now
The inferral cache has 30 tilings in it right now
There are 24 tilings in the search tree
Time taken so far is 1.236788034439087 seconds

Doing depth 6
We had 7 inferral cache hits and 510 partitioning cache hits
The partitioning cache has 5 tilings in it right now
The inferral cache has 50 tilings in it right now
There are 38 tilings in the search tree
Time taken so far is 8.642584562301636 seconds

Doing depth 7
We had 7 inferral cache hits and 729 partitioning cache hits
The partitioning cache has 0 tilings in it right now
The inferral cache has 76 tilings in it right now
There are 50 tilings in the search tree
Time taken so far is 37.98407793045044 seconds

Doing depth 8
We had 7 inferral cache hits and 1423 partitioning cache hits
The partitioning cache has 34 tilings in it right now
The inferral cache has 153 tilings in it right now
There are 110 tilings in the search tree
Time taken so far is 67.95007276535034 seconds

Doing depth 9
We had 35 inferral cache hits and 3484 partitioning cache hits
The partitioning cache has 34 tilings in it right now
The inferral cache has 327 tilings in it right now
There are 232 tilings in the search tree
Time taken so far is 424.6158332824707 seconds

Now processing 0132_1230
Doing depth 1
We had 0 inferral cache hits and 14 partitioning cache hits
The partitioning cache has 0 tilings in it right now
The inferral cache has 4 tilings in it right now
There are 4 tilings in the search tree
Time taken so far is 0.014730453491210938 seconds

Doing depth 2
We had 0 inferral cache hits and 56 partitioning cache hits
The partitioning cache has 2 tilings in it right now
The inferral cache has 8 tilings in it right now
There are 8 tilings in the search tree
Time taken so far is 0.06697654724121094 seconds

Doing depth 3
We had 1 inferral cache hits and 119 partitioning cache hits
The partitioning cache has 1 tilings in it right now
The inferral cache has 15 tilings in it right now
There are 13 tilings in the search tree
Time taken so far is 0.20844483375549316 seconds

Doing depth 4
We had 1 inferral cache hits and 153 partitioning cache hits
The partitioning cache has 0 tilings in it right now
The inferral cache has 19 tilings in it right now
There are 15 tilings in the search tree
Time taken so far is 0.610522985458374 seconds

Doing depth 5
We had 1 inferral cache hits and 248 partitioning cache hits
The partitioning cache has 6 tilings in it right now
The inferral cache has 31 tilings in it right now
There are 24 tilings in the search tree
Time taken so far is 1.2150347232818604 seconds

Doing depth 6
We had 7 inferral cache hits and 509 partitioning cache hits
The partitioning cache has 3 tilings in it right now
The inferral cache has 53 tilings in it right now
There are 38 tilings in the search tree
Time taken so far is 7.377056121826172 seconds

Doing depth 7
We had 7 inferral cache hits and 726 partitioning cache hits
The partitioning cache has 0 tilings in it right now
The inferral cache has 80 tilings in it right now
There are 50 tilings in the search tree
Time taken so far is 31.005475521087646 seconds

Doing depth 8
We had 7 inferral cache hits and 1459 partitioning cache hits
The partitioning cache has 29 tilings in it right now
The inferral cache has 171 tilings in it right now
There are 117 tilings in the search tree
Time taken so far is 57.69160079956055 seconds

Doing depth 9
We had 44 inferral cache hits and 3783 partitioning cache hits
The partitioning cache has 29 tilings in it right now
The inferral cache has 372 tilings in it right now
There are 271 tilings in the search tree
Time taken so far is 338.7739179134369 seconds

Now processing 0132_1320
Doing depth 1
We had 0 inferral cache hits and 14 partitioning cache hits
The partitioning cache has 0 tilings in it right now
The inferral cache has 4 tilings in it right now
There are 4 tilings in the search tree
Time taken so far is 0.015285015106201172 seconds

Doing depth 2
We had 0 inferral cache hits and 56 partitioning cache hits
The partitioning cache has 2 tilings in it right now
The inferral cache has 8 tilings in it right now
There are 8 tilings in the search tree
Time taken so far is 0.07478165626525879 seconds

Doing depth 3
We had 1 inferral cache hits and 119 partitioning cache hits
The partitioning cache has 1 tilings in it right now
The inferral cache has 15 tilings in it right now
There are 13 tilings in the search tree
Time taken so far is 0.2216205596923828 seconds

Doing depth 4
We had 1 inferral cache hits and 153 partitioning cache hits
The partitioning cache has 0 tilings in it right now
The inferral cache has 19 tilings in it right now
There are 15 tilings in the search tree
Time taken so far is 0.6244876384735107 seconds

Doing depth 5
We had 1 inferral cache hits and 248 partitioning cache hits
The partitioning cache has 6 tilings in it right now
The inferral cache has 31 tilings in it right now
There are 24 tilings in the search tree
Time taken so far is 1.3273613452911377 seconds

Doing depth 6
We had 9 inferral cache hits and 589 partitioning cache hits
The partitioning cache has 8 tilings in it right now
The inferral cache has 58 tilings in it right now
There are 50 tilings in the search tree
Time taken so far is 8.767207384109497 seconds

Doing depth 7
We had 21 inferral cache hits and 1202 partitioning cache hits
The partitioning cache has 13 tilings in it right now
The inferral cache has 126 tilings in it right now
There are 120 tilings in the search tree
Time taken so far is 32.03783416748047 seconds

Doing depth 8
We had 50 inferral cache hits and 2877 partitioning cache hits
The partitioning cache has 50 tilings in it right now
The inferral cache has 289 tilings in it right now
There are 316 tilings in the search tree
Time taken so far is 61.16322469711304 seconds

Doing depth 9
We had 129 inferral cache hits and 6701 partitioning cache hits
The partitioning cache has 82 tilings in it right now
The inferral cache has 601 tilings in it right now
There are 671 tilings in the search tree
Time taken so far is 403.0302610397339 seconds

Now processing 0132_2301
Doing depth 1
We had 0 inferral cache hits and 14 partitioning cache hits
The partitioning cache has 0 tilings in it right now
The inferral cache has 4 tilings in it right now
There are 4 tilings in the search tree
Time taken so far is 0.018782377243041992 seconds

Doing depth 2
We had 0 inferral cache hits and 56 partitioning cache hits
The partitioning cache has 2 tilings in it right now
The inferral cache has 8 tilings in it right now
There are 8 tilings in the search tree
Time taken so far is 0.08306384086608887 seconds

Doing depth 3
We had 1 inferral cache hits and 119 partitioning cache hits
The partitioning cache has 1 tilings in it right now
The inferral cache has 15 tilings in it right now
There are 13 tilings in the search tree
Time taken so far is 0.2643699645996094 seconds

Doing depth 4
We had 1 inferral cache hits and 153 partitioning cache hits
The partitioning cache has 0 tilings in it right now
The inferral cache has 19 tilings in it right now
There are 15 tilings in the search tree
Time taken so far is 0.7591583728790283 seconds

Doing depth 5
We had 1 inferral cache hits and 243 partitioning cache hits
The partitioning cache has 7 tilings in it right now
The inferral cache has 27 tilings in it right now
There are 23 tilings in the search tree
Time taken so far is 1.3066747188568115 seconds

Doing depth 6
We had 7 inferral cache hits and 481 partitioning cache hits
The partitioning cache has 5 tilings in it right now
The inferral cache has 38 tilings in it right now
There are 37 tilings in the search tree
Time taken so far is 6.3561530113220215 seconds

Doing depth 7
We had 7 inferral cache hits and 700 partitioning cache hits
The partitioning cache has 2 tilings in it right now
The inferral cache has 63 tilings in it right now
There are 52 tilings in the search tree
Time taken so far is 28.432658672332764 seconds

Doing depth 8
We had 8 inferral cache hits and 1358 partitioning cache hits
The partitioning cache has 36 tilings in it right now
The inferral cache has 114 tilings in it right now
There are 114 tilings in the search tree
Time taken so far is 47.38063025474548 seconds

Doing depth 9
We had 37 inferral cache hits and 2873 partitioning cache hits
The partitioning cache has 28 tilings in it right now
The inferral cache has 192 tilings in it right now
There are 198 tilings in the search tree
Time taken so far is 280.0627090930939 seconds

Now processing 0132_3120
Doing depth 1
We had 0 inferral cache hits and 14 partitioning cache hits
The partitioning cache has 0 tilings in it right now
The inferral cache has 4 tilings in it right now
There are 4 tilings in the search tree
Time taken so far is 0.020867347717285156 seconds

Doing depth 2
We had 0 inferral cache hits and 56 partitioning cache hits
The partitioning cache has 2 tilings in it right now
The inferral cache has 8 tilings in it right now
There are 10 tilings in the search tree
Time taken so far is 0.08342456817626953 seconds

Doing depth 3
We had 1 inferral cache hits and 119 partitioning cache hits
The partitioning cache has 1 tilings in it right now
The inferral cache has 16 tilings in it right now
There are 17 tilings in the search tree
Time taken so far is 0.2033402919769287 seconds

Doing depth 4
We had 1 inferral cache hits and 153 partitioning cache hits
The partitioning cache has 0 tilings in it right now
The inferral cache has 20 tilings in it right now
There are 20 tilings in the search tree
Time taken so far is 0.4412345886230469 seconds

Doing depth 5
We had 1 inferral cache hits and 243 partitioning cache hits
The partitioning cache has 8 tilings in it right now
The inferral cache has 28 tilings in it right now
There are 28 tilings in the search tree
Time taken so far is 1.009291648864746 seconds

Doing depth 6
We had 9 inferral cache hits and 505 partitioning cache hits
The partitioning cache has 6 tilings in it right now
The inferral cache has 41 tilings in it right now
There are 42 tilings in the search tree
Time taken so far is 6.640694856643677 seconds

Doing depth 7
We had 9 inferral cache hits and 763 partitioning cache hits
The partitioning cache has 2 tilings in it right now
The inferral cache has 72 tilings in it right now
There are 60 tilings in the search tree
Time taken so far is 26.528131008148193 seconds

Doing depth 8
We had 9 inferral cache hits and 1546 partitioning cache hits
The partitioning cache has 41 tilings in it right now
The inferral cache has 154 tilings in it right now
There are 131 tilings in the search tree
Time taken so far is 53.63172769546509 seconds

Doing depth 9
We had 61 inferral cache hits and 4027 partitioning cache hits
The partitioning cache has 39 tilings in it right now
The inferral cache has 382 tilings in it right now
There are 415 tilings in the search tree
Time taken so far is 356.3890051841736 seconds

Now processing 0213_0321
Doing depth 1
We had 0 inferral cache hits and 14 partitioning cache hits
The partitioning cache has 0 tilings in it right now
The inferral cache has 4 tilings in it right now
There are 4 tilings in the search tree
Time taken so far is 0.021883010864257812 seconds

Doing depth 2
We had 0 inferral cache hits and 56 partitioning cache hits
The partitioning cache has 2 tilings in it right now
The inferral cache has 8 tilings in it right now
There are 10 tilings in the search tree
Time taken so far is 0.08733868598937988 seconds

Doing depth 3
We had 1 inferral cache hits and 119 partitioning cache hits
The partitioning cache has 1 tilings in it right now
The inferral cache has 16 tilings in it right now
There are 17 tilings in the search tree
Time taken so far is 0.23451495170593262 seconds

Doing depth 4
We had 1 inferral cache hits and 153 partitioning cache hits
The partitioning cache has 0 tilings in it right now
The inferral cache has 20 tilings in it right now
There are 20 tilings in the search tree
Time taken so far is 0.5563750267028809 seconds

Doing depth 5
We had 1 inferral cache hits and 243 partitioning cache hits
The partitioning cache has 7 tilings in it right now
The inferral cache has 29 tilings in it right now
There are 29 tilings in the search tree
Time taken so far is 1.1468493938446045 seconds

Doing depth 6
We had 9 inferral cache hits and 504 partitioning cache hits
The partitioning cache has 5 tilings in it right now
The inferral cache has 43 tilings in it right now
There are 45 tilings in the search tree
Time taken so far is 6.252708196640015 seconds

Doing depth 7
We had 9 inferral cache hits and 767 partitioning cache hits
The partitioning cache has 2 tilings in it right now
The inferral cache has 76 tilings in it right now
There are 65 tilings in the search tree
Time taken so far is 22.38599920272827 seconds

Doing depth 8
We had 9 inferral cache hits and 1447 partitioning cache hits
The partitioning cache has 38 tilings in it right now
The inferral cache has 140 tilings in it right now
There are 128 tilings in the search tree
Time taken so far is 44.07435965538025 seconds

Doing depth 9
We had 46 inferral cache hits and 3415 partitioning cache hits
The partitioning cache has 36 tilings in it right now
The inferral cache has 281 tilings in it right now
There are 274 tilings in the search tree
Time taken so far is 285.42700576782227 seconds

Now processing 0213_1230
Doing depth 1
We had 0 inferral cache hits and 14 partitioning cache hits
The partitioning cache has 0 tilings in it right now
The inferral cache has 4 tilings in it right now
There are 4 tilings in the search tree
Time taken so far is 0.016234874725341797 seconds

Doing depth 2
We had 0 inferral cache hits and 56 partitioning cache hits
The partitioning cache has 2 tilings in it right now
The inferral cache has 8 tilings in it right now
There are 8 tilings in the search tree
Time taken so far is 0.07563042640686035 seconds

Doing depth 3
We had 1 inferral cache hits and 119 partitioning cache hits
The partitioning cache has 1 tilings in it right now
The inferral cache has 15 tilings in it right now
There are 13 tilings in the search tree
Time taken so far is 0.2252058982849121 seconds

Doing depth 4
We had 1 inferral cache hits and 153 partitioning cache hits
The partitioning cache has 1 tilings in it right now
The inferral cache has 18 tilings in it right now
There are 15 tilings in the search tree
Time taken so far is 0.6596639156341553 seconds

Doing depth 5
We had 1 inferral cache hits and 273 partitioning cache hits
The partitioning cache has 5 tilings in it right now
The inferral cache has 39 tilings in it right now
There are 27 tilings in the search tree
Time taken so far is 1.4732439517974854 seconds

Doing depth 6
We had 19 inferral cache hits and 948 partitioning cache hits
The partitioning cache has 18 tilings in it right now
The inferral cache has 125 tilings in it right now
There are 85 tilings in the search tree
Time taken so far is 8.778364181518555 seconds

Doing depth 7
We had 19 inferral cache hits and 1123 partitioning cache hits
The partitioning cache has 18 tilings in it right now
The inferral cache has 144 tilings in it right now
There are 95 tilings in the search tree
Time taken so far is 28.448089599609375 seconds

Doing depth 8
We had 21 inferral cache hits and 1908 partitioning cache hits
The partitioning cache has 44 tilings in it right now
The inferral cache has 247 tilings in it right now
There are 161 tilings in the search tree
Time taken so far is 43.985480546951294 seconds

Doing depth 9
We had 61 inferral cache hits and 4096 partitioning cache hits
The partitioning cache has 73 tilings in it right now
The inferral cache has 481 tilings in it right now
There are 311 tilings in the search tree
Time taken so far is 220.37653470039368 seconds

Now processing 0213_1320
Doing depth 1
We had 0 inferral cache hits and 14 partitioning cache hits
The partitioning cache has 0 tilings in it right now
The inferral cache has 4 tilings in it right now
There are 4 tilings in the search tree
Time taken so far is 0.01676154136657715 seconds

Doing depth 2
We had 0 inferral cache hits and 56 partitioning cache hits
The partitioning cache has 2 tilings in it right now
The inferral cache has 8 tilings in it right now
There are 8 tilings in the search tree
Time taken so far is 0.07572364807128906 seconds

Doing depth 3
We had 1 inferral cache hits and 119 partitioning cache hits
The partitioning cache has 1 tilings in it right now
The inferral cache has 15 tilings in it right now
There are 13 tilings in the search tree
Time taken so far is 0.23903107643127441 seconds

Doing depth 4
We had 1 inferral cache hits and 153 partitioning cache hits
The partitioning cache has 0 tilings in it right now
The inferral cache has 19 tilings in it right now
There are 15 tilings in the search tree
Time taken so far is 0.6748900413513184 seconds

Doing depth 5
We had 1 inferral cache hits and 254 partitioning cache hits
The partitioning cache has 7 tilings in it right now
The inferral cache has 32 tilings in it right now
There are 27 tilings in the search tree
Time taken so far is 1.3394768238067627 seconds

Doing depth 6
We had 8 inferral cache hits and 701 partitioning cache hits
The partitioning cache has 13 tilings in it right now
The inferral cache has 73 tilings in it right now
There are 71 tilings in the search tree
Time taken so far is 7.633962631225586 seconds

Doing depth 7
We had 23 inferral cache hits and 1615 partitioning cache hits
The partitioning cache has 25 tilings in it right now
The inferral cache has 195 tilings in it right now
There are 199 tilings in the search tree
Time taken so far is 33.07557201385498 seconds

Doing depth 8
We had 131 inferral cache hits and 6067 partitioning cache hits
The partitioning cache has 128 tilings in it right now
The inferral cache has 730 tilings in it right now
There are 879 tilings in the search tree
Time taken so far is 98.7429769039154 seconds

Doing depth 9
We had 697 inferral cache hits and 23372 partitioning cache hits
The partitioning cache has 340 tilings in it right now
The inferral cache has 2628 tilings in it right now
There are 4086 tilings in the search tree
Time taken so far is 843.4386558532715 seconds

Now processing 0213_2301
Doing depth 1
We had 0 inferral cache hits and 14 partitioning cache hits
The partitioning cache has 0 tilings in it right now
The inferral cache has 4 tilings in it right now
There are 4 tilings in the search tree
Time taken so far is 0.016577959060668945 seconds

Doing depth 2
We had 0 inferral cache hits and 56 partitioning cache hits
The partitioning cache has 2 tilings in it right now
The inferral cache has 8 tilings in it right now
There are 8 tilings in the search tree
Time taken so far is 0.07372808456420898 seconds

Doing depth 3
We had 1 inferral cache hits and 119 partitioning cache hits
The partitioning cache has 1 tilings in it right now
The inferral cache has 15 tilings in it right now
There are 13 tilings in the search tree
Time taken so far is 0.2266864776611328 seconds

Doing depth 4
We had 1 inferral cache hits and 153 partitioning cache hits
The partitioning cache has 0 tilings in it right now
The inferral cache has 19 tilings in it right now
There are 15 tilings in the search tree
Time taken so far is 0.6663539409637451 seconds

Doing depth 5
We had 1 inferral cache hits and 243 partitioning cache hits
The partitioning cache has 7 tilings in it right now
The inferral cache has 28 tilings in it right now
There are 23 tilings in the search tree
Time taken so far is 1.1817386150360107 seconds

Doing depth 6
We had 9 inferral cache hits and 504 partitioning cache hits
The partitioning cache has 5 tilings in it right now
The inferral cache has 40 tilings in it right now
There are 37 tilings in the search tree
Time taken so far is 6.759031057357788 seconds

Doing depth 7
We had 10 inferral cache hits and 782 partitioning cache hits
The partitioning cache has 8 tilings in it right now
The inferral cache has 73 tilings in it right now
There are 57 tilings in the search tree
Time taken so far is 25.423068046569824 seconds

Doing depth 8
We had 38 inferral cache hits and 2020 partitioning cache hits
The partitioning cache has 46 tilings in it right now
The inferral cache has 204 tilings in it right now
There are 245 tilings in the search tree
Time taken so far is 42.92839980125427 seconds

Doing depth 9
We had 90 inferral cache hits and 3763 partitioning cache hits
The partitioning cache has 49 tilings in it right now
The inferral cache has 336 tilings in it right now
There are 354 tilings in the search tree
Time taken so far is 218.82918047904968 seconds

Now processing 0213_3120
Doing depth 1
We had 0 inferral cache hits and 14 partitioning cache hits
The partitioning cache has 0 tilings in it right now
The inferral cache has 4 tilings in it right now
There are 4 tilings in the search tree
Time taken so far is 0.01768350601196289 seconds

Doing depth 2
We had 0 inferral cache hits and 56 partitioning cache hits
The partitioning cache has 2 tilings in it right now
The inferral cache has 8 tilings in it right now
There are 10 tilings in the search tree
Time taken so far is 0.07185029983520508 seconds

Doing depth 3
We had 1 inferral cache hits and 119 partitioning cache hits
The partitioning cache has 1 tilings in it right now
The inferral cache has 17 tilings in it right now
There are 17 tilings in the search tree
Time taken so far is 0.17709088325500488 seconds

Doing depth 4
We had 1 inferral cache hits and 153 partitioning cache hits
The partitioning cache has 0 tilings in it right now
The inferral cache has 21 tilings in it right now
There are 20 tilings in the search tree
Time taken so far is 0.3816037178039551 seconds

Doing depth 5
We had 1 inferral cache hits and 243 partitioning cache hits
The partitioning cache has 6 tilings in it right now
The inferral cache has 31 tilings in it right now
There are 28 tilings in the search tree
Time taken so far is 0.9404070377349854 seconds

Doing depth 6
We had 9 inferral cache hits and 503 partitioning cache hits
The partitioning cache has 4 tilings in it right now
The inferral cache has 47 tilings in it right now
There are 40 tilings in the search tree
Time taken so far is 6.885814905166626 seconds

Doing depth 7
We had 9 inferral cache hits and 759 partitioning cache hits
The partitioning cache has 0 tilings in it right now
The inferral cache has 79 tilings in it right now
There are 56 tilings in the search tree
Time taken so far is 29.06562328338623 seconds

Doing depth 8
We had 11 inferral cache hits and 1505 partitioning cache hits
The partitioning cache has 38 tilings in it right now
The inferral cache has 169 tilings in it right now
There are 126 tilings in the search tree
Time taken so far is 57.265190839767456 seconds

Doing depth 9
We had 58 inferral cache hits and 3844 partitioning cache hits
The partitioning cache has 61 tilings in it right now
The inferral cache has 346 tilings in it right now
There are 337 tilings in the search tree
Time taken so far is 431.4733064174652 seconds

Now processing 0231_0312
Doing depth 1
We had 0 inferral cache hits and 14 partitioning cache hits
The partitioning cache has 0 tilings in it right now
The inferral cache has 4 tilings in it right now
There are 4 tilings in the search tree
Time taken so far is 0.014536619186401367 seconds

Doing depth 2
We had 0 inferral cache hits and 56 partitioning cache hits
The partitioning cache has 2 tilings in it right now
The inferral cache has 8 tilings in it right now
There are 10 tilings in the search tree
Time taken so far is 0.06103634834289551 seconds

Doing depth 3
We had 1 inferral cache hits and 119 partitioning cache hits
The partitioning cache has 1 tilings in it right now
The inferral cache has 16 tilings in it right now
There are 17 tilings in the search tree
Time taken so far is 0.18289566040039062 seconds

Doing depth 4
We had 1 inferral cache hits and 153 partitioning cache hits
The partitioning cache has 0 tilings in it right now
The inferral cache has 20 tilings in it right now
There are 20 tilings in the search tree
Time taken so far is 0.46509480476379395 seconds

Doing depth 5
We had 1 inferral cache hits and 243 partitioning cache hits
The partitioning cache has 8 tilings in it right now
The inferral cache has 28 tilings in it right now
There are 29 tilings in the search tree
Time taken so far is 1.0768017768859863 seconds

Doing depth 6
We had 9 inferral cache hits and 505 partitioning cache hits
The partitioning cache has 6 tilings in it right now
The inferral cache has 41 tilings in it right now
There are 45 tilings in the search tree
Time taken so far is 6.304897785186768 seconds

Doing depth 7
We had 9 inferral cache hits and 769 partitioning cache hits
The partitioning cache has 2 tilings in it right now
The inferral cache has 73 tilings in it right now
There are 65 tilings in the search tree
Time taken so far is 26.98276710510254 seconds

Doing depth 8
We had 9 inferral cache hits and 1428 partitioning cache hits
The partitioning cache has 41 tilings in it right now
The inferral cache has 127 tilings in it right now
There are 129 tilings in the search tree
Time taken so far is 52.85263252258301 seconds

Doing depth 9
We had 45 inferral cache hits and 3070 partitioning cache hits
The partitioning cache has 38 tilings in it right now
The inferral cache has 209 tilings in it right now
There are 254 tilings in the search tree
Time taken so far is 376.6195065975189 seconds

Now processing 0231_0321
Doing depth 1
We had 0 inferral cache hits and 14 partitioning cache hits
The partitioning cache has 0 tilings in it right now
The inferral cache has 4 tilings in it right now
There are 4 tilings in the search tree
Time taken so far is 0.021332740783691406 seconds

Doing depth 2
We had 0 inferral cache hits and 56 partitioning cache hits
The partitioning cache has 2 tilings in it right now
The inferral cache has 8 tilings in it right now
There are 10 tilings in the search tree
Time taken so far is 0.08211898803710938 seconds

Doing depth 3
We had 1 inferral cache hits and 119 partitioning cache hits
The partitioning cache has 1 tilings in it right now
The inferral cache has 16 tilings in it right now
There are 17 tilings in the search tree
Time taken so far is 0.21129322052001953 seconds

Doing depth 4
We had 1 inferral cache hits and 153 partitioning cache hits
The partitioning cache has 0 tilings in it right now
The inferral cache has 20 tilings in it right now
There are 20 tilings in the search tree
Time taken so far is 0.5005378723144531 seconds

Doing depth 5
We had 1 inferral cache hits and 243 partitioning cache hits
The partitioning cache has 8 tilings in it right now
The inferral cache has 28 tilings in it right now
There are 29 tilings in the search tree
Time taken so far is 1.0383071899414062 seconds

Doing depth 6
We had 9 inferral cache hits and 505 partitioning cache hits
The partitioning cache has 6 tilings in it right now
The inferral cache has 41 tilings in it right now
There are 45 tilings in the search tree
Time taken so far is 5.903591156005859 seconds

Doing depth 7
We had 9 inferral cache hits and 769 partitioning cache hits
The partitioning cache has 2 tilings in it right now
The inferral cache has 74 tilings in it right now
There are 65 tilings in the search tree
Time taken so far is 27.244067192077637 seconds

Doing depth 8
We had 9 inferral cache hits and 1428 partitioning cache hits
The partitioning cache has 40 tilings in it right now
The inferral cache has 129 tilings in it right now
There are 130 tilings in the search tree
Time taken so far is 53.28394913673401 seconds

Doing depth 9
We had 45 inferral cache hits and 3070 partitioning cache hits
The partitioning cache has 36 tilings in it right now
The inferral cache has 215 tilings in it right now
There are 255 tilings in the search tree
Time taken so far is 372.67645168304443 seconds

Now processing 0231_1203
Doing depth 1
We had 0 inferral cache hits and 14 partitioning cache hits
The partitioning cache has 0 tilings in it right now
The inferral cache has 4 tilings in it right now
There are 4 tilings in the search tree
Time taken so far is 0.019382715225219727 seconds

Doing depth 2
We had 0 inferral cache hits and 56 partitioning cache hits
The partitioning cache has 2 tilings in it right now
The inferral cache has 8 tilings in it right now
There are 8 tilings in the search tree
Time taken so far is 0.08591485023498535 seconds

Doing depth 3
We had 1 inferral cache hits and 119 partitioning cache hits
The partitioning cache has 1 tilings in it right now
The inferral cache has 15 tilings in it right now
There are 13 tilings in the search tree
Time taken so far is 0.2679898738861084 seconds

Doing depth 4
We had 1 inferral cache hits and 153 partitioning cache hits
The partitioning cache has 1 tilings in it right now
The inferral cache has 18 tilings in it right now
There are 15 tilings in the search tree
Time taken so far is 0.9599359035491943 seconds

Doing depth 5
We had 1 inferral cache hits and 273 partitioning cache hits
The partitioning cache has 6 tilings in it right now
The inferral cache has 37 tilings in it right now
There are 27 tilings in the search tree
Time taken so far is 1.938462257385254 seconds

Doing depth 6
We had 6 inferral cache hits and 562 partitioning cache hits
The partitioning cache has 4 tilings in it right now
The inferral cache has 68 tilings in it right now
There are 44 tilings in the search tree
Time taken so far is 9.227361679077148 seconds

Doing depth 7
We had 6 inferral cache hits and 737 partitioning cache hits
The partitioning cache has 4 tilings in it right now
The inferral cache has 86 tilings in it right now
There are 54 tilings in the search tree
Time taken so far is 29.77210283279419 seconds

Doing depth 8
We had 10 inferral cache hits and 1423 partitioning cache hits
The partitioning cache has 27 tilings in it right now
The inferral cache has 168 tilings in it right now
There are 120 tilings in the search tree
Time taken so far is 45.21597123146057 seconds

Doing depth 9
We had 56 inferral cache hits and 3684 partitioning cache hits
The partitioning cache has 45 tilings in it right now
The inferral cache has 387 tilings in it right now
There are 326 tilings in the search tree
Time taken so far is 245.0890917778015 seconds

Now processing 0231_1230
Doing depth 1
We had 0 inferral cache hits and 14 partitioning cache hits
The partitioning cache has 0 tilings in it right now
The inferral cache has 4 tilings in it right now
There are 4 tilings in the search tree
Time taken so far is 0.015663862228393555 seconds

Doing depth 2
We had 0 inferral cache hits and 56 partitioning cache hits
The partitioning cache has 2 tilings in it right now
The inferral cache has 8 tilings in it right now
There are 8 tilings in the search tree
Time taken so far is 0.07701277732849121 seconds

Doing depth 3
We had 1 inferral cache hits and 119 partitioning cache hits
The partitioning cache has 1 tilings in it right now
The inferral cache has 15 tilings in it right now
There are 13 tilings in the search tree
Time taken so far is 0.2316570281982422 seconds

Doing depth 4
We had 1 inferral cache hits and 153 partitioning cache hits
The partitioning cache has 0 tilings in it right now
The inferral cache has 19 tilings in it right now
There are 15 tilings in the search tree
Time taken so far is 0.6567213535308838 seconds

Doing depth 5
We had 1 inferral cache hits and 254 partitioning cache hits
The partitioning cache has 6 tilings in it right now
The inferral cache has 31 tilings in it right now
There are 29 tilings in the search tree
Time taken so far is 1.2411046028137207 seconds

Doing depth 6
We had 7 inferral cache hits and 613 partitioning cache hits
The partitioning cache has 7 tilings in it right now
The inferral cache has 64 tilings in it right now
There are 64 tilings in the search tree
Time taken so far is 7.602189302444458 seconds

Doing depth 7
We had 25 inferral cache hits and 1533 partitioning cache hits
The partitioning cache has 15 tilings in it right now
The inferral cache has 169 tilings in it right now
There are 194 tilings in the search tree
Time taken so far is 35.773452281951904 seconds

Doing depth 8
We had 149 inferral cache hits and 5590 partitioning cache hits
The partitioning cache has 72 tilings in it right now
The inferral cache has 610 tilings in it right now
There are 939 tilings in the search tree
Time taken so far is 143.02055263519287 seconds

Doing depth 9
We had 788 inferral cache hits and 26558 partitioning cache hits
The partitioning cache has 282 tilings in it right now
The inferral cache has 2705 tilings in it right now
There are 5466 tilings in the search tree
Time taken so far is 6524.112172842026 seconds

Now processing 0231_2013
Doing depth 1
We had 0 inferral cache hits and 14 partitioning cache hits
The partitioning cache has 0 tilings in it right now
The inferral cache has 4 tilings in it right now
There are 4 tilings in the search tree
Time taken so far is 0.018710851669311523 seconds

Doing depth 2
We had 0 inferral cache hits and 56 partitioning cache hits
The partitioning cache has 2 tilings in it right now
The inferral cache has 8 tilings in it right now
There are 8 tilings in the search tree
Time taken so far is 0.08312034606933594 seconds

Doing depth 3
We had 1 inferral cache hits and 119 partitioning cache hits
The partitioning cache has 1 tilings in it right now
The inferral cache has 15 tilings in it right now
There are 13 tilings in the search tree
Time taken so far is 0.2712397575378418 seconds

Doing depth 4
We had 1 inferral cache hits and 153 partitioning cache hits
The partitioning cache has 1 tilings in it right now
The inferral cache has 18 tilings in it right now
There are 15 tilings in the search tree
Time taken so far is 0.8044679164886475 seconds

Doing depth 5
We had 1 inferral cache hits and 249 partitioning cache hits
The partitioning cache has 5 tilings in it right now
The inferral cache has 32 tilings in it right now
There are 24 tilings in the search tree
Time taken so far is 1.649097204208374 seconds

Doing depth 6
We had 9 inferral cache hits and 621 partitioning cache hits
The partitioning cache has 9 tilings in it right now
The inferral cache has 70 tilings in it right now
There are 52 tilings in the search tree
Time taken so far is 10.357247591018677 seconds

Doing depth 7
We had 15 inferral cache hits and 1010 partitioning cache hits
The partitioning cache has 16 tilings in it right now
The inferral cache has 109 tilings in it right now
There are 86 tilings in the search tree
Time taken so far is 25.930445194244385 seconds

Doing depth 8
We had 52 inferral cache hits and 2349 partitioning cache hits
The partitioning cache has 51 tilings in it right now
The inferral cache has 242 tilings in it right now
There are 221 tilings in the search tree
Time taken so far is 59.56627631187439 seconds

Doing depth 9
We had 170 inferral cache hits and 6445 partitioning cache hits
The partitioning cache has 104 tilings in it right now
The inferral cache has 599 tilings in it right now
There are 581 tilings in the search tree
Time taken so far is 2173.3025743961334 seconds

Now processing 0231_2031
Doing depth 1
We had 0 inferral cache hits and 14 partitioning cache hits
The partitioning cache has 0 tilings in it right now
The inferral cache has 4 tilings in it right now
There are 4 tilings in the search tree
Time taken so far is 0.016284465789794922 seconds

Doing depth 2
We had 0 inferral cache hits and 56 partitioning cache hits
The partitioning cache has 2 tilings in it right now
The inferral cache has 8 tilings in it right now
There are 8 tilings in the search tree
Time taken so far is 0.07413697242736816 seconds

Doing depth 3
We had 1 inferral cache hits and 119 partitioning cache hits
The partitioning cache has 1 tilings in it right now
The inferral cache has 15 tilings in it right now
There are 13 tilings in the search tree
Time taken so far is 0.22145652770996094 seconds

Doing depth 4
We had 1 inferral cache hits and 153 partitioning cache hits
The partitioning cache has 1 tilings in it right now
The inferral cache has 18 tilings in it right now
There are 15 tilings in the search tree
Time taken so far is 0.6390254497528076 seconds

Doing depth 5
We had 1 inferral cache hits and 249 partitioning cache hits
The partitioning cache has 7 tilings in it right now
The inferral cache has 29 tilings in it right now
There are 24 tilings in the search tree
Time taken so far is 1.3571045398712158 seconds

Doing depth 6
We had 7 inferral cache hits and 511 partitioning cache hits
The partitioning cache has 5 tilings in it right now
The inferral cache has 49 tilings in it right now
There are 38 tilings in the search tree
Time taken so far is 10.175506353378296 seconds

Doing depth 7
We had 7 inferral cache hits and 730 partitioning cache hits
The partitioning cache has 5 tilings in it right now
The inferral cache has 70 tilings in it right now
There are 50 tilings in the search tree
Time taken so far is 48.93290138244629 seconds

Doing depth 8
We had 7 inferral cache hits and 1357 partitioning cache hits
The partitioning cache has 35 tilings in it right now
The inferral cache has 135 tilings in it right now
There are 99 tilings in the search tree
Time taken so far is 91.07606434822083 seconds

Doing depth 9
We had 37 inferral cache hits and 3068 partitioning cache hits
The partitioning cache has 27 tilings in it right now
The inferral cache has 267 tilings in it right now
There are 180 tilings in the search tree
Time taken so far is 756.2267861366272 seconds

Now processing 0231_2130
Doing depth 1
We had 0 inferral cache hits and 14 partitioning cache hits
The partitioning cache has 0 tilings in it right now
The inferral cache has 4 tilings in it right now
There are 4 tilings in the search tree
Time taken so far is 0.010445117950439453 seconds

Doing depth 2
We had 0 inferral cache hits and 56 partitioning cache hits
The partitioning cache has 2 tilings in it right now
The inferral cache has 8 tilings in it right now
There are 8 tilings in the search tree
Time taken so far is 0.052472829818725586 seconds

Doing depth 3
We had 1 inferral cache hits and 119 partitioning cache hits
The partitioning cache has 1 tilings in it right now
The inferral cache has 15 tilings in it right now
There are 13 tilings in the search tree
Time taken so far is 0.2097797393798828 seconds

Doing depth 4
We had 1 inferral cache hits and 153 partitioning cache hits
The partitioning cache has 1 tilings in it right now
The inferral cache has 18 tilings in it right now
There are 15 tilings in the search tree
Time taken so far is 0.6617326736450195 seconds

Doing depth 5
We had 1 inferral cache hits and 249 partitioning cache hits
The partitioning cache has 6 tilings in it right now
The inferral cache has 30 tilings in it right now
There are 24 tilings in the search tree
Time taken so far is 1.5414395332336426 seconds

Doing depth 6
We had 6 inferral cache hits and 536 partitioning cache hits
The partitioning cache has 5 tilings in it right now
The inferral cache has 56 tilings in it right now
There are 44 tilings in the search tree
Time taken so far is 10.813138484954834 seconds

Doing depth 7
We had 10 inferral cache hits and 960 partitioning cache hits
The partitioning cache has 11 tilings in it right now
The inferral cache has 100 tilings in it right now
There are 84 tilings in the search tree
Time taken so far is 37.380598306655884 seconds

Doing depth 8
We had 51 inferral cache hits and 2578 partitioning cache hits
The partitioning cache has 39 tilings in it right now
The inferral cache has 268 tilings in it right now
There are 282 tilings in the search tree
Time taken so far is 95.92611026763916 seconds

Doing depth 9
We had 246 inferral cache hits and 9002 partitioning cache hits
The partitioning cache has 106 tilings in it right now
The inferral cache has 874 tilings in it right now
There are 1235 tilings in the search tree
Time taken so far is 2677.6189551353455 seconds

Now processing 0231_2301
Doing depth 1
We had 0 inferral cache hits and 14 partitioning cache hits
The partitioning cache has 0 tilings in it right now
The inferral cache has 4 tilings in it right now
There are 4 tilings in the search tree
Time taken so far is 0.011140108108520508 seconds

Doing depth 2
We had 0 inferral cache hits and 56 partitioning cache hits
The partitioning cache has 2 tilings in it right now
The inferral cache has 8 tilings in it right now
There are 8 tilings in the search tree
Time taken so far is 0.058516740798950195 seconds

Doing depth 3
We had 1 inferral cache hits and 119 partitioning cache hits
The partitioning cache has 1 tilings in it right now
The inferral cache has 15 tilings in it right now
There are 13 tilings in the search tree
Time taken so far is 0.23431873321533203 seconds

Doing depth 4
We had 1 inferral cache hits and 153 partitioning cache hits
The partitioning cache has 0 tilings in it right now
The inferral cache has 19 tilings in it right now
There are 15 tilings in the search tree
Time taken so far is 0.7177584171295166 seconds

Doing depth 5
We had 1 inferral cache hits and 243 partitioning cache hits
The partitioning cache has 6 tilings in it right now
The inferral cache has 27 tilings in it right now
There are 25 tilings in the search tree
Time taken so far is 2.0820248126983643 seconds

Doing depth 6
We had 6 inferral cache hits and 447 partitioning cache hits
The partitioning cache has 4 tilings in it right now
The inferral cache has 36 tilings in it right now
There are 36 tilings in the search tree
Time taken so far is 8.825950860977173 seconds

Doing depth 7
We had 6 inferral cache hits and 627 partitioning cache hits
The partitioning cache has 2 tilings in it right now
The inferral cache has 57 tilings in it right now
There are 47 tilings in the search tree
Time taken so far is 36.399566650390625 seconds

Doing depth 8
We had 6 inferral cache hits and 1178 partitioning cache hits
The partitioning cache has 26 tilings in it right now
The inferral cache has 108 tilings in it right now
There are 103 tilings in the search tree
Time taken so far is 63.40376377105713 seconds

Doing depth 9
We had 32 inferral cache hits and 2608 partitioning cache hits
The partitioning cache has 27 tilings in it right now
The inferral cache has 200 tilings in it right now
There are 220 tilings in the search tree
Time taken so far is 444.2534098625183 seconds

Now processing 0231_3012
Doing depth 1
We had 0 inferral cache hits and 14 partitioning cache hits
The partitioning cache has 0 tilings in it right now
The inferral cache has 4 tilings in it right now
There are 4 tilings in the search tree
Time taken so far is 0.023480892181396484 seconds

Doing depth 2
We had 0 inferral cache hits and 56 partitioning cache hits
The partitioning cache has 2 tilings in it right now
The inferral cache has 8 tilings in it right now
There are 10 tilings in the search tree
Time taken so far is 0.08880829811096191 seconds

Doing depth 3
We had 1 inferral cache hits and 119 partitioning cache hits
The partitioning cache has 1 tilings in it right now
The inferral cache has 16 tilings in it right now
There are 17 tilings in the search tree
Time taken so far is 0.23055553436279297 seconds

Doing depth 4
We had 1 inferral cache hits and 153 partitioning cache hits
The partitioning cache has 0 tilings in it right now
The inferral cache has 20 tilings in it right now
There are 20 tilings in the search tree
Time taken so far is 0.51041579246521 seconds

Doing depth 5
We had 1 inferral cache hits and 243 partitioning cache hits
The partitioning cache has 8 tilings in it right now
The inferral cache has 28 tilings in it right now
There are 28 tilings in the search tree
Time taken so far is 1.1485967636108398 seconds

Doing depth 6
We had 9 inferral cache hits and 505 partitioning cache hits
The partitioning cache has 6 tilings in it right now
The inferral cache has 41 tilings in it right now
There are 40 tilings in the search tree
Time taken so far is 7.352318286895752 seconds

Doing depth 7
We had 9 inferral cache hits and 769 partitioning cache hits
The partitioning cache has 1 tilings in it right now
The inferral cache has 75 tilings in it right now
There are 57 tilings in the search tree
Time taken so far is 28.004364728927612 seconds

Doing depth 8
We had 10 inferral cache hits and 1454 partitioning cache hits
The partitioning cache has 40 tilings in it right now
The inferral cache has 139 tilings in it right now
There are 116 tilings in the search tree
Time taken so far is 53.281057834625244 seconds

Doing depth 9
We had 55 inferral cache hits and 3437 partitioning cache hits
The partitioning cache has 38 tilings in it right now
The inferral cache has 281 tilings in it right now
There are 247 tilings in the search tree
Time taken so far is 315.48175287246704 seconds

Now processing 0321_1032
Doing depth 1
We had 0 inferral cache hits and 14 partitioning cache hits
The partitioning cache has 0 tilings in it right now
The inferral cache has 4 tilings in it right now
There are 4 tilings in the search tree
Time taken so far is 0.011716127395629883 seconds

Doing depth 2
We had 0 inferral cache hits and 56 partitioning cache hits
The partitioning cache has 2 tilings in it right now
The inferral cache has 8 tilings in it right now
There are 8 tilings in the search tree
Time taken so far is 0.05640220642089844 seconds

Doing depth 3
We had 1 inferral cache hits and 119 partitioning cache hits
The partitioning cache has 1 tilings in it right now
The inferral cache has 15 tilings in it right now
There are 13 tilings in the search tree
Time taken so far is 0.20099496841430664 seconds

Doing depth 4
We had 1 inferral cache hits and 153 partitioning cache hits
The partitioning cache has 0 tilings in it right now
The inferral cache has 19 tilings in it right now
There are 15 tilings in the search tree
Time taken so far is 0.7364649772644043 seconds

Doing depth 5
We had 1 inferral cache hits and 243 partitioning cache hits
The partitioning cache has 8 tilings in it right now
The inferral cache has 27 tilings in it right now
There are 25 tilings in the search tree
Time taken so far is 1.2429256439208984 seconds

Doing depth 6
We had 9 inferral cache hits and 505 partitioning cache hits
The partitioning cache has 6 tilings in it right now
The inferral cache has 39 tilings in it right now
There are 43 tilings in the search tree
Time taken so far is 6.198440790176392 seconds

Doing depth 7
We had 9 inferral cache hits and 763 partitioning cache hits
The partitioning cache has 2 tilings in it right now
The inferral cache has 70 tilings in it right now
There are 62 tilings in the search tree
Time taken so far is 26.317042112350464 seconds

Doing depth 8
We had 9 inferral cache hits and 1439 partitioning cache hits
The partitioning cache has 41 tilings in it right now
The inferral cache has 118 tilings in it right now
There are 122 tilings in the search tree
Time taken so far is 45.824421405792236 seconds

Doing depth 9
We had 43 inferral cache hits and 3130 partitioning cache hits
The partitioning cache has 36 tilings in it right now
The inferral cache has 208 tilings in it right now
There are 208 tilings in the search tree
Time taken so far is 260.99472403526306 seconds

Now processing 0321_2103
Doing depth 1
We had 0 inferral cache hits and 14 partitioning cache hits
The partitioning cache has 0 tilings in it right now
The inferral cache has 4 tilings in it right now
There are 4 tilings in the search tree
Time taken so far is 0.015496492385864258 seconds

Doing depth 2
We had 0 inferral cache hits and 56 partitioning cache hits
The partitioning cache has 2 tilings in it right now
The inferral cache has 8 tilings in it right now
There are 8 tilings in the search tree
Time taken so far is 0.06819605827331543 seconds

Doing depth 3
We had 1 inferral cache hits and 119 partitioning cache hits
The partitioning cache has 1 tilings in it right now
The inferral cache has 15 tilings in it right now
There are 13 tilings in the search tree
Time taken so far is 0.22016572952270508 seconds

Doing depth 4
We had 1 inferral cache hits and 153 partitioning cache hits
The partitioning cache has 0 tilings in it right now
The inferral cache has 19 tilings in it right now
There are 15 tilings in the search tree
Time taken so far is 0.6680569648742676 seconds

Doing depth 5
We had 1 inferral cache hits and 248 partitioning cache hits
The partitioning cache has 7 tilings in it right now
The inferral cache has 30 tilings in it right now
There are 24 tilings in the search tree
Time taken so far is 1.4184274673461914 seconds

Doing depth 6
We had 7 inferral cache hits and 510 partitioning cache hits
The partitioning cache has 5 tilings in it right now
The inferral cache has 50 tilings in it right now
There are 39 tilings in the search tree
Time taken so far is 8.628467798233032 seconds

Doing depth 7
We had 7 inferral cache hits and 729 partitioning cache hits
The partitioning cache has 2 tilings in it right now
The inferral cache has 75 tilings in it right now
There are 52 tilings in the search tree
Time taken so far is 36.529314041137695 seconds

Doing depth 8
We had 7 inferral cache hits and 1383 partitioning cache hits
The partitioning cache has 29 tilings in it right now
The inferral cache has 146 tilings in it right now
There are 107 tilings in the search tree
Time taken so far is 62.46716117858887 seconds

Doing depth 9
We had 35 inferral cache hits and 3299 partitioning cache hits
The partitioning cache has 37 tilings in it right now
The inferral cache has 306 tilings in it right now
There are 230 tilings in the search tree
Time taken so far is 352.57472133636475 seconds

Now processing 1032_1302
Doing depth 1
We had 0 inferral cache hits and 14 partitioning cache hits
The partitioning cache has 0 tilings in it right now
The inferral cache has 3 tilings in it right now
There are 4 tilings in the search tree
Time taken so far is 0.015638351440429688 seconds

Doing depth 2
We had 0 inferral cache hits and 56 partitioning cache hits
The partitioning cache has 2 tilings in it right now
The inferral cache has 7 tilings in it right now
There are 8 tilings in the search tree
Time taken so far is 0.07277464866638184 seconds

Doing depth 3
We had 1 inferral cache hits and 119 partitioning cache hits
The partitioning cache has 1 tilings in it right now
The inferral cache has 12 tilings in it right now
There are 13 tilings in the search tree
Time taken so far is 0.25324535369873047 seconds

Doing depth 4
We had 1 inferral cache hits and 153 partitioning cache hits
The partitioning cache has 1 tilings in it right now
The inferral cache has 15 tilings in it right now
There are 15 tilings in the search tree
Time taken so far is 0.8149828910827637 seconds

Doing depth 5
We had 1 inferral cache hits and 249 partitioning cache hits
The partitioning cache has 7 tilings in it right now
The inferral cache has 25 tilings in it right now
There are 26 tilings in the search tree
Time taken so far is 1.4387562274932861 seconds

Doing depth 6
We had 8 inferral cache hits and 505 partitioning cache hits
The partitioning cache has 5 tilings in it right now
The inferral cache has 40 tilings in it right now
There are 44 tilings in the search tree
Time taken so far is 9.331919431686401 seconds

Doing depth 7
We had 8 inferral cache hits and 724 partitioning cache hits
The partitioning cache has 8 tilings in it right now
The inferral cache has 60 tilings in it right now
There are 60 tilings in the search tree
Time taken so far is 45.47200131416321 seconds

Doing depth 8
We had 10 inferral cache hits and 1358 partitioning cache hits
The partitioning cache has 33 tilings in it right now
The inferral cache has 110 tilings in it right now
There are 118 tilings in the search tree
Time taken so far is 75.14790558815002 seconds

Doing depth 9
We had 45 inferral cache hits and 2796 partitioning cache hits
The partitioning cache has 30 tilings in it right now
The inferral cache has 185 tilings in it right now
There are 193 tilings in the search tree
Time taken so far is 556.4141056537628 seconds

Now processing 1032_2301
Doing depth 1
We had 0 inferral cache hits and 14 partitioning cache hits
The partitioning cache has 0 tilings in it right now
The inferral cache has 3 tilings in it right now
There are 4 tilings in the search tree
Time taken so far is 0.01670217514038086 seconds

Doing depth 2
We had 0 inferral cache hits and 56 partitioning cache hits
The partitioning cache has 2 tilings in it right now
The inferral cache has 7 tilings in it right now
There are 8 tilings in the search tree
Time taken so far is 0.07876420021057129 seconds

Doing depth 3
We had 1 inferral cache hits and 119 partitioning cache hits
The partitioning cache has 1 tilings in it right now
The inferral cache has 12 tilings in it right now
There are 13 tilings in the search tree
Time taken so far is 0.2806093692779541 seconds

Doing depth 4
We had 1 inferral cache hits and 153 partitioning cache hits
The partitioning cache has 0 tilings in it right now
The inferral cache has 16 tilings in it right now
There are 15 tilings in the search tree
Time taken so far is 0.9567887783050537 seconds

Doing depth 5
We had 1 inferral cache hits and 243 partitioning cache hits
The partitioning cache has 8 tilings in it right now
The inferral cache has 24 tilings in it right now
There are 23 tilings in the search tree
Time taken so far is 1.4886281490325928 seconds

Doing depth 6
We had 9 inferral cache hits and 505 partitioning cache hits
The partitioning cache has 6 tilings in it right now
The inferral cache has 35 tilings in it right now
There are 36 tilings in the search tree
Time taken so far is 7.224514961242676 seconds

Doing depth 7
We had 9 inferral cache hits and 763 partitioning cache hits
The partitioning cache has 4 tilings in it right now
The inferral cache has 65 tilings in it right now
There are 52 tilings in the search tree
Time taken so far is 33.23057818412781 seconds

Doing depth 8
We had 10 inferral cache hits and 1348 partitioning cache hits
The partitioning cache has 34 tilings in it right now
The inferral cache has 113 tilings in it right now
There are 104 tilings in the search tree
Time taken so far is 51.59880805015564 seconds

Doing depth 9
We had 43 inferral cache hits and 2735 partitioning cache hits
The partitioning cache has 28 tilings in it right now
The inferral cache has 177 tilings in it right now
There are 168 tilings in the search tree
Time taken so far is 308.0159230232239 seconds

