/users/home/henningu/ATRAP/non-regular-insertion-encodable-bases/logs11
-----------------------------------------------------------------
Now processing 0123_0132_0213_0231_0312_1023_1203_1230_2013_2301_3012

Attempt 0 with the following strategies:
Batch: all_cell_insertions, all_row_placements, all_column_placements
Equivalent: all_equivalent_row_placements, all_equivalent_column_placements
Inferral: empty_cell_inferral, row_and_column_separation, subclass_inferral
Recursive: components, reversibly_deletable_cells
Verification: subset_verified, is_empty
Doing depth 1
Doing depth 2
Doing depth 3
Doing depth 4
A proof tree has been found.
-----------------------------------------------------------------
Now processing 0132_0213_0231_0312_0321_1032_1302_1320_2031_2301_3021

Attempt 0 with the following strategies:
Batch: all_cell_insertions, all_row_placements, all_column_placements
Equivalent: all_equivalent_row_placements, all_equivalent_column_placements
Inferral: empty_cell_inferral, row_and_column_separation, subclass_inferral
Recursive: components, reversibly_deletable_cells
Verification: subset_verified, is_empty
Doing depth 1
Doing depth 2
Doing depth 3
A proof tree has been found.
-----------------------------------------------------------------
Now processing 0132_0213_0231_0312_0321_1032_1302_1320_2031_2301_3120

Attempt 0 with the following strategies:
Batch: all_cell_insertions, all_row_placements, all_column_placements
Equivalent: all_equivalent_row_placements, all_equivalent_column_placements
Inferral: empty_cell_inferral, row_and_column_separation, subclass_inferral
Recursive: components, reversibly_deletable_cells
Verification: subset_verified, is_empty
Doing depth 1
Doing depth 2
Doing depth 3
Doing depth 4
A proof tree has been found.
-----------------------------------------------------------------
Now processing 0132_0213_0231_0312_0321_1032_1302_1320_2031_3021_3120

Attempt 0 with the following strategies:
Batch: all_cell_insertions, all_row_placements, all_column_placements
Equivalent: all_equivalent_row_placements, all_equivalent_column_placements
Inferral: empty_cell_inferral, row_and_column_separation, subclass_inferral
Recursive: components, reversibly_deletable_cells
Verification: subset_verified, is_empty
Doing depth 1
Doing depth 2
Doing depth 3
A proof tree has been found.
-----------------------------------------------------------------
Now processing 0132_0213_0231_0312_0321_1032_1302_1320_2301_3021_3120

Attempt 0 with the following strategies:
Batch: all_cell_insertions, all_row_placements, all_column_placements
Equivalent: all_equivalent_row_placements, all_equivalent_column_placements
Inferral: empty_cell_inferral, row_and_column_separation, subclass_inferral
Recursive: components, reversibly_deletable_cells
Verification: subset_verified, is_empty
Doing depth 1
Doing depth 2
Doing depth 3
Doing depth 4
A proof tree has been found.
-----------------------------------------------------------------
Now processing 0132_0213_0231_0312_0321_1302_1320_2031_2301_3021_3120

Attempt 0 with the following strategies:
Batch: all_cell_insertions, all_row_placements, all_column_placements
Equivalent: all_equivalent_row_placements, all_equivalent_column_placements
Inferral: empty_cell_inferral, row_and_column_separation, subclass_inferral
Recursive: components, reversibly_deletable_cells
Verification: subset_verified, is_empty
Doing depth 1
Doing depth 2
Doing depth 3
Doing depth 4
A proof tree has been found.
-----------------------------------------------------------------
Now processing 0132_0213_0231_0312_1032_1302_1320_2031_2301_3021_3120

Attempt 0 with the following strategies:
Batch: all_cell_insertions, all_row_placements, all_column_placements
Equivalent: all_equivalent_row_placements, all_equivalent_column_placements
Inferral: empty_cell_inferral, row_and_column_separation, subclass_inferral
Recursive: components, reversibly_deletable_cells
Verification: subset_verified, is_empty
Doing depth 1
Doing depth 2
Doing depth 3
A proof tree has been found.
-----------------------------------------------------------------
Now processing 0132_0213_0231_0321_1032_1302_1320_2031_2301_3021_3120

Attempt 0 with the following strategies:
Batch: all_cell_insertions, all_row_placements, all_column_placements
Equivalent: all_equivalent_row_placements, all_equivalent_column_placements
Inferral: empty_cell_inferral, row_and_column_separation, subclass_inferral
Recursive: components, reversibly_deletable_cells
Verification: subset_verified, is_empty
Doing depth 1
Doing depth 2
Doing depth 3
A proof tree has been found.
-----------------------------------------------------------------
Now processing 0132_0231_0312_0321_1032_1302_1320_2031_2301_3021_3120

Attempt 0 with the following strategies:
Batch: all_cell_insertions, all_row_placements, all_column_placements
Equivalent: all_equivalent_row_placements, all_equivalent_column_placements
Inferral: empty_cell_inferral, row_and_column_separation, subclass_inferral
Recursive: components, reversibly_deletable_cells
Verification: subset_verified, is_empty
Doing depth 1
Doing depth 2
Doing depth 3
A proof tree has been found.
-----------------------------------------------------------------
Now processing 0213_0231_0312_0321_1032_1302_1320_2031_2301_3021_3120

Attempt 0 with the following strategies:
Batch: all_cell_insertions, all_row_placements, all_column_placements
Equivalent: all_equivalent_row_placements, all_equivalent_column_placements
Inferral: empty_cell_inferral, row_and_column_separation, subclass_inferral
Recursive: components, reversibly_deletable_cells
Verification: subset_verified, is_empty
Doing depth 1
Doing depth 2
Doing depth 3
A proof tree has been found.
